ARM GAS  C:\Users\ingan\AppData\Local\Temp\ccS3j9Gb.s 			page 1


   1              		.syntax unified
   2              		.cpu cortex-m3
   3              		.fpu softvfp
   4              		.eabi_attribute 20, 1
   5              		.eabi_attribute 21, 1
   6              		.eabi_attribute 23, 3
   7              		.eabi_attribute 24, 1
   8              		.eabi_attribute 25, 1
   9              		.eabi_attribute 26, 1
  10              		.eabi_attribute 30, 1
  11              		.eabi_attribute 34, 1
  12              		.eabi_attribute 18, 4
  13              		.thumb
  14              		.syntax unified
  15              		.file	"tty_utils.c"
  16              		.text
  17              	.Ltext0:
  18              		.cfi_sections	.debug_frame
  19              		.section	.text.print,"ax",%progbits
  20              		.align	2
  21              		.global	print
  22              		.thumb
  23              		.thumb_func
  24              		.type	print, %function
  25              	print:
  26              	.LFB67:
  27              		.file 1 "tty_utils.c"
   1:tty_utils.c   **** /*  tty_utils has had traditional UART implimentation with
   2:tty_utils.c   **** *   tty_rx_isr connected to the UART interrupt output port
   3:tty_utils.c   **** *   Now all commented out. 
   4:tty_utils.c   **** *
   5:tty_utils.c   **** *   Do NOT remove the UART code commented out.
   6:tty_utils.c   **** */
   7:tty_utils.c   **** #include "project.h"
   8:tty_utils.c   **** #include "stdio.h"
   9:tty_utils.c   **** #include "tty_utils.h"
  10:tty_utils.c   **** #include "usb_uart.h"
  11:tty_utils.c   **** 
  12:tty_utils.c   **** #define TAB   '\t'
  13:tty_utils.c   **** #define SPACE ' ' 
  14:tty_utils.c   **** #define CR    '\r'
  15:tty_utils.c   **** #define LF    '\n'
  16:tty_utils.c   **** #define BS    '\b'
  17:tty_utils.c   **** 
  18:tty_utils.c   **** #define RX_BUF_LEN  128
  19:tty_utils.c   **** 
  20:tty_utils.c   **** volatile char rx_buf[RX_BUF_LEN] ;
  21:tty_utils.c   **** volatile int  rx_write_index = 0 ;
  22:tty_utils.c   **** int           rx_read_index  = 0 ;
  23:tty_utils.c   **** int           str_buf_index  = 0 ;
  24:tty_utils.c   **** char          str[STR_BUF_LEN + 1] ;
  25:tty_utils.c   **** 
  26:tty_utils.c   **** static inline int is_delimiter(char c)
  27:tty_utils.c   **** {
  28:tty_utils.c   ****     return((c == TAB)||(c == SPACE)||(c == CR)||(c == LF)) ;
  29:tty_utils.c   **** }
  30:tty_utils.c   **** 
ARM GAS  C:\Users\ingan\AppData\Local\Temp\ccS3j9Gb.s 			page 2


  31:tty_utils.c   **** static inline int is_eol(char c)
  32:tty_utils.c   **** {
  33:tty_utils.c   ****     return((c == CR) || (c == LF)) ;
  34:tty_utils.c   **** }
  35:tty_utils.c   **** 
  36:tty_utils.c   **** static inline int is_backspace(char c)
  37:tty_utils.c   **** {
  38:tty_utils.c   ****     return(c == BS) ;
  39:tty_utils.c   **** }
  40:tty_utils.c   **** 
  41:tty_utils.c   **** void print(char *str)
  42:tty_utils.c   **** {
  28              		.loc 1 42 0
  29              		.cfi_startproc
  30              		@ args = 0, pretend = 0, frame = 0
  31              		@ frame_needed = 0, uses_anonymous_args = 0
  32              	.LVL0:
  33 0000 08B5     		push	{r3, lr}
  34              		.cfi_def_cfa_offset 8
  35              		.cfi_offset 3, -8
  36              		.cfi_offset 14, -4
  43:tty_utils.c   **** //    UART_PutString(str) ; /* for PSoC 5LP */
  44:tty_utils.c   ****     usbuart_putstring(str);
  37              		.loc 1 44 0
  38 0002 FFF7FEFF 		bl	usbuart_putstring
  39              	.LVL1:
  40 0006 08BD     		pop	{r3, pc}
  41              		.cfi_endproc
  42              	.LFE67:
  43              		.size	print, .-print
  44              		.section	.text.printc,"ax",%progbits
  45              		.align	2
  46              		.global	printc
  47              		.thumb
  48              		.thumb_func
  49              		.type	printc, %function
  50              	printc:
  51              	.LFB68:
  45:tty_utils.c   **** }
  46:tty_utils.c   **** 
  47:tty_utils.c   **** void printc(char c)
  48:tty_utils.c   **** {
  52              		.loc 1 48 0
  53              		.cfi_startproc
  54              		@ args = 0, pretend = 0, frame = 0
  55              		@ frame_needed = 0, uses_anonymous_args = 0
  56              	.LVL2:
  57 0000 08B5     		push	{r3, lr}
  58              		.cfi_def_cfa_offset 8
  59              		.cfi_offset 3, -8
  60              		.cfi_offset 14, -4
  49:tty_utils.c   **** //    UART_PutChar(c) ;
  50:tty_utils.c   ****     usbuart_putchar(c);
  61              		.loc 1 50 0
  62 0002 FFF7FEFF 		bl	usbuart_putchar
  63              	.LVL3:
  64 0006 08BD     		pop	{r3, pc}
ARM GAS  C:\Users\ingan\AppData\Local\Temp\ccS3j9Gb.s 			page 3


  65              		.cfi_endproc
  66              	.LFE68:
  67              		.size	printc, .-printc
  68              		.section	.text.print_eol,"ax",%progbits
  69              		.align	2
  70              		.global	print_eol
  71              		.thumb
  72              		.thumb_func
  73              		.type	print_eol, %function
  74              	print_eol:
  75              	.LFB69:
  51:tty_utils.c   **** }
  52:tty_utils.c   **** 
  53:tty_utils.c   **** void print_eol(void) 
  54:tty_utils.c   **** {
  76              		.loc 1 54 0
  77              		.cfi_startproc
  78              		@ args = 0, pretend = 0, frame = 0
  79              		@ frame_needed = 0, uses_anonymous_args = 0
  80 0000 08B5     		push	{r3, lr}
  81              		.cfi_def_cfa_offset 8
  82              		.cfi_offset 3, -8
  83              		.cfi_offset 14, -4
  55:tty_utils.c   **** //    UART_PutChar(CR) ;
  56:tty_utils.c   **** //    UART_PutChar(LF) ;
  57:tty_utils.c   ****     usbuart_puteol();
  84              		.loc 1 57 0
  85 0002 FFF7FEFF 		bl	usbuart_puteol
  86              	.LVL4:
  87 0006 08BD     		pop	{r3, pc}
  88              		.cfi_endproc
  89              	.LFE69:
  90              		.size	print_eol, .-print_eol
  91              		.section	.text.tty_rx_isr,"ax",%progbits
  92              		.align	2
  93              		.global	tty_rx_isr
  94              		.thumb
  95              		.thumb_func
  96              		.type	tty_rx_isr, %function
  97              	tty_rx_isr:
  98              	.LFB70:
  58:tty_utils.c   **** }
  59:tty_utils.c   **** 
  60:tty_utils.c   **** CY_ISR(tty_rx_isr)
  61:tty_utils.c   **** {
  99              		.loc 1 61 0
 100              		.cfi_startproc
 101              		@ args = 0, pretend = 0, frame = 0
 102              		@ frame_needed = 0, uses_anonymous_args = 0
 103              		@ link register save eliminated.
 104 0000 7047     		bx	lr
 105              		.cfi_endproc
 106              	.LFE70:
 107              		.size	tty_rx_isr, .-tty_rx_isr
 108 0002 00BF     		.section	.text.println,"ax",%progbits
 109              		.align	2
 110              		.global	println
ARM GAS  C:\Users\ingan\AppData\Local\Temp\ccS3j9Gb.s 			page 4


 111              		.thumb
 112              		.thumb_func
 113              		.type	println, %function
 114              	println:
 115              	.LFB71:
  62:tty_utils.c   **** //    if (UART_GetRxBufferSize()) {
  63:tty_utils.c   **** //        rx_buf[rx_write_index] = UART_GetByte() ;
  64:tty_utils.c   **** //        rx_write_index = (rx_write_index + 1) % RX_BUF_LEN ;
  65:tty_utils.c   **** //    }
  66:tty_utils.c   **** //    tty_rx_int_ClearPending() ;
  67:tty_utils.c   **** }
  68:tty_utils.c   **** 
  69:tty_utils.c   **** void println(char *str) 
  70:tty_utils.c   **** {
 116              		.loc 1 70 0
 117              		.cfi_startproc
 118              		@ args = 0, pretend = 0, frame = 0
 119              		@ frame_needed = 0, uses_anonymous_args = 0
 120              	.LVL5:
 121              		.loc 1 70 0
 122 0000 08B5     		push	{r3, lr}
 123              		.cfi_def_cfa_offset 8
 124              		.cfi_offset 3, -8
 125              		.cfi_offset 14, -4
  71:tty_utils.c   **** //    UART_PutString(str) ;
  72:tty_utils.c   ****     usbuart_putstring(str);
 126              		.loc 1 72 0
 127 0002 FFF7FEFF 		bl	usbuart_putstring
 128              	.LVL6:
  73:tty_utils.c   ****     print_eol() ;
 129              		.loc 1 73 0
 130 0006 FFF7FEFF 		bl	print_eol
 131              	.LVL7:
 132 000a 08BD     		pop	{r3, pc}
 133              		.cfi_endproc
 134              	.LFE71:
 135              		.size	println, .-println
 136              		.section	.text.cls,"ax",%progbits
 137              		.align	2
 138              		.global	cls
 139              		.thumb
 140              		.thumb_func
 141              		.type	cls, %function
 142              	cls:
 143              	.LFB72:
  74:tty_utils.c   **** }
  75:tty_utils.c   **** 
  76:tty_utils.c   **** void cls(void)
  77:tty_utils.c   **** {
 144              		.loc 1 77 0
 145              		.cfi_startproc
 146              		@ args = 0, pretend = 0, frame = 0
 147              		@ frame_needed = 0, uses_anonymous_args = 0
 148 0000 08B5     		push	{r3, lr}
 149              		.cfi_def_cfa_offset 8
 150              		.cfi_offset 3, -8
 151              		.cfi_offset 14, -4
ARM GAS  C:\Users\ingan\AppData\Local\Temp\ccS3j9Gb.s 			page 5


  78:tty_utils.c   ****     print("\033c") ; /* reset */
 152              		.loc 1 78 0
 153 0002 0648     		ldr	r0, .L12
 154 0004 FFF7FEFF 		bl	print
 155              	.LVL8:
  79:tty_utils.c   ****     CyDelay(20) ;
 156              		.loc 1 79 0
 157 0008 1420     		movs	r0, #20
 158 000a FFF7FEFF 		bl	CyDelay
 159              	.LVL9:
  80:tty_utils.c   ****     print("\033[2J") ; /* clear screen */
 160              		.loc 1 80 0
 161 000e 0448     		ldr	r0, .L12+4
 162 0010 FFF7FEFF 		bl	print
 163              	.LVL10:
  81:tty_utils.c   ****     CyDelay(20) ;
 164              		.loc 1 81 0
 165 0014 1420     		movs	r0, #20
 166 0016 FFF7FEFF 		bl	CyDelay
 167              	.LVL11:
 168 001a 08BD     		pop	{r3, pc}
 169              	.L13:
 170              		.align	2
 171              	.L12:
 172 001c 00000000 		.word	.LC0
 173 0020 04000000 		.word	.LC1
 174              		.cfi_endproc
 175              	.LFE72:
 176              		.size	cls, .-cls
 177              		.section	.text.splash,"ax",%progbits
 178              		.align	2
 179              		.global	splash
 180              		.thumb
 181              		.thumb_func
 182              		.type	splash, %function
 183              	splash:
 184              	.LFB73:
  82:tty_utils.c   **** }
  83:tty_utils.c   **** 
  84:tty_utils.c   **** void splash(char *prog_name) 
  85:tty_utils.c   **** {
 185              		.loc 1 85 0
 186              		.cfi_startproc
 187              		@ args = 0, pretend = 0, frame = 0
 188              		@ frame_needed = 0, uses_anonymous_args = 0
 189              	.LVL12:
 190 0000 10B5     		push	{r4, lr}
 191              		.cfi_def_cfa_offset 8
 192              		.cfi_offset 4, -8
 193              		.cfi_offset 14, -4
 194 0002 0446     		mov	r4, r0
  86:tty_utils.c   ****     cls() ;
 195              		.loc 1 86 0
 196 0004 FFF7FEFF 		bl	cls
 197              	.LVL13:
  87:tty_utils.c   ****     if (prog_name && *prog_name) {
 198              		.loc 1 87 0
ARM GAS  C:\Users\ingan\AppData\Local\Temp\ccS3j9Gb.s 			page 6


 199 0008 24B1     		cbz	r4, .L15
 200              		.loc 1 87 0 is_stmt 0 discriminator 1
 201 000a 2378     		ldrb	r3, [r4]	@ zero_extendqisi2
 202 000c 13B1     		cbz	r3, .L15
  88:tty_utils.c   ****         print(prog_name) ;
 203              		.loc 1 88 0 is_stmt 1
 204 000e 2046     		mov	r0, r4
 205 0010 FFF7FEFF 		bl	print
 206              	.LVL14:
 207              	.L15:
  89:tty_utils.c   ****     } 
  90:tty_utils.c   ****     print(" (") ;
 208              		.loc 1 90 0
 209 0014 0848     		ldr	r0, .L17
 210 0016 FFF7FEFF 		bl	print
 211              	.LVL15:
  91:tty_utils.c   ****     print(__DATE__) ;
 212              		.loc 1 91 0
 213 001a 0848     		ldr	r0, .L17+4
 214 001c FFF7FEFF 		bl	print
 215              	.LVL16:
  92:tty_utils.c   ****     print(" ") ;
 216              		.loc 1 92 0
 217 0020 0748     		ldr	r0, .L17+8
 218 0022 FFF7FEFF 		bl	print
 219              	.LVL17:
  93:tty_utils.c   ****     print(__TIME__) ;
 220              		.loc 1 93 0
 221 0026 0748     		ldr	r0, .L17+12
 222 0028 FFF7FEFF 		bl	print
 223              	.LVL18:
  94:tty_utils.c   ****     print(")\n") ;
 224              		.loc 1 94 0
 225 002c 0648     		ldr	r0, .L17+16
 226 002e FFF7FEFF 		bl	print
 227              	.LVL19:
  95:tty_utils.c   ****     print_eol();
 228              		.loc 1 95 0
 229 0032 FFF7FEFF 		bl	print_eol
 230              	.LVL20:
 231 0036 10BD     		pop	{r4, pc}
 232              	.LVL21:
 233              	.L18:
 234              		.align	2
 235              	.L17:
 236 0038 0C000000 		.word	.LC2
 237 003c 10000000 		.word	.LC3
 238 0040 1C000000 		.word	.LC4
 239 0044 20000000 		.word	.LC5
 240 0048 2C000000 		.word	.LC6
 241              		.cfi_endproc
 242              	.LFE73:
 243              		.size	splash, .-splash
 244              		.section	.text.prompt,"ax",%progbits
 245              		.align	2
 246              		.global	prompt
 247              		.thumb
ARM GAS  C:\Users\ingan\AppData\Local\Temp\ccS3j9Gb.s 			page 7


 248              		.thumb_func
 249              		.type	prompt, %function
 250              	prompt:
 251              	.LFB74:
  96:tty_utils.c   **** }
  97:tty_utils.c   **** 
  98:tty_utils.c   **** void prompt(char *str)
  99:tty_utils.c   **** {
 252              		.loc 1 99 0
 253              		.cfi_startproc
 254              		@ args = 0, pretend = 0, frame = 0
 255              		@ frame_needed = 0, uses_anonymous_args = 0
 256              	.LVL22:
 257 0000 08B5     		push	{r3, lr}
 258              		.cfi_def_cfa_offset 8
 259              		.cfi_offset 3, -8
 260              		.cfi_offset 14, -4
 100:tty_utils.c   ****     if (str && *str) {
 261              		.loc 1 100 0
 262 0002 20B1     		cbz	r0, .L20
 263              		.loc 1 100 0 is_stmt 0 discriminator 1
 264 0004 0278     		ldrb	r2, [r0]	@ zero_extendqisi2
 265 0006 12B1     		cbz	r2, .L20
 101:tty_utils.c   ****         print(str) ;
 266              		.loc 1 101 0 is_stmt 1
 267 0008 FFF7FEFF 		bl	print
 268              	.LVL23:
 269 000c 08BD     		pop	{r3, pc}
 270              	.LVL24:
 271              	.L20:
 102:tty_utils.c   ****     } else {
 103:tty_utils.c   ****         print("> ") ;
 272              		.loc 1 103 0
 273 000e 0248     		ldr	r0, .L23
 274              	.LVL25:
 275 0010 FFF7FEFF 		bl	print
 276              	.LVL26:
 277 0014 08BD     		pop	{r3, pc}
 278              	.L24:
 279 0016 00BF     		.align	2
 280              	.L23:
 281 0018 30000000 		.word	.LC7
 282              		.cfi_endproc
 283              	.LFE74:
 284              		.size	prompt, .-prompt
 285              		.section	.text.tty_init,"ax",%progbits
 286              		.align	2
 287              		.global	tty_init
 288              		.thumb
 289              		.thumb_func
 290              		.type	tty_init, %function
 291              	tty_init:
 292              	.LFB75:
 104:tty_utils.c   ****     }
 105:tty_utils.c   **** }
 106:tty_utils.c   **** 
 107:tty_utils.c   **** void tty_init(void)
ARM GAS  C:\Users\ingan\AppData\Local\Temp\ccS3j9Gb.s 			page 8


 108:tty_utils.c   **** {
 293              		.loc 1 108 0
 294              		.cfi_startproc
 295              		@ args = 0, pretend = 0, frame = 0
 296              		@ frame_needed = 0, uses_anonymous_args = 0
 297 0000 08B5     		push	{r3, lr}
 298              		.cfi_def_cfa_offset 8
 299              		.cfi_offset 3, -8
 300              		.cfi_offset 14, -4
 109:tty_utils.c   **** //    tty_rx_int_ClearPending() ;
 110:tty_utils.c   **** //    tty_rx_int_StartEx(tty_rx_isr) ;
 111:tty_utils.c   **** //    UART_Start() ;
 112:tty_utils.c   ****     usbuart_init();
 301              		.loc 1 112 0
 302 0002 FFF7FEFF 		bl	usbuart_init
 303              	.LVL27:
 304 0006 08BD     		pop	{r3, pc}
 305              		.cfi_endproc
 306              	.LFE75:
 307              		.size	tty_init, .-tty_init
 308              		.section	.text.get_string,"ax",%progbits
 309              		.align	2
 310              		.global	get_string
 311              		.thumb
 312              		.thumb_func
 313              		.type	get_string, %function
 314              	get_string:
 315              	.LFB76:
 113:tty_utils.c   **** }
 114:tty_utils.c   **** 
 115:tty_utils.c   **** int get_string(void)
 116:tty_utils.c   **** {
 316              		.loc 1 116 0
 317              		.cfi_startproc
 318              		@ args = 0, pretend = 0, frame = 0
 319              		@ frame_needed = 0, uses_anonymous_args = 0
 320              	.LVL28:
 117:tty_utils.c   ****     int result = 0 ;
 118:tty_utils.c   ****     uint8_t c ;
 119:tty_utils.c   ****     
 120:tty_utils.c   ****     if (rx_read_index != rx_write_index) {
 321              		.loc 1 120 0
 322 0000 2D4B     		ldr	r3, .L43
 323 0002 1A68     		ldr	r2, [r3]
 324 0004 5B68     		ldr	r3, [r3, #4]
 325 0006 9A42     		cmp	r2, r3
 326 0008 54D0     		beq	.L34
 116:tty_utils.c   ****     int result = 0 ;
 327              		.loc 1 116 0
 328 000a 10B5     		push	{r4, lr}
 329              		.cfi_def_cfa_offset 8
 330              		.cfi_offset 4, -8
 331              		.cfi_offset 14, -4
 121:tty_utils.c   ****         c = rx_buf[rx_read_index] ;
 332              		.loc 1 121 0
 333 000c 2B4B     		ldr	r3, .L43+4
 334 000e 9C5C     		ldrb	r4, [r3, r2]	@ zero_extendqisi2
ARM GAS  C:\Users\ingan\AppData\Local\Temp\ccS3j9Gb.s 			page 9


 335 0010 E4B2     		uxtb	r4, r4
 336              	.LVL29:
 337              	.LBB10:
 338              	.LBB11:
  28:tty_utils.c   **** }
 339              		.loc 1 28 0
 340 0012 092C     		cmp	r4, #9
 341 0014 07D0     		beq	.L35
 342 0016 202C     		cmp	r4, #32
 343 0018 07D0     		beq	.L36
 344 001a 0D2C     		cmp	r4, #13
 345 001c 07D0     		beq	.L37
 346 001e 0A2C     		cmp	r4, #10
 347 0020 07D1     		bne	.L38
 348 0022 0123     		movs	r3, #1
 349 0024 06E0     		b	.L29
 350              	.L35:
 351 0026 0123     		movs	r3, #1
 352 0028 04E0     		b	.L29
 353              	.L36:
 354 002a 0123     		movs	r3, #1
 355 002c 02E0     		b	.L29
 356              	.L37:
 357 002e 0123     		movs	r3, #1
 358 0030 00E0     		b	.L29
 359              	.L38:
 360 0032 0023     		movs	r3, #0
 361              	.L29:
 362              	.LVL30:
 363              	.LBE11:
 364              	.LBE10:
 122:tty_utils.c   ****         if (is_delimiter(c)) {
 365              		.loc 1 122 0
 366 0034 4BB1     		cbz	r3, .L30
 123:tty_utils.c   ****             printc(c) ;
 367              		.loc 1 123 0
 368 0036 2046     		mov	r0, r4
 369 0038 FFF7FEFF 		bl	printc
 370              	.LVL31:
 124:tty_utils.c   ****             str[str_buf_index] = (char)NULL ;
 371              		.loc 1 124 0
 372 003c 1E4B     		ldr	r3, .L43
 373 003e 9868     		ldr	r0, [r3, #8]
 374 0040 0022     		movs	r2, #0
 375 0042 1F49     		ldr	r1, .L43+8
 376 0044 0A54     		strb	r2, [r1, r0]
 377              	.LVL32:
 125:tty_utils.c   ****             result = str_buf_index ;
 126:tty_utils.c   ****             str_buf_index = 0 ;
 378              		.loc 1 126 0
 379 0046 9A60     		str	r2, [r3, #8]
 380 0048 26E0     		b	.L31
 381              	.LVL33:
 382              	.L30:
 127:tty_utils.c   ****         } else if (is_backspace(c)) {
 383              		.loc 1 127 0
 384 004a 082C     		cmp	r4, #8
ARM GAS  C:\Users\ingan\AppData\Local\Temp\ccS3j9Gb.s 			page 10


 385 004c 0ED1     		bne	.L32
 128:tty_utils.c   ****             if (str_buf_index > 0) {
 386              		.loc 1 128 0
 387 004e 1A4B     		ldr	r3, .L43
 388 0050 9B68     		ldr	r3, [r3, #8]
 389 0052 002B     		cmp	r3, #0
 390 0054 1DDD     		ble	.L39
 129:tty_utils.c   ****                 str_buf_index-- ;
 391              		.loc 1 129 0
 392 0056 013B     		subs	r3, r3, #1
 393 0058 174A     		ldr	r2, .L43
 394 005a 9360     		str	r3, [r2, #8]
 130:tty_utils.c   ****                 str[str_buf_index] = 0 ;
 395              		.loc 1 130 0
 396 005c 0024     		movs	r4, #0
 397              	.LVL34:
 398 005e 184A     		ldr	r2, .L43+8
 399 0060 D454     		strb	r4, [r2, r3]
 131:tty_utils.c   ****                 print("\b \b") ; // BS, SPACE, BS               
 400              		.loc 1 131 0
 401 0062 1848     		ldr	r0, .L43+12
 402 0064 FFF7FEFF 		bl	print
 403              	.LVL35:
 117:tty_utils.c   ****     uint8_t c ;
 404              		.loc 1 117 0
 405 0068 2046     		mov	r0, r4
 406 006a 15E0     		b	.L31
 407              	.LVL36:
 408              	.L32:
 132:tty_utils.c   ****             }
 133:tty_utils.c   ****         } else {
 134:tty_utils.c   ****             printc(c) ;
 409              		.loc 1 134 0
 410 006c 2046     		mov	r0, r4
 411 006e FFF7FEFF 		bl	printc
 412              	.LVL37:
 135:tty_utils.c   ****             str[str_buf_index++] = c ;
 413              		.loc 1 135 0
 414 0072 1149     		ldr	r1, .L43
 415 0074 8A68     		ldr	r2, [r1, #8]
 416 0076 531C     		adds	r3, r2, #1
 417 0078 8B60     		str	r3, [r1, #8]
 418 007a 1149     		ldr	r1, .L43+8
 419 007c 8C54     		strb	r4, [r1, r2]
 136:tty_utils.c   ****             if (str_buf_index >= STR_BUF_LEN) {
 420              		.loc 1 136 0
 421 007e 3F2B     		cmp	r3, #63
 422 0080 09DD     		ble	.L40
 137:tty_utils.c   ****                 str[STR_BUF_LEN] = (char)NULL ;
 423              		.loc 1 137 0
 424 0082 0023     		movs	r3, #0
 425 0084 81F84030 		strb	r3, [r1, #64]
 138:tty_utils.c   ****                 str_buf_index = 0 ;
 426              		.loc 1 138 0
 427 0088 0B4A     		ldr	r2, .L43
 428 008a 9360     		str	r3, [r2, #8]
 429              	.LVL38:
ARM GAS  C:\Users\ingan\AppData\Local\Temp\ccS3j9Gb.s 			page 11


 139:tty_utils.c   ****                 result = -1 ; /* str buf overflow */
 430              		.loc 1 139 0
 431 008c 4FF0FF30 		mov	r0, #-1
 432 0090 02E0     		b	.L31
 433              	.LVL39:
 434              	.L39:
 117:tty_utils.c   ****     uint8_t c ;
 435              		.loc 1 117 0
 436 0092 0020     		movs	r0, #0
 437 0094 00E0     		b	.L31
 438              	.L40:
 439 0096 0020     		movs	r0, #0
 440              	.LVL40:
 441              	.L31:
 140:tty_utils.c   ****             }
 141:tty_utils.c   ****         }
 142:tty_utils.c   ****         rx_read_index = (rx_read_index + 1) % RX_BUF_LEN ;
 442              		.loc 1 142 0
 443 0098 074B     		ldr	r3, .L43
 444 009a 1A68     		ldr	r2, [r3]
 445 009c 0132     		adds	r2, r2, #1
 446 009e 0A4B     		ldr	r3, .L43+16
 447 00a0 1340     		ands	r3, r3, r2
 448 00a2 002B     		cmp	r3, #0
 449 00a4 03DA     		bge	.L33
 450 00a6 013B     		subs	r3, r3, #1
 451 00a8 63F07F03 		orn	r3, r3, #127
 452 00ac 0133     		adds	r3, r3, #1
 453              	.L33:
 454 00ae 024A     		ldr	r2, .L43
 455 00b0 1360     		str	r3, [r2]
 456 00b2 10BD     		pop	{r4, pc}
 457              	.LVL41:
 458              	.L34:
 459              		.cfi_def_cfa_offset 0
 460              		.cfi_restore 4
 461              		.cfi_restore 14
 117:tty_utils.c   ****     uint8_t c ;
 462              		.loc 1 117 0
 463 00b4 0020     		movs	r0, #0
 464 00b6 7047     		bx	lr
 465              	.L44:
 466              		.align	2
 467              	.L43:
 468 00b8 00000000 		.word	.LANCHOR0
 469 00bc 00000000 		.word	rx_buf
 470 00c0 00000000 		.word	str
 471 00c4 34000000 		.word	.LC8
 472 00c8 7F000080 		.word	-2147483521
 473              		.cfi_endproc
 474              	.LFE76:
 475              		.size	get_string, .-get_string
 476              		.section	.text.get_line,"ax",%progbits
 477              		.align	2
 478              		.global	get_line
 479              		.thumb
 480              		.thumb_func
ARM GAS  C:\Users\ingan\AppData\Local\Temp\ccS3j9Gb.s 			page 12


 481              		.type	get_line, %function
 482              	get_line:
 483              	.LFB77:
 143:tty_utils.c   ****     }
 144:tty_utils.c   ****     return( result ) ;
 145:tty_utils.c   **** }
 146:tty_utils.c   **** 
 147:tty_utils.c   **** int get_line(void)
 148:tty_utils.c   **** {
 484              		.loc 1 148 0
 485              		.cfi_startproc
 486              		@ args = 0, pretend = 0, frame = 0
 487              		@ frame_needed = 0, uses_anonymous_args = 0
 488              	.LVL42:
 149:tty_utils.c   ****     int result = 0 ;
 150:tty_utils.c   ****     uint8_t c ;
 151:tty_utils.c   ****     
 152:tty_utils.c   ****     if (rx_read_index != rx_write_index) {
 489              		.loc 1 152 0
 490 0000 294B     		ldr	r3, .L59
 491 0002 1A68     		ldr	r2, [r3]
 492 0004 5B68     		ldr	r3, [r3, #4]
 493 0006 9A42     		cmp	r2, r3
 494 0008 4CD0     		beq	.L52
 148:tty_utils.c   ****     int result = 0 ;
 495              		.loc 1 148 0
 496 000a 10B5     		push	{r4, lr}
 497              		.cfi_def_cfa_offset 8
 498              		.cfi_offset 4, -8
 499              		.cfi_offset 14, -4
 153:tty_utils.c   ****         c = rx_buf[rx_read_index] ;
 500              		.loc 1 153 0
 501 000c 274B     		ldr	r3, .L59+4
 502 000e 9C5C     		ldrb	r4, [r3, r2]	@ zero_extendqisi2
 503 0010 E4B2     		uxtb	r4, r4
 504              	.LVL43:
 505              	.LBB12:
 506              	.LBB13:
  33:tty_utils.c   **** }
 507              		.loc 1 33 0
 508 0012 0D2C     		cmp	r4, #13
 509 0014 03D0     		beq	.L53
 510 0016 0A2C     		cmp	r4, #10
 511 0018 03D1     		bne	.L54
 512 001a 0123     		movs	r3, #1
 513 001c 02E0     		b	.L47
 514              	.L53:
 515 001e 0123     		movs	r3, #1
 516 0020 00E0     		b	.L47
 517              	.L54:
 518 0022 0023     		movs	r3, #0
 519              	.L47:
 520              	.LVL44:
 521              	.LBE13:
 522              	.LBE12:
 154:tty_utils.c   ****         if (is_eol(c)) {
 523              		.loc 1 154 0
ARM GAS  C:\Users\ingan\AppData\Local\Temp\ccS3j9Gb.s 			page 13


 524 0024 4BB1     		cbz	r3, .L48
 155:tty_utils.c   ****             printc(c) ;
 525              		.loc 1 155 0
 526 0026 2046     		mov	r0, r4
 527 0028 FFF7FEFF 		bl	printc
 528              	.LVL45:
 156:tty_utils.c   ****             str[str_buf_index] = (char)NULL ;
 529              		.loc 1 156 0
 530 002c 1E4B     		ldr	r3, .L59
 531 002e 9868     		ldr	r0, [r3, #8]
 532 0030 0022     		movs	r2, #0
 533 0032 1F49     		ldr	r1, .L59+8
 534 0034 0A54     		strb	r2, [r1, r0]
 535              	.LVL46:
 157:tty_utils.c   ****             result = str_buf_index ;
 158:tty_utils.c   ****             str_buf_index = 0 ;
 536              		.loc 1 158 0
 537 0036 9A60     		str	r2, [r3, #8]
 538 0038 26E0     		b	.L49
 539              	.LVL47:
 540              	.L48:
 159:tty_utils.c   ****         } else if (is_backspace(c)) {
 541              		.loc 1 159 0
 542 003a 082C     		cmp	r4, #8
 543 003c 0ED1     		bne	.L50
 160:tty_utils.c   ****             if (str_buf_index > 0) {
 544              		.loc 1 160 0
 545 003e 1A4B     		ldr	r3, .L59
 546 0040 9B68     		ldr	r3, [r3, #8]
 547 0042 002B     		cmp	r3, #0
 548 0044 1DDD     		ble	.L55
 161:tty_utils.c   ****                 str_buf_index-- ;
 549              		.loc 1 161 0
 550 0046 013B     		subs	r3, r3, #1
 551 0048 174A     		ldr	r2, .L59
 552 004a 9360     		str	r3, [r2, #8]
 162:tty_utils.c   ****                 str[str_buf_index] = 0 ;
 553              		.loc 1 162 0
 554 004c 0024     		movs	r4, #0
 555              	.LVL48:
 556 004e 184A     		ldr	r2, .L59+8
 557 0050 D454     		strb	r4, [r2, r3]
 163:tty_utils.c   ****                 print("\b \b") ;
 558              		.loc 1 163 0
 559 0052 1848     		ldr	r0, .L59+12
 560 0054 FFF7FEFF 		bl	print
 561              	.LVL49:
 149:tty_utils.c   ****     uint8_t c ;
 562              		.loc 1 149 0
 563 0058 2046     		mov	r0, r4
 564 005a 15E0     		b	.L49
 565              	.LVL50:
 566              	.L50:
 164:tty_utils.c   ****             }
 165:tty_utils.c   ****         } else {
 166:tty_utils.c   ****             printc(c) ;
 567              		.loc 1 166 0
ARM GAS  C:\Users\ingan\AppData\Local\Temp\ccS3j9Gb.s 			page 14


 568 005c 2046     		mov	r0, r4
 569 005e FFF7FEFF 		bl	printc
 570              	.LVL51:
 167:tty_utils.c   ****             str[str_buf_index++] = c ;
 571              		.loc 1 167 0
 572 0062 1149     		ldr	r1, .L59
 573 0064 8A68     		ldr	r2, [r1, #8]
 574 0066 531C     		adds	r3, r2, #1
 575 0068 8B60     		str	r3, [r1, #8]
 576 006a 1149     		ldr	r1, .L59+8
 577 006c 8C54     		strb	r4, [r1, r2]
 168:tty_utils.c   ****             if (str_buf_index >= STR_BUF_LEN) {
 578              		.loc 1 168 0
 579 006e 3F2B     		cmp	r3, #63
 580 0070 09DD     		ble	.L56
 169:tty_utils.c   ****                 str[STR_BUF_LEN] = (char)NULL ;
 581              		.loc 1 169 0
 582 0072 0023     		movs	r3, #0
 583 0074 81F84030 		strb	r3, [r1, #64]
 170:tty_utils.c   ****                 str_buf_index = 0 ;
 584              		.loc 1 170 0
 585 0078 0B4A     		ldr	r2, .L59
 586 007a 9360     		str	r3, [r2, #8]
 587              	.LVL52:
 171:tty_utils.c   ****                 result = -1 ; /* str buf overflow */
 588              		.loc 1 171 0
 589 007c 4FF0FF30 		mov	r0, #-1
 590 0080 02E0     		b	.L49
 591              	.LVL53:
 592              	.L55:
 149:tty_utils.c   ****     uint8_t c ;
 593              		.loc 1 149 0
 594 0082 0020     		movs	r0, #0
 595 0084 00E0     		b	.L49
 596              	.L56:
 597 0086 0020     		movs	r0, #0
 598              	.LVL54:
 599              	.L49:
 172:tty_utils.c   ****             }
 173:tty_utils.c   ****         }
 174:tty_utils.c   ****         rx_read_index = (rx_read_index + 1) % RX_BUF_LEN ;
 600              		.loc 1 174 0
 601 0088 074B     		ldr	r3, .L59
 602 008a 1A68     		ldr	r2, [r3]
 603 008c 0132     		adds	r2, r2, #1
 604 008e 0A4B     		ldr	r3, .L59+16
 605 0090 1340     		ands	r3, r3, r2
 606 0092 002B     		cmp	r3, #0
 607 0094 03DA     		bge	.L51
 608 0096 013B     		subs	r3, r3, #1
 609 0098 63F07F03 		orn	r3, r3, #127
 610 009c 0133     		adds	r3, r3, #1
 611              	.L51:
 612 009e 024A     		ldr	r2, .L59
 613 00a0 1360     		str	r3, [r2]
 614 00a2 10BD     		pop	{r4, pc}
 615              	.LVL55:
ARM GAS  C:\Users\ingan\AppData\Local\Temp\ccS3j9Gb.s 			page 15


 616              	.L52:
 617              		.cfi_def_cfa_offset 0
 618              		.cfi_restore 4
 619              		.cfi_restore 14
 149:tty_utils.c   ****     uint8_t c ;
 620              		.loc 1 149 0
 621 00a4 0020     		movs	r0, #0
 622 00a6 7047     		bx	lr
 623              	.L60:
 624              		.align	2
 625              	.L59:
 626 00a8 00000000 		.word	.LANCHOR0
 627 00ac 00000000 		.word	rx_buf
 628 00b0 00000000 		.word	str
 629 00b4 34000000 		.word	.LC8
 630 00b8 7F000080 		.word	-2147483521
 631              		.cfi_endproc
 632              	.LFE77:
 633              		.size	get_line, .-get_line
 634              		.section	.text.write_to_rx_buffer,"ax",%progbits
 635              		.align	2
 636              		.global	write_to_rx_buffer
 637              		.thumb
 638              		.thumb_func
 639              		.type	write_to_rx_buffer, %function
 640              	write_to_rx_buffer:
 641              	.LFB78:
 175:tty_utils.c   ****     }
 176:tty_utils.c   ****     return( result ) ;
 177:tty_utils.c   **** }
 178:tty_utils.c   **** 
 179:tty_utils.c   **** // Write to rx buffer call back function for usbuart
 180:tty_utils.c   **** void write_to_rx_buffer(uint8_t *buffer)
 181:tty_utils.c   **** {
 642              		.loc 1 181 0
 643              		.cfi_startproc
 644              		@ args = 0, pretend = 0, frame = 0
 645              		@ frame_needed = 0, uses_anonymous_args = 0
 646              		@ link register save eliminated.
 647              	.LVL56:
 182:tty_utils.c   ****     rx_buf[rx_write_index] = *buffer;
 648              		.loc 1 182 0
 649 0000 084B     		ldr	r3, .L63
 650 0002 5A68     		ldr	r2, [r3, #4]
 651 0004 0078     		ldrb	r0, [r0]	@ zero_extendqisi2
 652              	.LVL57:
 653 0006 0849     		ldr	r1, .L63+4
 654 0008 8854     		strb	r0, [r1, r2]
 183:tty_utils.c   ****     rx_write_index = (rx_write_index + 1) % RX_BUF_LEN ;
 655              		.loc 1 183 0
 656 000a 5A68     		ldr	r2, [r3, #4]
 657 000c 0132     		adds	r2, r2, #1
 658 000e 074B     		ldr	r3, .L63+8
 659 0010 1340     		ands	r3, r3, r2
 660 0012 002B     		cmp	r3, #0
 661 0014 03DA     		bge	.L62
 662 0016 013B     		subs	r3, r3, #1
ARM GAS  C:\Users\ingan\AppData\Local\Temp\ccS3j9Gb.s 			page 16


 663 0018 63F07F03 		orn	r3, r3, #127
 664 001c 0133     		adds	r3, r3, #1
 665              	.L62:
 666 001e 014A     		ldr	r2, .L63
 667 0020 5360     		str	r3, [r2, #4]
 668 0022 7047     		bx	lr
 669              	.L64:
 670              		.align	2
 671              	.L63:
 672 0024 00000000 		.word	.LANCHOR0
 673 0028 00000000 		.word	rx_buf
 674 002c 7F000080 		.word	-2147483521
 675              		.cfi_endproc
 676              	.LFE78:
 677              		.size	write_to_rx_buffer, .-write_to_rx_buffer
 678              		.comm	str,65,4
 679              		.global	str_buf_index
 680              		.global	rx_read_index
 681              		.global	rx_write_index
 682              		.comm	rx_buf,128,4
 683              		.section	.rodata.str1.4,"aMS",%progbits,1
 684              		.align	2
 685              	.LC0:
 686 0000 1B6300   		.ascii	"\033c\000"
 687 0003 00       		.space	1
 688              	.LC1:
 689 0004 1B5B324A 		.ascii	"\033[2J\000"
 689      00
 690 0009 000000   		.space	3
 691              	.LC2:
 692 000c 202800   		.ascii	" (\000"
 693 000f 00       		.space	1
 694              	.LC3:
 695 0010 4E6F7620 		.ascii	"Nov 29 2023\000"
 695      32392032 
 695      30323300 
 696              	.LC4:
 697 001c 2000     		.ascii	" \000"
 698 001e 0000     		.space	2
 699              	.LC5:
 700 0020 31383A31 		.ascii	"18:19:18\000"
 700      393A3138 
 700      00
 701 0029 000000   		.space	3
 702              	.LC6:
 703 002c 290A00   		.ascii	")\012\000"
 704 002f 00       		.space	1
 705              	.LC7:
 706 0030 3E2000   		.ascii	"> \000"
 707 0033 00       		.space	1
 708              	.LC8:
 709 0034 08200800 		.ascii	"\010 \010\000"
 710              		.bss
 711              		.align	2
 712              		.set	.LANCHOR0,. + 0
 713              		.type	rx_read_index, %object
 714              		.size	rx_read_index, 4
ARM GAS  C:\Users\ingan\AppData\Local\Temp\ccS3j9Gb.s 			page 17


 715              	rx_read_index:
 716 0000 00000000 		.space	4
 717              		.type	rx_write_index, %object
 718              		.size	rx_write_index, 4
 719              	rx_write_index:
 720 0004 00000000 		.space	4
 721              		.type	str_buf_index, %object
 722              		.size	str_buf_index, 4
 723              	str_buf_index:
 724 0008 00000000 		.space	4
 725              		.text
 726              	.Letext0:
 727              		.file 2 "c:\\program files (x86)\\cypress\\psoc creator\\4.2\\psoc creator\\import\\gnu\\arm\\5.4.
 728              		.file 3 "c:\\program files (x86)\\cypress\\psoc creator\\4.2\\psoc creator\\import\\gnu\\arm\\5.4.
 729              		.file 4 "Generated_Source\\PSoC5/core_cm3.h"
 730              		.file 5 "usb_uart.h"
 731              		.file 6 "Generated_Source\\PSoC5/CyLib.h"
 732              		.section	.debug_info,"",%progbits
 733              	.Ldebug_info0:
 734 0000 83050000 		.4byte	0x583
 735 0004 0400     		.2byte	0x4
 736 0006 00000000 		.4byte	.Ldebug_abbrev0
 737 000a 04       		.byte	0x4
 738 000b 01       		.uleb128 0x1
 739 000c 8C000000 		.4byte	.LASF44
 740 0010 0C       		.byte	0xc
 741 0011 61000000 		.4byte	.LASF45
 742 0015 A5010000 		.4byte	.LASF46
 743 0019 00000000 		.4byte	.Ldebug_ranges0+0
 744 001d 00000000 		.4byte	0
 745 0021 00000000 		.4byte	.Ldebug_line0
 746 0025 02       		.uleb128 0x2
 747 0026 01       		.byte	0x1
 748 0027 06       		.byte	0x6
 749 0028 C0020000 		.4byte	.LASF0
 750 002c 03       		.uleb128 0x3
 751 002d 09000000 		.4byte	.LASF4
 752 0031 02       		.byte	0x2
 753 0032 1D       		.byte	0x1d
 754 0033 37000000 		.4byte	0x37
 755 0037 02       		.uleb128 0x2
 756 0038 01       		.byte	0x1
 757 0039 08       		.byte	0x8
 758 003a 7E000000 		.4byte	.LASF1
 759 003e 02       		.uleb128 0x2
 760 003f 02       		.byte	0x2
 761 0040 05       		.byte	0x5
 762 0041 83020000 		.4byte	.LASF2
 763 0045 02       		.uleb128 0x2
 764 0046 02       		.byte	0x2
 765 0047 07       		.byte	0x7
 766 0048 3F000000 		.4byte	.LASF3
 767 004c 03       		.uleb128 0x3
 768 004d 35000000 		.4byte	.LASF5
 769 0051 02       		.byte	0x2
 770 0052 3F       		.byte	0x3f
 771 0053 57000000 		.4byte	0x57
ARM GAS  C:\Users\ingan\AppData\Local\Temp\ccS3j9Gb.s 			page 18


 772 0057 02       		.uleb128 0x2
 773 0058 04       		.byte	0x4
 774 0059 05       		.byte	0x5
 775 005a A6020000 		.4byte	.LASF6
 776 005e 02       		.uleb128 0x2
 777 005f 04       		.byte	0x4
 778 0060 07       		.byte	0x7
 779 0061 29010000 		.4byte	.LASF7
 780 0065 02       		.uleb128 0x2
 781 0066 08       		.byte	0x8
 782 0067 05       		.byte	0x5
 783 0068 4E020000 		.4byte	.LASF8
 784 006c 02       		.uleb128 0x2
 785 006d 08       		.byte	0x8
 786 006e 07       		.byte	0x7
 787 006f FE010000 		.4byte	.LASF9
 788 0073 04       		.uleb128 0x4
 789 0074 04       		.byte	0x4
 790 0075 05       		.byte	0x5
 791 0076 696E7400 		.ascii	"int\000"
 792 007a 02       		.uleb128 0x2
 793 007b 04       		.byte	0x4
 794 007c 07       		.byte	0x7
 795 007d F1010000 		.4byte	.LASF10
 796 0081 03       		.uleb128 0x3
 797 0082 15020000 		.4byte	.LASF11
 798 0086 03       		.byte	0x3
 799 0087 18       		.byte	0x18
 800 0088 2C000000 		.4byte	0x2c
 801 008c 03       		.uleb128 0x3
 802 008d 36020000 		.4byte	.LASF12
 803 0091 03       		.byte	0x3
 804 0092 2C       		.byte	0x2c
 805 0093 4C000000 		.4byte	0x4c
 806 0097 02       		.uleb128 0x2
 807 0098 04       		.byte	0x4
 808 0099 04       		.byte	0x4
 809 009a 6D000000 		.4byte	.LASF13
 810 009e 02       		.uleb128 0x2
 811 009f 08       		.byte	0x8
 812 00a0 04       		.byte	0x4
 813 00a1 70010000 		.4byte	.LASF14
 814 00a5 02       		.uleb128 0x2
 815 00a6 01       		.byte	0x1
 816 00a7 08       		.byte	0x8
 817 00a8 AF020000 		.4byte	.LASF15
 818 00ac 02       		.uleb128 0x2
 819 00ad 08       		.byte	0x8
 820 00ae 04       		.byte	0x4
 821 00af B4020000 		.4byte	.LASF16
 822 00b3 02       		.uleb128 0x2
 823 00b4 04       		.byte	0x4
 824 00b5 07       		.byte	0x7
 825 00b6 3E020000 		.4byte	.LASF17
 826 00ba 05       		.uleb128 0x5
 827 00bb 04       		.byte	0x4
 828 00bc A5000000 		.4byte	0xa5
ARM GAS  C:\Users\ingan\AppData\Local\Temp\ccS3j9Gb.s 			page 19


 829 00c0 06       		.uleb128 0x6
 830 00c1 69020000 		.4byte	.LASF18
 831 00c5 01       		.byte	0x1
 832 00c6 1A       		.byte	0x1a
 833 00c7 73000000 		.4byte	0x73
 834 00cb 03       		.byte	0x3
 835 00cc DA000000 		.4byte	0xda
 836 00d0 07       		.uleb128 0x7
 837 00d1 6300     		.ascii	"c\000"
 838 00d3 01       		.byte	0x1
 839 00d4 1A       		.byte	0x1a
 840 00d5 A5000000 		.4byte	0xa5
 841 00d9 00       		.byte	0
 842 00da 06       		.uleb128 0x6
 843 00db 5C020000 		.4byte	.LASF19
 844 00df 01       		.byte	0x1
 845 00e0 24       		.byte	0x24
 846 00e1 73000000 		.4byte	0x73
 847 00e5 03       		.byte	0x3
 848 00e6 F4000000 		.4byte	0xf4
 849 00ea 07       		.uleb128 0x7
 850 00eb 6300     		.ascii	"c\000"
 851 00ed 01       		.byte	0x1
 852 00ee 24       		.byte	0x24
 853 00ef A5000000 		.4byte	0xa5
 854 00f3 00       		.byte	0
 855 00f4 06       		.uleb128 0x6
 856 00f5 CC020000 		.4byte	.LASF20
 857 00f9 01       		.byte	0x1
 858 00fa 1F       		.byte	0x1f
 859 00fb 73000000 		.4byte	0x73
 860 00ff 03       		.byte	0x3
 861 0100 0E010000 		.4byte	0x10e
 862 0104 07       		.uleb128 0x7
 863 0105 6300     		.ascii	"c\000"
 864 0107 01       		.byte	0x1
 865 0108 1F       		.byte	0x1f
 866 0109 A5000000 		.4byte	0xa5
 867 010d 00       		.byte	0
 868 010e 08       		.uleb128 0x8
 869 010f 7D020000 		.4byte	.LASF21
 870 0113 01       		.byte	0x1
 871 0114 29       		.byte	0x29
 872 0115 00000000 		.4byte	.LFB67
 873 0119 08000000 		.4byte	.LFE67-.LFB67
 874 011d 01       		.uleb128 0x1
 875 011e 9C       		.byte	0x9c
 876 011f 44010000 		.4byte	0x144
 877 0123 09       		.uleb128 0x9
 878 0124 73747200 		.ascii	"str\000"
 879 0128 01       		.byte	0x1
 880 0129 29       		.byte	0x29
 881 012a BA000000 		.4byte	0xba
 882 012e 00000000 		.4byte	.LLST0
 883 0132 0A       		.uleb128 0xa
 884 0133 06000000 		.4byte	.LVL1
 885 0137 4F050000 		.4byte	0x54f
ARM GAS  C:\Users\ingan\AppData\Local\Temp\ccS3j9Gb.s 			page 20


 886 013b 0B       		.uleb128 0xb
 887 013c 01       		.uleb128 0x1
 888 013d 50       		.byte	0x50
 889 013e 03       		.uleb128 0x3
 890 013f F3       		.byte	0xf3
 891 0140 01       		.uleb128 0x1
 892 0141 50       		.byte	0x50
 893 0142 00       		.byte	0
 894 0143 00       		.byte	0
 895 0144 08       		.uleb128 0x8
 896 0145 76020000 		.4byte	.LASF22
 897 0149 01       		.byte	0x1
 898 014a 2F       		.byte	0x2f
 899 014b 00000000 		.4byte	.LFB68
 900 014f 08000000 		.4byte	.LFE68-.LFB68
 901 0153 01       		.uleb128 0x1
 902 0154 9C       		.byte	0x9c
 903 0155 70010000 		.4byte	0x170
 904 0159 09       		.uleb128 0x9
 905 015a 6300     		.ascii	"c\000"
 906 015c 01       		.byte	0x1
 907 015d 2F       		.byte	0x2f
 908 015e A5000000 		.4byte	0xa5
 909 0162 21000000 		.4byte	.LLST1
 910 0166 0C       		.uleb128 0xc
 911 0167 06000000 		.4byte	.LVL3
 912 016b 5A050000 		.4byte	0x55a
 913 016f 00       		.byte	0
 914 0170 08       		.uleb128 0x8
 915 0171 9B010000 		.4byte	.LASF23
 916 0175 01       		.byte	0x1
 917 0176 35       		.byte	0x35
 918 0177 00000000 		.4byte	.LFB69
 919 017b 08000000 		.4byte	.LFE69-.LFB69
 920 017f 01       		.uleb128 0x1
 921 0180 9C       		.byte	0x9c
 922 0181 8F010000 		.4byte	0x18f
 923 0185 0C       		.uleb128 0xc
 924 0186 06000000 		.4byte	.LVL4
 925 018a 65050000 		.4byte	0x565
 926 018e 00       		.byte	0
 927 018f 0D       		.uleb128 0xd
 928 0190 73000000 		.4byte	.LASF47
 929 0194 01       		.byte	0x1
 930 0195 3C       		.byte	0x3c
 931 0196 00000000 		.4byte	.LFB70
 932 019a 02000000 		.4byte	.LFE70-.LFB70
 933 019e 01       		.uleb128 0x1
 934 019f 9C       		.byte	0x9c
 935 01a0 08       		.uleb128 0x8
 936 01a1 13000000 		.4byte	.LASF24
 937 01a5 01       		.byte	0x1
 938 01a6 45       		.byte	0x45
 939 01a7 00000000 		.4byte	.LFB71
 940 01ab 0C000000 		.4byte	.LFE71-.LFB71
 941 01af 01       		.uleb128 0x1
 942 01b0 9C       		.byte	0x9c
ARM GAS  C:\Users\ingan\AppData\Local\Temp\ccS3j9Gb.s 			page 21


 943 01b1 E3010000 		.4byte	0x1e3
 944 01b5 09       		.uleb128 0x9
 945 01b6 73747200 		.ascii	"str\000"
 946 01ba 01       		.byte	0x1
 947 01bb 45       		.byte	0x45
 948 01bc BA000000 		.4byte	0xba
 949 01c0 42000000 		.4byte	.LLST2
 950 01c4 0E       		.uleb128 0xe
 951 01c5 06000000 		.4byte	.LVL6
 952 01c9 4F050000 		.4byte	0x54f
 953 01cd D9010000 		.4byte	0x1d9
 954 01d1 0B       		.uleb128 0xb
 955 01d2 01       		.uleb128 0x1
 956 01d3 50       		.byte	0x50
 957 01d4 03       		.uleb128 0x3
 958 01d5 F3       		.byte	0xf3
 959 01d6 01       		.uleb128 0x1
 960 01d7 50       		.byte	0x50
 961 01d8 00       		.byte	0
 962 01d9 0C       		.uleb128 0xc
 963 01da 0A000000 		.4byte	.LVL7
 964 01de 70010000 		.4byte	0x170
 965 01e2 00       		.byte	0
 966 01e3 0F       		.uleb128 0xf
 967 01e4 636C7300 		.ascii	"cls\000"
 968 01e8 01       		.byte	0x1
 969 01e9 4C       		.byte	0x4c
 970 01ea 00000000 		.4byte	.LFB72
 971 01ee 24000000 		.4byte	.LFE72-.LFB72
 972 01f2 01       		.uleb128 0x1
 973 01f3 9C       		.byte	0x9c
 974 01f4 49020000 		.4byte	0x249
 975 01f8 0E       		.uleb128 0xe
 976 01f9 08000000 		.4byte	.LVL8
 977 01fd 0E010000 		.4byte	0x10e
 978 0201 0F020000 		.4byte	0x20f
 979 0205 0B       		.uleb128 0xb
 980 0206 01       		.uleb128 0x1
 981 0207 50       		.byte	0x50
 982 0208 05       		.uleb128 0x5
 983 0209 03       		.byte	0x3
 984 020a 00000000 		.4byte	.LC0
 985 020e 00       		.byte	0
 986 020f 0E       		.uleb128 0xe
 987 0210 0E000000 		.4byte	.LVL9
 988 0214 70050000 		.4byte	0x570
 989 0218 22020000 		.4byte	0x222
 990 021c 0B       		.uleb128 0xb
 991 021d 01       		.uleb128 0x1
 992 021e 50       		.byte	0x50
 993 021f 01       		.uleb128 0x1
 994 0220 44       		.byte	0x44
 995 0221 00       		.byte	0
 996 0222 0E       		.uleb128 0xe
 997 0223 14000000 		.4byte	.LVL10
 998 0227 0E010000 		.4byte	0x10e
 999 022b 39020000 		.4byte	0x239
ARM GAS  C:\Users\ingan\AppData\Local\Temp\ccS3j9Gb.s 			page 22


 1000 022f 0B       		.uleb128 0xb
 1001 0230 01       		.uleb128 0x1
 1002 0231 50       		.byte	0x50
 1003 0232 05       		.uleb128 0x5
 1004 0233 03       		.byte	0x3
 1005 0234 04000000 		.4byte	.LC1
 1006 0238 00       		.byte	0
 1007 0239 0A       		.uleb128 0xa
 1008 023a 1A000000 		.4byte	.LVL11
 1009 023e 70050000 		.4byte	0x570
 1010 0242 0B       		.uleb128 0xb
 1011 0243 01       		.uleb128 0x1
 1012 0244 50       		.byte	0x50
 1013 0245 01       		.uleb128 0x1
 1014 0246 44       		.byte	0x44
 1015 0247 00       		.byte	0
 1016 0248 00       		.byte	0
 1017 0249 08       		.uleb128 0x8
 1018 024a 94020000 		.4byte	.LASF25
 1019 024e 01       		.byte	0x1
 1020 024f 54       		.byte	0x54
 1021 0250 00000000 		.4byte	.LFB73
 1022 0254 4C000000 		.4byte	.LFE73-.LFB73
 1023 0258 01       		.uleb128 0x1
 1024 0259 9C       		.byte	0x9c
 1025 025a 07030000 		.4byte	0x307
 1026 025e 10       		.uleb128 0x10
 1027 025f 66010000 		.4byte	.LASF26
 1028 0263 01       		.byte	0x1
 1029 0264 54       		.byte	0x54
 1030 0265 BA000000 		.4byte	0xba
 1031 0269 63000000 		.4byte	.LLST3
 1032 026d 0C       		.uleb128 0xc
 1033 026e 08000000 		.4byte	.LVL13
 1034 0272 E3010000 		.4byte	0x1e3
 1035 0276 0E       		.uleb128 0xe
 1036 0277 14000000 		.4byte	.LVL14
 1037 027b 0E010000 		.4byte	0x10e
 1038 027f 8A020000 		.4byte	0x28a
 1039 0283 0B       		.uleb128 0xb
 1040 0284 01       		.uleb128 0x1
 1041 0285 50       		.byte	0x50
 1042 0286 02       		.uleb128 0x2
 1043 0287 74       		.byte	0x74
 1044 0288 00       		.sleb128 0
 1045 0289 00       		.byte	0
 1046 028a 0E       		.uleb128 0xe
 1047 028b 1A000000 		.4byte	.LVL15
 1048 028f 0E010000 		.4byte	0x10e
 1049 0293 A1020000 		.4byte	0x2a1
 1050 0297 0B       		.uleb128 0xb
 1051 0298 01       		.uleb128 0x1
 1052 0299 50       		.byte	0x50
 1053 029a 05       		.uleb128 0x5
 1054 029b 03       		.byte	0x3
 1055 029c 0C000000 		.4byte	.LC2
 1056 02a0 00       		.byte	0
ARM GAS  C:\Users\ingan\AppData\Local\Temp\ccS3j9Gb.s 			page 23


 1057 02a1 0E       		.uleb128 0xe
 1058 02a2 20000000 		.4byte	.LVL16
 1059 02a6 0E010000 		.4byte	0x10e
 1060 02aa B8020000 		.4byte	0x2b8
 1061 02ae 0B       		.uleb128 0xb
 1062 02af 01       		.uleb128 0x1
 1063 02b0 50       		.byte	0x50
 1064 02b1 05       		.uleb128 0x5
 1065 02b2 03       		.byte	0x3
 1066 02b3 10000000 		.4byte	.LC3
 1067 02b7 00       		.byte	0
 1068 02b8 0E       		.uleb128 0xe
 1069 02b9 26000000 		.4byte	.LVL17
 1070 02bd 0E010000 		.4byte	0x10e
 1071 02c1 CF020000 		.4byte	0x2cf
 1072 02c5 0B       		.uleb128 0xb
 1073 02c6 01       		.uleb128 0x1
 1074 02c7 50       		.byte	0x50
 1075 02c8 05       		.uleb128 0x5
 1076 02c9 03       		.byte	0x3
 1077 02ca 1C000000 		.4byte	.LC4
 1078 02ce 00       		.byte	0
 1079 02cf 0E       		.uleb128 0xe
 1080 02d0 2C000000 		.4byte	.LVL18
 1081 02d4 0E010000 		.4byte	0x10e
 1082 02d8 E6020000 		.4byte	0x2e6
 1083 02dc 0B       		.uleb128 0xb
 1084 02dd 01       		.uleb128 0x1
 1085 02de 50       		.byte	0x50
 1086 02df 05       		.uleb128 0x5
 1087 02e0 03       		.byte	0x3
 1088 02e1 20000000 		.4byte	.LC5
 1089 02e5 00       		.byte	0
 1090 02e6 0E       		.uleb128 0xe
 1091 02e7 32000000 		.4byte	.LVL19
 1092 02eb 0E010000 		.4byte	0x10e
 1093 02ef FD020000 		.4byte	0x2fd
 1094 02f3 0B       		.uleb128 0xb
 1095 02f4 01       		.uleb128 0x1
 1096 02f5 50       		.byte	0x50
 1097 02f6 05       		.uleb128 0x5
 1098 02f7 03       		.byte	0x3
 1099 02f8 2C000000 		.4byte	.LC6
 1100 02fc 00       		.byte	0
 1101 02fd 0C       		.uleb128 0xc
 1102 02fe 36000000 		.4byte	.LVL20
 1103 0302 70010000 		.4byte	0x170
 1104 0306 00       		.byte	0
 1105 0307 08       		.uleb128 0x8
 1106 0308 47020000 		.4byte	.LASF27
 1107 030c 01       		.byte	0x1
 1108 030d 62       		.byte	0x62
 1109 030e 00000000 		.4byte	.LFB74
 1110 0312 1C000000 		.4byte	.LFE74-.LFB74
 1111 0316 01       		.uleb128 0x1
 1112 0317 9C       		.byte	0x9c
 1113 0318 54030000 		.4byte	0x354
ARM GAS  C:\Users\ingan\AppData\Local\Temp\ccS3j9Gb.s 			page 24


 1114 031c 09       		.uleb128 0x9
 1115 031d 73747200 		.ascii	"str\000"
 1116 0321 01       		.byte	0x1
 1117 0322 62       		.byte	0x62
 1118 0323 BA000000 		.4byte	0xba
 1119 0327 8F000000 		.4byte	.LLST4
 1120 032b 0E       		.uleb128 0xe
 1121 032c 0C000000 		.4byte	.LVL23
 1122 0330 0E010000 		.4byte	0x10e
 1123 0334 40030000 		.4byte	0x340
 1124 0338 0B       		.uleb128 0xb
 1125 0339 01       		.uleb128 0x1
 1126 033a 50       		.byte	0x50
 1127 033b 03       		.uleb128 0x3
 1128 033c F3       		.byte	0xf3
 1129 033d 01       		.uleb128 0x1
 1130 033e 50       		.byte	0x50
 1131 033f 00       		.byte	0
 1132 0340 0A       		.uleb128 0xa
 1133 0341 14000000 		.4byte	.LVL26
 1134 0345 0E010000 		.4byte	0x10e
 1135 0349 0B       		.uleb128 0xb
 1136 034a 01       		.uleb128 0x1
 1137 034b 50       		.byte	0x50
 1138 034c 05       		.uleb128 0x5
 1139 034d 03       		.byte	0x3
 1140 034e 30000000 		.4byte	.LC7
 1141 0352 00       		.byte	0
 1142 0353 00       		.byte	0
 1143 0354 08       		.uleb128 0x8
 1144 0355 77010000 		.4byte	.LASF28
 1145 0359 01       		.byte	0x1
 1146 035a 6B       		.byte	0x6b
 1147 035b 00000000 		.4byte	.LFB75
 1148 035f 08000000 		.4byte	.LFE75-.LFB75
 1149 0363 01       		.uleb128 0x1
 1150 0364 9C       		.byte	0x9c
 1151 0365 73030000 		.4byte	0x373
 1152 0369 0C       		.uleb128 0xc
 1153 036a 06000000 		.4byte	.LVL27
 1154 036e 7B050000 		.4byte	0x57b
 1155 0372 00       		.byte	0
 1156 0373 11       		.uleb128 0x11
 1157 0374 9B020000 		.4byte	.LASF30
 1158 0378 01       		.byte	0x1
 1159 0379 73       		.byte	0x73
 1160 037a 73000000 		.4byte	0x73
 1161 037e 00000000 		.4byte	.LFB76
 1162 0382 CC000000 		.4byte	.LFE76-.LFB76
 1163 0386 01       		.uleb128 0x1
 1164 0387 9C       		.byte	0x9c
 1165 0388 01040000 		.4byte	0x401
 1166 038c 12       		.uleb128 0x12
 1167 038d 1D020000 		.4byte	.LASF29
 1168 0391 01       		.byte	0x1
 1169 0392 75       		.byte	0x75
 1170 0393 73000000 		.4byte	0x73
ARM GAS  C:\Users\ingan\AppData\Local\Temp\ccS3j9Gb.s 			page 25


 1171 0397 C9000000 		.4byte	.LLST5
 1172 039b 13       		.uleb128 0x13
 1173 039c 6300     		.ascii	"c\000"
 1174 039e 01       		.byte	0x1
 1175 039f 76       		.byte	0x76
 1176 03a0 81000000 		.4byte	0x81
 1177 03a4 24010000 		.4byte	.LLST6
 1178 03a8 14       		.uleb128 0x14
 1179 03a9 C0000000 		.4byte	0xc0
 1180 03ad 12000000 		.4byte	.LBB10
 1181 03b1 22000000 		.4byte	.LBE10-.LBB10
 1182 03b5 01       		.byte	0x1
 1183 03b6 7A       		.byte	0x7a
 1184 03b7 C5030000 		.4byte	0x3c5
 1185 03bb 15       		.uleb128 0x15
 1186 03bc D0000000 		.4byte	0xd0
 1187 03c0 42010000 		.4byte	.LLST7
 1188 03c4 00       		.byte	0
 1189 03c5 0E       		.uleb128 0xe
 1190 03c6 3C000000 		.4byte	.LVL31
 1191 03ca 44010000 		.4byte	0x144
 1192 03ce D9030000 		.4byte	0x3d9
 1193 03d2 0B       		.uleb128 0xb
 1194 03d3 01       		.uleb128 0x1
 1195 03d4 50       		.byte	0x50
 1196 03d5 02       		.uleb128 0x2
 1197 03d6 74       		.byte	0x74
 1198 03d7 00       		.sleb128 0
 1199 03d8 00       		.byte	0
 1200 03d9 0E       		.uleb128 0xe
 1201 03da 68000000 		.4byte	.LVL35
 1202 03de 0E010000 		.4byte	0x10e
 1203 03e2 F0030000 		.4byte	0x3f0
 1204 03e6 0B       		.uleb128 0xb
 1205 03e7 01       		.uleb128 0x1
 1206 03e8 50       		.byte	0x50
 1207 03e9 05       		.uleb128 0x5
 1208 03ea 03       		.byte	0x3
 1209 03eb 34000000 		.4byte	.LC8
 1210 03ef 00       		.byte	0
 1211 03f0 0A       		.uleb128 0xa
 1212 03f1 72000000 		.4byte	.LVL37
 1213 03f5 44010000 		.4byte	0x144
 1214 03f9 0B       		.uleb128 0xb
 1215 03fa 01       		.uleb128 0x1
 1216 03fb 50       		.byte	0x50
 1217 03fc 02       		.uleb128 0x2
 1218 03fd 74       		.byte	0x74
 1219 03fe 00       		.sleb128 0
 1220 03ff 00       		.byte	0
 1221 0400 00       		.byte	0
 1222 0401 11       		.uleb128 0x11
 1223 0402 00000000 		.4byte	.LASF31
 1224 0406 01       		.byte	0x1
 1225 0407 93       		.byte	0x93
 1226 0408 73000000 		.4byte	0x73
 1227 040c 00000000 		.4byte	.LFB77
ARM GAS  C:\Users\ingan\AppData\Local\Temp\ccS3j9Gb.s 			page 26


 1228 0410 BC000000 		.4byte	.LFE77-.LFB77
 1229 0414 01       		.uleb128 0x1
 1230 0415 9C       		.byte	0x9c
 1231 0416 8F040000 		.4byte	0x48f
 1232 041a 12       		.uleb128 0x12
 1233 041b 1D020000 		.4byte	.LASF29
 1234 041f 01       		.byte	0x1
 1235 0420 95       		.byte	0x95
 1236 0421 73000000 		.4byte	0x73
 1237 0425 55010000 		.4byte	.LLST8
 1238 0429 13       		.uleb128 0x13
 1239 042a 6300     		.ascii	"c\000"
 1240 042c 01       		.byte	0x1
 1241 042d 96       		.byte	0x96
 1242 042e 81000000 		.4byte	0x81
 1243 0432 B0010000 		.4byte	.LLST9
 1244 0436 14       		.uleb128 0x14
 1245 0437 F4000000 		.4byte	0xf4
 1246 043b 12000000 		.4byte	.LBB12
 1247 043f 12000000 		.4byte	.LBE12-.LBB12
 1248 0443 01       		.byte	0x1
 1249 0444 9A       		.byte	0x9a
 1250 0445 53040000 		.4byte	0x453
 1251 0449 15       		.uleb128 0x15
 1252 044a 04010000 		.4byte	0x104
 1253 044e CE010000 		.4byte	.LLST10
 1254 0452 00       		.byte	0
 1255 0453 0E       		.uleb128 0xe
 1256 0454 2C000000 		.4byte	.LVL45
 1257 0458 44010000 		.4byte	0x144
 1258 045c 67040000 		.4byte	0x467
 1259 0460 0B       		.uleb128 0xb
 1260 0461 01       		.uleb128 0x1
 1261 0462 50       		.byte	0x50
 1262 0463 02       		.uleb128 0x2
 1263 0464 74       		.byte	0x74
 1264 0465 00       		.sleb128 0
 1265 0466 00       		.byte	0
 1266 0467 0E       		.uleb128 0xe
 1267 0468 58000000 		.4byte	.LVL49
 1268 046c 0E010000 		.4byte	0x10e
 1269 0470 7E040000 		.4byte	0x47e
 1270 0474 0B       		.uleb128 0xb
 1271 0475 01       		.uleb128 0x1
 1272 0476 50       		.byte	0x50
 1273 0477 05       		.uleb128 0x5
 1274 0478 03       		.byte	0x3
 1275 0479 34000000 		.4byte	.LC8
 1276 047d 00       		.byte	0
 1277 047e 0A       		.uleb128 0xa
 1278 047f 62000000 		.4byte	.LVL51
 1279 0483 44010000 		.4byte	0x144
 1280 0487 0B       		.uleb128 0xb
 1281 0488 01       		.uleb128 0x1
 1282 0489 50       		.byte	0x50
 1283 048a 02       		.uleb128 0x2
 1284 048b 74       		.byte	0x74
ARM GAS  C:\Users\ingan\AppData\Local\Temp\ccS3j9Gb.s 			page 27


 1285 048c 00       		.sleb128 0
 1286 048d 00       		.byte	0
 1287 048e 00       		.byte	0
 1288 048f 08       		.uleb128 0x8
 1289 0490 22000000 		.4byte	.LASF32
 1290 0494 01       		.byte	0x1
 1291 0495 B4       		.byte	0xb4
 1292 0496 00000000 		.4byte	.LFB78
 1293 049a 30000000 		.4byte	.LFE78-.LFB78
 1294 049e 01       		.uleb128 0x1
 1295 049f 9C       		.byte	0x9c
 1296 04a0 B4040000 		.4byte	0x4b4
 1297 04a4 10       		.uleb128 0x10
 1298 04a5 8D020000 		.4byte	.LASF33
 1299 04a9 01       		.byte	0x1
 1300 04aa B4       		.byte	0xb4
 1301 04ab B4040000 		.4byte	0x4b4
 1302 04af E1010000 		.4byte	.LLST11
 1303 04b3 00       		.byte	0
 1304 04b4 05       		.uleb128 0x5
 1305 04b5 04       		.byte	0x4
 1306 04b6 81000000 		.4byte	0x81
 1307 04ba 16       		.uleb128 0x16
 1308 04bb 59010000 		.4byte	.LASF34
 1309 04bf 04       		.byte	0x4
 1310 04c0 1207     		.2byte	0x712
 1311 04c2 C6040000 		.4byte	0x4c6
 1312 04c6 17       		.uleb128 0x17
 1313 04c7 8C000000 		.4byte	0x8c
 1314 04cb 18       		.uleb128 0x18
 1315 04cc A5000000 		.4byte	0xa5
 1316 04d0 DB040000 		.4byte	0x4db
 1317 04d4 19       		.uleb128 0x19
 1318 04d5 B3000000 		.4byte	0xb3
 1319 04d9 40       		.byte	0x40
 1320 04da 00       		.byte	0
 1321 04db 1A       		.uleb128 0x1a
 1322 04dc 73747200 		.ascii	"str\000"
 1323 04e0 01       		.byte	0x1
 1324 04e1 18       		.byte	0x18
 1325 04e2 CB040000 		.4byte	0x4cb
 1326 04e6 05       		.uleb128 0x5
 1327 04e7 03       		.byte	0x3
 1328 04e8 00000000 		.4byte	str
 1329 04ec 18       		.uleb128 0x18
 1330 04ed FC040000 		.4byte	0x4fc
 1331 04f1 FC040000 		.4byte	0x4fc
 1332 04f5 19       		.uleb128 0x19
 1333 04f6 B3000000 		.4byte	0xb3
 1334 04fa 7F       		.byte	0x7f
 1335 04fb 00       		.byte	0
 1336 04fc 17       		.uleb128 0x17
 1337 04fd A5000000 		.4byte	0xa5
 1338 0501 1B       		.uleb128 0x1b
 1339 0502 1B000000 		.4byte	.LASF35
 1340 0506 01       		.byte	0x1
 1341 0507 14       		.byte	0x14
ARM GAS  C:\Users\ingan\AppData\Local\Temp\ccS3j9Gb.s 			page 28


 1342 0508 12050000 		.4byte	0x512
 1343 050c 05       		.uleb128 0x5
 1344 050d 03       		.byte	0x3
 1345 050e 00000000 		.4byte	rx_buf
 1346 0512 17       		.uleb128 0x17
 1347 0513 EC040000 		.4byte	0x4ec
 1348 0517 1B       		.uleb128 0x1b
 1349 0518 1A010000 		.4byte	.LASF36
 1350 051c 01       		.byte	0x1
 1351 051d 15       		.byte	0x15
 1352 051e 28050000 		.4byte	0x528
 1353 0522 05       		.uleb128 0x5
 1354 0523 03       		.byte	0x3
 1355 0524 00000000 		.4byte	rx_write_index
 1356 0528 17       		.uleb128 0x17
 1357 0529 73000000 		.4byte	0x73
 1358 052d 1B       		.uleb128 0x1b
 1359 052e 80010000 		.4byte	.LASF37
 1360 0532 01       		.byte	0x1
 1361 0533 16       		.byte	0x16
 1362 0534 73000000 		.4byte	0x73
 1363 0538 05       		.uleb128 0x5
 1364 0539 03       		.byte	0x3
 1365 053a 00000000 		.4byte	rx_read_index
 1366 053e 1B       		.uleb128 0x1b
 1367 053f 3B010000 		.4byte	.LASF38
 1368 0543 01       		.byte	0x1
 1369 0544 17       		.byte	0x17
 1370 0545 73000000 		.4byte	0x73
 1371 0549 05       		.uleb128 0x5
 1372 054a 03       		.byte	0x3
 1373 054b 00000000 		.4byte	str_buf_index
 1374 054f 1C       		.uleb128 0x1c
 1375 0550 24020000 		.4byte	.LASF39
 1376 0554 24020000 		.4byte	.LASF39
 1377 0558 05       		.byte	0x5
 1378 0559 1A       		.byte	0x1a
 1379 055a 1C       		.uleb128 0x1c
 1380 055b 49010000 		.4byte	.LASF40
 1381 055f 49010000 		.4byte	.LASF40
 1382 0563 05       		.byte	0x5
 1383 0564 1C       		.byte	0x1c
 1384 0565 1C       		.uleb128 0x1c
 1385 0566 52000000 		.4byte	.LASF41
 1386 056a 52000000 		.4byte	.LASF41
 1387 056e 05       		.byte	0x5
 1388 056f 1B       		.byte	0x1b
 1389 0570 1C       		.uleb128 0x1c
 1390 0571 D3020000 		.4byte	.LASF42
 1391 0575 D3020000 		.4byte	.LASF42
 1392 0579 06       		.byte	0x6
 1393 057a 76       		.byte	0x76
 1394 057b 1C       		.uleb128 0x1c
 1395 057c 8E010000 		.4byte	.LASF43
 1396 0580 8E010000 		.4byte	.LASF43
 1397 0584 05       		.byte	0x5
 1398 0585 20       		.byte	0x20
ARM GAS  C:\Users\ingan\AppData\Local\Temp\ccS3j9Gb.s 			page 29


 1399 0586 00       		.byte	0
 1400              		.section	.debug_abbrev,"",%progbits
 1401              	.Ldebug_abbrev0:
 1402 0000 01       		.uleb128 0x1
 1403 0001 11       		.uleb128 0x11
 1404 0002 01       		.byte	0x1
 1405 0003 25       		.uleb128 0x25
 1406 0004 0E       		.uleb128 0xe
 1407 0005 13       		.uleb128 0x13
 1408 0006 0B       		.uleb128 0xb
 1409 0007 03       		.uleb128 0x3
 1410 0008 0E       		.uleb128 0xe
 1411 0009 1B       		.uleb128 0x1b
 1412 000a 0E       		.uleb128 0xe
 1413 000b 55       		.uleb128 0x55
 1414 000c 17       		.uleb128 0x17
 1415 000d 11       		.uleb128 0x11
 1416 000e 01       		.uleb128 0x1
 1417 000f 10       		.uleb128 0x10
 1418 0010 17       		.uleb128 0x17
 1419 0011 00       		.byte	0
 1420 0012 00       		.byte	0
 1421 0013 02       		.uleb128 0x2
 1422 0014 24       		.uleb128 0x24
 1423 0015 00       		.byte	0
 1424 0016 0B       		.uleb128 0xb
 1425 0017 0B       		.uleb128 0xb
 1426 0018 3E       		.uleb128 0x3e
 1427 0019 0B       		.uleb128 0xb
 1428 001a 03       		.uleb128 0x3
 1429 001b 0E       		.uleb128 0xe
 1430 001c 00       		.byte	0
 1431 001d 00       		.byte	0
 1432 001e 03       		.uleb128 0x3
 1433 001f 16       		.uleb128 0x16
 1434 0020 00       		.byte	0
 1435 0021 03       		.uleb128 0x3
 1436 0022 0E       		.uleb128 0xe
 1437 0023 3A       		.uleb128 0x3a
 1438 0024 0B       		.uleb128 0xb
 1439 0025 3B       		.uleb128 0x3b
 1440 0026 0B       		.uleb128 0xb
 1441 0027 49       		.uleb128 0x49
 1442 0028 13       		.uleb128 0x13
 1443 0029 00       		.byte	0
 1444 002a 00       		.byte	0
 1445 002b 04       		.uleb128 0x4
 1446 002c 24       		.uleb128 0x24
 1447 002d 00       		.byte	0
 1448 002e 0B       		.uleb128 0xb
 1449 002f 0B       		.uleb128 0xb
 1450 0030 3E       		.uleb128 0x3e
 1451 0031 0B       		.uleb128 0xb
 1452 0032 03       		.uleb128 0x3
 1453 0033 08       		.uleb128 0x8
 1454 0034 00       		.byte	0
 1455 0035 00       		.byte	0
ARM GAS  C:\Users\ingan\AppData\Local\Temp\ccS3j9Gb.s 			page 30


 1456 0036 05       		.uleb128 0x5
 1457 0037 0F       		.uleb128 0xf
 1458 0038 00       		.byte	0
 1459 0039 0B       		.uleb128 0xb
 1460 003a 0B       		.uleb128 0xb
 1461 003b 49       		.uleb128 0x49
 1462 003c 13       		.uleb128 0x13
 1463 003d 00       		.byte	0
 1464 003e 00       		.byte	0
 1465 003f 06       		.uleb128 0x6
 1466 0040 2E       		.uleb128 0x2e
 1467 0041 01       		.byte	0x1
 1468 0042 03       		.uleb128 0x3
 1469 0043 0E       		.uleb128 0xe
 1470 0044 3A       		.uleb128 0x3a
 1471 0045 0B       		.uleb128 0xb
 1472 0046 3B       		.uleb128 0x3b
 1473 0047 0B       		.uleb128 0xb
 1474 0048 27       		.uleb128 0x27
 1475 0049 19       		.uleb128 0x19
 1476 004a 49       		.uleb128 0x49
 1477 004b 13       		.uleb128 0x13
 1478 004c 20       		.uleb128 0x20
 1479 004d 0B       		.uleb128 0xb
 1480 004e 01       		.uleb128 0x1
 1481 004f 13       		.uleb128 0x13
 1482 0050 00       		.byte	0
 1483 0051 00       		.byte	0
 1484 0052 07       		.uleb128 0x7
 1485 0053 05       		.uleb128 0x5
 1486 0054 00       		.byte	0
 1487 0055 03       		.uleb128 0x3
 1488 0056 08       		.uleb128 0x8
 1489 0057 3A       		.uleb128 0x3a
 1490 0058 0B       		.uleb128 0xb
 1491 0059 3B       		.uleb128 0x3b
 1492 005a 0B       		.uleb128 0xb
 1493 005b 49       		.uleb128 0x49
 1494 005c 13       		.uleb128 0x13
 1495 005d 00       		.byte	0
 1496 005e 00       		.byte	0
 1497 005f 08       		.uleb128 0x8
 1498 0060 2E       		.uleb128 0x2e
 1499 0061 01       		.byte	0x1
 1500 0062 3F       		.uleb128 0x3f
 1501 0063 19       		.uleb128 0x19
 1502 0064 03       		.uleb128 0x3
 1503 0065 0E       		.uleb128 0xe
 1504 0066 3A       		.uleb128 0x3a
 1505 0067 0B       		.uleb128 0xb
 1506 0068 3B       		.uleb128 0x3b
 1507 0069 0B       		.uleb128 0xb
 1508 006a 27       		.uleb128 0x27
 1509 006b 19       		.uleb128 0x19
 1510 006c 11       		.uleb128 0x11
 1511 006d 01       		.uleb128 0x1
 1512 006e 12       		.uleb128 0x12
ARM GAS  C:\Users\ingan\AppData\Local\Temp\ccS3j9Gb.s 			page 31


 1513 006f 06       		.uleb128 0x6
 1514 0070 40       		.uleb128 0x40
 1515 0071 18       		.uleb128 0x18
 1516 0072 9742     		.uleb128 0x2117
 1517 0074 19       		.uleb128 0x19
 1518 0075 01       		.uleb128 0x1
 1519 0076 13       		.uleb128 0x13
 1520 0077 00       		.byte	0
 1521 0078 00       		.byte	0
 1522 0079 09       		.uleb128 0x9
 1523 007a 05       		.uleb128 0x5
 1524 007b 00       		.byte	0
 1525 007c 03       		.uleb128 0x3
 1526 007d 08       		.uleb128 0x8
 1527 007e 3A       		.uleb128 0x3a
 1528 007f 0B       		.uleb128 0xb
 1529 0080 3B       		.uleb128 0x3b
 1530 0081 0B       		.uleb128 0xb
 1531 0082 49       		.uleb128 0x49
 1532 0083 13       		.uleb128 0x13
 1533 0084 02       		.uleb128 0x2
 1534 0085 17       		.uleb128 0x17
 1535 0086 00       		.byte	0
 1536 0087 00       		.byte	0
 1537 0088 0A       		.uleb128 0xa
 1538 0089 898201   		.uleb128 0x4109
 1539 008c 01       		.byte	0x1
 1540 008d 11       		.uleb128 0x11
 1541 008e 01       		.uleb128 0x1
 1542 008f 31       		.uleb128 0x31
 1543 0090 13       		.uleb128 0x13
 1544 0091 00       		.byte	0
 1545 0092 00       		.byte	0
 1546 0093 0B       		.uleb128 0xb
 1547 0094 8A8201   		.uleb128 0x410a
 1548 0097 00       		.byte	0
 1549 0098 02       		.uleb128 0x2
 1550 0099 18       		.uleb128 0x18
 1551 009a 9142     		.uleb128 0x2111
 1552 009c 18       		.uleb128 0x18
 1553 009d 00       		.byte	0
 1554 009e 00       		.byte	0
 1555 009f 0C       		.uleb128 0xc
 1556 00a0 898201   		.uleb128 0x4109
 1557 00a3 00       		.byte	0
 1558 00a4 11       		.uleb128 0x11
 1559 00a5 01       		.uleb128 0x1
 1560 00a6 31       		.uleb128 0x31
 1561 00a7 13       		.uleb128 0x13
 1562 00a8 00       		.byte	0
 1563 00a9 00       		.byte	0
 1564 00aa 0D       		.uleb128 0xd
 1565 00ab 2E       		.uleb128 0x2e
 1566 00ac 00       		.byte	0
 1567 00ad 3F       		.uleb128 0x3f
 1568 00ae 19       		.uleb128 0x19
 1569 00af 03       		.uleb128 0x3
ARM GAS  C:\Users\ingan\AppData\Local\Temp\ccS3j9Gb.s 			page 32


 1570 00b0 0E       		.uleb128 0xe
 1571 00b1 3A       		.uleb128 0x3a
 1572 00b2 0B       		.uleb128 0xb
 1573 00b3 3B       		.uleb128 0x3b
 1574 00b4 0B       		.uleb128 0xb
 1575 00b5 27       		.uleb128 0x27
 1576 00b6 19       		.uleb128 0x19
 1577 00b7 11       		.uleb128 0x11
 1578 00b8 01       		.uleb128 0x1
 1579 00b9 12       		.uleb128 0x12
 1580 00ba 06       		.uleb128 0x6
 1581 00bb 40       		.uleb128 0x40
 1582 00bc 18       		.uleb128 0x18
 1583 00bd 9742     		.uleb128 0x2117
 1584 00bf 19       		.uleb128 0x19
 1585 00c0 00       		.byte	0
 1586 00c1 00       		.byte	0
 1587 00c2 0E       		.uleb128 0xe
 1588 00c3 898201   		.uleb128 0x4109
 1589 00c6 01       		.byte	0x1
 1590 00c7 11       		.uleb128 0x11
 1591 00c8 01       		.uleb128 0x1
 1592 00c9 31       		.uleb128 0x31
 1593 00ca 13       		.uleb128 0x13
 1594 00cb 01       		.uleb128 0x1
 1595 00cc 13       		.uleb128 0x13
 1596 00cd 00       		.byte	0
 1597 00ce 00       		.byte	0
 1598 00cf 0F       		.uleb128 0xf
 1599 00d0 2E       		.uleb128 0x2e
 1600 00d1 01       		.byte	0x1
 1601 00d2 3F       		.uleb128 0x3f
 1602 00d3 19       		.uleb128 0x19
 1603 00d4 03       		.uleb128 0x3
 1604 00d5 08       		.uleb128 0x8
 1605 00d6 3A       		.uleb128 0x3a
 1606 00d7 0B       		.uleb128 0xb
 1607 00d8 3B       		.uleb128 0x3b
 1608 00d9 0B       		.uleb128 0xb
 1609 00da 27       		.uleb128 0x27
 1610 00db 19       		.uleb128 0x19
 1611 00dc 11       		.uleb128 0x11
 1612 00dd 01       		.uleb128 0x1
 1613 00de 12       		.uleb128 0x12
 1614 00df 06       		.uleb128 0x6
 1615 00e0 40       		.uleb128 0x40
 1616 00e1 18       		.uleb128 0x18
 1617 00e2 9742     		.uleb128 0x2117
 1618 00e4 19       		.uleb128 0x19
 1619 00e5 01       		.uleb128 0x1
 1620 00e6 13       		.uleb128 0x13
 1621 00e7 00       		.byte	0
 1622 00e8 00       		.byte	0
 1623 00e9 10       		.uleb128 0x10
 1624 00ea 05       		.uleb128 0x5
 1625 00eb 00       		.byte	0
 1626 00ec 03       		.uleb128 0x3
ARM GAS  C:\Users\ingan\AppData\Local\Temp\ccS3j9Gb.s 			page 33


 1627 00ed 0E       		.uleb128 0xe
 1628 00ee 3A       		.uleb128 0x3a
 1629 00ef 0B       		.uleb128 0xb
 1630 00f0 3B       		.uleb128 0x3b
 1631 00f1 0B       		.uleb128 0xb
 1632 00f2 49       		.uleb128 0x49
 1633 00f3 13       		.uleb128 0x13
 1634 00f4 02       		.uleb128 0x2
 1635 00f5 17       		.uleb128 0x17
 1636 00f6 00       		.byte	0
 1637 00f7 00       		.byte	0
 1638 00f8 11       		.uleb128 0x11
 1639 00f9 2E       		.uleb128 0x2e
 1640 00fa 01       		.byte	0x1
 1641 00fb 3F       		.uleb128 0x3f
 1642 00fc 19       		.uleb128 0x19
 1643 00fd 03       		.uleb128 0x3
 1644 00fe 0E       		.uleb128 0xe
 1645 00ff 3A       		.uleb128 0x3a
 1646 0100 0B       		.uleb128 0xb
 1647 0101 3B       		.uleb128 0x3b
 1648 0102 0B       		.uleb128 0xb
 1649 0103 27       		.uleb128 0x27
 1650 0104 19       		.uleb128 0x19
 1651 0105 49       		.uleb128 0x49
 1652 0106 13       		.uleb128 0x13
 1653 0107 11       		.uleb128 0x11
 1654 0108 01       		.uleb128 0x1
 1655 0109 12       		.uleb128 0x12
 1656 010a 06       		.uleb128 0x6
 1657 010b 40       		.uleb128 0x40
 1658 010c 18       		.uleb128 0x18
 1659 010d 9742     		.uleb128 0x2117
 1660 010f 19       		.uleb128 0x19
 1661 0110 01       		.uleb128 0x1
 1662 0111 13       		.uleb128 0x13
 1663 0112 00       		.byte	0
 1664 0113 00       		.byte	0
 1665 0114 12       		.uleb128 0x12
 1666 0115 34       		.uleb128 0x34
 1667 0116 00       		.byte	0
 1668 0117 03       		.uleb128 0x3
 1669 0118 0E       		.uleb128 0xe
 1670 0119 3A       		.uleb128 0x3a
 1671 011a 0B       		.uleb128 0xb
 1672 011b 3B       		.uleb128 0x3b
 1673 011c 0B       		.uleb128 0xb
 1674 011d 49       		.uleb128 0x49
 1675 011e 13       		.uleb128 0x13
 1676 011f 02       		.uleb128 0x2
 1677 0120 17       		.uleb128 0x17
 1678 0121 00       		.byte	0
 1679 0122 00       		.byte	0
 1680 0123 13       		.uleb128 0x13
 1681 0124 34       		.uleb128 0x34
 1682 0125 00       		.byte	0
 1683 0126 03       		.uleb128 0x3
ARM GAS  C:\Users\ingan\AppData\Local\Temp\ccS3j9Gb.s 			page 34


 1684 0127 08       		.uleb128 0x8
 1685 0128 3A       		.uleb128 0x3a
 1686 0129 0B       		.uleb128 0xb
 1687 012a 3B       		.uleb128 0x3b
 1688 012b 0B       		.uleb128 0xb
 1689 012c 49       		.uleb128 0x49
 1690 012d 13       		.uleb128 0x13
 1691 012e 02       		.uleb128 0x2
 1692 012f 17       		.uleb128 0x17
 1693 0130 00       		.byte	0
 1694 0131 00       		.byte	0
 1695 0132 14       		.uleb128 0x14
 1696 0133 1D       		.uleb128 0x1d
 1697 0134 01       		.byte	0x1
 1698 0135 31       		.uleb128 0x31
 1699 0136 13       		.uleb128 0x13
 1700 0137 11       		.uleb128 0x11
 1701 0138 01       		.uleb128 0x1
 1702 0139 12       		.uleb128 0x12
 1703 013a 06       		.uleb128 0x6
 1704 013b 58       		.uleb128 0x58
 1705 013c 0B       		.uleb128 0xb
 1706 013d 59       		.uleb128 0x59
 1707 013e 0B       		.uleb128 0xb
 1708 013f 01       		.uleb128 0x1
 1709 0140 13       		.uleb128 0x13
 1710 0141 00       		.byte	0
 1711 0142 00       		.byte	0
 1712 0143 15       		.uleb128 0x15
 1713 0144 05       		.uleb128 0x5
 1714 0145 00       		.byte	0
 1715 0146 31       		.uleb128 0x31
 1716 0147 13       		.uleb128 0x13
 1717 0148 02       		.uleb128 0x2
 1718 0149 17       		.uleb128 0x17
 1719 014a 00       		.byte	0
 1720 014b 00       		.byte	0
 1721 014c 16       		.uleb128 0x16
 1722 014d 34       		.uleb128 0x34
 1723 014e 00       		.byte	0
 1724 014f 03       		.uleb128 0x3
 1725 0150 0E       		.uleb128 0xe
 1726 0151 3A       		.uleb128 0x3a
 1727 0152 0B       		.uleb128 0xb
 1728 0153 3B       		.uleb128 0x3b
 1729 0154 05       		.uleb128 0x5
 1730 0155 49       		.uleb128 0x49
 1731 0156 13       		.uleb128 0x13
 1732 0157 3F       		.uleb128 0x3f
 1733 0158 19       		.uleb128 0x19
 1734 0159 3C       		.uleb128 0x3c
 1735 015a 19       		.uleb128 0x19
 1736 015b 00       		.byte	0
 1737 015c 00       		.byte	0
 1738 015d 17       		.uleb128 0x17
 1739 015e 35       		.uleb128 0x35
 1740 015f 00       		.byte	0
ARM GAS  C:\Users\ingan\AppData\Local\Temp\ccS3j9Gb.s 			page 35


 1741 0160 49       		.uleb128 0x49
 1742 0161 13       		.uleb128 0x13
 1743 0162 00       		.byte	0
 1744 0163 00       		.byte	0
 1745 0164 18       		.uleb128 0x18
 1746 0165 01       		.uleb128 0x1
 1747 0166 01       		.byte	0x1
 1748 0167 49       		.uleb128 0x49
 1749 0168 13       		.uleb128 0x13
 1750 0169 01       		.uleb128 0x1
 1751 016a 13       		.uleb128 0x13
 1752 016b 00       		.byte	0
 1753 016c 00       		.byte	0
 1754 016d 19       		.uleb128 0x19
 1755 016e 21       		.uleb128 0x21
 1756 016f 00       		.byte	0
 1757 0170 49       		.uleb128 0x49
 1758 0171 13       		.uleb128 0x13
 1759 0172 2F       		.uleb128 0x2f
 1760 0173 0B       		.uleb128 0xb
 1761 0174 00       		.byte	0
 1762 0175 00       		.byte	0
 1763 0176 1A       		.uleb128 0x1a
 1764 0177 34       		.uleb128 0x34
 1765 0178 00       		.byte	0
 1766 0179 03       		.uleb128 0x3
 1767 017a 08       		.uleb128 0x8
 1768 017b 3A       		.uleb128 0x3a
 1769 017c 0B       		.uleb128 0xb
 1770 017d 3B       		.uleb128 0x3b
 1771 017e 0B       		.uleb128 0xb
 1772 017f 49       		.uleb128 0x49
 1773 0180 13       		.uleb128 0x13
 1774 0181 3F       		.uleb128 0x3f
 1775 0182 19       		.uleb128 0x19
 1776 0183 02       		.uleb128 0x2
 1777 0184 18       		.uleb128 0x18
 1778 0185 00       		.byte	0
 1779 0186 00       		.byte	0
 1780 0187 1B       		.uleb128 0x1b
 1781 0188 34       		.uleb128 0x34
 1782 0189 00       		.byte	0
 1783 018a 03       		.uleb128 0x3
 1784 018b 0E       		.uleb128 0xe
 1785 018c 3A       		.uleb128 0x3a
 1786 018d 0B       		.uleb128 0xb
 1787 018e 3B       		.uleb128 0x3b
 1788 018f 0B       		.uleb128 0xb
 1789 0190 49       		.uleb128 0x49
 1790 0191 13       		.uleb128 0x13
 1791 0192 3F       		.uleb128 0x3f
 1792 0193 19       		.uleb128 0x19
 1793 0194 02       		.uleb128 0x2
 1794 0195 18       		.uleb128 0x18
 1795 0196 00       		.byte	0
 1796 0197 00       		.byte	0
 1797 0198 1C       		.uleb128 0x1c
ARM GAS  C:\Users\ingan\AppData\Local\Temp\ccS3j9Gb.s 			page 36


 1798 0199 2E       		.uleb128 0x2e
 1799 019a 00       		.byte	0
 1800 019b 3F       		.uleb128 0x3f
 1801 019c 19       		.uleb128 0x19
 1802 019d 3C       		.uleb128 0x3c
 1803 019e 19       		.uleb128 0x19
 1804 019f 6E       		.uleb128 0x6e
 1805 01a0 0E       		.uleb128 0xe
 1806 01a1 03       		.uleb128 0x3
 1807 01a2 0E       		.uleb128 0xe
 1808 01a3 3A       		.uleb128 0x3a
 1809 01a4 0B       		.uleb128 0xb
 1810 01a5 3B       		.uleb128 0x3b
 1811 01a6 0B       		.uleb128 0xb
 1812 01a7 00       		.byte	0
 1813 01a8 00       		.byte	0
 1814 01a9 00       		.byte	0
 1815              		.section	.debug_loc,"",%progbits
 1816              	.Ldebug_loc0:
 1817              	.LLST0:
 1818 0000 00000000 		.4byte	.LVL0
 1819 0004 05000000 		.4byte	.LVL1-1
 1820 0008 0100     		.2byte	0x1
 1821 000a 50       		.byte	0x50
 1822 000b 05000000 		.4byte	.LVL1-1
 1823 000f 08000000 		.4byte	.LFE67
 1824 0013 0400     		.2byte	0x4
 1825 0015 F3       		.byte	0xf3
 1826 0016 01       		.uleb128 0x1
 1827 0017 50       		.byte	0x50
 1828 0018 9F       		.byte	0x9f
 1829 0019 00000000 		.4byte	0
 1830 001d 00000000 		.4byte	0
 1831              	.LLST1:
 1832 0021 00000000 		.4byte	.LVL2
 1833 0025 05000000 		.4byte	.LVL3-1
 1834 0029 0100     		.2byte	0x1
 1835 002b 50       		.byte	0x50
 1836 002c 05000000 		.4byte	.LVL3-1
 1837 0030 08000000 		.4byte	.LFE68
 1838 0034 0400     		.2byte	0x4
 1839 0036 F3       		.byte	0xf3
 1840 0037 01       		.uleb128 0x1
 1841 0038 50       		.byte	0x50
 1842 0039 9F       		.byte	0x9f
 1843 003a 00000000 		.4byte	0
 1844 003e 00000000 		.4byte	0
 1845              	.LLST2:
 1846 0042 00000000 		.4byte	.LVL5
 1847 0046 05000000 		.4byte	.LVL6-1
 1848 004a 0100     		.2byte	0x1
 1849 004c 50       		.byte	0x50
 1850 004d 05000000 		.4byte	.LVL6-1
 1851 0051 0C000000 		.4byte	.LFE71
 1852 0055 0400     		.2byte	0x4
 1853 0057 F3       		.byte	0xf3
 1854 0058 01       		.uleb128 0x1
ARM GAS  C:\Users\ingan\AppData\Local\Temp\ccS3j9Gb.s 			page 37


 1855 0059 50       		.byte	0x50
 1856 005a 9F       		.byte	0x9f
 1857 005b 00000000 		.4byte	0
 1858 005f 00000000 		.4byte	0
 1859              	.LLST3:
 1860 0063 00000000 		.4byte	.LVL12
 1861 0067 07000000 		.4byte	.LVL13-1
 1862 006b 0100     		.2byte	0x1
 1863 006d 50       		.byte	0x50
 1864 006e 07000000 		.4byte	.LVL13-1
 1865 0072 38000000 		.4byte	.LVL21
 1866 0076 0100     		.2byte	0x1
 1867 0078 54       		.byte	0x54
 1868 0079 38000000 		.4byte	.LVL21
 1869 007d 4C000000 		.4byte	.LFE73
 1870 0081 0400     		.2byte	0x4
 1871 0083 F3       		.byte	0xf3
 1872 0084 01       		.uleb128 0x1
 1873 0085 50       		.byte	0x50
 1874 0086 9F       		.byte	0x9f
 1875 0087 00000000 		.4byte	0
 1876 008b 00000000 		.4byte	0
 1877              	.LLST4:
 1878 008f 00000000 		.4byte	.LVL22
 1879 0093 0B000000 		.4byte	.LVL23-1
 1880 0097 0100     		.2byte	0x1
 1881 0099 50       		.byte	0x50
 1882 009a 0B000000 		.4byte	.LVL23-1
 1883 009e 0E000000 		.4byte	.LVL24
 1884 00a2 0400     		.2byte	0x4
 1885 00a4 F3       		.byte	0xf3
 1886 00a5 01       		.uleb128 0x1
 1887 00a6 50       		.byte	0x50
 1888 00a7 9F       		.byte	0x9f
 1889 00a8 0E000000 		.4byte	.LVL24
 1890 00ac 10000000 		.4byte	.LVL25
 1891 00b0 0100     		.2byte	0x1
 1892 00b2 50       		.byte	0x50
 1893 00b3 10000000 		.4byte	.LVL25
 1894 00b7 1C000000 		.4byte	.LFE74
 1895 00bb 0400     		.2byte	0x4
 1896 00bd F3       		.byte	0xf3
 1897 00be 01       		.uleb128 0x1
 1898 00bf 50       		.byte	0x50
 1899 00c0 9F       		.byte	0x9f
 1900 00c1 00000000 		.4byte	0
 1901 00c5 00000000 		.4byte	0
 1902              	.LLST5:
 1903 00c9 00000000 		.4byte	.LVL28
 1904 00cd 46000000 		.4byte	.LVL32
 1905 00d1 0200     		.2byte	0x2
 1906 00d3 30       		.byte	0x30
 1907 00d4 9F       		.byte	0x9f
 1908 00d5 46000000 		.4byte	.LVL32
 1909 00d9 4A000000 		.4byte	.LVL33
 1910 00dd 0100     		.2byte	0x1
 1911 00df 50       		.byte	0x50
ARM GAS  C:\Users\ingan\AppData\Local\Temp\ccS3j9Gb.s 			page 38


 1912 00e0 4A000000 		.4byte	.LVL33
 1913 00e4 8C000000 		.4byte	.LVL38
 1914 00e8 0200     		.2byte	0x2
 1915 00ea 30       		.byte	0x30
 1916 00eb 9F       		.byte	0x9f
 1917 00ec 8C000000 		.4byte	.LVL38
 1918 00f0 92000000 		.4byte	.LVL39
 1919 00f4 0300     		.2byte	0x3
 1920 00f6 09       		.byte	0x9
 1921 00f7 FF       		.byte	0xff
 1922 00f8 9F       		.byte	0x9f
 1923 00f9 92000000 		.4byte	.LVL39
 1924 00fd 98000000 		.4byte	.LVL40
 1925 0101 0200     		.2byte	0x2
 1926 0103 30       		.byte	0x30
 1927 0104 9F       		.byte	0x9f
 1928 0105 98000000 		.4byte	.LVL40
 1929 0109 B4000000 		.4byte	.LVL41
 1930 010d 0100     		.2byte	0x1
 1931 010f 50       		.byte	0x50
 1932 0110 B4000000 		.4byte	.LVL41
 1933 0114 CC000000 		.4byte	.LFE76
 1934 0118 0200     		.2byte	0x2
 1935 011a 30       		.byte	0x30
 1936 011b 9F       		.byte	0x9f
 1937 011c 00000000 		.4byte	0
 1938 0120 00000000 		.4byte	0
 1939              	.LLST6:
 1940 0124 12000000 		.4byte	.LVL29
 1941 0128 5E000000 		.4byte	.LVL34
 1942 012c 0100     		.2byte	0x1
 1943 012e 54       		.byte	0x54
 1944 012f 6C000000 		.4byte	.LVL36
 1945 0133 98000000 		.4byte	.LVL40
 1946 0137 0100     		.2byte	0x1
 1947 0139 54       		.byte	0x54
 1948 013a 00000000 		.4byte	0
 1949 013e 00000000 		.4byte	0
 1950              	.LLST7:
 1951 0142 12000000 		.4byte	.LVL29
 1952 0146 34000000 		.4byte	.LVL30
 1953 014a 0100     		.2byte	0x1
 1954 014c 54       		.byte	0x54
 1955 014d 00000000 		.4byte	0
 1956 0151 00000000 		.4byte	0
 1957              	.LLST8:
 1958 0155 00000000 		.4byte	.LVL42
 1959 0159 36000000 		.4byte	.LVL46
 1960 015d 0200     		.2byte	0x2
 1961 015f 30       		.byte	0x30
 1962 0160 9F       		.byte	0x9f
 1963 0161 36000000 		.4byte	.LVL46
 1964 0165 3A000000 		.4byte	.LVL47
 1965 0169 0100     		.2byte	0x1
 1966 016b 50       		.byte	0x50
 1967 016c 3A000000 		.4byte	.LVL47
 1968 0170 7C000000 		.4byte	.LVL52
ARM GAS  C:\Users\ingan\AppData\Local\Temp\ccS3j9Gb.s 			page 39


 1969 0174 0200     		.2byte	0x2
 1970 0176 30       		.byte	0x30
 1971 0177 9F       		.byte	0x9f
 1972 0178 7C000000 		.4byte	.LVL52
 1973 017c 82000000 		.4byte	.LVL53
 1974 0180 0300     		.2byte	0x3
 1975 0182 09       		.byte	0x9
 1976 0183 FF       		.byte	0xff
 1977 0184 9F       		.byte	0x9f
 1978 0185 82000000 		.4byte	.LVL53
 1979 0189 88000000 		.4byte	.LVL54
 1980 018d 0200     		.2byte	0x2
 1981 018f 30       		.byte	0x30
 1982 0190 9F       		.byte	0x9f
 1983 0191 88000000 		.4byte	.LVL54
 1984 0195 A4000000 		.4byte	.LVL55
 1985 0199 0100     		.2byte	0x1
 1986 019b 50       		.byte	0x50
 1987 019c A4000000 		.4byte	.LVL55
 1988 01a0 BC000000 		.4byte	.LFE77
 1989 01a4 0200     		.2byte	0x2
 1990 01a6 30       		.byte	0x30
 1991 01a7 9F       		.byte	0x9f
 1992 01a8 00000000 		.4byte	0
 1993 01ac 00000000 		.4byte	0
 1994              	.LLST9:
 1995 01b0 12000000 		.4byte	.LVL43
 1996 01b4 4E000000 		.4byte	.LVL48
 1997 01b8 0100     		.2byte	0x1
 1998 01ba 54       		.byte	0x54
 1999 01bb 5C000000 		.4byte	.LVL50
 2000 01bf 88000000 		.4byte	.LVL54
 2001 01c3 0100     		.2byte	0x1
 2002 01c5 54       		.byte	0x54
 2003 01c6 00000000 		.4byte	0
 2004 01ca 00000000 		.4byte	0
 2005              	.LLST10:
 2006 01ce 12000000 		.4byte	.LVL43
 2007 01d2 24000000 		.4byte	.LVL44
 2008 01d6 0100     		.2byte	0x1
 2009 01d8 54       		.byte	0x54
 2010 01d9 00000000 		.4byte	0
 2011 01dd 00000000 		.4byte	0
 2012              	.LLST11:
 2013 01e1 00000000 		.4byte	.LVL56
 2014 01e5 06000000 		.4byte	.LVL57
 2015 01e9 0100     		.2byte	0x1
 2016 01eb 50       		.byte	0x50
 2017 01ec 06000000 		.4byte	.LVL57
 2018 01f0 30000000 		.4byte	.LFE78
 2019 01f4 0400     		.2byte	0x4
 2020 01f6 F3       		.byte	0xf3
 2021 01f7 01       		.uleb128 0x1
 2022 01f8 50       		.byte	0x50
 2023 01f9 9F       		.byte	0x9f
 2024 01fa 00000000 		.4byte	0
 2025 01fe 00000000 		.4byte	0
ARM GAS  C:\Users\ingan\AppData\Local\Temp\ccS3j9Gb.s 			page 40


 2026              		.section	.debug_aranges,"",%progbits
 2027 0000 74000000 		.4byte	0x74
 2028 0004 0200     		.2byte	0x2
 2029 0006 00000000 		.4byte	.Ldebug_info0
 2030 000a 04       		.byte	0x4
 2031 000b 00       		.byte	0
 2032 000c 0000     		.2byte	0
 2033 000e 0000     		.2byte	0
 2034 0010 00000000 		.4byte	.LFB67
 2035 0014 08000000 		.4byte	.LFE67-.LFB67
 2036 0018 00000000 		.4byte	.LFB68
 2037 001c 08000000 		.4byte	.LFE68-.LFB68
 2038 0020 00000000 		.4byte	.LFB69
 2039 0024 08000000 		.4byte	.LFE69-.LFB69
 2040 0028 00000000 		.4byte	.LFB70
 2041 002c 02000000 		.4byte	.LFE70-.LFB70
 2042 0030 00000000 		.4byte	.LFB71
 2043 0034 0C000000 		.4byte	.LFE71-.LFB71
 2044 0038 00000000 		.4byte	.LFB72
 2045 003c 24000000 		.4byte	.LFE72-.LFB72
 2046 0040 00000000 		.4byte	.LFB73
 2047 0044 4C000000 		.4byte	.LFE73-.LFB73
 2048 0048 00000000 		.4byte	.LFB74
 2049 004c 1C000000 		.4byte	.LFE74-.LFB74
 2050 0050 00000000 		.4byte	.LFB75
 2051 0054 08000000 		.4byte	.LFE75-.LFB75
 2052 0058 00000000 		.4byte	.LFB76
 2053 005c CC000000 		.4byte	.LFE76-.LFB76
 2054 0060 00000000 		.4byte	.LFB77
 2055 0064 BC000000 		.4byte	.LFE77-.LFB77
 2056 0068 00000000 		.4byte	.LFB78
 2057 006c 30000000 		.4byte	.LFE78-.LFB78
 2058 0070 00000000 		.4byte	0
 2059 0074 00000000 		.4byte	0
 2060              		.section	.debug_ranges,"",%progbits
 2061              	.Ldebug_ranges0:
 2062 0000 00000000 		.4byte	.LFB67
 2063 0004 08000000 		.4byte	.LFE67
 2064 0008 00000000 		.4byte	.LFB68
 2065 000c 08000000 		.4byte	.LFE68
 2066 0010 00000000 		.4byte	.LFB69
 2067 0014 08000000 		.4byte	.LFE69
 2068 0018 00000000 		.4byte	.LFB70
 2069 001c 02000000 		.4byte	.LFE70
 2070 0020 00000000 		.4byte	.LFB71
 2071 0024 0C000000 		.4byte	.LFE71
 2072 0028 00000000 		.4byte	.LFB72
 2073 002c 24000000 		.4byte	.LFE72
 2074 0030 00000000 		.4byte	.LFB73
 2075 0034 4C000000 		.4byte	.LFE73
 2076 0038 00000000 		.4byte	.LFB74
 2077 003c 1C000000 		.4byte	.LFE74
 2078 0040 00000000 		.4byte	.LFB75
 2079 0044 08000000 		.4byte	.LFE75
 2080 0048 00000000 		.4byte	.LFB76
 2081 004c CC000000 		.4byte	.LFE76
 2082 0050 00000000 		.4byte	.LFB77
ARM GAS  C:\Users\ingan\AppData\Local\Temp\ccS3j9Gb.s 			page 41


 2083 0054 BC000000 		.4byte	.LFE77
 2084 0058 00000000 		.4byte	.LFB78
 2085 005c 30000000 		.4byte	.LFE78
 2086 0060 00000000 		.4byte	0
 2087 0064 00000000 		.4byte	0
 2088              		.section	.debug_line,"",%progbits
 2089              	.Ldebug_line0:
 2090 0000 95020000 		.section	.debug_str,"MS",%progbits,1
 2090      02005D01 
 2090      00000201 
 2090      FB0E0D00 
 2090      01010101 
 2091              	.LASF31:
 2092 0000 6765745F 		.ascii	"get_line\000"
 2092      6C696E65 
 2092      00
 2093              	.LASF4:
 2094 0009 5F5F7569 		.ascii	"__uint8_t\000"
 2094      6E74385F 
 2094      7400
 2095              	.LASF24:
 2096 0013 7072696E 		.ascii	"println\000"
 2096      746C6E00 
 2097              	.LASF35:
 2098 001b 72785F62 		.ascii	"rx_buf\000"
 2098      756600
 2099              	.LASF32:
 2100 0022 77726974 		.ascii	"write_to_rx_buffer\000"
 2100      655F746F 
 2100      5F72785F 
 2100      62756666 
 2100      657200
 2101              	.LASF5:
 2102 0035 5F5F696E 		.ascii	"__int32_t\000"
 2102      7433325F 
 2102      7400
 2103              	.LASF3:
 2104 003f 73686F72 		.ascii	"short unsigned int\000"
 2104      7420756E 
 2104      7369676E 
 2104      65642069 
 2104      6E7400
 2105              	.LASF41:
 2106 0052 75736275 		.ascii	"usbuart_puteol\000"
 2106      6172745F 
 2106      70757465 
 2106      6F6C00
 2107              	.LASF45:
 2108 0061 7474795F 		.ascii	"tty_utils.c\000"
 2108      7574696C 
 2108      732E6300 
 2109              	.LASF13:
 2110 006d 666C6F61 		.ascii	"float\000"
 2110      7400
 2111              	.LASF47:
 2112 0073 7474795F 		.ascii	"tty_rx_isr\000"
 2112      72785F69 
ARM GAS  C:\Users\ingan\AppData\Local\Temp\ccS3j9Gb.s 			page 42


 2112      737200
 2113              	.LASF1:
 2114 007e 756E7369 		.ascii	"unsigned char\000"
 2114      676E6564 
 2114      20636861 
 2114      7200
 2115              	.LASF44:
 2116 008c 474E5520 		.ascii	"GNU C11 5.4.1 20160609 (release) [ARM/embedded-5-br"
 2116      43313120 
 2116      352E342E 
 2116      31203230 
 2116      31363036 
 2117 00bf 616E6368 		.ascii	"anch revision 237715] -mcpu=cortex-m3 -mthumb -g -O"
 2117      20726576 
 2117      6973696F 
 2117      6E203233 
 2117      37373135 
 2118 00f2 67202D66 		.ascii	"g -ffunction-sections -ffat-lto-objects\000"
 2118      66756E63 
 2118      74696F6E 
 2118      2D736563 
 2118      74696F6E 
 2119              	.LASF36:
 2120 011a 72785F77 		.ascii	"rx_write_index\000"
 2120      72697465 
 2120      5F696E64 
 2120      657800
 2121              	.LASF7:
 2122 0129 6C6F6E67 		.ascii	"long unsigned int\000"
 2122      20756E73 
 2122      69676E65 
 2122      6420696E 
 2122      7400
 2123              	.LASF38:
 2124 013b 7374725F 		.ascii	"str_buf_index\000"
 2124      6275665F 
 2124      696E6465 
 2124      7800
 2125              	.LASF40:
 2126 0149 75736275 		.ascii	"usbuart_putchar\000"
 2126      6172745F 
 2126      70757463 
 2126      68617200 
 2127              	.LASF34:
 2128 0159 49544D5F 		.ascii	"ITM_RxBuffer\000"
 2128      52784275 
 2128      66666572 
 2128      00
 2129              	.LASF26:
 2130 0166 70726F67 		.ascii	"prog_name\000"
 2130      5F6E616D 
 2130      6500
 2131              	.LASF14:
 2132 0170 646F7562 		.ascii	"double\000"
 2132      6C6500
 2133              	.LASF28:
 2134 0177 7474795F 		.ascii	"tty_init\000"
ARM GAS  C:\Users\ingan\AppData\Local\Temp\ccS3j9Gb.s 			page 43


 2134      696E6974 
 2134      00
 2135              	.LASF37:
 2136 0180 72785F72 		.ascii	"rx_read_index\000"
 2136      6561645F 
 2136      696E6465 
 2136      7800
 2137              	.LASF43:
 2138 018e 75736275 		.ascii	"usbuart_init\000"
 2138      6172745F 
 2138      696E6974 
 2138      00
 2139              	.LASF23:
 2140 019b 7072696E 		.ascii	"print_eol\000"
 2140      745F656F 
 2140      6C00
 2141              	.LASF46:
 2142 01a5 433A5C55 		.ascii	"C:\\Users\\ingan\\Documents\\PSoC Creator\\MegaDriv"
 2142      73657273 
 2142      5C696E67 
 2142      616E5C44 
 2142      6F63756D 
 2143 01d3 655F706C 		.ascii	"e_player\\VGMPlayer_v0.4.cydsn\000"
 2143      61796572 
 2143      5C56474D 
 2143      506C6179 
 2143      65725F76 
 2144              	.LASF10:
 2145 01f1 756E7369 		.ascii	"unsigned int\000"
 2145      676E6564 
 2145      20696E74 
 2145      00
 2146              	.LASF9:
 2147 01fe 6C6F6E67 		.ascii	"long long unsigned int\000"
 2147      206C6F6E 
 2147      6720756E 
 2147      7369676E 
 2147      65642069 
 2148              	.LASF11:
 2149 0215 75696E74 		.ascii	"uint8_t\000"
 2149      385F7400 
 2150              	.LASF29:
 2151 021d 72657375 		.ascii	"result\000"
 2151      6C7400
 2152              	.LASF39:
 2153 0224 75736275 		.ascii	"usbuart_putstring\000"
 2153      6172745F 
 2153      70757473 
 2153      7472696E 
 2153      6700
 2154              	.LASF12:
 2155 0236 696E7433 		.ascii	"int32_t\000"
 2155      325F7400 
 2156              	.LASF17:
 2157 023e 73697A65 		.ascii	"sizetype\000"
 2157      74797065 
 2157      00
ARM GAS  C:\Users\ingan\AppData\Local\Temp\ccS3j9Gb.s 			page 44


 2158              	.LASF27:
 2159 0247 70726F6D 		.ascii	"prompt\000"
 2159      707400
 2160              	.LASF8:
 2161 024e 6C6F6E67 		.ascii	"long long int\000"
 2161      206C6F6E 
 2161      6720696E 
 2161      7400
 2162              	.LASF19:
 2163 025c 69735F62 		.ascii	"is_backspace\000"
 2163      61636B73 
 2163      70616365 
 2163      00
 2164              	.LASF18:
 2165 0269 69735F64 		.ascii	"is_delimiter\000"
 2165      656C696D 
 2165      69746572 
 2165      00
 2166              	.LASF22:
 2167 0276 7072696E 		.ascii	"printc\000"
 2167      746300
 2168              	.LASF21:
 2169 027d 7072696E 		.ascii	"print\000"
 2169      7400
 2170              	.LASF2:
 2171 0283 73686F72 		.ascii	"short int\000"
 2171      7420696E 
 2171      7400
 2172              	.LASF33:
 2173 028d 62756666 		.ascii	"buffer\000"
 2173      657200
 2174              	.LASF25:
 2175 0294 73706C61 		.ascii	"splash\000"
 2175      736800
 2176              	.LASF30:
 2177 029b 6765745F 		.ascii	"get_string\000"
 2177      73747269 
 2177      6E6700
 2178              	.LASF6:
 2179 02a6 6C6F6E67 		.ascii	"long int\000"
 2179      20696E74 
 2179      00
 2180              	.LASF15:
 2181 02af 63686172 		.ascii	"char\000"
 2181      00
 2182              	.LASF16:
 2183 02b4 6C6F6E67 		.ascii	"long double\000"
 2183      20646F75 
 2183      626C6500 
 2184              	.LASF0:
 2185 02c0 7369676E 		.ascii	"signed char\000"
 2185      65642063 
 2185      68617200 
 2186              	.LASF20:
 2187 02cc 69735F65 		.ascii	"is_eol\000"
 2187      6F6C00
 2188              	.LASF42:
ARM GAS  C:\Users\ingan\AppData\Local\Temp\ccS3j9Gb.s 			page 45


 2189 02d3 43794465 		.ascii	"CyDelay\000"
 2189      6C617900 
 2190              		.ident	"GCC: (GNU Tools for ARM Embedded Processors) 5.4.1 20160609 (release) [ARM/embedded-5-bran
