ARM GAS  C:\Users\ingan\AppData\Local\Temp\ccQIVYOc.s 			page 1


   1              		.syntax unified
   2              		.cpu cortex-m3
   3              		.fpu softvfp
   4              		.eabi_attribute 20, 1
   5              		.eabi_attribute 21, 1
   6              		.eabi_attribute 23, 3
   7              		.eabi_attribute 24, 1
   8              		.eabi_attribute 25, 1
   9              		.eabi_attribute 26, 1
  10              		.eabi_attribute 30, 1
  11              		.eabi_attribute 34, 1
  12              		.eabi_attribute 18, 4
  13              		.thumb
  14              		.syntax unified
  15              		.file	"utils.c"
  16              		.text
  17              	.Ltext0:
  18              		.cfi_sections	.debug_frame
  19              		.section	.text.do_return,"ax",%progbits
  20              		.align	2
  21              		.global	do_return
  22              		.thumb
  23              		.thumb_func
  24              		.type	do_return, %function
  25              	do_return:
  26              	.LFB66:
  27              		.file 1 "utils.c"
   1:utils.c       **** #include "project.h"
   2:utils.c       **** #include "stdio.h"
   3:utils.c       **** #include "stdlib.h"
   4:utils.c       **** #include "tty_utils.h"
   5:utils.c       **** #include "utils.h"
   6:utils.c       **** 
   7:utils.c       **** static int      keep_on  = 1 ;
   8:utils.c       **** static uint16_t loop     = 1 ;
   9:utils.c       **** static uint16_t interval = 100 ; /* 100 ms */
  10:utils.c       **** static int      sAddress = 0x08 ; 
  11:utils.c       **** static int      delay    = 30 ; /* default 30ms */
  12:utils.c       **** uint16_t        timeoutms = 500 ;
  13:utils.c       **** 
  14:utils.c       **** f_list_type i2c_func_list[] = {
  15:utils.c       ****     { "help",        do_help,       "show help message" },
  16:utils.c       ****     { "loop",        do_loop,       "set loop counts"},
  17:utils.c       ****     { "interval",    do_interval,   "set interval time (ms)"},
  18:utils.c       ****     { "address",     do_address,    "set address" },
  19:utils.c       ****     { "delay",       do_delay,      "set delay between address and command" },
  20:utils.c       ****     { "status",      do_status,     "print config status" },
  21:utils.c       ****     { "return",      do_return,     "return to the previous mode" },
  22:utils.c       ****     { "reset",       do_soft_reset,  "software rest" },
  23:utils.c       ****     { 0,             0,             0} /* list terminator */
  24:utils.c       **** } ;
  25:utils.c       **** 
  26:utils.c       **** void do_demo(void)
  27:utils.c       **** {
  28:utils.c       ****     func_ptr func ;
  29:utils.c       ****     keep_on = 1 ;
  30:utils.c       ****     
ARM GAS  C:\Users\ingan\AppData\Local\Temp\ccQIVYOc.s 			page 2


  31:utils.c       ****     
  32:utils.c       ****     do_help() ;
  33:utils.c       ****     
  34:utils.c       ****     prompt("Demo> ") ;
  35:utils.c       ****     
  36:utils.c       ****     while(keep_on) {
  37:utils.c       ****         if (get_line()) {
  38:utils.c       ****             func = get_func(i2c_func_list, str) ;
  39:utils.c       ****             if (func) {
  40:utils.c       ****                 func() ;
  41:utils.c       ****             } else {
  42:utils.c       ****                 print("Unknown Command: ") ;
  43:utils.c       ****                 print(str) ;
  44:utils.c       ****                 print("\n\r") ;
  45:utils.c       ****                 do_help() ;
  46:utils.c       ****             }
  47:utils.c       ****             if (keep_on) {
  48:utils.c       ****                 prompt("Demo> ") ;
  49:utils.c       ****             }
  50:utils.c       ****         }
  51:utils.c       ****     }
  52:utils.c       **** }
  53:utils.c       **** 
  54:utils.c       **** void do_help(void) 
  55:utils.c       **** {
  56:utils.c       ****     show_help(i2c_func_list) ;    
  57:utils.c       **** }
  58:utils.c       **** 
  59:utils.c       **** void do_return(void) 
  60:utils.c       **** {
  28              		.loc 1 60 0
  29              		.cfi_startproc
  30              		@ args = 0, pretend = 0, frame = 0
  31              		@ frame_needed = 0, uses_anonymous_args = 0
  32              		@ link register save eliminated.
  61:utils.c       ****     keep_on = 0 ;
  33              		.loc 1 61 0
  34 0000 0022     		movs	r2, #0
  35 0002 014B     		ldr	r3, .L2
  36 0004 1A60     		str	r2, [r3]
  37 0006 7047     		bx	lr
  38              	.L3:
  39              		.align	2
  40              	.L2:
  41 0008 00000000 		.word	.LANCHOR0
  42              		.cfi_endproc
  43              	.LFE66:
  44              		.size	do_return, .-do_return
  45              		.section	.text.do_help,"ax",%progbits
  46              		.align	2
  47              		.global	do_help
  48              		.thumb
  49              		.thumb_func
  50              		.type	do_help, %function
  51              	do_help:
  52              	.LFB65:
  55:utils.c       ****     show_help(i2c_func_list) ;    
ARM GAS  C:\Users\ingan\AppData\Local\Temp\ccQIVYOc.s 			page 3


  53              		.loc 1 55 0
  54              		.cfi_startproc
  55              		@ args = 0, pretend = 0, frame = 0
  56              		@ frame_needed = 0, uses_anonymous_args = 0
  57 0000 08B5     		push	{r3, lr}
  58              		.cfi_def_cfa_offset 8
  59              		.cfi_offset 3, -8
  60              		.cfi_offset 14, -4
  56:utils.c       **** }
  61              		.loc 1 56 0
  62 0002 0248     		ldr	r0, .L6
  63 0004 FFF7FEFF 		bl	show_help
  64              	.LVL0:
  65 0008 08BD     		pop	{r3, pc}
  66              	.L7:
  67 000a 00BF     		.align	2
  68              	.L6:
  69 000c 04000000 		.word	.LANCHOR0+4
  70              		.cfi_endproc
  71              	.LFE65:
  72              		.size	do_help, .-do_help
  73              		.section	.text.do_soft_reset,"ax",%progbits
  74              		.align	2
  75              		.global	do_soft_reset
  76              		.thumb
  77              		.thumb_func
  78              		.type	do_soft_reset, %function
  79              	do_soft_reset:
  80              	.LFB67:
  62:utils.c       **** }
  63:utils.c       **** 
  64:utils.c       **** void do_soft_reset(void)
  65:utils.c       **** {
  81              		.loc 1 65 0
  82              		.cfi_startproc
  83              		@ args = 0, pretend = 0, frame = 0
  84              		@ frame_needed = 0, uses_anonymous_args = 0
  85 0000 08B5     		push	{r3, lr}
  86              		.cfi_def_cfa_offset 8
  87              		.cfi_offset 3, -8
  88              		.cfi_offset 14, -4
  66:utils.c       ****     CySoftwareReset();
  89              		.loc 1 66 0
  90 0002 FFF7FEFF 		bl	CySoftwareReset
  91              	.LVL1:
  92 0006 08BD     		pop	{r3, pc}
  93              		.cfi_endproc
  94              	.LFE67:
  95              		.size	do_soft_reset, .-do_soft_reset
  96              		.section	.text.do_loop,"ax",%progbits
  97              		.align	2
  98              		.global	do_loop
  99              		.thumb
 100              		.thumb_func
 101              		.type	do_loop, %function
 102              	do_loop:
 103              	.LFB68:
ARM GAS  C:\Users\ingan\AppData\Local\Temp\ccQIVYOc.s 			page 4


  67:utils.c       **** }
  68:utils.c       **** 
  69:utils.c       **** void do_loop(void) 
  70:utils.c       **** {
 104              		.loc 1 70 0
 105              		.cfi_startproc
 106              		@ args = 0, pretend = 0, frame = 0
 107              		@ frame_needed = 0, uses_anonymous_args = 0
 108 0000 08B5     		push	{r3, lr}
 109              		.cfi_def_cfa_offset 8
 110              		.cfi_offset 3, -8
 111              		.cfi_offset 14, -4
  71:utils.c       ****     sscanf(str, "%*s %hd", &loop) ;
 112              		.loc 1 71 0
 113 0002 034A     		ldr	r2, .L12
 114 0004 0349     		ldr	r1, .L12+4
 115 0006 0448     		ldr	r0, .L12+8
 116 0008 FFF7FEFF 		bl	sscanf
 117              	.LVL2:
 118 000c 08BD     		pop	{r3, pc}
 119              	.L13:
 120 000e 00BF     		.align	2
 121              	.L12:
 122 0010 70000000 		.word	.LANCHOR0+112
 123 0014 00000000 		.word	.LC0
 124 0018 00000000 		.word	str
 125              		.cfi_endproc
 126              	.LFE68:
 127              		.size	do_loop, .-do_loop
 128              		.section	.text.do_interval,"ax",%progbits
 129              		.align	2
 130              		.global	do_interval
 131              		.thumb
 132              		.thumb_func
 133              		.type	do_interval, %function
 134              	do_interval:
 135              	.LFB69:
  72:utils.c       **** }
  73:utils.c       **** 
  74:utils.c       **** void do_interval(void) 
  75:utils.c       **** {
 136              		.loc 1 75 0
 137              		.cfi_startproc
 138              		@ args = 0, pretend = 0, frame = 0
 139              		@ frame_needed = 0, uses_anonymous_args = 0
 140 0000 08B5     		push	{r3, lr}
 141              		.cfi_def_cfa_offset 8
 142              		.cfi_offset 3, -8
 143              		.cfi_offset 14, -4
  76:utils.c       ****     sscanf(str, "%*s %hd", &interval) ;
 144              		.loc 1 76 0
 145 0002 034A     		ldr	r2, .L16
 146 0004 0349     		ldr	r1, .L16+4
 147 0006 0448     		ldr	r0, .L16+8
 148 0008 FFF7FEFF 		bl	sscanf
 149              	.LVL3:
 150 000c 08BD     		pop	{r3, pc}
ARM GAS  C:\Users\ingan\AppData\Local\Temp\ccQIVYOc.s 			page 5


 151              	.L17:
 152 000e 00BF     		.align	2
 153              	.L16:
 154 0010 72000000 		.word	.LANCHOR0+114
 155 0014 00000000 		.word	.LC0
 156 0018 00000000 		.word	str
 157              		.cfi_endproc
 158              	.LFE69:
 159              		.size	do_interval, .-do_interval
 160              		.section	.text.do_delay,"ax",%progbits
 161              		.align	2
 162              		.global	do_delay
 163              		.thumb
 164              		.thumb_func
 165              		.type	do_delay, %function
 166              	do_delay:
 167              	.LFB70:
  77:utils.c       **** }
  78:utils.c       **** 
  79:utils.c       **** void do_delay(void)
  80:utils.c       **** {
 168              		.loc 1 80 0
 169              		.cfi_startproc
 170              		@ args = 0, pretend = 0, frame = 0
 171              		@ frame_needed = 0, uses_anonymous_args = 0
 172 0000 08B5     		push	{r3, lr}
 173              		.cfi_def_cfa_offset 8
 174              		.cfi_offset 3, -8
 175              		.cfi_offset 14, -4
  81:utils.c       ****     sscanf(str, "%*s %d", &delay) ;
 176              		.loc 1 81 0
 177 0002 034A     		ldr	r2, .L20
 178 0004 0349     		ldr	r1, .L20+4
 179 0006 0448     		ldr	r0, .L20+8
 180 0008 FFF7FEFF 		bl	sscanf
 181              	.LVL4:
 182 000c 08BD     		pop	{r3, pc}
 183              	.L21:
 184 000e 00BF     		.align	2
 185              	.L20:
 186 0010 74000000 		.word	.LANCHOR0+116
 187 0014 08000000 		.word	.LC1
 188 0018 00000000 		.word	str
 189              		.cfi_endproc
 190              	.LFE70:
 191              		.size	do_delay, .-do_delay
 192              		.section	.text.do_address,"ax",%progbits
 193              		.align	2
 194              		.global	do_address
 195              		.thumb
 196              		.thumb_func
 197              		.type	do_address, %function
 198              	do_address:
 199              	.LFB72:
  82:utils.c       **** }
  83:utils.c       **** 
  84:utils.c       **** void do_status(void) 
ARM GAS  C:\Users\ingan\AppData\Local\Temp\ccQIVYOc.s 			page 6


  85:utils.c       **** {
  86:utils.c       ****     snprintf(str, STR_BUF_LEN, "Config: address: 0x%02X (%d)\n\r",
  87:utils.c       ****         sAddress, sAddress) ;
  88:utils.c       ****     print(str) ;
  89:utils.c       **** }
  90:utils.c       **** 
  91:utils.c       **** 
  92:utils.c       **** void do_address(void) 
  93:utils.c       **** {
 200              		.loc 1 93 0
 201              		.cfi_startproc
 202              		@ args = 0, pretend = 0, frame = 0
 203              		@ frame_needed = 0, uses_anonymous_args = 0
 204 0000 08B5     		push	{r3, lr}
 205              		.cfi_def_cfa_offset 8
 206              		.cfi_offset 3, -8
 207              		.cfi_offset 14, -4
  94:utils.c       ****     sscanf(str, "%*s %d", &sAddress) ;
 208              		.loc 1 94 0
 209 0002 034A     		ldr	r2, .L24
 210 0004 0349     		ldr	r1, .L24+4
 211 0006 0448     		ldr	r0, .L24+8
 212 0008 FFF7FEFF 		bl	sscanf
 213              	.LVL5:
 214 000c 08BD     		pop	{r3, pc}
 215              	.L25:
 216 000e 00BF     		.align	2
 217              	.L24:
 218 0010 78000000 		.word	.LANCHOR0+120
 219 0014 08000000 		.word	.LC1
 220 0018 00000000 		.word	str
 221              		.cfi_endproc
 222              	.LFE72:
 223              		.size	do_address, .-do_address
 224              		.section	.text.do_status,"ax",%progbits
 225              		.align	2
 226              		.global	do_status
 227              		.thumb
 228              		.thumb_func
 229              		.type	do_status, %function
 230              	do_status:
 231              	.LFB71:
  85:utils.c       ****     snprintf(str, STR_BUF_LEN, "Config: address: 0x%02X (%d)\n\r",
 232              		.loc 1 85 0
 233              		.cfi_startproc
 234              		@ args = 0, pretend = 0, frame = 0
 235              		@ frame_needed = 0, uses_anonymous_args = 0
 236 0000 10B5     		push	{r4, lr}
 237              		.cfi_def_cfa_offset 8
 238              		.cfi_offset 4, -8
 239              		.cfi_offset 14, -4
 240 0002 82B0     		sub	sp, sp, #8
 241              		.cfi_def_cfa_offset 16
  86:utils.c       ****         sAddress, sAddress) ;
 242              		.loc 1 86 0
 243 0004 064B     		ldr	r3, .L28
 244 0006 9B6F     		ldr	r3, [r3, #120]
ARM GAS  C:\Users\ingan\AppData\Local\Temp\ccQIVYOc.s 			page 7


 245 0008 064C     		ldr	r4, .L28+4
 246 000a 0093     		str	r3, [sp]
 247 000c 064A     		ldr	r2, .L28+8
 248 000e 4021     		movs	r1, #64
 249 0010 2046     		mov	r0, r4
 250 0012 FFF7FEFF 		bl	snprintf
 251              	.LVL6:
  88:utils.c       **** }
 252              		.loc 1 88 0
 253 0016 2046     		mov	r0, r4
 254 0018 FFF7FEFF 		bl	print
 255              	.LVL7:
  89:utils.c       **** 
 256              		.loc 1 89 0
 257 001c 02B0     		add	sp, sp, #8
 258              		.cfi_def_cfa_offset 8
 259              		@ sp needed
 260 001e 10BD     		pop	{r4, pc}
 261              	.L29:
 262              		.align	2
 263              	.L28:
 264 0020 00000000 		.word	.LANCHOR0
 265 0024 00000000 		.word	str
 266 0028 10000000 		.word	.LC2
 267              		.cfi_endproc
 268              	.LFE71:
 269              		.size	do_status, .-do_status
 270              		.section	.text.do_demo,"ax",%progbits
 271              		.align	2
 272              		.global	do_demo
 273              		.thumb
 274              		.thumb_func
 275              		.type	do_demo, %function
 276              	do_demo:
 277              	.LFB64:
  27:utils.c       ****     func_ptr func ;
 278              		.loc 1 27 0
 279              		.cfi_startproc
 280              		@ args = 0, pretend = 0, frame = 0
 281              		@ frame_needed = 0, uses_anonymous_args = 0
 282 0000 08B5     		push	{r3, lr}
 283              		.cfi_def_cfa_offset 8
 284              		.cfi_offset 3, -8
 285              		.cfi_offset 14, -4
  29:utils.c       ****     
 286              		.loc 1 29 0
 287 0002 0122     		movs	r2, #1
 288 0004 134B     		ldr	r3, .L38
 289 0006 1A60     		str	r2, [r3]
  32:utils.c       ****     
 290              		.loc 1 32 0
 291 0008 FFF7FEFF 		bl	do_help
 292              	.LVL8:
  34:utils.c       ****     
 293              		.loc 1 34 0
 294 000c 1248     		ldr	r0, .L38+4
 295 000e FFF7FEFF 		bl	prompt
ARM GAS  C:\Users\ingan\AppData\Local\Temp\ccQIVYOc.s 			page 8


 296              	.LVL9:
  36:utils.c       ****         if (get_line()) {
 297              		.loc 1 36 0
 298 0012 1AE0     		b	.L32
 299              	.L36:
  37:utils.c       ****             func = get_func(i2c_func_list, str) ;
 300              		.loc 1 37 0
 301 0014 FFF7FEFF 		bl	get_line
 302              	.LVL10:
 303 0018 B8B1     		cbz	r0, .L32
  38:utils.c       ****             if (func) {
 304              		.loc 1 38 0
 305 001a 1049     		ldr	r1, .L38+8
 306 001c 1048     		ldr	r0, .L38+12
 307 001e FFF7FEFF 		bl	get_func
 308              	.LVL11:
  39:utils.c       ****                 func() ;
 309              		.loc 1 39 0
 310 0022 08B1     		cbz	r0, .L33
  40:utils.c       ****             } else {
 311              		.loc 1 40 0
 312 0024 8047     		blx	r0
 313              	.LVL12:
 314 0026 0AE0     		b	.L34
 315              	.LVL13:
 316              	.L33:
  42:utils.c       ****                 print(str) ;
 317              		.loc 1 42 0
 318 0028 0E48     		ldr	r0, .L38+16
 319              	.LVL14:
 320 002a FFF7FEFF 		bl	print
 321              	.LVL15:
  43:utils.c       ****                 print("\n\r") ;
 322              		.loc 1 43 0
 323 002e 0B48     		ldr	r0, .L38+8
 324 0030 FFF7FEFF 		bl	print
 325              	.LVL16:
  44:utils.c       ****                 do_help() ;
 326              		.loc 1 44 0
 327 0034 0C48     		ldr	r0, .L38+20
 328 0036 FFF7FEFF 		bl	print
 329              	.LVL17:
  45:utils.c       ****             }
 330              		.loc 1 45 0
 331 003a FFF7FEFF 		bl	do_help
 332              	.LVL18:
 333              	.L34:
  47:utils.c       ****                 prompt("Demo> ") ;
 334              		.loc 1 47 0
 335 003e 054B     		ldr	r3, .L38
 336 0040 1B68     		ldr	r3, [r3]
 337 0042 13B1     		cbz	r3, .L32
  48:utils.c       ****             }
 338              		.loc 1 48 0
 339 0044 0448     		ldr	r0, .L38+4
 340 0046 FFF7FEFF 		bl	prompt
 341              	.LVL19:
ARM GAS  C:\Users\ingan\AppData\Local\Temp\ccQIVYOc.s 			page 9


 342              	.L32:
  36:utils.c       ****         if (get_line()) {
 343              		.loc 1 36 0
 344 004a 024B     		ldr	r3, .L38
 345 004c 1B68     		ldr	r3, [r3]
 346 004e 002B     		cmp	r3, #0
 347 0050 E0D1     		bne	.L36
  52:utils.c       **** 
 348              		.loc 1 52 0
 349 0052 08BD     		pop	{r3, pc}
 350              	.L39:
 351              		.align	2
 352              	.L38:
 353 0054 00000000 		.word	.LANCHOR0
 354 0058 30000000 		.word	.LC3
 355 005c 00000000 		.word	str
 356 0060 04000000 		.word	.LANCHOR0+4
 357 0064 38000000 		.word	.LC4
 358 0068 4C000000 		.word	.LC5
 359              		.cfi_endproc
 360              	.LFE64:
 361              		.size	do_demo, .-do_demo
 362              		.global	i2c_func_list
 363              		.global	timeoutms
 364              		.data
 365              		.align	2
 366              		.set	.LANCHOR0,. + 0
 367              		.type	keep_on, %object
 368              		.size	keep_on, 4
 369              	keep_on:
 370 0000 01000000 		.word	1
 371              		.type	i2c_func_list, %object
 372              		.size	i2c_func_list, 108
 373              	i2c_func_list:
 374 0004 50000000 		.word	.LC6
 375 0008 00000000 		.word	do_help
 376 000c 58000000 		.word	.LC7
 377 0010 6C000000 		.word	.LC8
 378 0014 00000000 		.word	do_loop
 379 0018 74000000 		.word	.LC9
 380 001c 84000000 		.word	.LC10
 381 0020 00000000 		.word	do_interval
 382 0024 90000000 		.word	.LC11
 383 0028 A8000000 		.word	.LC12
 384 002c 00000000 		.word	do_address
 385 0030 B0000000 		.word	.LC13
 386 0034 BC000000 		.word	.LC14
 387 0038 00000000 		.word	do_delay
 388 003c C4000000 		.word	.LC15
 389 0040 EC000000 		.word	.LC16
 390 0044 00000000 		.word	do_status
 391 0048 F4000000 		.word	.LC17
 392 004c 08010000 		.word	.LC18
 393 0050 00000000 		.word	do_return
 394 0054 10010000 		.word	.LC19
 395 0058 2C010000 		.word	.LC20
 396 005c 00000000 		.word	do_soft_reset
ARM GAS  C:\Users\ingan\AppData\Local\Temp\ccQIVYOc.s 			page 10


 397 0060 34010000 		.word	.LC21
 398 0064 00000000 		.word	0
 399 0068 00000000 		.word	0
 400 006c 00000000 		.word	0
 401              		.type	loop, %object
 402              		.size	loop, 2
 403              	loop:
 404 0070 0100     		.short	1
 405              		.type	interval, %object
 406              		.size	interval, 2
 407              	interval:
 408 0072 6400     		.short	100
 409              		.type	delay, %object
 410              		.size	delay, 4
 411              	delay:
 412 0074 1E000000 		.word	30
 413              		.type	sAddress, %object
 414              		.size	sAddress, 4
 415              	sAddress:
 416 0078 08000000 		.word	8
 417              		.type	timeoutms, %object
 418              		.size	timeoutms, 2
 419              	timeoutms:
 420 007c F401     		.short	500
 421              		.section	.rodata.str1.4,"aMS",%progbits,1
 422              		.align	2
 423              	.LC0:
 424 0000 252A7320 		.ascii	"%*s %hd\000"
 424      25686400 
 425              	.LC1:
 426 0008 252A7320 		.ascii	"%*s %d\000"
 426      256400
 427 000f 00       		.space	1
 428              	.LC2:
 429 0010 436F6E66 		.ascii	"Config: address: 0x%02X (%d)\012\015\000"
 429      69673A20 
 429      61646472 
 429      6573733A 
 429      20307825 
 430 002f 00       		.space	1
 431              	.LC3:
 432 0030 44656D6F 		.ascii	"Demo> \000"
 432      3E2000
 433 0037 00       		.space	1
 434              	.LC4:
 435 0038 556E6B6E 		.ascii	"Unknown Command: \000"
 435      6F776E20 
 435      436F6D6D 
 435      616E643A 
 435      2000
 436 004a 0000     		.space	2
 437              	.LC5:
 438 004c 0A0D00   		.ascii	"\012\015\000"
 439 004f 00       		.space	1
 440              	.LC6:
 441 0050 68656C70 		.ascii	"help\000"
 441      00
ARM GAS  C:\Users\ingan\AppData\Local\Temp\ccQIVYOc.s 			page 11


 442 0055 000000   		.space	3
 443              	.LC7:
 444 0058 73686F77 		.ascii	"show help message\000"
 444      2068656C 
 444      70206D65 
 444      73736167 
 444      6500
 445 006a 0000     		.space	2
 446              	.LC8:
 447 006c 6C6F6F70 		.ascii	"loop\000"
 447      00
 448 0071 000000   		.space	3
 449              	.LC9:
 450 0074 73657420 		.ascii	"set loop counts\000"
 450      6C6F6F70 
 450      20636F75 
 450      6E747300 
 451              	.LC10:
 452 0084 696E7465 		.ascii	"interval\000"
 452      7276616C 
 452      00
 453 008d 000000   		.space	3
 454              	.LC11:
 455 0090 73657420 		.ascii	"set interval time (ms)\000"
 455      696E7465 
 455      7276616C 
 455      2074696D 
 455      6520286D 
 456 00a7 00       		.space	1
 457              	.LC12:
 458 00a8 61646472 		.ascii	"address\000"
 458      65737300 
 459              	.LC13:
 460 00b0 73657420 		.ascii	"set address\000"
 460      61646472 
 460      65737300 
 461              	.LC14:
 462 00bc 64656C61 		.ascii	"delay\000"
 462      7900
 463 00c2 0000     		.space	2
 464              	.LC15:
 465 00c4 73657420 		.ascii	"set delay between address and command\000"
 465      64656C61 
 465      79206265 
 465      74776565 
 465      6E206164 
 466 00ea 0000     		.space	2
 467              	.LC16:
 468 00ec 73746174 		.ascii	"status\000"
 468      757300
 469 00f3 00       		.space	1
 470              	.LC17:
 471 00f4 7072696E 		.ascii	"print config status\000"
 471      7420636F 
 471      6E666967 
 471      20737461 
 471      74757300 
ARM GAS  C:\Users\ingan\AppData\Local\Temp\ccQIVYOc.s 			page 12


 472              	.LC18:
 473 0108 72657475 		.ascii	"return\000"
 473      726E00
 474 010f 00       		.space	1
 475              	.LC19:
 476 0110 72657475 		.ascii	"return to the previous mode\000"
 476      726E2074 
 476      6F207468 
 476      65207072 
 476      6576696F 
 477              	.LC20:
 478 012c 72657365 		.ascii	"reset\000"
 478      7400
 479 0132 0000     		.space	2
 480              	.LC21:
 481 0134 736F6674 		.ascii	"software rest\000"
 481      77617265 
 481      20726573 
 481      7400
 482              		.text
 483              	.Letext0:
 484              		.file 2 "c:\\program files (x86)\\cypress\\psoc creator\\4.2\\psoc creator\\import\\gnu\\arm\\5.4.
 485              		.file 3 "c:\\program files (x86)\\cypress\\psoc creator\\4.2\\psoc creator\\import\\gnu\\arm\\5.4.
 486              		.file 4 "func_list.h"
 487              		.file 5 "Generated_Source\\PSoC5/core_cm3.h"
 488              		.file 6 "Generated_Source\\PSoC5/CyLib.h"
 489              		.file 7 "c:\\program files (x86)\\cypress\\psoc creator\\4.2\\psoc creator\\import\\gnu\\arm\\5.4.
 490              		.file 8 "tty_utils.h"
 491              		.section	.debug_info,"",%progbits
 492              	.Ldebug_info0:
 493 0000 33040000 		.4byte	0x433
 494 0004 0400     		.2byte	0x4
 495 0006 00000000 		.4byte	.Ldebug_abbrev0
 496 000a 04       		.byte	0x4
 497 000b 01       		.uleb128 0x1
 498 000c 83000000 		.4byte	.LASF47
 499 0010 0C       		.byte	0xc
 500 0011 91010000 		.4byte	.LASF48
 501 0015 99010000 		.4byte	.LASF49
 502 0019 00000000 		.4byte	.Ldebug_ranges0+0
 503 001d 00000000 		.4byte	0
 504 0021 00000000 		.4byte	.Ldebug_line0
 505 0025 02       		.uleb128 0x2
 506 0026 01       		.byte	0x1
 507 0027 06       		.byte	0x6
 508 0028 A8020000 		.4byte	.LASF0
 509 002c 02       		.uleb128 0x2
 510 002d 01       		.byte	0x1
 511 002e 08       		.byte	0x8
 512 002f 4C010000 		.4byte	.LASF1
 513 0033 02       		.uleb128 0x2
 514 0034 02       		.byte	0x2
 515 0035 05       		.byte	0x5
 516 0036 5D020000 		.4byte	.LASF2
 517 003a 03       		.uleb128 0x3
 518 003b 5A010000 		.4byte	.LASF4
 519 003f 02       		.byte	0x2
ARM GAS  C:\Users\ingan\AppData\Local\Temp\ccQIVYOc.s 			page 13


 520 0040 2B       		.byte	0x2b
 521 0041 45000000 		.4byte	0x45
 522 0045 02       		.uleb128 0x2
 523 0046 02       		.byte	0x2
 524 0047 07       		.byte	0x7
 525 0048 2C010000 		.4byte	.LASF3
 526 004c 03       		.uleb128 0x3
 527 004d 13000000 		.4byte	.LASF5
 528 0051 02       		.byte	0x2
 529 0052 3F       		.byte	0x3f
 530 0053 57000000 		.4byte	0x57
 531 0057 02       		.uleb128 0x2
 532 0058 04       		.byte	0x4
 533 0059 05       		.byte	0x5
 534 005a 1D000000 		.4byte	.LASF6
 535 005e 02       		.uleb128 0x2
 536 005f 04       		.byte	0x4
 537 0060 07       		.byte	0x7
 538 0061 1A010000 		.4byte	.LASF7
 539 0065 02       		.uleb128 0x2
 540 0066 08       		.byte	0x8
 541 0067 05       		.byte	0x5
 542 0068 2D020000 		.4byte	.LASF8
 543 006c 02       		.uleb128 0x2
 544 006d 08       		.byte	0x8
 545 006e 07       		.byte	0x7
 546 006f FE010000 		.4byte	.LASF9
 547 0073 04       		.uleb128 0x4
 548 0074 04       		.byte	0x4
 549 0075 05       		.byte	0x5
 550 0076 696E7400 		.ascii	"int\000"
 551 007a 02       		.uleb128 0x2
 552 007b 04       		.byte	0x4
 553 007c 07       		.byte	0x7
 554 007d E5010000 		.4byte	.LASF10
 555 0081 03       		.uleb128 0x3
 556 0082 54020000 		.4byte	.LASF11
 557 0086 03       		.byte	0x3
 558 0087 24       		.byte	0x24
 559 0088 3A000000 		.4byte	0x3a
 560 008c 03       		.uleb128 0x3
 561 008d 15020000 		.4byte	.LASF12
 562 0091 03       		.byte	0x3
 563 0092 2C       		.byte	0x2c
 564 0093 4C000000 		.4byte	0x4c
 565 0097 02       		.uleb128 0x2
 566 0098 04       		.byte	0x4
 567 0099 04       		.byte	0x4
 568 009a 56000000 		.4byte	.LASF13
 569 009e 02       		.uleb128 0x2
 570 009f 08       		.byte	0x8
 571 00a0 04       		.byte	0x4
 572 00a1 65010000 		.4byte	.LASF14
 573 00a5 02       		.uleb128 0x2
 574 00a6 01       		.byte	0x1
 575 00a7 08       		.byte	0x8
 576 00a8 3B020000 		.4byte	.LASF15
ARM GAS  C:\Users\ingan\AppData\Local\Temp\ccQIVYOc.s 			page 14


 577 00ac 05       		.uleb128 0x5
 578 00ad 04       		.byte	0x4
 579 00ae B2000000 		.4byte	0xb2
 580 00b2 06       		.uleb128 0x6
 581 00b3 02       		.uleb128 0x2
 582 00b4 08       		.byte	0x8
 583 00b5 04       		.byte	0x4
 584 00b6 95020000 		.4byte	.LASF16
 585 00ba 02       		.uleb128 0x2
 586 00bb 04       		.byte	0x4
 587 00bc 07       		.byte	0x7
 588 00bd 1D020000 		.4byte	.LASF17
 589 00c1 05       		.uleb128 0x5
 590 00c2 04       		.byte	0x4
 591 00c3 A5000000 		.4byte	0xa5
 592 00c7 03       		.uleb128 0x3
 593 00c8 4D000000 		.4byte	.LASF18
 594 00cc 04       		.byte	0x4
 595 00cd 07       		.byte	0x7
 596 00ce AC000000 		.4byte	0xac
 597 00d2 07       		.uleb128 0x7
 598 00d3 F2010000 		.4byte	.LASF50
 599 00d7 0C       		.byte	0xc
 600 00d8 04       		.byte	0x4
 601 00d9 09       		.byte	0x9
 602 00da 03010000 		.4byte	0x103
 603 00de 08       		.uleb128 0x8
 604 00df C6020000 		.4byte	.LASF19
 605 00e3 04       		.byte	0x4
 606 00e4 0A       		.byte	0xa
 607 00e5 C1000000 		.4byte	0xc1
 608 00e9 00       		.byte	0
 609 00ea 08       		.uleb128 0x8
 610 00eb 6C010000 		.4byte	.LASF20
 611 00ef 04       		.byte	0x4
 612 00f0 0B       		.byte	0xb
 613 00f1 C7000000 		.4byte	0xc7
 614 00f5 04       		.byte	0x4
 615 00f6 08       		.uleb128 0x8
 616 00f7 6C000000 		.4byte	.LASF21
 617 00fb 04       		.byte	0x4
 618 00fc 0C       		.byte	0xc
 619 00fd C1000000 		.4byte	0xc1
 620 0101 08       		.byte	0x8
 621 0102 00       		.byte	0
 622 0103 03       		.uleb128 0x3
 623 0104 CB020000 		.4byte	.LASF22
 624 0108 04       		.byte	0x4
 625 0109 0D       		.byte	0xd
 626 010a D2000000 		.4byte	0xd2
 627 010e 09       		.uleb128 0x9
 628 010f 70020000 		.4byte	.LASF51
 629 0113 01       		.byte	0x1
 630 0114 3B       		.byte	0x3b
 631 0115 00000000 		.4byte	.LFB66
 632 0119 0C000000 		.4byte	.LFE66-.LFB66
 633 011d 01       		.uleb128 0x1
ARM GAS  C:\Users\ingan\AppData\Local\Temp\ccQIVYOc.s 			page 15


 634 011e 9C       		.byte	0x9c
 635 011f 0A       		.uleb128 0xa
 636 0120 45000000 		.4byte	.LASF23
 637 0124 01       		.byte	0x1
 638 0125 36       		.byte	0x36
 639 0126 00000000 		.4byte	.LFB65
 640 012a 10000000 		.4byte	.LFE65-.LFB65
 641 012e 01       		.uleb128 0x1
 642 012f 9C       		.byte	0x9c
 643 0130 48010000 		.4byte	0x148
 644 0134 0B       		.uleb128 0xb
 645 0135 08000000 		.4byte	.LVL0
 646 0139 DE030000 		.4byte	0x3de
 647 013d 0C       		.uleb128 0xc
 648 013e 01       		.uleb128 0x1
 649 013f 50       		.byte	0x50
 650 0140 05       		.uleb128 0x5
 651 0141 03       		.byte	0x3
 652 0142 04000000 		.4byte	.LANCHOR0+4
 653 0146 00       		.byte	0
 654 0147 00       		.byte	0
 655 0148 0A       		.uleb128 0xa
 656 0149 83010000 		.4byte	.LASF24
 657 014d 01       		.byte	0x1
 658 014e 40       		.byte	0x40
 659 014f 00000000 		.4byte	.LFB67
 660 0153 08000000 		.4byte	.LFE67-.LFB67
 661 0157 01       		.uleb128 0x1
 662 0158 9C       		.byte	0x9c
 663 0159 67010000 		.4byte	0x167
 664 015d 0D       		.uleb128 0xd
 665 015e 06000000 		.4byte	.LVL1
 666 0162 E9030000 		.4byte	0x3e9
 667 0166 00       		.byte	0
 668 0167 0A       		.uleb128 0xa
 669 0168 0B000000 		.4byte	.LASF25
 670 016c 01       		.byte	0x1
 671 016d 45       		.byte	0x45
 672 016e 00000000 		.4byte	.LFB68
 673 0172 1C000000 		.4byte	.LFE68-.LFB68
 674 0176 01       		.uleb128 0x1
 675 0177 9C       		.byte	0x9c
 676 0178 99010000 		.4byte	0x199
 677 017c 0B       		.uleb128 0xb
 678 017d 0C000000 		.4byte	.LVL2
 679 0181 F4030000 		.4byte	0x3f4
 680 0185 0C       		.uleb128 0xc
 681 0186 01       		.uleb128 0x1
 682 0187 51       		.byte	0x51
 683 0188 05       		.uleb128 0x5
 684 0189 03       		.byte	0x3
 685 018a 00000000 		.4byte	.LC0
 686 018e 0C       		.uleb128 0xc
 687 018f 01       		.uleb128 0x1
 688 0190 52       		.byte	0x52
 689 0191 05       		.uleb128 0x5
 690 0192 03       		.byte	0x3
ARM GAS  C:\Users\ingan\AppData\Local\Temp\ccQIVYOc.s 			page 16


 691 0193 70000000 		.4byte	.LANCHOR0+112
 692 0197 00       		.byte	0
 693 0198 00       		.byte	0
 694 0199 0A       		.uleb128 0xa
 695 019a 39000000 		.4byte	.LASF26
 696 019e 01       		.byte	0x1
 697 019f 4A       		.byte	0x4a
 698 01a0 00000000 		.4byte	.LFB69
 699 01a4 1C000000 		.4byte	.LFE69-.LFB69
 700 01a8 01       		.uleb128 0x1
 701 01a9 9C       		.byte	0x9c
 702 01aa CB010000 		.4byte	0x1cb
 703 01ae 0B       		.uleb128 0xb
 704 01af 0C000000 		.4byte	.LVL3
 705 01b3 F4030000 		.4byte	0x3f4
 706 01b7 0C       		.uleb128 0xc
 707 01b8 01       		.uleb128 0x1
 708 01b9 51       		.byte	0x51
 709 01ba 05       		.uleb128 0x5
 710 01bb 03       		.byte	0x3
 711 01bc 00000000 		.4byte	.LC0
 712 01c0 0C       		.uleb128 0xc
 713 01c1 01       		.uleb128 0x1
 714 01c2 52       		.byte	0x52
 715 01c3 05       		.uleb128 0x5
 716 01c4 03       		.byte	0x3
 717 01c5 72000000 		.4byte	.LANCHOR0+114
 718 01c9 00       		.byte	0
 719 01ca 00       		.byte	0
 720 01cb 0A       		.uleb128 0xa
 721 01cc 84020000 		.4byte	.LASF27
 722 01d0 01       		.byte	0x1
 723 01d1 4F       		.byte	0x4f
 724 01d2 00000000 		.4byte	.LFB70
 725 01d6 1C000000 		.4byte	.LFE70-.LFB70
 726 01da 01       		.uleb128 0x1
 727 01db 9C       		.byte	0x9c
 728 01dc FD010000 		.4byte	0x1fd
 729 01e0 0B       		.uleb128 0xb
 730 01e1 0C000000 		.4byte	.LVL4
 731 01e5 F4030000 		.4byte	0x3f4
 732 01e9 0C       		.uleb128 0xc
 733 01ea 01       		.uleb128 0x1
 734 01eb 51       		.byte	0x51
 735 01ec 05       		.uleb128 0x5
 736 01ed 03       		.byte	0x3
 737 01ee 08000000 		.4byte	.LC1
 738 01f2 0C       		.uleb128 0xc
 739 01f3 01       		.uleb128 0x1
 740 01f4 52       		.byte	0x52
 741 01f5 05       		.uleb128 0x5
 742 01f6 03       		.byte	0x3
 743 01f7 74000000 		.4byte	.LANCHOR0+116
 744 01fb 00       		.byte	0
 745 01fc 00       		.byte	0
 746 01fd 0A       		.uleb128 0xa
 747 01fe 00000000 		.4byte	.LASF28
ARM GAS  C:\Users\ingan\AppData\Local\Temp\ccQIVYOc.s 			page 17


 748 0202 01       		.byte	0x1
 749 0203 5C       		.byte	0x5c
 750 0204 00000000 		.4byte	.LFB72
 751 0208 1C000000 		.4byte	.LFE72-.LFB72
 752 020c 01       		.uleb128 0x1
 753 020d 9C       		.byte	0x9c
 754 020e 2F020000 		.4byte	0x22f
 755 0212 0B       		.uleb128 0xb
 756 0213 0C000000 		.4byte	.LVL5
 757 0217 F4030000 		.4byte	0x3f4
 758 021b 0C       		.uleb128 0xc
 759 021c 01       		.uleb128 0x1
 760 021d 51       		.byte	0x51
 761 021e 05       		.uleb128 0x5
 762 021f 03       		.byte	0x3
 763 0220 08000000 		.4byte	.LC1
 764 0224 0C       		.uleb128 0xc
 765 0225 01       		.uleb128 0x1
 766 0226 52       		.byte	0x52
 767 0227 05       		.uleb128 0x5
 768 0228 03       		.byte	0x3
 769 0229 78000000 		.4byte	.LANCHOR0+120
 770 022d 00       		.byte	0
 771 022e 00       		.byte	0
 772 022f 0A       		.uleb128 0xa
 773 0230 BC020000 		.4byte	.LASF29
 774 0234 01       		.byte	0x1
 775 0235 54       		.byte	0x54
 776 0236 00000000 		.4byte	.LFB71
 777 023a 2C000000 		.4byte	.LFE71-.LFB71
 778 023e 01       		.uleb128 0x1
 779 023f 9C       		.byte	0x9c
 780 0240 78020000 		.4byte	0x278
 781 0244 0E       		.uleb128 0xe
 782 0245 16000000 		.4byte	.LVL6
 783 0249 FF030000 		.4byte	0x3ff
 784 024d 67020000 		.4byte	0x267
 785 0251 0C       		.uleb128 0xc
 786 0252 01       		.uleb128 0x1
 787 0253 50       		.byte	0x50
 788 0254 02       		.uleb128 0x2
 789 0255 74       		.byte	0x74
 790 0256 00       		.sleb128 0
 791 0257 0C       		.uleb128 0xc
 792 0258 01       		.uleb128 0x1
 793 0259 51       		.byte	0x51
 794 025a 02       		.uleb128 0x2
 795 025b 08       		.byte	0x8
 796 025c 40       		.byte	0x40
 797 025d 0C       		.uleb128 0xc
 798 025e 01       		.uleb128 0x1
 799 025f 52       		.byte	0x52
 800 0260 05       		.uleb128 0x5
 801 0261 03       		.byte	0x3
 802 0262 10000000 		.4byte	.LC2
 803 0266 00       		.byte	0
 804 0267 0B       		.uleb128 0xb
ARM GAS  C:\Users\ingan\AppData\Local\Temp\ccQIVYOc.s 			page 18


 805 0268 1C000000 		.4byte	.LVL7
 806 026c 0A040000 		.4byte	0x40a
 807 0270 0C       		.uleb128 0xc
 808 0271 01       		.uleb128 0x1
 809 0272 50       		.byte	0x50
 810 0273 02       		.uleb128 0x2
 811 0274 74       		.byte	0x74
 812 0275 00       		.sleb128 0
 813 0276 00       		.byte	0
 814 0277 00       		.byte	0
 815 0278 0F       		.uleb128 0xf
 816 0279 8D020000 		.4byte	.LASF30
 817 027d 01       		.byte	0x1
 818 027e 1A       		.byte	0x1a
 819 027f 00000000 		.4byte	.LFB64
 820 0283 6C000000 		.4byte	.LFE64-.LFB64
 821 0287 01       		.uleb128 0x1
 822 0288 9C       		.byte	0x9c
 823 0289 30030000 		.4byte	0x330
 824 028d 10       		.uleb128 0x10
 825 028e 6C010000 		.4byte	.LASF20
 826 0292 01       		.byte	0x1
 827 0293 1C       		.byte	0x1c
 828 0294 C7000000 		.4byte	0xc7
 829 0298 00000000 		.4byte	.LLST0
 830 029c 0D       		.uleb128 0xd
 831 029d 0C000000 		.4byte	.LVL8
 832 02a1 1F010000 		.4byte	0x11f
 833 02a5 0E       		.uleb128 0xe
 834 02a6 12000000 		.4byte	.LVL9
 835 02aa 15040000 		.4byte	0x415
 836 02ae BC020000 		.4byte	0x2bc
 837 02b2 0C       		.uleb128 0xc
 838 02b3 01       		.uleb128 0x1
 839 02b4 50       		.byte	0x50
 840 02b5 05       		.uleb128 0x5
 841 02b6 03       		.byte	0x3
 842 02b7 30000000 		.4byte	.LC3
 843 02bb 00       		.byte	0
 844 02bc 0D       		.uleb128 0xd
 845 02bd 18000000 		.4byte	.LVL10
 846 02c1 20040000 		.4byte	0x420
 847 02c5 0E       		.uleb128 0xe
 848 02c6 22000000 		.4byte	.LVL11
 849 02ca 2B040000 		.4byte	0x42b
 850 02ce DC020000 		.4byte	0x2dc
 851 02d2 0C       		.uleb128 0xc
 852 02d3 01       		.uleb128 0x1
 853 02d4 50       		.byte	0x50
 854 02d5 05       		.uleb128 0x5
 855 02d6 03       		.byte	0x3
 856 02d7 04000000 		.4byte	.LANCHOR0+4
 857 02db 00       		.byte	0
 858 02dc 0E       		.uleb128 0xe
 859 02dd 2E000000 		.4byte	.LVL15
 860 02e1 0A040000 		.4byte	0x40a
 861 02e5 F3020000 		.4byte	0x2f3
ARM GAS  C:\Users\ingan\AppData\Local\Temp\ccQIVYOc.s 			page 19


 862 02e9 0C       		.uleb128 0xc
 863 02ea 01       		.uleb128 0x1
 864 02eb 50       		.byte	0x50
 865 02ec 05       		.uleb128 0x5
 866 02ed 03       		.byte	0x3
 867 02ee 38000000 		.4byte	.LC4
 868 02f2 00       		.byte	0
 869 02f3 0D       		.uleb128 0xd
 870 02f4 34000000 		.4byte	.LVL16
 871 02f8 0A040000 		.4byte	0x40a
 872 02fc 0E       		.uleb128 0xe
 873 02fd 3A000000 		.4byte	.LVL17
 874 0301 0A040000 		.4byte	0x40a
 875 0305 13030000 		.4byte	0x313
 876 0309 0C       		.uleb128 0xc
 877 030a 01       		.uleb128 0x1
 878 030b 50       		.byte	0x50
 879 030c 05       		.uleb128 0x5
 880 030d 03       		.byte	0x3
 881 030e 4C000000 		.4byte	.LC5
 882 0312 00       		.byte	0
 883 0313 0D       		.uleb128 0xd
 884 0314 3E000000 		.4byte	.LVL18
 885 0318 1F010000 		.4byte	0x11f
 886 031c 0B       		.uleb128 0xb
 887 031d 4A000000 		.4byte	.LVL19
 888 0321 15040000 		.4byte	0x415
 889 0325 0C       		.uleb128 0xc
 890 0326 01       		.uleb128 0x1
 891 0327 50       		.byte	0x50
 892 0328 05       		.uleb128 0x5
 893 0329 03       		.byte	0x3
 894 032a 30000000 		.4byte	.LC3
 895 032e 00       		.byte	0
 896 032f 00       		.byte	0
 897 0330 11       		.uleb128 0x11
 898 0331 B4020000 		.4byte	.LASF31
 899 0335 01       		.byte	0x1
 900 0336 07       		.byte	0x7
 901 0337 73000000 		.4byte	0x73
 902 033b 05       		.uleb128 0x5
 903 033c 03       		.byte	0x3
 904 033d 00000000 		.4byte	keep_on
 905 0341 11       		.uleb128 0x11
 906 0342 7E000000 		.4byte	.LASF32
 907 0346 01       		.byte	0x1
 908 0347 08       		.byte	0x8
 909 0348 81000000 		.4byte	0x81
 910 034c 05       		.uleb128 0x5
 911 034d 03       		.byte	0x3
 912 034e 70000000 		.4byte	loop
 913 0352 11       		.uleb128 0x11
 914 0353 67020000 		.4byte	.LASF33
 915 0357 01       		.byte	0x1
 916 0358 09       		.byte	0x9
 917 0359 81000000 		.4byte	0x81
 918 035d 05       		.uleb128 0x5
ARM GAS  C:\Users\ingan\AppData\Local\Temp\ccQIVYOc.s 			page 20


 919 035e 03       		.byte	0x3
 920 035f 72000000 		.4byte	interval
 921 0363 11       		.uleb128 0x11
 922 0364 11010000 		.4byte	.LASF34
 923 0368 01       		.byte	0x1
 924 0369 0A       		.byte	0xa
 925 036a 73000000 		.4byte	0x73
 926 036e 05       		.uleb128 0x5
 927 036f 03       		.byte	0x3
 928 0370 78000000 		.4byte	sAddress
 929 0374 11       		.uleb128 0x11
 930 0375 78000000 		.4byte	.LASF35
 931 0379 01       		.byte	0x1
 932 037a 0B       		.byte	0xb
 933 037b 73000000 		.4byte	0x73
 934 037f 05       		.uleb128 0x5
 935 0380 03       		.byte	0x3
 936 0381 74000000 		.4byte	delay
 937 0385 12       		.uleb128 0x12
 938 0386 3F010000 		.4byte	.LASF36
 939 038a 05       		.byte	0x5
 940 038b 1207     		.2byte	0x712
 941 038d 91030000 		.4byte	0x391
 942 0391 13       		.uleb128 0x13
 943 0392 8C000000 		.4byte	0x8c
 944 0396 14       		.uleb128 0x14
 945 0397 A5000000 		.4byte	0xa5
 946 039b A1030000 		.4byte	0x3a1
 947 039f 15       		.uleb128 0x15
 948 03a0 00       		.byte	0
 949 03a1 16       		.uleb128 0x16
 950 03a2 73747200 		.ascii	"str\000"
 951 03a6 08       		.byte	0x8
 952 03a7 35       		.byte	0x35
 953 03a8 96030000 		.4byte	0x396
 954 03ac 17       		.uleb128 0x17
 955 03ad 7A020000 		.4byte	.LASF37
 956 03b1 01       		.byte	0x1
 957 03b2 0C       		.byte	0xc
 958 03b3 81000000 		.4byte	0x81
 959 03b7 05       		.uleb128 0x5
 960 03b8 03       		.byte	0x3
 961 03b9 00000000 		.4byte	timeoutms
 962 03bd 14       		.uleb128 0x14
 963 03be 03010000 		.4byte	0x103
 964 03c2 CD030000 		.4byte	0x3cd
 965 03c6 18       		.uleb128 0x18
 966 03c7 BA000000 		.4byte	0xba
 967 03cb 08       		.byte	0x8
 968 03cc 00       		.byte	0
 969 03cd 17       		.uleb128 0x17
 970 03ce 46020000 		.4byte	.LASF38
 971 03d2 01       		.byte	0x1
 972 03d3 0E       		.byte	0xe
 973 03d4 BD030000 		.4byte	0x3bd
 974 03d8 05       		.uleb128 0x5
 975 03d9 03       		.byte	0x3
ARM GAS  C:\Users\ingan\AppData\Local\Temp\ccQIVYOc.s 			page 21


 976 03da 00000000 		.4byte	i2c_func_list
 977 03de 19       		.uleb128 0x19
 978 03df 2F000000 		.4byte	.LASF39
 979 03e3 2F000000 		.4byte	.LASF39
 980 03e7 04       		.byte	0x4
 981 03e8 11       		.byte	0x11
 982 03e9 19       		.uleb128 0x19
 983 03ea 5C000000 		.4byte	.LASF40
 984 03ee 5C000000 		.4byte	.LASF40
 985 03f2 06       		.byte	0x6
 986 03f3 7B       		.byte	0x7b
 987 03f4 19       		.uleb128 0x19
 988 03f5 A1020000 		.4byte	.LASF41
 989 03f9 A1020000 		.4byte	.LASF41
 990 03fd 07       		.byte	0x7
 991 03fe BF       		.byte	0xbf
 992 03ff 19       		.uleb128 0x19
 993 0400 26000000 		.4byte	.LASF42
 994 0404 26000000 		.4byte	.LASF42
 995 0408 07       		.byte	0x7
 996 0409 FD       		.byte	0xfd
 997 040a 19       		.uleb128 0x19
 998 040b 40020000 		.4byte	.LASF43
 999 040f 40020000 		.4byte	.LASF43
 1000 0413 08       		.byte	0x8
 1001 0414 0F       		.byte	0xf
 1002 0415 19       		.uleb128 0x19
 1003 0416 26020000 		.4byte	.LASF44
 1004 041a 26020000 		.4byte	.LASF44
 1005 041e 08       		.byte	0x8
 1006 041f 2D       		.byte	0x2d
 1007 0420 19       		.uleb128 0x19
 1008 0421 7A010000 		.4byte	.LASF45
 1009 0425 7A010000 		.4byte	.LASF45
 1010 0429 08       		.byte	0x8
 1011 042a 29       		.byte	0x29
 1012 042b 19       		.uleb128 0x19
 1013 042c 71010000 		.4byte	.LASF46
 1014 0430 71010000 		.4byte	.LASF46
 1015 0434 04       		.byte	0x4
 1016 0435 0F       		.byte	0xf
 1017 0436 00       		.byte	0
 1018              		.section	.debug_abbrev,"",%progbits
 1019              	.Ldebug_abbrev0:
 1020 0000 01       		.uleb128 0x1
 1021 0001 11       		.uleb128 0x11
 1022 0002 01       		.byte	0x1
 1023 0003 25       		.uleb128 0x25
 1024 0004 0E       		.uleb128 0xe
 1025 0005 13       		.uleb128 0x13
 1026 0006 0B       		.uleb128 0xb
 1027 0007 03       		.uleb128 0x3
 1028 0008 0E       		.uleb128 0xe
 1029 0009 1B       		.uleb128 0x1b
 1030 000a 0E       		.uleb128 0xe
 1031 000b 55       		.uleb128 0x55
 1032 000c 17       		.uleb128 0x17
ARM GAS  C:\Users\ingan\AppData\Local\Temp\ccQIVYOc.s 			page 22


 1033 000d 11       		.uleb128 0x11
 1034 000e 01       		.uleb128 0x1
 1035 000f 10       		.uleb128 0x10
 1036 0010 17       		.uleb128 0x17
 1037 0011 00       		.byte	0
 1038 0012 00       		.byte	0
 1039 0013 02       		.uleb128 0x2
 1040 0014 24       		.uleb128 0x24
 1041 0015 00       		.byte	0
 1042 0016 0B       		.uleb128 0xb
 1043 0017 0B       		.uleb128 0xb
 1044 0018 3E       		.uleb128 0x3e
 1045 0019 0B       		.uleb128 0xb
 1046 001a 03       		.uleb128 0x3
 1047 001b 0E       		.uleb128 0xe
 1048 001c 00       		.byte	0
 1049 001d 00       		.byte	0
 1050 001e 03       		.uleb128 0x3
 1051 001f 16       		.uleb128 0x16
 1052 0020 00       		.byte	0
 1053 0021 03       		.uleb128 0x3
 1054 0022 0E       		.uleb128 0xe
 1055 0023 3A       		.uleb128 0x3a
 1056 0024 0B       		.uleb128 0xb
 1057 0025 3B       		.uleb128 0x3b
 1058 0026 0B       		.uleb128 0xb
 1059 0027 49       		.uleb128 0x49
 1060 0028 13       		.uleb128 0x13
 1061 0029 00       		.byte	0
 1062 002a 00       		.byte	0
 1063 002b 04       		.uleb128 0x4
 1064 002c 24       		.uleb128 0x24
 1065 002d 00       		.byte	0
 1066 002e 0B       		.uleb128 0xb
 1067 002f 0B       		.uleb128 0xb
 1068 0030 3E       		.uleb128 0x3e
 1069 0031 0B       		.uleb128 0xb
 1070 0032 03       		.uleb128 0x3
 1071 0033 08       		.uleb128 0x8
 1072 0034 00       		.byte	0
 1073 0035 00       		.byte	0
 1074 0036 05       		.uleb128 0x5
 1075 0037 0F       		.uleb128 0xf
 1076 0038 00       		.byte	0
 1077 0039 0B       		.uleb128 0xb
 1078 003a 0B       		.uleb128 0xb
 1079 003b 49       		.uleb128 0x49
 1080 003c 13       		.uleb128 0x13
 1081 003d 00       		.byte	0
 1082 003e 00       		.byte	0
 1083 003f 06       		.uleb128 0x6
 1084 0040 15       		.uleb128 0x15
 1085 0041 00       		.byte	0
 1086 0042 27       		.uleb128 0x27
 1087 0043 19       		.uleb128 0x19
 1088 0044 00       		.byte	0
 1089 0045 00       		.byte	0
ARM GAS  C:\Users\ingan\AppData\Local\Temp\ccQIVYOc.s 			page 23


 1090 0046 07       		.uleb128 0x7
 1091 0047 13       		.uleb128 0x13
 1092 0048 01       		.byte	0x1
 1093 0049 03       		.uleb128 0x3
 1094 004a 0E       		.uleb128 0xe
 1095 004b 0B       		.uleb128 0xb
 1096 004c 0B       		.uleb128 0xb
 1097 004d 3A       		.uleb128 0x3a
 1098 004e 0B       		.uleb128 0xb
 1099 004f 3B       		.uleb128 0x3b
 1100 0050 0B       		.uleb128 0xb
 1101 0051 01       		.uleb128 0x1
 1102 0052 13       		.uleb128 0x13
 1103 0053 00       		.byte	0
 1104 0054 00       		.byte	0
 1105 0055 08       		.uleb128 0x8
 1106 0056 0D       		.uleb128 0xd
 1107 0057 00       		.byte	0
 1108 0058 03       		.uleb128 0x3
 1109 0059 0E       		.uleb128 0xe
 1110 005a 3A       		.uleb128 0x3a
 1111 005b 0B       		.uleb128 0xb
 1112 005c 3B       		.uleb128 0x3b
 1113 005d 0B       		.uleb128 0xb
 1114 005e 49       		.uleb128 0x49
 1115 005f 13       		.uleb128 0x13
 1116 0060 38       		.uleb128 0x38
 1117 0061 0B       		.uleb128 0xb
 1118 0062 00       		.byte	0
 1119 0063 00       		.byte	0
 1120 0064 09       		.uleb128 0x9
 1121 0065 2E       		.uleb128 0x2e
 1122 0066 00       		.byte	0
 1123 0067 3F       		.uleb128 0x3f
 1124 0068 19       		.uleb128 0x19
 1125 0069 03       		.uleb128 0x3
 1126 006a 0E       		.uleb128 0xe
 1127 006b 3A       		.uleb128 0x3a
 1128 006c 0B       		.uleb128 0xb
 1129 006d 3B       		.uleb128 0x3b
 1130 006e 0B       		.uleb128 0xb
 1131 006f 27       		.uleb128 0x27
 1132 0070 19       		.uleb128 0x19
 1133 0071 11       		.uleb128 0x11
 1134 0072 01       		.uleb128 0x1
 1135 0073 12       		.uleb128 0x12
 1136 0074 06       		.uleb128 0x6
 1137 0075 40       		.uleb128 0x40
 1138 0076 18       		.uleb128 0x18
 1139 0077 9742     		.uleb128 0x2117
 1140 0079 19       		.uleb128 0x19
 1141 007a 00       		.byte	0
 1142 007b 00       		.byte	0
 1143 007c 0A       		.uleb128 0xa
 1144 007d 2E       		.uleb128 0x2e
 1145 007e 01       		.byte	0x1
 1146 007f 3F       		.uleb128 0x3f
ARM GAS  C:\Users\ingan\AppData\Local\Temp\ccQIVYOc.s 			page 24


 1147 0080 19       		.uleb128 0x19
 1148 0081 03       		.uleb128 0x3
 1149 0082 0E       		.uleb128 0xe
 1150 0083 3A       		.uleb128 0x3a
 1151 0084 0B       		.uleb128 0xb
 1152 0085 3B       		.uleb128 0x3b
 1153 0086 0B       		.uleb128 0xb
 1154 0087 27       		.uleb128 0x27
 1155 0088 19       		.uleb128 0x19
 1156 0089 11       		.uleb128 0x11
 1157 008a 01       		.uleb128 0x1
 1158 008b 12       		.uleb128 0x12
 1159 008c 06       		.uleb128 0x6
 1160 008d 40       		.uleb128 0x40
 1161 008e 18       		.uleb128 0x18
 1162 008f 9742     		.uleb128 0x2117
 1163 0091 19       		.uleb128 0x19
 1164 0092 01       		.uleb128 0x1
 1165 0093 13       		.uleb128 0x13
 1166 0094 00       		.byte	0
 1167 0095 00       		.byte	0
 1168 0096 0B       		.uleb128 0xb
 1169 0097 898201   		.uleb128 0x4109
 1170 009a 01       		.byte	0x1
 1171 009b 11       		.uleb128 0x11
 1172 009c 01       		.uleb128 0x1
 1173 009d 31       		.uleb128 0x31
 1174 009e 13       		.uleb128 0x13
 1175 009f 00       		.byte	0
 1176 00a0 00       		.byte	0
 1177 00a1 0C       		.uleb128 0xc
 1178 00a2 8A8201   		.uleb128 0x410a
 1179 00a5 00       		.byte	0
 1180 00a6 02       		.uleb128 0x2
 1181 00a7 18       		.uleb128 0x18
 1182 00a8 9142     		.uleb128 0x2111
 1183 00aa 18       		.uleb128 0x18
 1184 00ab 00       		.byte	0
 1185 00ac 00       		.byte	0
 1186 00ad 0D       		.uleb128 0xd
 1187 00ae 898201   		.uleb128 0x4109
 1188 00b1 00       		.byte	0
 1189 00b2 11       		.uleb128 0x11
 1190 00b3 01       		.uleb128 0x1
 1191 00b4 31       		.uleb128 0x31
 1192 00b5 13       		.uleb128 0x13
 1193 00b6 00       		.byte	0
 1194 00b7 00       		.byte	0
 1195 00b8 0E       		.uleb128 0xe
 1196 00b9 898201   		.uleb128 0x4109
 1197 00bc 01       		.byte	0x1
 1198 00bd 11       		.uleb128 0x11
 1199 00be 01       		.uleb128 0x1
 1200 00bf 31       		.uleb128 0x31
 1201 00c0 13       		.uleb128 0x13
 1202 00c1 01       		.uleb128 0x1
 1203 00c2 13       		.uleb128 0x13
ARM GAS  C:\Users\ingan\AppData\Local\Temp\ccQIVYOc.s 			page 25


 1204 00c3 00       		.byte	0
 1205 00c4 00       		.byte	0
 1206 00c5 0F       		.uleb128 0xf
 1207 00c6 2E       		.uleb128 0x2e
 1208 00c7 01       		.byte	0x1
 1209 00c8 3F       		.uleb128 0x3f
 1210 00c9 19       		.uleb128 0x19
 1211 00ca 03       		.uleb128 0x3
 1212 00cb 0E       		.uleb128 0xe
 1213 00cc 3A       		.uleb128 0x3a
 1214 00cd 0B       		.uleb128 0xb
 1215 00ce 3B       		.uleb128 0x3b
 1216 00cf 0B       		.uleb128 0xb
 1217 00d0 27       		.uleb128 0x27
 1218 00d1 19       		.uleb128 0x19
 1219 00d2 11       		.uleb128 0x11
 1220 00d3 01       		.uleb128 0x1
 1221 00d4 12       		.uleb128 0x12
 1222 00d5 06       		.uleb128 0x6
 1223 00d6 40       		.uleb128 0x40
 1224 00d7 18       		.uleb128 0x18
 1225 00d8 9642     		.uleb128 0x2116
 1226 00da 19       		.uleb128 0x19
 1227 00db 01       		.uleb128 0x1
 1228 00dc 13       		.uleb128 0x13
 1229 00dd 00       		.byte	0
 1230 00de 00       		.byte	0
 1231 00df 10       		.uleb128 0x10
 1232 00e0 34       		.uleb128 0x34
 1233 00e1 00       		.byte	0
 1234 00e2 03       		.uleb128 0x3
 1235 00e3 0E       		.uleb128 0xe
 1236 00e4 3A       		.uleb128 0x3a
 1237 00e5 0B       		.uleb128 0xb
 1238 00e6 3B       		.uleb128 0x3b
 1239 00e7 0B       		.uleb128 0xb
 1240 00e8 49       		.uleb128 0x49
 1241 00e9 13       		.uleb128 0x13
 1242 00ea 02       		.uleb128 0x2
 1243 00eb 17       		.uleb128 0x17
 1244 00ec 00       		.byte	0
 1245 00ed 00       		.byte	0
 1246 00ee 11       		.uleb128 0x11
 1247 00ef 34       		.uleb128 0x34
 1248 00f0 00       		.byte	0
 1249 00f1 03       		.uleb128 0x3
 1250 00f2 0E       		.uleb128 0xe
 1251 00f3 3A       		.uleb128 0x3a
 1252 00f4 0B       		.uleb128 0xb
 1253 00f5 3B       		.uleb128 0x3b
 1254 00f6 0B       		.uleb128 0xb
 1255 00f7 49       		.uleb128 0x49
 1256 00f8 13       		.uleb128 0x13
 1257 00f9 02       		.uleb128 0x2
 1258 00fa 18       		.uleb128 0x18
 1259 00fb 00       		.byte	0
 1260 00fc 00       		.byte	0
ARM GAS  C:\Users\ingan\AppData\Local\Temp\ccQIVYOc.s 			page 26


 1261 00fd 12       		.uleb128 0x12
 1262 00fe 34       		.uleb128 0x34
 1263 00ff 00       		.byte	0
 1264 0100 03       		.uleb128 0x3
 1265 0101 0E       		.uleb128 0xe
 1266 0102 3A       		.uleb128 0x3a
 1267 0103 0B       		.uleb128 0xb
 1268 0104 3B       		.uleb128 0x3b
 1269 0105 05       		.uleb128 0x5
 1270 0106 49       		.uleb128 0x49
 1271 0107 13       		.uleb128 0x13
 1272 0108 3F       		.uleb128 0x3f
 1273 0109 19       		.uleb128 0x19
 1274 010a 3C       		.uleb128 0x3c
 1275 010b 19       		.uleb128 0x19
 1276 010c 00       		.byte	0
 1277 010d 00       		.byte	0
 1278 010e 13       		.uleb128 0x13
 1279 010f 35       		.uleb128 0x35
 1280 0110 00       		.byte	0
 1281 0111 49       		.uleb128 0x49
 1282 0112 13       		.uleb128 0x13
 1283 0113 00       		.byte	0
 1284 0114 00       		.byte	0
 1285 0115 14       		.uleb128 0x14
 1286 0116 01       		.uleb128 0x1
 1287 0117 01       		.byte	0x1
 1288 0118 49       		.uleb128 0x49
 1289 0119 13       		.uleb128 0x13
 1290 011a 01       		.uleb128 0x1
 1291 011b 13       		.uleb128 0x13
 1292 011c 00       		.byte	0
 1293 011d 00       		.byte	0
 1294 011e 15       		.uleb128 0x15
 1295 011f 21       		.uleb128 0x21
 1296 0120 00       		.byte	0
 1297 0121 00       		.byte	0
 1298 0122 00       		.byte	0
 1299 0123 16       		.uleb128 0x16
 1300 0124 34       		.uleb128 0x34
 1301 0125 00       		.byte	0
 1302 0126 03       		.uleb128 0x3
 1303 0127 08       		.uleb128 0x8
 1304 0128 3A       		.uleb128 0x3a
 1305 0129 0B       		.uleb128 0xb
 1306 012a 3B       		.uleb128 0x3b
 1307 012b 0B       		.uleb128 0xb
 1308 012c 49       		.uleb128 0x49
 1309 012d 13       		.uleb128 0x13
 1310 012e 3F       		.uleb128 0x3f
 1311 012f 19       		.uleb128 0x19
 1312 0130 3C       		.uleb128 0x3c
 1313 0131 19       		.uleb128 0x19
 1314 0132 00       		.byte	0
 1315 0133 00       		.byte	0
 1316 0134 17       		.uleb128 0x17
 1317 0135 34       		.uleb128 0x34
ARM GAS  C:\Users\ingan\AppData\Local\Temp\ccQIVYOc.s 			page 27


 1318 0136 00       		.byte	0
 1319 0137 03       		.uleb128 0x3
 1320 0138 0E       		.uleb128 0xe
 1321 0139 3A       		.uleb128 0x3a
 1322 013a 0B       		.uleb128 0xb
 1323 013b 3B       		.uleb128 0x3b
 1324 013c 0B       		.uleb128 0xb
 1325 013d 49       		.uleb128 0x49
 1326 013e 13       		.uleb128 0x13
 1327 013f 3F       		.uleb128 0x3f
 1328 0140 19       		.uleb128 0x19
 1329 0141 02       		.uleb128 0x2
 1330 0142 18       		.uleb128 0x18
 1331 0143 00       		.byte	0
 1332 0144 00       		.byte	0
 1333 0145 18       		.uleb128 0x18
 1334 0146 21       		.uleb128 0x21
 1335 0147 00       		.byte	0
 1336 0148 49       		.uleb128 0x49
 1337 0149 13       		.uleb128 0x13
 1338 014a 2F       		.uleb128 0x2f
 1339 014b 0B       		.uleb128 0xb
 1340 014c 00       		.byte	0
 1341 014d 00       		.byte	0
 1342 014e 19       		.uleb128 0x19
 1343 014f 2E       		.uleb128 0x2e
 1344 0150 00       		.byte	0
 1345 0151 3F       		.uleb128 0x3f
 1346 0152 19       		.uleb128 0x19
 1347 0153 3C       		.uleb128 0x3c
 1348 0154 19       		.uleb128 0x19
 1349 0155 6E       		.uleb128 0x6e
 1350 0156 0E       		.uleb128 0xe
 1351 0157 03       		.uleb128 0x3
 1352 0158 0E       		.uleb128 0xe
 1353 0159 3A       		.uleb128 0x3a
 1354 015a 0B       		.uleb128 0xb
 1355 015b 3B       		.uleb128 0x3b
 1356 015c 0B       		.uleb128 0xb
 1357 015d 00       		.byte	0
 1358 015e 00       		.byte	0
 1359 015f 00       		.byte	0
 1360              		.section	.debug_loc,"",%progbits
 1361              	.Ldebug_loc0:
 1362              	.LLST0:
 1363 0000 22000000 		.4byte	.LVL11
 1364 0004 25000000 		.4byte	.LVL12-1
 1365 0008 0100     		.2byte	0x1
 1366 000a 50       		.byte	0x50
 1367 000b 28000000 		.4byte	.LVL13
 1368 000f 2A000000 		.4byte	.LVL14
 1369 0013 0100     		.2byte	0x1
 1370 0015 50       		.byte	0x50
 1371 0016 00000000 		.4byte	0
 1372 001a 00000000 		.4byte	0
 1373              		.section	.debug_aranges,"",%progbits
 1374 0000 5C000000 		.4byte	0x5c
ARM GAS  C:\Users\ingan\AppData\Local\Temp\ccQIVYOc.s 			page 28


 1375 0004 0200     		.2byte	0x2
 1376 0006 00000000 		.4byte	.Ldebug_info0
 1377 000a 04       		.byte	0x4
 1378 000b 00       		.byte	0
 1379 000c 0000     		.2byte	0
 1380 000e 0000     		.2byte	0
 1381 0010 00000000 		.4byte	.LFB66
 1382 0014 0C000000 		.4byte	.LFE66-.LFB66
 1383 0018 00000000 		.4byte	.LFB65
 1384 001c 10000000 		.4byte	.LFE65-.LFB65
 1385 0020 00000000 		.4byte	.LFB67
 1386 0024 08000000 		.4byte	.LFE67-.LFB67
 1387 0028 00000000 		.4byte	.LFB68
 1388 002c 1C000000 		.4byte	.LFE68-.LFB68
 1389 0030 00000000 		.4byte	.LFB69
 1390 0034 1C000000 		.4byte	.LFE69-.LFB69
 1391 0038 00000000 		.4byte	.LFB70
 1392 003c 1C000000 		.4byte	.LFE70-.LFB70
 1393 0040 00000000 		.4byte	.LFB72
 1394 0044 1C000000 		.4byte	.LFE72-.LFB72
 1395 0048 00000000 		.4byte	.LFB71
 1396 004c 2C000000 		.4byte	.LFE71-.LFB71
 1397 0050 00000000 		.4byte	.LFB64
 1398 0054 6C000000 		.4byte	.LFE64-.LFB64
 1399 0058 00000000 		.4byte	0
 1400 005c 00000000 		.4byte	0
 1401              		.section	.debug_ranges,"",%progbits
 1402              	.Ldebug_ranges0:
 1403 0000 00000000 		.4byte	.LFB66
 1404 0004 0C000000 		.4byte	.LFE66
 1405 0008 00000000 		.4byte	.LFB65
 1406 000c 10000000 		.4byte	.LFE65
 1407 0010 00000000 		.4byte	.LFB67
 1408 0014 08000000 		.4byte	.LFE67
 1409 0018 00000000 		.4byte	.LFB68
 1410 001c 1C000000 		.4byte	.LFE68
 1411 0020 00000000 		.4byte	.LFB69
 1412 0024 1C000000 		.4byte	.LFE69
 1413 0028 00000000 		.4byte	.LFB70
 1414 002c 1C000000 		.4byte	.LFE70
 1415 0030 00000000 		.4byte	.LFB72
 1416 0034 1C000000 		.4byte	.LFE72
 1417 0038 00000000 		.4byte	.LFB71
 1418 003c 2C000000 		.4byte	.LFE71
 1419 0040 00000000 		.4byte	.LFB64
 1420 0044 6C000000 		.4byte	.LFE64
 1421 0048 00000000 		.4byte	0
 1422 004c 00000000 		.4byte	0
 1423              		.section	.debug_line,"",%progbits
 1424              	.Ldebug_line0:
 1425 0000 8D020000 		.section	.debug_str,"MS",%progbits,1
 1425      0200DC01 
 1425      00000201 
 1425      FB0E0D00 
 1425      01010101 
 1426              	.LASF28:
 1427 0000 646F5F61 		.ascii	"do_address\000"
ARM GAS  C:\Users\ingan\AppData\Local\Temp\ccQIVYOc.s 			page 29


 1427      64647265 
 1427      737300
 1428              	.LASF25:
 1429 000b 646F5F6C 		.ascii	"do_loop\000"
 1429      6F6F7000 
 1430              	.LASF5:
 1431 0013 5F5F696E 		.ascii	"__int32_t\000"
 1431      7433325F 
 1431      7400
 1432              	.LASF6:
 1433 001d 6C6F6E67 		.ascii	"long int\000"
 1433      20696E74 
 1433      00
 1434              	.LASF42:
 1435 0026 736E7072 		.ascii	"snprintf\000"
 1435      696E7466 
 1435      00
 1436              	.LASF39:
 1437 002f 73686F77 		.ascii	"show_help\000"
 1437      5F68656C 
 1437      7000
 1438              	.LASF26:
 1439 0039 646F5F69 		.ascii	"do_interval\000"
 1439      6E746572 
 1439      76616C00 
 1440              	.LASF23:
 1441 0045 646F5F68 		.ascii	"do_help\000"
 1441      656C7000 
 1442              	.LASF18:
 1443 004d 66756E63 		.ascii	"func_ptr\000"
 1443      5F707472 
 1443      00
 1444              	.LASF13:
 1445 0056 666C6F61 		.ascii	"float\000"
 1445      7400
 1446              	.LASF40:
 1447 005c 4379536F 		.ascii	"CySoftwareReset\000"
 1447      66747761 
 1447      72655265 
 1447      73657400 
 1448              	.LASF21:
 1449 006c 64657363 		.ascii	"description\000"
 1449      72697074 
 1449      696F6E00 
 1450              	.LASF35:
 1451 0078 64656C61 		.ascii	"delay\000"
 1451      7900
 1452              	.LASF32:
 1453 007e 6C6F6F70 		.ascii	"loop\000"
 1453      00
 1454              	.LASF47:
 1455 0083 474E5520 		.ascii	"GNU C11 5.4.1 20160609 (release) [ARM/embedded-5-br"
 1455      43313120 
 1455      352E342E 
 1455      31203230 
 1455      31363036 
 1456 00b6 616E6368 		.ascii	"anch revision 237715] -mcpu=cortex-m3 -mthumb -g -O"
ARM GAS  C:\Users\ingan\AppData\Local\Temp\ccQIVYOc.s 			page 30


 1456      20726576 
 1456      6973696F 
 1456      6E203233 
 1456      37373135 
 1457 00e9 67202D66 		.ascii	"g -ffunction-sections -ffat-lto-objects\000"
 1457      66756E63 
 1457      74696F6E 
 1457      2D736563 
 1457      74696F6E 
 1458              	.LASF34:
 1459 0111 73416464 		.ascii	"sAddress\000"
 1459      72657373 
 1459      00
 1460              	.LASF7:
 1461 011a 6C6F6E67 		.ascii	"long unsigned int\000"
 1461      20756E73 
 1461      69676E65 
 1461      6420696E 
 1461      7400
 1462              	.LASF3:
 1463 012c 73686F72 		.ascii	"short unsigned int\000"
 1463      7420756E 
 1463      7369676E 
 1463      65642069 
 1463      6E7400
 1464              	.LASF36:
 1465 013f 49544D5F 		.ascii	"ITM_RxBuffer\000"
 1465      52784275 
 1465      66666572 
 1465      00
 1466              	.LASF1:
 1467 014c 756E7369 		.ascii	"unsigned char\000"
 1467      676E6564 
 1467      20636861 
 1467      7200
 1468              	.LASF4:
 1469 015a 5F5F7569 		.ascii	"__uint16_t\000"
 1469      6E743136 
 1469      5F7400
 1470              	.LASF14:
 1471 0165 646F7562 		.ascii	"double\000"
 1471      6C6500
 1472              	.LASF20:
 1473 016c 66756E63 		.ascii	"func\000"
 1473      00
 1474              	.LASF46:
 1475 0171 6765745F 		.ascii	"get_func\000"
 1475      66756E63 
 1475      00
 1476              	.LASF45:
 1477 017a 6765745F 		.ascii	"get_line\000"
 1477      6C696E65 
 1477      00
 1478              	.LASF24:
 1479 0183 646F5F73 		.ascii	"do_soft_reset\000"
 1479      6F66745F 
 1479      72657365 
ARM GAS  C:\Users\ingan\AppData\Local\Temp\ccQIVYOc.s 			page 31


 1479      7400
 1480              	.LASF48:
 1481 0191 7574696C 		.ascii	"utils.c\000"
 1481      732E6300 
 1482              	.LASF49:
 1483 0199 433A5C55 		.ascii	"C:\\Users\\ingan\\Documents\\PSoC Creator\\MegaDriv"
 1483      73657273 
 1483      5C696E67 
 1483      616E5C44 
 1483      6F63756D 
 1484 01c7 655F706C 		.ascii	"e_player\\VGMPlayer_v0.4.cydsn\000"
 1484      61796572 
 1484      5C56474D 
 1484      506C6179 
 1484      65725F76 
 1485              	.LASF10:
 1486 01e5 756E7369 		.ascii	"unsigned int\000"
 1486      676E6564 
 1486      20696E74 
 1486      00
 1487              	.LASF50:
 1488 01f2 5F665F6C 		.ascii	"_f_list_st_\000"
 1488      6973745F 
 1488      73745F00 
 1489              	.LASF9:
 1490 01fe 6C6F6E67 		.ascii	"long long unsigned int\000"
 1490      206C6F6E 
 1490      6720756E 
 1490      7369676E 
 1490      65642069 
 1491              	.LASF12:
 1492 0215 696E7433 		.ascii	"int32_t\000"
 1492      325F7400 
 1493              	.LASF17:
 1494 021d 73697A65 		.ascii	"sizetype\000"
 1494      74797065 
 1494      00
 1495              	.LASF44:
 1496 0226 70726F6D 		.ascii	"prompt\000"
 1496      707400
 1497              	.LASF8:
 1498 022d 6C6F6E67 		.ascii	"long long int\000"
 1498      206C6F6E 
 1498      6720696E 
 1498      7400
 1499              	.LASF15:
 1500 023b 63686172 		.ascii	"char\000"
 1500      00
 1501              	.LASF43:
 1502 0240 7072696E 		.ascii	"print\000"
 1502      7400
 1503              	.LASF38:
 1504 0246 6932635F 		.ascii	"i2c_func_list\000"
 1504      66756E63 
 1504      5F6C6973 
 1504      7400
 1505              	.LASF11:
ARM GAS  C:\Users\ingan\AppData\Local\Temp\ccQIVYOc.s 			page 32


 1506 0254 75696E74 		.ascii	"uint16_t\000"
 1506      31365F74 
 1506      00
 1507              	.LASF2:
 1508 025d 73686F72 		.ascii	"short int\000"
 1508      7420696E 
 1508      7400
 1509              	.LASF33:
 1510 0267 696E7465 		.ascii	"interval\000"
 1510      7276616C 
 1510      00
 1511              	.LASF51:
 1512 0270 646F5F72 		.ascii	"do_return\000"
 1512      65747572 
 1512      6E00
 1513              	.LASF37:
 1514 027a 74696D65 		.ascii	"timeoutms\000"
 1514      6F75746D 
 1514      7300
 1515              	.LASF27:
 1516 0284 646F5F64 		.ascii	"do_delay\000"
 1516      656C6179 
 1516      00
 1517              	.LASF30:
 1518 028d 646F5F64 		.ascii	"do_demo\000"
 1518      656D6F00 
 1519              	.LASF16:
 1520 0295 6C6F6E67 		.ascii	"long double\000"
 1520      20646F75 
 1520      626C6500 
 1521              	.LASF41:
 1522 02a1 73736361 		.ascii	"sscanf\000"
 1522      6E6600
 1523              	.LASF0:
 1524 02a8 7369676E 		.ascii	"signed char\000"
 1524      65642063 
 1524      68617200 
 1525              	.LASF31:
 1526 02b4 6B656570 		.ascii	"keep_on\000"
 1526      5F6F6E00 
 1527              	.LASF29:
 1528 02bc 646F5F73 		.ascii	"do_status\000"
 1528      74617475 
 1528      7300
 1529              	.LASF19:
 1530 02c6 6E616D65 		.ascii	"name\000"
 1530      00
 1531              	.LASF22:
 1532 02cb 665F6C69 		.ascii	"f_list_type\000"
 1532      73745F74 
 1532      79706500 
 1533              		.ident	"GCC: (GNU Tools for ARM Embedded Processors) 5.4.1 20160609 (release) [ARM/embedded-5-bran
