--------------- Build Started: 12/17/2023 19:21:58 Project: VGMPlayer_v0.4, Configuration: ARM GCC 5.4-2016-q2-update Debug ---------------
The code generation step is up to date.
arm-none-eabi-gcc.exe -mcpu=cortex-m3 -mthumb -I. -IGenerated_Source\PSoC5 -Wa,-alh=.\CortexM3\ARM_GCC_541\Debug/main.lst -g -D DEBUG -D CY_CORE_ID=0 -Wall -ffunction-sections -ffat-lto-objects -Og -c main.c -o .\CortexM3\ARM_GCC_541\Debug\main.o
main.c: In function 'main':
main.c:159:61: warning: cast from pointer to integer of different size [-Wpointer-to-int-cast]
                 pplay = (pitem > pplay) ? &buffer[0][0] + (((uint8_t)pplay + USBUART_BUFFER_SIZE) % (BUF_LEN * USBUART_BUFFER_SIZE)) : pplay;
                                                             ^
main.c:184:70: warning: cast from pointer to integer of different size [-Wpointer-to-int-cast]
             pitem = (pitem >= pplay) ? (uint8_t *) &buffer[0][0] + (((uint8_t) pitem + USBUART_BUFFER_SIZE) % (BUF_LEN * USBUART_BUFFER_SIZE)) : pitem;
                                                                      ^
arm-none-eabi-ar.exe -rs .\CortexM3\ARM_GCC_541\Debug\VGMPlayer_v0.4.a .\CortexM3\ARM_GCC_541\Debug\USBUART.o .\CortexM3\ARM_GCC_541\Debug\USBUART_audio.o .\CortexM3\ARM_GCC_541\Debug\USBUART_boot.o .\CortexM3\ARM_GCC_541\Debug\USBUART_cdc.o .\CortexM3\ARM_GCC_541\Debug\USBUART_cls.o .\CortexM3\ARM_GCC_541\Debug\USBUART_descr.o .\CortexM3\ARM_GCC_541\Debug\USBUART_drv.o .\CortexM3\ARM_GCC_541\Debug\USBUART_episr.o .\CortexM3\ARM_GCC_541\Debug\USBUART_hid.o .\CortexM3\ARM_GCC_541\Debug\USBUART_pm.o .\CortexM3\ARM_GCC_541\Debug\USBUART_std.o .\CortexM3\ARM_GCC_541\Debug\USBUART_vnd.o .\CortexM3\ARM_GCC_541\Debug\USBUART_midi.o .\CortexM3\ARM_GCC_541\Debug\USBUART_msc.o .\CortexM3\ARM_GCC_541\Debug\USBUART_Dm.o .\CortexM3\ARM_GCC_541\Debug\USBUART_Dp.o .\CortexM3\ARM_GCC_541\Debug\CyDmac.o .\CortexM3\ARM_GCC_541\Debug\CyFlash.o .\CortexM3\ARM_GCC_541\Debug\CyLib.o .\CortexM3\ARM_GCC_541\Debug\cyPm.o .\CortexM3\ARM_GCC_541\Debug\CySpc.o .\CortexM3\ARM_GCC_541\Debug\cyutils.o .\CortexM3\ARM_GCC_541\Debug\cy_em_eeprom.o .\CortexM3\ARM_GCC_541\Debug\USBUART_ep3_dma.o .\CortexM3\ARM_GCC_541\Debug\USBUART_ep2_dma.o .\CortexM3\ARM_GCC_541\Debug\USBUART_ep1_dma.o .\CortexM3\ARM_GCC_541\Debug\YM_A1.o .\CortexM3\ARM_GCC_541\Debug\YM_A0.o .\CortexM3\ARM_GCC_541\Debug\YM_RD.o .\CortexM3\ARM_GCC_541\Debug\YM_WR.o .\CortexM3\ARM_GCC_541\Debug\YM_CS.o .\CortexM3\ARM_GCC_541\Debug\YM_Data.o .\CortexM3\ARM_GCC_541\Debug\SN_WE.o .\CortexM3\ARM_GCC_541\Debug\YM_IC.o .\CortexM3\ARM_GCC_541\Debug\YM_CLK.o .\CortexM3\ARM_GCC_541\Debug\SN_CLK.o .\CortexM3\ARM_GCC_541\Debug\Clock_1.o .\CortexM3\ARM_GCC_541\Debug\Clock_2.o .\CortexM3\ARM_GCC_541\Debug\Clock_3.o .\CortexM3\ARM_GCC_541\Debug\isr_1.o .\CortexM3\ARM_GCC_541\Debug\CyBootAsmGnu.o
arm-none-eabi-ar.exe: creating .\CortexM3\ARM_GCC_541\Debug\VGMPlayer_v0.4.a
arm-none-eabi-gcc.exe -Wl,--start-group -o "C:\Users\ingan\Documents\PSoC Creator\MegaDrive_player\VGMPlayer_v0.4.cydsn\CortexM3\ARM_GCC_541\Debug\VGMPlayer_v0.4.elf" .\CortexM3\ARM_GCC_541\Debug\usb_uart.o .\CortexM3\ARM_GCC_541\Debug\tty_utils.o .\CortexM3\ARM_GCC_541\Debug\utils.o .\CortexM3\ARM_GCC_541\Debug\func_list.o .\CortexM3\ARM_GCC_541\Debug\main.o .\CortexM3\ARM_GCC_541\Debug\cyfitter_cfg.o .\CortexM3\ARM_GCC_541\Debug\cymetadata.o .\CortexM3\ARM_GCC_541\Debug\Cm3Start.o .\CortexM3\ARM_GCC_541\Debug\VGMPlayer_v0.4.a "C:\Program Files (x86)\Cypress\PSoC Creator\4.2\PSoC Creator\psoc\content\cycomponentlibrary\CyComponentLibrary.cylib\CortexM3\ARM_GCC_541\Debug\CyComponentLibrary.a" -mcpu=cortex-m3 -mthumb -L Generated_Source\PSoC5 -Wl,-Map,.\CortexM3\ARM_GCC_541\Debug/VGMPlayer_v0.4.map -T Generated_Source\PSoC5\cm3gcc.ld -specs=nano.specs -Wl,--gc-sections -g -ffunction-sections -Og -ffat-lto-objects -Wl,--end-group
cyelftool.exe -C "C:\Users\ingan\Documents\PSoC Creator\MegaDrive_player\VGMPlayer_v0.4.cydsn\CortexM3\ARM_GCC_541\Debug\VGMPlayer_v0.4.elf" --flash_row_size 256 --flash_size 262144 --flash_offset 0x00000000
No ELF section .cychecksum found, creating one
Application checksum calculated and stored in ELF section .cychecksum
Checksum calculated and stored in ELF section .cymeta
cyelftool.exe -S "C:\Users\ingan\Documents\PSoC Creator\MegaDrive_player\VGMPlayer_v0.4.cydsn\CortexM3\ARM_GCC_541\Debug\VGMPlayer_v0.4.elf"
Flash used: 9958 of 262144 bytes (3,8%).
SRAM used: 2873 of 65536 bytes (4,4%). Stack: 2048 bytes. Heap: 128 bytes.
--------------- Build Succeeded: 12/17/2023 19:21:59 ---------------
