Loading plugins phase: Elapsed time ==> 0s.209ms
<CYPRESSTAG name="CyDsfit arguments...">
cydsfit arguments: -.fdsnotice -.fdswarpdepfile=warp_dependencies.txt -.fdselabdepfile=elab_dependencies.txt -.fdsbldfile=generated_files.txt -.fdsreffile=referenced_files.txt -p C:\Users\ingan\Documents\PSoC Creator\MegaDrive_player\VGMPlayer_v0.4.cydsn\VGMPlayer_v0.4.cyprj -d CY8C5888LTI-LP097 -s C:\Users\ingan\Documents\PSoC Creator\MegaDrive_player\VGMPlayer_v0.4.cydsn\Generated_Source\PSoC5 -- -yv2 -q10 -ygs -o2 -v3 -.fftcfgtype=LE
</CYPRESSTAG>
<CYPRESSTAG name="Design elaboration results...">
</CYPRESSTAG>
Elaboration phase: Elapsed time ==> 1s.601ms
<CYPRESSTAG name="HDL generation results...">
</CYPRESSTAG>
HDL generation phase: Elapsed time ==> 0s.052ms
<CYPRESSTAG name="Synthesis results...">

     | | | | | | |
   _________________
  -|               |-
  -|               |-
  -|               |-
  -|    CYPRESS    |-
  -|               |-
  -|               |-   Warp Verilog Synthesis Compiler: Version 6.3 IR 41
  -|               |-   Copyright (C) 1991-2001 Cypress Semiconductor
   |_______________|
     | | | | | | |

======================================================================
Compiling:  VGMPlayer_v0.4.v
Program  :   C:\Program Files (x86)\Cypress\PSoC Creator\4.2\PSoC Creator\warp\bin\warp.exe
Options  :    -yv2 -q10 -ygs -o2 -v3 -.fftcfgtype=LE -ya -.fftprj=C:\Users\ingan\Documents\PSoC Creator\MegaDrive_player\VGMPlayer_v0.4.cydsn\VGMPlayer_v0.4.cyprj -dcpsoc3 VGMPlayer_v0.4.v -verilog
======================================================================

======================================================================
Compiling:  VGMPlayer_v0.4.v
Program  :   C:\Program Files (x86)\Cypress\PSoC Creator\4.2\PSoC Creator\warp\bin\warp.exe
Options  :    -yv2 -q10 -ygs -o2 -v3 -.fftcfgtype=LE -ya -.fftprj=C:\Users\ingan\Documents\PSoC Creator\MegaDrive_player\VGMPlayer_v0.4.cydsn\VGMPlayer_v0.4.cyprj -dcpsoc3 VGMPlayer_v0.4.v -verilog
======================================================================

======================================================================
Compiling:  VGMPlayer_v0.4.v
Program  :   vlogfe
Options  :    -yv2 -q10 -ygs -o2 -v3 -.fftcfgtype=LE -ya -.fftprj=C:\Users\ingan\Documents\PSoC Creator\MegaDrive_player\VGMPlayer_v0.4.cydsn\VGMPlayer_v0.4.cyprj -dcpsoc3 -verilog VGMPlayer_v0.4.v
======================================================================

vlogfe V6.3 IR 41:  Verilog parser
Wed Nov 29 17:41:30 2023


======================================================================
Compiling:  VGMPlayer_v0.4.v
Program  :   vpp
Options  :    -yv2 -q10 VGMPlayer_v0.4.v
======================================================================

vpp V6.3 IR 41:  Verilog Pre-Processor
Wed Nov 29 17:41:30 2023

Flattening file 'C:\Program Files (x86)\Cypress\PSoC Creator\4.2\PSoC Creator\psoc\content\CyPrimitives\cyprimitives.cylib\cy_virtualmux_v1_0\cy_virtualmux_v1_0.v'
Flattening file 'C:\Program Files (x86)\Cypress\PSoC Creator\4.2\PSoC Creator\psoc\content\CyPrimitives\cyprimitives.cylib\ZeroTerminal\ZeroTerminal.v'

vpp:  No errors.

Library 'work' => directory 'lcpsoc3'
General_symbol_table
General_symbol_table
Linking 'C:\Program Files (x86)\Cypress\PSoC Creator\4.2\PSoC Creator\warp\lib\common\std.vhd'.
Linking 'C:\Program Files (x86)\Cypress\PSoC Creator\4.2\PSoC Creator\warp\lib\common\cypress.vhd'.
Linking 'C:\Program Files (x86)\Cypress\PSoC Creator\4.2\PSoC Creator\warp\lib\common\work\cypress.vif'.
Linking 'C:\Program Files (x86)\Cypress\PSoC Creator\4.2\PSoC Creator\warp\lib\ieee\work\stdlogic.vif'.
Linking 'C:\Program Files (x86)\Cypress\PSoC Creator\4.2\PSoC Creator\warp\lib\common\stdlogic\lpmpkg.vif'.
Linking 'C:\Program Files (x86)\Cypress\PSoC Creator\4.2\PSoC Creator\warp\lib\common\stdlogic\rtlpkg.vif'.
Linking 'C:\Program Files (x86)\Cypress\PSoC Creator\4.2\PSoC Creator\warp\lib\common\stdlogic\mod_cnst.vif'.
Linking 'C:\Program Files (x86)\Cypress\PSoC Creator\4.2\PSoC Creator\warp\lib\common\stdlogic\mod_mthv.vif'.
Linking 'C:\Program Files (x86)\Cypress\PSoC Creator\4.2\PSoC Creator\warp\lib\common\stdlogic\mod_genv.vif'.
Using control file 'VGMPlayer_v0.4.ctl'.

vlogfe:  No errors.


======================================================================
Compiling:  VGMPlayer_v0.4.v
Program  :   tovif
Options  :    -yv2 -q10 -ygs -o2 -v3 -.fftcfgtype=LE -ya -.fftprj=C:\Users\ingan\Documents\PSoC Creator\MegaDrive_player\VGMPlayer_v0.4.cydsn\VGMPlayer_v0.4.cyprj -dcpsoc3 -verilog VGMPlayer_v0.4.v
======================================================================

tovif V6.3 IR 41:  High-level synthesis
Wed Nov 29 17:41:30 2023

Linking 'C:\Program Files (x86)\Cypress\PSoC Creator\4.2\PSoC Creator\warp\lib\common\std.vhd'.
Linking 'C:\Program Files (x86)\Cypress\PSoC Creator\4.2\PSoC Creator\warp\lib\common\cypress.vhd'.
Linking 'C:\Program Files (x86)\Cypress\PSoC Creator\4.2\PSoC Creator\warp\lib\common\work\cypress.vif'.
Linking 'C:\Program Files (x86)\Cypress\PSoC Creator\4.2\PSoC Creator\warp\lib\ieee\work\stdlogic.vif'.
Linking 'C:\Program Files (x86)\Cypress\PSoC Creator\4.2\PSoC Creator\warp\lib\common\stdlogic\lpmpkg.vif'.
Linking 'C:\Program Files (x86)\Cypress\PSoC Creator\4.2\PSoC Creator\warp\lib\common\stdlogic\rtlpkg.vif'.
Linking 'C:\Program Files (x86)\Cypress\PSoC Creator\4.2\PSoC Creator\warp\lib\common\stdlogic\mod_cnst.vif'.
Linking 'C:\Program Files (x86)\Cypress\PSoC Creator\4.2\PSoC Creator\warp\lib\common\stdlogic\mod_mthv.vif'.
Linking 'C:\Program Files (x86)\Cypress\PSoC Creator\4.2\PSoC Creator\warp\lib\common\stdlogic\mod_genv.vif'.
Linking 'C:\Users\ingan\Documents\PSoC Creator\MegaDrive_player\VGMPlayer_v0.4.cydsn\codegentemp\VGMPlayer_v0.4.ctl'.
Linking 'C:\Program Files (x86)\Cypress\PSoC Creator\4.2\PSoC Creator\psoc\content\CyPrimitives\cyprimitives.cylib\cy_virtualmux_v1_0\cy_virtualmux_v1_0.v'.
Linking 'C:\Users\ingan\Documents\PSoC Creator\MegaDrive_player\VGMPlayer_v0.4.cydsn\codegentemp\VGMPlayer_v0.4.v'.
Linking 'C:\Program Files (x86)\Cypress\PSoC Creator\4.2\PSoC Creator\psoc\content\CyPrimitives\cyprimitives.cylib\ZeroTerminal\ZeroTerminal.v'.

tovif:  No errors.


======================================================================
Compiling:  VGMPlayer_v0.4.v
Program  :   topld
Options  :    -yv2 -q10 -ygs -o2 -v3 -.fftcfgtype=LE -ya -.fftprj=C:\Users\ingan\Documents\PSoC Creator\MegaDrive_player\VGMPlayer_v0.4.cydsn\VGMPlayer_v0.4.cyprj -dcpsoc3 -verilog VGMPlayer_v0.4.v
======================================================================

topld V6.3 IR 41:  Synthesis and optimization
Wed Nov 29 17:41:31 2023

Linking 'C:\Program Files (x86)\Cypress\PSoC Creator\4.2\PSoC Creator\warp\lib\common\std.vhd'.
Linking 'C:\Program Files (x86)\Cypress\PSoC Creator\4.2\PSoC Creator\warp\lib\common\cypress.vhd'.
Linking 'C:\Program Files (x86)\Cypress\PSoC Creator\4.2\PSoC Creator\warp\lib\common\work\cypress.vif'.
Linking 'C:\Program Files (x86)\Cypress\PSoC Creator\4.2\PSoC Creator\warp\lib\ieee\work\stdlogic.vif'.
Linking 'C:\Program Files (x86)\Cypress\PSoC Creator\4.2\PSoC Creator\warp\lib\common\stdlogic\lpmpkg.vif'.
Linking 'C:\Program Files (x86)\Cypress\PSoC Creator\4.2\PSoC Creator\warp\lib\common\stdlogic\rtlpkg.vif'.
Linking 'C:\Program Files (x86)\Cypress\PSoC Creator\4.2\PSoC Creator\warp\lib\common\stdlogic\mod_cnst.vif'.
Linking 'C:\Program Files (x86)\Cypress\PSoC Creator\4.2\PSoC Creator\warp\lib\common\stdlogic\mod_mthv.vif'.
Linking 'C:\Program Files (x86)\Cypress\PSoC Creator\4.2\PSoC Creator\warp\lib\common\stdlogic\mod_genv.vif'.
Linking 'C:\Users\ingan\Documents\PSoC Creator\MegaDrive_player\VGMPlayer_v0.4.cydsn\codegentemp\VGMPlayer_v0.4.ctl'.
Linking 'C:\Program Files (x86)\Cypress\PSoC Creator\4.2\PSoC Creator\psoc\content\CyPrimitives\cyprimitives.cylib\cy_virtualmux_v1_0\cy_virtualmux_v1_0.v'.
Linking 'C:\Users\ingan\Documents\PSoC Creator\MegaDrive_player\VGMPlayer_v0.4.cydsn\codegentemp\VGMPlayer_v0.4.v'.
Linking 'C:\Program Files (x86)\Cypress\PSoC Creator\4.2\PSoC Creator\psoc\content\CyPrimitives\cyprimitives.cylib\ZeroTerminal\ZeroTerminal.v'.
Linking 'C:\Program Files (x86)\Cypress\PSoC Creator\4.2\PSoC Creator\warp\lib\lcpsoc3\stdlogic\cpsoc3.vif'.

----------------------------------------------------------
Detecting unused logic.
----------------------------------------------------------
    User names
	\USBUART:dma_complete_0\
	\USBUART:Net_1922\
	\USBUART:dma_complete_1\
	\USBUART:Net_1921\
	\USBUART:dma_complete_2\
	\USBUART:Net_1920\
	\USBUART:dma_complete_3\
	\USBUART:Net_1919\
	\USBUART:dma_complete_4\
	\USBUART:Net_1918\
	\USBUART:dma_complete_5\
	\USBUART:Net_1917\
	\USBUART:dma_complete_6\
	\USBUART:Net_1916\
	\USBUART:dma_complete_7\
	\USBUART:Net_1915\


Deleted 16 User equations/components.
Deleted 0 Synthesized equations/components.

------------------------------------------------------
Alias Detection
------------------------------------------------------
Aliasing one to tmpOE__YM_A1_net_0
Aliasing \USBUART:tmpOE__Dm_net_0\ to tmpOE__YM_A1_net_0
Aliasing \USBUART:tmpOE__Dp_net_0\ to tmpOE__YM_A1_net_0
Aliasing tmpOE__YM_A0_net_0 to tmpOE__YM_A1_net_0
Aliasing tmpOE__YM_RD_net_0 to tmpOE__YM_A1_net_0
Aliasing tmpOE__YM_WR_net_0 to tmpOE__YM_A1_net_0
Aliasing tmpOE__YM_CS_net_0 to tmpOE__YM_A1_net_0
Aliasing tmpOE__YM_Data_net_7 to tmpOE__YM_A1_net_0
Aliasing tmpOE__YM_Data_net_6 to tmpOE__YM_A1_net_0
Aliasing tmpOE__YM_Data_net_5 to tmpOE__YM_A1_net_0
Aliasing tmpOE__YM_Data_net_4 to tmpOE__YM_A1_net_0
Aliasing tmpOE__YM_Data_net_3 to tmpOE__YM_A1_net_0
Aliasing tmpOE__YM_Data_net_2 to tmpOE__YM_A1_net_0
Aliasing tmpOE__YM_Data_net_1 to tmpOE__YM_A1_net_0
Aliasing tmpOE__YM_Data_net_0 to tmpOE__YM_A1_net_0
Aliasing tmpOE__SN_WE_net_0 to tmpOE__YM_A1_net_0
Aliasing tmpOE__YM_IC_net_0 to tmpOE__YM_A1_net_0
Aliasing tmpOE__YM_CLK_net_0 to tmpOE__YM_A1_net_0
Aliasing tmpOE__SN_CLK_net_0 to tmpOE__YM_A1_net_0
Removing Lhs of wire one[6] = tmpOE__YM_A1_net_0[1]
Removing Lhs of wire \USBUART:tmpOE__Dm_net_0\[21] = tmpOE__YM_A1_net_0[1]
Removing Lhs of wire \USBUART:tmpOE__Dp_net_0\[28] = tmpOE__YM_A1_net_0[1]
Removing Lhs of wire tmpOE__YM_A0_net_0[76] = tmpOE__YM_A1_net_0[1]
Removing Lhs of wire tmpOE__YM_RD_net_0[82] = tmpOE__YM_A1_net_0[1]
Removing Lhs of wire tmpOE__YM_WR_net_0[88] = tmpOE__YM_A1_net_0[1]
Removing Lhs of wire tmpOE__YM_CS_net_0[94] = tmpOE__YM_A1_net_0[1]
Removing Lhs of wire tmpOE__YM_Data_net_7[100] = tmpOE__YM_A1_net_0[1]
Removing Lhs of wire tmpOE__YM_Data_net_6[101] = tmpOE__YM_A1_net_0[1]
Removing Lhs of wire tmpOE__YM_Data_net_5[102] = tmpOE__YM_A1_net_0[1]
Removing Lhs of wire tmpOE__YM_Data_net_4[103] = tmpOE__YM_A1_net_0[1]
Removing Lhs of wire tmpOE__YM_Data_net_3[104] = tmpOE__YM_A1_net_0[1]
Removing Lhs of wire tmpOE__YM_Data_net_2[105] = tmpOE__YM_A1_net_0[1]
Removing Lhs of wire tmpOE__YM_Data_net_1[106] = tmpOE__YM_A1_net_0[1]
Removing Lhs of wire tmpOE__YM_Data_net_0[107] = tmpOE__YM_A1_net_0[1]
Removing Lhs of wire tmpOE__SN_WE_net_0[127] = tmpOE__YM_A1_net_0[1]
Removing Lhs of wire tmpOE__YM_IC_net_0[133] = tmpOE__YM_A1_net_0[1]
Removing Lhs of wire tmpOE__YM_CLK_net_0[139] = tmpOE__YM_A1_net_0[1]
Removing Lhs of wire tmpOE__SN_CLK_net_0[146] = tmpOE__YM_A1_net_0[1]

------------------------------------------------------
Aliased 0 equations, 19 wires.
------------------------------------------------------

----------------------------------------------------------
Circuit simplification
----------------------------------------------------------

Substituting virtuals - pass 1:


----------------------------------------------------------
Circuit simplification results:

	Expanded 0 signals.
	Turned 0 signals into soft nodes.
	Maximum default expansion cost was set at 3.
----------------------------------------------------------

topld:  No errors.

CYPRESS_DIR    : C:\Program Files (x86)\Cypress\PSoC Creator\4.2\PSoC Creator\warp
Warp Program   : C:\Program Files (x86)\Cypress\PSoC Creator\4.2\PSoC Creator\warp\bin\warp.exe
Warp Arguments : -yv2 -q10 -ygs -o2 -v3 -.fftcfgtype=LE -ya "-.fftprj=C:\Users\ingan\Documents\PSoC Creator\MegaDrive_player\VGMPlayer_v0.4.cydsn\VGMPlayer_v0.4.cyprj" -dcpsoc3 VGMPlayer_v0.4.v -verilog
</CYPRESSTAG>
Warp synthesis phase: Elapsed time ==> 0s.617ms
<CYPRESSTAG name="Fitter results...">
<CYPRESSTAG name="Fitter startup details...">
cyp3fit: V4.2.0.641, Family: PSoC3, Started at: Wednesday, 29 November 2023 17:41:31
Options: -yv2 -q10 -ygs -o2 -v3 -.fftcfgtype=LE -ya -.fftprj=C:\Users\ingan\Documents\PSoC Creator\MegaDrive_player\VGMPlayer_v0.4.cydsn\VGMPlayer_v0.4.cyprj -d CY8C5888LTI-LP097 VGMPlayer_v0.4.v -verilog
</CYPRESSTAG>
<CYPRESSTAG name="Design parsing">
Design parsing phase: Elapsed time ==> 0s.022ms
</CYPRESSTAG>
<CYPRESSTAG name="Tech Mapping">
<CYPRESSTAG name="Initial Mapping" icon="FILE_RPT_TECHM">
<CYPRESSTAG name="Global Clock Selection" icon="FILE_RPT_TECHM">
    Digital Clock 0: Automatic-assigning  clock 'Clock_2'. Fanout=1, Signal=Net_29
    Digital Clock 1: Automatic-assigning  clock 'Clock_1'. Fanout=1, Signal=Net_25
    Digital Clock 2: Automatic-assigning  clock 'Clock_3'. Fanout=1, Signal=Net_168
</CYPRESSTAG>
<CYPRESSTAG name="UDB Clock/Enable Remapping Results">
</CYPRESSTAG>
<CYPRESSTAG name="Duplicate Macrocell detection">
</CYPRESSTAG>
</CYPRESSTAG>
<CYPRESSTAG name="Duplicate Macrocell detection">
</CYPRESSTAG>
<CYPRESSTAG name="Design Equations" icon="FILE_RPT_EQUATION">

------------------------------------------------------------
Design Equations
------------------------------------------------------------
    <CYPRESSTAG name="Pin listing">

    ------------------------------------------------------------
    Pin listing
    ------------------------------------------------------------

    Pin : Name = YM_A1(0)
        Attributes:
            In Group/Port: True
            In Sync Option: AUTO
            Out Sync Option: NOSYNC
            Interrupt generated: False
            Interrupt mode: NONE
            Drive mode: CMOS_OUT
            VTrip: EITHER
            Slew: FAST
            Input Sync needed: False
            Output Sync needed: False
            SC shield enabled: False
            POR State: ANY
            LCD Mode: COMMON
            Register Mode: RegComb
            CaSense Mode: NEITHER
            Treat as pin: True
            Is OE Registered: False
            Uses Analog: False
            Can contain Digital: True
            Is SIO: False
            SIO Output Buf: NONREGULATED
            SIO Input Buf: SINGLE_ENDED
            SIO HiFreq: LOW
            SIO Hyst: DISABLED
            SIO Vtrip: MULTIPLIER_0_5
            SIO Multiplier Index: 0
            SIO RefSel: VCC_IO
            Required Capabilities: DIGITAL
            Initial Value: 0
            IO Voltage: 0
        PORT MAP (
            pa_out => YM_A1(0)__PA ,
            pad => YM_A1(0)_PAD );
        Properties:
        {
        }

    Pin : Name = \USBUART:Dm(0)\
        Attributes:
            In Group/Port: True
            In Sync Option: AUTO
            Out Sync Option: AUTO
            Interrupt generated: False
            Interrupt mode: NONE
            Drive mode: HI_Z_ANALOG
            VTrip: EITHER
            Slew: FAST
            Input Sync needed: False
            Output Sync needed: False
            SC shield enabled: False
            POR State: ANY
            LCD Mode: COMMON
            Register Mode: RegComb
            CaSense Mode: NEITHER
            Treat as pin: True
            Is OE Registered: False
            Uses Analog: True
            Can contain Digital: False
            Is SIO: False
            SIO Output Buf: NONREGULATED
            SIO Input Buf: SINGLE_ENDED
            SIO HiFreq: LOW
            SIO Hyst: DISABLED
            SIO Vtrip: MULTIPLIER_0_5
            SIO Multiplier Index: 0
            SIO RefSel: VCC_IO
            Required Capabilities: USB_D_MINUS
            Initial Value: 0
            IO Voltage: 0
        PORT MAP (
            pa_out => \USBUART:Dm(0)\__PA ,
            analog_term => \USBUART:Net_597\ ,
            pad => \USBUART:Dm(0)_PAD\ );
        Properties:
        {
        }

    Pin : Name = \USBUART:Dp(0)\
        Attributes:
            In Group/Port: True
            In Sync Option: SYNC
            Out Sync Option: AUTO
            Interrupt generated: True
            Interrupt mode: FALLING
            Drive mode: HI_Z_ANALOG
            VTrip: CMOS
            Slew: FAST
            Input Sync needed: True
            Output Sync needed: False
            SC shield enabled: False
            POR State: ANY
            LCD Mode: COMMON
            Register Mode: RegComb
            CaSense Mode: NEITHER
            Treat as pin: False
            Is OE Registered: False
            Uses Analog: True
            Can contain Digital: True
            Is SIO: False
            SIO Output Buf: NONREGULATED
            SIO Input Buf: SINGLE_ENDED
            SIO HiFreq: LOW
            SIO Hyst: DISABLED
            SIO Vtrip: MULTIPLIER_0_5
            SIO Multiplier Index: 0
            SIO RefSel: VCC_IO
            Required Capabilities: USB_D_PLUS
            Initial Value: 1
            IO Voltage: 0
        PORT MAP (
            pa_out => \USBUART:Dp(0)\__PA ,
            analog_term => \USBUART:Net_1000\ ,
            pad => \USBUART:Dp(0)_PAD\ );
        Properties:
        {
        }

    Pin : Name = YM_A0(0)
        Attributes:
            In Group/Port: True
            In Sync Option: AUTO
            Out Sync Option: NOSYNC
            Interrupt generated: False
            Interrupt mode: NONE
            Drive mode: CMOS_OUT
            VTrip: EITHER
            Slew: FAST
            Input Sync needed: False
            Output Sync needed: False
            SC shield enabled: False
            POR State: ANY
            LCD Mode: COMMON
            Register Mode: RegComb
            CaSense Mode: NEITHER
            Treat as pin: True
            Is OE Registered: False
            Uses Analog: False
            Can contain Digital: True
            Is SIO: False
            SIO Output Buf: NONREGULATED
            SIO Input Buf: SINGLE_ENDED
            SIO HiFreq: LOW
            SIO Hyst: DISABLED
            SIO Vtrip: MULTIPLIER_0_5
            SIO Multiplier Index: 0
            SIO RefSel: VCC_IO
            Required Capabilities: DIGITAL
            Initial Value: 0
            IO Voltage: 0
        PORT MAP (
            pa_out => YM_A0(0)__PA ,
            pad => YM_A0(0)_PAD );
        Properties:
        {
        }

    Pin : Name = YM_RD(0)
        Attributes:
            In Group/Port: True
            In Sync Option: AUTO
            Out Sync Option: NOSYNC
            Interrupt generated: False
            Interrupt mode: NONE
            Drive mode: CMOS_OUT
            VTrip: EITHER
            Slew: FAST
            Input Sync needed: False
            Output Sync needed: False
            SC shield enabled: False
            POR State: ANY
            LCD Mode: COMMON
            Register Mode: RegComb
            CaSense Mode: NEITHER
            Treat as pin: True
            Is OE Registered: False
            Uses Analog: False
            Can contain Digital: True
            Is SIO: False
            SIO Output Buf: NONREGULATED
            SIO Input Buf: SINGLE_ENDED
            SIO HiFreq: LOW
            SIO Hyst: DISABLED
            SIO Vtrip: MULTIPLIER_0_5
            SIO Multiplier Index: 0
            SIO RefSel: VCC_IO
            Required Capabilities: DIGITAL
            Initial Value: 0
            IO Voltage: 0
        PORT MAP (
            pa_out => YM_RD(0)__PA ,
            pad => YM_RD(0)_PAD );
        Properties:
        {
        }

    Pin : Name = YM_WR(0)
        Attributes:
            In Group/Port: True
            In Sync Option: AUTO
            Out Sync Option: NOSYNC
            Interrupt generated: False
            Interrupt mode: NONE
            Drive mode: CMOS_OUT
            VTrip: EITHER
            Slew: FAST
            Input Sync needed: False
            Output Sync needed: False
            SC shield enabled: False
            POR State: ANY
            LCD Mode: COMMON
            Register Mode: RegComb
            CaSense Mode: NEITHER
            Treat as pin: True
            Is OE Registered: False
            Uses Analog: False
            Can contain Digital: True
            Is SIO: False
            SIO Output Buf: NONREGULATED
            SIO Input Buf: SINGLE_ENDED
            SIO HiFreq: LOW
            SIO Hyst: DISABLED
            SIO Vtrip: MULTIPLIER_0_5
            SIO Multiplier Index: 0
            SIO RefSel: VCC_IO
            Required Capabilities: DIGITAL
            Initial Value: 0
            IO Voltage: 0
        PORT MAP (
            pa_out => YM_WR(0)__PA ,
            pad => YM_WR(0)_PAD );
        Properties:
        {
        }

    Pin : Name = YM_CS(0)
        Attributes:
            In Group/Port: True
            In Sync Option: AUTO
            Out Sync Option: NOSYNC
            Interrupt generated: False
            Interrupt mode: NONE
            Drive mode: CMOS_OUT
            VTrip: EITHER
            Slew: FAST
            Input Sync needed: False
            Output Sync needed: False
            SC shield enabled: False
            POR State: ANY
            LCD Mode: COMMON
            Register Mode: RegComb
            CaSense Mode: NEITHER
            Treat as pin: True
            Is OE Registered: False
            Uses Analog: False
            Can contain Digital: True
            Is SIO: False
            SIO Output Buf: NONREGULATED
            SIO Input Buf: SINGLE_ENDED
            SIO HiFreq: LOW
            SIO Hyst: DISABLED
            SIO Vtrip: MULTIPLIER_0_5
            SIO Multiplier Index: 0
            SIO RefSel: VCC_IO
            Required Capabilities: DIGITAL
            Initial Value: 0
            IO Voltage: 0
        PORT MAP (
            pa_out => YM_CS(0)__PA ,
            pad => YM_CS(0)_PAD );
        Properties:
        {
        }

    Pin : Name = YM_Data(0)
        Attributes:
            In Group/Port: True
            In Sync Option: AUTO
            Out Sync Option: NOSYNC
            Interrupt generated: False
            Interrupt mode: NONE
            Drive mode: CMOS_OUT
            VTrip: EITHER
            Slew: FAST
            Input Sync needed: False
            Output Sync needed: False
            SC shield enabled: False
            POR State: ANY
            LCD Mode: COMMON
            Register Mode: RegComb
            CaSense Mode: NEITHER
            Treat as pin: False
            Is OE Registered: False
            Uses Analog: False
            Can contain Digital: True
            Is SIO: False
            SIO Output Buf: NONREGULATED
            SIO Input Buf: SINGLE_ENDED
            SIO HiFreq: LOW
            SIO Hyst: DISABLED
            SIO Vtrip: MULTIPLIER_0_5
            SIO Multiplier Index: 0
            SIO RefSel: VCC_IO
            Required Capabilities: DIGITAL
            Initial Value: 0
            IO Voltage: 0
        PORT MAP (
            pa_out => YM_Data(0)__PA ,
            pad => YM_Data(0)_PAD );
        Properties:
        {
        }

    Pin : Name = YM_Data(1)
        Attributes:
            In Group/Port: True
            In Sync Option: AUTO
            Out Sync Option: NOSYNC
            Interrupt generated: False
            Interrupt mode: NONE
            Drive mode: CMOS_OUT
            VTrip: EITHER
            Slew: FAST
            Input Sync needed: False
            Output Sync needed: False
            SC shield enabled: False
            POR State: ANY
            LCD Mode: COMMON
            Register Mode: RegComb
            CaSense Mode: NEITHER
            Treat as pin: False
            Is OE Registered: False
            Uses Analog: False
            Can contain Digital: True
            Is SIO: False
            SIO Output Buf: NONREGULATED
            SIO Input Buf: SINGLE_ENDED
            SIO HiFreq: LOW
            SIO Hyst: DISABLED
            SIO Vtrip: MULTIPLIER_0_5
            SIO Multiplier Index: 0
            SIO RefSel: VCC_IO
            Required Capabilities: DIGITAL
            Initial Value: 0
            IO Voltage: 0
        PORT MAP (
            pa_out => YM_Data(1)__PA ,
            pad => YM_Data(1)_PAD );
        Properties:
        {
        }

    Pin : Name = YM_Data(2)
        Attributes:
            In Group/Port: True
            In Sync Option: AUTO
            Out Sync Option: NOSYNC
            Interrupt generated: False
            Interrupt mode: NONE
            Drive mode: CMOS_OUT
            VTrip: EITHER
            Slew: FAST
            Input Sync needed: False
            Output Sync needed: False
            SC shield enabled: False
            POR State: ANY
            LCD Mode: COMMON
            Register Mode: RegComb
            CaSense Mode: NEITHER
            Treat as pin: False
            Is OE Registered: False
            Uses Analog: False
            Can contain Digital: True
            Is SIO: False
            SIO Output Buf: NONREGULATED
            SIO Input Buf: SINGLE_ENDED
            SIO HiFreq: LOW
            SIO Hyst: DISABLED
            SIO Vtrip: MULTIPLIER_0_5
            SIO Multiplier Index: 0
            SIO RefSel: VCC_IO
            Required Capabilities: DIGITAL
            Initial Value: 0
            IO Voltage: 0
        PORT MAP (
            pa_out => YM_Data(2)__PA ,
            pad => YM_Data(2)_PAD );
        Properties:
        {
        }

    Pin : Name = YM_Data(3)
        Attributes:
            In Group/Port: True
            In Sync Option: AUTO
            Out Sync Option: NOSYNC
            Interrupt generated: False
            Interrupt mode: NONE
            Drive mode: CMOS_OUT
            VTrip: EITHER
            Slew: FAST
            Input Sync needed: False
            Output Sync needed: False
            SC shield enabled: False
            POR State: ANY
            LCD Mode: COMMON
            Register Mode: RegComb
            CaSense Mode: NEITHER
            Treat as pin: False
            Is OE Registered: False
            Uses Analog: False
            Can contain Digital: True
            Is SIO: False
            SIO Output Buf: NONREGULATED
            SIO Input Buf: SINGLE_ENDED
            SIO HiFreq: LOW
            SIO Hyst: DISABLED
            SIO Vtrip: MULTIPLIER_0_5
            SIO Multiplier Index: 0
            SIO RefSel: VCC_IO
            Required Capabilities: DIGITAL
            Initial Value: 0
            IO Voltage: 0
        PORT MAP (
            pa_out => YM_Data(3)__PA ,
            pad => YM_Data(3)_PAD );
        Properties:
        {
        }

    Pin : Name = YM_Data(4)
        Attributes:
            In Group/Port: True
            In Sync Option: AUTO
            Out Sync Option: NOSYNC
            Interrupt generated: False
            Interrupt mode: NONE
            Drive mode: CMOS_OUT
            VTrip: EITHER
            Slew: FAST
            Input Sync needed: False
            Output Sync needed: False
            SC shield enabled: False
            POR State: ANY
            LCD Mode: COMMON
            Register Mode: RegComb
            CaSense Mode: NEITHER
            Treat as pin: False
            Is OE Registered: False
            Uses Analog: False
            Can contain Digital: True
            Is SIO: False
            SIO Output Buf: NONREGULATED
            SIO Input Buf: SINGLE_ENDED
            SIO HiFreq: LOW
            SIO Hyst: DISABLED
            SIO Vtrip: MULTIPLIER_0_5
            SIO Multiplier Index: 0
            SIO RefSel: VCC_IO
            Required Capabilities: DIGITAL
            Initial Value: 0
            IO Voltage: 0
        PORT MAP (
            pa_out => YM_Data(4)__PA ,
            pad => YM_Data(4)_PAD );
        Properties:
        {
        }

    Pin : Name = YM_Data(5)
        Attributes:
            In Group/Port: True
            In Sync Option: AUTO
            Out Sync Option: NOSYNC
            Interrupt generated: False
            Interrupt mode: NONE
            Drive mode: CMOS_OUT
            VTrip: EITHER
            Slew: FAST
            Input Sync needed: False
            Output Sync needed: False
            SC shield enabled: False
            POR State: ANY
            LCD Mode: COMMON
            Register Mode: RegComb
            CaSense Mode: NEITHER
            Treat as pin: False
            Is OE Registered: False
            Uses Analog: False
            Can contain Digital: True
            Is SIO: False
            SIO Output Buf: NONREGULATED
            SIO Input Buf: SINGLE_ENDED
            SIO HiFreq: LOW
            SIO Hyst: DISABLED
            SIO Vtrip: MULTIPLIER_0_5
            SIO Multiplier Index: 0
            SIO RefSel: VCC_IO
            Required Capabilities: DIGITAL
            Initial Value: 0
            IO Voltage: 0
        PORT MAP (
            pa_out => YM_Data(5)__PA ,
            pad => YM_Data(5)_PAD );
        Properties:
        {
        }

    Pin : Name = YM_Data(6)
        Attributes:
            In Group/Port: True
            In Sync Option: AUTO
            Out Sync Option: NOSYNC
            Interrupt generated: False
            Interrupt mode: NONE
            Drive mode: CMOS_OUT
            VTrip: EITHER
            Slew: FAST
            Input Sync needed: False
            Output Sync needed: False
            SC shield enabled: False
            POR State: ANY
            LCD Mode: COMMON
            Register Mode: RegComb
            CaSense Mode: NEITHER
            Treat as pin: False
            Is OE Registered: False
            Uses Analog: False
            Can contain Digital: True
            Is SIO: False
            SIO Output Buf: NONREGULATED
            SIO Input Buf: SINGLE_ENDED
            SIO HiFreq: LOW
            SIO Hyst: DISABLED
            SIO Vtrip: MULTIPLIER_0_5
            SIO Multiplier Index: 0
            SIO RefSel: VCC_IO
            Required Capabilities: DIGITAL
            Initial Value: 0
            IO Voltage: 0
        PORT MAP (
            pa_out => YM_Data(6)__PA ,
            pad => YM_Data(6)_PAD );
        Properties:
        {
        }

    Pin : Name = YM_Data(7)
        Attributes:
            In Group/Port: True
            In Sync Option: AUTO
            Out Sync Option: NOSYNC
            Interrupt generated: False
            Interrupt mode: NONE
            Drive mode: CMOS_OUT
            VTrip: EITHER
            Slew: FAST
            Input Sync needed: False
            Output Sync needed: False
            SC shield enabled: False
            POR State: ANY
            LCD Mode: COMMON
            Register Mode: RegComb
            CaSense Mode: NEITHER
            Treat as pin: False
            Is OE Registered: False
            Uses Analog: False
            Can contain Digital: True
            Is SIO: False
            SIO Output Buf: NONREGULATED
            SIO Input Buf: SINGLE_ENDED
            SIO HiFreq: LOW
            SIO Hyst: DISABLED
            SIO Vtrip: MULTIPLIER_0_5
            SIO Multiplier Index: 0
            SIO RefSel: VCC_IO
            Required Capabilities: DIGITAL
            Initial Value: 0
            IO Voltage: 0
        PORT MAP (
            pa_out => YM_Data(7)__PA ,
            pad => YM_Data(7)_PAD );
        Properties:
        {
        }

    Pin : Name = SN_WE(0)
        Attributes:
            In Group/Port: True
            In Sync Option: AUTO
            Out Sync Option: NOSYNC
            Interrupt generated: False
            Interrupt mode: NONE
            Drive mode: CMOS_OUT
            VTrip: EITHER
            Slew: FAST
            Input Sync needed: False
            Output Sync needed: False
            SC shield enabled: False
            POR State: ANY
            LCD Mode: COMMON
            Register Mode: RegComb
            CaSense Mode: NEITHER
            Treat as pin: True
            Is OE Registered: False
            Uses Analog: False
            Can contain Digital: True
            Is SIO: False
            SIO Output Buf: NONREGULATED
            SIO Input Buf: SINGLE_ENDED
            SIO HiFreq: LOW
            SIO Hyst: DISABLED
            SIO Vtrip: MULTIPLIER_0_5
            SIO Multiplier Index: 0
            SIO RefSel: VCC_IO
            Required Capabilities: DIGITAL
            Initial Value: 0
            IO Voltage: 0
        PORT MAP (
            pa_out => SN_WE(0)__PA ,
            pad => SN_WE(0)_PAD );
        Properties:
        {
        }

    Pin : Name = YM_IC(0)
        Attributes:
            In Group/Port: True
            In Sync Option: AUTO
            Out Sync Option: NOSYNC
            Interrupt generated: False
            Interrupt mode: NONE
            Drive mode: CMOS_OUT
            VTrip: EITHER
            Slew: FAST
            Input Sync needed: False
            Output Sync needed: False
            SC shield enabled: False
            POR State: ANY
            LCD Mode: COMMON
            Register Mode: RegComb
            CaSense Mode: NEITHER
            Treat as pin: True
            Is OE Registered: False
            Uses Analog: False
            Can contain Digital: True
            Is SIO: False
            SIO Output Buf: NONREGULATED
            SIO Input Buf: SINGLE_ENDED
            SIO HiFreq: LOW
            SIO Hyst: DISABLED
            SIO Vtrip: MULTIPLIER_0_5
            SIO Multiplier Index: 0
            SIO RefSel: VCC_IO
            Required Capabilities: DIGITAL
            Initial Value: 0
            IO Voltage: 0
        PORT MAP (
            pa_out => YM_IC(0)__PA ,
            pad => YM_IC(0)_PAD );
        Properties:
        {
        }

    Pin : Name = YM_CLK(0)
        Attributes:
            In Group/Port: True
            In Sync Option: AUTO
            Out Sync Option: NOSYNC
            Interrupt generated: False
            Interrupt mode: NONE
            Drive mode: CMOS_OUT
            VTrip: EITHER
            Slew: FAST
            Input Sync needed: False
            Output Sync needed: False
            SC shield enabled: False
            POR State: ANY
            LCD Mode: COMMON
            Register Mode: RegComb
            CaSense Mode: NEITHER
            Treat as pin: True
            Is OE Registered: False
            Uses Analog: False
            Can contain Digital: True
            Is SIO: False
            SIO Output Buf: NONREGULATED
            SIO Input Buf: SINGLE_ENDED
            SIO HiFreq: LOW
            SIO Hyst: DISABLED
            SIO Vtrip: MULTIPLIER_0_5
            SIO Multiplier Index: 0
            SIO RefSel: VCC_IO
            Required Capabilities: DIGITAL, ROUTABLE
            Initial Value: 0
            IO Voltage: 0
        PORT MAP (
            pa_out => YM_CLK(0)__PA ,
            pin_input => Net_25_local ,
            pad => YM_CLK(0)_PAD );
        Properties:
        {
        }

    Pin : Name = SN_CLK(0)
        Attributes:
            In Group/Port: True
            In Sync Option: AUTO
            Out Sync Option: NOSYNC
            Interrupt generated: False
            Interrupt mode: NONE
            Drive mode: CMOS_OUT
            VTrip: EITHER
            Slew: FAST
            Input Sync needed: False
            Output Sync needed: False
            SC shield enabled: False
            POR State: ANY
            LCD Mode: COMMON
            Register Mode: RegComb
            CaSense Mode: NEITHER
            Treat as pin: True
            Is OE Registered: False
            Uses Analog: False
            Can contain Digital: True
            Is SIO: False
            SIO Output Buf: NONREGULATED
            SIO Input Buf: SINGLE_ENDED
            SIO HiFreq: LOW
            SIO Hyst: DISABLED
            SIO Vtrip: MULTIPLIER_0_5
            SIO Multiplier Index: 0
            SIO RefSel: VCC_IO
            Required Capabilities: DIGITAL, ROUTABLE
            Initial Value: 0
            IO Voltage: 0
        PORT MAP (
            pa_out => SN_CLK(0)__PA ,
            pin_input => Net_29_local ,
            pad => SN_CLK(0)_PAD );
        Properties:
        {
        }
    </CYPRESSTAG>
    <CYPRESSTAG name="Macrocell listing" icon="FILE_RPT_EQUATION">
    </CYPRESSTAG>
    <CYPRESSTAG name="Datapath listing">
    </CYPRESSTAG>
    <CYPRESSTAG name="Status register listing">
    </CYPRESSTAG>
    <CYPRESSTAG name="StatusI register listing">
    </CYPRESSTAG>
    <CYPRESSTAG name="Sync listing">
    </CYPRESSTAG>
    <CYPRESSTAG name="Control register listing">
    </CYPRESSTAG>
    <CYPRESSTAG name="Count7 listing">
    </CYPRESSTAG>
    <CYPRESSTAG name="DRQ listing">

    ------------------------------------------------------------
    DRQ listing
    ------------------------------------------------------------

    drqcell: Name =\USBUART:ep3\
        PORT MAP (
            dmareq => \USBUART:dma_request_2\ ,
            termin => \USBUART:dma_terminate\ ,
            termout => \USBUART:Net_1559\ );
        Properties:
        {
            drq_type = "10"
            num_tds = 0
        }

    drqcell: Name =\USBUART:ep2\
        PORT MAP (
            dmareq => \USBUART:dma_request_1\ ,
            termin => \USBUART:dma_terminate\ ,
            termout => \USBUART:Net_1498\ );
        Properties:
        {
            drq_type = "10"
            num_tds = 0
        }

    drqcell: Name =\USBUART:ep1\
        PORT MAP (
            dmareq => \USBUART:dma_request_0\ ,
            termin => \USBUART:dma_terminate\ ,
            termout => \USBUART:Net_1495\ );
        Properties:
        {
            drq_type = "10"
            num_tds = 0
        }
    </CYPRESSTAG>
    <CYPRESSTAG name="Interrupt listing">

    ------------------------------------------------------------
    Interrupt listing
    ------------------------------------------------------------

    interrupt: Name =\USBUART:dp_int\
        PORT MAP (
            interrupt => \USBUART:Net_1010\ );
        Properties:
        {
            int_type = "10"
            is_nmi = 0
        }

    interrupt: Name =\USBUART:ep_3\
        PORT MAP (
            interrupt => \USBUART:ep_int_3\ );
        Properties:
        {
            int_type = "10"
            is_nmi = 0
        }

    interrupt: Name =\USBUART:ep_2\
        PORT MAP (
            interrupt => \USBUART:ep_int_2\ );
        Properties:
        {
            int_type = "10"
            is_nmi = 0
        }

    interrupt: Name =\USBUART:ep_1\
        PORT MAP (
            interrupt => \USBUART:ep_int_1\ );
        Properties:
        {
            int_type = "10"
            is_nmi = 0
        }

    interrupt: Name =\USBUART:ep_0\
        PORT MAP (
            interrupt => \USBUART:ep_int_0\ );
        Properties:
        {
            int_type = "10"
            is_nmi = 0
        }

    interrupt: Name =\USBUART:bus_reset\
        PORT MAP (
            interrupt => \USBUART:Net_1876\ );
        Properties:
        {
            int_type = "10"
            is_nmi = 0
        }

    interrupt: Name =\USBUART:arb_int\
        PORT MAP (
            interrupt => \USBUART:Net_1889\ );
        Properties:
        {
            int_type = "10"
            is_nmi = 0
        }

    interrupt: Name =\USBUART:sof_int\
        PORT MAP (
            interrupt => Net_4 );
        Properties:
        {
            int_type = "10"
            is_nmi = 0
        }

    interrupt: Name =isr_1
        PORT MAP (
            interrupt => Net_168_local );
        Properties:
        {
            int_type = "00"
            is_nmi = 0
        }
    </CYPRESSTAG>
</CYPRESSTAG>
<CYPRESSTAG name="Technology mapping summary" expanded>

------------------------------------------------------------
Technology mapping summary
------------------------------------------------------------

Resource Type                 : Used : Free :  Max :  % Used
============================================================
Digital Clocks                :    3 :    5 :    8 : 37.50 %
Analog Clocks                 :    0 :    4 :    4 :  0.00 %
CapSense Buffers              :    0 :    2 :    2 :  0.00 %
Digital Filter Block          :    0 :    1 :    1 :  0.00 %
Interrupts                    :    9 :   23 :   32 : 28.13 %
IO                            :   22 :   26 :   48 : 45.83 %
Segment LCD                   :    0 :    1 :    1 :  0.00 %
CAN 2.0b                      :    0 :    1 :    1 :  0.00 %
I2C                           :    0 :    1 :    1 :  0.00 %
USB                           :    1 :    0 :    1 : 100.00 %
DMA Channels                  :    3 :   21 :   24 : 12.50 %
Timer                         :    0 :    4 :    4 :  0.00 %
UDB                           :      :      :      :        
  Macrocells                  :    0 :  192 :  192 :  0.00 %
  Unique P-terms              :    0 :  384 :  384 :  0.00 %
  Total P-terms               :    0 :      :      :        
  Datapath Cells              :    0 :   24 :   24 :  0.00 %
  Status Cells                :    0 :   24 :   24 :  0.00 %
  Control Cells               :    0 :   24 :   24 :  0.00 %
Opamp                         :    0 :    4 :    4 :  0.00 %
Comparator                    :    0 :    4 :    4 :  0.00 %
Delta-Sigma ADC               :    0 :    1 :    1 :  0.00 %
LPF                           :    0 :    2 :    2 :  0.00 %
SAR ADC                       :    0 :    2 :    2 :  0.00 %
Analog (SC/CT) Blocks         :    0 :    4 :    4 :  0.00 %
DAC                           :      :      :      :        
  VIDAC                       :    0 :    4 :    4 :  0.00 %
</CYPRESSTAG>
Technology Mapping: Elapsed time ==> 0s.077ms
Tech Mapping phase: Elapsed time ==> 0s.155ms
</CYPRESSTAG>
<CYPRESSTAG name="Analog Placement">
Initial Analog Placement Results:
IO_1@[IOP=(0)][IoId=(1)] : SN_CLK(0) (fixed)
IO_4@[IOP=(1)][IoId=(4)] : SN_WE(0) (fixed)
IO_5@[IOP=(0)][IoId=(5)] : YM_A0(0) (fixed)
IO_7@[IOP=(2)][IoId=(7)] : YM_A1(0) (fixed)
IO_0@[IOP=(3)][IoId=(0)] : YM_CLK(0) (fixed)
IO_2@[IOP=(1)][IoId=(2)] : YM_CS(0) (fixed)
IO_0@[IOP=(12)][IoId=(0)] : YM_Data(0) (fixed)
IO_1@[IOP=(12)][IoId=(1)] : YM_Data(1) (fixed)
IO_2@[IOP=(12)][IoId=(2)] : YM_Data(2) (fixed)
IO_3@[IOP=(12)][IoId=(3)] : YM_Data(3) (fixed)
IO_4@[IOP=(12)][IoId=(4)] : YM_Data(4) (fixed)
IO_5@[IOP=(12)][IoId=(5)] : YM_Data(5) (fixed)
IO_6@[IOP=(12)][IoId=(6)] : YM_Data(6) (fixed)
IO_7@[IOP=(12)][IoId=(7)] : YM_Data(7) (fixed)
IO_5@[IOP=(1)][IoId=(5)] : YM_IC(0) (fixed)
IO_6@[IOP=(0)][IoId=(6)] : YM_RD(0) (fixed)
IO_7@[IOP=(0)][IoId=(7)] : YM_WR(0) (fixed)
IO_7@[IOP=(15)][IoId=(7)] : \USBUART:Dm(0)\ (fixed)
IO_6@[IOP=(15)][IoId=(6)] : \USBUART:Dp(0)\ (fixed)
USB[0]@[FFB(USB,0)] : \USBUART:USB\
Analog Placement phase: Elapsed time ==> 0s.017ms
</CYPRESSTAG>
<CYPRESSTAG name="Analog Routing">
Analog Routing phase: Elapsed time ==> 0s.000ms
</CYPRESSTAG>
<CYPRESSTAG name="Analog Code Generation">
============ Analog Final Answer Routes ============
Dump of CyAnalogRoutingResultsDB
Map of net to items {
}
Map of item to net {
}
Mux Info {
}
Dump of CyP35AnalogRoutingResultsDB
IsVddaHalfUsedForComp = False
IsVddaHalfUsedForSar0 = False
IsVddaHalfUsedForSar1 = False
Analog Code Generation phase: Elapsed time ==> 0s.373ms
</CYPRESSTAG>
<CYPRESSTAG name="Digital Placement">
<CYPRESSTAG name="Detailed placement messages">
I2659: No Constrained paths were found. The placer will run in non-timing driven mode.
I2076: Total run-time: 0.6 sec.

</CYPRESSTAG>
<CYPRESSTAG name="PLD Packing">
<CYPRESSTAG name="PLD Packing Summary">
No PLDs were packed.
</CYPRESSTAG>
PLD Packing: Elapsed time ==> 0s.000ms
</CYPRESSTAG>
<CYPRESSTAG name="Partitioning">
<CYPRESSTAG name="Initial Partitioning Summary">
Initial Partitioning Summary not displayed at this verbose level.</CYPRESSTAG>
<CYPRESSTAG name="Final Partitioning Summary">
Final Partitioning Summary not displayed at this verbose level.</CYPRESSTAG>
Partitioning: Elapsed time ==> 0s.024ms
</CYPRESSTAG>
<CYPRESSTAG name="Final Placement Summary">

------------------------------------------------------------
Final Placement Summary
------------------------------------------------------------

       Resource Type :      Count : Avg Inputs : Avg Outputs
    ========================================================
                 UDB :          0 :       0.00 :       0.00
<CYPRESSTAG name="Final Placement Details">
<CYPRESSTAG name="Component Details">

------------------------------------------------------------
Component Placement Details
------------------------------------------------------------
UDB [UDB=(0,0)] is empty.
UDB [UDB=(0,1)] is empty.
UDB [UDB=(0,2)] is empty.
UDB [UDB=(0,3)] is empty.
UDB [UDB=(0,4)] is empty.
UDB [UDB=(0,5)] is empty.
UDB [UDB=(1,0)] is empty.
UDB [UDB=(1,1)] is empty.
UDB [UDB=(1,2)] is empty.
UDB [UDB=(1,3)] is empty.
UDB [UDB=(1,4)] is empty.
UDB [UDB=(1,5)] is empty.
UDB [UDB=(2,0)] is empty.
UDB [UDB=(2,1)] is empty.
UDB [UDB=(2,2)] is empty.
UDB [UDB=(2,3)] is empty.
UDB [UDB=(2,4)] is empty.
UDB [UDB=(2,5)] is empty.
UDB [UDB=(3,0)] is empty.
UDB [UDB=(3,1)] is empty.
UDB [UDB=(3,2)] is empty.
UDB [UDB=(3,3)] is empty.
UDB [UDB=(3,4)] is empty.
UDB [UDB=(3,5)] is empty.
Intr container @ [IntrContainer=(0)]: 
  Intr@ [IntrContainer=(0)][IntrId=(0)] 
    interrupt: Name =\USBUART:ep_1\
        PORT MAP (
            interrupt => \USBUART:ep_int_1\ );
        Properties:
        {
            int_type = "10"
            is_nmi = 0
        }
  Intr@ [IntrContainer=(0)][IntrId=(1)] 
    interrupt: Name =\USBUART:ep_2\
        PORT MAP (
            interrupt => \USBUART:ep_int_2\ );
        Properties:
        {
            int_type = "10"
            is_nmi = 0
        }
  Intr@ [IntrContainer=(0)][IntrId=(2)] 
    interrupt: Name =\USBUART:ep_3\
        PORT MAP (
            interrupt => \USBUART:ep_int_3\ );
        Properties:
        {
            int_type = "10"
            is_nmi = 0
        }
  Intr@ [IntrContainer=(0)][IntrId=(3)] 
    interrupt: Name =isr_1
        PORT MAP (
            interrupt => Net_168_local );
        Properties:
        {
            int_type = "00"
            is_nmi = 0
        }
  Intr@ [IntrContainer=(0)][IntrId=(12)] 
    interrupt: Name =\USBUART:dp_int\
        PORT MAP (
            interrupt => \USBUART:Net_1010\ );
        Properties:
        {
            int_type = "10"
            is_nmi = 0
        }
  Intr@ [IntrContainer=(0)][IntrId=(21)] 
    interrupt: Name =\USBUART:sof_int\
        PORT MAP (
            interrupt => Net_4 );
        Properties:
        {
            int_type = "10"
            is_nmi = 0
        }
  Intr@ [IntrContainer=(0)][IntrId=(22)] 
    interrupt: Name =\USBUART:arb_int\
        PORT MAP (
            interrupt => \USBUART:Net_1889\ );
        Properties:
        {
            int_type = "10"
            is_nmi = 0
        }
  Intr@ [IntrContainer=(0)][IntrId=(23)] 
    interrupt: Name =\USBUART:bus_reset\
        PORT MAP (
            interrupt => \USBUART:Net_1876\ );
        Properties:
        {
            int_type = "10"
            is_nmi = 0
        }
  Intr@ [IntrContainer=(0)][IntrId=(24)] 
    interrupt: Name =\USBUART:ep_0\
        PORT MAP (
            interrupt => \USBUART:ep_int_0\ );
        Properties:
        {
            int_type = "10"
            is_nmi = 0
        }
Drq container @ [DrqContainer=(0)]: 
  Dma@ [DrqContainer=(0)][DrqId=(0)] 
    drqcell: Name =\USBUART:ep1\
        PORT MAP (
            dmareq => \USBUART:dma_request_0\ ,
            termin => \USBUART:dma_terminate\ ,
            termout => \USBUART:Net_1495\ );
        Properties:
        {
            drq_type = "10"
            num_tds = 0
        }
  Dma@ [DrqContainer=(0)][DrqId=(1)] 
    drqcell: Name =\USBUART:ep2\
        PORT MAP (
            dmareq => \USBUART:dma_request_1\ ,
            termin => \USBUART:dma_terminate\ ,
            termout => \USBUART:Net_1498\ );
        Properties:
        {
            drq_type = "10"
            num_tds = 0
        }
  Dma@ [DrqContainer=(0)][DrqId=(2)] 
    drqcell: Name =\USBUART:ep3\
        PORT MAP (
            dmareq => \USBUART:dma_request_2\ ,
            termin => \USBUART:dma_terminate\ ,
            termout => \USBUART:Net_1559\ );
        Properties:
        {
            drq_type = "10"
            num_tds = 0
        }
Port 0 contains the following IO cells:
[IoId=1]: 
Pin : Name = SN_CLK(0)
    Attributes:
        In Group/Port: True
        In Sync Option: AUTO
        Out Sync Option: NOSYNC
        Interrupt generated: False
        Interrupt mode: NONE
        Drive mode: CMOS_OUT
        VTrip: EITHER
        Slew: FAST
        Input Sync needed: False
        Output Sync needed: False
        SC shield enabled: False
        POR State: ANY
        LCD Mode: COMMON
        Register Mode: RegComb
        CaSense Mode: NEITHER
        Treat as pin: True
        Is OE Registered: False
        Uses Analog: False
        Can contain Digital: True
        Is SIO: False
        SIO Output Buf: NONREGULATED
        SIO Input Buf: SINGLE_ENDED
        SIO HiFreq: LOW
        SIO Hyst: DISABLED
        SIO Vtrip: MULTIPLIER_0_5
        SIO Multiplier Index: 0
        SIO RefSel: VCC_IO
        Required Capabilities: DIGITAL, ROUTABLE
        Initial Value: 0
        IO Voltage: 0
    PORT MAP (
        pa_out => SN_CLK(0)__PA ,
        pin_input => Net_29_local ,
        pad => SN_CLK(0)_PAD );
    Properties:
    {
    }

[IoId=5]: 
Pin : Name = YM_A0(0)
    Attributes:
        In Group/Port: True
        In Sync Option: AUTO
        Out Sync Option: NOSYNC
        Interrupt generated: False
        Interrupt mode: NONE
        Drive mode: CMOS_OUT
        VTrip: EITHER
        Slew: FAST
        Input Sync needed: False
        Output Sync needed: False
        SC shield enabled: False
        POR State: ANY
        LCD Mode: COMMON
        Register Mode: RegComb
        CaSense Mode: NEITHER
        Treat as pin: True
        Is OE Registered: False
        Uses Analog: False
        Can contain Digital: True
        Is SIO: False
        SIO Output Buf: NONREGULATED
        SIO Input Buf: SINGLE_ENDED
        SIO HiFreq: LOW
        SIO Hyst: DISABLED
        SIO Vtrip: MULTIPLIER_0_5
        SIO Multiplier Index: 0
        SIO RefSel: VCC_IO
        Required Capabilities: DIGITAL
        Initial Value: 0
        IO Voltage: 0
    PORT MAP (
        pa_out => YM_A0(0)__PA ,
        pad => YM_A0(0)_PAD );
    Properties:
    {
    }

[IoId=6]: 
Pin : Name = YM_RD(0)
    Attributes:
        In Group/Port: True
        In Sync Option: AUTO
        Out Sync Option: NOSYNC
        Interrupt generated: False
        Interrupt mode: NONE
        Drive mode: CMOS_OUT
        VTrip: EITHER
        Slew: FAST
        Input Sync needed: False
        Output Sync needed: False
        SC shield enabled: False
        POR State: ANY
        LCD Mode: COMMON
        Register Mode: RegComb
        CaSense Mode: NEITHER
        Treat as pin: True
        Is OE Registered: False
        Uses Analog: False
        Can contain Digital: True
        Is SIO: False
        SIO Output Buf: NONREGULATED
        SIO Input Buf: SINGLE_ENDED
        SIO HiFreq: LOW
        SIO Hyst: DISABLED
        SIO Vtrip: MULTIPLIER_0_5
        SIO Multiplier Index: 0
        SIO RefSel: VCC_IO
        Required Capabilities: DIGITAL
        Initial Value: 0
        IO Voltage: 0
    PORT MAP (
        pa_out => YM_RD(0)__PA ,
        pad => YM_RD(0)_PAD );
    Properties:
    {
    }

[IoId=7]: 
Pin : Name = YM_WR(0)
    Attributes:
        In Group/Port: True
        In Sync Option: AUTO
        Out Sync Option: NOSYNC
        Interrupt generated: False
        Interrupt mode: NONE
        Drive mode: CMOS_OUT
        VTrip: EITHER
        Slew: FAST
        Input Sync needed: False
        Output Sync needed: False
        SC shield enabled: False
        POR State: ANY
        LCD Mode: COMMON
        Register Mode: RegComb
        CaSense Mode: NEITHER
        Treat as pin: True
        Is OE Registered: False
        Uses Analog: False
        Can contain Digital: True
        Is SIO: False
        SIO Output Buf: NONREGULATED
        SIO Input Buf: SINGLE_ENDED
        SIO HiFreq: LOW
        SIO Hyst: DISABLED
        SIO Vtrip: MULTIPLIER_0_5
        SIO Multiplier Index: 0
        SIO RefSel: VCC_IO
        Required Capabilities: DIGITAL
        Initial Value: 0
        IO Voltage: 0
    PORT MAP (
        pa_out => YM_WR(0)__PA ,
        pad => YM_WR(0)_PAD );
    Properties:
    {
    }

Port 1 contains the following IO cells:
[IoId=2]: 
Pin : Name = YM_CS(0)
    Attributes:
        In Group/Port: True
        In Sync Option: AUTO
        Out Sync Option: NOSYNC
        Interrupt generated: False
        Interrupt mode: NONE
        Drive mode: CMOS_OUT
        VTrip: EITHER
        Slew: FAST
        Input Sync needed: False
        Output Sync needed: False
        SC shield enabled: False
        POR State: ANY
        LCD Mode: COMMON
        Register Mode: RegComb
        CaSense Mode: NEITHER
        Treat as pin: True
        Is OE Registered: False
        Uses Analog: False
        Can contain Digital: True
        Is SIO: False
        SIO Output Buf: NONREGULATED
        SIO Input Buf: SINGLE_ENDED
        SIO HiFreq: LOW
        SIO Hyst: DISABLED
        SIO Vtrip: MULTIPLIER_0_5
        SIO Multiplier Index: 0
        SIO RefSel: VCC_IO
        Required Capabilities: DIGITAL
        Initial Value: 0
        IO Voltage: 0
    PORT MAP (
        pa_out => YM_CS(0)__PA ,
        pad => YM_CS(0)_PAD );
    Properties:
    {
    }

[IoId=4]: 
Pin : Name = SN_WE(0)
    Attributes:
        In Group/Port: True
        In Sync Option: AUTO
        Out Sync Option: NOSYNC
        Interrupt generated: False
        Interrupt mode: NONE
        Drive mode: CMOS_OUT
        VTrip: EITHER
        Slew: FAST
        Input Sync needed: False
        Output Sync needed: False
        SC shield enabled: False
        POR State: ANY
        LCD Mode: COMMON
        Register Mode: RegComb
        CaSense Mode: NEITHER
        Treat as pin: True
        Is OE Registered: False
        Uses Analog: False
        Can contain Digital: True
        Is SIO: False
        SIO Output Buf: NONREGULATED
        SIO Input Buf: SINGLE_ENDED
        SIO HiFreq: LOW
        SIO Hyst: DISABLED
        SIO Vtrip: MULTIPLIER_0_5
        SIO Multiplier Index: 0
        SIO RefSel: VCC_IO
        Required Capabilities: DIGITAL
        Initial Value: 0
        IO Voltage: 0
    PORT MAP (
        pa_out => SN_WE(0)__PA ,
        pad => SN_WE(0)_PAD );
    Properties:
    {
    }

[IoId=5]: 
Pin : Name = YM_IC(0)
    Attributes:
        In Group/Port: True
        In Sync Option: AUTO
        Out Sync Option: NOSYNC
        Interrupt generated: False
        Interrupt mode: NONE
        Drive mode: CMOS_OUT
        VTrip: EITHER
        Slew: FAST
        Input Sync needed: False
        Output Sync needed: False
        SC shield enabled: False
        POR State: ANY
        LCD Mode: COMMON
        Register Mode: RegComb
        CaSense Mode: NEITHER
        Treat as pin: True
        Is OE Registered: False
        Uses Analog: False
        Can contain Digital: True
        Is SIO: False
        SIO Output Buf: NONREGULATED
        SIO Input Buf: SINGLE_ENDED
        SIO HiFreq: LOW
        SIO Hyst: DISABLED
        SIO Vtrip: MULTIPLIER_0_5
        SIO Multiplier Index: 0
        SIO RefSel: VCC_IO
        Required Capabilities: DIGITAL
        Initial Value: 0
        IO Voltage: 0
    PORT MAP (
        pa_out => YM_IC(0)__PA ,
        pad => YM_IC(0)_PAD );
    Properties:
    {
    }

Port 2 contains the following IO cells:
[IoId=7]: 
Pin : Name = YM_A1(0)
    Attributes:
        In Group/Port: True
        In Sync Option: AUTO
        Out Sync Option: NOSYNC
        Interrupt generated: False
        Interrupt mode: NONE
        Drive mode: CMOS_OUT
        VTrip: EITHER
        Slew: FAST
        Input Sync needed: False
        Output Sync needed: False
        SC shield enabled: False
        POR State: ANY
        LCD Mode: COMMON
        Register Mode: RegComb
        CaSense Mode: NEITHER
        Treat as pin: True
        Is OE Registered: False
        Uses Analog: False
        Can contain Digital: True
        Is SIO: False
        SIO Output Buf: NONREGULATED
        SIO Input Buf: SINGLE_ENDED
        SIO HiFreq: LOW
        SIO Hyst: DISABLED
        SIO Vtrip: MULTIPLIER_0_5
        SIO Multiplier Index: 0
        SIO RefSel: VCC_IO
        Required Capabilities: DIGITAL
        Initial Value: 0
        IO Voltage: 0
    PORT MAP (
        pa_out => YM_A1(0)__PA ,
        pad => YM_A1(0)_PAD );
    Properties:
    {
    }

Port 3 contains the following IO cells:
[IoId=0]: 
Pin : Name = YM_CLK(0)
    Attributes:
        In Group/Port: True
        In Sync Option: AUTO
        Out Sync Option: NOSYNC
        Interrupt generated: False
        Interrupt mode: NONE
        Drive mode: CMOS_OUT
        VTrip: EITHER
        Slew: FAST
        Input Sync needed: False
        Output Sync needed: False
        SC shield enabled: False
        POR State: ANY
        LCD Mode: COMMON
        Register Mode: RegComb
        CaSense Mode: NEITHER
        Treat as pin: True
        Is OE Registered: False
        Uses Analog: False
        Can contain Digital: True
        Is SIO: False
        SIO Output Buf: NONREGULATED
        SIO Input Buf: SINGLE_ENDED
        SIO HiFreq: LOW
        SIO Hyst: DISABLED
        SIO Vtrip: MULTIPLIER_0_5
        SIO Multiplier Index: 0
        SIO RefSel: VCC_IO
        Required Capabilities: DIGITAL, ROUTABLE
        Initial Value: 0
        IO Voltage: 0
    PORT MAP (
        pa_out => YM_CLK(0)__PA ,
        pin_input => Net_25_local ,
        pad => YM_CLK(0)_PAD );
    Properties:
    {
    }

Port 12 contains the following IO cells:
[IoId=0]: 
Pin : Name = YM_Data(0)
    Attributes:
        In Group/Port: True
        In Sync Option: AUTO
        Out Sync Option: NOSYNC
        Interrupt generated: False
        Interrupt mode: NONE
        Drive mode: CMOS_OUT
        VTrip: EITHER
        Slew: FAST
        Input Sync needed: False
        Output Sync needed: False
        SC shield enabled: False
        POR State: ANY
        LCD Mode: COMMON
        Register Mode: RegComb
        CaSense Mode: NEITHER
        Treat as pin: False
        Is OE Registered: False
        Uses Analog: False
        Can contain Digital: True
        Is SIO: False
        SIO Output Buf: NONREGULATED
        SIO Input Buf: SINGLE_ENDED
        SIO HiFreq: LOW
        SIO Hyst: DISABLED
        SIO Vtrip: MULTIPLIER_0_5
        SIO Multiplier Index: 0
        SIO RefSel: VCC_IO
        Required Capabilities: DIGITAL
        Initial Value: 0
        IO Voltage: 0
    PORT MAP (
        pa_out => YM_Data(0)__PA ,
        pad => YM_Data(0)_PAD );
    Properties:
    {
    }

[IoId=1]: 
Pin : Name = YM_Data(1)
    Attributes:
        In Group/Port: True
        In Sync Option: AUTO
        Out Sync Option: NOSYNC
        Interrupt generated: False
        Interrupt mode: NONE
        Drive mode: CMOS_OUT
        VTrip: EITHER
        Slew: FAST
        Input Sync needed: False
        Output Sync needed: False
        SC shield enabled: False
        POR State: ANY
        LCD Mode: COMMON
        Register Mode: RegComb
        CaSense Mode: NEITHER
        Treat as pin: False
        Is OE Registered: False
        Uses Analog: False
        Can contain Digital: True
        Is SIO: False
        SIO Output Buf: NONREGULATED
        SIO Input Buf: SINGLE_ENDED
        SIO HiFreq: LOW
        SIO Hyst: DISABLED
        SIO Vtrip: MULTIPLIER_0_5
        SIO Multiplier Index: 0
        SIO RefSel: VCC_IO
        Required Capabilities: DIGITAL
        Initial Value: 0
        IO Voltage: 0
    PORT MAP (
        pa_out => YM_Data(1)__PA ,
        pad => YM_Data(1)_PAD );
    Properties:
    {
    }

[IoId=2]: 
Pin : Name = YM_Data(2)
    Attributes:
        In Group/Port: True
        In Sync Option: AUTO
        Out Sync Option: NOSYNC
        Interrupt generated: False
        Interrupt mode: NONE
        Drive mode: CMOS_OUT
        VTrip: EITHER
        Slew: FAST
        Input Sync needed: False
        Output Sync needed: False
        SC shield enabled: False
        POR State: ANY
        LCD Mode: COMMON
        Register Mode: RegComb
        CaSense Mode: NEITHER
        Treat as pin: False
        Is OE Registered: False
        Uses Analog: False
        Can contain Digital: True
        Is SIO: False
        SIO Output Buf: NONREGULATED
        SIO Input Buf: SINGLE_ENDED
        SIO HiFreq: LOW
        SIO Hyst: DISABLED
        SIO Vtrip: MULTIPLIER_0_5
        SIO Multiplier Index: 0
        SIO RefSel: VCC_IO
        Required Capabilities: DIGITAL
        Initial Value: 0
        IO Voltage: 0
    PORT MAP (
        pa_out => YM_Data(2)__PA ,
        pad => YM_Data(2)_PAD );
    Properties:
    {
    }

[IoId=3]: 
Pin : Name = YM_Data(3)
    Attributes:
        In Group/Port: True
        In Sync Option: AUTO
        Out Sync Option: NOSYNC
        Interrupt generated: False
        Interrupt mode: NONE
        Drive mode: CMOS_OUT
        VTrip: EITHER
        Slew: FAST
        Input Sync needed: False
        Output Sync needed: False
        SC shield enabled: False
        POR State: ANY
        LCD Mode: COMMON
        Register Mode: RegComb
        CaSense Mode: NEITHER
        Treat as pin: False
        Is OE Registered: False
        Uses Analog: False
        Can contain Digital: True
        Is SIO: False
        SIO Output Buf: NONREGULATED
        SIO Input Buf: SINGLE_ENDED
        SIO HiFreq: LOW
        SIO Hyst: DISABLED
        SIO Vtrip: MULTIPLIER_0_5
        SIO Multiplier Index: 0
        SIO RefSel: VCC_IO
        Required Capabilities: DIGITAL
        Initial Value: 0
        IO Voltage: 0
    PORT MAP (
        pa_out => YM_Data(3)__PA ,
        pad => YM_Data(3)_PAD );
    Properties:
    {
    }

[IoId=4]: 
Pin : Name = YM_Data(4)
    Attributes:
        In Group/Port: True
        In Sync Option: AUTO
        Out Sync Option: NOSYNC
        Interrupt generated: False
        Interrupt mode: NONE
        Drive mode: CMOS_OUT
        VTrip: EITHER
        Slew: FAST
        Input Sync needed: False
        Output Sync needed: False
        SC shield enabled: False
        POR State: ANY
        LCD Mode: COMMON
        Register Mode: RegComb
        CaSense Mode: NEITHER
        Treat as pin: False
        Is OE Registered: False
        Uses Analog: False
        Can contain Digital: True
        Is SIO: False
        SIO Output Buf: NONREGULATED
        SIO Input Buf: SINGLE_ENDED
        SIO HiFreq: LOW
        SIO Hyst: DISABLED
        SIO Vtrip: MULTIPLIER_0_5
        SIO Multiplier Index: 0
        SIO RefSel: VCC_IO
        Required Capabilities: DIGITAL
        Initial Value: 0
        IO Voltage: 0
    PORT MAP (
        pa_out => YM_Data(4)__PA ,
        pad => YM_Data(4)_PAD );
    Properties:
    {
    }

[IoId=5]: 
Pin : Name = YM_Data(5)
    Attributes:
        In Group/Port: True
        In Sync Option: AUTO
        Out Sync Option: NOSYNC
        Interrupt generated: False
        Interrupt mode: NONE
        Drive mode: CMOS_OUT
        VTrip: EITHER
        Slew: FAST
        Input Sync needed: False
        Output Sync needed: False
        SC shield enabled: False
        POR State: ANY
        LCD Mode: COMMON
        Register Mode: RegComb
        CaSense Mode: NEITHER
        Treat as pin: False
        Is OE Registered: False
        Uses Analog: False
        Can contain Digital: True
        Is SIO: False
        SIO Output Buf: NONREGULATED
        SIO Input Buf: SINGLE_ENDED
        SIO HiFreq: LOW
        SIO Hyst: DISABLED
        SIO Vtrip: MULTIPLIER_0_5
        SIO Multiplier Index: 0
        SIO RefSel: VCC_IO
        Required Capabilities: DIGITAL
        Initial Value: 0
        IO Voltage: 0
    PORT MAP (
        pa_out => YM_Data(5)__PA ,
        pad => YM_Data(5)_PAD );
    Properties:
    {
    }

[IoId=6]: 
Pin : Name = YM_Data(6)
    Attributes:
        In Group/Port: True
        In Sync Option: AUTO
        Out Sync Option: NOSYNC
        Interrupt generated: False
        Interrupt mode: NONE
        Drive mode: CMOS_OUT
        VTrip: EITHER
        Slew: FAST
        Input Sync needed: False
        Output Sync needed: False
        SC shield enabled: False
        POR State: ANY
        LCD Mode: COMMON
        Register Mode: RegComb
        CaSense Mode: NEITHER
        Treat as pin: False
        Is OE Registered: False
        Uses Analog: False
        Can contain Digital: True
        Is SIO: False
        SIO Output Buf: NONREGULATED
        SIO Input Buf: SINGLE_ENDED
        SIO HiFreq: LOW
        SIO Hyst: DISABLED
        SIO Vtrip: MULTIPLIER_0_5
        SIO Multiplier Index: 0
        SIO RefSel: VCC_IO
        Required Capabilities: DIGITAL
        Initial Value: 0
        IO Voltage: 0
    PORT MAP (
        pa_out => YM_Data(6)__PA ,
        pad => YM_Data(6)_PAD );
    Properties:
    {
    }

[IoId=7]: 
Pin : Name = YM_Data(7)
    Attributes:
        In Group/Port: True
        In Sync Option: AUTO
        Out Sync Option: NOSYNC
        Interrupt generated: False
        Interrupt mode: NONE
        Drive mode: CMOS_OUT
        VTrip: EITHER
        Slew: FAST
        Input Sync needed: False
        Output Sync needed: False
        SC shield enabled: False
        POR State: ANY
        LCD Mode: COMMON
        Register Mode: RegComb
        CaSense Mode: NEITHER
        Treat as pin: False
        Is OE Registered: False
        Uses Analog: False
        Can contain Digital: True
        Is SIO: False
        SIO Output Buf: NONREGULATED
        SIO Input Buf: SINGLE_ENDED
        SIO HiFreq: LOW
        SIO Hyst: DISABLED
        SIO Vtrip: MULTIPLIER_0_5
        SIO Multiplier Index: 0
        SIO RefSel: VCC_IO
        Required Capabilities: DIGITAL
        Initial Value: 0
        IO Voltage: 0
    PORT MAP (
        pa_out => YM_Data(7)__PA ,
        pad => YM_Data(7)_PAD );
    Properties:
    {
    }

Port 15 generates interrupt for logical port:
    logicalport: Name =\USBUART:Dp\
        PORT MAP (
            in_clock_en => tmpOE__YM_A1_net_0 ,
            in_reset => zero ,
            out_clock_en => tmpOE__YM_A1_net_0 ,
            out_reset => zero ,
            interrupt => \USBUART:Net_1010\ ,
            in_clock => ClockBlock_BUS_CLK );
        Properties:
        {
            drive_mode = "000"
            ibuf_enabled = "0"
            id = "d3ea0a1c-cc70-47e3-a0c2-0e8584e03c77/618a72fc-5ddd-4df5-958f-a3d55102db42"
            init_dr_st = "1"
            input_buffer_sel = "00"
            input_clk_en = 0
            input_sync = "1"
            input_sync_mode = "0"
            intr_mode = "10"
            invert_in_clock = 0
            invert_in_clock_en = 0
            invert_in_reset = 0
            invert_out_clock = 0
            invert_out_clock_en = 0
            invert_out_reset = 0
            io_voltage = ""
            layout_mode = "CONTIGUOUS"
            oe_conn = "0"
            oe_reset = 0
            oe_sync = "0"
            output_clk_en = 0
            output_clock_mode = "0"
            output_conn = "0"
            output_mode = "0"
            output_reset = 0
            output_sync = "0"
            ovt_hyst_trim = "0"
            ovt_needed = "0"
            ovt_slew_control = "00"
            pa_in_clock = -1
            pa_in_clock_en = -1
            pa_in_reset = -1
            pa_out_clock = -1
            pa_out_clock_en = -1
            pa_out_reset = -1
            pin_aliases = ""
            pin_mode = "I"
            por_state = 4
            port_alias_group = ""
            port_alias_required = 0
            sio_group_cnt = 0
            sio_hifreq = "00000000"
            sio_hyst = "1"
            sio_ibuf = "00000000"
            sio_info = "00"
            sio_obuf = "00000000"
            sio_refsel = "00000000"
            sio_vohsel = "00000000"
            sio_vtrip = "00000000"
            slew_rate = "0"
            spanning = 0
            sw_only = 0
            use_annotation = "0"
            vtrip = "00"
            width = 1
        }
    and contains the following IO cells:
[IoId=6]: 
Pin : Name = \USBUART:Dp(0)\
    Attributes:
        In Group/Port: True
        In Sync Option: SYNC
        Out Sync Option: AUTO
        Interrupt generated: True
        Interrupt mode: FALLING
        Drive mode: HI_Z_ANALOG
        VTrip: CMOS
        Slew: FAST
        Input Sync needed: True
        Output Sync needed: False
        SC shield enabled: False
        POR State: ANY
        LCD Mode: COMMON
        Register Mode: RegComb
        CaSense Mode: NEITHER
        Treat as pin: False
        Is OE Registered: False
        Uses Analog: True
        Can contain Digital: True
        Is SIO: False
        SIO Output Buf: NONREGULATED
        SIO Input Buf: SINGLE_ENDED
        SIO HiFreq: LOW
        SIO Hyst: DISABLED
        SIO Vtrip: MULTIPLIER_0_5
        SIO Multiplier Index: 0
        SIO RefSel: VCC_IO
        Required Capabilities: USB_D_PLUS
        Initial Value: 1
        IO Voltage: 0
    PORT MAP (
        pa_out => \USBUART:Dp(0)\__PA ,
        analog_term => \USBUART:Net_1000\ ,
        pad => \USBUART:Dp(0)_PAD\ );
    Properties:
    {
    }

[IoId=7]: 
Pin : Name = \USBUART:Dm(0)\
    Attributes:
        In Group/Port: True
        In Sync Option: AUTO
        Out Sync Option: AUTO
        Interrupt generated: False
        Interrupt mode: NONE
        Drive mode: HI_Z_ANALOG
        VTrip: EITHER
        Slew: FAST
        Input Sync needed: False
        Output Sync needed: False
        SC shield enabled: False
        POR State: ANY
        LCD Mode: COMMON
        Register Mode: RegComb
        CaSense Mode: NEITHER
        Treat as pin: True
        Is OE Registered: False
        Uses Analog: True
        Can contain Digital: False
        Is SIO: False
        SIO Output Buf: NONREGULATED
        SIO Input Buf: SINGLE_ENDED
        SIO HiFreq: LOW
        SIO Hyst: DISABLED
        SIO Vtrip: MULTIPLIER_0_5
        SIO Multiplier Index: 0
        SIO RefSel: VCC_IO
        Required Capabilities: USB_D_MINUS
        Initial Value: 0
        IO Voltage: 0
    PORT MAP (
        pa_out => \USBUART:Dm(0)\__PA ,
        analog_term => \USBUART:Net_597\ ,
        pad => \USBUART:Dm(0)_PAD\ );
    Properties:
    {
    }

ARM group 0: empty
CAN group 0: empty
Cache group 0: empty
CapSense group 0: empty
Clock group 0: 
    Clock Block @ F(Clock,0): 
    clockblockcell: Name =ClockBlock
        PORT MAP (
            imo => ClockBlock_IMO ,
            pllout => ClockBlock_PLL_OUT ,
            ilo => ClockBlock_ILO ,
            clk_100k => ClockBlock_100k ,
            clk_1k => ClockBlock_1k ,
            clk_32k => ClockBlock_32k ,
            xtal => ClockBlock_XTAL ,
            clk_32k_xtal => ClockBlock_XTAL_32KHZ ,
            clk_sync => ClockBlock_MASTER_CLK ,
            clk_bus_glb => ClockBlock_BUS_CLK ,
            clk_bus => ClockBlock_BUS_CLK_local ,
            dclk_glb_0 => Net_29 ,
            dclk_0 => Net_29_local ,
            dclk_glb_1 => Net_25 ,
            dclk_1 => Net_25_local ,
            dclk_glb_2 => Net_168 ,
            dclk_2 => Net_168_local );
        Properties:
        {
        }
Comparator group 0: empty
DFB group 0: empty
DSM group 0: empty
Decimator group 0: empty
EMIF group 0: empty
I2C group 0: empty
LCD group 0: empty
LVD group 0: empty
PICU group 0: empty
PM group 0: empty
SC group 0: empty
SPC group 0: empty
Timer group 0: empty
USB group 0: 
    USB Block @ F(USB,0): 
    usbcell: Name =\USBUART:USB\
        PORT MAP (
            dp => \USBUART:Net_1000\ ,
            dm => \USBUART:Net_597\ ,
            sof_int => Net_4 ,
            arb_int => \USBUART:Net_1889\ ,
            usb_int => \USBUART:Net_1876\ ,
            ept_int_8 => \USBUART:ep_int_8\ ,
            ept_int_7 => \USBUART:ep_int_7\ ,
            ept_int_6 => \USBUART:ep_int_6\ ,
            ept_int_5 => \USBUART:ep_int_5\ ,
            ept_int_4 => \USBUART:ep_int_4\ ,
            ept_int_3 => \USBUART:ep_int_3\ ,
            ept_int_2 => \USBUART:ep_int_2\ ,
            ept_int_1 => \USBUART:ep_int_1\ ,
            ept_int_0 => \USBUART:ep_int_0\ ,
            ord_int => \USBUART:Net_95\ ,
            dma_req_7 => \USBUART:dma_request_7\ ,
            dma_req_6 => \USBUART:dma_request_6\ ,
            dma_req_5 => \USBUART:dma_request_5\ ,
            dma_req_4 => \USBUART:dma_request_4\ ,
            dma_req_3 => \USBUART:dma_request_3\ ,
            dma_req_2 => \USBUART:dma_request_2\ ,
            dma_req_1 => \USBUART:dma_request_1\ ,
            dma_req_0 => \USBUART:dma_request_0\ ,
            dma_termin => \USBUART:dma_terminate\ );
        Properties:
        {
            cy_registers = ""
        }
VIDAC group 0: empty
OpAmp group 0: empty
CsAbuf group 0: empty
Vref group 0: empty
LPF group 0: empty
SAR group 0: empty
ANAIF group 0: empty
PHUB group 0: empty
</CYPRESSTAG>
<CYPRESSTAG name="Port Configuration Details">

------------------------------------------------------------
Port Configuration report
------------------------------------------------------------
     |     |       | Interrupt |                  |                 | 
Port | Pin | Fixed |      Type |       Drive Mode |            Name | Connections
-----+-----+-------+-----------+------------------+-----------------+---------------------------
   0 |   1 |     * |      NONE |         CMOS_OUT |       SN_CLK(0) | In(Net_29_local)
     |   5 |     * |      NONE |         CMOS_OUT |        YM_A0(0) | 
     |   6 |     * |      NONE |         CMOS_OUT |        YM_RD(0) | 
     |   7 |     * |      NONE |         CMOS_OUT |        YM_WR(0) | 
-----+-----+-------+-----------+------------------+-----------------+---------------------------
   1 |   2 |     * |      NONE |         CMOS_OUT |        YM_CS(0) | 
     |   4 |     * |      NONE |         CMOS_OUT |        SN_WE(0) | 
     |   5 |     * |      NONE |         CMOS_OUT |        YM_IC(0) | 
-----+-----+-------+-----------+------------------+-----------------+---------------------------
   2 |   7 |     * |      NONE |         CMOS_OUT |        YM_A1(0) | 
-----+-----+-------+-----------+------------------+-----------------+---------------------------
   3 |   0 |     * |      NONE |         CMOS_OUT |       YM_CLK(0) | In(Net_25_local)
-----+-----+-------+-----------+------------------+-----------------+---------------------------
  12 |   0 |     * |      NONE |         CMOS_OUT |      YM_Data(0) | 
     |   1 |     * |      NONE |         CMOS_OUT |      YM_Data(1) | 
     |   2 |     * |      NONE |         CMOS_OUT |      YM_Data(2) | 
     |   3 |     * |      NONE |         CMOS_OUT |      YM_Data(3) | 
     |   4 |     * |      NONE |         CMOS_OUT |      YM_Data(4) | 
     |   5 |     * |      NONE |         CMOS_OUT |      YM_Data(5) | 
     |   6 |     * |      NONE |         CMOS_OUT |      YM_Data(6) | 
     |   7 |     * |      NONE |         CMOS_OUT |      YM_Data(7) | 
-----+-----+-------+-----------+------------------+-----------------+---------------------------
  15 |   6 |     * |   FALLING |      HI_Z_ANALOG | \USBUART:Dp(0)\ | Analog(\USBUART:Net_1000\)
     |   7 |     * |      NONE |      HI_Z_ANALOG | \USBUART:Dm(0)\ | Analog(\USBUART:Net_597\)
------------------------------------------------------------------------------------------------
</CYPRESSTAG>
</CYPRESSTAG>
</CYPRESSTAG>
Digital component placer commit/Report: Elapsed time ==> 0s.040ms
Digital Placement phase: Elapsed time ==> 1s.049ms
</CYPRESSTAG>
<CYPRESSTAG name="Digital Routing">
"C:\Program Files (x86)\Cypress\PSoC Creator\4.2\PSoC Creator\bin/sjrouter.exe" --xml-path "C:\Program Files (x86)\Cypress\PSoC Creator\4.2\PSoC Creator\dev\psoc5/psoc5lp/route_arch-rrg.cydata" --vh2-path "VGMPlayer_v0.4_r.vh2" --pcf-path "VGMPlayer_v0.4.pco" --des-name "VGMPlayer_v0.4" --dsf-path "VGMPlayer_v0.4.dsf" --sdc-path "VGMPlayer_v0.4.sdc" --lib-path "VGMPlayer_v0.4_r.lib"
Routing successful.
Digital Routing phase: Elapsed time ==> 1s.522ms
</CYPRESSTAG>
<CYPRESSTAG name="Bitstream Generation">
Bitstream Generation phase: Elapsed time ==> 0s.232ms
</CYPRESSTAG>
<CYPRESSTAG name="Bitstream Verification">
Bitstream Verification phase: Elapsed time ==> 0s.049ms
</CYPRESSTAG>
<CYPRESSTAG name="Static timing analysis">
Timing report is in VGMPlayer_v0.4_timing.html.
Static timing analysis phase: Elapsed time ==> 0s.219ms
</CYPRESSTAG>
<CYPRESSTAG name="Data reporting">
Data reporting phase: Elapsed time ==> 0s.000ms
</CYPRESSTAG>
<CYPRESSTAG name="Database update...">
Design database save phase: Elapsed time ==> 0s.283ms
</CYPRESSTAG>
cydsfit: Elapsed time ==> 4s.071ms
</CYPRESSTAG>
Fitter phase: Elapsed time ==> 4s.072ms
API generation phase: Elapsed time ==> 2s.330ms
Dependency generation phase: Elapsed time ==> 0s.015ms
Cleanup phase: Elapsed time ==> 0s.001ms
