ARM GAS  C:\Users\ingan\AppData\Local\Temp\ccBvtOnT.s 			page 1


   1              		.syntax unified
   2              		.cpu cortex-m3
   3              		.fpu softvfp
   4              		.eabi_attribute 20, 1
   5              		.eabi_attribute 21, 1
   6              		.eabi_attribute 23, 3
   7              		.eabi_attribute 24, 1
   8              		.eabi_attribute 25, 1
   9              		.eabi_attribute 26, 1
  10              		.eabi_attribute 30, 1
  11              		.eabi_attribute 34, 1
  12              		.eabi_attribute 18, 4
  13              		.thumb
  14              		.syntax unified
  15              		.file	"func_list.c"
  16              		.text
  17              	.Ltext0:
  18              		.cfi_sections	.debug_frame
  19              		.section	.text.get_func,"ax",%progbits
  20              		.align	2
  21              		.global	get_func
  22              		.thumb
  23              		.thumb_func
  24              		.type	get_func, %function
  25              	get_func:
  26              	.LFB64:
  27              		.file 1 "func_list.c"
   1:func_list.c   **** #include "project.h"
   2:func_list.c   **** #include "stdio.h"
   3:func_list.c   **** #include "tty_utils.h"
   4:func_list.c   **** #include "func_list.h"
   5:func_list.c   **** 
   6:func_list.c   **** func_ptr get_func(f_list_type *list, char *str)
   7:func_list.c   **** {
  28              		.loc 1 7 0
  29              		.cfi_startproc
  30              		@ args = 0, pretend = 0, frame = 24
  31              		@ frame_needed = 0, uses_anonymous_args = 0
  32              	.LVL0:
  33 0000 70B5     		push	{r4, r5, r6, lr}
  34              		.cfi_def_cfa_offset 16
  35              		.cfi_offset 4, -16
  36              		.cfi_offset 5, -12
  37              		.cfi_offset 6, -8
  38              		.cfi_offset 14, -4
  39 0002 86B0     		sub	sp, sp, #24
  40              		.cfi_def_cfa_offset 40
  41 0004 0546     		mov	r5, r0
  42 0006 0846     		mov	r0, r1
  43              	.LVL1:
   8:func_list.c   ****     int      i ;
   9:func_list.c   ****     func_ptr ptr = 0 ;
  10:func_list.c   ****     char cmd[CMD_LENGTH+1] ;
  11:func_list.c   ****     
  12:func_list.c   ****     sscanf(str, "%s", cmd) ;
  44              		.loc 1 12 0
  45 0008 01AA     		add	r2, sp, #4
ARM GAS  C:\Users\ingan\AppData\Local\Temp\ccBvtOnT.s 			page 2


  46 000a 0A49     		ldr	r1, .L6
  47              	.LVL2:
  48 000c FFF7FEFF 		bl	sscanf
  49              	.LVL3:
  13:func_list.c   ****     for (i = 0 ; list[i].name ; i++ ) {
  50              		.loc 1 13 0
  51 0010 0024     		movs	r4, #0
  52 0012 04E0     		b	.L2
  53              	.LVL4:
  54              	.L4:
  14:func_list.c   ****         if (strcmp(list[i].name, cmd) == 0) {
  55              		.loc 1 14 0
  56 0014 01A9     		add	r1, sp, #4
  57 0016 FFF7FEFF 		bl	strcmp
  58              	.LVL5:
  59 001a 38B1     		cbz	r0, .L3
  13:func_list.c   ****     for (i = 0 ; list[i].name ; i++ ) {
  60              		.loc 1 13 0 discriminator 2
  61 001c 0134     		adds	r4, r4, #1
  62              	.LVL6:
  63              	.L2:
  13:func_list.c   ****     for (i = 0 ; list[i].name ; i++ ) {
  64              		.loc 1 13 0 is_stmt 0 discriminator 1
  65 001e 04EB4402 		add	r2, r4, r4, lsl #1
  66 0022 9300     		lsls	r3, r2, #2
  67 0024 EE18     		adds	r6, r5, r3
  68 0026 E858     		ldr	r0, [r5, r3]
  69 0028 0028     		cmp	r0, #0
  70 002a F3D1     		bne	.L4
  71              	.L3:
  72              	.LVL7:
  15:func_list.c   ****             break ;
  16:func_list.c   ****         }
  17:func_list.c   ****     }
  18:func_list.c   ****     ptr = list[i].func ;
  19:func_list.c   ****     
  20:func_list.c   ****     return( ptr ) ;
  21:func_list.c   **** }
  73              		.loc 1 21 0 is_stmt 1
  74 002c 7068     		ldr	r0, [r6, #4]
  75 002e 06B0     		add	sp, sp, #24
  76              		.cfi_def_cfa_offset 16
  77              		@ sp needed
  78 0030 70BD     		pop	{r4, r5, r6, pc}
  79              	.LVL8:
  80              	.L7:
  81 0032 00BF     		.align	2
  82              	.L6:
  83 0034 00000000 		.word	.LC0
  84              		.cfi_endproc
  85              	.LFE64:
  86              		.size	get_func, .-get_func
  87              		.section	.text.show_help,"ax",%progbits
  88              		.align	2
  89              		.global	show_help
  90              		.thumb
  91              		.thumb_func
ARM GAS  C:\Users\ingan\AppData\Local\Temp\ccBvtOnT.s 			page 3


  92              		.type	show_help, %function
  93              	show_help:
  94              	.LFB65:
  22:func_list.c   **** 
  23:func_list.c   **** void show_help(f_list_type *list)
  24:func_list.c   **** {
  95              		.loc 1 24 0
  96              		.cfi_startproc
  97              		@ args = 0, pretend = 0, frame = 0
  98              		@ frame_needed = 0, uses_anonymous_args = 0
  99              	.LVL9:
 100 0000 70B5     		push	{r4, r5, r6, lr}
 101              		.cfi_def_cfa_offset 16
 102              		.cfi_offset 4, -16
 103              		.cfi_offset 5, -12
 104              		.cfi_offset 6, -8
 105              		.cfi_offset 14, -4
 106 0002 0546     		mov	r5, r0
  25:func_list.c   ****     int i ;
  26:func_list.c   ****     
  27:func_list.c   ****     print("=== command ===\n\r") ;
 107              		.loc 1 27 0
 108 0004 0D48     		ldr	r0, .L12
 109              	.LVL10:
 110 0006 FFF7FEFF 		bl	print
 111              	.LVL11:
  28:func_list.c   ****     for (i = 0 ; list[i].name ; i++ ) {
 112              		.loc 1 28 0
 113 000a 0024     		movs	r4, #0
 114 000c 0BE0     		b	.L9
 115              	.LVL12:
 116              	.L10:
  29:func_list.c   ****         print(list[i].name) ;
 117              		.loc 1 29 0 discriminator 3
 118 000e FFF7FEFF 		bl	print
 119              	.LVL13:
  30:func_list.c   ****         print(" : ") ;
 120              		.loc 1 30 0 discriminator 3
 121 0012 0B48     		ldr	r0, .L12+4
 122 0014 FFF7FEFF 		bl	print
 123              	.LVL14:
  31:func_list.c   ****         print(list[i].description) ;
 124              		.loc 1 31 0 discriminator 3
 125 0018 B068     		ldr	r0, [r6, #8]
 126 001a FFF7FEFF 		bl	print
 127              	.LVL15:
  32:func_list.c   ****         print("\n\r") ;
 128              		.loc 1 32 0 discriminator 3
 129 001e 0948     		ldr	r0, .L12+8
 130 0020 FFF7FEFF 		bl	print
 131              	.LVL16:
  28:func_list.c   ****         print(list[i].name) ;
 132              		.loc 1 28 0 discriminator 3
 133 0024 0134     		adds	r4, r4, #1
 134              	.LVL17:
 135              	.L9:
  28:func_list.c   ****         print(list[i].name) ;
ARM GAS  C:\Users\ingan\AppData\Local\Temp\ccBvtOnT.s 			page 4


 136              		.loc 1 28 0 is_stmt 0 discriminator 1
 137 0026 04EB4402 		add	r2, r4, r4, lsl #1
 138 002a 9300     		lsls	r3, r2, #2
 139 002c EE18     		adds	r6, r5, r3
 140 002e E858     		ldr	r0, [r5, r3]
 141 0030 0028     		cmp	r0, #0
 142 0032 ECD1     		bne	.L10
  33:func_list.c   ****     }
  34:func_list.c   ****     print("===============\n\r") ;    
 143              		.loc 1 34 0 is_stmt 1
 144 0034 0448     		ldr	r0, .L12+12
 145 0036 FFF7FEFF 		bl	print
 146              	.LVL18:
 147 003a 70BD     		pop	{r4, r5, r6, pc}
 148              	.LVL19:
 149              	.L13:
 150              		.align	2
 151              	.L12:
 152 003c 04000000 		.word	.LC1
 153 0040 18000000 		.word	.LC2
 154 0044 1C000000 		.word	.LC3
 155 0048 20000000 		.word	.LC4
 156              		.cfi_endproc
 157              	.LFE65:
 158              		.size	show_help, .-show_help
 159              		.section	.rodata.str1.4,"aMS",%progbits,1
 160              		.align	2
 161              	.LC0:
 162 0000 257300   		.ascii	"%s\000"
 163 0003 00       		.space	1
 164              	.LC1:
 165 0004 3D3D3D20 		.ascii	"=== command ===\012\015\000"
 165      636F6D6D 
 165      616E6420 
 165      3D3D3D0A 
 165      0D00
 166 0016 0000     		.space	2
 167              	.LC2:
 168 0018 203A2000 		.ascii	" : \000"
 169              	.LC3:
 170 001c 0A0D00   		.ascii	"\012\015\000"
 171 001f 00       		.space	1
 172              	.LC4:
 173 0020 3D3D3D3D 		.ascii	"===============\012\015\000"
 173      3D3D3D3D 
 173      3D3D3D3D 
 173      3D3D3D0A 
 173      0D00
 174              		.text
 175              	.Letext0:
 176              		.file 2 "c:\\program files (x86)\\cypress\\psoc creator\\4.2\\psoc creator\\import\\gnu\\arm\\5.4.
 177              		.file 3 "c:\\program files (x86)\\cypress\\psoc creator\\4.2\\psoc creator\\import\\gnu\\arm\\5.4.
 178              		.file 4 "func_list.h"
 179              		.file 5 "c:\\program files (x86)\\cypress\\psoc creator\\4.2\\psoc creator\\import\\gnu\\arm\\5.4.
 180              		.file 6 "c:\\program files (x86)\\cypress\\psoc creator\\4.2\\psoc creator\\import\\gnu\\arm\\5.4.
 181              		.file 7 "tty_utils.h"
 182              		.file 8 "Generated_Source\\PSoC5/core_cm3.h"
ARM GAS  C:\Users\ingan\AppData\Local\Temp\ccBvtOnT.s 			page 5


 183              		.section	.debug_info,"",%progbits
 184              	.Ldebug_info0:
 185 0000 6F020000 		.4byte	0x26f
 186 0004 0400     		.2byte	0x4
 187 0006 00000000 		.4byte	.Ldebug_abbrev0
 188 000a 04       		.byte	0x4
 189 000b 01       		.uleb128 0x1
 190 000c 53010000 		.4byte	.LASF25
 191 0010 0C       		.byte	0xc
 192 0011 72000000 		.4byte	.LASF26
 193 0015 A2000000 		.4byte	.LASF27
 194 0019 00000000 		.4byte	.Ldebug_ranges0+0
 195 001d 00000000 		.4byte	0
 196 0021 00000000 		.4byte	.Ldebug_line0
 197 0025 02       		.uleb128 0x2
 198 0026 01       		.byte	0x1
 199 0027 06       		.byte	0x6
 200 0028 09020000 		.4byte	.LASF0
 201 002c 02       		.uleb128 0x2
 202 002d 01       		.byte	0x1
 203 002e 08       		.byte	0x8
 204 002f 64000000 		.4byte	.LASF1
 205 0033 02       		.uleb128 0x2
 206 0034 02       		.byte	0x2
 207 0035 05       		.byte	0x5
 208 0036 49010000 		.4byte	.LASF2
 209 003a 02       		.uleb128 0x2
 210 003b 02       		.byte	0x2
 211 003c 07       		.byte	0x7
 212 003d 1D000000 		.4byte	.LASF3
 213 0041 03       		.uleb128 0x3
 214 0042 07000000 		.4byte	.LASF9
 215 0046 02       		.byte	0x2
 216 0047 3F       		.byte	0x3f
 217 0048 4C000000 		.4byte	0x4c
 218 004c 02       		.uleb128 0x2
 219 004d 04       		.byte	0x4
 220 004e 05       		.byte	0x5
 221 004f F4010000 		.4byte	.LASF4
 222 0053 02       		.uleb128 0x2
 223 0054 04       		.byte	0x4
 224 0055 07       		.byte	0x7
 225 0056 7E000000 		.4byte	.LASF5
 226 005a 02       		.uleb128 0x2
 227 005b 08       		.byte	0x8
 228 005c 05       		.byte	0x5
 229 005d 30010000 		.4byte	.LASF6
 230 0061 02       		.uleb128 0x2
 231 0062 08       		.byte	0x8
 232 0063 07       		.byte	0x7
 233 0064 09010000 		.4byte	.LASF7
 234 0068 04       		.uleb128 0x4
 235 0069 04       		.byte	0x4
 236 006a 05       		.byte	0x5
 237 006b 696E7400 		.ascii	"int\000"
 238 006f 02       		.uleb128 0x2
 239 0070 04       		.byte	0x4
ARM GAS  C:\Users\ingan\AppData\Local\Temp\ccBvtOnT.s 			page 6


 240 0071 07       		.byte	0x7
 241 0072 FC000000 		.4byte	.LASF8
 242 0076 03       		.uleb128 0x3
 243 0077 4A000000 		.4byte	.LASF10
 244 007b 03       		.byte	0x3
 245 007c 2C       		.byte	0x2c
 246 007d 41000000 		.4byte	0x41
 247 0081 02       		.uleb128 0x2
 248 0082 04       		.byte	0x4
 249 0083 04       		.byte	0x4
 250 0084 52000000 		.4byte	.LASF11
 251 0088 02       		.uleb128 0x2
 252 0089 08       		.byte	0x8
 253 008a 04       		.byte	0x4
 254 008b 3A000000 		.4byte	.LASF12
 255 008f 02       		.uleb128 0x2
 256 0090 01       		.byte	0x1
 257 0091 08       		.byte	0x8
 258 0092 3E010000 		.4byte	.LASF13
 259 0096 05       		.uleb128 0x5
 260 0097 04       		.byte	0x4
 261 0098 9C000000 		.4byte	0x9c
 262 009c 06       		.uleb128 0x6
 263 009d 02       		.uleb128 0x2
 264 009e 08       		.byte	0x8
 265 009f 04       		.byte	0x4
 266 00a0 FD010000 		.4byte	.LASF14
 267 00a4 02       		.uleb128 0x2
 268 00a5 04       		.byte	0x4
 269 00a6 07       		.byte	0x7
 270 00a7 27010000 		.4byte	.LASF15
 271 00ab 05       		.uleb128 0x5
 272 00ac 04       		.byte	0x4
 273 00ad 8F000000 		.4byte	0x8f
 274 00b1 03       		.uleb128 0x3
 275 00b2 41000000 		.4byte	.LASF16
 276 00b6 04       		.byte	0x4
 277 00b7 07       		.byte	0x7
 278 00b8 96000000 		.4byte	0x96
 279 00bc 07       		.uleb128 0x7
 280 00bd 11000000 		.4byte	.LASF28
 281 00c1 0C       		.byte	0xc
 282 00c2 04       		.byte	0x4
 283 00c3 09       		.byte	0x9
 284 00c4 ED000000 		.4byte	0xed
 285 00c8 08       		.uleb128 0x8
 286 00c9 15020000 		.4byte	.LASF17
 287 00cd 04       		.byte	0x4
 288 00ce 0A       		.byte	0xa
 289 00cf AB000000 		.4byte	0xab
 290 00d3 00       		.byte	0
 291 00d4 08       		.uleb128 0x8
 292 00d5 EE000000 		.4byte	.LASF18
 293 00d9 04       		.byte	0x4
 294 00da 0B       		.byte	0xb
 295 00db B1000000 		.4byte	0xb1
 296 00df 04       		.byte	0x4
ARM GAS  C:\Users\ingan\AppData\Local\Temp\ccBvtOnT.s 			page 7


 297 00e0 08       		.uleb128 0x8
 298 00e1 58000000 		.4byte	.LASF19
 299 00e5 04       		.byte	0x4
 300 00e6 0C       		.byte	0xc
 301 00e7 AB000000 		.4byte	0xab
 302 00eb 08       		.byte	0x8
 303 00ec 00       		.byte	0
 304 00ed 03       		.uleb128 0x3
 305 00ee 1A020000 		.4byte	.LASF20
 306 00f2 04       		.byte	0x4
 307 00f3 0D       		.byte	0xd
 308 00f4 BC000000 		.4byte	0xbc
 309 00f8 09       		.uleb128 0x9
 310 00f9 F3000000 		.4byte	.LASF29
 311 00fd 01       		.byte	0x1
 312 00fe 06       		.byte	0x6
 313 00ff B1000000 		.4byte	0xb1
 314 0103 00000000 		.4byte	.LFB64
 315 0107 38000000 		.4byte	.LFE64-.LFB64
 316 010b 01       		.uleb128 0x1
 317 010c 9C       		.byte	0x9c
 318 010d 8E010000 		.4byte	0x18e
 319 0111 0A       		.uleb128 0xa
 320 0112 90000000 		.4byte	.LASF21
 321 0116 01       		.byte	0x1
 322 0117 06       		.byte	0x6
 323 0118 8E010000 		.4byte	0x18e
 324 011c 00000000 		.4byte	.LLST0
 325 0120 0B       		.uleb128 0xb
 326 0121 73747200 		.ascii	"str\000"
 327 0125 01       		.byte	0x1
 328 0126 06       		.byte	0x6
 329 0127 AB000000 		.4byte	0xab
 330 012b 2C000000 		.4byte	.LLST1
 331 012f 0C       		.uleb128 0xc
 332 0130 6900     		.ascii	"i\000"
 333 0132 01       		.byte	0x1
 334 0133 08       		.byte	0x8
 335 0134 68000000 		.4byte	0x68
 336 0138 58000000 		.4byte	.LLST2
 337 013c 0C       		.uleb128 0xc
 338 013d 70747200 		.ascii	"ptr\000"
 339 0141 01       		.byte	0x1
 340 0142 09       		.byte	0x9
 341 0143 B1000000 		.4byte	0xb1
 342 0147 77000000 		.4byte	.LLST3
 343 014b 0D       		.uleb128 0xd
 344 014c 636D6400 		.ascii	"cmd\000"
 345 0150 01       		.byte	0x1
 346 0151 0A       		.byte	0xa
 347 0152 94010000 		.4byte	0x194
 348 0156 02       		.uleb128 0x2
 349 0157 91       		.byte	0x91
 350 0158 5C       		.sleb128 -36
 351 0159 0E       		.uleb128 0xe
 352 015a 10000000 		.4byte	.LVL3
 353 015e 51020000 		.4byte	0x251
ARM GAS  C:\Users\ingan\AppData\Local\Temp\ccBvtOnT.s 			page 8


 354 0162 7D010000 		.4byte	0x17d
 355 0166 0F       		.uleb128 0xf
 356 0167 01       		.uleb128 0x1
 357 0168 50       		.byte	0x50
 358 0169 03       		.uleb128 0x3
 359 016a F3       		.byte	0xf3
 360 016b 01       		.uleb128 0x1
 361 016c 51       		.byte	0x51
 362 016d 0F       		.uleb128 0xf
 363 016e 01       		.uleb128 0x1
 364 016f 51       		.byte	0x51
 365 0170 05       		.uleb128 0x5
 366 0171 03       		.byte	0x3
 367 0172 00000000 		.4byte	.LC0
 368 0176 0F       		.uleb128 0xf
 369 0177 01       		.uleb128 0x1
 370 0178 52       		.byte	0x52
 371 0179 02       		.uleb128 0x2
 372 017a 91       		.byte	0x91
 373 017b 5C       		.sleb128 -36
 374 017c 00       		.byte	0
 375 017d 10       		.uleb128 0x10
 376 017e 1A000000 		.4byte	.LVL5
 377 0182 5C020000 		.4byte	0x25c
 378 0186 0F       		.uleb128 0xf
 379 0187 01       		.uleb128 0x1
 380 0188 51       		.byte	0x51
 381 0189 02       		.uleb128 0x2
 382 018a 91       		.byte	0x91
 383 018b 5C       		.sleb128 -36
 384 018c 00       		.byte	0
 385 018d 00       		.byte	0
 386 018e 05       		.uleb128 0x5
 387 018f 04       		.byte	0x4
 388 0190 ED000000 		.4byte	0xed
 389 0194 11       		.uleb128 0x11
 390 0195 8F000000 		.4byte	0x8f
 391 0199 A4010000 		.4byte	0x1a4
 392 019d 12       		.uleb128 0x12
 393 019e A4000000 		.4byte	0xa4
 394 01a2 10       		.byte	0x10
 395 01a3 00       		.byte	0
 396 01a4 13       		.uleb128 0x13
 397 01a5 30000000 		.4byte	.LASF30
 398 01a9 01       		.byte	0x1
 399 01aa 17       		.byte	0x17
 400 01ab 00000000 		.4byte	.LFB65
 401 01af 4C000000 		.4byte	.LFE65-.LFB65
 402 01b3 01       		.uleb128 0x1
 403 01b4 9C       		.byte	0x9c
 404 01b5 40020000 		.4byte	0x240
 405 01b9 0A       		.uleb128 0xa
 406 01ba 90000000 		.4byte	.LASF21
 407 01be 01       		.byte	0x1
 408 01bf 17       		.byte	0x17
 409 01c0 8E010000 		.4byte	0x18e
 410 01c4 A2000000 		.4byte	.LLST4
ARM GAS  C:\Users\ingan\AppData\Local\Temp\ccBvtOnT.s 			page 9


 411 01c8 0C       		.uleb128 0xc
 412 01c9 6900     		.ascii	"i\000"
 413 01cb 01       		.byte	0x1
 414 01cc 19       		.byte	0x19
 415 01cd 68000000 		.4byte	0x68
 416 01d1 CE000000 		.4byte	.LLST5
 417 01d5 0E       		.uleb128 0xe
 418 01d6 0A000000 		.4byte	.LVL11
 419 01da 67020000 		.4byte	0x267
 420 01de EC010000 		.4byte	0x1ec
 421 01e2 0F       		.uleb128 0xf
 422 01e3 01       		.uleb128 0x1
 423 01e4 50       		.byte	0x50
 424 01e5 05       		.uleb128 0x5
 425 01e6 03       		.byte	0x3
 426 01e7 04000000 		.4byte	.LC1
 427 01eb 00       		.byte	0
 428 01ec 14       		.uleb128 0x14
 429 01ed 12000000 		.4byte	.LVL13
 430 01f1 67020000 		.4byte	0x267
 431 01f5 0E       		.uleb128 0xe
 432 01f6 18000000 		.4byte	.LVL14
 433 01fa 67020000 		.4byte	0x267
 434 01fe 0C020000 		.4byte	0x20c
 435 0202 0F       		.uleb128 0xf
 436 0203 01       		.uleb128 0x1
 437 0204 50       		.byte	0x50
 438 0205 05       		.uleb128 0x5
 439 0206 03       		.byte	0x3
 440 0207 18000000 		.4byte	.LC2
 441 020b 00       		.byte	0
 442 020c 14       		.uleb128 0x14
 443 020d 1E000000 		.4byte	.LVL15
 444 0211 67020000 		.4byte	0x267
 445 0215 0E       		.uleb128 0xe
 446 0216 24000000 		.4byte	.LVL16
 447 021a 67020000 		.4byte	0x267
 448 021e 2C020000 		.4byte	0x22c
 449 0222 0F       		.uleb128 0xf
 450 0223 01       		.uleb128 0x1
 451 0224 50       		.byte	0x50
 452 0225 05       		.uleb128 0x5
 453 0226 03       		.byte	0x3
 454 0227 1C000000 		.4byte	.LC3
 455 022b 00       		.byte	0
 456 022c 10       		.uleb128 0x10
 457 022d 3A000000 		.4byte	.LVL18
 458 0231 67020000 		.4byte	0x267
 459 0235 0F       		.uleb128 0xf
 460 0236 01       		.uleb128 0x1
 461 0237 50       		.byte	0x50
 462 0238 05       		.uleb128 0x5
 463 0239 03       		.byte	0x3
 464 023a 20000000 		.4byte	.LC4
 465 023e 00       		.byte	0
 466 023f 00       		.byte	0
 467 0240 15       		.uleb128 0x15
ARM GAS  C:\Users\ingan\AppData\Local\Temp\ccBvtOnT.s 			page 10


 468 0241 95000000 		.4byte	.LASF31
 469 0245 08       		.byte	0x8
 470 0246 1207     		.2byte	0x712
 471 0248 4C020000 		.4byte	0x24c
 472 024c 16       		.uleb128 0x16
 473 024d 76000000 		.4byte	0x76
 474 0251 17       		.uleb128 0x17
 475 0252 00000000 		.4byte	.LASF22
 476 0256 00000000 		.4byte	.LASF22
 477 025a 05       		.byte	0x5
 478 025b BF       		.byte	0xbf
 479 025c 17       		.uleb128 0x17
 480 025d 20010000 		.4byte	.LASF23
 481 0261 20010000 		.4byte	.LASF23
 482 0265 06       		.byte	0x6
 483 0266 1C       		.byte	0x1c
 484 0267 17       		.uleb128 0x17
 485 0268 43010000 		.4byte	.LASF24
 486 026c 43010000 		.4byte	.LASF24
 487 0270 07       		.byte	0x7
 488 0271 0F       		.byte	0xf
 489 0272 00       		.byte	0
 490              		.section	.debug_abbrev,"",%progbits
 491              	.Ldebug_abbrev0:
 492 0000 01       		.uleb128 0x1
 493 0001 11       		.uleb128 0x11
 494 0002 01       		.byte	0x1
 495 0003 25       		.uleb128 0x25
 496 0004 0E       		.uleb128 0xe
 497 0005 13       		.uleb128 0x13
 498 0006 0B       		.uleb128 0xb
 499 0007 03       		.uleb128 0x3
 500 0008 0E       		.uleb128 0xe
 501 0009 1B       		.uleb128 0x1b
 502 000a 0E       		.uleb128 0xe
 503 000b 55       		.uleb128 0x55
 504 000c 17       		.uleb128 0x17
 505 000d 11       		.uleb128 0x11
 506 000e 01       		.uleb128 0x1
 507 000f 10       		.uleb128 0x10
 508 0010 17       		.uleb128 0x17
 509 0011 00       		.byte	0
 510 0012 00       		.byte	0
 511 0013 02       		.uleb128 0x2
 512 0014 24       		.uleb128 0x24
 513 0015 00       		.byte	0
 514 0016 0B       		.uleb128 0xb
 515 0017 0B       		.uleb128 0xb
 516 0018 3E       		.uleb128 0x3e
 517 0019 0B       		.uleb128 0xb
 518 001a 03       		.uleb128 0x3
 519 001b 0E       		.uleb128 0xe
 520 001c 00       		.byte	0
 521 001d 00       		.byte	0
 522 001e 03       		.uleb128 0x3
 523 001f 16       		.uleb128 0x16
 524 0020 00       		.byte	0
ARM GAS  C:\Users\ingan\AppData\Local\Temp\ccBvtOnT.s 			page 11


 525 0021 03       		.uleb128 0x3
 526 0022 0E       		.uleb128 0xe
 527 0023 3A       		.uleb128 0x3a
 528 0024 0B       		.uleb128 0xb
 529 0025 3B       		.uleb128 0x3b
 530 0026 0B       		.uleb128 0xb
 531 0027 49       		.uleb128 0x49
 532 0028 13       		.uleb128 0x13
 533 0029 00       		.byte	0
 534 002a 00       		.byte	0
 535 002b 04       		.uleb128 0x4
 536 002c 24       		.uleb128 0x24
 537 002d 00       		.byte	0
 538 002e 0B       		.uleb128 0xb
 539 002f 0B       		.uleb128 0xb
 540 0030 3E       		.uleb128 0x3e
 541 0031 0B       		.uleb128 0xb
 542 0032 03       		.uleb128 0x3
 543 0033 08       		.uleb128 0x8
 544 0034 00       		.byte	0
 545 0035 00       		.byte	0
 546 0036 05       		.uleb128 0x5
 547 0037 0F       		.uleb128 0xf
 548 0038 00       		.byte	0
 549 0039 0B       		.uleb128 0xb
 550 003a 0B       		.uleb128 0xb
 551 003b 49       		.uleb128 0x49
 552 003c 13       		.uleb128 0x13
 553 003d 00       		.byte	0
 554 003e 00       		.byte	0
 555 003f 06       		.uleb128 0x6
 556 0040 15       		.uleb128 0x15
 557 0041 00       		.byte	0
 558 0042 27       		.uleb128 0x27
 559 0043 19       		.uleb128 0x19
 560 0044 00       		.byte	0
 561 0045 00       		.byte	0
 562 0046 07       		.uleb128 0x7
 563 0047 13       		.uleb128 0x13
 564 0048 01       		.byte	0x1
 565 0049 03       		.uleb128 0x3
 566 004a 0E       		.uleb128 0xe
 567 004b 0B       		.uleb128 0xb
 568 004c 0B       		.uleb128 0xb
 569 004d 3A       		.uleb128 0x3a
 570 004e 0B       		.uleb128 0xb
 571 004f 3B       		.uleb128 0x3b
 572 0050 0B       		.uleb128 0xb
 573 0051 01       		.uleb128 0x1
 574 0052 13       		.uleb128 0x13
 575 0053 00       		.byte	0
 576 0054 00       		.byte	0
 577 0055 08       		.uleb128 0x8
 578 0056 0D       		.uleb128 0xd
 579 0057 00       		.byte	0
 580 0058 03       		.uleb128 0x3
 581 0059 0E       		.uleb128 0xe
ARM GAS  C:\Users\ingan\AppData\Local\Temp\ccBvtOnT.s 			page 12


 582 005a 3A       		.uleb128 0x3a
 583 005b 0B       		.uleb128 0xb
 584 005c 3B       		.uleb128 0x3b
 585 005d 0B       		.uleb128 0xb
 586 005e 49       		.uleb128 0x49
 587 005f 13       		.uleb128 0x13
 588 0060 38       		.uleb128 0x38
 589 0061 0B       		.uleb128 0xb
 590 0062 00       		.byte	0
 591 0063 00       		.byte	0
 592 0064 09       		.uleb128 0x9
 593 0065 2E       		.uleb128 0x2e
 594 0066 01       		.byte	0x1
 595 0067 3F       		.uleb128 0x3f
 596 0068 19       		.uleb128 0x19
 597 0069 03       		.uleb128 0x3
 598 006a 0E       		.uleb128 0xe
 599 006b 3A       		.uleb128 0x3a
 600 006c 0B       		.uleb128 0xb
 601 006d 3B       		.uleb128 0x3b
 602 006e 0B       		.uleb128 0xb
 603 006f 27       		.uleb128 0x27
 604 0070 19       		.uleb128 0x19
 605 0071 49       		.uleb128 0x49
 606 0072 13       		.uleb128 0x13
 607 0073 11       		.uleb128 0x11
 608 0074 01       		.uleb128 0x1
 609 0075 12       		.uleb128 0x12
 610 0076 06       		.uleb128 0x6
 611 0077 40       		.uleb128 0x40
 612 0078 18       		.uleb128 0x18
 613 0079 9742     		.uleb128 0x2117
 614 007b 19       		.uleb128 0x19
 615 007c 01       		.uleb128 0x1
 616 007d 13       		.uleb128 0x13
 617 007e 00       		.byte	0
 618 007f 00       		.byte	0
 619 0080 0A       		.uleb128 0xa
 620 0081 05       		.uleb128 0x5
 621 0082 00       		.byte	0
 622 0083 03       		.uleb128 0x3
 623 0084 0E       		.uleb128 0xe
 624 0085 3A       		.uleb128 0x3a
 625 0086 0B       		.uleb128 0xb
 626 0087 3B       		.uleb128 0x3b
 627 0088 0B       		.uleb128 0xb
 628 0089 49       		.uleb128 0x49
 629 008a 13       		.uleb128 0x13
 630 008b 02       		.uleb128 0x2
 631 008c 17       		.uleb128 0x17
 632 008d 00       		.byte	0
 633 008e 00       		.byte	0
 634 008f 0B       		.uleb128 0xb
 635 0090 05       		.uleb128 0x5
 636 0091 00       		.byte	0
 637 0092 03       		.uleb128 0x3
 638 0093 08       		.uleb128 0x8
ARM GAS  C:\Users\ingan\AppData\Local\Temp\ccBvtOnT.s 			page 13


 639 0094 3A       		.uleb128 0x3a
 640 0095 0B       		.uleb128 0xb
 641 0096 3B       		.uleb128 0x3b
 642 0097 0B       		.uleb128 0xb
 643 0098 49       		.uleb128 0x49
 644 0099 13       		.uleb128 0x13
 645 009a 02       		.uleb128 0x2
 646 009b 17       		.uleb128 0x17
 647 009c 00       		.byte	0
 648 009d 00       		.byte	0
 649 009e 0C       		.uleb128 0xc
 650 009f 34       		.uleb128 0x34
 651 00a0 00       		.byte	0
 652 00a1 03       		.uleb128 0x3
 653 00a2 08       		.uleb128 0x8
 654 00a3 3A       		.uleb128 0x3a
 655 00a4 0B       		.uleb128 0xb
 656 00a5 3B       		.uleb128 0x3b
 657 00a6 0B       		.uleb128 0xb
 658 00a7 49       		.uleb128 0x49
 659 00a8 13       		.uleb128 0x13
 660 00a9 02       		.uleb128 0x2
 661 00aa 17       		.uleb128 0x17
 662 00ab 00       		.byte	0
 663 00ac 00       		.byte	0
 664 00ad 0D       		.uleb128 0xd
 665 00ae 34       		.uleb128 0x34
 666 00af 00       		.byte	0
 667 00b0 03       		.uleb128 0x3
 668 00b1 08       		.uleb128 0x8
 669 00b2 3A       		.uleb128 0x3a
 670 00b3 0B       		.uleb128 0xb
 671 00b4 3B       		.uleb128 0x3b
 672 00b5 0B       		.uleb128 0xb
 673 00b6 49       		.uleb128 0x49
 674 00b7 13       		.uleb128 0x13
 675 00b8 02       		.uleb128 0x2
 676 00b9 18       		.uleb128 0x18
 677 00ba 00       		.byte	0
 678 00bb 00       		.byte	0
 679 00bc 0E       		.uleb128 0xe
 680 00bd 898201   		.uleb128 0x4109
 681 00c0 01       		.byte	0x1
 682 00c1 11       		.uleb128 0x11
 683 00c2 01       		.uleb128 0x1
 684 00c3 31       		.uleb128 0x31
 685 00c4 13       		.uleb128 0x13
 686 00c5 01       		.uleb128 0x1
 687 00c6 13       		.uleb128 0x13
 688 00c7 00       		.byte	0
 689 00c8 00       		.byte	0
 690 00c9 0F       		.uleb128 0xf
 691 00ca 8A8201   		.uleb128 0x410a
 692 00cd 00       		.byte	0
 693 00ce 02       		.uleb128 0x2
 694 00cf 18       		.uleb128 0x18
 695 00d0 9142     		.uleb128 0x2111
ARM GAS  C:\Users\ingan\AppData\Local\Temp\ccBvtOnT.s 			page 14


 696 00d2 18       		.uleb128 0x18
 697 00d3 00       		.byte	0
 698 00d4 00       		.byte	0
 699 00d5 10       		.uleb128 0x10
 700 00d6 898201   		.uleb128 0x4109
 701 00d9 01       		.byte	0x1
 702 00da 11       		.uleb128 0x11
 703 00db 01       		.uleb128 0x1
 704 00dc 31       		.uleb128 0x31
 705 00dd 13       		.uleb128 0x13
 706 00de 00       		.byte	0
 707 00df 00       		.byte	0
 708 00e0 11       		.uleb128 0x11
 709 00e1 01       		.uleb128 0x1
 710 00e2 01       		.byte	0x1
 711 00e3 49       		.uleb128 0x49
 712 00e4 13       		.uleb128 0x13
 713 00e5 01       		.uleb128 0x1
 714 00e6 13       		.uleb128 0x13
 715 00e7 00       		.byte	0
 716 00e8 00       		.byte	0
 717 00e9 12       		.uleb128 0x12
 718 00ea 21       		.uleb128 0x21
 719 00eb 00       		.byte	0
 720 00ec 49       		.uleb128 0x49
 721 00ed 13       		.uleb128 0x13
 722 00ee 2F       		.uleb128 0x2f
 723 00ef 0B       		.uleb128 0xb
 724 00f0 00       		.byte	0
 725 00f1 00       		.byte	0
 726 00f2 13       		.uleb128 0x13
 727 00f3 2E       		.uleb128 0x2e
 728 00f4 01       		.byte	0x1
 729 00f5 3F       		.uleb128 0x3f
 730 00f6 19       		.uleb128 0x19
 731 00f7 03       		.uleb128 0x3
 732 00f8 0E       		.uleb128 0xe
 733 00f9 3A       		.uleb128 0x3a
 734 00fa 0B       		.uleb128 0xb
 735 00fb 3B       		.uleb128 0x3b
 736 00fc 0B       		.uleb128 0xb
 737 00fd 27       		.uleb128 0x27
 738 00fe 19       		.uleb128 0x19
 739 00ff 11       		.uleb128 0x11
 740 0100 01       		.uleb128 0x1
 741 0101 12       		.uleb128 0x12
 742 0102 06       		.uleb128 0x6
 743 0103 40       		.uleb128 0x40
 744 0104 18       		.uleb128 0x18
 745 0105 9742     		.uleb128 0x2117
 746 0107 19       		.uleb128 0x19
 747 0108 01       		.uleb128 0x1
 748 0109 13       		.uleb128 0x13
 749 010a 00       		.byte	0
 750 010b 00       		.byte	0
 751 010c 14       		.uleb128 0x14
 752 010d 898201   		.uleb128 0x4109
ARM GAS  C:\Users\ingan\AppData\Local\Temp\ccBvtOnT.s 			page 15


 753 0110 00       		.byte	0
 754 0111 11       		.uleb128 0x11
 755 0112 01       		.uleb128 0x1
 756 0113 31       		.uleb128 0x31
 757 0114 13       		.uleb128 0x13
 758 0115 00       		.byte	0
 759 0116 00       		.byte	0
 760 0117 15       		.uleb128 0x15
 761 0118 34       		.uleb128 0x34
 762 0119 00       		.byte	0
 763 011a 03       		.uleb128 0x3
 764 011b 0E       		.uleb128 0xe
 765 011c 3A       		.uleb128 0x3a
 766 011d 0B       		.uleb128 0xb
 767 011e 3B       		.uleb128 0x3b
 768 011f 05       		.uleb128 0x5
 769 0120 49       		.uleb128 0x49
 770 0121 13       		.uleb128 0x13
 771 0122 3F       		.uleb128 0x3f
 772 0123 19       		.uleb128 0x19
 773 0124 3C       		.uleb128 0x3c
 774 0125 19       		.uleb128 0x19
 775 0126 00       		.byte	0
 776 0127 00       		.byte	0
 777 0128 16       		.uleb128 0x16
 778 0129 35       		.uleb128 0x35
 779 012a 00       		.byte	0
 780 012b 49       		.uleb128 0x49
 781 012c 13       		.uleb128 0x13
 782 012d 00       		.byte	0
 783 012e 00       		.byte	0
 784 012f 17       		.uleb128 0x17
 785 0130 2E       		.uleb128 0x2e
 786 0131 00       		.byte	0
 787 0132 3F       		.uleb128 0x3f
 788 0133 19       		.uleb128 0x19
 789 0134 3C       		.uleb128 0x3c
 790 0135 19       		.uleb128 0x19
 791 0136 6E       		.uleb128 0x6e
 792 0137 0E       		.uleb128 0xe
 793 0138 03       		.uleb128 0x3
 794 0139 0E       		.uleb128 0xe
 795 013a 3A       		.uleb128 0x3a
 796 013b 0B       		.uleb128 0xb
 797 013c 3B       		.uleb128 0x3b
 798 013d 0B       		.uleb128 0xb
 799 013e 00       		.byte	0
 800 013f 00       		.byte	0
 801 0140 00       		.byte	0
 802              		.section	.debug_loc,"",%progbits
 803              	.Ldebug_loc0:
 804              	.LLST0:
 805 0000 00000000 		.4byte	.LVL0
 806 0004 08000000 		.4byte	.LVL1
 807 0008 0100     		.2byte	0x1
 808 000a 50       		.byte	0x50
 809 000b 08000000 		.4byte	.LVL1
ARM GAS  C:\Users\ingan\AppData\Local\Temp\ccBvtOnT.s 			page 16


 810 000f 32000000 		.4byte	.LVL8
 811 0013 0100     		.2byte	0x1
 812 0015 55       		.byte	0x55
 813 0016 32000000 		.4byte	.LVL8
 814 001a 38000000 		.4byte	.LFE64
 815 001e 0400     		.2byte	0x4
 816 0020 F3       		.byte	0xf3
 817 0021 01       		.uleb128 0x1
 818 0022 50       		.byte	0x50
 819 0023 9F       		.byte	0x9f
 820 0024 00000000 		.4byte	0
 821 0028 00000000 		.4byte	0
 822              	.LLST1:
 823 002c 00000000 		.4byte	.LVL0
 824 0030 0C000000 		.4byte	.LVL2
 825 0034 0100     		.2byte	0x1
 826 0036 51       		.byte	0x51
 827 0037 0C000000 		.4byte	.LVL2
 828 003b 0F000000 		.4byte	.LVL3-1
 829 003f 0100     		.2byte	0x1
 830 0041 50       		.byte	0x50
 831 0042 0F000000 		.4byte	.LVL3-1
 832 0046 38000000 		.4byte	.LFE64
 833 004a 0400     		.2byte	0x4
 834 004c F3       		.byte	0xf3
 835 004d 01       		.uleb128 0x1
 836 004e 51       		.byte	0x51
 837 004f 9F       		.byte	0x9f
 838 0050 00000000 		.4byte	0
 839 0054 00000000 		.4byte	0
 840              	.LLST2:
 841 0058 10000000 		.4byte	.LVL3
 842 005c 14000000 		.4byte	.LVL4
 843 0060 0200     		.2byte	0x2
 844 0062 30       		.byte	0x30
 845 0063 9F       		.byte	0x9f
 846 0064 14000000 		.4byte	.LVL4
 847 0068 32000000 		.4byte	.LVL8
 848 006c 0100     		.2byte	0x1
 849 006e 54       		.byte	0x54
 850 006f 00000000 		.4byte	0
 851 0073 00000000 		.4byte	0
 852              	.LLST3:
 853 0077 08000000 		.4byte	.LVL1
 854 007b 2C000000 		.4byte	.LVL7
 855 007f 0200     		.2byte	0x2
 856 0081 30       		.byte	0x30
 857 0082 9F       		.byte	0x9f
 858 0083 2C000000 		.4byte	.LVL7
 859 0087 32000000 		.4byte	.LVL8
 860 008b 0200     		.2byte	0x2
 861 008d 76       		.byte	0x76
 862 008e 04       		.sleb128 4
 863 008f 32000000 		.4byte	.LVL8
 864 0093 38000000 		.4byte	.LFE64
 865 0097 0100     		.2byte	0x1
 866 0099 50       		.byte	0x50
ARM GAS  C:\Users\ingan\AppData\Local\Temp\ccBvtOnT.s 			page 17


 867 009a 00000000 		.4byte	0
 868 009e 00000000 		.4byte	0
 869              	.LLST4:
 870 00a2 00000000 		.4byte	.LVL9
 871 00a6 06000000 		.4byte	.LVL10
 872 00aa 0100     		.2byte	0x1
 873 00ac 50       		.byte	0x50
 874 00ad 06000000 		.4byte	.LVL10
 875 00b1 3C000000 		.4byte	.LVL19
 876 00b5 0100     		.2byte	0x1
 877 00b7 55       		.byte	0x55
 878 00b8 3C000000 		.4byte	.LVL19
 879 00bc 4C000000 		.4byte	.LFE65
 880 00c0 0400     		.2byte	0x4
 881 00c2 F3       		.byte	0xf3
 882 00c3 01       		.uleb128 0x1
 883 00c4 50       		.byte	0x50
 884 00c5 9F       		.byte	0x9f
 885 00c6 00000000 		.4byte	0
 886 00ca 00000000 		.4byte	0
 887              	.LLST5:
 888 00ce 0A000000 		.4byte	.LVL11
 889 00d2 0E000000 		.4byte	.LVL12
 890 00d6 0200     		.2byte	0x2
 891 00d8 30       		.byte	0x30
 892 00d9 9F       		.byte	0x9f
 893 00da 0E000000 		.4byte	.LVL12
 894 00de 3C000000 		.4byte	.LVL19
 895 00e2 0100     		.2byte	0x1
 896 00e4 54       		.byte	0x54
 897 00e5 00000000 		.4byte	0
 898 00e9 00000000 		.4byte	0
 899              		.section	.debug_aranges,"",%progbits
 900 0000 24000000 		.4byte	0x24
 901 0004 0200     		.2byte	0x2
 902 0006 00000000 		.4byte	.Ldebug_info0
 903 000a 04       		.byte	0x4
 904 000b 00       		.byte	0
 905 000c 0000     		.2byte	0
 906 000e 0000     		.2byte	0
 907 0010 00000000 		.4byte	.LFB64
 908 0014 38000000 		.4byte	.LFE64-.LFB64
 909 0018 00000000 		.4byte	.LFB65
 910 001c 4C000000 		.4byte	.LFE65-.LFB65
 911 0020 00000000 		.4byte	0
 912 0024 00000000 		.4byte	0
 913              		.section	.debug_ranges,"",%progbits
 914              	.Ldebug_ranges0:
 915 0000 00000000 		.4byte	.LFB64
 916 0004 38000000 		.4byte	.LFE64
 917 0008 00000000 		.4byte	.LFB65
 918 000c 4C000000 		.4byte	.LFE65
 919 0010 00000000 		.4byte	0
 920 0014 00000000 		.4byte	0
 921              		.section	.debug_line,"",%progbits
 922              	.Ldebug_line0:
 923 0000 36020000 		.section	.debug_str,"MS",%progbits,1
ARM GAS  C:\Users\ingan\AppData\Local\Temp\ccBvtOnT.s 			page 18


 923      0200E101 
 923      00000201 
 923      FB0E0D00 
 923      01010101 
 924              	.LASF22:
 925 0000 73736361 		.ascii	"sscanf\000"
 925      6E6600
 926              	.LASF9:
 927 0007 5F5F696E 		.ascii	"__int32_t\000"
 927      7433325F 
 927      7400
 928              	.LASF28:
 929 0011 5F665F6C 		.ascii	"_f_list_st_\000"
 929      6973745F 
 929      73745F00 
 930              	.LASF3:
 931 001d 73686F72 		.ascii	"short unsigned int\000"
 931      7420756E 
 931      7369676E 
 931      65642069 
 931      6E7400
 932              	.LASF30:
 933 0030 73686F77 		.ascii	"show_help\000"
 933      5F68656C 
 933      7000
 934              	.LASF12:
 935 003a 646F7562 		.ascii	"double\000"
 935      6C6500
 936              	.LASF16:
 937 0041 66756E63 		.ascii	"func_ptr\000"
 937      5F707472 
 937      00
 938              	.LASF10:
 939 004a 696E7433 		.ascii	"int32_t\000"
 939      325F7400 
 940              	.LASF11:
 941 0052 666C6F61 		.ascii	"float\000"
 941      7400
 942              	.LASF19:
 943 0058 64657363 		.ascii	"description\000"
 943      72697074 
 943      696F6E00 
 944              	.LASF1:
 945 0064 756E7369 		.ascii	"unsigned char\000"
 945      676E6564 
 945      20636861 
 945      7200
 946              	.LASF26:
 947 0072 66756E63 		.ascii	"func_list.c\000"
 947      5F6C6973 
 947      742E6300 
 948              	.LASF5:
 949 007e 6C6F6E67 		.ascii	"long unsigned int\000"
 949      20756E73 
 949      69676E65 
 949      6420696E 
 949      7400
ARM GAS  C:\Users\ingan\AppData\Local\Temp\ccBvtOnT.s 			page 19


 950              	.LASF21:
 951 0090 6C697374 		.ascii	"list\000"
 951      00
 952              	.LASF31:
 953 0095 49544D5F 		.ascii	"ITM_RxBuffer\000"
 953      52784275 
 953      66666572 
 953      00
 954              	.LASF27:
 955 00a2 433A5C55 		.ascii	"C:\\Users\\ingan\\Documents\\PSoC Creator\\MegaDriv"
 955      73657273 
 955      5C696E67 
 955      616E5C44 
 955      6F63756D 
 956 00d0 655F706C 		.ascii	"e_player\\VGMPlayer_v0.7.cydsn\000"
 956      61796572 
 956      5C56474D 
 956      506C6179 
 956      65725F76 
 957              	.LASF18:
 958 00ee 66756E63 		.ascii	"func\000"
 958      00
 959              	.LASF29:
 960 00f3 6765745F 		.ascii	"get_func\000"
 960      66756E63 
 960      00
 961              	.LASF8:
 962 00fc 756E7369 		.ascii	"unsigned int\000"
 962      676E6564 
 962      20696E74 
 962      00
 963              	.LASF7:
 964 0109 6C6F6E67 		.ascii	"long long unsigned int\000"
 964      206C6F6E 
 964      6720756E 
 964      7369676E 
 964      65642069 
 965              	.LASF23:
 966 0120 73747263 		.ascii	"strcmp\000"
 966      6D7000
 967              	.LASF15:
 968 0127 73697A65 		.ascii	"sizetype\000"
 968      74797065 
 968      00
 969              	.LASF6:
 970 0130 6C6F6E67 		.ascii	"long long int\000"
 970      206C6F6E 
 970      6720696E 
 970      7400
 971              	.LASF13:
 972 013e 63686172 		.ascii	"char\000"
 972      00
 973              	.LASF24:
 974 0143 7072696E 		.ascii	"print\000"
 974      7400
 975              	.LASF2:
 976 0149 73686F72 		.ascii	"short int\000"
ARM GAS  C:\Users\ingan\AppData\Local\Temp\ccBvtOnT.s 			page 20


 976      7420696E 
 976      7400
 977              	.LASF25:
 978 0153 474E5520 		.ascii	"GNU C11 5.4.1 20160609 (release) [ARM/embedded-5-br"
 978      43313120 
 978      352E342E 
 978      31203230 
 978      31363036 
 979 0186 616E6368 		.ascii	"anch revision 237715] -mcpu=cortex-m3 -mthumb -g -O"
 979      20726576 
 979      6973696F 
 979      6E203233 
 979      37373135 
 980 01b9 67202D66 		.ascii	"g -ffunction-sections -ffat-lto-objects -finline-fu"
 980      66756E63 
 980      74696F6E 
 980      2D736563 
 980      74696F6E 
 981 01ec 6E637469 		.ascii	"nctions\000"
 981      6F6E7300 
 982              	.LASF4:
 983 01f4 6C6F6E67 		.ascii	"long int\000"
 983      20696E74 
 983      00
 984              	.LASF14:
 985 01fd 6C6F6E67 		.ascii	"long double\000"
 985      20646F75 
 985      626C6500 
 986              	.LASF0:
 987 0209 7369676E 		.ascii	"signed char\000"
 987      65642063 
 987      68617200 
 988              	.LASF17:
 989 0215 6E616D65 		.ascii	"name\000"
 989      00
 990              	.LASF20:
 991 021a 665F6C69 		.ascii	"f_list_type\000"
 991      73745F74 
 991      79706500 
 992              		.ident	"GCC: (GNU Tools for ARM Embedded Processors) 5.4.1 20160609 (release) [ARM/embedded-5-bran
