ARM GAS  C:\Users\ingan\AppData\Local\Temp\cckirJEA.s 			page 1


   1              		.syntax unified
   2              		.cpu cortex-m3
   3              		.fpu softvfp
   4              		.eabi_attribute 20, 1
   5              		.eabi_attribute 21, 1
   6              		.eabi_attribute 23, 3
   7              		.eabi_attribute 24, 1
   8              		.eabi_attribute 25, 1
   9              		.eabi_attribute 26, 1
  10              		.eabi_attribute 30, 4
  11              		.eabi_attribute 34, 1
  12              		.eabi_attribute 18, 4
  13              		.thumb
  14              		.syntax unified
  15              		.file	"cymetadata.c"
  16              		.text
  17              	.Ltext0:
  18              		.cfi_sections	.debug_frame
  19              		.global	cy_metadata
  20              		.global	cy_meta_flashprotect
  21              		.global	cy_meta_wonvl
  22              		.global	cy_meta_custnvl
  23              		.global	cy_meta_configecc
  24              		.section	.cyconfigecc,"a",%progbits
  25              		.type	cy_meta_configecc, %object
  26              		.size	cy_meta_configecc, 116
  27              	cy_meta_configecc:
  28 0000 02       		.byte	2
  29 0001 52       		.byte	82
  30 0002 00       		.byte	0
  31 0003 40       		.byte	64
  32 0004 02       		.byte	2
  33 0005 40       		.byte	64
  34 0006 01       		.byte	1
  35 0007 40       		.byte	64
  36 0008 03       		.byte	3
  37 0009 41       		.byte	65
  38 000a 01       		.byte	1
  39 000b 40       		.byte	64
  40 000c 02       		.byte	2
  41 000d 42       		.byte	66
  42 000e 01       		.byte	1
  43 000f 40       		.byte	64
  44 0010 02       		.byte	2
  45 0011 43       		.byte	67
  46 0012 01       		.byte	1
  47 0013 40       		.byte	64
  48 0014 06       		.byte	6
  49 0015 48       		.byte	72
  50 0016 01       		.byte	1
  51 0017 40       		.byte	64
  52 0018 03       		.byte	3
  53 0019 49       		.byte	73
  54 001a 01       		.byte	1
  55 001b 40       		.byte	64
  56 001c 01       		.byte	1
  57 001d 51       		.byte	81
ARM GAS  C:\Users\ingan\AppData\Local\Temp\cckirJEA.s 			page 2


  58 001e 01       		.byte	1
  59 001f 40       		.byte	64
  60 0020 18       		.byte	24
  61 0021 01       		.byte	1
  62 0022 19       		.byte	25
  63 0023 01       		.byte	1
  64 0024 33       		.byte	51
  65 0025 40       		.byte	64
  66 0026 CC       		.byte	-52
  67 0027 10       		.byte	16
  68 0028 52       		.byte	82
  69 0029 80       		.byte	-128
  70 002a 9F       		.byte	-97
  71 002b 40       		.byte	64
  72 002c D4       		.byte	-44
  73 002d 20       		.byte	32
  74 002e 9F       		.byte	-97
  75 002f 40       		.byte	64
  76 0030 A6       		.byte	-90
  77 0031 80       		.byte	-128
  78 0032 9F       		.byte	-97
  79 0033 40       		.byte	64
  80 0034 A6       		.byte	-90
  81 0035 80       		.byte	-128
  82 0036 23       		.byte	35
  83 0037 80       		.byte	-128
  84 0038 26       		.byte	38
  85 0039 80       		.byte	-128
  86 003a 27       		.byte	39
  87 003b 40       		.byte	64
  88 003c 9F       		.byte	-97
  89 003d 40       		.byte	64
  90 003e A6       		.byte	-90
  91 003f 80       		.byte	-128
  92 0040 C8       		.byte	-56
  93 0041 E0       		.byte	-32
  94 0042 5F       		.byte	95
  95 0043 80       		.byte	-128
  96 0044 9B       		.byte	-101
  97 0045 80       		.byte	-128
  98 0046 D6       		.byte	-42
  99 0047 20       		.byte	32
 100 0048 00       		.byte	0
 101 0049 03       		.byte	3
 102 004a 00       		.byte	0
 103 004b 00       		.byte	0
 104 004c 00       		.byte	0
 105 004d E2       		.byte	-30
 106 004e E2       		.byte	-30
 107 004f 00       		.byte	0
 108 0050 02       		.byte	2
 109 0051 00       		.byte	0
 110 0052 11       		.byte	17
 111 0053 00       		.byte	0
 112 0054 00       		.byte	0
 113 0055 FF       		.byte	-1
 114 0056 FF       		.byte	-1
ARM GAS  C:\Users\ingan\AppData\Local\Temp\cckirJEA.s 			page 3


 115 0057 00       		.byte	0
 116 0058 00       		.byte	0
 117 0059 00       		.byte	0
 118 005a 00       		.byte	0
 119 005b 00       		.byte	0
 120 005c 00       		.byte	0
 121 005d 3F       		.byte	63
 122 005e 3F       		.byte	63
 123 005f 00       		.byte	0
 124 0060 00       		.byte	0
 125 0061 00       		.byte	0
 126 0062 00       		.byte	0
 127 0063 00       		.byte	0
 128 0064 00       		.byte	0
 129 0065 80       		.byte	-128
 130 0066 80       		.byte	-128
 131 0067 00       		.byte	0
 132 0068 00       		.byte	0
 133 0069 00       		.byte	0
 134 006a 00       		.byte	0
 135 006b 00       		.byte	0
 136 006c 00       		.byte	0
 137 006d 01       		.byte	1
 138 006e 01       		.byte	1
 139 006f 00       		.byte	0
 140 0070 01       		.byte	1
 141 0071 00       		.byte	0
 142 0072 E8       		.byte	-24
 143 0073 00       		.byte	0
 144              		.section	.cywolatch,"a",%progbits
 145              		.type	cy_meta_wonvl, %object
 146              		.size	cy_meta_wonvl, 4
 147              	cy_meta_wonvl:
 148 0000 BC       		.byte	-68
 149 0001 90       		.byte	-112
 150 0002 AC       		.byte	-84
 151 0003 AF       		.byte	-81
 152              		.section	.cycustnvl,"a",%progbits
 153              		.type	cy_meta_custnvl, %object
 154              		.size	cy_meta_custnvl, 4
 155              	cy_meta_custnvl:
 156 0000 00       		.byte	0
 157 0001 00       		.byte	0
 158 0002 40       		.byte	64
 159 0003 05       		.byte	5
 160              		.section	.cymeta,"a",%progbits
 161              		.type	cy_metadata, %object
 162              		.size	cy_metadata, 12
 163              	cy_metadata:
 164 0000 00       		.byte	0
 165 0001 01       		.byte	1
 166 0002 2E       		.byte	46
 167 0003 16       		.byte	22
 168 0004 10       		.byte	16
 169 0005 69       		.byte	105
 170 0006 00       		.byte	0
 171 0007 01       		.byte	1
ARM GAS  C:\Users\ingan\AppData\Local\Temp\cckirJEA.s 			page 4


 172 0008 00       		.byte	0
 173 0009 00       		.byte	0
 174 000a 00       		.byte	0
 175 000b 00       		.byte	0
 176              		.section	.cyflashprotect,"a",%progbits
 177              		.type	cy_meta_flashprotect, %object
 178              		.size	cy_meta_flashprotect, 256
 179              	cy_meta_flashprotect:
 180 0000 00000000 		.space	256
 180      00000000 
 180      00000000 
 180      00000000 
 180      00000000 
 181              		.text
 182              	.Letext0:
 183              		.file 1 "c:\\program files (x86)\\cypress\\psoc creator\\4.2\\psoc creator\\import\\gnu\\arm\\5.4.
 184              		.file 2 "c:\\program files (x86)\\cypress\\psoc creator\\4.2\\psoc creator\\import\\gnu\\arm\\5.4.
 185              		.file 3 "Generated_Source\\PSoC5\\cymetadata.c"
 186              		.section	.debug_info,"",%progbits
 187              	.Ldebug_info0:
 188 0000 30010000 		.4byte	0x130
 189 0004 0400     		.2byte	0x4
 190 0006 00000000 		.4byte	.Ldebug_abbrev0
 191 000a 04       		.byte	0x4
 192 000b 01       		.uleb128 0x1
 193 000c DB000000 		.4byte	.LASF17
 194 0010 0C       		.byte	0xc
 195 0011 CA010000 		.4byte	.LASF18
 196 0015 16000000 		.4byte	.LASF19
 197 0019 00000000 		.4byte	.Ldebug_line0
 198 001d 02       		.uleb128 0x2
 199 001e 01       		.byte	0x1
 200 001f 06       		.byte	0x6
 201 0020 BE010000 		.4byte	.LASF0
 202 0024 03       		.uleb128 0x3
 203 0025 00000000 		.4byte	.LASF9
 204 0029 01       		.byte	0x1
 205 002a 1D       		.byte	0x1d
 206 002b 2F000000 		.4byte	0x2f
 207 002f 02       		.uleb128 0x2
 208 0030 01       		.byte	0x1
 209 0031 08       		.byte	0x8
 210 0032 79000000 		.4byte	.LASF1
 211 0036 02       		.uleb128 0x2
 212 0037 02       		.byte	0x2
 213 0038 05       		.byte	0x5
 214 0039 AB010000 		.4byte	.LASF2
 215 003d 02       		.uleb128 0x2
 216 003e 02       		.byte	0x2
 217 003f 07       		.byte	0x7
 218 0040 99000000 		.4byte	.LASF3
 219 0044 02       		.uleb128 0x2
 220 0045 04       		.byte	0x4
 221 0046 05       		.byte	0x5
 222 0047 B5010000 		.4byte	.LASF4
 223 004b 02       		.uleb128 0x2
 224 004c 04       		.byte	0x4
ARM GAS  C:\Users\ingan\AppData\Local\Temp\cckirJEA.s 			page 5


 225 004d 07       		.byte	0x7
 226 004e 87000000 		.4byte	.LASF5
 227 0052 02       		.uleb128 0x2
 228 0053 08       		.byte	0x8
 229 0054 05       		.byte	0x5
 230 0055 9D010000 		.4byte	.LASF6
 231 0059 02       		.uleb128 0x2
 232 005a 08       		.byte	0x8
 233 005b 07       		.byte	0x7
 234 005c 62000000 		.4byte	.LASF7
 235 0060 04       		.uleb128 0x4
 236 0061 04       		.byte	0x4
 237 0062 05       		.byte	0x5
 238 0063 696E7400 		.ascii	"int\000"
 239 0067 02       		.uleb128 0x2
 240 0068 04       		.byte	0x4
 241 0069 07       		.byte	0x7
 242 006a CE000000 		.4byte	.LASF8
 243 006e 03       		.uleb128 0x3
 244 006f 69010000 		.4byte	.LASF10
 245 0073 02       		.byte	0x2
 246 0074 18       		.byte	0x18
 247 0075 24000000 		.4byte	0x24
 248 0079 05       		.uleb128 0x5
 249 007a 90000000 		.4byte	0x90
 250 007e 89000000 		.4byte	0x89
 251 0082 06       		.uleb128 0x6
 252 0083 89000000 		.4byte	0x89
 253 0087 73       		.byte	0x73
 254 0088 00       		.byte	0
 255 0089 02       		.uleb128 0x2
 256 008a 04       		.byte	0x4
 257 008b 07       		.byte	0x7
 258 008c 94010000 		.4byte	.LASF11
 259 0090 07       		.uleb128 0x7
 260 0091 6E000000 		.4byte	0x6e
 261 0095 08       		.uleb128 0x8
 262 0096 BC000000 		.4byte	.LASF12
 263 009a 03       		.byte	0x3
 264 009b 1F       		.byte	0x1f
 265 009c A6000000 		.4byte	0xa6
 266 00a0 05       		.uleb128 0x5
 267 00a1 03       		.byte	0x3
 268 00a2 00000000 		.4byte	cy_meta_configecc
 269 00a6 07       		.uleb128 0x7
 270 00a7 79000000 		.4byte	0x79
 271 00ab 05       		.uleb128 0x5
 272 00ac 90000000 		.4byte	0x90
 273 00b0 BB000000 		.4byte	0xbb
 274 00b4 06       		.uleb128 0x6
 275 00b5 89000000 		.4byte	0x89
 276 00b9 03       		.byte	0x3
 277 00ba 00       		.byte	0
 278 00bb 08       		.uleb128 0x8
 279 00bc AC000000 		.4byte	.LASF13
 280 00c0 03       		.byte	0x3
 281 00c1 3B       		.byte	0x3b
ARM GAS  C:\Users\ingan\AppData\Local\Temp\cckirJEA.s 			page 6


 282 00c2 CC000000 		.4byte	0xcc
 283 00c6 05       		.uleb128 0x5
 284 00c7 03       		.byte	0x3
 285 00c8 00000000 		.4byte	cy_meta_custnvl
 286 00cc 07       		.uleb128 0x7
 287 00cd AB000000 		.4byte	0xab
 288 00d1 08       		.uleb128 0x8
 289 00d2 86010000 		.4byte	.LASF14
 290 00d6 03       		.byte	0x3
 291 00d7 49       		.byte	0x49
 292 00d8 E2000000 		.4byte	0xe2
 293 00dc 05       		.uleb128 0x5
 294 00dd 03       		.byte	0x3
 295 00de 00000000 		.4byte	cy_meta_wonvl
 296 00e2 07       		.uleb128 0x7
 297 00e3 AB000000 		.4byte	0xab
 298 00e7 05       		.uleb128 0x5
 299 00e8 90000000 		.4byte	0x90
 300 00ec F7000000 		.4byte	0xf7
 301 00f0 06       		.uleb128 0x6
 302 00f1 89000000 		.4byte	0x89
 303 00f5 FF       		.byte	0xff
 304 00f6 00       		.byte	0
 305 00f7 08       		.uleb128 0x8
 306 00f8 71010000 		.4byte	.LASF15
 307 00fc 03       		.byte	0x3
 308 00fd 57       		.byte	0x57
 309 00fe 08010000 		.4byte	0x108
 310 0102 05       		.uleb128 0x5
 311 0103 03       		.byte	0x3
 312 0104 00000000 		.4byte	cy_meta_flashprotect
 313 0108 07       		.uleb128 0x7
 314 0109 E7000000 		.4byte	0xe7
 315 010d 05       		.uleb128 0x5
 316 010e 90000000 		.4byte	0x90
 317 0112 1D010000 		.4byte	0x11d
 318 0116 06       		.uleb128 0x6
 319 0117 89000000 		.4byte	0x89
 320 011b 0B       		.byte	0xb
 321 011c 00       		.byte	0
 322 011d 08       		.uleb128 0x8
 323 011e 0A000000 		.4byte	.LASF16
 324 0122 03       		.byte	0x3
 325 0123 84       		.byte	0x84
 326 0124 2E010000 		.4byte	0x12e
 327 0128 05       		.uleb128 0x5
 328 0129 03       		.byte	0x3
 329 012a 00000000 		.4byte	cy_metadata
 330 012e 07       		.uleb128 0x7
 331 012f 0D010000 		.4byte	0x10d
 332 0133 00       		.byte	0
 333              		.section	.debug_abbrev,"",%progbits
 334              	.Ldebug_abbrev0:
 335 0000 01       		.uleb128 0x1
 336 0001 11       		.uleb128 0x11
 337 0002 01       		.byte	0x1
 338 0003 25       		.uleb128 0x25
ARM GAS  C:\Users\ingan\AppData\Local\Temp\cckirJEA.s 			page 7


 339 0004 0E       		.uleb128 0xe
 340 0005 13       		.uleb128 0x13
 341 0006 0B       		.uleb128 0xb
 342 0007 03       		.uleb128 0x3
 343 0008 0E       		.uleb128 0xe
 344 0009 1B       		.uleb128 0x1b
 345 000a 0E       		.uleb128 0xe
 346 000b 10       		.uleb128 0x10
 347 000c 17       		.uleb128 0x17
 348 000d 00       		.byte	0
 349 000e 00       		.byte	0
 350 000f 02       		.uleb128 0x2
 351 0010 24       		.uleb128 0x24
 352 0011 00       		.byte	0
 353 0012 0B       		.uleb128 0xb
 354 0013 0B       		.uleb128 0xb
 355 0014 3E       		.uleb128 0x3e
 356 0015 0B       		.uleb128 0xb
 357 0016 03       		.uleb128 0x3
 358 0017 0E       		.uleb128 0xe
 359 0018 00       		.byte	0
 360 0019 00       		.byte	0
 361 001a 03       		.uleb128 0x3
 362 001b 16       		.uleb128 0x16
 363 001c 00       		.byte	0
 364 001d 03       		.uleb128 0x3
 365 001e 0E       		.uleb128 0xe
 366 001f 3A       		.uleb128 0x3a
 367 0020 0B       		.uleb128 0xb
 368 0021 3B       		.uleb128 0x3b
 369 0022 0B       		.uleb128 0xb
 370 0023 49       		.uleb128 0x49
 371 0024 13       		.uleb128 0x13
 372 0025 00       		.byte	0
 373 0026 00       		.byte	0
 374 0027 04       		.uleb128 0x4
 375 0028 24       		.uleb128 0x24
 376 0029 00       		.byte	0
 377 002a 0B       		.uleb128 0xb
 378 002b 0B       		.uleb128 0xb
 379 002c 3E       		.uleb128 0x3e
 380 002d 0B       		.uleb128 0xb
 381 002e 03       		.uleb128 0x3
 382 002f 08       		.uleb128 0x8
 383 0030 00       		.byte	0
 384 0031 00       		.byte	0
 385 0032 05       		.uleb128 0x5
 386 0033 01       		.uleb128 0x1
 387 0034 01       		.byte	0x1
 388 0035 49       		.uleb128 0x49
 389 0036 13       		.uleb128 0x13
 390 0037 01       		.uleb128 0x1
 391 0038 13       		.uleb128 0x13
 392 0039 00       		.byte	0
 393 003a 00       		.byte	0
 394 003b 06       		.uleb128 0x6
 395 003c 21       		.uleb128 0x21
ARM GAS  C:\Users\ingan\AppData\Local\Temp\cckirJEA.s 			page 8


 396 003d 00       		.byte	0
 397 003e 49       		.uleb128 0x49
 398 003f 13       		.uleb128 0x13
 399 0040 2F       		.uleb128 0x2f
 400 0041 0B       		.uleb128 0xb
 401 0042 00       		.byte	0
 402 0043 00       		.byte	0
 403 0044 07       		.uleb128 0x7
 404 0045 26       		.uleb128 0x26
 405 0046 00       		.byte	0
 406 0047 49       		.uleb128 0x49
 407 0048 13       		.uleb128 0x13
 408 0049 00       		.byte	0
 409 004a 00       		.byte	0
 410 004b 08       		.uleb128 0x8
 411 004c 34       		.uleb128 0x34
 412 004d 00       		.byte	0
 413 004e 03       		.uleb128 0x3
 414 004f 0E       		.uleb128 0xe
 415 0050 3A       		.uleb128 0x3a
 416 0051 0B       		.uleb128 0xb
 417 0052 3B       		.uleb128 0x3b
 418 0053 0B       		.uleb128 0xb
 419 0054 49       		.uleb128 0x49
 420 0055 13       		.uleb128 0x13
 421 0056 3F       		.uleb128 0x3f
 422 0057 19       		.uleb128 0x19
 423 0058 02       		.uleb128 0x2
 424 0059 18       		.uleb128 0x18
 425 005a 00       		.byte	0
 426 005b 00       		.byte	0
 427 005c 00       		.byte	0
 428              		.section	.debug_aranges,"",%progbits
 429 0000 14000000 		.4byte	0x14
 430 0004 0200     		.2byte	0x2
 431 0006 00000000 		.4byte	.Ldebug_info0
 432 000a 04       		.byte	0x4
 433 000b 00       		.byte	0
 434 000c 0000     		.2byte	0
 435 000e 0000     		.2byte	0
 436 0010 00000000 		.4byte	0
 437 0014 00000000 		.4byte	0
 438              		.section	.debug_line,"",%progbits
 439              	.Ldebug_line0:
 440 0000 3D010000 		.section	.debug_str,"MS",%progbits,1
 440      02003701 
 440      00000201 
 440      FB0E0D00 
 440      01010101 
 441              	.LASF9:
 442 0000 5F5F7569 		.ascii	"__uint8_t\000"
 442      6E74385F 
 442      7400
 443              	.LASF16:
 444 000a 63795F6D 		.ascii	"cy_metadata\000"
 444      65746164 
 444      61746100 
ARM GAS  C:\Users\ingan\AppData\Local\Temp\cckirJEA.s 			page 9


 445              	.LASF19:
 446 0016 433A5C55 		.ascii	"C:\\Users\\ingan\\Documents\\PSoC Creator\\MegaDriv"
 446      73657273 
 446      5C696E67 
 446      616E5C44 
 446      6F63756D 
 447 0044 655F706C 		.ascii	"e_player\\VGMPlayer_v0.1.cydsn\000"
 447      61796572 
 447      5C56474D 
 447      506C6179 
 447      65725F76 
 448              	.LASF7:
 449 0062 6C6F6E67 		.ascii	"long long unsigned int\000"
 449      206C6F6E 
 449      6720756E 
 449      7369676E 
 449      65642069 
 450              	.LASF1:
 451 0079 756E7369 		.ascii	"unsigned char\000"
 451      676E6564 
 451      20636861 
 451      7200
 452              	.LASF5:
 453 0087 6C6F6E67 		.ascii	"long unsigned int\000"
 453      20756E73 
 453      69676E65 
 453      6420696E 
 453      7400
 454              	.LASF3:
 455 0099 73686F72 		.ascii	"short unsigned int\000"
 455      7420756E 
 455      7369676E 
 455      65642069 
 455      6E7400
 456              	.LASF13:
 457 00ac 63795F6D 		.ascii	"cy_meta_custnvl\000"
 457      6574615F 
 457      63757374 
 457      6E766C00 
 458              	.LASF12:
 459 00bc 63795F6D 		.ascii	"cy_meta_configecc\000"
 459      6574615F 
 459      636F6E66 
 459      69676563 
 459      6300
 460              	.LASF8:
 461 00ce 756E7369 		.ascii	"unsigned int\000"
 461      676E6564 
 461      20696E74 
 461      00
 462              	.LASF17:
 463 00db 474E5520 		.ascii	"GNU C11 5.4.1 20160609 (release) [ARM/embedded-5-br"
 463      43313120 
 463      352E342E 
 463      31203230 
 463      31363036 
 464 010e 616E6368 		.ascii	"anch revision 237715] -mcpu=cortex-m3 -mthumb -g -O"
ARM GAS  C:\Users\ingan\AppData\Local\Temp\cckirJEA.s 			page 10


 464      20726576 
 464      6973696F 
 464      6E203233 
 464      37373135 
 465 0141 73202D66 		.ascii	"s -ffunction-sections -ffat-lto-objects\000"
 465      66756E63 
 465      74696F6E 
 465      2D736563 
 465      74696F6E 
 466              	.LASF10:
 467 0169 75696E74 		.ascii	"uint8_t\000"
 467      385F7400 
 468              	.LASF15:
 469 0171 63795F6D 		.ascii	"cy_meta_flashprotect\000"
 469      6574615F 
 469      666C6173 
 469      6870726F 
 469      74656374 
 470              	.LASF14:
 471 0186 63795F6D 		.ascii	"cy_meta_wonvl\000"
 471      6574615F 
 471      776F6E76 
 471      6C00
 472              	.LASF11:
 473 0194 73697A65 		.ascii	"sizetype\000"
 473      74797065 
 473      00
 474              	.LASF6:
 475 019d 6C6F6E67 		.ascii	"long long int\000"
 475      206C6F6E 
 475      6720696E 
 475      7400
 476              	.LASF2:
 477 01ab 73686F72 		.ascii	"short int\000"
 477      7420696E 
 477      7400
 478              	.LASF4:
 479 01b5 6C6F6E67 		.ascii	"long int\000"
 479      20696E74 
 479      00
 480              	.LASF0:
 481 01be 7369676E 		.ascii	"signed char\000"
 481      65642063 
 481      68617200 
 482              	.LASF18:
 483 01ca 47656E65 		.ascii	"Generated_Source\\PSoC5\\cymetadata.c\000"
 483      72617465 
 483      645F536F 
 483      75726365 
 483      5C50536F 
 484              		.ident	"GCC: (GNU Tools for ARM Embedded Processors) 5.4.1 20160609 (release) [ARM/embedded-5-bran
