ARM GAS  C:\Users\ingan\AppData\Local\Temp\ccLVwzWI.s 			page 1


   1              		.syntax unified
   2              		.cpu cortex-m3
   3              		.fpu softvfp
   4              		.eabi_attribute 20, 1
   5              		.eabi_attribute 21, 1
   6              		.eabi_attribute 23, 3
   7              		.eabi_attribute 24, 1
   8              		.eabi_attribute 25, 1
   9              		.eabi_attribute 26, 1
  10              		.eabi_attribute 30, 4
  11              		.eabi_attribute 34, 1
  12              		.eabi_attribute 18, 4
  13              		.thumb
  14              		.syntax unified
  15              		.file	"Opamp_3_PM.c"
  16              		.text
  17              	.Ltext0:
  18              		.cfi_sections	.debug_frame
  19              		.section	.text.Opamp_3_SaveConfig,"ax",%progbits
  20              		.align	1
  21              		.global	Opamp_3_SaveConfig
  22              		.thumb
  23              		.thumb_func
  24              		.type	Opamp_3_SaveConfig, %function
  25              	Opamp_3_SaveConfig:
  26              	.LFB5:
  27              		.cfi_startproc
  28              		@ args = 0, pretend = 0, frame = 0
  29              		@ frame_needed = 0, uses_anonymous_args = 0
  30              		@ link register save eliminated.
  31 0000 7047     		bx	lr
  32              		.cfi_endproc
  33              	.LFE5:
  34              		.size	Opamp_3_SaveConfig, .-Opamp_3_SaveConfig
  35              		.section	.text.Opamp_3_RestoreConfig,"ax",%progbits
  36              		.align	1
  37              		.global	Opamp_3_RestoreConfig
  38              		.thumb
  39              		.thumb_func
  40              		.type	Opamp_3_RestoreConfig, %function
  41              	Opamp_3_RestoreConfig:
  42              	.LFB1:
  43              		.file 1 "Generated_Source\\PSoC5\\Opamp_3_PM.c"
   1:Generated_Source\PSoC5/Opamp_3_PM.c **** /*******************************************************************************
   2:Generated_Source\PSoC5/Opamp_3_PM.c **** * File Name: Opamp_3_PM.c
   3:Generated_Source\PSoC5/Opamp_3_PM.c **** * Version 1.90
   4:Generated_Source\PSoC5/Opamp_3_PM.c **** *
   5:Generated_Source\PSoC5/Opamp_3_PM.c **** * Description:
   6:Generated_Source\PSoC5/Opamp_3_PM.c **** *  This file provides the power management source code to the API for the 
   7:Generated_Source\PSoC5/Opamp_3_PM.c **** *  OpAmp (Analog Buffer) component.
   8:Generated_Source\PSoC5/Opamp_3_PM.c **** *
   9:Generated_Source\PSoC5/Opamp_3_PM.c **** * Note:
  10:Generated_Source\PSoC5/Opamp_3_PM.c **** *
  11:Generated_Source\PSoC5/Opamp_3_PM.c **** ********************************************************************************
  12:Generated_Source\PSoC5/Opamp_3_PM.c **** * Copyright 2008-2012, Cypress Semiconductor Corporation.  All rights reserved.
  13:Generated_Source\PSoC5/Opamp_3_PM.c **** * You may use this file only in accordance with the license, terms, conditions, 
  14:Generated_Source\PSoC5/Opamp_3_PM.c **** * disclaimers, and limitations in the end user license agreement accompanying 
ARM GAS  C:\Users\ingan\AppData\Local\Temp\ccLVwzWI.s 			page 2


  15:Generated_Source\PSoC5/Opamp_3_PM.c **** * the software package with which this file was provided.
  16:Generated_Source\PSoC5/Opamp_3_PM.c **** *******************************************************************************/
  17:Generated_Source\PSoC5/Opamp_3_PM.c **** 
  18:Generated_Source\PSoC5/Opamp_3_PM.c **** #include "Opamp_3.h"
  19:Generated_Source\PSoC5/Opamp_3_PM.c **** 
  20:Generated_Source\PSoC5/Opamp_3_PM.c **** static Opamp_3_BACKUP_STRUCT  Opamp_3_backup;
  21:Generated_Source\PSoC5/Opamp_3_PM.c **** 
  22:Generated_Source\PSoC5/Opamp_3_PM.c **** 
  23:Generated_Source\PSoC5/Opamp_3_PM.c **** /*******************************************************************************  
  24:Generated_Source\PSoC5/Opamp_3_PM.c **** * Function Name: Opamp_3_SaveConfig
  25:Generated_Source\PSoC5/Opamp_3_PM.c **** ********************************************************************************
  26:Generated_Source\PSoC5/Opamp_3_PM.c **** *
  27:Generated_Source\PSoC5/Opamp_3_PM.c **** * Summary:
  28:Generated_Source\PSoC5/Opamp_3_PM.c **** *  Saves the current user configuration registers.
  29:Generated_Source\PSoC5/Opamp_3_PM.c **** * 
  30:Generated_Source\PSoC5/Opamp_3_PM.c **** * Parameters:
  31:Generated_Source\PSoC5/Opamp_3_PM.c **** *  void
  32:Generated_Source\PSoC5/Opamp_3_PM.c **** * 
  33:Generated_Source\PSoC5/Opamp_3_PM.c **** * Return:
  34:Generated_Source\PSoC5/Opamp_3_PM.c **** *  void
  35:Generated_Source\PSoC5/Opamp_3_PM.c **** *
  36:Generated_Source\PSoC5/Opamp_3_PM.c **** *******************************************************************************/
  37:Generated_Source\PSoC5/Opamp_3_PM.c **** void Opamp_3_SaveConfig(void) 
  38:Generated_Source\PSoC5/Opamp_3_PM.c **** {
  39:Generated_Source\PSoC5/Opamp_3_PM.c ****     /* Nothing to save as registers are System reset on retention flops */
  40:Generated_Source\PSoC5/Opamp_3_PM.c **** }
  41:Generated_Source\PSoC5/Opamp_3_PM.c **** 
  42:Generated_Source\PSoC5/Opamp_3_PM.c **** 
  43:Generated_Source\PSoC5/Opamp_3_PM.c **** /*******************************************************************************  
  44:Generated_Source\PSoC5/Opamp_3_PM.c **** * Function Name: Opamp_3_RestoreConfig
  45:Generated_Source\PSoC5/Opamp_3_PM.c **** ********************************************************************************
  46:Generated_Source\PSoC5/Opamp_3_PM.c **** *
  47:Generated_Source\PSoC5/Opamp_3_PM.c **** * Summary:
  48:Generated_Source\PSoC5/Opamp_3_PM.c **** *  Restores the current user configuration registers.
  49:Generated_Source\PSoC5/Opamp_3_PM.c **** *
  50:Generated_Source\PSoC5/Opamp_3_PM.c **** * Parameters:
  51:Generated_Source\PSoC5/Opamp_3_PM.c **** *  void
  52:Generated_Source\PSoC5/Opamp_3_PM.c **** *
  53:Generated_Source\PSoC5/Opamp_3_PM.c **** * Return:
  54:Generated_Source\PSoC5/Opamp_3_PM.c **** *  void
  55:Generated_Source\PSoC5/Opamp_3_PM.c **** *
  56:Generated_Source\PSoC5/Opamp_3_PM.c **** *******************************************************************************/
  57:Generated_Source\PSoC5/Opamp_3_PM.c **** void Opamp_3_RestoreConfig(void) 
  58:Generated_Source\PSoC5/Opamp_3_PM.c **** {
  44              		.loc 1 58 0
  45              		.cfi_startproc
  46              		@ args = 0, pretend = 0, frame = 0
  47              		@ frame_needed = 0, uses_anonymous_args = 0
  48              		@ link register save eliminated.
  49 0000 7047     		bx	lr
  50              		.cfi_endproc
  51              	.LFE1:
  52              		.size	Opamp_3_RestoreConfig, .-Opamp_3_RestoreConfig
  53              		.section	.text.Opamp_3_Sleep,"ax",%progbits
  54              		.align	1
  55              		.global	Opamp_3_Sleep
  56              		.thumb
ARM GAS  C:\Users\ingan\AppData\Local\Temp\ccLVwzWI.s 			page 3


  57              		.thumb_func
  58              		.type	Opamp_3_Sleep, %function
  59              	Opamp_3_Sleep:
  60              	.LFB2:
  59:Generated_Source\PSoC5/Opamp_3_PM.c ****     /* Nothing to restore */
  60:Generated_Source\PSoC5/Opamp_3_PM.c **** }
  61:Generated_Source\PSoC5/Opamp_3_PM.c **** 
  62:Generated_Source\PSoC5/Opamp_3_PM.c **** 
  63:Generated_Source\PSoC5/Opamp_3_PM.c **** /*******************************************************************************   
  64:Generated_Source\PSoC5/Opamp_3_PM.c **** * Function Name: Opamp_3_Sleep
  65:Generated_Source\PSoC5/Opamp_3_PM.c **** ********************************************************************************
  66:Generated_Source\PSoC5/Opamp_3_PM.c **** *
  67:Generated_Source\PSoC5/Opamp_3_PM.c **** * Summary:
  68:Generated_Source\PSoC5/Opamp_3_PM.c **** *  Disables block's operation and saves its configuration. Should be called 
  69:Generated_Source\PSoC5/Opamp_3_PM.c **** *  just prior to entering sleep.
  70:Generated_Source\PSoC5/Opamp_3_PM.c **** *
  71:Generated_Source\PSoC5/Opamp_3_PM.c **** * Parameters:
  72:Generated_Source\PSoC5/Opamp_3_PM.c **** *  void
  73:Generated_Source\PSoC5/Opamp_3_PM.c **** *
  74:Generated_Source\PSoC5/Opamp_3_PM.c **** * Return:
  75:Generated_Source\PSoC5/Opamp_3_PM.c **** *  void
  76:Generated_Source\PSoC5/Opamp_3_PM.c **** *
  77:Generated_Source\PSoC5/Opamp_3_PM.c **** * Global variables:
  78:Generated_Source\PSoC5/Opamp_3_PM.c **** *  Opamp_3_backup: The structure field 'enableState' is modified 
  79:Generated_Source\PSoC5/Opamp_3_PM.c **** *  depending on the enable state of the block before entering to sleep mode.
  80:Generated_Source\PSoC5/Opamp_3_PM.c **** *
  81:Generated_Source\PSoC5/Opamp_3_PM.c **** *******************************************************************************/
  82:Generated_Source\PSoC5/Opamp_3_PM.c **** void Opamp_3_Sleep(void) 
  83:Generated_Source\PSoC5/Opamp_3_PM.c **** {
  61              		.loc 1 83 0
  62              		.cfi_startproc
  63              		@ args = 0, pretend = 0, frame = 0
  64              		@ frame_needed = 0, uses_anonymous_args = 0
  65              		@ link register save eliminated.
  84:Generated_Source\PSoC5/Opamp_3_PM.c ****     /* Save OpAmp enable state */
  85:Generated_Source\PSoC5/Opamp_3_PM.c ****     if((Opamp_3_PM_ACT_CFG_REG & Opamp_3_ACT_PWR_EN) != 0u)
  66              		.loc 1 85 0
  67 0000 064B     		ldr	r3, .L6
  68 0002 074A     		ldr	r2, .L6+4
  69 0004 1B78     		ldrb	r3, [r3]	@ zero_extendqisi2
  70 0006 03F00403 		and	r3, r3, #4
  71 000a 03F0FF01 		and	r1, r3, #255
  72 000e 1BB1     		cbz	r3, .L4
  86:Generated_Source\PSoC5/Opamp_3_PM.c ****     {
  87:Generated_Source\PSoC5/Opamp_3_PM.c ****         /* Component is enabled */
  88:Generated_Source\PSoC5/Opamp_3_PM.c ****         Opamp_3_backup.enableState = 1u;
  73              		.loc 1 88 0
  74 0010 0123     		movs	r3, #1
  75 0012 1370     		strb	r3, [r2]
  89:Generated_Source\PSoC5/Opamp_3_PM.c ****          /* Stops the component */
  90:Generated_Source\PSoC5/Opamp_3_PM.c ****          Opamp_3_Stop();
  76              		.loc 1 90 0
  77 0014 FFF7FEBF 		b	Opamp_3_Stop
  78              	.LVL0:
  79              	.L4:
  91:Generated_Source\PSoC5/Opamp_3_PM.c ****     }
  92:Generated_Source\PSoC5/Opamp_3_PM.c ****     else
ARM GAS  C:\Users\ingan\AppData\Local\Temp\ccLVwzWI.s 			page 4


  93:Generated_Source\PSoC5/Opamp_3_PM.c ****     {
  94:Generated_Source\PSoC5/Opamp_3_PM.c ****         /* Component is disabled */
  95:Generated_Source\PSoC5/Opamp_3_PM.c ****         Opamp_3_backup.enableState = 0u;
  80              		.loc 1 95 0
  81 0018 1170     		strb	r1, [r2]
  82 001a 7047     		bx	lr
  83              	.L7:
  84              		.align	2
  85              	.L6:
  86 001c A4430040 		.word	1073759140
  87 0020 00000000 		.word	.LANCHOR0
  88              		.cfi_endproc
  89              	.LFE2:
  90              		.size	Opamp_3_Sleep, .-Opamp_3_Sleep
  91              		.section	.text.Opamp_3_Wakeup,"ax",%progbits
  92              		.align	1
  93              		.global	Opamp_3_Wakeup
  94              		.thumb
  95              		.thumb_func
  96              		.type	Opamp_3_Wakeup, %function
  97              	Opamp_3_Wakeup:
  98              	.LFB3:
  96:Generated_Source\PSoC5/Opamp_3_PM.c ****     }
  97:Generated_Source\PSoC5/Opamp_3_PM.c ****     /* Saves the configuration */
  98:Generated_Source\PSoC5/Opamp_3_PM.c ****     Opamp_3_SaveConfig();
  99:Generated_Source\PSoC5/Opamp_3_PM.c **** }
 100:Generated_Source\PSoC5/Opamp_3_PM.c **** 
 101:Generated_Source\PSoC5/Opamp_3_PM.c **** 
 102:Generated_Source\PSoC5/Opamp_3_PM.c **** /*******************************************************************************  
 103:Generated_Source\PSoC5/Opamp_3_PM.c **** * Function Name: Opamp_3_Wakeup
 104:Generated_Source\PSoC5/Opamp_3_PM.c **** ********************************************************************************
 105:Generated_Source\PSoC5/Opamp_3_PM.c **** *
 106:Generated_Source\PSoC5/Opamp_3_PM.c **** * Summary:
 107:Generated_Source\PSoC5/Opamp_3_PM.c **** *  Enables block's operation and restores its configuration. Should be called
 108:Generated_Source\PSoC5/Opamp_3_PM.c **** *  just after awaking from sleep.
 109:Generated_Source\PSoC5/Opamp_3_PM.c **** *
 110:Generated_Source\PSoC5/Opamp_3_PM.c **** * Parameters:
 111:Generated_Source\PSoC5/Opamp_3_PM.c **** *  void
 112:Generated_Source\PSoC5/Opamp_3_PM.c **** *
 113:Generated_Source\PSoC5/Opamp_3_PM.c **** * Return:
 114:Generated_Source\PSoC5/Opamp_3_PM.c **** *  void
 115:Generated_Source\PSoC5/Opamp_3_PM.c **** *
 116:Generated_Source\PSoC5/Opamp_3_PM.c **** * Global variables:
 117:Generated_Source\PSoC5/Opamp_3_PM.c **** *  Opamp_3_backup: The structure field 'enableState' is used to 
 118:Generated_Source\PSoC5/Opamp_3_PM.c **** *  restore the enable state of block after wakeup from sleep mode.
 119:Generated_Source\PSoC5/Opamp_3_PM.c **** *
 120:Generated_Source\PSoC5/Opamp_3_PM.c **** *******************************************************************************/
 121:Generated_Source\PSoC5/Opamp_3_PM.c **** void Opamp_3_Wakeup(void) 
 122:Generated_Source\PSoC5/Opamp_3_PM.c **** {
  99              		.loc 1 122 0
 100              		.cfi_startproc
 101              		@ args = 0, pretend = 0, frame = 0
 102              		@ frame_needed = 0, uses_anonymous_args = 0
 103              		@ link register save eliminated.
 123:Generated_Source\PSoC5/Opamp_3_PM.c ****     /* Restore the user configuration */
 124:Generated_Source\PSoC5/Opamp_3_PM.c ****     Opamp_3_RestoreConfig();
 125:Generated_Source\PSoC5/Opamp_3_PM.c **** 
ARM GAS  C:\Users\ingan\AppData\Local\Temp\ccLVwzWI.s 			page 5


 126:Generated_Source\PSoC5/Opamp_3_PM.c ****     /* Enables the component operation */
 127:Generated_Source\PSoC5/Opamp_3_PM.c ****     if(Opamp_3_backup.enableState == 1u)
 104              		.loc 1 127 0
 105 0000 034B     		ldr	r3, .L10
 106 0002 1B78     		ldrb	r3, [r3]	@ zero_extendqisi2
 107 0004 012B     		cmp	r3, #1
 108 0006 01D1     		bne	.L8
 128:Generated_Source\PSoC5/Opamp_3_PM.c ****     {
 129:Generated_Source\PSoC5/Opamp_3_PM.c ****         Opamp_3_Enable();
 109              		.loc 1 129 0
 110 0008 FFF7FEBF 		b	Opamp_3_Enable
 111              	.LVL1:
 112              	.L8:
 113 000c 7047     		bx	lr
 114              	.L11:
 115 000e 00BF     		.align	2
 116              	.L10:
 117 0010 00000000 		.word	.LANCHOR0
 118              		.cfi_endproc
 119              	.LFE3:
 120              		.size	Opamp_3_Wakeup, .-Opamp_3_Wakeup
 121              		.bss
 122              		.set	.LANCHOR0,. + 0
 123              		.type	Opamp_3_backup, %object
 124              		.size	Opamp_3_backup, 1
 125              	Opamp_3_backup:
 126 0000 00       		.space	1
 127              		.text
 128              	.Letext0:
 129              		.file 2 "Generated_Source\\PSoC5\\cytypes.h"
 130              		.file 3 "Generated_Source\\PSoC5\\Opamp_3.h"
 131              		.section	.debug_info,"",%progbits
 132              	.Ldebug_info0:
 133 0000 4C010000 		.4byte	0x14c
 134 0004 0400     		.2byte	0x4
 135 0006 00000000 		.4byte	.Ldebug_abbrev0
 136 000a 04       		.byte	0x4
 137 000b 01       		.uleb128 0x1
 138 000c 5A010000 		.4byte	.LASF23
 139 0010 0C       		.byte	0xc
 140 0011 C0000000 		.4byte	.LASF24
 141 0015 27000000 		.4byte	.LASF25
 142 0019 00000000 		.4byte	.Ldebug_ranges0+0
 143 001d 00000000 		.4byte	0
 144 0021 00000000 		.4byte	.Ldebug_line0
 145 0025 02       		.uleb128 0x2
 146 0026 01       		.byte	0x1
 147 0027 06       		.byte	0x6
 148 0028 FB010000 		.4byte	.LASF0
 149 002c 02       		.uleb128 0x2
 150 002d 01       		.byte	0x1
 151 002e 08       		.byte	0x8
 152 002f 05010000 		.4byte	.LASF1
 153 0033 02       		.uleb128 0x2
 154 0034 02       		.byte	0x2
 155 0035 05       		.byte	0x5
 156 0036 13020000 		.4byte	.LASF2
ARM GAS  C:\Users\ingan\AppData\Local\Temp\ccLVwzWI.s 			page 6


 157 003a 02       		.uleb128 0x2
 158 003b 02       		.byte	0x2
 159 003c 07       		.byte	0x7
 160 003d E8010000 		.4byte	.LASF3
 161 0041 02       		.uleb128 0x2
 162 0042 04       		.byte	0x4
 163 0043 05       		.byte	0x5
 164 0044 34010000 		.4byte	.LASF4
 165 0048 02       		.uleb128 0x2
 166 0049 04       		.byte	0x4
 167 004a 07       		.byte	0x7
 168 004b 97000000 		.4byte	.LASF5
 169 004f 02       		.uleb128 0x2
 170 0050 08       		.byte	0x8
 171 0051 05       		.byte	0x5
 172 0052 00000000 		.4byte	.LASF6
 173 0056 02       		.uleb128 0x2
 174 0057 08       		.byte	0x8
 175 0058 07       		.byte	0x7
 176 0059 A9000000 		.4byte	.LASF7
 177 005d 03       		.uleb128 0x3
 178 005e 04       		.byte	0x4
 179 005f 05       		.byte	0x5
 180 0060 696E7400 		.ascii	"int\000"
 181 0064 02       		.uleb128 0x2
 182 0065 04       		.byte	0x4
 183 0066 07       		.byte	0x7
 184 0067 1A000000 		.4byte	.LASF8
 185 006b 04       		.uleb128 0x4
 186 006c 91000000 		.4byte	.LASF12
 187 0070 02       		.byte	0x2
 188 0071 E401     		.2byte	0x1e4
 189 0073 2C000000 		.4byte	0x2c
 190 0077 02       		.uleb128 0x2
 191 0078 04       		.byte	0x4
 192 0079 04       		.byte	0x4
 193 007a E4000000 		.4byte	.LASF9
 194 007e 02       		.uleb128 0x2
 195 007f 08       		.byte	0x8
 196 0080 04       		.byte	0x4
 197 0081 53010000 		.4byte	.LASF10
 198 0085 02       		.uleb128 0x2
 199 0086 01       		.byte	0x1
 200 0087 08       		.byte	0x8
 201 0088 EA000000 		.4byte	.LASF11
 202 008c 04       		.uleb128 0x4
 203 008d 1D020000 		.4byte	.LASF13
 204 0091 02       		.byte	0x2
 205 0092 8E02     		.2byte	0x28e
 206 0094 98000000 		.4byte	0x98
 207 0098 05       		.uleb128 0x5
 208 0099 6B000000 		.4byte	0x6b
 209 009d 02       		.uleb128 0x2
 210 009e 08       		.byte	0x8
 211 009f 04       		.byte	0x4
 212 00a0 07020000 		.4byte	.LASF14
 213 00a4 02       		.uleb128 0x2
ARM GAS  C:\Users\ingan\AppData\Local\Temp\ccLVwzWI.s 			page 7


 214 00a5 04       		.byte	0x4
 215 00a6 07       		.byte	0x7
 216 00a7 3E020000 		.4byte	.LASF15
 217 00ab 06       		.uleb128 0x6
 218 00ac 01       		.byte	0x1
 219 00ad 03       		.byte	0x3
 220 00ae 26       		.byte	0x26
 221 00af C0000000 		.4byte	0xc0
 222 00b3 07       		.uleb128 0x7
 223 00b4 0E000000 		.4byte	.LASF26
 224 00b8 03       		.byte	0x3
 225 00b9 28       		.byte	0x28
 226 00ba 6B000000 		.4byte	0x6b
 227 00be 00       		.byte	0
 228 00bf 00       		.byte	0
 229 00c0 08       		.uleb128 0x8
 230 00c1 3D010000 		.4byte	.LASF16
 231 00c5 03       		.byte	0x3
 232 00c6 29       		.byte	0x29
 233 00c7 AB000000 		.4byte	0xab
 234 00cb 09       		.uleb128 0x9
 235 00cc 13010000 		.4byte	.LASF17
 236 00d0 01       		.byte	0x1
 237 00d1 25       		.byte	0x25
 238 00d2 01       		.byte	0x1
 239 00d3 09       		.uleb128 0x9
 240 00d4 EF000000 		.4byte	.LASF18
 241 00d8 01       		.byte	0x1
 242 00d9 39       		.byte	0x39
 243 00da 01       		.byte	0x1
 244 00db 0A       		.uleb128 0xa
 245 00dc D3000000 		.4byte	0xd3
 246 00e0 00000000 		.4byte	.LFB1
 247 00e4 02000000 		.4byte	.LFE1-.LFB1
 248 00e8 01       		.uleb128 0x1
 249 00e9 9C       		.byte	0x9c
 250 00ea 0B       		.uleb128 0xb
 251 00eb 26010000 		.4byte	.LASF19
 252 00ef 01       		.byte	0x1
 253 00f0 52       		.byte	0x52
 254 00f1 00000000 		.4byte	.LFB2
 255 00f5 24000000 		.4byte	.LFE2-.LFB2
 256 00f9 01       		.uleb128 0x1
 257 00fa 9C       		.byte	0x9c
 258 00fb 09010000 		.4byte	0x109
 259 00ff 0C       		.uleb128 0xc
 260 0100 18000000 		.4byte	.LVL0
 261 0104 39010000 		.4byte	0x139
 262 0108 00       		.byte	0
 263 0109 0B       		.uleb128 0xb
 264 010a 73000000 		.4byte	.LASF20
 265 010e 01       		.byte	0x1
 266 010f 79       		.byte	0x79
 267 0110 00000000 		.4byte	.LFB3
 268 0114 14000000 		.4byte	.LFE3-.LFB3
 269 0118 01       		.uleb128 0x1
 270 0119 9C       		.byte	0x9c
ARM GAS  C:\Users\ingan\AppData\Local\Temp\ccLVwzWI.s 			page 8


 271 011a 28010000 		.4byte	0x128
 272 011e 0C       		.uleb128 0xc
 273 011f 0C000000 		.4byte	.LVL1
 274 0123 44010000 		.4byte	0x144
 275 0127 00       		.byte	0
 276 0128 0D       		.uleb128 0xd
 277 0129 22020000 		.4byte	.LASF27
 278 012d 01       		.byte	0x1
 279 012e 14       		.byte	0x14
 280 012f C0000000 		.4byte	0xc0
 281 0133 05       		.uleb128 0x5
 282 0134 03       		.byte	0x3
 283 0135 00000000 		.4byte	Opamp_3_backup
 284 0139 0E       		.uleb128 0xe
 285 013a 31020000 		.4byte	.LASF21
 286 013e 31020000 		.4byte	.LASF21
 287 0142 03       		.byte	0x3
 288 0143 34       		.byte	0x34
 289 0144 0E       		.uleb128 0xe
 290 0145 82000000 		.4byte	.LASF22
 291 0149 82000000 		.4byte	.LASF22
 292 014d 03       		.byte	0x3
 293 014e 3B       		.byte	0x3b
 294 014f 00       		.byte	0
 295              		.section	.debug_abbrev,"",%progbits
 296              	.Ldebug_abbrev0:
 297 0000 01       		.uleb128 0x1
 298 0001 11       		.uleb128 0x11
 299 0002 01       		.byte	0x1
 300 0003 25       		.uleb128 0x25
 301 0004 0E       		.uleb128 0xe
 302 0005 13       		.uleb128 0x13
 303 0006 0B       		.uleb128 0xb
 304 0007 03       		.uleb128 0x3
 305 0008 0E       		.uleb128 0xe
 306 0009 1B       		.uleb128 0x1b
 307 000a 0E       		.uleb128 0xe
 308 000b 55       		.uleb128 0x55
 309 000c 17       		.uleb128 0x17
 310 000d 11       		.uleb128 0x11
 311 000e 01       		.uleb128 0x1
 312 000f 10       		.uleb128 0x10
 313 0010 17       		.uleb128 0x17
 314 0011 00       		.byte	0
 315 0012 00       		.byte	0
 316 0013 02       		.uleb128 0x2
 317 0014 24       		.uleb128 0x24
 318 0015 00       		.byte	0
 319 0016 0B       		.uleb128 0xb
 320 0017 0B       		.uleb128 0xb
 321 0018 3E       		.uleb128 0x3e
 322 0019 0B       		.uleb128 0xb
 323 001a 03       		.uleb128 0x3
 324 001b 0E       		.uleb128 0xe
 325 001c 00       		.byte	0
 326 001d 00       		.byte	0
 327 001e 03       		.uleb128 0x3
ARM GAS  C:\Users\ingan\AppData\Local\Temp\ccLVwzWI.s 			page 9


 328 001f 24       		.uleb128 0x24
 329 0020 00       		.byte	0
 330 0021 0B       		.uleb128 0xb
 331 0022 0B       		.uleb128 0xb
 332 0023 3E       		.uleb128 0x3e
 333 0024 0B       		.uleb128 0xb
 334 0025 03       		.uleb128 0x3
 335 0026 08       		.uleb128 0x8
 336 0027 00       		.byte	0
 337 0028 00       		.byte	0
 338 0029 04       		.uleb128 0x4
 339 002a 16       		.uleb128 0x16
 340 002b 00       		.byte	0
 341 002c 03       		.uleb128 0x3
 342 002d 0E       		.uleb128 0xe
 343 002e 3A       		.uleb128 0x3a
 344 002f 0B       		.uleb128 0xb
 345 0030 3B       		.uleb128 0x3b
 346 0031 05       		.uleb128 0x5
 347 0032 49       		.uleb128 0x49
 348 0033 13       		.uleb128 0x13
 349 0034 00       		.byte	0
 350 0035 00       		.byte	0
 351 0036 05       		.uleb128 0x5
 352 0037 35       		.uleb128 0x35
 353 0038 00       		.byte	0
 354 0039 49       		.uleb128 0x49
 355 003a 13       		.uleb128 0x13
 356 003b 00       		.byte	0
 357 003c 00       		.byte	0
 358 003d 06       		.uleb128 0x6
 359 003e 13       		.uleb128 0x13
 360 003f 01       		.byte	0x1
 361 0040 0B       		.uleb128 0xb
 362 0041 0B       		.uleb128 0xb
 363 0042 3A       		.uleb128 0x3a
 364 0043 0B       		.uleb128 0xb
 365 0044 3B       		.uleb128 0x3b
 366 0045 0B       		.uleb128 0xb
 367 0046 01       		.uleb128 0x1
 368 0047 13       		.uleb128 0x13
 369 0048 00       		.byte	0
 370 0049 00       		.byte	0
 371 004a 07       		.uleb128 0x7
 372 004b 0D       		.uleb128 0xd
 373 004c 00       		.byte	0
 374 004d 03       		.uleb128 0x3
 375 004e 0E       		.uleb128 0xe
 376 004f 3A       		.uleb128 0x3a
 377 0050 0B       		.uleb128 0xb
 378 0051 3B       		.uleb128 0x3b
 379 0052 0B       		.uleb128 0xb
 380 0053 49       		.uleb128 0x49
 381 0054 13       		.uleb128 0x13
 382 0055 38       		.uleb128 0x38
 383 0056 0B       		.uleb128 0xb
 384 0057 00       		.byte	0
ARM GAS  C:\Users\ingan\AppData\Local\Temp\ccLVwzWI.s 			page 10


 385 0058 00       		.byte	0
 386 0059 08       		.uleb128 0x8
 387 005a 16       		.uleb128 0x16
 388 005b 00       		.byte	0
 389 005c 03       		.uleb128 0x3
 390 005d 0E       		.uleb128 0xe
 391 005e 3A       		.uleb128 0x3a
 392 005f 0B       		.uleb128 0xb
 393 0060 3B       		.uleb128 0x3b
 394 0061 0B       		.uleb128 0xb
 395 0062 49       		.uleb128 0x49
 396 0063 13       		.uleb128 0x13
 397 0064 00       		.byte	0
 398 0065 00       		.byte	0
 399 0066 09       		.uleb128 0x9
 400 0067 2E       		.uleb128 0x2e
 401 0068 00       		.byte	0
 402 0069 3F       		.uleb128 0x3f
 403 006a 19       		.uleb128 0x19
 404 006b 03       		.uleb128 0x3
 405 006c 0E       		.uleb128 0xe
 406 006d 3A       		.uleb128 0x3a
 407 006e 0B       		.uleb128 0xb
 408 006f 3B       		.uleb128 0x3b
 409 0070 0B       		.uleb128 0xb
 410 0071 27       		.uleb128 0x27
 411 0072 19       		.uleb128 0x19
 412 0073 20       		.uleb128 0x20
 413 0074 0B       		.uleb128 0xb
 414 0075 00       		.byte	0
 415 0076 00       		.byte	0
 416 0077 0A       		.uleb128 0xa
 417 0078 2E       		.uleb128 0x2e
 418 0079 00       		.byte	0
 419 007a 31       		.uleb128 0x31
 420 007b 13       		.uleb128 0x13
 421 007c 11       		.uleb128 0x11
 422 007d 01       		.uleb128 0x1
 423 007e 12       		.uleb128 0x12
 424 007f 06       		.uleb128 0x6
 425 0080 40       		.uleb128 0x40
 426 0081 18       		.uleb128 0x18
 427 0082 9742     		.uleb128 0x2117
 428 0084 19       		.uleb128 0x19
 429 0085 00       		.byte	0
 430 0086 00       		.byte	0
 431 0087 0B       		.uleb128 0xb
 432 0088 2E       		.uleb128 0x2e
 433 0089 01       		.byte	0x1
 434 008a 3F       		.uleb128 0x3f
 435 008b 19       		.uleb128 0x19
 436 008c 03       		.uleb128 0x3
 437 008d 0E       		.uleb128 0xe
 438 008e 3A       		.uleb128 0x3a
 439 008f 0B       		.uleb128 0xb
 440 0090 3B       		.uleb128 0x3b
 441 0091 0B       		.uleb128 0xb
ARM GAS  C:\Users\ingan\AppData\Local\Temp\ccLVwzWI.s 			page 11


 442 0092 27       		.uleb128 0x27
 443 0093 19       		.uleb128 0x19
 444 0094 11       		.uleb128 0x11
 445 0095 01       		.uleb128 0x1
 446 0096 12       		.uleb128 0x12
 447 0097 06       		.uleb128 0x6
 448 0098 40       		.uleb128 0x40
 449 0099 18       		.uleb128 0x18
 450 009a 9742     		.uleb128 0x2117
 451 009c 19       		.uleb128 0x19
 452 009d 01       		.uleb128 0x1
 453 009e 13       		.uleb128 0x13
 454 009f 00       		.byte	0
 455 00a0 00       		.byte	0
 456 00a1 0C       		.uleb128 0xc
 457 00a2 898201   		.uleb128 0x4109
 458 00a5 00       		.byte	0
 459 00a6 11       		.uleb128 0x11
 460 00a7 01       		.uleb128 0x1
 461 00a8 9542     		.uleb128 0x2115
 462 00aa 19       		.uleb128 0x19
 463 00ab 31       		.uleb128 0x31
 464 00ac 13       		.uleb128 0x13
 465 00ad 00       		.byte	0
 466 00ae 00       		.byte	0
 467 00af 0D       		.uleb128 0xd
 468 00b0 34       		.uleb128 0x34
 469 00b1 00       		.byte	0
 470 00b2 03       		.uleb128 0x3
 471 00b3 0E       		.uleb128 0xe
 472 00b4 3A       		.uleb128 0x3a
 473 00b5 0B       		.uleb128 0xb
 474 00b6 3B       		.uleb128 0x3b
 475 00b7 0B       		.uleb128 0xb
 476 00b8 49       		.uleb128 0x49
 477 00b9 13       		.uleb128 0x13
 478 00ba 02       		.uleb128 0x2
 479 00bb 18       		.uleb128 0x18
 480 00bc 00       		.byte	0
 481 00bd 00       		.byte	0
 482 00be 0E       		.uleb128 0xe
 483 00bf 2E       		.uleb128 0x2e
 484 00c0 00       		.byte	0
 485 00c1 3F       		.uleb128 0x3f
 486 00c2 19       		.uleb128 0x19
 487 00c3 3C       		.uleb128 0x3c
 488 00c4 19       		.uleb128 0x19
 489 00c5 6E       		.uleb128 0x6e
 490 00c6 0E       		.uleb128 0xe
 491 00c7 03       		.uleb128 0x3
 492 00c8 0E       		.uleb128 0xe
 493 00c9 3A       		.uleb128 0x3a
 494 00ca 0B       		.uleb128 0xb
 495 00cb 3B       		.uleb128 0x3b
 496 00cc 0B       		.uleb128 0xb
 497 00cd 00       		.byte	0
 498 00ce 00       		.byte	0
ARM GAS  C:\Users\ingan\AppData\Local\Temp\ccLVwzWI.s 			page 12


 499 00cf 00       		.byte	0
 500              		.section	.debug_aranges,"",%progbits
 501 0000 2C000000 		.4byte	0x2c
 502 0004 0200     		.2byte	0x2
 503 0006 00000000 		.4byte	.Ldebug_info0
 504 000a 04       		.byte	0x4
 505 000b 00       		.byte	0
 506 000c 0000     		.2byte	0
 507 000e 0000     		.2byte	0
 508 0010 00000000 		.4byte	.LFB1
 509 0014 02000000 		.4byte	.LFE1-.LFB1
 510 0018 00000000 		.4byte	.LFB2
 511 001c 24000000 		.4byte	.LFE2-.LFB2
 512 0020 00000000 		.4byte	.LFB3
 513 0024 14000000 		.4byte	.LFE3-.LFB3
 514 0028 00000000 		.4byte	0
 515 002c 00000000 		.4byte	0
 516              		.section	.debug_ranges,"",%progbits
 517              	.Ldebug_ranges0:
 518 0000 00000000 		.4byte	.LFB1
 519 0004 02000000 		.4byte	.LFE1
 520 0008 00000000 		.4byte	.LFB2
 521 000c 24000000 		.4byte	.LFE2
 522 0010 00000000 		.4byte	.LFB3
 523 0014 14000000 		.4byte	.LFE3
 524 0018 00000000 		.4byte	0
 525 001c 00000000 		.4byte	0
 526              		.section	.debug_line,"",%progbits
 527              	.Ldebug_line0:
 528 0000 8F000000 		.section	.debug_str,"MS",%progbits,1
 528      02005400 
 528      00000201 
 528      FB0E0D00 
 528      01010101 
 529              	.LASF6:
 530 0000 6C6F6E67 		.ascii	"long long int\000"
 530      206C6F6E 
 530      6720696E 
 530      7400
 531              	.LASF26:
 532 000e 656E6162 		.ascii	"enableState\000"
 532      6C655374 
 532      61746500 
 533              	.LASF8:
 534 001a 756E7369 		.ascii	"unsigned int\000"
 534      676E6564 
 534      20696E74 
 534      00
 535              	.LASF25:
 536 0027 433A5C55 		.ascii	"C:\\Users\\ingan\\Documents\\PSoC Creator\\MegaDriv"
 536      73657273 
 536      5C696E67 
 536      616E5C44 
 536      6F63756D 
 537 0055 655F706C 		.ascii	"e_player\\VGMPlayer_v0.1.cydsn\000"
 537      61796572 
 537      5C56474D 
ARM GAS  C:\Users\ingan\AppData\Local\Temp\ccLVwzWI.s 			page 13


 537      506C6179 
 537      65725F76 
 538              	.LASF20:
 539 0073 4F70616D 		.ascii	"Opamp_3_Wakeup\000"
 539      705F335F 
 539      57616B65 
 539      757000
 540              	.LASF22:
 541 0082 4F70616D 		.ascii	"Opamp_3_Enable\000"
 541      705F335F 
 541      456E6162 
 541      6C6500
 542              	.LASF12:
 543 0091 75696E74 		.ascii	"uint8\000"
 543      3800
 544              	.LASF5:
 545 0097 6C6F6E67 		.ascii	"long unsigned int\000"
 545      20756E73 
 545      69676E65 
 545      6420696E 
 545      7400
 546              	.LASF7:
 547 00a9 6C6F6E67 		.ascii	"long long unsigned int\000"
 547      206C6F6E 
 547      6720756E 
 547      7369676E 
 547      65642069 
 548              	.LASF24:
 549 00c0 47656E65 		.ascii	"Generated_Source\\PSoC5\\Opamp_3_PM.c\000"
 549      72617465 
 549      645F536F 
 549      75726365 
 549      5C50536F 
 550              	.LASF9:
 551 00e4 666C6F61 		.ascii	"float\000"
 551      7400
 552              	.LASF11:
 553 00ea 63686172 		.ascii	"char\000"
 553      00
 554              	.LASF18:
 555 00ef 4F70616D 		.ascii	"Opamp_3_RestoreConfig\000"
 555      705F335F 
 555      52657374 
 555      6F726543 
 555      6F6E6669 
 556              	.LASF1:
 557 0105 756E7369 		.ascii	"unsigned char\000"
 557      676E6564 
 557      20636861 
 557      7200
 558              	.LASF17:
 559 0113 4F70616D 		.ascii	"Opamp_3_SaveConfig\000"
 559      705F335F 
 559      53617665 
 559      436F6E66 
 559      696700
 560              	.LASF19:
ARM GAS  C:\Users\ingan\AppData\Local\Temp\ccLVwzWI.s 			page 14


 561 0126 4F70616D 		.ascii	"Opamp_3_Sleep\000"
 561      705F335F 
 561      536C6565 
 561      7000
 562              	.LASF4:
 563 0134 6C6F6E67 		.ascii	"long int\000"
 563      20696E74 
 563      00
 564              	.LASF16:
 565 013d 4F70616D 		.ascii	"Opamp_3_BACKUP_STRUCT\000"
 565      705F335F 
 565      4241434B 
 565      55505F53 
 565      54525543 
 566              	.LASF10:
 567 0153 646F7562 		.ascii	"double\000"
 567      6C6500
 568              	.LASF23:
 569 015a 474E5520 		.ascii	"GNU C11 5.4.1 20160609 (release) [ARM/embedded-5-br"
 569      43313120 
 569      352E342E 
 569      31203230 
 569      31363036 
 570 018d 616E6368 		.ascii	"anch revision 237715] -mcpu=cortex-m3 -mthumb -g -O"
 570      20726576 
 570      6973696F 
 570      6E203233 
 570      37373135 
 571 01c0 73202D66 		.ascii	"s -ffunction-sections -ffat-lto-objects\000"
 571      66756E63 
 571      74696F6E 
 571      2D736563 
 571      74696F6E 
 572              	.LASF3:
 573 01e8 73686F72 		.ascii	"short unsigned int\000"
 573      7420756E 
 573      7369676E 
 573      65642069 
 573      6E7400
 574              	.LASF0:
 575 01fb 7369676E 		.ascii	"signed char\000"
 575      65642063 
 575      68617200 
 576              	.LASF14:
 577 0207 6C6F6E67 		.ascii	"long double\000"
 577      20646F75 
 577      626C6500 
 578              	.LASF2:
 579 0213 73686F72 		.ascii	"short int\000"
 579      7420696E 
 579      7400
 580              	.LASF13:
 581 021d 72656738 		.ascii	"reg8\000"
 581      00
 582              	.LASF27:
 583 0222 4F70616D 		.ascii	"Opamp_3_backup\000"
 583      705F335F 
ARM GAS  C:\Users\ingan\AppData\Local\Temp\ccLVwzWI.s 			page 15


 583      6261636B 
 583      757000
 584              	.LASF21:
 585 0231 4F70616D 		.ascii	"Opamp_3_Stop\000"
 585      705F335F 
 585      53746F70 
 585      00
 586              	.LASF15:
 587 023e 73697A65 		.ascii	"sizetype\000"
 587      74797065 
 587      00
 588              		.ident	"GCC: (GNU Tools for ARM Embedded Processors) 5.4.1 20160609 (release) [ARM/embedded-5-bran
