ARM GAS  C:\Users\ingan\AppData\Local\Temp\ccLrqxzm.s 			page 1


   1              		.syntax unified
   2              		.cpu cortex-m3
   3              		.fpu softvfp
   4              		.eabi_attribute 20, 1
   5              		.eabi_attribute 21, 1
   6              		.eabi_attribute 23, 3
   7              		.eabi_attribute 24, 1
   8              		.eabi_attribute 25, 1
   9              		.eabi_attribute 26, 1
  10              		.eabi_attribute 30, 2
  11              		.eabi_attribute 34, 1
  12              		.eabi_attribute 18, 4
  13              		.thumb
  14              		.syntax unified
  15              		.file	"func_list.c"
  16              		.text
  17              	.Ltext0:
  18              		.cfi_sections	.debug_frame
  19              		.section	.text.get_func,"ax",%progbits
  20              		.align	2
  21              		.global	get_func
  22              		.thumb
  23              		.thumb_func
  24              		.type	get_func, %function
  25              	get_func:
  26              	.LFB64:
  27              		.file 1 "func_list.c"
   1:func_list.c   **** #include "project.h"
   2:func_list.c   **** #include "stdio.h"
   3:func_list.c   **** #include "tty_utils.h"
   4:func_list.c   **** #include "func_list.h"
   5:func_list.c   **** 
   6:func_list.c   **** func_ptr get_func(f_list_type *list, char *str)
   7:func_list.c   **** {
  28              		.loc 1 7 0
  29              		.cfi_startproc
  30              		@ args = 0, pretend = 0, frame = 24
  31              		@ frame_needed = 0, uses_anonymous_args = 0
  32              	.LVL0:
  33 0000 10B5     		push	{r4, lr}
  34              		.cfi_def_cfa_offset 8
  35              		.cfi_offset 4, -8
  36              		.cfi_offset 14, -4
  37 0002 0446     		mov	r4, r0
  38 0004 86B0     		sub	sp, sp, #24
  39              		.cfi_def_cfa_offset 32
   8:func_list.c   ****     int      i ;
   9:func_list.c   ****     func_ptr ptr = 0 ;
  10:func_list.c   ****     char cmd[CMD_LENGTH+1] ;
  11:func_list.c   ****     
  12:func_list.c   ****     sscanf(str, "%s", cmd) ;
  40              		.loc 1 12 0
  41 0006 0846     		mov	r0, r1
  42              	.LVL1:
  43 0008 01AA     		add	r2, sp, #4
  44 000a 0849     		ldr	r1, .L12
  45              	.LVL2:
ARM GAS  C:\Users\ingan\AppData\Local\Temp\ccLrqxzm.s 			page 2


  46 000c FFF7FEFF 		bl	sscanf
  47              	.LVL3:
  13:func_list.c   ****     for (i = 0 ; list[i].name ; i++ ) {
  48              		.loc 1 13 0
  49 0010 2068     		ldr	r0, [r4]
  50 0012 18B9     		cbnz	r0, .L3
  51 0014 07E0     		b	.L2
  52              	.LVL4:
  53              	.L11:
  54              		.loc 1 13 0 is_stmt 0 discriminator 2
  55 0016 54F80C0F 		ldr	r0, [r4, #12]!
  56 001a 20B1     		cbz	r0, .L2
  57              	.L3:
  14:func_list.c   ****         if (strcmp(list[i].name, cmd) == 0) {
  58              		.loc 1 14 0 is_stmt 1
  59 001c 01A9     		add	r1, sp, #4
  60 001e FFF7FEFF 		bl	strcmp
  61              	.LVL5:
  62 0022 0028     		cmp	r0, #0
  63 0024 F7D1     		bne	.L11
  64              	.L2:
  65              	.LVL6:
  15:func_list.c   ****             break ;
  16:func_list.c   ****         }
  17:func_list.c   ****     }
  18:func_list.c   ****     ptr = list[i].func ;
  19:func_list.c   ****     
  20:func_list.c   ****     return( ptr ) ;
  21:func_list.c   **** }
  66              		.loc 1 21 0
  67 0026 6068     		ldr	r0, [r4, #4]
  68 0028 06B0     		add	sp, sp, #24
  69              		.cfi_def_cfa_offset 8
  70              		@ sp needed
  71 002a 10BD     		pop	{r4, pc}
  72              	.LVL7:
  73              	.L13:
  74              		.align	2
  75              	.L12:
  76 002c 00000000 		.word	.LC0
  77              		.cfi_endproc
  78              	.LFE64:
  79              		.size	get_func, .-get_func
  80              		.section	.text.show_help,"ax",%progbits
  81              		.align	2
  82              		.global	show_help
  83              		.thumb
  84              		.thumb_func
  85              		.type	show_help, %function
  86              	show_help:
  87              	.LFB65:
  22:func_list.c   **** 
  23:func_list.c   **** void show_help(f_list_type *list)
  24:func_list.c   **** {
  88              		.loc 1 24 0
  89              		.cfi_startproc
  90              		@ args = 0, pretend = 0, frame = 0
ARM GAS  C:\Users\ingan\AppData\Local\Temp\ccLrqxzm.s 			page 3


  91              		@ frame_needed = 0, uses_anonymous_args = 0
  92              	.LVL8:
  93 0000 10B5     		push	{r4, lr}
  94              		.cfi_def_cfa_offset 8
  95              		.cfi_offset 4, -8
  96              		.cfi_offset 14, -4
  97              		.loc 1 24 0
  98 0002 0446     		mov	r4, r0
  25:func_list.c   ****     int i ;
  26:func_list.c   ****     
  27:func_list.c   ****     print("=== command ===\n\r") ;
  99              		.loc 1 27 0
 100 0004 0C48     		ldr	r0, .L20
 101              	.LVL9:
 102 0006 FFF7FEFF 		bl	print
 103              	.LVL10:
  28:func_list.c   ****     for (i = 0 ; list[i].name ; i++ ) {
 104              		.loc 1 28 0
 105 000a 2068     		ldr	r0, [r4]
 106 000c 70B1     		cbz	r0, .L17
 107              	.LVL11:
 108              	.L16:
  29:func_list.c   ****         print(list[i].name) ;
 109              		.loc 1 29 0 discriminator 3
 110 000e FFF7FEFF 		bl	print
 111              	.LVL12:
  30:func_list.c   ****         print(" : ") ;
 112              		.loc 1 30 0 discriminator 3
 113 0012 0A48     		ldr	r0, .L20+4
 114 0014 FFF7FEFF 		bl	print
 115              	.LVL13:
  31:func_list.c   ****         print(list[i].description) ;
 116              		.loc 1 31 0 discriminator 3
 117 0018 A068     		ldr	r0, [r4, #8]
 118 001a FFF7FEFF 		bl	print
 119              	.LVL14:
  32:func_list.c   ****         print("\n\r") ;
 120              		.loc 1 32 0 discriminator 3
 121 001e 0848     		ldr	r0, .L20+8
 122 0020 FFF7FEFF 		bl	print
 123              	.LVL15:
  28:func_list.c   ****         print(list[i].name) ;
 124              		.loc 1 28 0 discriminator 3
 125 0024 54F80C0F 		ldr	r0, [r4, #12]!
 126 0028 0028     		cmp	r0, #0
 127 002a F0D1     		bne	.L16
 128              	.L17:
  33:func_list.c   ****     }
  34:func_list.c   ****     print("===============\n\r") ;    
 129              		.loc 1 34 0
 130 002c 0548     		ldr	r0, .L20+12
  35:func_list.c   **** }...
 131              		.loc 1 35 0
 132 002e BDE81040 		pop	{r4, lr}
 133              		.cfi_restore 14
 134              		.cfi_restore 4
 135              		.cfi_def_cfa_offset 0
ARM GAS  C:\Users\ingan\AppData\Local\Temp\ccLrqxzm.s 			page 4


  34:func_list.c   ****     print("===============\n\r") ;    
 136              		.loc 1 34 0
 137 0032 FFF7FEBF 		b	print
 138              	.LVL16:
 139              	.L21:
 140 0036 00BF     		.align	2
 141              	.L20:
 142 0038 04000000 		.word	.LC1
 143 003c 2C000000 		.word	.LC3
 144 0040 30000000 		.word	.LC4
 145 0044 18000000 		.word	.LC2
 146              		.cfi_endproc
 147              	.LFE65:
 148              		.size	show_help, .-show_help
 149              		.section	.rodata.str1.4,"aMS",%progbits,1
 150              		.align	2
 151              	.LC0:
 152 0000 257300   		.ascii	"%s\000"
 153 0003 00       		.space	1
 154              	.LC1:
 155 0004 3D3D3D20 		.ascii	"=== command ===\012\015\000"
 155      636F6D6D 
 155      616E6420 
 155      3D3D3D0A 
 155      0D00
 156 0016 0000     		.space	2
 157              	.LC2:
 158 0018 3D3D3D3D 		.ascii	"===============\012\015\000"
 158      3D3D3D3D 
 158      3D3D3D3D 
 158      3D3D3D0A 
 158      0D00
 159 002a 0000     		.space	2
 160              	.LC3:
 161 002c 203A2000 		.ascii	" : \000"
 162              	.LC4:
 163 0030 0A0D00   		.ascii	"\012\015\000"
 164              		.text
 165              	.Letext0:
 166              		.file 2 "c:\\program files (x86)\\cypress\\psoc creator\\4.2\\psoc creator\\import\\gnu\\arm\\5.4.
 167              		.file 3 "c:\\program files (x86)\\cypress\\psoc creator\\4.2\\psoc creator\\import\\gnu\\arm\\5.4.
 168              		.file 4 "func_list.h"
 169              		.file 5 "c:\\program files (x86)\\cypress\\psoc creator\\4.2\\psoc creator\\import\\gnu\\arm\\5.4.
 170              		.file 6 "c:\\program files (x86)\\cypress\\psoc creator\\4.2\\psoc creator\\import\\gnu\\arm\\5.4.
 171              		.file 7 "tty_utils.h"
 172              		.file 8 "Generated_Source\\PSoC5/core_cm3.h"
 173              		.section	.debug_info,"",%progbits
 174              	.Ldebug_info0:
 175 0000 6F020000 		.4byte	0x26f
 176 0004 0400     		.2byte	0x4
 177 0006 00000000 		.4byte	.Ldebug_abbrev0
 178 000a 04       		.byte	0x4
 179 000b 01       		.uleb128 0x1
 180 000c 07000000 		.4byte	.LASF25
 181 0010 0C       		.byte	0xc
 182 0011 F9000000 		.4byte	.LASF26
 183 0015 80010000 		.4byte	.LASF27
ARM GAS  C:\Users\ingan\AppData\Local\Temp\ccLrqxzm.s 			page 5


 184 0019 00000000 		.4byte	.Ldebug_ranges0+0
 185 001d 00000000 		.4byte	0
 186 0021 00000000 		.4byte	.Ldebug_line0
 187 0025 02       		.uleb128 0x2
 188 0026 01       		.byte	0x1
 189 0027 06       		.byte	0x6
 190 0028 F6010000 		.4byte	.LASF0
 191 002c 02       		.uleb128 0x2
 192 002d 01       		.byte	0x1
 193 002e 08       		.byte	0x8
 194 002f EB000000 		.4byte	.LASF1
 195 0033 02       		.uleb128 0x2
 196 0034 02       		.byte	0x2
 197 0035 05       		.byte	0x5
 198 0036 D2010000 		.4byte	.LASF2
 199 003a 02       		.uleb128 0x2
 200 003b 02       		.byte	0x2
 201 003c 07       		.byte	0x7
 202 003d AB000000 		.4byte	.LASF3
 203 0041 03       		.uleb128 0x3
 204 0042 95000000 		.4byte	.LASF9
 205 0046 02       		.byte	0x2
 206 0047 3F       		.byte	0x3f
 207 0048 4C000000 		.4byte	0x4c
 208 004c 02       		.uleb128 0x2
 209 004d 04       		.byte	0x4
 210 004e 05       		.byte	0x5
 211 004f DC010000 		.4byte	.LASF4
 212 0053 02       		.uleb128 0x2
 213 0054 04       		.byte	0x4
 214 0055 07       		.byte	0x7
 215 0056 05010000 		.4byte	.LASF5
 216 005a 02       		.uleb128 0x2
 217 005b 08       		.byte	0x8
 218 005c 05       		.byte	0x5
 219 005d 72010000 		.4byte	.LASF6
 220 0061 02       		.uleb128 0x2
 221 0062 08       		.byte	0x8
 222 0063 07       		.byte	0x7
 223 0064 4B010000 		.4byte	.LASF7
 224 0068 04       		.uleb128 0x4
 225 0069 04       		.byte	0x4
 226 006a 05       		.byte	0x5
 227 006b 696E7400 		.ascii	"int\000"
 228 006f 02       		.uleb128 0x2
 229 0070 04       		.byte	0x4
 230 0071 07       		.byte	0x7
 231 0072 3E010000 		.4byte	.LASF8
 232 0076 03       		.uleb128 0x3
 233 0077 D1000000 		.4byte	.LASF10
 234 007b 03       		.byte	0x3
 235 007c 2C       		.byte	0x2c
 236 007d 41000000 		.4byte	0x41
 237 0081 02       		.uleb128 0x2
 238 0082 04       		.byte	0x4
 239 0083 04       		.byte	0x4
 240 0084 D9000000 		.4byte	.LASF11
ARM GAS  C:\Users\ingan\AppData\Local\Temp\ccLrqxzm.s 			page 6


 241 0088 02       		.uleb128 0x2
 242 0089 08       		.byte	0x8
 243 008a 04       		.byte	0x4
 244 008b 29010000 		.4byte	.LASF12
 245 008f 02       		.uleb128 0x2
 246 0090 01       		.byte	0x1
 247 0091 08       		.byte	0x8
 248 0092 E5010000 		.4byte	.LASF13
 249 0096 05       		.uleb128 0x5
 250 0097 04       		.byte	0x4
 251 0098 9C000000 		.4byte	0x9c
 252 009c 06       		.uleb128 0x6
 253 009d 02       		.uleb128 0x2
 254 009e 08       		.byte	0x8
 255 009f 04       		.byte	0x4
 256 00a0 EA010000 		.4byte	.LASF14
 257 00a4 02       		.uleb128 0x2
 258 00a5 04       		.byte	0x4
 259 00a6 07       		.byte	0x7
 260 00a7 69010000 		.4byte	.LASF15
 261 00ab 05       		.uleb128 0x5
 262 00ac 04       		.byte	0x4
 263 00ad 8F000000 		.4byte	0x8f
 264 00b1 03       		.uleb128 0x3
 265 00b2 C8000000 		.4byte	.LASF16
 266 00b6 04       		.byte	0x4
 267 00b7 07       		.byte	0x7
 268 00b8 96000000 		.4byte	0x96
 269 00bc 07       		.uleb128 0x7
 270 00bd 9F000000 		.4byte	.LASF28
 271 00c1 0C       		.byte	0xc
 272 00c2 04       		.byte	0x4
 273 00c3 09       		.byte	0x9
 274 00c4 ED000000 		.4byte	0xed
 275 00c8 08       		.uleb128 0x8
 276 00c9 02020000 		.4byte	.LASF17
 277 00cd 04       		.byte	0x4
 278 00ce 0A       		.byte	0xa
 279 00cf AB000000 		.4byte	0xab
 280 00d3 00       		.byte	0
 281 00d4 08       		.uleb128 0x8
 282 00d5 30010000 		.4byte	.LASF18
 283 00d9 04       		.byte	0x4
 284 00da 0B       		.byte	0xb
 285 00db B1000000 		.4byte	0xb1
 286 00df 04       		.byte	0x4
 287 00e0 08       		.uleb128 0x8
 288 00e1 DF000000 		.4byte	.LASF19
 289 00e5 04       		.byte	0x4
 290 00e6 0C       		.byte	0xc
 291 00e7 AB000000 		.4byte	0xab
 292 00eb 08       		.byte	0x8
 293 00ec 00       		.byte	0
 294 00ed 03       		.uleb128 0x3
 295 00ee 07020000 		.4byte	.LASF20
 296 00f2 04       		.byte	0x4
 297 00f3 0D       		.byte	0xd
ARM GAS  C:\Users\ingan\AppData\Local\Temp\ccLrqxzm.s 			page 7


 298 00f4 BC000000 		.4byte	0xbc
 299 00f8 09       		.uleb128 0x9
 300 00f9 35010000 		.4byte	.LASF29
 301 00fd 01       		.byte	0x1
 302 00fe 06       		.byte	0x6
 303 00ff B1000000 		.4byte	0xb1
 304 0103 00000000 		.4byte	.LFB64
 305 0107 30000000 		.4byte	.LFE64-.LFB64
 306 010b 01       		.uleb128 0x1
 307 010c 9C       		.byte	0x9c
 308 010d 8E010000 		.4byte	0x18e
 309 0111 0A       		.uleb128 0xa
 310 0112 17010000 		.4byte	.LASF21
 311 0116 01       		.byte	0x1
 312 0117 06       		.byte	0x6
 313 0118 8E010000 		.4byte	0x18e
 314 011c 00000000 		.4byte	.LLST0
 315 0120 0B       		.uleb128 0xb
 316 0121 73747200 		.ascii	"str\000"
 317 0125 01       		.byte	0x1
 318 0126 06       		.byte	0x6
 319 0127 AB000000 		.4byte	0xab
 320 012b 2C000000 		.4byte	.LLST1
 321 012f 0C       		.uleb128 0xc
 322 0130 6900     		.ascii	"i\000"
 323 0132 01       		.byte	0x1
 324 0133 08       		.byte	0x8
 325 0134 68000000 		.4byte	0x68
 326 0138 58000000 		.4byte	.LLST2
 327 013c 0C       		.uleb128 0xc
 328 013d 70747200 		.ascii	"ptr\000"
 329 0141 01       		.byte	0x1
 330 0142 09       		.byte	0x9
 331 0143 B1000000 		.4byte	0xb1
 332 0147 6C000000 		.4byte	.LLST3
 333 014b 0D       		.uleb128 0xd
 334 014c 636D6400 		.ascii	"cmd\000"
 335 0150 01       		.byte	0x1
 336 0151 0A       		.byte	0xa
 337 0152 94010000 		.4byte	0x194
 338 0156 02       		.uleb128 0x2
 339 0157 91       		.byte	0x91
 340 0158 64       		.sleb128 -28
 341 0159 0E       		.uleb128 0xe
 342 015a 10000000 		.4byte	.LVL3
 343 015e 51020000 		.4byte	0x251
 344 0162 7D010000 		.4byte	0x17d
 345 0166 0F       		.uleb128 0xf
 346 0167 01       		.uleb128 0x1
 347 0168 50       		.byte	0x50
 348 0169 03       		.uleb128 0x3
 349 016a F3       		.byte	0xf3
 350 016b 01       		.uleb128 0x1
 351 016c 51       		.byte	0x51
 352 016d 0F       		.uleb128 0xf
 353 016e 01       		.uleb128 0x1
 354 016f 51       		.byte	0x51
ARM GAS  C:\Users\ingan\AppData\Local\Temp\ccLrqxzm.s 			page 8


 355 0170 05       		.uleb128 0x5
 356 0171 03       		.byte	0x3
 357 0172 00000000 		.4byte	.LC0
 358 0176 0F       		.uleb128 0xf
 359 0177 01       		.uleb128 0x1
 360 0178 52       		.byte	0x52
 361 0179 02       		.uleb128 0x2
 362 017a 91       		.byte	0x91
 363 017b 64       		.sleb128 -28
 364 017c 00       		.byte	0
 365 017d 10       		.uleb128 0x10
 366 017e 22000000 		.4byte	.LVL5
 367 0182 5C020000 		.4byte	0x25c
 368 0186 0F       		.uleb128 0xf
 369 0187 01       		.uleb128 0x1
 370 0188 51       		.byte	0x51
 371 0189 02       		.uleb128 0x2
 372 018a 91       		.byte	0x91
 373 018b 64       		.sleb128 -28
 374 018c 00       		.byte	0
 375 018d 00       		.byte	0
 376 018e 05       		.uleb128 0x5
 377 018f 04       		.byte	0x4
 378 0190 ED000000 		.4byte	0xed
 379 0194 11       		.uleb128 0x11
 380 0195 8F000000 		.4byte	0x8f
 381 0199 A4010000 		.4byte	0x1a4
 382 019d 12       		.uleb128 0x12
 383 019e A4000000 		.4byte	0xa4
 384 01a2 10       		.byte	0x10
 385 01a3 00       		.byte	0
 386 01a4 13       		.uleb128 0x13
 387 01a5 BE000000 		.4byte	.LASF30
 388 01a9 01       		.byte	0x1
 389 01aa 17       		.byte	0x17
 390 01ab 00000000 		.4byte	.LFB65
 391 01af 48000000 		.4byte	.LFE65-.LFB65
 392 01b3 01       		.uleb128 0x1
 393 01b4 9C       		.byte	0x9c
 394 01b5 40020000 		.4byte	0x240
 395 01b9 0A       		.uleb128 0xa
 396 01ba 17010000 		.4byte	.LASF21
 397 01be 01       		.byte	0x1
 398 01bf 17       		.byte	0x17
 399 01c0 8E010000 		.4byte	0x18e
 400 01c4 97000000 		.4byte	.LLST4
 401 01c8 0C       		.uleb128 0xc
 402 01c9 6900     		.ascii	"i\000"
 403 01cb 01       		.byte	0x1
 404 01cc 19       		.byte	0x19
 405 01cd 68000000 		.4byte	0x68
 406 01d1 C3000000 		.4byte	.LLST5
 407 01d5 0E       		.uleb128 0xe
 408 01d6 0A000000 		.4byte	.LVL10
 409 01da 67020000 		.4byte	0x267
 410 01de EC010000 		.4byte	0x1ec
 411 01e2 0F       		.uleb128 0xf
ARM GAS  C:\Users\ingan\AppData\Local\Temp\ccLrqxzm.s 			page 9


 412 01e3 01       		.uleb128 0x1
 413 01e4 50       		.byte	0x50
 414 01e5 05       		.uleb128 0x5
 415 01e6 03       		.byte	0x3
 416 01e7 04000000 		.4byte	.LC1
 417 01eb 00       		.byte	0
 418 01ec 14       		.uleb128 0x14
 419 01ed 12000000 		.4byte	.LVL12
 420 01f1 67020000 		.4byte	0x267
 421 01f5 0E       		.uleb128 0xe
 422 01f6 18000000 		.4byte	.LVL13
 423 01fa 67020000 		.4byte	0x267
 424 01fe 0C020000 		.4byte	0x20c
 425 0202 0F       		.uleb128 0xf
 426 0203 01       		.uleb128 0x1
 427 0204 50       		.byte	0x50
 428 0205 05       		.uleb128 0x5
 429 0206 03       		.byte	0x3
 430 0207 2C000000 		.4byte	.LC3
 431 020b 00       		.byte	0
 432 020c 14       		.uleb128 0x14
 433 020d 1E000000 		.4byte	.LVL14
 434 0211 67020000 		.4byte	0x267
 435 0215 0E       		.uleb128 0xe
 436 0216 24000000 		.4byte	.LVL15
 437 021a 67020000 		.4byte	0x267
 438 021e 2C020000 		.4byte	0x22c
 439 0222 0F       		.uleb128 0xf
 440 0223 01       		.uleb128 0x1
 441 0224 50       		.byte	0x50
 442 0225 05       		.uleb128 0x5
 443 0226 03       		.byte	0x3
 444 0227 30000000 		.4byte	.LC4
 445 022b 00       		.byte	0
 446 022c 15       		.uleb128 0x15
 447 022d 36000000 		.4byte	.LVL16
 448 0231 67020000 		.4byte	0x267
 449 0235 0F       		.uleb128 0xf
 450 0236 01       		.uleb128 0x1
 451 0237 50       		.byte	0x50
 452 0238 05       		.uleb128 0x5
 453 0239 03       		.byte	0x3
 454 023a 18000000 		.4byte	.LC2
 455 023e 00       		.byte	0
 456 023f 00       		.byte	0
 457 0240 16       		.uleb128 0x16
 458 0241 1C010000 		.4byte	.LASF31
 459 0245 08       		.byte	0x8
 460 0246 1207     		.2byte	0x712
 461 0248 4C020000 		.4byte	0x24c
 462 024c 17       		.uleb128 0x17
 463 024d 76000000 		.4byte	0x76
 464 0251 18       		.uleb128 0x18
 465 0252 00000000 		.4byte	.LASF22
 466 0256 00000000 		.4byte	.LASF22
 467 025a 05       		.byte	0x5
 468 025b BF       		.byte	0xbf
ARM GAS  C:\Users\ingan\AppData\Local\Temp\ccLrqxzm.s 			page 10


 469 025c 18       		.uleb128 0x18
 470 025d 62010000 		.4byte	.LASF23
 471 0261 62010000 		.4byte	.LASF23
 472 0265 06       		.byte	0x6
 473 0266 1C       		.byte	0x1c
 474 0267 18       		.uleb128 0x18
 475 0268 CC010000 		.4byte	.LASF24
 476 026c CC010000 		.4byte	.LASF24
 477 0270 07       		.byte	0x7
 478 0271 0F       		.byte	0xf
 479 0272 00       		.byte	0
 480              		.section	.debug_abbrev,"",%progbits
 481              	.Ldebug_abbrev0:
 482 0000 01       		.uleb128 0x1
 483 0001 11       		.uleb128 0x11
 484 0002 01       		.byte	0x1
 485 0003 25       		.uleb128 0x25
 486 0004 0E       		.uleb128 0xe
 487 0005 13       		.uleb128 0x13
 488 0006 0B       		.uleb128 0xb
 489 0007 03       		.uleb128 0x3
 490 0008 0E       		.uleb128 0xe
 491 0009 1B       		.uleb128 0x1b
 492 000a 0E       		.uleb128 0xe
 493 000b 55       		.uleb128 0x55
 494 000c 17       		.uleb128 0x17
 495 000d 11       		.uleb128 0x11
 496 000e 01       		.uleb128 0x1
 497 000f 10       		.uleb128 0x10
 498 0010 17       		.uleb128 0x17
 499 0011 00       		.byte	0
 500 0012 00       		.byte	0
 501 0013 02       		.uleb128 0x2
 502 0014 24       		.uleb128 0x24
 503 0015 00       		.byte	0
 504 0016 0B       		.uleb128 0xb
 505 0017 0B       		.uleb128 0xb
 506 0018 3E       		.uleb128 0x3e
 507 0019 0B       		.uleb128 0xb
 508 001a 03       		.uleb128 0x3
 509 001b 0E       		.uleb128 0xe
 510 001c 00       		.byte	0
 511 001d 00       		.byte	0
 512 001e 03       		.uleb128 0x3
 513 001f 16       		.uleb128 0x16
 514 0020 00       		.byte	0
 515 0021 03       		.uleb128 0x3
 516 0022 0E       		.uleb128 0xe
 517 0023 3A       		.uleb128 0x3a
 518 0024 0B       		.uleb128 0xb
 519 0025 3B       		.uleb128 0x3b
 520 0026 0B       		.uleb128 0xb
 521 0027 49       		.uleb128 0x49
 522 0028 13       		.uleb128 0x13
 523 0029 00       		.byte	0
 524 002a 00       		.byte	0
 525 002b 04       		.uleb128 0x4
ARM GAS  C:\Users\ingan\AppData\Local\Temp\ccLrqxzm.s 			page 11


 526 002c 24       		.uleb128 0x24
 527 002d 00       		.byte	0
 528 002e 0B       		.uleb128 0xb
 529 002f 0B       		.uleb128 0xb
 530 0030 3E       		.uleb128 0x3e
 531 0031 0B       		.uleb128 0xb
 532 0032 03       		.uleb128 0x3
 533 0033 08       		.uleb128 0x8
 534 0034 00       		.byte	0
 535 0035 00       		.byte	0
 536 0036 05       		.uleb128 0x5
 537 0037 0F       		.uleb128 0xf
 538 0038 00       		.byte	0
 539 0039 0B       		.uleb128 0xb
 540 003a 0B       		.uleb128 0xb
 541 003b 49       		.uleb128 0x49
 542 003c 13       		.uleb128 0x13
 543 003d 00       		.byte	0
 544 003e 00       		.byte	0
 545 003f 06       		.uleb128 0x6
 546 0040 15       		.uleb128 0x15
 547 0041 00       		.byte	0
 548 0042 27       		.uleb128 0x27
 549 0043 19       		.uleb128 0x19
 550 0044 00       		.byte	0
 551 0045 00       		.byte	0
 552 0046 07       		.uleb128 0x7
 553 0047 13       		.uleb128 0x13
 554 0048 01       		.byte	0x1
 555 0049 03       		.uleb128 0x3
 556 004a 0E       		.uleb128 0xe
 557 004b 0B       		.uleb128 0xb
 558 004c 0B       		.uleb128 0xb
 559 004d 3A       		.uleb128 0x3a
 560 004e 0B       		.uleb128 0xb
 561 004f 3B       		.uleb128 0x3b
 562 0050 0B       		.uleb128 0xb
 563 0051 01       		.uleb128 0x1
 564 0052 13       		.uleb128 0x13
 565 0053 00       		.byte	0
 566 0054 00       		.byte	0
 567 0055 08       		.uleb128 0x8
 568 0056 0D       		.uleb128 0xd
 569 0057 00       		.byte	0
 570 0058 03       		.uleb128 0x3
 571 0059 0E       		.uleb128 0xe
 572 005a 3A       		.uleb128 0x3a
 573 005b 0B       		.uleb128 0xb
 574 005c 3B       		.uleb128 0x3b
 575 005d 0B       		.uleb128 0xb
 576 005e 49       		.uleb128 0x49
 577 005f 13       		.uleb128 0x13
 578 0060 38       		.uleb128 0x38
 579 0061 0B       		.uleb128 0xb
 580 0062 00       		.byte	0
 581 0063 00       		.byte	0
 582 0064 09       		.uleb128 0x9
ARM GAS  C:\Users\ingan\AppData\Local\Temp\ccLrqxzm.s 			page 12


 583 0065 2E       		.uleb128 0x2e
 584 0066 01       		.byte	0x1
 585 0067 3F       		.uleb128 0x3f
 586 0068 19       		.uleb128 0x19
 587 0069 03       		.uleb128 0x3
 588 006a 0E       		.uleb128 0xe
 589 006b 3A       		.uleb128 0x3a
 590 006c 0B       		.uleb128 0xb
 591 006d 3B       		.uleb128 0x3b
 592 006e 0B       		.uleb128 0xb
 593 006f 27       		.uleb128 0x27
 594 0070 19       		.uleb128 0x19
 595 0071 49       		.uleb128 0x49
 596 0072 13       		.uleb128 0x13
 597 0073 11       		.uleb128 0x11
 598 0074 01       		.uleb128 0x1
 599 0075 12       		.uleb128 0x12
 600 0076 06       		.uleb128 0x6
 601 0077 40       		.uleb128 0x40
 602 0078 18       		.uleb128 0x18
 603 0079 9742     		.uleb128 0x2117
 604 007b 19       		.uleb128 0x19
 605 007c 01       		.uleb128 0x1
 606 007d 13       		.uleb128 0x13
 607 007e 00       		.byte	0
 608 007f 00       		.byte	0
 609 0080 0A       		.uleb128 0xa
 610 0081 05       		.uleb128 0x5
 611 0082 00       		.byte	0
 612 0083 03       		.uleb128 0x3
 613 0084 0E       		.uleb128 0xe
 614 0085 3A       		.uleb128 0x3a
 615 0086 0B       		.uleb128 0xb
 616 0087 3B       		.uleb128 0x3b
 617 0088 0B       		.uleb128 0xb
 618 0089 49       		.uleb128 0x49
 619 008a 13       		.uleb128 0x13
 620 008b 02       		.uleb128 0x2
 621 008c 17       		.uleb128 0x17
 622 008d 00       		.byte	0
 623 008e 00       		.byte	0
 624 008f 0B       		.uleb128 0xb
 625 0090 05       		.uleb128 0x5
 626 0091 00       		.byte	0
 627 0092 03       		.uleb128 0x3
 628 0093 08       		.uleb128 0x8
 629 0094 3A       		.uleb128 0x3a
 630 0095 0B       		.uleb128 0xb
 631 0096 3B       		.uleb128 0x3b
 632 0097 0B       		.uleb128 0xb
 633 0098 49       		.uleb128 0x49
 634 0099 13       		.uleb128 0x13
 635 009a 02       		.uleb128 0x2
 636 009b 17       		.uleb128 0x17
 637 009c 00       		.byte	0
 638 009d 00       		.byte	0
 639 009e 0C       		.uleb128 0xc
ARM GAS  C:\Users\ingan\AppData\Local\Temp\ccLrqxzm.s 			page 13


 640 009f 34       		.uleb128 0x34
 641 00a0 00       		.byte	0
 642 00a1 03       		.uleb128 0x3
 643 00a2 08       		.uleb128 0x8
 644 00a3 3A       		.uleb128 0x3a
 645 00a4 0B       		.uleb128 0xb
 646 00a5 3B       		.uleb128 0x3b
 647 00a6 0B       		.uleb128 0xb
 648 00a7 49       		.uleb128 0x49
 649 00a8 13       		.uleb128 0x13
 650 00a9 02       		.uleb128 0x2
 651 00aa 17       		.uleb128 0x17
 652 00ab 00       		.byte	0
 653 00ac 00       		.byte	0
 654 00ad 0D       		.uleb128 0xd
 655 00ae 34       		.uleb128 0x34
 656 00af 00       		.byte	0
 657 00b0 03       		.uleb128 0x3
 658 00b1 08       		.uleb128 0x8
 659 00b2 3A       		.uleb128 0x3a
 660 00b3 0B       		.uleb128 0xb
 661 00b4 3B       		.uleb128 0x3b
 662 00b5 0B       		.uleb128 0xb
 663 00b6 49       		.uleb128 0x49
 664 00b7 13       		.uleb128 0x13
 665 00b8 02       		.uleb128 0x2
 666 00b9 18       		.uleb128 0x18
 667 00ba 00       		.byte	0
 668 00bb 00       		.byte	0
 669 00bc 0E       		.uleb128 0xe
 670 00bd 898201   		.uleb128 0x4109
 671 00c0 01       		.byte	0x1
 672 00c1 11       		.uleb128 0x11
 673 00c2 01       		.uleb128 0x1
 674 00c3 31       		.uleb128 0x31
 675 00c4 13       		.uleb128 0x13
 676 00c5 01       		.uleb128 0x1
 677 00c6 13       		.uleb128 0x13
 678 00c7 00       		.byte	0
 679 00c8 00       		.byte	0
 680 00c9 0F       		.uleb128 0xf
 681 00ca 8A8201   		.uleb128 0x410a
 682 00cd 00       		.byte	0
 683 00ce 02       		.uleb128 0x2
 684 00cf 18       		.uleb128 0x18
 685 00d0 9142     		.uleb128 0x2111
 686 00d2 18       		.uleb128 0x18
 687 00d3 00       		.byte	0
 688 00d4 00       		.byte	0
 689 00d5 10       		.uleb128 0x10
 690 00d6 898201   		.uleb128 0x4109
 691 00d9 01       		.byte	0x1
 692 00da 11       		.uleb128 0x11
 693 00db 01       		.uleb128 0x1
 694 00dc 31       		.uleb128 0x31
 695 00dd 13       		.uleb128 0x13
 696 00de 00       		.byte	0
ARM GAS  C:\Users\ingan\AppData\Local\Temp\ccLrqxzm.s 			page 14


 697 00df 00       		.byte	0
 698 00e0 11       		.uleb128 0x11
 699 00e1 01       		.uleb128 0x1
 700 00e2 01       		.byte	0x1
 701 00e3 49       		.uleb128 0x49
 702 00e4 13       		.uleb128 0x13
 703 00e5 01       		.uleb128 0x1
 704 00e6 13       		.uleb128 0x13
 705 00e7 00       		.byte	0
 706 00e8 00       		.byte	0
 707 00e9 12       		.uleb128 0x12
 708 00ea 21       		.uleb128 0x21
 709 00eb 00       		.byte	0
 710 00ec 49       		.uleb128 0x49
 711 00ed 13       		.uleb128 0x13
 712 00ee 2F       		.uleb128 0x2f
 713 00ef 0B       		.uleb128 0xb
 714 00f0 00       		.byte	0
 715 00f1 00       		.byte	0
 716 00f2 13       		.uleb128 0x13
 717 00f3 2E       		.uleb128 0x2e
 718 00f4 01       		.byte	0x1
 719 00f5 3F       		.uleb128 0x3f
 720 00f6 19       		.uleb128 0x19
 721 00f7 03       		.uleb128 0x3
 722 00f8 0E       		.uleb128 0xe
 723 00f9 3A       		.uleb128 0x3a
 724 00fa 0B       		.uleb128 0xb
 725 00fb 3B       		.uleb128 0x3b
 726 00fc 0B       		.uleb128 0xb
 727 00fd 27       		.uleb128 0x27
 728 00fe 19       		.uleb128 0x19
 729 00ff 11       		.uleb128 0x11
 730 0100 01       		.uleb128 0x1
 731 0101 12       		.uleb128 0x12
 732 0102 06       		.uleb128 0x6
 733 0103 40       		.uleb128 0x40
 734 0104 18       		.uleb128 0x18
 735 0105 9742     		.uleb128 0x2117
 736 0107 19       		.uleb128 0x19
 737 0108 01       		.uleb128 0x1
 738 0109 13       		.uleb128 0x13
 739 010a 00       		.byte	0
 740 010b 00       		.byte	0
 741 010c 14       		.uleb128 0x14
 742 010d 898201   		.uleb128 0x4109
 743 0110 00       		.byte	0
 744 0111 11       		.uleb128 0x11
 745 0112 01       		.uleb128 0x1
 746 0113 31       		.uleb128 0x31
 747 0114 13       		.uleb128 0x13
 748 0115 00       		.byte	0
 749 0116 00       		.byte	0
 750 0117 15       		.uleb128 0x15
 751 0118 898201   		.uleb128 0x4109
 752 011b 01       		.byte	0x1
 753 011c 11       		.uleb128 0x11
ARM GAS  C:\Users\ingan\AppData\Local\Temp\ccLrqxzm.s 			page 15


 754 011d 01       		.uleb128 0x1
 755 011e 9542     		.uleb128 0x2115
 756 0120 19       		.uleb128 0x19
 757 0121 31       		.uleb128 0x31
 758 0122 13       		.uleb128 0x13
 759 0123 00       		.byte	0
 760 0124 00       		.byte	0
 761 0125 16       		.uleb128 0x16
 762 0126 34       		.uleb128 0x34
 763 0127 00       		.byte	0
 764 0128 03       		.uleb128 0x3
 765 0129 0E       		.uleb128 0xe
 766 012a 3A       		.uleb128 0x3a
 767 012b 0B       		.uleb128 0xb
 768 012c 3B       		.uleb128 0x3b
 769 012d 05       		.uleb128 0x5
 770 012e 49       		.uleb128 0x49
 771 012f 13       		.uleb128 0x13
 772 0130 3F       		.uleb128 0x3f
 773 0131 19       		.uleb128 0x19
 774 0132 3C       		.uleb128 0x3c
 775 0133 19       		.uleb128 0x19
 776 0134 00       		.byte	0
 777 0135 00       		.byte	0
 778 0136 17       		.uleb128 0x17
 779 0137 35       		.uleb128 0x35
 780 0138 00       		.byte	0
 781 0139 49       		.uleb128 0x49
 782 013a 13       		.uleb128 0x13
 783 013b 00       		.byte	0
 784 013c 00       		.byte	0
 785 013d 18       		.uleb128 0x18
 786 013e 2E       		.uleb128 0x2e
 787 013f 00       		.byte	0
 788 0140 3F       		.uleb128 0x3f
 789 0141 19       		.uleb128 0x19
 790 0142 3C       		.uleb128 0x3c
 791 0143 19       		.uleb128 0x19
 792 0144 6E       		.uleb128 0x6e
 793 0145 0E       		.uleb128 0xe
 794 0146 03       		.uleb128 0x3
 795 0147 0E       		.uleb128 0xe
 796 0148 3A       		.uleb128 0x3a
 797 0149 0B       		.uleb128 0xb
 798 014a 3B       		.uleb128 0x3b
 799 014b 0B       		.uleb128 0xb
 800 014c 00       		.byte	0
 801 014d 00       		.byte	0
 802 014e 00       		.byte	0
 803              		.section	.debug_loc,"",%progbits
 804              	.Ldebug_loc0:
 805              	.LLST0:
 806 0000 00000000 		.4byte	.LVL0
 807 0004 08000000 		.4byte	.LVL1
 808 0008 0100     		.2byte	0x1
 809 000a 50       		.byte	0x50
 810 000b 08000000 		.4byte	.LVL1
ARM GAS  C:\Users\ingan\AppData\Local\Temp\ccLrqxzm.s 			page 16


 811 000f 16000000 		.4byte	.LVL4
 812 0013 0100     		.2byte	0x1
 813 0015 54       		.byte	0x54
 814 0016 16000000 		.4byte	.LVL4
 815 001a 30000000 		.4byte	.LFE64
 816 001e 0400     		.2byte	0x4
 817 0020 F3       		.byte	0xf3
 818 0021 01       		.uleb128 0x1
 819 0022 50       		.byte	0x50
 820 0023 9F       		.byte	0x9f
 821 0024 00000000 		.4byte	0
 822 0028 00000000 		.4byte	0
 823              	.LLST1:
 824 002c 00000000 		.4byte	.LVL0
 825 0030 0C000000 		.4byte	.LVL2
 826 0034 0100     		.2byte	0x1
 827 0036 51       		.byte	0x51
 828 0037 0C000000 		.4byte	.LVL2
 829 003b 0F000000 		.4byte	.LVL3-1
 830 003f 0100     		.2byte	0x1
 831 0041 50       		.byte	0x50
 832 0042 0F000000 		.4byte	.LVL3-1
 833 0046 30000000 		.4byte	.LFE64
 834 004a 0400     		.2byte	0x4
 835 004c F3       		.byte	0xf3
 836 004d 01       		.uleb128 0x1
 837 004e 51       		.byte	0x51
 838 004f 9F       		.byte	0x9f
 839 0050 00000000 		.4byte	0
 840 0054 00000000 		.4byte	0
 841              	.LLST2:
 842 0058 10000000 		.4byte	.LVL3
 843 005c 16000000 		.4byte	.LVL4
 844 0060 0200     		.2byte	0x2
 845 0062 30       		.byte	0x30
 846 0063 9F       		.byte	0x9f
 847 0064 00000000 		.4byte	0
 848 0068 00000000 		.4byte	0
 849              	.LLST3:
 850 006c 00000000 		.4byte	.LVL0
 851 0070 26000000 		.4byte	.LVL6
 852 0074 0200     		.2byte	0x2
 853 0076 30       		.byte	0x30
 854 0077 9F       		.byte	0x9f
 855 0078 26000000 		.4byte	.LVL6
 856 007c 2C000000 		.4byte	.LVL7
 857 0080 0200     		.2byte	0x2
 858 0082 74       		.byte	0x74
 859 0083 04       		.sleb128 4
 860 0084 2C000000 		.4byte	.LVL7
 861 0088 30000000 		.4byte	.LFE64
 862 008c 0100     		.2byte	0x1
 863 008e 50       		.byte	0x50
 864 008f 00000000 		.4byte	0
 865 0093 00000000 		.4byte	0
 866              	.LLST4:
 867 0097 00000000 		.4byte	.LVL8
ARM GAS  C:\Users\ingan\AppData\Local\Temp\ccLrqxzm.s 			page 17


 868 009b 06000000 		.4byte	.LVL9
 869 009f 0100     		.2byte	0x1
 870 00a1 50       		.byte	0x50
 871 00a2 06000000 		.4byte	.LVL9
 872 00a6 0E000000 		.4byte	.LVL11
 873 00aa 0100     		.2byte	0x1
 874 00ac 54       		.byte	0x54
 875 00ad 0E000000 		.4byte	.LVL11
 876 00b1 48000000 		.4byte	.LFE65
 877 00b5 0400     		.2byte	0x4
 878 00b7 F3       		.byte	0xf3
 879 00b8 01       		.uleb128 0x1
 880 00b9 50       		.byte	0x50
 881 00ba 9F       		.byte	0x9f
 882 00bb 00000000 		.4byte	0
 883 00bf 00000000 		.4byte	0
 884              	.LLST5:
 885 00c3 0A000000 		.4byte	.LVL10
 886 00c7 0E000000 		.4byte	.LVL11
 887 00cb 0200     		.2byte	0x2
 888 00cd 30       		.byte	0x30
 889 00ce 9F       		.byte	0x9f
 890 00cf 00000000 		.4byte	0
 891 00d3 00000000 		.4byte	0
 892              		.section	.debug_aranges,"",%progbits
 893 0000 24000000 		.4byte	0x24
 894 0004 0200     		.2byte	0x2
 895 0006 00000000 		.4byte	.Ldebug_info0
 896 000a 04       		.byte	0x4
 897 000b 00       		.byte	0
 898 000c 0000     		.2byte	0
 899 000e 0000     		.2byte	0
 900 0010 00000000 		.4byte	.LFB64
 901 0014 30000000 		.4byte	.LFE64-.LFB64
 902 0018 00000000 		.4byte	.LFB65
 903 001c 48000000 		.4byte	.LFE65-.LFB65
 904 0020 00000000 		.4byte	0
 905 0024 00000000 		.4byte	0
 906              		.section	.debug_ranges,"",%progbits
 907              	.Ldebug_ranges0:
 908 0000 00000000 		.4byte	.LFB64
 909 0004 30000000 		.4byte	.LFE64
 910 0008 00000000 		.4byte	.LFB65
 911 000c 48000000 		.4byte	.LFE65
 912 0010 00000000 		.4byte	0
 913 0014 00000000 		.4byte	0
 914              		.section	.debug_line,"",%progbits
 915              	.Ldebug_line0:
 916 0000 2D020000 		.section	.debug_str,"MS",%progbits,1
 916      0200E101 
 916      00000201 
 916      FB0E0D00 
 916      01010101 
 917              	.LASF22:
 918 0000 73736361 		.ascii	"sscanf\000"
 918      6E6600
 919              	.LASF25:
ARM GAS  C:\Users\ingan\AppData\Local\Temp\ccLrqxzm.s 			page 18


 920 0007 474E5520 		.ascii	"GNU C11 5.4.1 20160609 (release) [ARM/embedded-5-br"
 920      43313120 
 920      352E342E 
 920      31203230 
 920      31363036 
 921 003a 616E6368 		.ascii	"anch revision 237715] -mcpu=cortex-m3 -mthumb -g -O"
 921      20726576 
 921      6973696F 
 921      6E203233 
 921      37373135 
 922 006d 33202D66 		.ascii	"3 -ffunction-sections -ffat-lto-objects\000"
 922      66756E63 
 922      74696F6E 
 922      2D736563 
 922      74696F6E 
 923              	.LASF9:
 924 0095 5F5F696E 		.ascii	"__int32_t\000"
 924      7433325F 
 924      7400
 925              	.LASF28:
 926 009f 5F665F6C 		.ascii	"_f_list_st_\000"
 926      6973745F 
 926      73745F00 
 927              	.LASF3:
 928 00ab 73686F72 		.ascii	"short unsigned int\000"
 928      7420756E 
 928      7369676E 
 928      65642069 
 928      6E7400
 929              	.LASF30:
 930 00be 73686F77 		.ascii	"show_help\000"
 930      5F68656C 
 930      7000
 931              	.LASF16:
 932 00c8 66756E63 		.ascii	"func_ptr\000"
 932      5F707472 
 932      00
 933              	.LASF10:
 934 00d1 696E7433 		.ascii	"int32_t\000"
 934      325F7400 
 935              	.LASF11:
 936 00d9 666C6F61 		.ascii	"float\000"
 936      7400
 937              	.LASF19:
 938 00df 64657363 		.ascii	"description\000"
 938      72697074 
 938      696F6E00 
 939              	.LASF1:
 940 00eb 756E7369 		.ascii	"unsigned char\000"
 940      676E6564 
 940      20636861 
 940      7200
 941              	.LASF26:
 942 00f9 66756E63 		.ascii	"func_list.c\000"
 942      5F6C6973 
 942      742E6300 
 943              	.LASF5:
ARM GAS  C:\Users\ingan\AppData\Local\Temp\ccLrqxzm.s 			page 19


 944 0105 6C6F6E67 		.ascii	"long unsigned int\000"
 944      20756E73 
 944      69676E65 
 944      6420696E 
 944      7400
 945              	.LASF21:
 946 0117 6C697374 		.ascii	"list\000"
 946      00
 947              	.LASF31:
 948 011c 49544D5F 		.ascii	"ITM_RxBuffer\000"
 948      52784275 
 948      66666572 
 948      00
 949              	.LASF12:
 950 0129 646F7562 		.ascii	"double\000"
 950      6C6500
 951              	.LASF18:
 952 0130 66756E63 		.ascii	"func\000"
 952      00
 953              	.LASF29:
 954 0135 6765745F 		.ascii	"get_func\000"
 954      66756E63 
 954      00
 955              	.LASF8:
 956 013e 756E7369 		.ascii	"unsigned int\000"
 956      676E6564 
 956      20696E74 
 956      00
 957              	.LASF7:
 958 014b 6C6F6E67 		.ascii	"long long unsigned int\000"
 958      206C6F6E 
 958      6720756E 
 958      7369676E 
 958      65642069 
 959              	.LASF23:
 960 0162 73747263 		.ascii	"strcmp\000"
 960      6D7000
 961              	.LASF15:
 962 0169 73697A65 		.ascii	"sizetype\000"
 962      74797065 
 962      00
 963              	.LASF6:
 964 0172 6C6F6E67 		.ascii	"long long int\000"
 964      206C6F6E 
 964      6720696E 
 964      7400
 965              	.LASF27:
 966 0180 433A5C55 		.ascii	"C:\\Users\\ingan\\Documents\\PSoC Creator\\MegaDriv"
 966      73657273 
 966      5C696E67 
 966      616E5C44 
 966      6F63756D 
 967 01ae 655F706C 		.ascii	"e_player\\VGMPlayer_v0.6.cydsn\000"
 967      61796572 
 967      5C56474D 
 967      506C6179 
 967      65725F76 
ARM GAS  C:\Users\ingan\AppData\Local\Temp\ccLrqxzm.s 			page 20


 968              	.LASF24:
 969 01cc 7072696E 		.ascii	"print\000"
 969      7400
 970              	.LASF2:
 971 01d2 73686F72 		.ascii	"short int\000"
 971      7420696E 
 971      7400
 972              	.LASF4:
 973 01dc 6C6F6E67 		.ascii	"long int\000"
 973      20696E74 
 973      00
 974              	.LASF13:
 975 01e5 63686172 		.ascii	"char\000"
 975      00
 976              	.LASF14:
 977 01ea 6C6F6E67 		.ascii	"long double\000"
 977      20646F75 
 977      626C6500 
 978              	.LASF0:
 979 01f6 7369676E 		.ascii	"signed char\000"
 979      65642063 
 979      68617200 
 980              	.LASF17:
 981 0202 6E616D65 		.ascii	"name\000"
 981      00
 982              	.LASF20:
 983 0207 665F6C69 		.ascii	"f_list_type\000"
 983      73745F74 
 983      79706500 
 984              		.ident	"GCC: (GNU Tools for ARM Embedded Processors) 5.4.1 20160609 (release) [ARM/embedded-5-bran
