ARM GAS  C:\Users\ingan\AppData\Local\Temp\ccmiYkgB.s 			page 1


   1              		.syntax unified
   2              		.cpu cortex-m3
   3              		.fpu softvfp
   4              		.eabi_attribute 20, 1
   5              		.eabi_attribute 21, 1
   6              		.eabi_attribute 23, 3
   7              		.eabi_attribute 24, 1
   8              		.eabi_attribute 25, 1
   9              		.eabi_attribute 26, 1
  10              		.eabi_attribute 30, 2
  11              		.eabi_attribute 34, 1
  12              		.eabi_attribute 18, 4
  13              		.thumb
  14              		.syntax unified
  15              		.file	"USBUART_cls.c"
  16              		.text
  17              	.Ltext0:
  18              		.cfi_sections	.debug_frame
  19              		.section	.text.USBUART_DispatchClassRqst,"ax",%progbits
  20              		.align	2
  21              		.global	USBUART_DispatchClassRqst
  22              		.thumb
  23              		.thumb_func
  24              		.type	USBUART_DispatchClassRqst, %function
  25              	USBUART_DispatchClassRqst:
  26              	.LFB0:
  27              		.file 1 "Generated_Source\\PSoC5\\USBUART_cls.c"
   1:Generated_Source\PSoC5/USBUART_cls.c **** /***************************************************************************//**
   2:Generated_Source\PSoC5/USBUART_cls.c **** * \file USBUART_cls.c
   3:Generated_Source\PSoC5/USBUART_cls.c **** * \version 3.20
   4:Generated_Source\PSoC5/USBUART_cls.c **** *
   5:Generated_Source\PSoC5/USBUART_cls.c **** * \brief
   6:Generated_Source\PSoC5/USBUART_cls.c **** *  This file contains the USB Class request handler.
   7:Generated_Source\PSoC5/USBUART_cls.c **** *
   8:Generated_Source\PSoC5/USBUART_cls.c **** ********************************************************************************
   9:Generated_Source\PSoC5/USBUART_cls.c **** * \copyright
  10:Generated_Source\PSoC5/USBUART_cls.c **** * Copyright 2008-2016, Cypress Semiconductor Corporation.  All rights reserved.
  11:Generated_Source\PSoC5/USBUART_cls.c **** * You may use this file only in accordance with the license, terms, conditions,
  12:Generated_Source\PSoC5/USBUART_cls.c **** * disclaimers, and limitations in the end user license agreement accompanying
  13:Generated_Source\PSoC5/USBUART_cls.c **** * the software package with which this file was provided.
  14:Generated_Source\PSoC5/USBUART_cls.c **** *******************************************************************************/
  15:Generated_Source\PSoC5/USBUART_cls.c **** 
  16:Generated_Source\PSoC5/USBUART_cls.c **** #include "USBUART_pvt.h"
  17:Generated_Source\PSoC5/USBUART_cls.c **** #include "cyapicallbacks.h"
  18:Generated_Source\PSoC5/USBUART_cls.c **** 
  19:Generated_Source\PSoC5/USBUART_cls.c **** #if(USBUART_EXTERN_CLS == USBUART_FALSE)
  20:Generated_Source\PSoC5/USBUART_cls.c **** 
  21:Generated_Source\PSoC5/USBUART_cls.c **** /***************************************
  22:Generated_Source\PSoC5/USBUART_cls.c **** * User Implemented Class Driver Declarations.
  23:Generated_Source\PSoC5/USBUART_cls.c **** ***************************************/
  24:Generated_Source\PSoC5/USBUART_cls.c **** /* `#START USER_DEFINED_CLASS_DECLARATIONS` Place your declaration here */
  25:Generated_Source\PSoC5/USBUART_cls.c **** 
  26:Generated_Source\PSoC5/USBUART_cls.c **** /* `#END` */
  27:Generated_Source\PSoC5/USBUART_cls.c **** 
  28:Generated_Source\PSoC5/USBUART_cls.c **** 
  29:Generated_Source\PSoC5/USBUART_cls.c **** /*******************************************************************************
  30:Generated_Source\PSoC5/USBUART_cls.c **** * Function Name: USBUART_DispatchClassRqst
ARM GAS  C:\Users\ingan\AppData\Local\Temp\ccmiYkgB.s 			page 2


  31:Generated_Source\PSoC5/USBUART_cls.c **** ****************************************************************************//**
  32:Generated_Source\PSoC5/USBUART_cls.c **** *  This routine dispatches class specific requests depend on interface class.
  33:Generated_Source\PSoC5/USBUART_cls.c **** *
  34:Generated_Source\PSoC5/USBUART_cls.c **** * \return
  35:Generated_Source\PSoC5/USBUART_cls.c **** *  requestHandled.
  36:Generated_Source\PSoC5/USBUART_cls.c **** *
  37:Generated_Source\PSoC5/USBUART_cls.c **** * \reentrant
  38:Generated_Source\PSoC5/USBUART_cls.c **** *  No.
  39:Generated_Source\PSoC5/USBUART_cls.c **** *
  40:Generated_Source\PSoC5/USBUART_cls.c **** *******************************************************************************/
  41:Generated_Source\PSoC5/USBUART_cls.c **** uint8 USBUART_DispatchClassRqst(void) 
  42:Generated_Source\PSoC5/USBUART_cls.c **** {
  28              		.loc 1 42 0
  29              		.cfi_startproc
  30              		@ args = 0, pretend = 0, frame = 0
  31              		@ frame_needed = 0, uses_anonymous_args = 0
  32              		@ link register save eliminated.
  33              	.LVL0:
  43:Generated_Source\PSoC5/USBUART_cls.c ****     uint8 interfaceNumber;
  44:Generated_Source\PSoC5/USBUART_cls.c ****     uint8 requestHandled = USBUART_FALSE;
  45:Generated_Source\PSoC5/USBUART_cls.c **** 
  46:Generated_Source\PSoC5/USBUART_cls.c ****     /* Get interface to which request is intended. */
  47:Generated_Source\PSoC5/USBUART_cls.c ****     switch (USBUART_bmRequestTypeReg & USBUART_RQST_RCPT_MASK)
  34              		.loc 1 47 0
  35 0000 114A     		ldr	r2, .L16
  36 0002 1378     		ldrb	r3, [r2]	@ zero_extendqisi2
  37 0004 03F00303 		and	r3, r3, #3
  38 0008 012B     		cmp	r3, #1
  39 000a 17D0     		beq	.L3
  40 000c 022B     		cmp	r3, #2
  41 000e 07D0     		beq	.L4
  42 0010 0023     		movs	r3, #0
  43              	.L2:
  48:Generated_Source\PSoC5/USBUART_cls.c ****     {
  49:Generated_Source\PSoC5/USBUART_cls.c ****         case USBUART_RQST_RCPT_IFC:
  50:Generated_Source\PSoC5/USBUART_cls.c ****             /* Class-specific request directed to interface: wIndexLoReg 
  51:Generated_Source\PSoC5/USBUART_cls.c ****             * contains interface number.
  52:Generated_Source\PSoC5/USBUART_cls.c ****             */
  53:Generated_Source\PSoC5/USBUART_cls.c ****             interfaceNumber = (uint8) USBUART_wIndexLoReg;
  54:Generated_Source\PSoC5/USBUART_cls.c ****             break;
  55:Generated_Source\PSoC5/USBUART_cls.c ****         
  56:Generated_Source\PSoC5/USBUART_cls.c ****         case USBUART_RQST_RCPT_EP:
  57:Generated_Source\PSoC5/USBUART_cls.c ****             /* Class-specific request directed to endpoint: wIndexLoReg contains 
  58:Generated_Source\PSoC5/USBUART_cls.c ****             * endpoint number. Find interface related to endpoint. 
  59:Generated_Source\PSoC5/USBUART_cls.c ****             */
  60:Generated_Source\PSoC5/USBUART_cls.c ****             interfaceNumber = USBUART_EP[USBUART_wIndexLoReg & USBUART_DIR_UNUSED].interface;
  61:Generated_Source\PSoC5/USBUART_cls.c ****             break;
  62:Generated_Source\PSoC5/USBUART_cls.c ****             
  63:Generated_Source\PSoC5/USBUART_cls.c ****         default:
  64:Generated_Source\PSoC5/USBUART_cls.c ****             /* Default interface is zero. */
  65:Generated_Source\PSoC5/USBUART_cls.c ****             interfaceNumber = 0u;
  66:Generated_Source\PSoC5/USBUART_cls.c ****             break;
  67:Generated_Source\PSoC5/USBUART_cls.c ****     }
  68:Generated_Source\PSoC5/USBUART_cls.c ****     
  69:Generated_Source\PSoC5/USBUART_cls.c ****     /* Check that interface is within acceptable range */
  70:Generated_Source\PSoC5/USBUART_cls.c ****     if (interfaceNumber <= USBUART_MAX_INTERFACES_NUMBER)
  71:Generated_Source\PSoC5/USBUART_cls.c ****     {
ARM GAS  C:\Users\ingan\AppData\Local\Temp\ccmiYkgB.s 			page 3


  72:Generated_Source\PSoC5/USBUART_cls.c ****     #if (defined(USBUART_ENABLE_HID_CLASS)   || \
  73:Generated_Source\PSoC5/USBUART_cls.c ****          defined(USBUART_ENABLE_AUDIO_CLASS) || \
  74:Generated_Source\PSoC5/USBUART_cls.c ****          defined(USBUART_ENABLE_CDC_CLASS)   || \
  75:Generated_Source\PSoC5/USBUART_cls.c ****          USBUART_ENABLE_MSC_CLASS)
  76:Generated_Source\PSoC5/USBUART_cls.c **** 
  77:Generated_Source\PSoC5/USBUART_cls.c ****         /* Handle class request depends on interface type. */
  78:Generated_Source\PSoC5/USBUART_cls.c ****         switch (USBUART_interfaceClass[interfaceNumber])
  44              		.loc 1 78 0
  45 0012 0E4A     		ldr	r2, .L16+4
  46 0014 1268     		ldr	r2, [r2]
  47 0016 D35C     		ldrb	r3, [r2, r3]	@ zero_extendqisi2
  48 0018 022B     		cmp	r3, #2
  49 001a 12D0     		beq	.L15
  50              	.LVL1:
  79:Generated_Source\PSoC5/USBUART_cls.c ****         {
  80:Generated_Source\PSoC5/USBUART_cls.c ****         #if defined(USBUART_ENABLE_HID_CLASS)
  81:Generated_Source\PSoC5/USBUART_cls.c ****             case USBUART_CLASS_HID:
  82:Generated_Source\PSoC5/USBUART_cls.c ****                 requestHandled = USBUART_DispatchHIDClassRqst();
  83:Generated_Source\PSoC5/USBUART_cls.c ****                 break;
  84:Generated_Source\PSoC5/USBUART_cls.c ****         #endif /* (USBUART_ENABLE_HID_CLASS) */
  85:Generated_Source\PSoC5/USBUART_cls.c ****                 
  86:Generated_Source\PSoC5/USBUART_cls.c ****         #if defined(USBUART_ENABLE_AUDIO_CLASS)
  87:Generated_Source\PSoC5/USBUART_cls.c ****             case USBUART_CLASS_AUDIO:
  88:Generated_Source\PSoC5/USBUART_cls.c ****                 requestHandled = USBUART_DispatchAUDIOClassRqst();
  89:Generated_Source\PSoC5/USBUART_cls.c ****                 break;
  90:Generated_Source\PSoC5/USBUART_cls.c ****         #endif /* (USBUART_CLASS_AUDIO) */
  91:Generated_Source\PSoC5/USBUART_cls.c ****                 
  92:Generated_Source\PSoC5/USBUART_cls.c ****         #if defined(USBUART_ENABLE_CDC_CLASS)
  93:Generated_Source\PSoC5/USBUART_cls.c ****             case USBUART_CLASS_CDC:
  94:Generated_Source\PSoC5/USBUART_cls.c ****                 requestHandled = USBUART_DispatchCDCClassRqst();
  95:Generated_Source\PSoC5/USBUART_cls.c ****                 break;
  96:Generated_Source\PSoC5/USBUART_cls.c ****         #endif /* (USBUART_ENABLE_CDC_CLASS) */
  97:Generated_Source\PSoC5/USBUART_cls.c ****             
  98:Generated_Source\PSoC5/USBUART_cls.c ****         #if (USBUART_ENABLE_MSC_CLASS)
  99:Generated_Source\PSoC5/USBUART_cls.c ****             case USBUART_CLASS_MSD:
 100:Generated_Source\PSoC5/USBUART_cls.c ****             #if (USBUART_HANDLE_MSC_REQUESTS)
 101:Generated_Source\PSoC5/USBUART_cls.c ****                 /* MSC requests are handled by the component. */
 102:Generated_Source\PSoC5/USBUART_cls.c ****                 requestHandled = USBUART_DispatchMSCClassRqst();
 103:Generated_Source\PSoC5/USBUART_cls.c ****             #elif defined(USBUART_DISPATCH_MSC_CLASS_RQST_CALLBACK)
 104:Generated_Source\PSoC5/USBUART_cls.c ****                 /* MSC requests are handled by user defined callbcak. */
 105:Generated_Source\PSoC5/USBUART_cls.c ****                 requestHandled = USBUART_DispatchMSCClassRqst_Callback();
 106:Generated_Source\PSoC5/USBUART_cls.c ****             #else
 107:Generated_Source\PSoC5/USBUART_cls.c ****                 /* MSC requests are not handled. */
 108:Generated_Source\PSoC5/USBUART_cls.c ****                 requestHandled = USBUART_FALSE;
 109:Generated_Source\PSoC5/USBUART_cls.c ****             #endif /* (USBUART_HANDLE_MSC_REQUESTS) */
 110:Generated_Source\PSoC5/USBUART_cls.c ****                 break;
 111:Generated_Source\PSoC5/USBUART_cls.c ****         #endif /* (USBUART_ENABLE_MSC_CLASS) */
 112:Generated_Source\PSoC5/USBUART_cls.c ****             
 113:Generated_Source\PSoC5/USBUART_cls.c ****             default:
 114:Generated_Source\PSoC5/USBUART_cls.c ****                 /* Request is not handled: unknown class request type. */
 115:Generated_Source\PSoC5/USBUART_cls.c ****                 requestHandled = USBUART_FALSE;
 116:Generated_Source\PSoC5/USBUART_cls.c ****                 break;
 117:Generated_Source\PSoC5/USBUART_cls.c ****         }
 118:Generated_Source\PSoC5/USBUART_cls.c ****     #endif /* Class support is enabled */
 119:Generated_Source\PSoC5/USBUART_cls.c ****     }
 120:Generated_Source\PSoC5/USBUART_cls.c ****     
 121:Generated_Source\PSoC5/USBUART_cls.c ****     /* `#START USER_DEFINED_CLASS_CODE` Place your Class request here */
ARM GAS  C:\Users\ingan\AppData\Local\Temp\ccmiYkgB.s 			page 4


 122:Generated_Source\PSoC5/USBUART_cls.c **** 
 123:Generated_Source\PSoC5/USBUART_cls.c ****     /* `#END` */
 124:Generated_Source\PSoC5/USBUART_cls.c **** 
 125:Generated_Source\PSoC5/USBUART_cls.c **** #ifdef USBUART_DISPATCH_CLASS_RQST_CALLBACK
 126:Generated_Source\PSoC5/USBUART_cls.c ****     if (USBUART_FALSE == requestHandled)
 127:Generated_Source\PSoC5/USBUART_cls.c ****     {
 128:Generated_Source\PSoC5/USBUART_cls.c ****         requestHandled = USBUART_DispatchClassRqst_Callback(interfaceNumber);
 129:Generated_Source\PSoC5/USBUART_cls.c ****     }
 130:Generated_Source\PSoC5/USBUART_cls.c **** #endif /* (USBUART_DISPATCH_CLASS_RQST_CALLBACK) */
 131:Generated_Source\PSoC5/USBUART_cls.c **** 
 132:Generated_Source\PSoC5/USBUART_cls.c ****     return (requestHandled);
 133:Generated_Source\PSoC5/USBUART_cls.c **** }
  51              		.loc 1 133 0
  52 001c 0020     		movs	r0, #0
  53 001e 7047     		bx	lr
  54              	.LVL2:
  55              	.L4:
  60:Generated_Source\PSoC5/USBUART_cls.c ****             break;
  56              		.loc 1 60 0
  57 0020 1379     		ldrb	r3, [r2, #4]	@ zero_extendqisi2
  58 0022 0B4A     		ldr	r2, .L16+8
  59 0024 03F07F03 		and	r3, r3, #127
  60 0028 03EB4303 		add	r3, r3, r3, lsl #1
  61 002c 02EB8303 		add	r3, r2, r3, lsl #2
  62 0030 9B7A     		ldrb	r3, [r3, #10]	@ zero_extendqisi2
  63 0032 DBB2     		uxtb	r3, r3
  64              	.LVL3:
  65              	.L5:
  70:Generated_Source\PSoC5/USBUART_cls.c ****     {
  66              		.loc 1 70 0
  67 0034 022B     		cmp	r3, #2
  68 0036 ECD9     		bls	.L2
  69              	.LVL4:
  70              		.loc 1 133 0
  71 0038 0020     		movs	r0, #0
  72 003a 7047     		bx	lr
  73              	.LVL5:
  74              	.L3:
  53:Generated_Source\PSoC5/USBUART_cls.c ****             break;
  75              		.loc 1 53 0
  76 003c 1379     		ldrb	r3, [r2, #4]	@ zero_extendqisi2
  77 003e DBB2     		uxtb	r3, r3
  78              	.LVL6:
  54:Generated_Source\PSoC5/USBUART_cls.c ****         
  79              		.loc 1 54 0
  80 0040 F8E7     		b	.L5
  81              	.LVL7:
  82              	.L15:
  94:Generated_Source\PSoC5/USBUART_cls.c ****                 break;
  83              		.loc 1 94 0
  84 0042 FFF7FEBF 		b	USBUART_DispatchCDCClassRqst
  85              	.LVL8:
  86              	.L17:
  87 0046 00BF     		.align	2
  88              	.L16:
  89 0048 00600040 		.word	1073766400
  90 004c 00000000 		.word	USBUART_interfaceClass
ARM GAS  C:\Users\ingan\AppData\Local\Temp\ccmiYkgB.s 			page 5


  91 0050 00000000 		.word	USBUART_EP
  92              		.cfi_endproc
  93              	.LFE0:
  94              		.size	USBUART_DispatchClassRqst, .-USBUART_DispatchClassRqst
  95              		.text
  96              	.Letext0:
  97              		.file 2 "Generated_Source\\PSoC5\\cytypes.h"
  98              		.file 3 "Generated_Source\\PSoC5\\USBUART.h"
  99              		.file 4 "Generated_Source\\PSoC5\\USBUART_pvt.h"
 100              		.section	.debug_info,"",%progbits
 101              	.Ldebug_info0:
 102 0000 DA010000 		.4byte	0x1da
 103 0004 0400     		.2byte	0x4
 104 0006 00000000 		.4byte	.Ldebug_abbrev0
 105 000a 04       		.byte	0x4
 106 000b 01       		.uleb128 0x1
 107 000c 00000000 		.4byte	.LASF32
 108 0010 0C       		.byte	0xc
 109 0011 3A020000 		.4byte	.LASF33
 110 0015 E3010000 		.4byte	.LASF34
 111 0019 00000000 		.4byte	.Ldebug_ranges0+0
 112 001d 00000000 		.4byte	0
 113 0021 00000000 		.4byte	.Ldebug_line0
 114 0025 02       		.uleb128 0x2
 115 0026 01       		.byte	0x1
 116 0027 06       		.byte	0x6
 117 0028 AA020000 		.4byte	.LASF0
 118 002c 02       		.uleb128 0x2
 119 002d 01       		.byte	0x1
 120 002e 08       		.byte	0x8
 121 002f 0F010000 		.4byte	.LASF1
 122 0033 02       		.uleb128 0x2
 123 0034 02       		.byte	0x2
 124 0035 05       		.byte	0x5
 125 0036 5F020000 		.4byte	.LASF2
 126 003a 02       		.uleb128 0x2
 127 003b 02       		.byte	0x2
 128 003c 07       		.byte	0x7
 129 003d 8E000000 		.4byte	.LASF3
 130 0041 02       		.uleb128 0x2
 131 0042 04       		.byte	0x4
 132 0043 05       		.byte	0x5
 133 0044 79020000 		.4byte	.LASF4
 134 0048 02       		.uleb128 0x2
 135 0049 04       		.byte	0x4
 136 004a 07       		.byte	0x7
 137 004b E8000000 		.4byte	.LASF5
 138 004f 02       		.uleb128 0x2
 139 0050 08       		.byte	0x8
 140 0051 05       		.byte	0x5
 141 0052 D5010000 		.4byte	.LASF6
 142 0056 02       		.uleb128 0x2
 143 0057 08       		.byte	0x8
 144 0058 07       		.byte	0x7
 145 0059 72010000 		.4byte	.LASF7
 146 005d 03       		.uleb128 0x3
 147 005e 04       		.byte	0x4
ARM GAS  C:\Users\ingan\AppData\Local\Temp\ccmiYkgB.s 			page 6


 148 005f 05       		.byte	0x5
 149 0060 696E7400 		.ascii	"int\000"
 150 0064 02       		.uleb128 0x2
 151 0065 04       		.byte	0x4
 152 0066 07       		.byte	0x7
 153 0067 65010000 		.4byte	.LASF8
 154 006b 04       		.uleb128 0x4
 155 006c 69020000 		.4byte	.LASF9
 156 0070 02       		.byte	0x2
 157 0071 E401     		.2byte	0x1e4
 158 0073 2C000000 		.4byte	0x2c
 159 0077 04       		.uleb128 0x4
 160 0078 36010000 		.4byte	.LASF10
 161 007c 02       		.byte	0x2
 162 007d E501     		.2byte	0x1e5
 163 007f 3A000000 		.4byte	0x3a
 164 0083 02       		.uleb128 0x2
 165 0084 04       		.byte	0x4
 166 0085 04       		.byte	0x4
 167 0086 CE000000 		.4byte	.LASF11
 168 008a 02       		.uleb128 0x2
 169 008b 08       		.byte	0x8
 170 008c 04       		.byte	0x4
 171 008d 1D010000 		.4byte	.LASF12
 172 0091 02       		.uleb128 0x2
 173 0092 01       		.byte	0x1
 174 0093 08       		.byte	0x8
 175 0094 82020000 		.4byte	.LASF13
 176 0098 02       		.uleb128 0x2
 177 0099 08       		.byte	0x8
 178 009a 04       		.byte	0x4
 179 009b 9E020000 		.4byte	.LASF14
 180 009f 02       		.uleb128 0x2
 181 00a0 04       		.byte	0x4
 182 00a1 07       		.byte	0x7
 183 00a2 C5010000 		.4byte	.LASF15
 184 00a6 05       		.uleb128 0x5
 185 00a7 0C       		.byte	0xc
 186 00a8 03       		.byte	0x3
 187 00a9 8D       		.byte	0x8d
 188 00aa 1B010000 		.4byte	0x11b
 189 00ae 06       		.uleb128 0x6
 190 00af 24010000 		.4byte	.LASF16
 191 00b3 03       		.byte	0x3
 192 00b4 8F       		.byte	0x8f
 193 00b5 6B000000 		.4byte	0x6b
 194 00b9 00       		.byte	0
 195 00ba 06       		.uleb128 0x6
 196 00bb 3D010000 		.4byte	.LASF17
 197 00bf 03       		.byte	0x3
 198 00c0 90       		.byte	0x90
 199 00c1 6B000000 		.4byte	0x6b
 200 00c5 01       		.byte	0x1
 201 00c6 06       		.uleb128 0x6
 202 00c7 89010000 		.4byte	.LASF18
 203 00cb 03       		.byte	0x3
 204 00cc 91       		.byte	0x91
ARM GAS  C:\Users\ingan\AppData\Local\Temp\ccmiYkgB.s 			page 7


 205 00cd 6B000000 		.4byte	0x6b
 206 00d1 02       		.byte	0x2
 207 00d2 06       		.uleb128 0x6
 208 00d3 D4000000 		.4byte	.LASF19
 209 00d7 03       		.byte	0x3
 210 00d8 92       		.byte	0x92
 211 00d9 6B000000 		.4byte	0x6b
 212 00dd 03       		.byte	0x3
 213 00de 06       		.uleb128 0x6
 214 00df FA000000 		.4byte	.LASF20
 215 00e3 03       		.byte	0x3
 216 00e4 93       		.byte	0x93
 217 00e5 6B000000 		.4byte	0x6b
 218 00e9 04       		.byte	0x4
 219 00ea 06       		.uleb128 0x6
 220 00eb CE010000 		.4byte	.LASF21
 221 00ef 03       		.byte	0x3
 222 00f0 94       		.byte	0x94
 223 00f1 6B000000 		.4byte	0x6b
 224 00f5 05       		.byte	0x5
 225 00f6 06       		.uleb128 0x6
 226 00f7 2B010000 		.4byte	.LASF22
 227 00fb 03       		.byte	0x3
 228 00fc 95       		.byte	0x95
 229 00fd 77000000 		.4byte	0x77
 230 0101 06       		.byte	0x6
 231 0102 06       		.uleb128 0x6
 232 0103 2F020000 		.4byte	.LASF23
 233 0107 03       		.byte	0x3
 234 0108 96       		.byte	0x96
 235 0109 77000000 		.4byte	0x77
 236 010d 08       		.byte	0x8
 237 010e 06       		.uleb128 0x6
 238 010f 6F020000 		.4byte	.LASF24
 239 0113 03       		.byte	0x3
 240 0114 97       		.byte	0x97
 241 0115 6B000000 		.4byte	0x6b
 242 0119 0A       		.byte	0xa
 243 011a 00       		.byte	0
 244 011b 07       		.uleb128 0x7
 245 011c 87020000 		.4byte	.LASF25
 246 0120 03       		.byte	0x3
 247 0121 98       		.byte	0x98
 248 0122 A6000000 		.4byte	0xa6
 249 0126 05       		.uleb128 0x5
 250 0127 08       		.byte	0x8
 251 0128 03       		.byte	0x3
 252 0129 C5       		.byte	0xc5
 253 012a 3B010000 		.4byte	0x13b
 254 012e 06       		.uleb128 0x6
 255 012f B8000000 		.4byte	.LASF26
 256 0133 03       		.byte	0x3
 257 0134 C7       		.byte	0xc7
 258 0135 3B010000 		.4byte	0x13b
 259 0139 00       		.byte	0
 260 013a 00       		.byte	0
 261 013b 08       		.uleb128 0x8
ARM GAS  C:\Users\ingan\AppData\Local\Temp\ccmiYkgB.s 			page 8


 262 013c 6B000000 		.4byte	0x6b
 263 0140 4B010000 		.4byte	0x14b
 264 0144 09       		.uleb128 0x9
 265 0145 9F000000 		.4byte	0x9f
 266 0149 07       		.byte	0x7
 267 014a 00       		.byte	0
 268 014b 07       		.uleb128 0x7
 269 014c AD010000 		.4byte	.LASF27
 270 0150 03       		.byte	0x3
 271 0151 C8       		.byte	0xc8
 272 0152 26010000 		.4byte	0x126
 273 0156 0A       		.uleb128 0xa
 274 0157 93010000 		.4byte	.LASF35
 275 015b 01       		.byte	0x1
 276 015c 29       		.byte	0x29
 277 015d 6B000000 		.4byte	0x6b
 278 0161 00000000 		.4byte	.LFB0
 279 0165 54000000 		.4byte	.LFE0-.LFB0
 280 0169 01       		.uleb128 0x1
 281 016a 9C       		.byte	0x9c
 282 016b 97010000 		.4byte	0x197
 283 016f 0B       		.uleb128 0xb
 284 0170 FF000000 		.4byte	.LASF28
 285 0174 01       		.byte	0x1
 286 0175 2B       		.byte	0x2b
 287 0176 6B000000 		.4byte	0x6b
 288 017a 00000000 		.4byte	.LLST0
 289 017e 0B       		.uleb128 0xb
 290 017f BF000000 		.4byte	.LASF29
 291 0183 01       		.byte	0x1
 292 0184 2C       		.byte	0x2c
 293 0185 6B000000 		.4byte	0x6b
 294 0189 1E000000 		.4byte	.LLST1
 295 018d 0C       		.uleb128 0xc
 296 018e 46000000 		.4byte	.LVL8
 297 0192 D2010000 		.4byte	0x1d2
 298 0196 00       		.byte	0
 299 0197 0D       		.uleb128 0xd
 300 0198 A1000000 		.4byte	.LASF30
 301 019c 04       		.byte	0x4
 302 019d 77       		.byte	0x77
 303 019e A2010000 		.4byte	0x1a2
 304 01a2 0E       		.uleb128 0xe
 305 01a3 04       		.byte	0x4
 306 01a4 A8010000 		.4byte	0x1a8
 307 01a8 0F       		.uleb128 0xf
 308 01a9 6B000000 		.4byte	0x6b
 309 01ad 08       		.uleb128 0x8
 310 01ae BD010000 		.4byte	0x1bd
 311 01b2 BD010000 		.4byte	0x1bd
 312 01b6 09       		.uleb128 0x9
 313 01b7 9F000000 		.4byte	0x9f
 314 01bb 08       		.byte	0x8
 315 01bc 00       		.byte	0
 316 01bd 10       		.uleb128 0x10
 317 01be 1B010000 		.4byte	0x11b
 318 01c2 0D       		.uleb128 0xd
ARM GAS  C:\Users\ingan\AppData\Local\Temp\ccmiYkgB.s 			page 9


 319 01c3 DD000000 		.4byte	.LASF31
 320 01c7 04       		.byte	0x4
 321 01c8 79       		.byte	0x79
 322 01c9 CD010000 		.4byte	0x1cd
 323 01cd 10       		.uleb128 0x10
 324 01ce AD010000 		.4byte	0x1ad
 325 01d2 11       		.uleb128 0x11
 326 01d3 48010000 		.4byte	.LASF36
 327 01d7 48010000 		.4byte	.LASF36
 328 01db 04       		.byte	0x4
 329 01dc DF       		.byte	0xdf
 330 01dd 00       		.byte	0
 331              		.section	.debug_abbrev,"",%progbits
 332              	.Ldebug_abbrev0:
 333 0000 01       		.uleb128 0x1
 334 0001 11       		.uleb128 0x11
 335 0002 01       		.byte	0x1
 336 0003 25       		.uleb128 0x25
 337 0004 0E       		.uleb128 0xe
 338 0005 13       		.uleb128 0x13
 339 0006 0B       		.uleb128 0xb
 340 0007 03       		.uleb128 0x3
 341 0008 0E       		.uleb128 0xe
 342 0009 1B       		.uleb128 0x1b
 343 000a 0E       		.uleb128 0xe
 344 000b 55       		.uleb128 0x55
 345 000c 17       		.uleb128 0x17
 346 000d 11       		.uleb128 0x11
 347 000e 01       		.uleb128 0x1
 348 000f 10       		.uleb128 0x10
 349 0010 17       		.uleb128 0x17
 350 0011 00       		.byte	0
 351 0012 00       		.byte	0
 352 0013 02       		.uleb128 0x2
 353 0014 24       		.uleb128 0x24
 354 0015 00       		.byte	0
 355 0016 0B       		.uleb128 0xb
 356 0017 0B       		.uleb128 0xb
 357 0018 3E       		.uleb128 0x3e
 358 0019 0B       		.uleb128 0xb
 359 001a 03       		.uleb128 0x3
 360 001b 0E       		.uleb128 0xe
 361 001c 00       		.byte	0
 362 001d 00       		.byte	0
 363 001e 03       		.uleb128 0x3
 364 001f 24       		.uleb128 0x24
 365 0020 00       		.byte	0
 366 0021 0B       		.uleb128 0xb
 367 0022 0B       		.uleb128 0xb
 368 0023 3E       		.uleb128 0x3e
 369 0024 0B       		.uleb128 0xb
 370 0025 03       		.uleb128 0x3
 371 0026 08       		.uleb128 0x8
 372 0027 00       		.byte	0
 373 0028 00       		.byte	0
 374 0029 04       		.uleb128 0x4
 375 002a 16       		.uleb128 0x16
ARM GAS  C:\Users\ingan\AppData\Local\Temp\ccmiYkgB.s 			page 10


 376 002b 00       		.byte	0
 377 002c 03       		.uleb128 0x3
 378 002d 0E       		.uleb128 0xe
 379 002e 3A       		.uleb128 0x3a
 380 002f 0B       		.uleb128 0xb
 381 0030 3B       		.uleb128 0x3b
 382 0031 05       		.uleb128 0x5
 383 0032 49       		.uleb128 0x49
 384 0033 13       		.uleb128 0x13
 385 0034 00       		.byte	0
 386 0035 00       		.byte	0
 387 0036 05       		.uleb128 0x5
 388 0037 13       		.uleb128 0x13
 389 0038 01       		.byte	0x1
 390 0039 0B       		.uleb128 0xb
 391 003a 0B       		.uleb128 0xb
 392 003b 3A       		.uleb128 0x3a
 393 003c 0B       		.uleb128 0xb
 394 003d 3B       		.uleb128 0x3b
 395 003e 0B       		.uleb128 0xb
 396 003f 01       		.uleb128 0x1
 397 0040 13       		.uleb128 0x13
 398 0041 00       		.byte	0
 399 0042 00       		.byte	0
 400 0043 06       		.uleb128 0x6
 401 0044 0D       		.uleb128 0xd
 402 0045 00       		.byte	0
 403 0046 03       		.uleb128 0x3
 404 0047 0E       		.uleb128 0xe
 405 0048 3A       		.uleb128 0x3a
 406 0049 0B       		.uleb128 0xb
 407 004a 3B       		.uleb128 0x3b
 408 004b 0B       		.uleb128 0xb
 409 004c 49       		.uleb128 0x49
 410 004d 13       		.uleb128 0x13
 411 004e 38       		.uleb128 0x38
 412 004f 0B       		.uleb128 0xb
 413 0050 00       		.byte	0
 414 0051 00       		.byte	0
 415 0052 07       		.uleb128 0x7
 416 0053 16       		.uleb128 0x16
 417 0054 00       		.byte	0
 418 0055 03       		.uleb128 0x3
 419 0056 0E       		.uleb128 0xe
 420 0057 3A       		.uleb128 0x3a
 421 0058 0B       		.uleb128 0xb
 422 0059 3B       		.uleb128 0x3b
 423 005a 0B       		.uleb128 0xb
 424 005b 49       		.uleb128 0x49
 425 005c 13       		.uleb128 0x13
 426 005d 00       		.byte	0
 427 005e 00       		.byte	0
 428 005f 08       		.uleb128 0x8
 429 0060 01       		.uleb128 0x1
 430 0061 01       		.byte	0x1
 431 0062 49       		.uleb128 0x49
 432 0063 13       		.uleb128 0x13
ARM GAS  C:\Users\ingan\AppData\Local\Temp\ccmiYkgB.s 			page 11


 433 0064 01       		.uleb128 0x1
 434 0065 13       		.uleb128 0x13
 435 0066 00       		.byte	0
 436 0067 00       		.byte	0
 437 0068 09       		.uleb128 0x9
 438 0069 21       		.uleb128 0x21
 439 006a 00       		.byte	0
 440 006b 49       		.uleb128 0x49
 441 006c 13       		.uleb128 0x13
 442 006d 2F       		.uleb128 0x2f
 443 006e 0B       		.uleb128 0xb
 444 006f 00       		.byte	0
 445 0070 00       		.byte	0
 446 0071 0A       		.uleb128 0xa
 447 0072 2E       		.uleb128 0x2e
 448 0073 01       		.byte	0x1
 449 0074 3F       		.uleb128 0x3f
 450 0075 19       		.uleb128 0x19
 451 0076 03       		.uleb128 0x3
 452 0077 0E       		.uleb128 0xe
 453 0078 3A       		.uleb128 0x3a
 454 0079 0B       		.uleb128 0xb
 455 007a 3B       		.uleb128 0x3b
 456 007b 0B       		.uleb128 0xb
 457 007c 27       		.uleb128 0x27
 458 007d 19       		.uleb128 0x19
 459 007e 49       		.uleb128 0x49
 460 007f 13       		.uleb128 0x13
 461 0080 11       		.uleb128 0x11
 462 0081 01       		.uleb128 0x1
 463 0082 12       		.uleb128 0x12
 464 0083 06       		.uleb128 0x6
 465 0084 40       		.uleb128 0x40
 466 0085 18       		.uleb128 0x18
 467 0086 9742     		.uleb128 0x2117
 468 0088 19       		.uleb128 0x19
 469 0089 01       		.uleb128 0x1
 470 008a 13       		.uleb128 0x13
 471 008b 00       		.byte	0
 472 008c 00       		.byte	0
 473 008d 0B       		.uleb128 0xb
 474 008e 34       		.uleb128 0x34
 475 008f 00       		.byte	0
 476 0090 03       		.uleb128 0x3
 477 0091 0E       		.uleb128 0xe
 478 0092 3A       		.uleb128 0x3a
 479 0093 0B       		.uleb128 0xb
 480 0094 3B       		.uleb128 0x3b
 481 0095 0B       		.uleb128 0xb
 482 0096 49       		.uleb128 0x49
 483 0097 13       		.uleb128 0x13
 484 0098 02       		.uleb128 0x2
 485 0099 17       		.uleb128 0x17
 486 009a 00       		.byte	0
 487 009b 00       		.byte	0
 488 009c 0C       		.uleb128 0xc
 489 009d 898201   		.uleb128 0x4109
ARM GAS  C:\Users\ingan\AppData\Local\Temp\ccmiYkgB.s 			page 12


 490 00a0 00       		.byte	0
 491 00a1 11       		.uleb128 0x11
 492 00a2 01       		.uleb128 0x1
 493 00a3 9542     		.uleb128 0x2115
 494 00a5 19       		.uleb128 0x19
 495 00a6 31       		.uleb128 0x31
 496 00a7 13       		.uleb128 0x13
 497 00a8 00       		.byte	0
 498 00a9 00       		.byte	0
 499 00aa 0D       		.uleb128 0xd
 500 00ab 34       		.uleb128 0x34
 501 00ac 00       		.byte	0
 502 00ad 03       		.uleb128 0x3
 503 00ae 0E       		.uleb128 0xe
 504 00af 3A       		.uleb128 0x3a
 505 00b0 0B       		.uleb128 0xb
 506 00b1 3B       		.uleb128 0x3b
 507 00b2 0B       		.uleb128 0xb
 508 00b3 49       		.uleb128 0x49
 509 00b4 13       		.uleb128 0x13
 510 00b5 3F       		.uleb128 0x3f
 511 00b6 19       		.uleb128 0x19
 512 00b7 3C       		.uleb128 0x3c
 513 00b8 19       		.uleb128 0x19
 514 00b9 00       		.byte	0
 515 00ba 00       		.byte	0
 516 00bb 0E       		.uleb128 0xe
 517 00bc 0F       		.uleb128 0xf
 518 00bd 00       		.byte	0
 519 00be 0B       		.uleb128 0xb
 520 00bf 0B       		.uleb128 0xb
 521 00c0 49       		.uleb128 0x49
 522 00c1 13       		.uleb128 0x13
 523 00c2 00       		.byte	0
 524 00c3 00       		.byte	0
 525 00c4 0F       		.uleb128 0xf
 526 00c5 26       		.uleb128 0x26
 527 00c6 00       		.byte	0
 528 00c7 49       		.uleb128 0x49
 529 00c8 13       		.uleb128 0x13
 530 00c9 00       		.byte	0
 531 00ca 00       		.byte	0
 532 00cb 10       		.uleb128 0x10
 533 00cc 35       		.uleb128 0x35
 534 00cd 00       		.byte	0
 535 00ce 49       		.uleb128 0x49
 536 00cf 13       		.uleb128 0x13
 537 00d0 00       		.byte	0
 538 00d1 00       		.byte	0
 539 00d2 11       		.uleb128 0x11
 540 00d3 2E       		.uleb128 0x2e
 541 00d4 00       		.byte	0
 542 00d5 3F       		.uleb128 0x3f
 543 00d6 19       		.uleb128 0x19
 544 00d7 3C       		.uleb128 0x3c
 545 00d8 19       		.uleb128 0x19
 546 00d9 6E       		.uleb128 0x6e
ARM GAS  C:\Users\ingan\AppData\Local\Temp\ccmiYkgB.s 			page 13


 547 00da 0E       		.uleb128 0xe
 548 00db 03       		.uleb128 0x3
 549 00dc 0E       		.uleb128 0xe
 550 00dd 3A       		.uleb128 0x3a
 551 00de 0B       		.uleb128 0xb
 552 00df 3B       		.uleb128 0x3b
 553 00e0 0B       		.uleb128 0xb
 554 00e1 00       		.byte	0
 555 00e2 00       		.byte	0
 556 00e3 00       		.byte	0
 557              		.section	.debug_loc,"",%progbits
 558              	.Ldebug_loc0:
 559              	.LLST0:
 560 0000 34000000 		.4byte	.LVL3
 561 0004 3C000000 		.4byte	.LVL5
 562 0008 0100     		.2byte	0x1
 563 000a 53       		.byte	0x53
 564 000b 40000000 		.4byte	.LVL6
 565 000f 42000000 		.4byte	.LVL7
 566 0013 0100     		.2byte	0x1
 567 0015 53       		.byte	0x53
 568 0016 00000000 		.4byte	0
 569 001a 00000000 		.4byte	0
 570              	.LLST1:
 571 001e 00000000 		.4byte	.LVL0
 572 0022 1C000000 		.4byte	.LVL1
 573 0026 0200     		.2byte	0x2
 574 0028 30       		.byte	0x30
 575 0029 9F       		.byte	0x9f
 576 002a 20000000 		.4byte	.LVL2
 577 002e 38000000 		.4byte	.LVL4
 578 0032 0200     		.2byte	0x2
 579 0034 30       		.byte	0x30
 580 0035 9F       		.byte	0x9f
 581 0036 3C000000 		.4byte	.LVL5
 582 003a 54000000 		.4byte	.LFE0
 583 003e 0200     		.2byte	0x2
 584 0040 30       		.byte	0x30
 585 0041 9F       		.byte	0x9f
 586 0042 00000000 		.4byte	0
 587 0046 00000000 		.4byte	0
 588              		.section	.debug_aranges,"",%progbits
 589 0000 1C000000 		.4byte	0x1c
 590 0004 0200     		.2byte	0x2
 591 0006 00000000 		.4byte	.Ldebug_info0
 592 000a 04       		.byte	0x4
 593 000b 00       		.byte	0
 594 000c 0000     		.2byte	0
 595 000e 0000     		.2byte	0
 596 0010 00000000 		.4byte	.LFB0
 597 0014 54000000 		.4byte	.LFE0-.LFB0
 598 0018 00000000 		.4byte	0
 599 001c 00000000 		.4byte	0
 600              		.section	.debug_ranges,"",%progbits
 601              	.Ldebug_ranges0:
 602 0000 00000000 		.4byte	.LFB0
 603 0004 54000000 		.4byte	.LFE0
ARM GAS  C:\Users\ingan\AppData\Local\Temp\ccmiYkgB.s 			page 14


 604 0008 00000000 		.4byte	0
 605 000c 00000000 		.4byte	0
 606              		.section	.debug_line,"",%progbits
 607              	.Ldebug_line0:
 608 0000 94000000 		.section	.debug_str,"MS",%progbits,1
 608      02006600 
 608      00000201 
 608      FB0E0D00 
 608      01010101 
 609              	.LASF32:
 610 0000 474E5520 		.ascii	"GNU C11 5.4.1 20160609 (release) [ARM/embedded-5-br"
 610      43313120 
 610      352E342E 
 610      31203230 
 610      31363036 
 611 0033 616E6368 		.ascii	"anch revision 237715] -mcpu=cortex-m3 -mthumb -g -O"
 611      20726576 
 611      6973696F 
 611      6E203233 
 611      37373135 
 612 0066 33202D66 		.ascii	"3 -ffunction-sections -ffat-lto-objects\000"
 612      66756E63 
 612      74696F6E 
 612      2D736563 
 612      74696F6E 
 613              	.LASF3:
 614 008e 73686F72 		.ascii	"short unsigned int\000"
 614      7420756E 
 614      7369676E 
 614      65642069 
 614      6E7400
 615              	.LASF30:
 616 00a1 55534255 		.ascii	"USBUART_interfaceClass\000"
 616      4152545F 
 616      696E7465 
 616      72666163 
 616      65436C61 
 617              	.LASF26:
 618 00b8 65704461 		.ascii	"epData\000"
 618      746100
 619              	.LASF29:
 620 00bf 72657175 		.ascii	"requestHandled\000"
 620      65737448 
 620      616E646C 
 620      656400
 621              	.LASF11:
 622 00ce 666C6F61 		.ascii	"float\000"
 622      7400
 623              	.LASF19:
 624 00d4 6570546F 		.ascii	"epToggle\000"
 624      67676C65 
 624      00
 625              	.LASF31:
 626 00dd 55534255 		.ascii	"USBUART_EP\000"
 626      4152545F 
 626      455000
 627              	.LASF5:
ARM GAS  C:\Users\ingan\AppData\Local\Temp\ccmiYkgB.s 			page 15


 628 00e8 6C6F6E67 		.ascii	"long unsigned int\000"
 628      20756E73 
 628      69676E65 
 628      6420696E 
 628      7400
 629              	.LASF20:
 630 00fa 61646472 		.ascii	"addr\000"
 630      00
 631              	.LASF28:
 632 00ff 696E7465 		.ascii	"interfaceNumber\000"
 632      72666163 
 632      654E756D 
 632      62657200 
 633              	.LASF1:
 634 010f 756E7369 		.ascii	"unsigned char\000"
 634      676E6564 
 634      20636861 
 634      7200
 635              	.LASF12:
 636 011d 646F7562 		.ascii	"double\000"
 636      6C6500
 637              	.LASF16:
 638 0124 61747472 		.ascii	"attrib\000"
 638      696200
 639              	.LASF22:
 640 012b 62756666 		.ascii	"buffOffset\000"
 640      4F666673 
 640      657400
 641              	.LASF10:
 642 0136 75696E74 		.ascii	"uint16\000"
 642      313600
 643              	.LASF17:
 644 013d 61706945 		.ascii	"apiEpState\000"
 644      70537461 
 644      746500
 645              	.LASF36:
 646 0148 55534255 		.ascii	"USBUART_DispatchCDCClassRqst\000"
 646      4152545F 
 646      44697370 
 646      61746368 
 646      43444343 
 647              	.LASF8:
 648 0165 756E7369 		.ascii	"unsigned int\000"
 648      676E6564 
 648      20696E74 
 648      00
 649              	.LASF7:
 650 0172 6C6F6E67 		.ascii	"long long unsigned int\000"
 650      206C6F6E 
 650      6720756E 
 650      7369676E 
 650      65642069 
 651              	.LASF18:
 652 0189 68774570 		.ascii	"hwEpState\000"
 652      53746174 
 652      6500
 653              	.LASF35:
ARM GAS  C:\Users\ingan\AppData\Local\Temp\ccmiYkgB.s 			page 16


 654 0193 55534255 		.ascii	"USBUART_DispatchClassRqst\000"
 654      4152545F 
 654      44697370 
 654      61746368 
 654      436C6173 
 655              	.LASF27:
 656 01ad 55534255 		.ascii	"USBUART_ep0_data_struct\000"
 656      4152545F 
 656      6570305F 
 656      64617461 
 656      5F737472 
 657              	.LASF15:
 658 01c5 73697A65 		.ascii	"sizetype\000"
 658      74797065 
 658      00
 659              	.LASF21:
 660 01ce 65704D6F 		.ascii	"epMode\000"
 660      646500
 661              	.LASF6:
 662 01d5 6C6F6E67 		.ascii	"long long int\000"
 662      206C6F6E 
 662      6720696E 
 662      7400
 663              	.LASF34:
 664 01e3 433A5C55 		.ascii	"C:\\Users\\ingan\\Documents\\PSoC Creator\\MegaDriv"
 664      73657273 
 664      5C696E67 
 664      616E5C44 
 664      6F63756D 
 665 0211 655F706C 		.ascii	"e_player\\VGMPlayer_v0.6.cydsn\000"
 665      61796572 
 665      5C56474D 
 665      506C6179 
 665      65725F76 
 666              	.LASF23:
 667 022f 62756666 		.ascii	"bufferSize\000"
 667      65725369 
 667      7A6500
 668              	.LASF33:
 669 023a 47656E65 		.ascii	"Generated_Source\\PSoC5\\USBUART_cls.c\000"
 669      72617465 
 669      645F536F 
 669      75726365 
 669      5C50536F 
 670              	.LASF2:
 671 025f 73686F72 		.ascii	"short int\000"
 671      7420696E 
 671      7400
 672              	.LASF9:
 673 0269 75696E74 		.ascii	"uint8\000"
 673      3800
 674              	.LASF24:
 675 026f 696E7465 		.ascii	"interface\000"
 675      72666163 
 675      6500
 676              	.LASF4:
 677 0279 6C6F6E67 		.ascii	"long int\000"
ARM GAS  C:\Users\ingan\AppData\Local\Temp\ccmiYkgB.s 			page 17


 677      20696E74 
 677      00
 678              	.LASF13:
 679 0282 63686172 		.ascii	"char\000"
 679      00
 680              	.LASF25:
 681 0287 545F5553 		.ascii	"T_USBUART_EP_CTL_BLOCK\000"
 681      42554152 
 681      545F4550 
 681      5F43544C 
 681      5F424C4F 
 682              	.LASF14:
 683 029e 6C6F6E67 		.ascii	"long double\000"
 683      20646F75 
 683      626C6500 
 684              	.LASF0:
 685 02aa 7369676E 		.ascii	"signed char\000"
 685      65642063 
 685      68617200 
 686              		.ident	"GCC: (GNU Tools for ARM Embedded Processors) 5.4.1 20160609 (release) [ARM/embedded-5-bran
