ARM GAS  C:\Users\ingan\AppData\Local\Temp\ccNR2jVC.s 			page 1


   1              		.syntax unified
   2              		.cpu cortex-m3
   3              		.fpu softvfp
   4              		.eabi_attribute 20, 1
   5              		.eabi_attribute 21, 1
   6              		.eabi_attribute 23, 3
   7              		.eabi_attribute 24, 1
   8              		.eabi_attribute 25, 1
   9              		.eabi_attribute 26, 1
  10              		.eabi_attribute 30, 2
  11              		.eabi_attribute 34, 1
  12              		.eabi_attribute 18, 4
  13              		.thumb
  14              		.syntax unified
  15              		.file	"USBUART_ep3_dma.c"
  16              		.text
  17              	.Ltext0:
  18              		.cfi_sections	.debug_frame
  19              		.section	.text.USBUART_ep3_DmaInitialize,"ax",%progbits
  20              		.align	2
  21              		.global	USBUART_ep3_DmaInitialize
  22              		.thumb
  23              		.thumb_func
  24              		.type	USBUART_ep3_DmaInitialize, %function
  25              	USBUART_ep3_DmaInitialize:
  26              	.LFB0:
  27              		.file 1 "Generated_Source\\PSoC5\\USBUART_ep3_dma.c"
   1:Generated_Source\PSoC5/USBUART_ep3_dma.c **** /***************************************************************************
   2:Generated_Source\PSoC5/USBUART_ep3_dma.c **** * File Name: USBUART_ep3_dma.c  
   3:Generated_Source\PSoC5/USBUART_ep3_dma.c **** * Version 1.70
   4:Generated_Source\PSoC5/USBUART_ep3_dma.c **** *
   5:Generated_Source\PSoC5/USBUART_ep3_dma.c **** *  Description:
   6:Generated_Source\PSoC5/USBUART_ep3_dma.c **** *   Provides an API for the DMAC component. The API includes functions
   7:Generated_Source\PSoC5/USBUART_ep3_dma.c **** *   for the DMA controller, DMA channels and Transfer Descriptors.
   8:Generated_Source\PSoC5/USBUART_ep3_dma.c **** *
   9:Generated_Source\PSoC5/USBUART_ep3_dma.c **** *
  10:Generated_Source\PSoC5/USBUART_ep3_dma.c **** *   Note:
  11:Generated_Source\PSoC5/USBUART_ep3_dma.c **** *     This module requires the developer to finish or fill in the auto
  12:Generated_Source\PSoC5/USBUART_ep3_dma.c **** *     generated funcions and setup the dma channel and TD's.
  13:Generated_Source\PSoC5/USBUART_ep3_dma.c **** *
  14:Generated_Source\PSoC5/USBUART_ep3_dma.c **** ********************************************************************************
  15:Generated_Source\PSoC5/USBUART_ep3_dma.c **** * Copyright 2008-2010, Cypress Semiconductor Corporation.  All rights reserved.
  16:Generated_Source\PSoC5/USBUART_ep3_dma.c **** * You may use this file only in accordance with the license, terms, conditions, 
  17:Generated_Source\PSoC5/USBUART_ep3_dma.c **** * disclaimers, and limitations in the end user license agreement accompanying 
  18:Generated_Source\PSoC5/USBUART_ep3_dma.c **** * the software package with which this file was provided.
  19:Generated_Source\PSoC5/USBUART_ep3_dma.c **** ********************************************************************************/
  20:Generated_Source\PSoC5/USBUART_ep3_dma.c **** #include <CYLIB.H>
  21:Generated_Source\PSoC5/USBUART_ep3_dma.c **** #include <CYDMAC.H>
  22:Generated_Source\PSoC5/USBUART_ep3_dma.c **** #include <USBUART_ep3_dma.H>
  23:Generated_Source\PSoC5/USBUART_ep3_dma.c **** 
  24:Generated_Source\PSoC5/USBUART_ep3_dma.c **** 
  25:Generated_Source\PSoC5/USBUART_ep3_dma.c **** 
  26:Generated_Source\PSoC5/USBUART_ep3_dma.c **** /****************************************************************************
  27:Generated_Source\PSoC5/USBUART_ep3_dma.c **** * 
  28:Generated_Source\PSoC5/USBUART_ep3_dma.c **** * The following defines are available in Cyfitter.h
  29:Generated_Source\PSoC5/USBUART_ep3_dma.c **** * 
  30:Generated_Source\PSoC5/USBUART_ep3_dma.c **** * 
ARM GAS  C:\Users\ingan\AppData\Local\Temp\ccNR2jVC.s 			page 2


  31:Generated_Source\PSoC5/USBUART_ep3_dma.c **** * 
  32:Generated_Source\PSoC5/USBUART_ep3_dma.c **** * USBUART_ep3__DRQ_CTL_REG
  33:Generated_Source\PSoC5/USBUART_ep3_dma.c **** * 
  34:Generated_Source\PSoC5/USBUART_ep3_dma.c **** * 
  35:Generated_Source\PSoC5/USBUART_ep3_dma.c **** * USBUART_ep3__DRQ_NUMBER
  36:Generated_Source\PSoC5/USBUART_ep3_dma.c **** * 
  37:Generated_Source\PSoC5/USBUART_ep3_dma.c **** * Number of TD's used by this channel.
  38:Generated_Source\PSoC5/USBUART_ep3_dma.c **** * USBUART_ep3__NUMBEROF_TDS
  39:Generated_Source\PSoC5/USBUART_ep3_dma.c **** * 
  40:Generated_Source\PSoC5/USBUART_ep3_dma.c **** * Priority of this channel.
  41:Generated_Source\PSoC5/USBUART_ep3_dma.c **** * USBUART_ep3__PRIORITY
  42:Generated_Source\PSoC5/USBUART_ep3_dma.c **** * 
  43:Generated_Source\PSoC5/USBUART_ep3_dma.c **** * True if USBUART_ep3_TERMIN_SEL is used.
  44:Generated_Source\PSoC5/USBUART_ep3_dma.c **** * USBUART_ep3__TERMIN_EN
  45:Generated_Source\PSoC5/USBUART_ep3_dma.c **** * 
  46:Generated_Source\PSoC5/USBUART_ep3_dma.c **** * TERMIN interrupt line to signal terminate.
  47:Generated_Source\PSoC5/USBUART_ep3_dma.c **** * USBUART_ep3__TERMIN_SEL
  48:Generated_Source\PSoC5/USBUART_ep3_dma.c **** * 
  49:Generated_Source\PSoC5/USBUART_ep3_dma.c **** * 
  50:Generated_Source\PSoC5/USBUART_ep3_dma.c **** * True if USBUART_ep3_TERMOUT0_SEL is used.
  51:Generated_Source\PSoC5/USBUART_ep3_dma.c **** * USBUART_ep3__TERMOUT0_EN
  52:Generated_Source\PSoC5/USBUART_ep3_dma.c **** * 
  53:Generated_Source\PSoC5/USBUART_ep3_dma.c **** * 
  54:Generated_Source\PSoC5/USBUART_ep3_dma.c **** * TERMOUT0 interrupt line to signal completion.
  55:Generated_Source\PSoC5/USBUART_ep3_dma.c **** * USBUART_ep3__TERMOUT0_SEL
  56:Generated_Source\PSoC5/USBUART_ep3_dma.c **** * 
  57:Generated_Source\PSoC5/USBUART_ep3_dma.c **** * 
  58:Generated_Source\PSoC5/USBUART_ep3_dma.c **** * True if USBUART_ep3_TERMOUT1_SEL is used.
  59:Generated_Source\PSoC5/USBUART_ep3_dma.c **** * USBUART_ep3__TERMOUT1_EN
  60:Generated_Source\PSoC5/USBUART_ep3_dma.c **** * 
  61:Generated_Source\PSoC5/USBUART_ep3_dma.c **** * 
  62:Generated_Source\PSoC5/USBUART_ep3_dma.c **** * TERMOUT1 interrupt line to signal completion.
  63:Generated_Source\PSoC5/USBUART_ep3_dma.c **** * USBUART_ep3__TERMOUT1_SEL
  64:Generated_Source\PSoC5/USBUART_ep3_dma.c **** * 
  65:Generated_Source\PSoC5/USBUART_ep3_dma.c **** ****************************************************************************/
  66:Generated_Source\PSoC5/USBUART_ep3_dma.c **** 
  67:Generated_Source\PSoC5/USBUART_ep3_dma.c **** 
  68:Generated_Source\PSoC5/USBUART_ep3_dma.c **** /* Zero based index of USBUART_ep3 dma channel */
  69:Generated_Source\PSoC5/USBUART_ep3_dma.c **** uint8 USBUART_ep3_DmaHandle = DMA_INVALID_CHANNEL;
  70:Generated_Source\PSoC5/USBUART_ep3_dma.c **** 
  71:Generated_Source\PSoC5/USBUART_ep3_dma.c **** /*********************************************************************
  72:Generated_Source\PSoC5/USBUART_ep3_dma.c **** * Function Name: uint8 USBUART_ep3_DmaInitalize
  73:Generated_Source\PSoC5/USBUART_ep3_dma.c **** **********************************************************************
  74:Generated_Source\PSoC5/USBUART_ep3_dma.c **** * Summary:
  75:Generated_Source\PSoC5/USBUART_ep3_dma.c **** *   Allocates and initialises a channel of the DMAC to be used by the
  76:Generated_Source\PSoC5/USBUART_ep3_dma.c **** *   caller.
  77:Generated_Source\PSoC5/USBUART_ep3_dma.c **** *
  78:Generated_Source\PSoC5/USBUART_ep3_dma.c **** * Parameters:
  79:Generated_Source\PSoC5/USBUART_ep3_dma.c **** *   BurstCount.
  80:Generated_Source\PSoC5/USBUART_ep3_dma.c **** *       
  81:Generated_Source\PSoC5/USBUART_ep3_dma.c **** *       
  82:Generated_Source\PSoC5/USBUART_ep3_dma.c **** *   ReqestPerBurst.
  83:Generated_Source\PSoC5/USBUART_ep3_dma.c **** *       
  84:Generated_Source\PSoC5/USBUART_ep3_dma.c **** *       
  85:Generated_Source\PSoC5/USBUART_ep3_dma.c **** *   UpperSrcAddress.
  86:Generated_Source\PSoC5/USBUART_ep3_dma.c **** *       
  87:Generated_Source\PSoC5/USBUART_ep3_dma.c **** *       
ARM GAS  C:\Users\ingan\AppData\Local\Temp\ccNR2jVC.s 			page 3


  88:Generated_Source\PSoC5/USBUART_ep3_dma.c **** *   UpperDestAddress.
  89:Generated_Source\PSoC5/USBUART_ep3_dma.c **** *       
  90:Generated_Source\PSoC5/USBUART_ep3_dma.c **** *
  91:Generated_Source\PSoC5/USBUART_ep3_dma.c **** * Return:
  92:Generated_Source\PSoC5/USBUART_ep3_dma.c **** *   The channel that can be used by the caller for DMA activity.
  93:Generated_Source\PSoC5/USBUART_ep3_dma.c **** *   DMA_INVALID_CHANNEL (0xFF) if there are no channels left. 
  94:Generated_Source\PSoC5/USBUART_ep3_dma.c **** *
  95:Generated_Source\PSoC5/USBUART_ep3_dma.c **** *
  96:Generated_Source\PSoC5/USBUART_ep3_dma.c **** *******************************************************************/
  97:Generated_Source\PSoC5/USBUART_ep3_dma.c **** uint8 USBUART_ep3_DmaInitialize(uint8 BurstCount, uint8 ReqestPerBurst, uint16 UpperSrcAddress, uin
  98:Generated_Source\PSoC5/USBUART_ep3_dma.c **** {
  28              		.loc 1 98 0
  29              		.cfi_startproc
  30              		@ args = 0, pretend = 0, frame = 0
  31              		@ frame_needed = 0, uses_anonymous_args = 0
  32              	.LVL0:
  33 0000 2DE9F041 		push	{r4, r5, r6, r7, r8, lr}
  34              		.cfi_def_cfa_offset 24
  35              		.cfi_offset 4, -24
  36              		.cfi_offset 5, -20
  37              		.cfi_offset 6, -16
  38              		.cfi_offset 7, -12
  39              		.cfi_offset 8, -8
  40              		.cfi_offset 14, -4
  41 0004 1746     		mov	r7, r2
  42 0006 9846     		mov	r8, r3
  43 0008 82B0     		sub	sp, sp, #8
  44              		.cfi_def_cfa_offset 32
  99:Generated_Source\PSoC5/USBUART_ep3_dma.c **** 
 100:Generated_Source\PSoC5/USBUART_ep3_dma.c ****     /* Allocate a DMA channel. */
 101:Generated_Source\PSoC5/USBUART_ep3_dma.c ****     USBUART_ep3_DmaHandle = (uint8)USBUART_ep3__DRQ_NUMBER;
  45              		.loc 1 101 0
  46 000a 0C4C     		ldr	r4, .L3
  47 000c 0225     		movs	r5, #2
 102:Generated_Source\PSoC5/USBUART_ep3_dma.c **** 
 103:Generated_Source\PSoC5/USBUART_ep3_dma.c ****     /* Configure the channel. */
 104:Generated_Source\PSoC5/USBUART_ep3_dma.c ****     (void)CyDmaChSetConfiguration(USBUART_ep3_DmaHandle,
  48              		.loc 1 104 0
  49 000e 0026     		movs	r6, #0
  50 0010 3346     		mov	r3, r6
  51              	.LVL1:
  52 0012 0A46     		mov	r2, r1
  53              	.LVL2:
  54 0014 0196     		str	r6, [sp, #4]
  55 0016 0146     		mov	r1, r0
  56              	.LVL3:
  57 0018 0096     		str	r6, [sp]
  58 001a 2846     		mov	r0, r5
  59              	.LVL4:
 101:Generated_Source\PSoC5/USBUART_ep3_dma.c **** 
  60              		.loc 1 101 0
  61 001c 2570     		strb	r5, [r4]
  62              		.loc 1 104 0
  63 001e FFF7FEFF 		bl	CyDmaChSetConfiguration
  64              	.LVL5:
 105:Generated_Source\PSoC5/USBUART_ep3_dma.c ****                                   BurstCount,
 106:Generated_Source\PSoC5/USBUART_ep3_dma.c ****                                   ReqestPerBurst,
ARM GAS  C:\Users\ingan\AppData\Local\Temp\ccNR2jVC.s 			page 4


 107:Generated_Source\PSoC5/USBUART_ep3_dma.c ****                                   (uint8)USBUART_ep3__TERMOUT0_SEL,
 108:Generated_Source\PSoC5/USBUART_ep3_dma.c ****                                   (uint8)USBUART_ep3__TERMOUT1_SEL,
 109:Generated_Source\PSoC5/USBUART_ep3_dma.c ****                                   (uint8)USBUART_ep3__TERMIN_SEL);
 110:Generated_Source\PSoC5/USBUART_ep3_dma.c **** 
 111:Generated_Source\PSoC5/USBUART_ep3_dma.c ****     /* Set the extended address for the transfers */
 112:Generated_Source\PSoC5/USBUART_ep3_dma.c ****     (void)CyDmaChSetExtendedAddress(USBUART_ep3_DmaHandle, UpperSrcAddress, UpperDestAddress);
  65              		.loc 1 112 0
  66 0022 4246     		mov	r2, r8
  67 0024 3946     		mov	r1, r7
  68 0026 2078     		ldrb	r0, [r4]	@ zero_extendqisi2
  69 0028 FFF7FEFF 		bl	CyDmaChSetExtendedAddress
  70              	.LVL6:
 113:Generated_Source\PSoC5/USBUART_ep3_dma.c **** 
 114:Generated_Source\PSoC5/USBUART_ep3_dma.c ****     /* Set the priority for this channel */
 115:Generated_Source\PSoC5/USBUART_ep3_dma.c ****     (void)CyDmaChPriority(USBUART_ep3_DmaHandle, (uint8)USBUART_ep3__PRIORITY);
  71              		.loc 1 115 0
  72 002c 2946     		mov	r1, r5
  73 002e 2078     		ldrb	r0, [r4]	@ zero_extendqisi2
  74 0030 FFF7FEFF 		bl	CyDmaChPriority
  75              	.LVL7:
 116:Generated_Source\PSoC5/USBUART_ep3_dma.c ****     
 117:Generated_Source\PSoC5/USBUART_ep3_dma.c ****     return USBUART_ep3_DmaHandle;
 118:Generated_Source\PSoC5/USBUART_ep3_dma.c **** }
  76              		.loc 1 118 0
  77 0034 2078     		ldrb	r0, [r4]	@ zero_extendqisi2
  78 0036 02B0     		add	sp, sp, #8
  79              		.cfi_def_cfa_offset 24
  80              		@ sp needed
  81 0038 BDE8F081 		pop	{r4, r5, r6, r7, r8, pc}
  82              	.L4:
  83              		.align	2
  84              	.L3:
  85 003c 00000000 		.word	.LANCHOR0
  86              		.cfi_endproc
  87              	.LFE0:
  88              		.size	USBUART_ep3_DmaInitialize, .-USBUART_ep3_DmaInitialize
  89              		.section	.text.USBUART_ep3_DmaRelease,"ax",%progbits
  90              		.align	2
  91              		.global	USBUART_ep3_DmaRelease
  92              		.thumb
  93              		.thumb_func
  94              		.type	USBUART_ep3_DmaRelease, %function
  95              	USBUART_ep3_DmaRelease:
  96              	.LFB1:
 119:Generated_Source\PSoC5/USBUART_ep3_dma.c **** 
 120:Generated_Source\PSoC5/USBUART_ep3_dma.c **** /*********************************************************************
 121:Generated_Source\PSoC5/USBUART_ep3_dma.c **** * Function Name: void USBUART_ep3_DmaRelease
 122:Generated_Source\PSoC5/USBUART_ep3_dma.c **** **********************************************************************
 123:Generated_Source\PSoC5/USBUART_ep3_dma.c **** * Summary:
 124:Generated_Source\PSoC5/USBUART_ep3_dma.c **** *   Frees the channel associated with USBUART_ep3.
 125:Generated_Source\PSoC5/USBUART_ep3_dma.c **** *
 126:Generated_Source\PSoC5/USBUART_ep3_dma.c **** *
 127:Generated_Source\PSoC5/USBUART_ep3_dma.c **** * Parameters:
 128:Generated_Source\PSoC5/USBUART_ep3_dma.c **** *   void.
 129:Generated_Source\PSoC5/USBUART_ep3_dma.c **** *
 130:Generated_Source\PSoC5/USBUART_ep3_dma.c **** *
 131:Generated_Source\PSoC5/USBUART_ep3_dma.c **** *
ARM GAS  C:\Users\ingan\AppData\Local\Temp\ccNR2jVC.s 			page 5


 132:Generated_Source\PSoC5/USBUART_ep3_dma.c **** * Return:
 133:Generated_Source\PSoC5/USBUART_ep3_dma.c **** *   void.
 134:Generated_Source\PSoC5/USBUART_ep3_dma.c **** *
 135:Generated_Source\PSoC5/USBUART_ep3_dma.c **** *******************************************************************/
 136:Generated_Source\PSoC5/USBUART_ep3_dma.c **** void USBUART_ep3_DmaRelease(void) 
 137:Generated_Source\PSoC5/USBUART_ep3_dma.c **** {
  97              		.loc 1 137 0
  98              		.cfi_startproc
  99              		@ args = 0, pretend = 0, frame = 0
 100              		@ frame_needed = 0, uses_anonymous_args = 0
 101              		@ link register save eliminated.
 138:Generated_Source\PSoC5/USBUART_ep3_dma.c ****     /* Disable the channel */
 139:Generated_Source\PSoC5/USBUART_ep3_dma.c ****     (void)CyDmaChDisable(USBUART_ep3_DmaHandle);
 102              		.loc 1 139 0
 103 0000 014B     		ldr	r3, .L6
 104 0002 1878     		ldrb	r0, [r3]	@ zero_extendqisi2
 105 0004 FFF7FEBF 		b	CyDmaChDisable
 106              	.LVL8:
 107              	.L7:
 108              		.align	2
 109              	.L6:
 110 0008 00000000 		.word	.LANCHOR0
 111              		.cfi_endproc
 112              	.LFE1:
 113              		.size	USBUART_ep3_DmaRelease, .-USBUART_ep3_DmaRelease
 114              		.global	USBUART_ep3_DmaHandle
 115              		.data
 116              		.set	.LANCHOR0,. + 0
 117              		.type	USBUART_ep3_DmaHandle, %object
 118              		.size	USBUART_ep3_DmaHandle, 1
 119              	USBUART_ep3_DmaHandle:
 120 0000 FF       		.byte	-1
 121              		.text
 122              	.Letext0:
 123              		.file 2 "Generated_Source\\PSoC5/cytypes.h"
 124              		.file 3 "Generated_Source\\PSoC5/CYDMAC.H"
 125              		.section	.debug_info,"",%progbits
 126              	.Ldebug_info0:
 127 0000 A7010000 		.4byte	0x1a7
 128 0004 0400     		.2byte	0x4
 129 0006 00000000 		.4byte	.Ldebug_abbrev0
 130 000a 04       		.byte	0x4
 131 000b 01       		.uleb128 0x1
 132 000c 10000000 		.4byte	.LASF24
 133 0010 0C       		.byte	0xc
 134 0011 ED000000 		.4byte	.LASF25
 135 0015 EB010000 		.4byte	.LASF26
 136 0019 00000000 		.4byte	.Ldebug_ranges0+0
 137 001d 00000000 		.4byte	0
 138 0021 00000000 		.4byte	.Ldebug_line0
 139 0025 02       		.uleb128 0x2
 140 0026 04       		.byte	0x4
 141 0027 05       		.byte	0x5
 142 0028 696E7400 		.ascii	"int\000"
 143 002c 03       		.uleb128 0x3
 144 002d 04       		.byte	0x4
 145 002e 07       		.byte	0x7
ARM GAS  C:\Users\ingan\AppData\Local\Temp\ccNR2jVC.s 			page 6


 146 002f 6F010000 		.4byte	.LASF0
 147 0033 03       		.uleb128 0x3
 148 0034 08       		.byte	0x8
 149 0035 05       		.byte	0x5
 150 0036 C3010000 		.4byte	.LASF1
 151 003a 03       		.uleb128 0x3
 152 003b 08       		.byte	0x8
 153 003c 04       		.byte	0x4
 154 003d 4F020000 		.4byte	.LASF2
 155 0041 03       		.uleb128 0x3
 156 0042 01       		.byte	0x1
 157 0043 06       		.byte	0x6
 158 0044 5B020000 		.4byte	.LASF3
 159 0048 03       		.uleb128 0x3
 160 0049 01       		.byte	0x1
 161 004a 08       		.byte	0x8
 162 004b 16010000 		.4byte	.LASF4
 163 004f 03       		.uleb128 0x3
 164 0050 02       		.byte	0x2
 165 0051 05       		.byte	0x5
 166 0052 37020000 		.4byte	.LASF5
 167 0056 03       		.uleb128 0x3
 168 0057 02       		.byte	0x2
 169 0058 07       		.byte	0x7
 170 0059 BD000000 		.4byte	.LASF6
 171 005d 03       		.uleb128 0x3
 172 005e 04       		.byte	0x4
 173 005f 05       		.byte	0x5
 174 0060 41020000 		.4byte	.LASF7
 175 0064 03       		.uleb128 0x3
 176 0065 04       		.byte	0x4
 177 0066 07       		.byte	0x7
 178 0067 2F010000 		.4byte	.LASF8
 179 006b 03       		.uleb128 0x3
 180 006c 08       		.byte	0x8
 181 006d 07       		.byte	0x7
 182 006e 7C010000 		.4byte	.LASF9
 183 0072 03       		.uleb128 0x3
 184 0073 04       		.byte	0x4
 185 0074 07       		.byte	0x7
 186 0075 BA010000 		.4byte	.LASF10
 187 0079 03       		.uleb128 0x3
 188 007a 01       		.byte	0x1
 189 007b 08       		.byte	0x8
 190 007c 4A020000 		.4byte	.LASF11
 191 0080 04       		.uleb128 0x4
 192 0081 41010000 		.4byte	.LASF12
 193 0085 02       		.byte	0x2
 194 0086 E401     		.2byte	0x1e4
 195 0088 48000000 		.4byte	0x48
 196 008c 04       		.uleb128 0x4
 197 008d 4E010000 		.4byte	.LASF13
 198 0091 02       		.byte	0x2
 199 0092 E501     		.2byte	0x1e5
 200 0094 56000000 		.4byte	0x56
 201 0098 03       		.uleb128 0x3
 202 0099 04       		.byte	0x4
ARM GAS  C:\Users\ingan\AppData\Local\Temp\ccNR2jVC.s 			page 7


 203 009a 04       		.byte	0x4
 204 009b E7000000 		.4byte	.LASF14
 205 009f 03       		.uleb128 0x3
 206 00a0 08       		.byte	0x8
 207 00a1 04       		.byte	0x4
 208 00a2 47010000 		.4byte	.LASF15
 209 00a6 05       		.uleb128 0x5
 210 00a7 55010000 		.4byte	.LASF27
 211 00ab 01       		.byte	0x1
 212 00ac 61       		.byte	0x61
 213 00ad 80000000 		.4byte	0x80
 214 00b1 00000000 		.4byte	.LFB0
 215 00b5 40000000 		.4byte	.LFE0-.LFB0
 216 00b9 01       		.uleb128 0x1
 217 00ba 9C       		.byte	0x9c
 218 00bb 4E010000 		.4byte	0x14e
 219 00bf 06       		.uleb128 0x6
 220 00c0 24010000 		.4byte	.LASF16
 221 00c4 01       		.byte	0x1
 222 00c5 61       		.byte	0x61
 223 00c6 80000000 		.4byte	0x80
 224 00ca 00000000 		.4byte	.LLST0
 225 00ce 06       		.uleb128 0x6
 226 00cf AE000000 		.4byte	.LASF17
 227 00d3 01       		.byte	0x1
 228 00d4 61       		.byte	0x61
 229 00d5 80000000 		.4byte	0x80
 230 00d9 21000000 		.4byte	.LLST1
 231 00dd 06       		.uleb128 0x6
 232 00de 00000000 		.4byte	.LASF18
 233 00e2 01       		.byte	0x1
 234 00e3 61       		.byte	0x61
 235 00e4 8C000000 		.4byte	0x8c
 236 00e8 42000000 		.4byte	.LLST2
 237 00ec 06       		.uleb128 0x6
 238 00ed A9010000 		.4byte	.LASF19
 239 00f1 01       		.byte	0x1
 240 00f2 61       		.byte	0x61
 241 00f3 8C000000 		.4byte	0x8c
 242 00f7 63000000 		.4byte	.LLST3
 243 00fb 07       		.uleb128 0x7
 244 00fc 22000000 		.4byte	.LVL5
 245 0100 7E010000 		.4byte	0x17e
 246 0104 23010000 		.4byte	0x123
 247 0108 08       		.uleb128 0x8
 248 0109 01       		.uleb128 0x1
 249 010a 50       		.byte	0x50
 250 010b 02       		.uleb128 0x2
 251 010c 75       		.byte	0x75
 252 010d 00       		.sleb128 0
 253 010e 08       		.uleb128 0x8
 254 010f 01       		.uleb128 0x1
 255 0110 53       		.byte	0x53
 256 0111 02       		.uleb128 0x2
 257 0112 76       		.byte	0x76
 258 0113 00       		.sleb128 0
 259 0114 08       		.uleb128 0x8
ARM GAS  C:\Users\ingan\AppData\Local\Temp\ccNR2jVC.s 			page 8


 260 0115 02       		.uleb128 0x2
 261 0116 7D       		.byte	0x7d
 262 0117 00       		.sleb128 0
 263 0118 02       		.uleb128 0x2
 264 0119 76       		.byte	0x76
 265 011a 00       		.sleb128 0
 266 011b 08       		.uleb128 0x8
 267 011c 02       		.uleb128 0x2
 268 011d 7D       		.byte	0x7d
 269 011e 04       		.sleb128 4
 270 011f 02       		.uleb128 0x2
 271 0120 76       		.byte	0x76
 272 0121 00       		.sleb128 0
 273 0122 00       		.byte	0
 274 0123 07       		.uleb128 0x7
 275 0124 2C000000 		.4byte	.LVL6
 276 0128 89010000 		.4byte	0x189
 277 012c 3D010000 		.4byte	0x13d
 278 0130 08       		.uleb128 0x8
 279 0131 01       		.uleb128 0x1
 280 0132 51       		.byte	0x51
 281 0133 02       		.uleb128 0x2
 282 0134 77       		.byte	0x77
 283 0135 00       		.sleb128 0
 284 0136 08       		.uleb128 0x8
 285 0137 01       		.uleb128 0x1
 286 0138 52       		.byte	0x52
 287 0139 02       		.uleb128 0x2
 288 013a 78       		.byte	0x78
 289 013b 00       		.sleb128 0
 290 013c 00       		.byte	0
 291 013d 09       		.uleb128 0x9
 292 013e 34000000 		.4byte	.LVL7
 293 0142 94010000 		.4byte	0x194
 294 0146 08       		.uleb128 0x8
 295 0147 01       		.uleb128 0x1
 296 0148 51       		.byte	0x51
 297 0149 02       		.uleb128 0x2
 298 014a 75       		.byte	0x75
 299 014b 00       		.sleb128 0
 300 014c 00       		.byte	0
 301 014d 00       		.byte	0
 302 014e 0A       		.uleb128 0xa
 303 014f D0000000 		.4byte	.LASF28
 304 0153 01       		.byte	0x1
 305 0154 88       		.byte	0x88
 306 0155 00000000 		.4byte	.LFB1
 307 0159 0C000000 		.4byte	.LFE1-.LFB1
 308 015d 01       		.uleb128 0x1
 309 015e 9C       		.byte	0x9c
 310 015f 6D010000 		.4byte	0x16d
 311 0163 0B       		.uleb128 0xb
 312 0164 08000000 		.4byte	.LVL8
 313 0168 9F010000 		.4byte	0x19f
 314 016c 00       		.byte	0
 315 016d 0C       		.uleb128 0xc
 316 016e 93010000 		.4byte	.LASF29
ARM GAS  C:\Users\ingan\AppData\Local\Temp\ccNR2jVC.s 			page 9


 317 0172 01       		.byte	0x1
 318 0173 45       		.byte	0x45
 319 0174 80000000 		.4byte	0x80
 320 0178 05       		.uleb128 0x5
 321 0179 03       		.byte	0x3
 322 017a 00000000 		.4byte	USBUART_ep3_DmaHandle
 323 017e 0D       		.uleb128 0xd
 324 017f 76020000 		.4byte	.LASF20
 325 0183 76020000 		.4byte	.LASF20
 326 0187 03       		.byte	0x3
 327 0188 33       		.byte	0x33
 328 0189 0D       		.uleb128 0xd
 329 018a D1010000 		.4byte	.LASF21
 330 018e D1010000 		.4byte	.LASF21
 331 0192 03       		.byte	0x3
 332 0193 2D       		.byte	0x2d
 333 0194 0D       		.uleb128 0xd
 334 0195 9E000000 		.4byte	.LASF22
 335 0199 9E000000 		.4byte	.LASF22
 336 019d 03       		.byte	0x3
 337 019e 2C       		.byte	0x2c
 338 019f 0D       		.uleb128 0xd
 339 01a0 67020000 		.4byte	.LASF23
 340 01a4 67020000 		.4byte	.LASF23
 341 01a8 03       		.byte	0x3
 342 01a9 2A       		.byte	0x2a
 343 01aa 00       		.byte	0
 344              		.section	.debug_abbrev,"",%progbits
 345              	.Ldebug_abbrev0:
 346 0000 01       		.uleb128 0x1
 347 0001 11       		.uleb128 0x11
 348 0002 01       		.byte	0x1
 349 0003 25       		.uleb128 0x25
 350 0004 0E       		.uleb128 0xe
 351 0005 13       		.uleb128 0x13
 352 0006 0B       		.uleb128 0xb
 353 0007 03       		.uleb128 0x3
 354 0008 0E       		.uleb128 0xe
 355 0009 1B       		.uleb128 0x1b
 356 000a 0E       		.uleb128 0xe
 357 000b 55       		.uleb128 0x55
 358 000c 17       		.uleb128 0x17
 359 000d 11       		.uleb128 0x11
 360 000e 01       		.uleb128 0x1
 361 000f 10       		.uleb128 0x10
 362 0010 17       		.uleb128 0x17
 363 0011 00       		.byte	0
 364 0012 00       		.byte	0
 365 0013 02       		.uleb128 0x2
 366 0014 24       		.uleb128 0x24
 367 0015 00       		.byte	0
 368 0016 0B       		.uleb128 0xb
 369 0017 0B       		.uleb128 0xb
 370 0018 3E       		.uleb128 0x3e
 371 0019 0B       		.uleb128 0xb
 372 001a 03       		.uleb128 0x3
 373 001b 08       		.uleb128 0x8
ARM GAS  C:\Users\ingan\AppData\Local\Temp\ccNR2jVC.s 			page 10


 374 001c 00       		.byte	0
 375 001d 00       		.byte	0
 376 001e 03       		.uleb128 0x3
 377 001f 24       		.uleb128 0x24
 378 0020 00       		.byte	0
 379 0021 0B       		.uleb128 0xb
 380 0022 0B       		.uleb128 0xb
 381 0023 3E       		.uleb128 0x3e
 382 0024 0B       		.uleb128 0xb
 383 0025 03       		.uleb128 0x3
 384 0026 0E       		.uleb128 0xe
 385 0027 00       		.byte	0
 386 0028 00       		.byte	0
 387 0029 04       		.uleb128 0x4
 388 002a 16       		.uleb128 0x16
 389 002b 00       		.byte	0
 390 002c 03       		.uleb128 0x3
 391 002d 0E       		.uleb128 0xe
 392 002e 3A       		.uleb128 0x3a
 393 002f 0B       		.uleb128 0xb
 394 0030 3B       		.uleb128 0x3b
 395 0031 05       		.uleb128 0x5
 396 0032 49       		.uleb128 0x49
 397 0033 13       		.uleb128 0x13
 398 0034 00       		.byte	0
 399 0035 00       		.byte	0
 400 0036 05       		.uleb128 0x5
 401 0037 2E       		.uleb128 0x2e
 402 0038 01       		.byte	0x1
 403 0039 3F       		.uleb128 0x3f
 404 003a 19       		.uleb128 0x19
 405 003b 03       		.uleb128 0x3
 406 003c 0E       		.uleb128 0xe
 407 003d 3A       		.uleb128 0x3a
 408 003e 0B       		.uleb128 0xb
 409 003f 3B       		.uleb128 0x3b
 410 0040 0B       		.uleb128 0xb
 411 0041 27       		.uleb128 0x27
 412 0042 19       		.uleb128 0x19
 413 0043 49       		.uleb128 0x49
 414 0044 13       		.uleb128 0x13
 415 0045 11       		.uleb128 0x11
 416 0046 01       		.uleb128 0x1
 417 0047 12       		.uleb128 0x12
 418 0048 06       		.uleb128 0x6
 419 0049 40       		.uleb128 0x40
 420 004a 18       		.uleb128 0x18
 421 004b 9742     		.uleb128 0x2117
 422 004d 19       		.uleb128 0x19
 423 004e 01       		.uleb128 0x1
 424 004f 13       		.uleb128 0x13
 425 0050 00       		.byte	0
 426 0051 00       		.byte	0
 427 0052 06       		.uleb128 0x6
 428 0053 05       		.uleb128 0x5
 429 0054 00       		.byte	0
 430 0055 03       		.uleb128 0x3
ARM GAS  C:\Users\ingan\AppData\Local\Temp\ccNR2jVC.s 			page 11


 431 0056 0E       		.uleb128 0xe
 432 0057 3A       		.uleb128 0x3a
 433 0058 0B       		.uleb128 0xb
 434 0059 3B       		.uleb128 0x3b
 435 005a 0B       		.uleb128 0xb
 436 005b 49       		.uleb128 0x49
 437 005c 13       		.uleb128 0x13
 438 005d 02       		.uleb128 0x2
 439 005e 17       		.uleb128 0x17
 440 005f 00       		.byte	0
 441 0060 00       		.byte	0
 442 0061 07       		.uleb128 0x7
 443 0062 898201   		.uleb128 0x4109
 444 0065 01       		.byte	0x1
 445 0066 11       		.uleb128 0x11
 446 0067 01       		.uleb128 0x1
 447 0068 31       		.uleb128 0x31
 448 0069 13       		.uleb128 0x13
 449 006a 01       		.uleb128 0x1
 450 006b 13       		.uleb128 0x13
 451 006c 00       		.byte	0
 452 006d 00       		.byte	0
 453 006e 08       		.uleb128 0x8
 454 006f 8A8201   		.uleb128 0x410a
 455 0072 00       		.byte	0
 456 0073 02       		.uleb128 0x2
 457 0074 18       		.uleb128 0x18
 458 0075 9142     		.uleb128 0x2111
 459 0077 18       		.uleb128 0x18
 460 0078 00       		.byte	0
 461 0079 00       		.byte	0
 462 007a 09       		.uleb128 0x9
 463 007b 898201   		.uleb128 0x4109
 464 007e 01       		.byte	0x1
 465 007f 11       		.uleb128 0x11
 466 0080 01       		.uleb128 0x1
 467 0081 31       		.uleb128 0x31
 468 0082 13       		.uleb128 0x13
 469 0083 00       		.byte	0
 470 0084 00       		.byte	0
 471 0085 0A       		.uleb128 0xa
 472 0086 2E       		.uleb128 0x2e
 473 0087 01       		.byte	0x1
 474 0088 3F       		.uleb128 0x3f
 475 0089 19       		.uleb128 0x19
 476 008a 03       		.uleb128 0x3
 477 008b 0E       		.uleb128 0xe
 478 008c 3A       		.uleb128 0x3a
 479 008d 0B       		.uleb128 0xb
 480 008e 3B       		.uleb128 0x3b
 481 008f 0B       		.uleb128 0xb
 482 0090 27       		.uleb128 0x27
 483 0091 19       		.uleb128 0x19
 484 0092 11       		.uleb128 0x11
 485 0093 01       		.uleb128 0x1
 486 0094 12       		.uleb128 0x12
 487 0095 06       		.uleb128 0x6
ARM GAS  C:\Users\ingan\AppData\Local\Temp\ccNR2jVC.s 			page 12


 488 0096 40       		.uleb128 0x40
 489 0097 18       		.uleb128 0x18
 490 0098 9742     		.uleb128 0x2117
 491 009a 19       		.uleb128 0x19
 492 009b 01       		.uleb128 0x1
 493 009c 13       		.uleb128 0x13
 494 009d 00       		.byte	0
 495 009e 00       		.byte	0
 496 009f 0B       		.uleb128 0xb
 497 00a0 898201   		.uleb128 0x4109
 498 00a3 00       		.byte	0
 499 00a4 11       		.uleb128 0x11
 500 00a5 01       		.uleb128 0x1
 501 00a6 9542     		.uleb128 0x2115
 502 00a8 19       		.uleb128 0x19
 503 00a9 31       		.uleb128 0x31
 504 00aa 13       		.uleb128 0x13
 505 00ab 00       		.byte	0
 506 00ac 00       		.byte	0
 507 00ad 0C       		.uleb128 0xc
 508 00ae 34       		.uleb128 0x34
 509 00af 00       		.byte	0
 510 00b0 03       		.uleb128 0x3
 511 00b1 0E       		.uleb128 0xe
 512 00b2 3A       		.uleb128 0x3a
 513 00b3 0B       		.uleb128 0xb
 514 00b4 3B       		.uleb128 0x3b
 515 00b5 0B       		.uleb128 0xb
 516 00b6 49       		.uleb128 0x49
 517 00b7 13       		.uleb128 0x13
 518 00b8 3F       		.uleb128 0x3f
 519 00b9 19       		.uleb128 0x19
 520 00ba 02       		.uleb128 0x2
 521 00bb 18       		.uleb128 0x18
 522 00bc 00       		.byte	0
 523 00bd 00       		.byte	0
 524 00be 0D       		.uleb128 0xd
 525 00bf 2E       		.uleb128 0x2e
 526 00c0 00       		.byte	0
 527 00c1 3F       		.uleb128 0x3f
 528 00c2 19       		.uleb128 0x19
 529 00c3 3C       		.uleb128 0x3c
 530 00c4 19       		.uleb128 0x19
 531 00c5 6E       		.uleb128 0x6e
 532 00c6 0E       		.uleb128 0xe
 533 00c7 03       		.uleb128 0x3
 534 00c8 0E       		.uleb128 0xe
 535 00c9 3A       		.uleb128 0x3a
 536 00ca 0B       		.uleb128 0xb
 537 00cb 3B       		.uleb128 0x3b
 538 00cc 0B       		.uleb128 0xb
 539 00cd 00       		.byte	0
 540 00ce 00       		.byte	0
 541 00cf 00       		.byte	0
 542              		.section	.debug_loc,"",%progbits
 543              	.Ldebug_loc0:
 544              	.LLST0:
ARM GAS  C:\Users\ingan\AppData\Local\Temp\ccNR2jVC.s 			page 13


 545 0000 00000000 		.4byte	.LVL0
 546 0004 1C000000 		.4byte	.LVL4
 547 0008 0100     		.2byte	0x1
 548 000a 50       		.byte	0x50
 549 000b 1C000000 		.4byte	.LVL4
 550 000f 40000000 		.4byte	.LFE0
 551 0013 0400     		.2byte	0x4
 552 0015 F3       		.byte	0xf3
 553 0016 01       		.uleb128 0x1
 554 0017 50       		.byte	0x50
 555 0018 9F       		.byte	0x9f
 556 0019 00000000 		.4byte	0
 557 001d 00000000 		.4byte	0
 558              	.LLST1:
 559 0021 00000000 		.4byte	.LVL0
 560 0025 18000000 		.4byte	.LVL3
 561 0029 0100     		.2byte	0x1
 562 002b 51       		.byte	0x51
 563 002c 18000000 		.4byte	.LVL3
 564 0030 40000000 		.4byte	.LFE0
 565 0034 0400     		.2byte	0x4
 566 0036 F3       		.byte	0xf3
 567 0037 01       		.uleb128 0x1
 568 0038 51       		.byte	0x51
 569 0039 9F       		.byte	0x9f
 570 003a 00000000 		.4byte	0
 571 003e 00000000 		.4byte	0
 572              	.LLST2:
 573 0042 00000000 		.4byte	.LVL0
 574 0046 14000000 		.4byte	.LVL2
 575 004a 0100     		.2byte	0x1
 576 004c 52       		.byte	0x52
 577 004d 14000000 		.4byte	.LVL2
 578 0051 40000000 		.4byte	.LFE0
 579 0055 0400     		.2byte	0x4
 580 0057 F3       		.byte	0xf3
 581 0058 01       		.uleb128 0x1
 582 0059 52       		.byte	0x52
 583 005a 9F       		.byte	0x9f
 584 005b 00000000 		.4byte	0
 585 005f 00000000 		.4byte	0
 586              	.LLST3:
 587 0063 00000000 		.4byte	.LVL0
 588 0067 12000000 		.4byte	.LVL1
 589 006b 0100     		.2byte	0x1
 590 006d 53       		.byte	0x53
 591 006e 12000000 		.4byte	.LVL1
 592 0072 40000000 		.4byte	.LFE0
 593 0076 0400     		.2byte	0x4
 594 0078 F3       		.byte	0xf3
 595 0079 01       		.uleb128 0x1
 596 007a 53       		.byte	0x53
 597 007b 9F       		.byte	0x9f
 598 007c 00000000 		.4byte	0
 599 0080 00000000 		.4byte	0
 600              		.section	.debug_aranges,"",%progbits
 601 0000 24000000 		.4byte	0x24
ARM GAS  C:\Users\ingan\AppData\Local\Temp\ccNR2jVC.s 			page 14


 602 0004 0200     		.2byte	0x2
 603 0006 00000000 		.4byte	.Ldebug_info0
 604 000a 04       		.byte	0x4
 605 000b 00       		.byte	0
 606 000c 0000     		.2byte	0
 607 000e 0000     		.2byte	0
 608 0010 00000000 		.4byte	.LFB0
 609 0014 40000000 		.4byte	.LFE0-.LFB0
 610 0018 00000000 		.4byte	.LFB1
 611 001c 0C000000 		.4byte	.LFE1-.LFB1
 612 0020 00000000 		.4byte	0
 613 0024 00000000 		.4byte	0
 614              		.section	.debug_ranges,"",%progbits
 615              	.Ldebug_ranges0:
 616 0000 00000000 		.4byte	.LFB0
 617 0004 40000000 		.4byte	.LFE0
 618 0008 00000000 		.4byte	.LFB1
 619 000c 0C000000 		.4byte	.LFE1
 620 0010 00000000 		.4byte	0
 621 0014 00000000 		.4byte	0
 622              		.section	.debug_line,"",%progbits
 623              	.Ldebug_line0:
 624 0000 86000000 		.section	.debug_str,"MS",%progbits,1
 624      02005800 
 624      00000201 
 624      FB0E0D00 
 624      01010101 
 625              	.LASF18:
 626 0000 55707065 		.ascii	"UpperSrcAddress\000"
 626      72537263 
 626      41646472 
 626      65737300 
 627              	.LASF24:
 628 0010 474E5520 		.ascii	"GNU C11 5.4.1 20160609 (release) [ARM/embedded-5-br"
 628      43313120 
 628      352E342E 
 628      31203230 
 628      31363036 
 629 0043 616E6368 		.ascii	"anch revision 237715] -mcpu=cortex-m3 -mthumb -g -O"
 629      20726576 
 629      6973696F 
 629      6E203233 
 629      37373135 
 630 0076 33202D66 		.ascii	"3 -ffunction-sections -ffat-lto-objects\000"
 630      66756E63 
 630      74696F6E 
 630      2D736563 
 630      74696F6E 
 631              	.LASF22:
 632 009e 4379446D 		.ascii	"CyDmaChPriority\000"
 632      61436850 
 632      72696F72 
 632      69747900 
 633              	.LASF17:
 634 00ae 52657165 		.ascii	"ReqestPerBurst\000"
 634      73745065 
 634      72427572 
ARM GAS  C:\Users\ingan\AppData\Local\Temp\ccNR2jVC.s 			page 15


 634      737400
 635              	.LASF6:
 636 00bd 73686F72 		.ascii	"short unsigned int\000"
 636      7420756E 
 636      7369676E 
 636      65642069 
 636      6E7400
 637              	.LASF28:
 638 00d0 55534255 		.ascii	"USBUART_ep3_DmaRelease\000"
 638      4152545F 
 638      6570335F 
 638      446D6152 
 638      656C6561 
 639              	.LASF14:
 640 00e7 666C6F61 		.ascii	"float\000"
 640      7400
 641              	.LASF25:
 642 00ed 47656E65 		.ascii	"Generated_Source\\PSoC5\\USBUART_ep3_dma.c\000"
 642      72617465 
 642      645F536F 
 642      75726365 
 642      5C50536F 
 643              	.LASF4:
 644 0116 756E7369 		.ascii	"unsigned char\000"
 644      676E6564 
 644      20636861 
 644      7200
 645              	.LASF16:
 646 0124 42757273 		.ascii	"BurstCount\000"
 646      74436F75 
 646      6E7400
 647              	.LASF8:
 648 012f 6C6F6E67 		.ascii	"long unsigned int\000"
 648      20756E73 
 648      69676E65 
 648      6420696E 
 648      7400
 649              	.LASF12:
 650 0141 75696E74 		.ascii	"uint8\000"
 650      3800
 651              	.LASF15:
 652 0147 646F7562 		.ascii	"double\000"
 652      6C6500
 653              	.LASF13:
 654 014e 75696E74 		.ascii	"uint16\000"
 654      313600
 655              	.LASF27:
 656 0155 55534255 		.ascii	"USBUART_ep3_DmaInitialize\000"
 656      4152545F 
 656      6570335F 
 656      446D6149 
 656      6E697469 
 657              	.LASF0:
 658 016f 756E7369 		.ascii	"unsigned int\000"
 658      676E6564 
 658      20696E74 
 658      00
ARM GAS  C:\Users\ingan\AppData\Local\Temp\ccNR2jVC.s 			page 16


 659              	.LASF9:
 660 017c 6C6F6E67 		.ascii	"long long unsigned int\000"
 660      206C6F6E 
 660      6720756E 
 660      7369676E 
 660      65642069 
 661              	.LASF29:
 662 0193 55534255 		.ascii	"USBUART_ep3_DmaHandle\000"
 662      4152545F 
 662      6570335F 
 662      446D6148 
 662      616E646C 
 663              	.LASF19:
 664 01a9 55707065 		.ascii	"UpperDestAddress\000"
 664      72446573 
 664      74416464 
 664      72657373 
 664      00
 665              	.LASF10:
 666 01ba 73697A65 		.ascii	"sizetype\000"
 666      74797065 
 666      00
 667              	.LASF1:
 668 01c3 6C6F6E67 		.ascii	"long long int\000"
 668      206C6F6E 
 668      6720696E 
 668      7400
 669              	.LASF21:
 670 01d1 4379446D 		.ascii	"CyDmaChSetExtendedAddress\000"
 670      61436853 
 670      65744578 
 670      74656E64 
 670      65644164 
 671              	.LASF26:
 672 01eb 433A5C55 		.ascii	"C:\\Users\\ingan\\Documents\\PSoC Creator\\MegaDriv"
 672      73657273 
 672      5C696E67 
 672      616E5C44 
 672      6F63756D 
 673 0219 655F706C 		.ascii	"e_player\\VGMPlayer_v0.6.cydsn\000"
 673      61796572 
 673      5C56474D 
 673      506C6179 
 673      65725F76 
 674              	.LASF5:
 675 0237 73686F72 		.ascii	"short int\000"
 675      7420696E 
 675      7400
 676              	.LASF7:
 677 0241 6C6F6E67 		.ascii	"long int\000"
 677      20696E74 
 677      00
 678              	.LASF11:
 679 024a 63686172 		.ascii	"char\000"
 679      00
 680              	.LASF2:
 681 024f 6C6F6E67 		.ascii	"long double\000"
ARM GAS  C:\Users\ingan\AppData\Local\Temp\ccNR2jVC.s 			page 17


 681      20646F75 
 681      626C6500 
 682              	.LASF3:
 683 025b 7369676E 		.ascii	"signed char\000"
 683      65642063 
 683      68617200 
 684              	.LASF23:
 685 0267 4379446D 		.ascii	"CyDmaChDisable\000"
 685      61436844 
 685      69736162 
 685      6C6500
 686              	.LASF20:
 687 0276 4379446D 		.ascii	"CyDmaChSetConfiguration\000"
 687      61436853 
 687      6574436F 
 687      6E666967 
 687      75726174 
 688              		.ident	"GCC: (GNU Tools for ARM Embedded Processors) 5.4.1 20160609 (release) [ARM/embedded-5-bran
