ARM GAS  C:\Users\ingan\AppData\Local\Temp\cclwkKOZ.s 			page 1


   1              		.syntax unified
   2              		.cpu cortex-m3
   3              		.fpu softvfp
   4              		.eabi_attribute 20, 1
   5              		.eabi_attribute 21, 1
   6              		.eabi_attribute 23, 3
   7              		.eabi_attribute 24, 1
   8              		.eabi_attribute 25, 1
   9              		.eabi_attribute 26, 1
  10              		.eabi_attribute 30, 1
  11              		.eabi_attribute 34, 1
  12              		.eabi_attribute 18, 4
  13              		.thumb
  14              		.syntax unified
  15              		.file	"main.c"
  16              		.text
  17              	.Ltext0:
  18              		.cfi_sections	.debug_frame
  19              		.section	.text.sampleRateIRQ,"ax",%progbits
  20              		.align	2
  21              		.global	sampleRateIRQ
  22              		.thumb
  23              		.thumb_func
  24              		.type	sampleRateIRQ, %function
  25              	sampleRateIRQ:
  26              	.LFB64:
  27              		.file 1 "main.c"
   1:main.c        **** /* ========================================
   2:main.c        ****  *
   3:main.c        ****  * Copyright YOUR COMPANY, THE YEAR
   4:main.c        ****  * All Rights Reserved
   5:main.c        ****  * UNPUBLISHED, LICENSED SOFTWARE.
   6:main.c        ****  *
   7:main.c        ****  * CONFIDENTIAL AND PROPRIETARY INFORMATION
   8:main.c        ****  * WHICH IS THE PROPERTY OF your company.
   9:main.c        ****  *
  10:main.c        ****  * ========================================
  11:main.c        **** */
  12:main.c        **** #include "project.h"
  13:main.c        **** #include "stdio.h"
  14:main.c        **** #include "tty_utils.h"
  15:main.c        **** #include "utils.h"
  16:main.c        **** #include "usb_uart.h"
  17:main.c        **** 
  18:main.c        **** extern uint8_t rx_flag;
  19:main.c        **** extern uint16_t count;
  20:main.c        **** extern uint8_t buffer[USBUART_BUFFER_SIZE];
  21:main.c        **** //extern uint8_t buffer;
  22:main.c        **** 
  23:main.c        **** uint32_t test = 0;
  24:main.c        **** uint8_t isrFlag = 0;
  25:main.c        **** 
  26:main.c        **** void ym2612_write_step (uint8_t data);
  27:main.c        **** void ym2612_write(uint8_t reg, uint8_t data, uint8_t port);
  28:main.c        **** void sn76489_write(uint8_t data);
  29:main.c        **** void ym2612_reset();
  30:main.c        **** void ym2612_init (void);
ARM GAS  C:\Users\ingan\AppData\Local\Temp\cclwkKOZ.s 			page 2


  31:main.c        **** void SilenceAllChannels();
  32:main.c        **** void init_hardware(void);
  33:main.c        **** 
  34:main.c        **** CY_ISR(sampleRateIRQ){
  28              		.loc 1 34 0
  29              		.cfi_startproc
  30              		@ args = 0, pretend = 0, frame = 0
  31              		@ frame_needed = 0, uses_anonymous_args = 0
  32              		@ link register save eliminated.
  35:main.c        ****     isrFlag = 1;
  33              		.loc 1 35 0
  34 0000 0122     		movs	r2, #1
  35 0002 014B     		ldr	r3, .L2
  36 0004 1A70     		strb	r2, [r3]
  37 0006 7047     		bx	lr
  38              	.L3:
  39              		.align	2
  40              	.L2:
  41 0008 00000000 		.word	.LANCHOR0
  42              		.cfi_endproc
  43              	.LFE64:
  44              		.size	sampleRateIRQ, .-sampleRateIRQ
  45              		.section	.text.ym2612_write_step,"ax",%progbits
  46              		.align	2
  47              		.global	ym2612_write_step
  48              		.thumb
  49              		.thumb_func
  50              		.type	ym2612_write_step, %function
  51              	ym2612_write_step:
  52              	.LFB67:
  36:main.c        **** }
  37:main.c        **** 
  38:main.c        **** int main(void) {
  39:main.c        **** 
  40:main.c        ****     init_hardware();
  41:main.c        ****     //splash("USBFS-UART demo") ;
  42:main.c        ****     //cls();
  43:main.c        ****     //print("\033c") ; /* reset */
  44:main.c        ****     //CyDelay(20) ;
  45:main.c        ****     while (0u == USBUART_CDCIsReady())
  46:main.c        ****     {
  47:main.c        ****     }
  48:main.c        ****     USBUART_PutString("\0");
  49:main.c        ****     isr_1_StartEx(sampleRateIRQ);
  50:main.c        **** 
  51:main.c        ****     for(;;)
  52:main.c        ****     {
  53:main.c        ****         //try_all_address();
  54:main.c        ****         //do_demo();      
  55:main.c        **** //        do_usbuart();
  56:main.c        ****         if (isrFlag==1)
  57:main.c        ****         {   
  58:main.c        ****             //USBUART_PutData(buffer, count);
  59:main.c        ****             isrFlag = 0;
  60:main.c        ****             if (rx_flag == 1)
  61:main.c        ****             {
  62:main.c        ****                 rx_flag = 0;
ARM GAS  C:\Users\ingan\AppData\Local\Temp\cclwkKOZ.s 			page 3


  63:main.c        ****                 count = USBUART_GetAll(buffer);
  64:main.c        ****             
  65:main.c        ****                 switch (buffer[0])
  66:main.c        ****                 {
  67:main.c        ****                                          
  68:main.c        ****                     case 0x50: // 0x50 	dd 	PSG (SN76489/SN76496) write value dd
  69:main.c        ****                         
  70:main.c        ****                         sn76489_write(buffer[1]);
  71:main.c        ****                         break;
  72:main.c        ****                     
  73:main.c        ****                     case 0x52: // 0x52 	aa dd  YM2612 port 0, write value dd to register aa
  74:main.c        ****                     case 0x53: // 0x53 	aa dd  YM2612 port 1, write value dd to register aa
  75:main.c        **** 
  76:main.c        ****                         ym2612_write(buffer[1], buffer[2], buffer[0] & 0x01);
  77:main.c        ****                         break;
  78:main.c        ****                         
  79:main.c        ****                     case 0x60:
  80:main.c        ****                         
  81:main.c        ****                         ym2612_write(0x2a, buffer[1], 0x00);
  82:main.c        ****                         break;
  83:main.c        ****                        
  84:main.c        ****                     default: break;
  85:main.c        ****                 }
  86:main.c        ****                 
  87:main.c        ****                 test += count;
  88:main.c        ****             }
  89:main.c        ****         }
  90:main.c        ****     }  
  91:main.c        **** }
  92:main.c        **** 
  93:main.c        **** void init_hardware(void) 
  94:main.c        **** {
  95:main.c        ****     SilenceAllChannels();
  96:main.c        ****     CyGlobalIntEnable; /* Enable global interrupts. */
  97:main.c        **** 
  98:main.c        ****     tty_init() ;
  99:main.c        **** }
 100:main.c        **** 
 101:main.c        **** void ym2612_write_step (uint8_t data)
 102:main.c        **** {
  53              		.loc 1 102 0
  54              		.cfi_startproc
  55              		@ args = 0, pretend = 0, frame = 0
  56              		@ frame_needed = 0, uses_anonymous_args = 0
  57              	.LVL0:
  58 0000 10B5     		push	{r4, lr}
  59              		.cfi_def_cfa_offset 8
  60              		.cfi_offset 4, -8
  61              		.cfi_offset 14, -4
  62 0002 0446     		mov	r4, r0
 103:main.c        ****   // CS Pin low
 104:main.c        ****   YM_CS_Write(0);
  63              		.loc 1 104 0
  64 0004 0020     		movs	r0, #0
  65              	.LVL1:
  66 0006 FFF7FEFF 		bl	YM_CS_Write
  67              	.LVL2:
ARM GAS  C:\Users\ingan\AppData\Local\Temp\cclwkKOZ.s 			page 4


 105:main.c        ****   // DATA to bus
 106:main.c        ****   YM_Data_Write(data);
  68              		.loc 1 106 0
  69 000a 2046     		mov	r0, r4
  70 000c FFF7FEFF 		bl	YM_Data_Write
  71              	.LVL3:
 107:main.c        ****   // WR data
 108:main.c        ****   YM_WR_Write(0);
  72              		.loc 1 108 0
  73 0010 0020     		movs	r0, #0
  74 0012 FFF7FEFF 		bl	YM_WR_Write
  75              	.LVL4:
 109:main.c        ****   YM_RD_Write(1);
  76              		.loc 1 109 0
  77 0016 0120     		movs	r0, #1
  78 0018 FFF7FEFF 		bl	YM_RD_Write
  79              	.LVL5:
 110:main.c        ****   //CyDelayCycles(1);
 111:main.c        ****   CyDelayUs(3);
  80              		.loc 1 111 0
  81 001c 0320     		movs	r0, #3
  82 001e FFF7FEFF 		bl	CyDelayUs
  83              	.LVL6:
 112:main.c        ****   YM_WR_Write(1);
  84              		.loc 1 112 0
  85 0022 0120     		movs	r0, #1
  86 0024 FFF7FEFF 		bl	YM_WR_Write
  87              	.LVL7:
 113:main.c        ****   YM_RD_Write(0);
  88              		.loc 1 113 0
  89 0028 0020     		movs	r0, #0
  90 002a FFF7FEFF 		bl	YM_RD_Write
  91              	.LVL8:
 114:main.c        ****   // CS Pin high
 115:main.c        ****   YM_CS_Write(1);
  92              		.loc 1 115 0
  93 002e 0120     		movs	r0, #1
  94 0030 FFF7FEFF 		bl	YM_CS_Write
  95              	.LVL9:
 116:main.c        ****   CyDelayUs(3);
  96              		.loc 1 116 0
  97 0034 0320     		movs	r0, #3
  98 0036 FFF7FEFF 		bl	CyDelayUs
  99              	.LVL10:
 100 003a 10BD     		pop	{r4, pc}
 101              		.cfi_endproc
 102              	.LFE67:
 103              		.size	ym2612_write_step, .-ym2612_write_step
 104              		.section	.text.ym2612_write,"ax",%progbits
 105              		.align	2
 106              		.global	ym2612_write
 107              		.thumb
 108              		.thumb_func
 109              		.type	ym2612_write, %function
 110              	ym2612_write:
 111              	.LFB68:
 117:main.c        ****   //CyDelayCycles(1);
ARM GAS  C:\Users\ingan\AppData\Local\Temp\cclwkKOZ.s 			page 5


 118:main.c        **** }
 119:main.c        **** 
 120:main.c        **** void ym2612_write(uint8_t reg, uint8_t data, uint8_t port)
 121:main.c        **** {
 112              		.loc 1 121 0
 113              		.cfi_startproc
 114              		@ args = 0, pretend = 0, frame = 0
 115              		@ frame_needed = 0, uses_anonymous_args = 0
 116              	.LVL11:
 117 0000 38B5     		push	{r3, r4, r5, lr}
 118              		.cfi_def_cfa_offset 16
 119              		.cfi_offset 3, -16
 120              		.cfi_offset 4, -12
 121              		.cfi_offset 5, -8
 122              		.cfi_offset 14, -4
 123 0002 0546     		mov	r5, r0
 124 0004 0C46     		mov	r4, r1
 122:main.c        ****   // A1 selects part0 (channels 1-3) or part1 (channels 1-6)
 123:main.c        ****   YM_A1_Write(port);
 125              		.loc 1 123 0
 126 0006 1046     		mov	r0, r2
 127              	.LVL12:
 128 0008 FFF7FEFF 		bl	YM_A1_Write
 129              	.LVL13:
 124:main.c        ****   YM_A0_Write(0);
 130              		.loc 1 124 0
 131 000c 0020     		movs	r0, #0
 132 000e FFF7FEFF 		bl	YM_A0_Write
 133              	.LVL14:
 125:main.c        ****   // write register selection
 126:main.c        ****   ym2612_write_step(reg);
 134              		.loc 1 126 0
 135 0012 2846     		mov	r0, r5
 136 0014 FFF7FEFF 		bl	ym2612_write_step
 137              	.LVL15:
 127:main.c        ****   // data part 0 (channels 1-3)
 128:main.c        ****   // A1 low, A0 high
 129:main.c        ****   YM_A0_Write(1);
 138              		.loc 1 129 0
 139 0018 0120     		movs	r0, #1
 140 001a FFF7FEFF 		bl	YM_A0_Write
 141              	.LVL16:
 130:main.c        ****   ym2612_write_step(data);
 142              		.loc 1 130 0
 143 001e 2046     		mov	r0, r4
 144 0020 FFF7FEFF 		bl	ym2612_write_step
 145              	.LVL17:
 146 0024 38BD     		pop	{r3, r4, r5, pc}
 147              		.cfi_endproc
 148              	.LFE68:
 149              		.size	ym2612_write, .-ym2612_write
 150 0026 00BF     		.section	.text.sn76489_write,"ax",%progbits
 151              		.align	2
 152              		.global	sn76489_write
 153              		.thumb
 154              		.thumb_func
 155              		.type	sn76489_write, %function
ARM GAS  C:\Users\ingan\AppData\Local\Temp\cclwkKOZ.s 			page 6


 156              	sn76489_write:
 157              	.LFB69:
 131:main.c        **** }
 132:main.c        **** 
 133:main.c        **** void sn76489_write(uint8_t data)
 134:main.c        **** {
 158              		.loc 1 134 0
 159              		.cfi_startproc
 160              		@ args = 0, pretend = 0, frame = 0
 161              		@ frame_needed = 0, uses_anonymous_args = 0
 162              	.LVL18:
 163 0000 10B5     		push	{r4, lr}
 164              		.cfi_def_cfa_offset 8
 165              		.cfi_offset 4, -8
 166              		.cfi_offset 14, -4
 167 0002 0446     		mov	r4, r0
 135:main.c        ****   //data = flip_byte(data);  
 136:main.c        ****   SN_WE_Write(1);
 168              		.loc 1 136 0
 169 0004 0120     		movs	r0, #1
 170              	.LVL19:
 171 0006 FFF7FEFF 		bl	SN_WE_Write
 172              	.LVL20:
 137:main.c        ****   YM_Data_Write(data);
 173              		.loc 1 137 0
 174 000a 2046     		mov	r0, r4
 175 000c FFF7FEFF 		bl	YM_Data_Write
 176              	.LVL21:
 138:main.c        ****   SN_WE_Write(0);
 177              		.loc 1 138 0
 178 0010 0020     		movs	r0, #0
 179 0012 FFF7FEFF 		bl	SN_WE_Write
 180              	.LVL22:
 139:main.c        ****   //CyDelayCycles(1);
 140:main.c        ****   CyDelayUs(10);
 181              		.loc 1 140 0
 182 0016 0A20     		movs	r0, #10
 183 0018 FFF7FEFF 		bl	CyDelayUs
 184              	.LVL23:
 141:main.c        ****   SN_WE_Write(1);
 185              		.loc 1 141 0
 186 001c 0120     		movs	r0, #1
 187 001e FFF7FEFF 		bl	SN_WE_Write
 188              	.LVL24:
 189 0022 10BD     		pop	{r4, pc}
 190              		.cfi_endproc
 191              	.LFE69:
 192              		.size	sn76489_write, .-sn76489_write
 193              		.section	.text.ym2612_reset,"ax",%progbits
 194              		.align	2
 195              		.global	ym2612_reset
 196              		.thumb
 197              		.thumb_func
 198              		.type	ym2612_reset, %function
 199              	ym2612_reset:
 200              	.LFB70:
 142:main.c        **** }
ARM GAS  C:\Users\ingan\AppData\Local\Temp\cclwkKOZ.s 			page 7


 143:main.c        **** 
 144:main.c        **** void ym2612_reset()
 145:main.c        **** {
 201              		.loc 1 145 0
 202              		.cfi_startproc
 203              		@ args = 0, pretend = 0, frame = 0
 204              		@ frame_needed = 0, uses_anonymous_args = 0
 205 0000 08B5     		push	{r3, lr}
 206              		.cfi_def_cfa_offset 8
 207              		.cfi_offset 3, -8
 208              		.cfi_offset 14, -4
 146:main.c        ****   //YM_IC_Write(0);
 147:main.c        ****   //CyDelayUs(1);
 148:main.c        ****   //YM_IC_Write(1);
 149:main.c        ****   YM_IC_Write(0);
 209              		.loc 1 149 0
 210 0002 0020     		movs	r0, #0
 211 0004 FFF7FEFF 		bl	YM_IC_Write
 212              	.LVL25:
 150:main.c        ****   CyDelay(10);
 213              		.loc 1 150 0
 214 0008 0A20     		movs	r0, #10
 215 000a FFF7FEFF 		bl	CyDelay
 216              	.LVL26:
 151:main.c        ****   YM_IC_Write(1);
 217              		.loc 1 151 0
 218 000e 0120     		movs	r0, #1
 219 0010 FFF7FEFF 		bl	YM_IC_Write
 220              	.LVL27:
 152:main.c        ****   CyDelay(10);  
 221              		.loc 1 152 0
 222 0014 0A20     		movs	r0, #10
 223 0016 FFF7FEFF 		bl	CyDelay
 224              	.LVL28:
 225 001a 08BD     		pop	{r3, pc}
 226              		.cfi_endproc
 227              	.LFE70:
 228              		.size	ym2612_reset, .-ym2612_reset
 229              		.section	.text.ym2612_init,"ax",%progbits
 230              		.align	2
 231              		.global	ym2612_init
 232              		.thumb
 233              		.thumb_func
 234              		.type	ym2612_init, %function
 235              	ym2612_init:
 236              	.LFB71:
 153:main.c        ****   // Silence channel-0 to channel-6
 154:main.c        ****   //for (uint8_t ch = 0; ch <= 6; ++ch)
 155:main.c        ****   //  ym2612_write(0x28, ch, 0);
 156:main.c        **** }
 157:main.c        **** 
 158:main.c        **** void ym2612_init (void)
 159:main.c        **** {
 237              		.loc 1 159 0
 238              		.cfi_startproc
 239              		@ args = 0, pretend = 0, frame = 0
 240              		@ frame_needed = 0, uses_anonymous_args = 0
ARM GAS  C:\Users\ingan\AppData\Local\Temp\cclwkKOZ.s 			page 8


 241 0000 08B5     		push	{r3, lr}
 242              		.cfi_def_cfa_offset 8
 243              		.cfi_offset 3, -8
 244              		.cfi_offset 14, -4
 160:main.c        ****   YM_CS_Write(1);
 245              		.loc 1 160 0
 246 0002 0120     		movs	r0, #1
 247 0004 FFF7FEFF 		bl	YM_CS_Write
 248              	.LVL29:
 161:main.c        ****   YM_WR_Write(1);
 249              		.loc 1 161 0
 250 0008 0120     		movs	r0, #1
 251 000a FFF7FEFF 		bl	YM_WR_Write
 252              	.LVL30:
 162:main.c        ****   YM_RD_Write(1);
 253              		.loc 1 162 0
 254 000e 0120     		movs	r0, #1
 255 0010 FFF7FEFF 		bl	YM_RD_Write
 256              	.LVL31:
 163:main.c        ****   YM_IC_Write(1);
 257              		.loc 1 163 0
 258 0014 0120     		movs	r0, #1
 259 0016 FFF7FEFF 		bl	YM_IC_Write
 260              	.LVL32:
 164:main.c        ****   YM_A0_Write(0);
 261              		.loc 1 164 0
 262 001a 0020     		movs	r0, #0
 263 001c FFF7FEFF 		bl	YM_A0_Write
 264              	.LVL33:
 165:main.c        ****   YM_A1_Write(0);
 265              		.loc 1 165 0
 266 0020 0020     		movs	r0, #0
 267 0022 FFF7FEFF 		bl	YM_A1_Write
 268              	.LVL34:
 166:main.c        ****   YM_Data_Write(0xff);
 269              		.loc 1 166 0
 270 0026 FF20     		movs	r0, #255
 271 0028 FFF7FEFF 		bl	YM_Data_Write
 272              	.LVL35:
 273 002c 08BD     		pop	{r3, pc}
 274              		.cfi_endproc
 275              	.LFE71:
 276              		.size	ym2612_init, .-ym2612_init
 277 002e 00BF     		.section	.text.SilenceAllChannels,"ax",%progbits
 278              		.align	2
 279              		.global	SilenceAllChannels
 280              		.thumb
 281              		.thumb_func
 282              		.type	SilenceAllChannels, %function
 283              	SilenceAllChannels:
 284              	.LFB72:
 167:main.c        **** }
 168:main.c        **** 
 169:main.c        **** void SilenceAllChannels()
 170:main.c        **** {  
 285              		.loc 1 170 0
 286              		.cfi_startproc
ARM GAS  C:\Users\ingan\AppData\Local\Temp\cclwkKOZ.s 			page 9


 287              		@ args = 0, pretend = 0, frame = 0
 288              		@ frame_needed = 0, uses_anonymous_args = 0
 289 0000 08B5     		push	{r3, lr}
 290              		.cfi_def_cfa_offset 8
 291              		.cfi_offset 3, -8
 292              		.cfi_offset 14, -4
 171:main.c        ****   sn76489_write(0x9f);
 293              		.loc 1 171 0
 294 0002 9F20     		movs	r0, #159
 295 0004 FFF7FEFF 		bl	sn76489_write
 296              	.LVL36:
 172:main.c        ****   sn76489_write(0xbf);
 297              		.loc 1 172 0
 298 0008 BF20     		movs	r0, #191
 299 000a FFF7FEFF 		bl	sn76489_write
 300              	.LVL37:
 173:main.c        ****   sn76489_write(0xdf);
 301              		.loc 1 173 0
 302 000e DF20     		movs	r0, #223
 303 0010 FFF7FEFF 		bl	sn76489_write
 304              	.LVL38:
 174:main.c        ****   sn76489_write(0xff);
 305              		.loc 1 174 0
 306 0014 FF20     		movs	r0, #255
 307 0016 FFF7FEFF 		bl	sn76489_write
 308              	.LVL39:
 175:main.c        **** 
 176:main.c        ****   ym2612_init();
 309              		.loc 1 176 0
 310 001a FFF7FEFF 		bl	ym2612_init
 311              	.LVL40:
 177:main.c        ****   ym2612_reset();
 312              		.loc 1 177 0
 313 001e FFF7FEFF 		bl	ym2612_reset
 314              	.LVL41:
 315 0022 08BD     		pop	{r3, pc}
 316              		.cfi_endproc
 317              	.LFE72:
 318              		.size	SilenceAllChannels, .-SilenceAllChannels
 319              		.section	.text.init_hardware,"ax",%progbits
 320              		.align	2
 321              		.global	init_hardware
 322              		.thumb
 323              		.thumb_func
 324              		.type	init_hardware, %function
 325              	init_hardware:
 326              	.LFB66:
  94:main.c        ****     SilenceAllChannels();
 327              		.loc 1 94 0
 328              		.cfi_startproc
 329              		@ args = 0, pretend = 0, frame = 0
 330              		@ frame_needed = 0, uses_anonymous_args = 0
 331 0000 08B5     		push	{r3, lr}
 332              		.cfi_def_cfa_offset 8
 333              		.cfi_offset 3, -8
 334              		.cfi_offset 14, -4
  95:main.c        ****     CyGlobalIntEnable; /* Enable global interrupts. */
ARM GAS  C:\Users\ingan\AppData\Local\Temp\cclwkKOZ.s 			page 10


 335              		.loc 1 95 0
 336 0002 FFF7FEFF 		bl	SilenceAllChannels
 337              	.LVL42:
  96:main.c        **** 
 338              		.loc 1 96 0
 339              		.syntax unified
 340              	@ 96 "main.c" 1
 341 0006 62B6     		CPSIE   i
 342              	@ 0 "" 2
  98:main.c        **** }
 343              		.loc 1 98 0
 344              		.thumb
 345              		.syntax unified
 346 0008 FFF7FEFF 		bl	tty_init
 347              	.LVL43:
 348 000c 08BD     		pop	{r3, pc}
 349              		.cfi_endproc
 350              	.LFE66:
 351              		.size	init_hardware, .-init_hardware
 352 000e 00BF     		.section	.text.main,"ax",%progbits
 353              		.align	2
 354              		.global	main
 355              		.thumb
 356              		.thumb_func
 357              		.type	main, %function
 358              	main:
 359              	.LFB65:
  38:main.c        **** 
 360              		.loc 1 38 0
 361              		.cfi_startproc
 362              		@ Volatile: function does not return.
 363              		@ args = 0, pretend = 0, frame = 0
 364              		@ frame_needed = 0, uses_anonymous_args = 0
 365 0000 08B5     		push	{r3, lr}
 366              		.cfi_def_cfa_offset 8
 367              		.cfi_offset 3, -8
 368              		.cfi_offset 14, -4
  40:main.c        ****     //splash("USBFS-UART demo") ;
 369              		.loc 1 40 0
 370 0002 FFF7FEFF 		bl	init_hardware
 371              	.LVL44:
 372              	.L19:
  45:main.c        ****     {
 373              		.loc 1 45 0 discriminator 1
 374 0006 FFF7FEFF 		bl	USBUART_CDCIsReady
 375              	.LVL45:
 376 000a 0028     		cmp	r0, #0
 377 000c FBD0     		beq	.L19
  48:main.c        ****     isr_1_StartEx(sampleRateIRQ);
 378              		.loc 1 48 0
 379 000e 2148     		ldr	r0, .L29
 380 0010 FFF7FEFF 		bl	USBUART_PutString
 381              	.LVL46:
  49:main.c        **** 
 382              		.loc 1 49 0
 383 0014 2048     		ldr	r0, .L29+4
 384 0016 FFF7FEFF 		bl	isr_1_StartEx
ARM GAS  C:\Users\ingan\AppData\Local\Temp\cclwkKOZ.s 			page 11


 385              	.LVL47:
 386              	.L20:
  56:main.c        ****         {   
 387              		.loc 1 56 0
 388 001a 204B     		ldr	r3, .L29+8
 389 001c 1B78     		ldrb	r3, [r3]	@ zero_extendqisi2
 390 001e 012B     		cmp	r3, #1
 391 0020 FBD1     		bne	.L20
  59:main.c        ****             if (rx_flag == 1)
 392              		.loc 1 59 0
 393 0022 0022     		movs	r2, #0
 394 0024 1D4B     		ldr	r3, .L29+8
 395 0026 1A70     		strb	r2, [r3]
  60:main.c        ****             {
 396              		.loc 1 60 0
 397 0028 1D4B     		ldr	r3, .L29+12
 398 002a 1B78     		ldrb	r3, [r3]	@ zero_extendqisi2
 399 002c 012B     		cmp	r3, #1
 400 002e F4D1     		bne	.L20
  62:main.c        ****                 count = USBUART_GetAll(buffer);
 401              		.loc 1 62 0
 402 0030 1B4B     		ldr	r3, .L29+12
 403 0032 1A70     		strb	r2, [r3]
  63:main.c        ****             
 404              		.loc 1 63 0
 405 0034 1B4C     		ldr	r4, .L29+16
 406 0036 2046     		mov	r0, r4
 407 0038 FFF7FEFF 		bl	USBUART_GetAll
 408              	.LVL48:
 409 003c 1A4B     		ldr	r3, .L29+20
 410 003e 1880     		strh	r0, [r3]	@ movhi
  65:main.c        ****                 {
 411              		.loc 1 65 0
 412 0040 2278     		ldrb	r2, [r4]	@ zero_extendqisi2
 413 0042 A2F15003 		sub	r3, r2, #80
 414 0046 102B     		cmp	r3, #16
 415 0048 1DD8     		bhi	.L22
 416 004a DFE803F0 		tbb	[pc, r3]
 417              	.L24:
 418 004e 09       		.byte	(.L23-.L24)/2
 419 004f 1C       		.byte	(.L22-.L24)/2
 420 0050 0E       		.byte	(.L25-.L24)/2
 421 0051 0E       		.byte	(.L25-.L24)/2
 422 0052 1C       		.byte	(.L22-.L24)/2
 423 0053 1C       		.byte	(.L22-.L24)/2
 424 0054 1C       		.byte	(.L22-.L24)/2
 425 0055 1C       		.byte	(.L22-.L24)/2
 426 0056 1C       		.byte	(.L22-.L24)/2
 427 0057 1C       		.byte	(.L22-.L24)/2
 428 0058 1C       		.byte	(.L22-.L24)/2
 429 0059 1C       		.byte	(.L22-.L24)/2
 430 005a 1C       		.byte	(.L22-.L24)/2
 431 005b 1C       		.byte	(.L22-.L24)/2
 432 005c 1C       		.byte	(.L22-.L24)/2
 433 005d 1C       		.byte	(.L22-.L24)/2
 434 005e 16       		.byte	(.L26-.L24)/2
 435 005f 00       		.p2align 1
ARM GAS  C:\Users\ingan\AppData\Local\Temp\cclwkKOZ.s 			page 12


 436              	.L23:
  70:main.c        ****                         break;
 437              		.loc 1 70 0
 438 0060 104B     		ldr	r3, .L29+16
 439 0062 5878     		ldrb	r0, [r3, #1]	@ zero_extendqisi2
 440 0064 FFF7FEFF 		bl	sn76489_write
 441              	.LVL49:
  71:main.c        ****                     
 442              		.loc 1 71 0
 443 0068 0DE0     		b	.L22
 444              	.L25:
  76:main.c        ****                         break;
 445              		.loc 1 76 0
 446 006a 0E4B     		ldr	r3, .L29+16
 447 006c 02F00102 		and	r2, r2, #1
 448 0070 9978     		ldrb	r1, [r3, #2]	@ zero_extendqisi2
 449 0072 5878     		ldrb	r0, [r3, #1]	@ zero_extendqisi2
 450 0074 FFF7FEFF 		bl	ym2612_write
 451              	.LVL50:
  77:main.c        ****                         
 452              		.loc 1 77 0
 453 0078 05E0     		b	.L22
 454              	.L26:
  81:main.c        ****                         break;
 455              		.loc 1 81 0
 456 007a 0022     		movs	r2, #0
 457 007c 094B     		ldr	r3, .L29+16
 458 007e 5978     		ldrb	r1, [r3, #1]	@ zero_extendqisi2
 459 0080 2A20     		movs	r0, #42
 460 0082 FFF7FEFF 		bl	ym2612_write
 461              	.LVL51:
 462              	.L22:
  87:main.c        ****             }
 463              		.loc 1 87 0
 464 0086 054A     		ldr	r2, .L29+8
 465 0088 074B     		ldr	r3, .L29+20
 466 008a 1988     		ldrh	r1, [r3]
 467 008c 5368     		ldr	r3, [r2, #4]
 468 008e 0B44     		add	r3, r3, r1
 469 0090 5360     		str	r3, [r2, #4]
 470 0092 C2E7     		b	.L20
 471              	.L30:
 472              		.align	2
 473              	.L29:
 474 0094 00000000 		.word	.LANCHOR1
 475 0098 00000000 		.word	sampleRateIRQ
 476 009c 00000000 		.word	.LANCHOR0
 477 00a0 00000000 		.word	rx_flag
 478 00a4 00000000 		.word	buffer
 479 00a8 00000000 		.word	count
 480              		.cfi_endproc
 481              	.LFE65:
 482              		.size	main, .-main
 483              		.global	isrFlag
 484              		.global	test
 485              		.section	.rodata
 486              		.align	2
ARM GAS  C:\Users\ingan\AppData\Local\Temp\cclwkKOZ.s 			page 13


 487              		.set	.LANCHOR1,. + 0
 488              	.LC0:
 489 0000 0000     		.ascii	"\000\000"
 490              		.bss
 491              		.align	2
 492              		.set	.LANCHOR0,. + 0
 493              		.type	isrFlag, %object
 494              		.size	isrFlag, 1
 495              	isrFlag:
 496 0000 00       		.space	1
 497 0001 000000   		.space	3
 498              		.type	test, %object
 499              		.size	test, 4
 500              	test:
 501 0004 00000000 		.space	4
 502              		.text
 503              	.Letext0:
 504              		.file 2 "c:\\program files (x86)\\cypress\\psoc creator\\4.2\\psoc creator\\import\\gnu\\arm\\5.4.
 505              		.file 3 "c:\\program files (x86)\\cypress\\psoc creator\\4.2\\psoc creator\\import\\gnu\\arm\\5.4.
 506              		.file 4 "Generated_Source\\PSoC5/core_cm3.h"
 507              		.file 5 "Generated_Source\\PSoC5/YM_CS.h"
 508              		.file 6 "Generated_Source\\PSoC5/YM_Data.h"
 509              		.file 7 "Generated_Source\\PSoC5/YM_WR.h"
 510              		.file 8 "Generated_Source\\PSoC5/YM_RD.h"
 511              		.file 9 "Generated_Source\\PSoC5/CyLib.h"
 512              		.file 10 "Generated_Source\\PSoC5/YM_A1.h"
 513              		.file 11 "Generated_Source\\PSoC5/YM_A0.h"
 514              		.file 12 "Generated_Source\\PSoC5/SN_WE.h"
 515              		.file 13 "Generated_Source\\PSoC5/YM_IC.h"
 516              		.file 14 "tty_utils.h"
 517              		.file 15 "Generated_Source\\PSoC5/USBUART_cdc.h"
 518              		.file 16 "Generated_Source\\PSoC5/isr_1.h"
 519              		.section	.debug_info,"",%progbits
 520              	.Ldebug_info0:
 521 0000 0C060000 		.4byte	0x60c
 522 0004 0400     		.2byte	0x4
 523 0006 00000000 		.4byte	.Ldebug_abbrev0
 524 000a 04       		.byte	0x4
 525 000b 01       		.uleb128 0x1
 526 000c 9C000000 		.4byte	.LASF52
 527 0010 0C       		.byte	0xc
 528 0011 75020000 		.4byte	.LASF53
 529 0015 FE010000 		.4byte	.LASF54
 530 0019 00000000 		.4byte	.Ldebug_ranges0+0
 531 001d 00000000 		.4byte	0
 532 0021 00000000 		.4byte	.Ldebug_line0
 533 0025 02       		.uleb128 0x2
 534 0026 01       		.byte	0x1
 535 0027 06       		.byte	0x6
 536 0028 FC020000 		.4byte	.LASF0
 537 002c 03       		.uleb128 0x3
 538 002d 0E000000 		.4byte	.LASF3
 539 0031 02       		.byte	0x2
 540 0032 1D       		.byte	0x1d
 541 0033 37000000 		.4byte	0x37
 542 0037 02       		.uleb128 0x2
 543 0038 01       		.byte	0x1
ARM GAS  C:\Users\ingan\AppData\Local\Temp\cclwkKOZ.s 			page 14


 544 0039 08       		.byte	0x8
 545 003a 8E000000 		.4byte	.LASF1
 546 003e 02       		.uleb128 0x2
 547 003f 02       		.byte	0x2
 548 0040 05       		.byte	0x5
 549 0041 A8010000 		.4byte	.LASF2
 550 0045 03       		.uleb128 0x3
 551 0046 8A010000 		.4byte	.LASF4
 552 004a 02       		.byte	0x2
 553 004b 2B       		.byte	0x2b
 554 004c 50000000 		.4byte	0x50
 555 0050 02       		.uleb128 0x2
 556 0051 02       		.byte	0x2
 557 0052 07       		.byte	0x7
 558 0053 47010000 		.4byte	.LASF5
 559 0057 03       		.uleb128 0x3
 560 0058 2B000000 		.4byte	.LASF6
 561 005c 02       		.byte	0x2
 562 005d 3F       		.byte	0x3f
 563 005e 62000000 		.4byte	0x62
 564 0062 02       		.uleb128 0x2
 565 0063 04       		.byte	0x4
 566 0064 05       		.byte	0x5
 567 0065 E7020000 		.4byte	.LASF7
 568 0069 03       		.uleb128 0x3
 569 006a 2A010000 		.4byte	.LASF8
 570 006e 02       		.byte	0x2
 571 006f 41       		.byte	0x41
 572 0070 74000000 		.4byte	0x74
 573 0074 02       		.uleb128 0x2
 574 0075 04       		.byte	0x4
 575 0076 07       		.byte	0x7
 576 0077 35010000 		.4byte	.LASF9
 577 007b 02       		.uleb128 0x2
 578 007c 08       		.byte	0x8
 579 007d 05       		.byte	0x5
 580 007e 67020000 		.4byte	.LASF10
 581 0082 02       		.uleb128 0x2
 582 0083 08       		.byte	0x8
 583 0084 07       		.byte	0x7
 584 0085 DF010000 		.4byte	.LASF11
 585 0089 04       		.uleb128 0x4
 586 008a 04       		.byte	0x4
 587 008b 05       		.byte	0x5
 588 008c 696E7400 		.ascii	"int\000"
 589 0090 02       		.uleb128 0x2
 590 0091 04       		.byte	0x4
 591 0092 07       		.byte	0x7
 592 0093 D2010000 		.4byte	.LASF12
 593 0097 03       		.uleb128 0x3
 594 0098 F6010000 		.4byte	.LASF13
 595 009c 03       		.byte	0x3
 596 009d 18       		.byte	0x18
 597 009e 2C000000 		.4byte	0x2c
 598 00a2 03       		.uleb128 0x3
 599 00a3 C9020000 		.4byte	.LASF14
 600 00a7 03       		.byte	0x3
ARM GAS  C:\Users\ingan\AppData\Local\Temp\cclwkKOZ.s 			page 15


 601 00a8 24       		.byte	0x24
 602 00a9 45000000 		.4byte	0x45
 603 00ad 03       		.uleb128 0x3
 604 00ae 56020000 		.4byte	.LASF15
 605 00b2 03       		.byte	0x3
 606 00b3 2C       		.byte	0x2c
 607 00b4 57000000 		.4byte	0x57
 608 00b8 03       		.uleb128 0x3
 609 00b9 DE020000 		.4byte	.LASF16
 610 00bd 03       		.byte	0x3
 611 00be 30       		.byte	0x30
 612 00bf 69000000 		.4byte	0x69
 613 00c3 02       		.uleb128 0x2
 614 00c4 04       		.byte	0x4
 615 00c5 04       		.byte	0x4
 616 00c6 83000000 		.4byte	.LASF17
 617 00ca 02       		.uleb128 0x2
 618 00cb 08       		.byte	0x8
 619 00cc 04       		.byte	0x4
 620 00cd 95010000 		.4byte	.LASF18
 621 00d1 02       		.uleb128 0x2
 622 00d2 01       		.byte	0x1
 623 00d3 08       		.byte	0x8
 624 00d4 7C020000 		.4byte	.LASF19
 625 00d8 02       		.uleb128 0x2
 626 00d9 08       		.byte	0x8
 627 00da 04       		.byte	0x4
 628 00db F0020000 		.4byte	.LASF20
 629 00df 02       		.uleb128 0x2
 630 00e0 04       		.byte	0x4
 631 00e1 07       		.byte	0x7
 632 00e2 5E020000 		.4byte	.LASF21
 633 00e6 05       		.uleb128 0x5
 634 00e7 00000000 		.4byte	.LASF55
 635 00eb 01       		.byte	0x1
 636 00ec 22       		.byte	0x22
 637 00ed 00000000 		.4byte	.LFB64
 638 00f1 0C000000 		.4byte	.LFE64-.LFB64
 639 00f5 01       		.uleb128 0x1
 640 00f6 9C       		.byte	0x9c
 641 00f7 06       		.uleb128 0x6
 642 00f8 22030000 		.4byte	.LASF22
 643 00fc 01       		.byte	0x1
 644 00fd 65       		.byte	0x65
 645 00fe 00000000 		.4byte	.LFB67
 646 0102 3C000000 		.4byte	.LFE67-.LFB67
 647 0106 01       		.uleb128 0x1
 648 0107 9C       		.byte	0x9c
 649 0108 C4010000 		.4byte	0x1c4
 650 010c 07       		.uleb128 0x7
 651 010d 89000000 		.4byte	.LASF24
 652 0111 01       		.byte	0x1
 653 0112 65       		.byte	0x65
 654 0113 97000000 		.4byte	0x97
 655 0117 00000000 		.4byte	.LLST0
 656 011b 08       		.uleb128 0x8
 657 011c 0A000000 		.4byte	.LVL2
ARM GAS  C:\Users\ingan\AppData\Local\Temp\cclwkKOZ.s 			page 16


 658 0120 6A050000 		.4byte	0x56a
 659 0124 2E010000 		.4byte	0x12e
 660 0128 09       		.uleb128 0x9
 661 0129 01       		.uleb128 0x1
 662 012a 50       		.byte	0x50
 663 012b 01       		.uleb128 0x1
 664 012c 30       		.byte	0x30
 665 012d 00       		.byte	0
 666 012e 08       		.uleb128 0x8
 667 012f 10000000 		.4byte	.LVL3
 668 0133 75050000 		.4byte	0x575
 669 0137 42010000 		.4byte	0x142
 670 013b 09       		.uleb128 0x9
 671 013c 01       		.uleb128 0x1
 672 013d 50       		.byte	0x50
 673 013e 02       		.uleb128 0x2
 674 013f 74       		.byte	0x74
 675 0140 00       		.sleb128 0
 676 0141 00       		.byte	0
 677 0142 08       		.uleb128 0x8
 678 0143 16000000 		.4byte	.LVL4
 679 0147 80050000 		.4byte	0x580
 680 014b 55010000 		.4byte	0x155
 681 014f 09       		.uleb128 0x9
 682 0150 01       		.uleb128 0x1
 683 0151 50       		.byte	0x50
 684 0152 01       		.uleb128 0x1
 685 0153 30       		.byte	0x30
 686 0154 00       		.byte	0
 687 0155 08       		.uleb128 0x8
 688 0156 1C000000 		.4byte	.LVL5
 689 015a 8B050000 		.4byte	0x58b
 690 015e 68010000 		.4byte	0x168
 691 0162 09       		.uleb128 0x9
 692 0163 01       		.uleb128 0x1
 693 0164 50       		.byte	0x50
 694 0165 01       		.uleb128 0x1
 695 0166 31       		.byte	0x31
 696 0167 00       		.byte	0
 697 0168 08       		.uleb128 0x8
 698 0169 22000000 		.4byte	.LVL6
 699 016d 96050000 		.4byte	0x596
 700 0171 7B010000 		.4byte	0x17b
 701 0175 09       		.uleb128 0x9
 702 0176 01       		.uleb128 0x1
 703 0177 50       		.byte	0x50
 704 0178 01       		.uleb128 0x1
 705 0179 33       		.byte	0x33
 706 017a 00       		.byte	0
 707 017b 08       		.uleb128 0x8
 708 017c 28000000 		.4byte	.LVL7
 709 0180 80050000 		.4byte	0x580
 710 0184 8E010000 		.4byte	0x18e
 711 0188 09       		.uleb128 0x9
 712 0189 01       		.uleb128 0x1
 713 018a 50       		.byte	0x50
 714 018b 01       		.uleb128 0x1
ARM GAS  C:\Users\ingan\AppData\Local\Temp\cclwkKOZ.s 			page 17


 715 018c 31       		.byte	0x31
 716 018d 00       		.byte	0
 717 018e 08       		.uleb128 0x8
 718 018f 2E000000 		.4byte	.LVL8
 719 0193 8B050000 		.4byte	0x58b
 720 0197 A1010000 		.4byte	0x1a1
 721 019b 09       		.uleb128 0x9
 722 019c 01       		.uleb128 0x1
 723 019d 50       		.byte	0x50
 724 019e 01       		.uleb128 0x1
 725 019f 30       		.byte	0x30
 726 01a0 00       		.byte	0
 727 01a1 08       		.uleb128 0x8
 728 01a2 34000000 		.4byte	.LVL9
 729 01a6 6A050000 		.4byte	0x56a
 730 01aa B4010000 		.4byte	0x1b4
 731 01ae 09       		.uleb128 0x9
 732 01af 01       		.uleb128 0x1
 733 01b0 50       		.byte	0x50
 734 01b1 01       		.uleb128 0x1
 735 01b2 31       		.byte	0x31
 736 01b3 00       		.byte	0
 737 01b4 0A       		.uleb128 0xa
 738 01b5 3A000000 		.4byte	.LVL10
 739 01b9 96050000 		.4byte	0x596
 740 01bd 09       		.uleb128 0x9
 741 01be 01       		.uleb128 0x1
 742 01bf 50       		.byte	0x50
 743 01c0 01       		.uleb128 0x1
 744 01c1 33       		.byte	0x33
 745 01c2 00       		.byte	0
 746 01c3 00       		.byte	0
 747 01c4 06       		.uleb128 0x6
 748 01c5 5A010000 		.4byte	.LASF23
 749 01c9 01       		.byte	0x1
 750 01ca 78       		.byte	0x78
 751 01cb 00000000 		.4byte	.LFB68
 752 01cf 26000000 		.4byte	.LFE68-.LFB68
 753 01d3 01       		.uleb128 0x1
 754 01d4 9C       		.byte	0x9c
 755 01d5 5A020000 		.4byte	0x25a
 756 01d9 0B       		.uleb128 0xb
 757 01da 72656700 		.ascii	"reg\000"
 758 01de 01       		.byte	0x1
 759 01df 78       		.byte	0x78
 760 01e0 97000000 		.4byte	0x97
 761 01e4 21000000 		.4byte	.LLST1
 762 01e8 07       		.uleb128 0x7
 763 01e9 89000000 		.4byte	.LASF24
 764 01ed 01       		.byte	0x1
 765 01ee 78       		.byte	0x78
 766 01ef 97000000 		.4byte	0x97
 767 01f3 42000000 		.4byte	.LLST2
 768 01f7 07       		.uleb128 0x7
 769 01f8 96020000 		.4byte	.LASF25
 770 01fc 01       		.byte	0x1
 771 01fd 78       		.byte	0x78
ARM GAS  C:\Users\ingan\AppData\Local\Temp\cclwkKOZ.s 			page 18


 772 01fe 97000000 		.4byte	0x97
 773 0202 63000000 		.4byte	.LLST3
 774 0206 0C       		.uleb128 0xc
 775 0207 0C000000 		.4byte	.LVL13
 776 020b A1050000 		.4byte	0x5a1
 777 020f 08       		.uleb128 0x8
 778 0210 12000000 		.4byte	.LVL14
 779 0214 AC050000 		.4byte	0x5ac
 780 0218 22020000 		.4byte	0x222
 781 021c 09       		.uleb128 0x9
 782 021d 01       		.uleb128 0x1
 783 021e 50       		.byte	0x50
 784 021f 01       		.uleb128 0x1
 785 0220 30       		.byte	0x30
 786 0221 00       		.byte	0
 787 0222 08       		.uleb128 0x8
 788 0223 18000000 		.4byte	.LVL15
 789 0227 F7000000 		.4byte	0xf7
 790 022b 36020000 		.4byte	0x236
 791 022f 09       		.uleb128 0x9
 792 0230 01       		.uleb128 0x1
 793 0231 50       		.byte	0x50
 794 0232 02       		.uleb128 0x2
 795 0233 75       		.byte	0x75
 796 0234 00       		.sleb128 0
 797 0235 00       		.byte	0
 798 0236 08       		.uleb128 0x8
 799 0237 1E000000 		.4byte	.LVL16
 800 023b AC050000 		.4byte	0x5ac
 801 023f 49020000 		.4byte	0x249
 802 0243 09       		.uleb128 0x9
 803 0244 01       		.uleb128 0x1
 804 0245 50       		.byte	0x50
 805 0246 01       		.uleb128 0x1
 806 0247 31       		.byte	0x31
 807 0248 00       		.byte	0
 808 0249 0A       		.uleb128 0xa
 809 024a 24000000 		.4byte	.LVL17
 810 024e F7000000 		.4byte	0xf7
 811 0252 09       		.uleb128 0x9
 812 0253 01       		.uleb128 0x1
 813 0254 50       		.byte	0x50
 814 0255 02       		.uleb128 0x2
 815 0256 74       		.byte	0x74
 816 0257 00       		.sleb128 0
 817 0258 00       		.byte	0
 818 0259 00       		.byte	0
 819 025a 06       		.uleb128 0x6
 820 025b 35000000 		.4byte	.LASF26
 821 025f 01       		.byte	0x1
 822 0260 85       		.byte	0x85
 823 0261 00000000 		.4byte	.LFB69
 824 0265 24000000 		.4byte	.LFE69-.LFB69
 825 0269 01       		.uleb128 0x1
 826 026a 9C       		.byte	0x9c
 827 026b DB020000 		.4byte	0x2db
 828 026f 07       		.uleb128 0x7
ARM GAS  C:\Users\ingan\AppData\Local\Temp\cclwkKOZ.s 			page 19


 829 0270 89000000 		.4byte	.LASF24
 830 0274 01       		.byte	0x1
 831 0275 85       		.byte	0x85
 832 0276 97000000 		.4byte	0x97
 833 027a 84000000 		.4byte	.LLST4
 834 027e 08       		.uleb128 0x8
 835 027f 0A000000 		.4byte	.LVL20
 836 0283 B7050000 		.4byte	0x5b7
 837 0287 91020000 		.4byte	0x291
 838 028b 09       		.uleb128 0x9
 839 028c 01       		.uleb128 0x1
 840 028d 50       		.byte	0x50
 841 028e 01       		.uleb128 0x1
 842 028f 31       		.byte	0x31
 843 0290 00       		.byte	0
 844 0291 08       		.uleb128 0x8
 845 0292 10000000 		.4byte	.LVL21
 846 0296 75050000 		.4byte	0x575
 847 029a A5020000 		.4byte	0x2a5
 848 029e 09       		.uleb128 0x9
 849 029f 01       		.uleb128 0x1
 850 02a0 50       		.byte	0x50
 851 02a1 02       		.uleb128 0x2
 852 02a2 74       		.byte	0x74
 853 02a3 00       		.sleb128 0
 854 02a4 00       		.byte	0
 855 02a5 08       		.uleb128 0x8
 856 02a6 16000000 		.4byte	.LVL22
 857 02aa B7050000 		.4byte	0x5b7
 858 02ae B8020000 		.4byte	0x2b8
 859 02b2 09       		.uleb128 0x9
 860 02b3 01       		.uleb128 0x1
 861 02b4 50       		.byte	0x50
 862 02b5 01       		.uleb128 0x1
 863 02b6 30       		.byte	0x30
 864 02b7 00       		.byte	0
 865 02b8 08       		.uleb128 0x8
 866 02b9 1C000000 		.4byte	.LVL23
 867 02bd 96050000 		.4byte	0x596
 868 02c1 CB020000 		.4byte	0x2cb
 869 02c5 09       		.uleb128 0x9
 870 02c6 01       		.uleb128 0x1
 871 02c7 50       		.byte	0x50
 872 02c8 01       		.uleb128 0x1
 873 02c9 3A       		.byte	0x3a
 874 02ca 00       		.byte	0
 875 02cb 0A       		.uleb128 0xa
 876 02cc 22000000 		.4byte	.LVL24
 877 02d0 B7050000 		.4byte	0x5b7
 878 02d4 09       		.uleb128 0x9
 879 02d5 01       		.uleb128 0x1
 880 02d6 50       		.byte	0x50
 881 02d7 01       		.uleb128 0x1
 882 02d8 31       		.byte	0x31
 883 02d9 00       		.byte	0
 884 02da 00       		.byte	0
 885 02db 0D       		.uleb128 0xd
ARM GAS  C:\Users\ingan\AppData\Local\Temp\cclwkKOZ.s 			page 20


 886 02dc AD020000 		.4byte	.LASF28
 887 02e0 01       		.byte	0x1
 888 02e1 90       		.byte	0x90
 889 02e2 00000000 		.4byte	.LFB70
 890 02e6 1C000000 		.4byte	.LFE70-.LFB70
 891 02ea 01       		.uleb128 0x1
 892 02eb 9C       		.byte	0x9c
 893 02ec 39030000 		.4byte	0x339
 894 02f0 08       		.uleb128 0x8
 895 02f1 08000000 		.4byte	.LVL25
 896 02f5 C2050000 		.4byte	0x5c2
 897 02f9 03030000 		.4byte	0x303
 898 02fd 09       		.uleb128 0x9
 899 02fe 01       		.uleb128 0x1
 900 02ff 50       		.byte	0x50
 901 0300 01       		.uleb128 0x1
 902 0301 30       		.byte	0x30
 903 0302 00       		.byte	0
 904 0303 08       		.uleb128 0x8
 905 0304 0E000000 		.4byte	.LVL26
 906 0308 CD050000 		.4byte	0x5cd
 907 030c 16030000 		.4byte	0x316
 908 0310 09       		.uleb128 0x9
 909 0311 01       		.uleb128 0x1
 910 0312 50       		.byte	0x50
 911 0313 01       		.uleb128 0x1
 912 0314 3A       		.byte	0x3a
 913 0315 00       		.byte	0
 914 0316 08       		.uleb128 0x8
 915 0317 14000000 		.4byte	.LVL27
 916 031b C2050000 		.4byte	0x5c2
 917 031f 29030000 		.4byte	0x329
 918 0323 09       		.uleb128 0x9
 919 0324 01       		.uleb128 0x1
 920 0325 50       		.byte	0x50
 921 0326 01       		.uleb128 0x1
 922 0327 31       		.byte	0x31
 923 0328 00       		.byte	0
 924 0329 0A       		.uleb128 0xa
 925 032a 1A000000 		.4byte	.LVL28
 926 032e CD050000 		.4byte	0x5cd
 927 0332 09       		.uleb128 0x9
 928 0333 01       		.uleb128 0x1
 929 0334 50       		.byte	0x50
 930 0335 01       		.uleb128 0x1
 931 0336 3A       		.byte	0x3a
 932 0337 00       		.byte	0
 933 0338 00       		.byte	0
 934 0339 06       		.uleb128 0x6
 935 033a 64000000 		.4byte	.LASF27
 936 033e 01       		.byte	0x1
 937 033f 9E       		.byte	0x9e
 938 0340 00000000 		.4byte	.LFB71
 939 0344 2E000000 		.4byte	.LFE71-.LFB71
 940 0348 01       		.uleb128 0x1
 941 0349 9C       		.byte	0x9c
 942 034a D1030000 		.4byte	0x3d1
ARM GAS  C:\Users\ingan\AppData\Local\Temp\cclwkKOZ.s 			page 21


 943 034e 08       		.uleb128 0x8
 944 034f 08000000 		.4byte	.LVL29
 945 0353 6A050000 		.4byte	0x56a
 946 0357 61030000 		.4byte	0x361
 947 035b 09       		.uleb128 0x9
 948 035c 01       		.uleb128 0x1
 949 035d 50       		.byte	0x50
 950 035e 01       		.uleb128 0x1
 951 035f 31       		.byte	0x31
 952 0360 00       		.byte	0
 953 0361 08       		.uleb128 0x8
 954 0362 0E000000 		.4byte	.LVL30
 955 0366 80050000 		.4byte	0x580
 956 036a 74030000 		.4byte	0x374
 957 036e 09       		.uleb128 0x9
 958 036f 01       		.uleb128 0x1
 959 0370 50       		.byte	0x50
 960 0371 01       		.uleb128 0x1
 961 0372 31       		.byte	0x31
 962 0373 00       		.byte	0
 963 0374 08       		.uleb128 0x8
 964 0375 14000000 		.4byte	.LVL31
 965 0379 8B050000 		.4byte	0x58b
 966 037d 87030000 		.4byte	0x387
 967 0381 09       		.uleb128 0x9
 968 0382 01       		.uleb128 0x1
 969 0383 50       		.byte	0x50
 970 0384 01       		.uleb128 0x1
 971 0385 31       		.byte	0x31
 972 0386 00       		.byte	0
 973 0387 08       		.uleb128 0x8
 974 0388 1A000000 		.4byte	.LVL32
 975 038c C2050000 		.4byte	0x5c2
 976 0390 9A030000 		.4byte	0x39a
 977 0394 09       		.uleb128 0x9
 978 0395 01       		.uleb128 0x1
 979 0396 50       		.byte	0x50
 980 0397 01       		.uleb128 0x1
 981 0398 31       		.byte	0x31
 982 0399 00       		.byte	0
 983 039a 08       		.uleb128 0x8
 984 039b 20000000 		.4byte	.LVL33
 985 039f AC050000 		.4byte	0x5ac
 986 03a3 AD030000 		.4byte	0x3ad
 987 03a7 09       		.uleb128 0x9
 988 03a8 01       		.uleb128 0x1
 989 03a9 50       		.byte	0x50
 990 03aa 01       		.uleb128 0x1
 991 03ab 30       		.byte	0x30
 992 03ac 00       		.byte	0
 993 03ad 08       		.uleb128 0x8
 994 03ae 26000000 		.4byte	.LVL34
 995 03b2 A1050000 		.4byte	0x5a1
 996 03b6 C0030000 		.4byte	0x3c0
 997 03ba 09       		.uleb128 0x9
 998 03bb 01       		.uleb128 0x1
 999 03bc 50       		.byte	0x50
ARM GAS  C:\Users\ingan\AppData\Local\Temp\cclwkKOZ.s 			page 22


 1000 03bd 01       		.uleb128 0x1
 1001 03be 30       		.byte	0x30
 1002 03bf 00       		.byte	0
 1003 03c0 0A       		.uleb128 0xa
 1004 03c1 2C000000 		.4byte	.LVL35
 1005 03c5 75050000 		.4byte	0x575
 1006 03c9 09       		.uleb128 0x9
 1007 03ca 01       		.uleb128 0x1
 1008 03cb 50       		.byte	0x50
 1009 03cc 02       		.uleb128 0x2
 1010 03cd 09       		.byte	0x9
 1011 03ce FF       		.byte	0xff
 1012 03cf 00       		.byte	0
 1013 03d0 00       		.byte	0
 1014 03d1 0D       		.uleb128 0xd
 1015 03d2 18000000 		.4byte	.LASF29
 1016 03d6 01       		.byte	0x1
 1017 03d7 A9       		.byte	0xa9
 1018 03d8 00000000 		.4byte	.LFB72
 1019 03dc 24000000 		.4byte	.LFE72-.LFB72
 1020 03e0 01       		.uleb128 0x1
 1021 03e1 9C       		.byte	0x9c
 1022 03e2 49040000 		.4byte	0x449
 1023 03e6 08       		.uleb128 0x8
 1024 03e7 08000000 		.4byte	.LVL36
 1025 03eb 5A020000 		.4byte	0x25a
 1026 03ef FA030000 		.4byte	0x3fa
 1027 03f3 09       		.uleb128 0x9
 1028 03f4 01       		.uleb128 0x1
 1029 03f5 50       		.byte	0x50
 1030 03f6 02       		.uleb128 0x2
 1031 03f7 09       		.byte	0x9
 1032 03f8 9F       		.byte	0x9f
 1033 03f9 00       		.byte	0
 1034 03fa 08       		.uleb128 0x8
 1035 03fb 0E000000 		.4byte	.LVL37
 1036 03ff 5A020000 		.4byte	0x25a
 1037 0403 0E040000 		.4byte	0x40e
 1038 0407 09       		.uleb128 0x9
 1039 0408 01       		.uleb128 0x1
 1040 0409 50       		.byte	0x50
 1041 040a 02       		.uleb128 0x2
 1042 040b 09       		.byte	0x9
 1043 040c BF       		.byte	0xbf
 1044 040d 00       		.byte	0
 1045 040e 08       		.uleb128 0x8
 1046 040f 14000000 		.4byte	.LVL38
 1047 0413 5A020000 		.4byte	0x25a
 1048 0417 22040000 		.4byte	0x422
 1049 041b 09       		.uleb128 0x9
 1050 041c 01       		.uleb128 0x1
 1051 041d 50       		.byte	0x50
 1052 041e 02       		.uleb128 0x2
 1053 041f 09       		.byte	0x9
 1054 0420 DF       		.byte	0xdf
 1055 0421 00       		.byte	0
 1056 0422 08       		.uleb128 0x8
ARM GAS  C:\Users\ingan\AppData\Local\Temp\cclwkKOZ.s 			page 23


 1057 0423 1A000000 		.4byte	.LVL39
 1058 0427 5A020000 		.4byte	0x25a
 1059 042b 36040000 		.4byte	0x436
 1060 042f 09       		.uleb128 0x9
 1061 0430 01       		.uleb128 0x1
 1062 0431 50       		.byte	0x50
 1063 0432 02       		.uleb128 0x2
 1064 0433 09       		.byte	0x9
 1065 0434 FF       		.byte	0xff
 1066 0435 00       		.byte	0
 1067 0436 0C       		.uleb128 0xc
 1068 0437 1E000000 		.4byte	.LVL40
 1069 043b 39030000 		.4byte	0x339
 1070 043f 0C       		.uleb128 0xc
 1071 0440 22000000 		.4byte	.LVL41
 1072 0444 DB020000 		.4byte	0x2db
 1073 0448 00       		.byte	0
 1074 0449 06       		.uleb128 0x6
 1075 044a 3C030000 		.4byte	.LASF30
 1076 044e 01       		.byte	0x1
 1077 044f 5D       		.byte	0x5d
 1078 0450 00000000 		.4byte	.LFB66
 1079 0454 0E000000 		.4byte	.LFE66-.LFB66
 1080 0458 01       		.uleb128 0x1
 1081 0459 9C       		.byte	0x9c
 1082 045a 71040000 		.4byte	0x471
 1083 045e 0C       		.uleb128 0xc
 1084 045f 06000000 		.4byte	.LVL42
 1085 0463 D1030000 		.4byte	0x3d1
 1086 0467 0C       		.uleb128 0xc
 1087 0468 0C000000 		.4byte	.LVL43
 1088 046c D8050000 		.4byte	0x5d8
 1089 0470 00       		.byte	0
 1090 0471 0E       		.uleb128 0xe
 1091 0472 C8010000 		.4byte	.LASF56
 1092 0476 01       		.byte	0x1
 1093 0477 26       		.byte	0x26
 1094 0478 89000000 		.4byte	0x89
 1095 047c 00000000 		.4byte	.LFB65
 1096 0480 AC000000 		.4byte	.LFE65-.LFB65
 1097 0484 01       		.uleb128 0x1
 1098 0485 9C       		.byte	0x9c
 1099 0486 06050000 		.4byte	0x506
 1100 048a 0C       		.uleb128 0xc
 1101 048b 06000000 		.4byte	.LVL44
 1102 048f 49040000 		.4byte	0x449
 1103 0493 0C       		.uleb128 0xc
 1104 0494 0A000000 		.4byte	.LVL45
 1105 0498 E3050000 		.4byte	0x5e3
 1106 049c 08       		.uleb128 0x8
 1107 049d 14000000 		.4byte	.LVL46
 1108 04a1 EE050000 		.4byte	0x5ee
 1109 04a5 B3040000 		.4byte	0x4b3
 1110 04a9 09       		.uleb128 0x9
 1111 04aa 01       		.uleb128 0x1
 1112 04ab 50       		.byte	0x50
 1113 04ac 05       		.uleb128 0x5
ARM GAS  C:\Users\ingan\AppData\Local\Temp\cclwkKOZ.s 			page 24


 1114 04ad 03       		.byte	0x3
 1115 04ae 00000000 		.4byte	.LANCHOR1
 1116 04b2 00       		.byte	0
 1117 04b3 08       		.uleb128 0x8
 1118 04b4 1A000000 		.4byte	.LVL47
 1119 04b8 F9050000 		.4byte	0x5f9
 1120 04bc CA040000 		.4byte	0x4ca
 1121 04c0 09       		.uleb128 0x9
 1122 04c1 01       		.uleb128 0x1
 1123 04c2 50       		.byte	0x50
 1124 04c3 05       		.uleb128 0x5
 1125 04c4 03       		.byte	0x3
 1126 04c5 00000000 		.4byte	sampleRateIRQ
 1127 04c9 00       		.byte	0
 1128 04ca 08       		.uleb128 0x8
 1129 04cb 3C000000 		.4byte	.LVL48
 1130 04cf 04060000 		.4byte	0x604
 1131 04d3 DE040000 		.4byte	0x4de
 1132 04d7 09       		.uleb128 0x9
 1133 04d8 01       		.uleb128 0x1
 1134 04d9 50       		.byte	0x50
 1135 04da 02       		.uleb128 0x2
 1136 04db 74       		.byte	0x74
 1137 04dc 00       		.sleb128 0
 1138 04dd 00       		.byte	0
 1139 04de 0C       		.uleb128 0xc
 1140 04df 68000000 		.4byte	.LVL49
 1141 04e3 5A020000 		.4byte	0x25a
 1142 04e7 0C       		.uleb128 0xc
 1143 04e8 78000000 		.4byte	.LVL50
 1144 04ec C4010000 		.4byte	0x1c4
 1145 04f0 0A       		.uleb128 0xa
 1146 04f1 86000000 		.4byte	.LVL51
 1147 04f5 C4010000 		.4byte	0x1c4
 1148 04f9 09       		.uleb128 0x9
 1149 04fa 01       		.uleb128 0x1
 1150 04fb 50       		.byte	0x50
 1151 04fc 02       		.uleb128 0x2
 1152 04fd 08       		.byte	0x8
 1153 04fe 2A       		.byte	0x2a
 1154 04ff 09       		.uleb128 0x9
 1155 0500 01       		.uleb128 0x1
 1156 0501 52       		.byte	0x52
 1157 0502 01       		.uleb128 0x1
 1158 0503 30       		.byte	0x30
 1159 0504 00       		.byte	0
 1160 0505 00       		.byte	0
 1161 0506 0F       		.uleb128 0xf
 1162 0507 75010000 		.4byte	.LASF31
 1163 050b 04       		.byte	0x4
 1164 050c 1207     		.2byte	0x712
 1165 050e 12050000 		.4byte	0x512
 1166 0512 10       		.uleb128 0x10
 1167 0513 AD000000 		.4byte	0xad
 1168 0517 11       		.uleb128 0x11
 1169 0518 82010000 		.4byte	.LASF32
 1170 051c 01       		.byte	0x1
ARM GAS  C:\Users\ingan\AppData\Local\Temp\cclwkKOZ.s 			page 25


 1171 051d 12       		.byte	0x12
 1172 051e 97000000 		.4byte	0x97
 1173 0522 11       		.uleb128 0x11
 1174 0523 9B020000 		.4byte	.LASF33
 1175 0527 01       		.byte	0x1
 1176 0528 13       		.byte	0x13
 1177 0529 A2000000 		.4byte	0xa2
 1178 052d 12       		.uleb128 0x12
 1179 052e 97000000 		.4byte	0x97
 1180 0532 3D050000 		.4byte	0x53d
 1181 0536 13       		.uleb128 0x13
 1182 0537 DF000000 		.4byte	0xdf
 1183 053b 3F       		.byte	0x3f
 1184 053c 00       		.byte	0
 1185 053d 11       		.uleb128 0x11
 1186 053e C2020000 		.4byte	.LASF34
 1187 0542 01       		.byte	0x1
 1188 0543 14       		.byte	0x14
 1189 0544 2D050000 		.4byte	0x52d
 1190 0548 14       		.uleb128 0x14
 1191 0549 CD010000 		.4byte	.LASF35
 1192 054d 01       		.byte	0x1
 1193 054e 17       		.byte	0x17
 1194 054f B8000000 		.4byte	0xb8
 1195 0553 05       		.uleb128 0x5
 1196 0554 03       		.byte	0x3
 1197 0555 00000000 		.4byte	test
 1198 0559 14       		.uleb128 0x14
 1199 055a BA020000 		.4byte	.LASF36
 1200 055e 01       		.byte	0x1
 1201 055f 18       		.byte	0x18
 1202 0560 97000000 		.4byte	0x97
 1203 0564 05       		.uleb128 0x5
 1204 0565 03       		.byte	0x3
 1205 0566 00000000 		.4byte	isrFlag
 1206 056a 15       		.uleb128 0x15
 1207 056b 9C010000 		.4byte	.LASF37
 1208 056f 9C010000 		.4byte	.LASF37
 1209 0573 05       		.byte	0x5
 1210 0574 26       		.byte	0x26
 1211 0575 15       		.uleb128 0x15
 1212 0576 67010000 		.4byte	.LASF38
 1213 057a 67010000 		.4byte	.LASF38
 1214 057e 06       		.byte	0x6
 1215 057f 26       		.byte	0x26
 1216 0580 15       		.uleb128 0x15
 1217 0581 4A020000 		.4byte	.LASF39
 1218 0585 4A020000 		.4byte	.LASF39
 1219 0589 07       		.byte	0x7
 1220 058a 26       		.byte	0x26
 1221 058b 15       		.uleb128 0x15
 1222 058c A1020000 		.4byte	.LASF40
 1223 0590 A1020000 		.4byte	.LASF40
 1224 0594 08       		.byte	0x8
 1225 0595 26       		.byte	0x26
 1226 0596 15       		.uleb128 0x15
 1227 0597 B2010000 		.4byte	.LASF41
ARM GAS  C:\Users\ingan\AppData\Local\Temp\cclwkKOZ.s 			page 26


 1228 059b B2010000 		.4byte	.LASF41
 1229 059f 09       		.byte	0x9
 1230 05a0 77       		.byte	0x77
 1231 05a1 15       		.uleb128 0x15
 1232 05a2 D2020000 		.4byte	.LASF42
 1233 05a6 D2020000 		.4byte	.LASF42
 1234 05aa 0A       		.byte	0xa
 1235 05ab 26       		.byte	0x26
 1236 05ac 15       		.uleb128 0x15
 1237 05ad 8A020000 		.4byte	.LASF43
 1238 05b1 8A020000 		.4byte	.LASF43
 1239 05b5 0B       		.byte	0xb
 1240 05b6 26       		.byte	0x26
 1241 05b7 15       		.uleb128 0x15
 1242 05b8 BC010000 		.4byte	.LASF44
 1243 05bc BC010000 		.4byte	.LASF44
 1244 05c0 0C       		.byte	0xc
 1245 05c1 26       		.byte	0x26
 1246 05c2 15       		.uleb128 0x15
 1247 05c3 08030000 		.4byte	.LASF45
 1248 05c7 08030000 		.4byte	.LASF45
 1249 05cb 0D       		.byte	0xd
 1250 05cc 26       		.byte	0x26
 1251 05cd 15       		.uleb128 0x15
 1252 05ce 34030000 		.4byte	.LASF46
 1253 05d2 34030000 		.4byte	.LASF46
 1254 05d6 09       		.byte	0x9
 1255 05d7 76       		.byte	0x76
 1256 05d8 15       		.uleb128 0x15
 1257 05d9 81020000 		.4byte	.LASF47
 1258 05dd 81020000 		.4byte	.LASF47
 1259 05e1 0E       		.byte	0xe
 1260 05e2 0D       		.byte	0xd
 1261 05e3 15       		.uleb128 0x15
 1262 05e4 70000000 		.4byte	.LASF48
 1263 05e8 70000000 		.4byte	.LASF48
 1264 05ec 0F       		.byte	0xf
 1265 05ed 28       		.byte	0x28
 1266 05ee 15       		.uleb128 0x15
 1267 05ef 52000000 		.4byte	.LASF49
 1268 05f3 52000000 		.4byte	.LASF49
 1269 05f7 0F       		.byte	0xf
 1270 05f8 24       		.byte	0x24
 1271 05f9 15       		.uleb128 0x15
 1272 05fa 14030000 		.4byte	.LASF50
 1273 05fe 14030000 		.4byte	.LASF50
 1274 0602 10       		.byte	0x10
 1275 0603 18       		.byte	0x18
 1276 0604 15       		.uleb128 0x15
 1277 0605 43000000 		.4byte	.LASF51
 1278 0609 43000000 		.4byte	.LASF51
 1279 060d 0F       		.byte	0xf
 1280 060e 2B       		.byte	0x2b
 1281 060f 00       		.byte	0
 1282              		.section	.debug_abbrev,"",%progbits
 1283              	.Ldebug_abbrev0:
 1284 0000 01       		.uleb128 0x1
ARM GAS  C:\Users\ingan\AppData\Local\Temp\cclwkKOZ.s 			page 27


 1285 0001 11       		.uleb128 0x11
 1286 0002 01       		.byte	0x1
 1287 0003 25       		.uleb128 0x25
 1288 0004 0E       		.uleb128 0xe
 1289 0005 13       		.uleb128 0x13
 1290 0006 0B       		.uleb128 0xb
 1291 0007 03       		.uleb128 0x3
 1292 0008 0E       		.uleb128 0xe
 1293 0009 1B       		.uleb128 0x1b
 1294 000a 0E       		.uleb128 0xe
 1295 000b 55       		.uleb128 0x55
 1296 000c 17       		.uleb128 0x17
 1297 000d 11       		.uleb128 0x11
 1298 000e 01       		.uleb128 0x1
 1299 000f 10       		.uleb128 0x10
 1300 0010 17       		.uleb128 0x17
 1301 0011 00       		.byte	0
 1302 0012 00       		.byte	0
 1303 0013 02       		.uleb128 0x2
 1304 0014 24       		.uleb128 0x24
 1305 0015 00       		.byte	0
 1306 0016 0B       		.uleb128 0xb
 1307 0017 0B       		.uleb128 0xb
 1308 0018 3E       		.uleb128 0x3e
 1309 0019 0B       		.uleb128 0xb
 1310 001a 03       		.uleb128 0x3
 1311 001b 0E       		.uleb128 0xe
 1312 001c 00       		.byte	0
 1313 001d 00       		.byte	0
 1314 001e 03       		.uleb128 0x3
 1315 001f 16       		.uleb128 0x16
 1316 0020 00       		.byte	0
 1317 0021 03       		.uleb128 0x3
 1318 0022 0E       		.uleb128 0xe
 1319 0023 3A       		.uleb128 0x3a
 1320 0024 0B       		.uleb128 0xb
 1321 0025 3B       		.uleb128 0x3b
 1322 0026 0B       		.uleb128 0xb
 1323 0027 49       		.uleb128 0x49
 1324 0028 13       		.uleb128 0x13
 1325 0029 00       		.byte	0
 1326 002a 00       		.byte	0
 1327 002b 04       		.uleb128 0x4
 1328 002c 24       		.uleb128 0x24
 1329 002d 00       		.byte	0
 1330 002e 0B       		.uleb128 0xb
 1331 002f 0B       		.uleb128 0xb
 1332 0030 3E       		.uleb128 0x3e
 1333 0031 0B       		.uleb128 0xb
 1334 0032 03       		.uleb128 0x3
 1335 0033 08       		.uleb128 0x8
 1336 0034 00       		.byte	0
 1337 0035 00       		.byte	0
 1338 0036 05       		.uleb128 0x5
 1339 0037 2E       		.uleb128 0x2e
 1340 0038 00       		.byte	0
 1341 0039 3F       		.uleb128 0x3f
ARM GAS  C:\Users\ingan\AppData\Local\Temp\cclwkKOZ.s 			page 28


 1342 003a 19       		.uleb128 0x19
 1343 003b 03       		.uleb128 0x3
 1344 003c 0E       		.uleb128 0xe
 1345 003d 3A       		.uleb128 0x3a
 1346 003e 0B       		.uleb128 0xb
 1347 003f 3B       		.uleb128 0x3b
 1348 0040 0B       		.uleb128 0xb
 1349 0041 27       		.uleb128 0x27
 1350 0042 19       		.uleb128 0x19
 1351 0043 11       		.uleb128 0x11
 1352 0044 01       		.uleb128 0x1
 1353 0045 12       		.uleb128 0x12
 1354 0046 06       		.uleb128 0x6
 1355 0047 40       		.uleb128 0x40
 1356 0048 18       		.uleb128 0x18
 1357 0049 9742     		.uleb128 0x2117
 1358 004b 19       		.uleb128 0x19
 1359 004c 00       		.byte	0
 1360 004d 00       		.byte	0
 1361 004e 06       		.uleb128 0x6
 1362 004f 2E       		.uleb128 0x2e
 1363 0050 01       		.byte	0x1
 1364 0051 3F       		.uleb128 0x3f
 1365 0052 19       		.uleb128 0x19
 1366 0053 03       		.uleb128 0x3
 1367 0054 0E       		.uleb128 0xe
 1368 0055 3A       		.uleb128 0x3a
 1369 0056 0B       		.uleb128 0xb
 1370 0057 3B       		.uleb128 0x3b
 1371 0058 0B       		.uleb128 0xb
 1372 0059 27       		.uleb128 0x27
 1373 005a 19       		.uleb128 0x19
 1374 005b 11       		.uleb128 0x11
 1375 005c 01       		.uleb128 0x1
 1376 005d 12       		.uleb128 0x12
 1377 005e 06       		.uleb128 0x6
 1378 005f 40       		.uleb128 0x40
 1379 0060 18       		.uleb128 0x18
 1380 0061 9742     		.uleb128 0x2117
 1381 0063 19       		.uleb128 0x19
 1382 0064 01       		.uleb128 0x1
 1383 0065 13       		.uleb128 0x13
 1384 0066 00       		.byte	0
 1385 0067 00       		.byte	0
 1386 0068 07       		.uleb128 0x7
 1387 0069 05       		.uleb128 0x5
 1388 006a 00       		.byte	0
 1389 006b 03       		.uleb128 0x3
 1390 006c 0E       		.uleb128 0xe
 1391 006d 3A       		.uleb128 0x3a
 1392 006e 0B       		.uleb128 0xb
 1393 006f 3B       		.uleb128 0x3b
 1394 0070 0B       		.uleb128 0xb
 1395 0071 49       		.uleb128 0x49
 1396 0072 13       		.uleb128 0x13
 1397 0073 02       		.uleb128 0x2
 1398 0074 17       		.uleb128 0x17
ARM GAS  C:\Users\ingan\AppData\Local\Temp\cclwkKOZ.s 			page 29


 1399 0075 00       		.byte	0
 1400 0076 00       		.byte	0
 1401 0077 08       		.uleb128 0x8
 1402 0078 898201   		.uleb128 0x4109
 1403 007b 01       		.byte	0x1
 1404 007c 11       		.uleb128 0x11
 1405 007d 01       		.uleb128 0x1
 1406 007e 31       		.uleb128 0x31
 1407 007f 13       		.uleb128 0x13
 1408 0080 01       		.uleb128 0x1
 1409 0081 13       		.uleb128 0x13
 1410 0082 00       		.byte	0
 1411 0083 00       		.byte	0
 1412 0084 09       		.uleb128 0x9
 1413 0085 8A8201   		.uleb128 0x410a
 1414 0088 00       		.byte	0
 1415 0089 02       		.uleb128 0x2
 1416 008a 18       		.uleb128 0x18
 1417 008b 9142     		.uleb128 0x2111
 1418 008d 18       		.uleb128 0x18
 1419 008e 00       		.byte	0
 1420 008f 00       		.byte	0
 1421 0090 0A       		.uleb128 0xa
 1422 0091 898201   		.uleb128 0x4109
 1423 0094 01       		.byte	0x1
 1424 0095 11       		.uleb128 0x11
 1425 0096 01       		.uleb128 0x1
 1426 0097 31       		.uleb128 0x31
 1427 0098 13       		.uleb128 0x13
 1428 0099 00       		.byte	0
 1429 009a 00       		.byte	0
 1430 009b 0B       		.uleb128 0xb
 1431 009c 05       		.uleb128 0x5
 1432 009d 00       		.byte	0
 1433 009e 03       		.uleb128 0x3
 1434 009f 08       		.uleb128 0x8
 1435 00a0 3A       		.uleb128 0x3a
 1436 00a1 0B       		.uleb128 0xb
 1437 00a2 3B       		.uleb128 0x3b
 1438 00a3 0B       		.uleb128 0xb
 1439 00a4 49       		.uleb128 0x49
 1440 00a5 13       		.uleb128 0x13
 1441 00a6 02       		.uleb128 0x2
 1442 00a7 17       		.uleb128 0x17
 1443 00a8 00       		.byte	0
 1444 00a9 00       		.byte	0
 1445 00aa 0C       		.uleb128 0xc
 1446 00ab 898201   		.uleb128 0x4109
 1447 00ae 00       		.byte	0
 1448 00af 11       		.uleb128 0x11
 1449 00b0 01       		.uleb128 0x1
 1450 00b1 31       		.uleb128 0x31
 1451 00b2 13       		.uleb128 0x13
 1452 00b3 00       		.byte	0
 1453 00b4 00       		.byte	0
 1454 00b5 0D       		.uleb128 0xd
 1455 00b6 2E       		.uleb128 0x2e
ARM GAS  C:\Users\ingan\AppData\Local\Temp\cclwkKOZ.s 			page 30


 1456 00b7 01       		.byte	0x1
 1457 00b8 3F       		.uleb128 0x3f
 1458 00b9 19       		.uleb128 0x19
 1459 00ba 03       		.uleb128 0x3
 1460 00bb 0E       		.uleb128 0xe
 1461 00bc 3A       		.uleb128 0x3a
 1462 00bd 0B       		.uleb128 0xb
 1463 00be 3B       		.uleb128 0x3b
 1464 00bf 0B       		.uleb128 0xb
 1465 00c0 11       		.uleb128 0x11
 1466 00c1 01       		.uleb128 0x1
 1467 00c2 12       		.uleb128 0x12
 1468 00c3 06       		.uleb128 0x6
 1469 00c4 40       		.uleb128 0x40
 1470 00c5 18       		.uleb128 0x18
 1471 00c6 9742     		.uleb128 0x2117
 1472 00c8 19       		.uleb128 0x19
 1473 00c9 01       		.uleb128 0x1
 1474 00ca 13       		.uleb128 0x13
 1475 00cb 00       		.byte	0
 1476 00cc 00       		.byte	0
 1477 00cd 0E       		.uleb128 0xe
 1478 00ce 2E       		.uleb128 0x2e
 1479 00cf 01       		.byte	0x1
 1480 00d0 3F       		.uleb128 0x3f
 1481 00d1 19       		.uleb128 0x19
 1482 00d2 03       		.uleb128 0x3
 1483 00d3 0E       		.uleb128 0xe
 1484 00d4 3A       		.uleb128 0x3a
 1485 00d5 0B       		.uleb128 0xb
 1486 00d6 3B       		.uleb128 0x3b
 1487 00d7 0B       		.uleb128 0xb
 1488 00d8 27       		.uleb128 0x27
 1489 00d9 19       		.uleb128 0x19
 1490 00da 49       		.uleb128 0x49
 1491 00db 13       		.uleb128 0x13
 1492 00dc 8701     		.uleb128 0x87
 1493 00de 19       		.uleb128 0x19
 1494 00df 11       		.uleb128 0x11
 1495 00e0 01       		.uleb128 0x1
 1496 00e1 12       		.uleb128 0x12
 1497 00e2 06       		.uleb128 0x6
 1498 00e3 40       		.uleb128 0x40
 1499 00e4 18       		.uleb128 0x18
 1500 00e5 9742     		.uleb128 0x2117
 1501 00e7 19       		.uleb128 0x19
 1502 00e8 01       		.uleb128 0x1
 1503 00e9 13       		.uleb128 0x13
 1504 00ea 00       		.byte	0
 1505 00eb 00       		.byte	0
 1506 00ec 0F       		.uleb128 0xf
 1507 00ed 34       		.uleb128 0x34
 1508 00ee 00       		.byte	0
 1509 00ef 03       		.uleb128 0x3
 1510 00f0 0E       		.uleb128 0xe
 1511 00f1 3A       		.uleb128 0x3a
 1512 00f2 0B       		.uleb128 0xb
ARM GAS  C:\Users\ingan\AppData\Local\Temp\cclwkKOZ.s 			page 31


 1513 00f3 3B       		.uleb128 0x3b
 1514 00f4 05       		.uleb128 0x5
 1515 00f5 49       		.uleb128 0x49
 1516 00f6 13       		.uleb128 0x13
 1517 00f7 3F       		.uleb128 0x3f
 1518 00f8 19       		.uleb128 0x19
 1519 00f9 3C       		.uleb128 0x3c
 1520 00fa 19       		.uleb128 0x19
 1521 00fb 00       		.byte	0
 1522 00fc 00       		.byte	0
 1523 00fd 10       		.uleb128 0x10
 1524 00fe 35       		.uleb128 0x35
 1525 00ff 00       		.byte	0
 1526 0100 49       		.uleb128 0x49
 1527 0101 13       		.uleb128 0x13
 1528 0102 00       		.byte	0
 1529 0103 00       		.byte	0
 1530 0104 11       		.uleb128 0x11
 1531 0105 34       		.uleb128 0x34
 1532 0106 00       		.byte	0
 1533 0107 03       		.uleb128 0x3
 1534 0108 0E       		.uleb128 0xe
 1535 0109 3A       		.uleb128 0x3a
 1536 010a 0B       		.uleb128 0xb
 1537 010b 3B       		.uleb128 0x3b
 1538 010c 0B       		.uleb128 0xb
 1539 010d 49       		.uleb128 0x49
 1540 010e 13       		.uleb128 0x13
 1541 010f 3F       		.uleb128 0x3f
 1542 0110 19       		.uleb128 0x19
 1543 0111 3C       		.uleb128 0x3c
 1544 0112 19       		.uleb128 0x19
 1545 0113 00       		.byte	0
 1546 0114 00       		.byte	0
 1547 0115 12       		.uleb128 0x12
 1548 0116 01       		.uleb128 0x1
 1549 0117 01       		.byte	0x1
 1550 0118 49       		.uleb128 0x49
 1551 0119 13       		.uleb128 0x13
 1552 011a 01       		.uleb128 0x1
 1553 011b 13       		.uleb128 0x13
 1554 011c 00       		.byte	0
 1555 011d 00       		.byte	0
 1556 011e 13       		.uleb128 0x13
 1557 011f 21       		.uleb128 0x21
 1558 0120 00       		.byte	0
 1559 0121 49       		.uleb128 0x49
 1560 0122 13       		.uleb128 0x13
 1561 0123 2F       		.uleb128 0x2f
 1562 0124 0B       		.uleb128 0xb
 1563 0125 00       		.byte	0
 1564 0126 00       		.byte	0
 1565 0127 14       		.uleb128 0x14
 1566 0128 34       		.uleb128 0x34
 1567 0129 00       		.byte	0
 1568 012a 03       		.uleb128 0x3
 1569 012b 0E       		.uleb128 0xe
ARM GAS  C:\Users\ingan\AppData\Local\Temp\cclwkKOZ.s 			page 32


 1570 012c 3A       		.uleb128 0x3a
 1571 012d 0B       		.uleb128 0xb
 1572 012e 3B       		.uleb128 0x3b
 1573 012f 0B       		.uleb128 0xb
 1574 0130 49       		.uleb128 0x49
 1575 0131 13       		.uleb128 0x13
 1576 0132 3F       		.uleb128 0x3f
 1577 0133 19       		.uleb128 0x19
 1578 0134 02       		.uleb128 0x2
 1579 0135 18       		.uleb128 0x18
 1580 0136 00       		.byte	0
 1581 0137 00       		.byte	0
 1582 0138 15       		.uleb128 0x15
 1583 0139 2E       		.uleb128 0x2e
 1584 013a 00       		.byte	0
 1585 013b 3F       		.uleb128 0x3f
 1586 013c 19       		.uleb128 0x19
 1587 013d 3C       		.uleb128 0x3c
 1588 013e 19       		.uleb128 0x19
 1589 013f 6E       		.uleb128 0x6e
 1590 0140 0E       		.uleb128 0xe
 1591 0141 03       		.uleb128 0x3
 1592 0142 0E       		.uleb128 0xe
 1593 0143 3A       		.uleb128 0x3a
 1594 0144 0B       		.uleb128 0xb
 1595 0145 3B       		.uleb128 0x3b
 1596 0146 0B       		.uleb128 0xb
 1597 0147 00       		.byte	0
 1598 0148 00       		.byte	0
 1599 0149 00       		.byte	0
 1600              		.section	.debug_loc,"",%progbits
 1601              	.Ldebug_loc0:
 1602              	.LLST0:
 1603 0000 00000000 		.4byte	.LVL0
 1604 0004 06000000 		.4byte	.LVL1
 1605 0008 0100     		.2byte	0x1
 1606 000a 50       		.byte	0x50
 1607 000b 06000000 		.4byte	.LVL1
 1608 000f 3C000000 		.4byte	.LFE67
 1609 0013 0400     		.2byte	0x4
 1610 0015 F3       		.byte	0xf3
 1611 0016 01       		.uleb128 0x1
 1612 0017 50       		.byte	0x50
 1613 0018 9F       		.byte	0x9f
 1614 0019 00000000 		.4byte	0
 1615 001d 00000000 		.4byte	0
 1616              	.LLST1:
 1617 0021 00000000 		.4byte	.LVL11
 1618 0025 08000000 		.4byte	.LVL12
 1619 0029 0100     		.2byte	0x1
 1620 002b 50       		.byte	0x50
 1621 002c 08000000 		.4byte	.LVL12
 1622 0030 26000000 		.4byte	.LFE68
 1623 0034 0400     		.2byte	0x4
 1624 0036 F3       		.byte	0xf3
 1625 0037 01       		.uleb128 0x1
 1626 0038 50       		.byte	0x50
ARM GAS  C:\Users\ingan\AppData\Local\Temp\cclwkKOZ.s 			page 33


 1627 0039 9F       		.byte	0x9f
 1628 003a 00000000 		.4byte	0
 1629 003e 00000000 		.4byte	0
 1630              	.LLST2:
 1631 0042 00000000 		.4byte	.LVL11
 1632 0046 0B000000 		.4byte	.LVL13-1
 1633 004a 0100     		.2byte	0x1
 1634 004c 51       		.byte	0x51
 1635 004d 0B000000 		.4byte	.LVL13-1
 1636 0051 26000000 		.4byte	.LFE68
 1637 0055 0400     		.2byte	0x4
 1638 0057 F3       		.byte	0xf3
 1639 0058 01       		.uleb128 0x1
 1640 0059 51       		.byte	0x51
 1641 005a 9F       		.byte	0x9f
 1642 005b 00000000 		.4byte	0
 1643 005f 00000000 		.4byte	0
 1644              	.LLST3:
 1645 0063 00000000 		.4byte	.LVL11
 1646 0067 0B000000 		.4byte	.LVL13-1
 1647 006b 0100     		.2byte	0x1
 1648 006d 52       		.byte	0x52
 1649 006e 0B000000 		.4byte	.LVL13-1
 1650 0072 26000000 		.4byte	.LFE68
 1651 0076 0400     		.2byte	0x4
 1652 0078 F3       		.byte	0xf3
 1653 0079 01       		.uleb128 0x1
 1654 007a 52       		.byte	0x52
 1655 007b 9F       		.byte	0x9f
 1656 007c 00000000 		.4byte	0
 1657 0080 00000000 		.4byte	0
 1658              	.LLST4:
 1659 0084 00000000 		.4byte	.LVL18
 1660 0088 06000000 		.4byte	.LVL19
 1661 008c 0100     		.2byte	0x1
 1662 008e 50       		.byte	0x50
 1663 008f 06000000 		.4byte	.LVL19
 1664 0093 24000000 		.4byte	.LFE69
 1665 0097 0400     		.2byte	0x4
 1666 0099 F3       		.byte	0xf3
 1667 009a 01       		.uleb128 0x1
 1668 009b 50       		.byte	0x50
 1669 009c 9F       		.byte	0x9f
 1670 009d 00000000 		.4byte	0
 1671 00a1 00000000 		.4byte	0
 1672              		.section	.debug_aranges,"",%progbits
 1673 0000 5C000000 		.4byte	0x5c
 1674 0004 0200     		.2byte	0x2
 1675 0006 00000000 		.4byte	.Ldebug_info0
 1676 000a 04       		.byte	0x4
 1677 000b 00       		.byte	0
 1678 000c 0000     		.2byte	0
 1679 000e 0000     		.2byte	0
 1680 0010 00000000 		.4byte	.LFB64
 1681 0014 0C000000 		.4byte	.LFE64-.LFB64
 1682 0018 00000000 		.4byte	.LFB67
 1683 001c 3C000000 		.4byte	.LFE67-.LFB67
ARM GAS  C:\Users\ingan\AppData\Local\Temp\cclwkKOZ.s 			page 34


 1684 0020 00000000 		.4byte	.LFB68
 1685 0024 26000000 		.4byte	.LFE68-.LFB68
 1686 0028 00000000 		.4byte	.LFB69
 1687 002c 24000000 		.4byte	.LFE69-.LFB69
 1688 0030 00000000 		.4byte	.LFB70
 1689 0034 1C000000 		.4byte	.LFE70-.LFB70
 1690 0038 00000000 		.4byte	.LFB71
 1691 003c 2E000000 		.4byte	.LFE71-.LFB71
 1692 0040 00000000 		.4byte	.LFB72
 1693 0044 24000000 		.4byte	.LFE72-.LFB72
 1694 0048 00000000 		.4byte	.LFB66
 1695 004c 0E000000 		.4byte	.LFE66-.LFB66
 1696 0050 00000000 		.4byte	.LFB65
 1697 0054 AC000000 		.4byte	.LFE65-.LFB65
 1698 0058 00000000 		.4byte	0
 1699 005c 00000000 		.4byte	0
 1700              		.section	.debug_ranges,"",%progbits
 1701              	.Ldebug_ranges0:
 1702 0000 00000000 		.4byte	.LFB64
 1703 0004 0C000000 		.4byte	.LFE64
 1704 0008 00000000 		.4byte	.LFB67
 1705 000c 3C000000 		.4byte	.LFE67
 1706 0010 00000000 		.4byte	.LFB68
 1707 0014 26000000 		.4byte	.LFE68
 1708 0018 00000000 		.4byte	.LFB69
 1709 001c 24000000 		.4byte	.LFE69
 1710 0020 00000000 		.4byte	.LFB70
 1711 0024 1C000000 		.4byte	.LFE70
 1712 0028 00000000 		.4byte	.LFB71
 1713 002c 2E000000 		.4byte	.LFE71
 1714 0030 00000000 		.4byte	.LFB72
 1715 0034 24000000 		.4byte	.LFE72
 1716 0038 00000000 		.4byte	.LFB66
 1717 003c 0E000000 		.4byte	.LFE66
 1718 0040 00000000 		.4byte	.LFB65
 1719 0044 AC000000 		.4byte	.LFE65
 1720 0048 00000000 		.4byte	0
 1721 004c 00000000 		.4byte	0
 1722              		.section	.debug_line,"",%progbits
 1723              	.Ldebug_line0:
 1724 0000 9F020000 		.section	.debug_str,"MS",%progbits,1
 1724      0200CF01 
 1724      00000201 
 1724      FB0E0D00 
 1724      01010101 
 1725              	.LASF55:
 1726 0000 73616D70 		.ascii	"sampleRateIRQ\000"
 1726      6C655261 
 1726      74654952 
 1726      5100
 1727              	.LASF3:
 1728 000e 5F5F7569 		.ascii	"__uint8_t\000"
 1728      6E74385F 
 1728      7400
 1729              	.LASF29:
 1730 0018 53696C65 		.ascii	"SilenceAllChannels\000"
 1730      6E636541 
ARM GAS  C:\Users\ingan\AppData\Local\Temp\cclwkKOZ.s 			page 35


 1730      6C6C4368 
 1730      616E6E65 
 1730      6C7300
 1731              	.LASF6:
 1732 002b 5F5F696E 		.ascii	"__int32_t\000"
 1732      7433325F 
 1732      7400
 1733              	.LASF26:
 1734 0035 736E3736 		.ascii	"sn76489_write\000"
 1734      3438395F 
 1734      77726974 
 1734      6500
 1735              	.LASF51:
 1736 0043 55534255 		.ascii	"USBUART_GetAll\000"
 1736      4152545F 
 1736      47657441 
 1736      6C6C00
 1737              	.LASF49:
 1738 0052 55534255 		.ascii	"USBUART_PutString\000"
 1738      4152545F 
 1738      50757453 
 1738      7472696E 
 1738      6700
 1739              	.LASF27:
 1740 0064 796D3236 		.ascii	"ym2612_init\000"
 1740      31325F69 
 1740      6E697400 
 1741              	.LASF48:
 1742 0070 55534255 		.ascii	"USBUART_CDCIsReady\000"
 1742      4152545F 
 1742      43444349 
 1742      73526561 
 1742      647900
 1743              	.LASF17:
 1744 0083 666C6F61 		.ascii	"float\000"
 1744      7400
 1745              	.LASF24:
 1746 0089 64617461 		.ascii	"data\000"
 1746      00
 1747              	.LASF1:
 1748 008e 756E7369 		.ascii	"unsigned char\000"
 1748      676E6564 
 1748      20636861 
 1748      7200
 1749              	.LASF52:
 1750 009c 474E5520 		.ascii	"GNU C11 5.4.1 20160609 (release) [ARM/embedded-5-br"
 1750      43313120 
 1750      352E342E 
 1750      31203230 
 1750      31363036 
 1751 00cf 616E6368 		.ascii	"anch revision 237715] -mcpu=cortex-m3 -mthumb -g -O"
 1751      20726576 
 1751      6973696F 
 1751      6E203233 
 1751      37373135 
 1752 0102 67202D66 		.ascii	"g -ffunction-sections -ffat-lto-objects\000"
 1752      66756E63 
ARM GAS  C:\Users\ingan\AppData\Local\Temp\cclwkKOZ.s 			page 36


 1752      74696F6E 
 1752      2D736563 
 1752      74696F6E 
 1753              	.LASF8:
 1754 012a 5F5F7569 		.ascii	"__uint32_t\000"
 1754      6E743332 
 1754      5F7400
 1755              	.LASF9:
 1756 0135 6C6F6E67 		.ascii	"long unsigned int\000"
 1756      20756E73 
 1756      69676E65 
 1756      6420696E 
 1756      7400
 1757              	.LASF5:
 1758 0147 73686F72 		.ascii	"short unsigned int\000"
 1758      7420756E 
 1758      7369676E 
 1758      65642069 
 1758      6E7400
 1759              	.LASF23:
 1760 015a 796D3236 		.ascii	"ym2612_write\000"
 1760      31325F77 
 1760      72697465 
 1760      00
 1761              	.LASF38:
 1762 0167 594D5F44 		.ascii	"YM_Data_Write\000"
 1762      6174615F 
 1762      57726974 
 1762      6500
 1763              	.LASF31:
 1764 0175 49544D5F 		.ascii	"ITM_RxBuffer\000"
 1764      52784275 
 1764      66666572 
 1764      00
 1765              	.LASF32:
 1766 0182 72785F66 		.ascii	"rx_flag\000"
 1766      6C616700 
 1767              	.LASF4:
 1768 018a 5F5F7569 		.ascii	"__uint16_t\000"
 1768      6E743136 
 1768      5F7400
 1769              	.LASF18:
 1770 0195 646F7562 		.ascii	"double\000"
 1770      6C6500
 1771              	.LASF37:
 1772 019c 594D5F43 		.ascii	"YM_CS_Write\000"
 1772      535F5772 
 1772      69746500 
 1773              	.LASF2:
 1774 01a8 73686F72 		.ascii	"short int\000"
 1774      7420696E 
 1774      7400
 1775              	.LASF41:
 1776 01b2 43794465 		.ascii	"CyDelayUs\000"
 1776      6C617955 
 1776      7300
 1777              	.LASF44:
ARM GAS  C:\Users\ingan\AppData\Local\Temp\cclwkKOZ.s 			page 37


 1778 01bc 534E5F57 		.ascii	"SN_WE_Write\000"
 1778      455F5772 
 1778      69746500 
 1779              	.LASF56:
 1780 01c8 6D61696E 		.ascii	"main\000"
 1780      00
 1781              	.LASF35:
 1782 01cd 74657374 		.ascii	"test\000"
 1782      00
 1783              	.LASF12:
 1784 01d2 756E7369 		.ascii	"unsigned int\000"
 1784      676E6564 
 1784      20696E74 
 1784      00
 1785              	.LASF11:
 1786 01df 6C6F6E67 		.ascii	"long long unsigned int\000"
 1786      206C6F6E 
 1786      6720756E 
 1786      7369676E 
 1786      65642069 
 1787              	.LASF13:
 1788 01f6 75696E74 		.ascii	"uint8_t\000"
 1788      385F7400 
 1789              	.LASF54:
 1790 01fe 433A5C55 		.ascii	"C:\\Users\\ingan\\Documents\\PSoC Creator\\MegaDriv"
 1790      73657273 
 1790      5C696E67 
 1790      616E5C44 
 1790      6F63756D 
 1791 022c 655F706C 		.ascii	"e_player\\VGMPlayer_v0.5.cydsn\000"
 1791      61796572 
 1791      5C56474D 
 1791      506C6179 
 1791      65725F76 
 1792              	.LASF39:
 1793 024a 594D5F57 		.ascii	"YM_WR_Write\000"
 1793      525F5772 
 1793      69746500 
 1794              	.LASF15:
 1795 0256 696E7433 		.ascii	"int32_t\000"
 1795      325F7400 
 1796              	.LASF21:
 1797 025e 73697A65 		.ascii	"sizetype\000"
 1797      74797065 
 1797      00
 1798              	.LASF10:
 1799 0267 6C6F6E67 		.ascii	"long long int\000"
 1799      206C6F6E 
 1799      6720696E 
 1799      7400
 1800              	.LASF53:
 1801 0275 6D61696E 		.ascii	"main.c\000"
 1801      2E6300
 1802              	.LASF19:
 1803 027c 63686172 		.ascii	"char\000"
 1803      00
 1804              	.LASF47:
ARM GAS  C:\Users\ingan\AppData\Local\Temp\cclwkKOZ.s 			page 38


 1805 0281 7474795F 		.ascii	"tty_init\000"
 1805      696E6974 
 1805      00
 1806              	.LASF43:
 1807 028a 594D5F41 		.ascii	"YM_A0_Write\000"
 1807      305F5772 
 1807      69746500 
 1808              	.LASF25:
 1809 0296 706F7274 		.ascii	"port\000"
 1809      00
 1810              	.LASF33:
 1811 029b 636F756E 		.ascii	"count\000"
 1811      7400
 1812              	.LASF40:
 1813 02a1 594D5F52 		.ascii	"YM_RD_Write\000"
 1813      445F5772 
 1813      69746500 
 1814              	.LASF28:
 1815 02ad 796D3236 		.ascii	"ym2612_reset\000"
 1815      31325F72 
 1815      65736574 
 1815      00
 1816              	.LASF36:
 1817 02ba 69737246 		.ascii	"isrFlag\000"
 1817      6C616700 
 1818              	.LASF34:
 1819 02c2 62756666 		.ascii	"buffer\000"
 1819      657200
 1820              	.LASF14:
 1821 02c9 75696E74 		.ascii	"uint16_t\000"
 1821      31365F74 
 1821      00
 1822              	.LASF42:
 1823 02d2 594D5F41 		.ascii	"YM_A1_Write\000"
 1823      315F5772 
 1823      69746500 
 1824              	.LASF16:
 1825 02de 75696E74 		.ascii	"uint32_t\000"
 1825      33325F74 
 1825      00
 1826              	.LASF7:
 1827 02e7 6C6F6E67 		.ascii	"long int\000"
 1827      20696E74 
 1827      00
 1828              	.LASF20:
 1829 02f0 6C6F6E67 		.ascii	"long double\000"
 1829      20646F75 
 1829      626C6500 
 1830              	.LASF0:
 1831 02fc 7369676E 		.ascii	"signed char\000"
 1831      65642063 
 1831      68617200 
 1832              	.LASF45:
 1833 0308 594D5F49 		.ascii	"YM_IC_Write\000"
 1833      435F5772 
 1833      69746500 
 1834              	.LASF50:
ARM GAS  C:\Users\ingan\AppData\Local\Temp\cclwkKOZ.s 			page 39


 1835 0314 6973725F 		.ascii	"isr_1_StartEx\000"
 1835      315F5374 
 1835      61727445 
 1835      7800
 1836              	.LASF22:
 1837 0322 796D3236 		.ascii	"ym2612_write_step\000"
 1837      31325F77 
 1837      72697465 
 1837      5F737465 
 1837      7000
 1838              	.LASF46:
 1839 0334 43794465 		.ascii	"CyDelay\000"
 1839      6C617900 
 1840              	.LASF30:
 1841 033c 696E6974 		.ascii	"init_hardware\000"
 1841      5F686172 
 1841      64776172 
 1841      6500
 1842              		.ident	"GCC: (GNU Tools for ARM Embedded Processors) 5.4.1 20160609 (release) [ARM/embedded-5-bran
