--------------- Build Started: 11/24/2023 09:17:17 Project: USBFS_UART01, Configuration: ARM GCC 5.4-2016-q2-update Release ---------------
The code generation step is up to date.
arm-none-eabi-gcc.exe -mcpu=cortex-m3 -mthumb -I. -IGenerated_Source\PSoC5 -Wa,-alh=.\ARM_GCC_541\Release/main.lst -g -D NDEBUG -Wall -ffunction-sections -ffat-lto-objects -O3 -c main.c -o .\ARM_GCC_541\Release\main.o
main.c: In function 'main':
main.c:366:1: warning: multi-line comment [-Wcomment]
 //                    sprintf(lineStr,"BR:%4ld %d%c%s", USBUART_GetDTERate(),\
 ^
main.c:154:14: warning: unused variable 'idx' [-Wunused-variable]
     uint16_t idx = 0;
              ^
main.c:153:13: warning: unused variable 'test' [-Wunused-variable]
     uint8_t test[10000];
             ^
main.c:152:13: warning: unused variable 'data' [-Wunused-variable]
     uint8_t data = 0;
             ^
main.c:151:13: warning: unused variable 'reg' [-Wunused-variable]
     uint8_t reg = 0;
             ^
main.c:150:13: warning: variable 'command' set but not used [-Wunused-but-set-variable]
     uint8_t command = 0;
             ^
main.c:148:12: warning: variable 'count' set but not used [-Wunused-but-set-variable]
     uint16 count;
            ^
arm-none-eabi-gcc.exe -mcpu=cortex-m3 -mthumb -I. -IGenerated_Source\PSoC5 -Wa,-alh=.\ARM_GCC_541\Release/USBUART_descr.lst -g -D NDEBUG -Wall -ffunction-sections -ffat-lto-objects -O3 -c Generated_Source\PSoC5\USBUART_descr.c -o .\ARM_GCC_541\Release\USBUART_descr.o
arm-none-eabi-ar.exe -rs .\ARM_GCC_541\Release\USBFS_UART01.a .\ARM_GCC_541\Release\CyScBoostClk.o .\ARM_GCC_541\Release\USBUART.o .\ARM_GCC_541\Release\USBUART_audio.o .\ARM_GCC_541\Release\USBUART_boot.o .\ARM_GCC_541\Release\USBUART_cdc.o .\ARM_GCC_541\Release\USBUART_cls.o .\ARM_GCC_541\Release\USBUART_descr.o .\ARM_GCC_541\Release\USBUART_drv.o .\ARM_GCC_541\Release\USBUART_episr.o .\ARM_GCC_541\Release\USBUART_hid.o .\ARM_GCC_541\Release\USBUART_pm.o .\ARM_GCC_541\Release\USBUART_std.o .\ARM_GCC_541\Release\USBUART_vnd.o .\ARM_GCC_541\Release\USBUART_midi.o .\ARM_GCC_541\Release\USBUART_msc.o .\ARM_GCC_541\Release\USBUART_Dm.o .\ARM_GCC_541\Release\USBUART_Dp.o .\ARM_GCC_541\Release\cy_em_eeprom.o .\ARM_GCC_541\Release\CyDmac.o .\ARM_GCC_541\Release\CyFlash.o .\ARM_GCC_541\Release\CyLib.o .\ARM_GCC_541\Release\cyPm.o .\ARM_GCC_541\Release\CySpc.o .\ARM_GCC_541\Release\cyutils.o .\ARM_GCC_541\Release\YM_A1.o .\ARM_GCC_541\Release\YM_A0.o .\ARM_GCC_541\Release\YM_RD.o .\ARM_GCC_541\Release\YM_WR.o .\ARM_GCC_541\Release\YM_CS.o .\ARM_GCC_541\Release\YM_Data.o .\ARM_GCC_541\Release\SN_WE.o .\ARM_GCC_541\Release\YM_IC.o .\ARM_GCC_541\Release\YM_CLK.o .\ARM_GCC_541\Release\SN_CLK.o .\ARM_GCC_541\Release\Clock_1.o .\ARM_GCC_541\Release\Clock_2.o .\ARM_GCC_541\Release\CyBootAsmGnu.o
arm-none-eabi-ar.exe: creating .\ARM_GCC_541\Release\USBFS_UART01.a
arm-none-eabi-gcc.exe -Wl,--start-group -o "C:\Users\ingan\Documents\PSoC Creator\MegaDrive_player\USBFS_UART01.cydsn\ARM_GCC_541\Release\USBFS_UART01.elf" .\ARM_GCC_541\Release\main.o .\ARM_GCC_541\Release\cyfitter_cfg.o .\ARM_GCC_541\Release\cymetadata.o .\ARM_GCC_541\Release\Cm3Start.o .\ARM_GCC_541\Release\USBFS_UART01.a "C:\Program Files (x86)\Cypress\PSoC Creator\4.2\PSoC Creator\psoc\content\cycomponentlibrary\CyComponentLibrary.cylib\CortexM3\ARM_GCC_541\Release\CyComponentLibrary.a" -mcpu=cortex-m3 -mthumb -L Generated_Source\PSoC5 -Wl,-Map,.\ARM_GCC_541\Release/USBFS_UART01.map -T Generated_Source\PSoC5\cm3gcc.ld -specs=nano.specs -Wl,--gc-sections -g -ffunction-sections -O3 -ffat-lto-objects -Wl,--end-group
cyelftool.exe -C "C:\Users\ingan\Documents\PSoC Creator\MegaDrive_player\USBFS_UART01.cydsn\ARM_GCC_541\Release\USBFS_UART01.elf" --flash_row_size 256 --flash_size 262144 --flash_offset 0x00000000
No ELF section .cychecksum found, creating one
Application checksum calculated and stored in ELF section .cychecksum
Checksum calculated and stored in ELF section .cymeta
cyelftool.exe -S "C:\Users\ingan\Documents\PSoC Creator\MegaDrive_player\USBFS_UART01.cydsn\ARM_GCC_541\Release\USBFS_UART01.elf"
Flash used: 9992 of 262144 bytes (3,8%).
SRAM used: 2785 of 65536 bytes (4,2%). Stack: 2048 bytes. Heap: 128 bytes.
--------------- Build Succeeded: 11/24/2023 09:17:21 ---------------
