--------------- Clean Started: 11/29/2023 17:11:31 Project: USBFS_UART01, Configuration: ARM GCC 5.4-2016-q2-update Debug ---------------
Deleting file ".\ARM_GCC_541\Debug\main.o"
Deleting file ".\ARM_GCC_541\Debug\cyfitter_cfg.o"
Deleting file ".\ARM_GCC_541\Debug\cymetadata.o"
Deleting file ".\ARM_GCC_541\Debug\CyScBoostClk.o"
Deleting file ".\ARM_GCC_541\Debug\USBUART.o"
Deleting file ".\ARM_GCC_541\Debug\USBUART_audio.o"
Deleting file ".\ARM_GCC_541\Debug\USBUART_boot.o"
Deleting file ".\ARM_GCC_541\Debug\USBUART_cdc.o"
Deleting file ".\ARM_GCC_541\Debug\USBUART_cls.o"
Deleting file ".\ARM_GCC_541\Debug\USBUART_descr.o"
Deleting file ".\ARM_GCC_541\Debug\USBUART_drv.o"
Deleting file ".\ARM_GCC_541\Debug\USBUART_episr.o"
Deleting file ".\ARM_GCC_541\Debug\USBUART_hid.o"
Deleting file ".\ARM_GCC_541\Debug\USBUART_pm.o"
Deleting file ".\ARM_GCC_541\Debug\USBUART_std.o"
Deleting file ".\ARM_GCC_541\Debug\USBUART_vnd.o"
Deleting file ".\ARM_GCC_541\Debug\USBUART_midi.o"
Deleting file ".\ARM_GCC_541\Debug\USBUART_msc.o"
Deleting file ".\ARM_GCC_541\Debug\USBUART_Dm.o"
Deleting file ".\ARM_GCC_541\Debug\USBUART_Dp.o"
Deleting file ".\ARM_GCC_541\Debug\cy_em_eeprom.o"
Deleting file ".\ARM_GCC_541\Debug\Cm3Start.o"
Deleting file ".\ARM_GCC_541\Debug\CyBootAsmGnu.o"
Deleting file ".\ARM_GCC_541\Debug\CyDmac.o"
Deleting file ".\ARM_GCC_541\Debug\CyFlash.o"
Deleting file ".\ARM_GCC_541\Debug\CyLib.o"
Deleting file ".\ARM_GCC_541\Debug\cyPm.o"
Deleting file ".\ARM_GCC_541\Debug\CySpc.o"
Deleting file ".\ARM_GCC_541\Debug\cyutils.o"
Deleting file ".\ARM_GCC_541\Debug\YM_A1.o"
Deleting file ".\ARM_GCC_541\Debug\YM_A0.o"
Deleting file ".\ARM_GCC_541\Debug\YM_RD.o"
Deleting file ".\ARM_GCC_541\Debug\YM_WR.o"
Deleting file ".\ARM_GCC_541\Debug\YM_CS.o"
Deleting file ".\ARM_GCC_541\Debug\YM_Data.o"
Deleting file ".\ARM_GCC_541\Debug\SN_WE.o"
Deleting file ".\ARM_GCC_541\Debug\YM_IC.o"
Deleting file ".\ARM_GCC_541\Debug\YM_CLK.o"
Deleting file ".\ARM_GCC_541\Debug\SN_CLK.o"
Deleting file ".\ARM_GCC_541\Debug\Clock_1.o"
Deleting file ".\ARM_GCC_541\Debug\Clock_2.o"
Deleting file ".\ARM_GCC_541\Debug\USBFS_UART01.hex"
Deleting file ".\ARM_GCC_541\Debug\USBFS_UART01.elf"
Deleting file ".\ARM_GCC_541\Debug\USBFS_UART01.map"
Deleting file ".\USBFS_UART01.cycdx"
Deleting file ".\USBFS_UART01.svd"
Deleting file ".\USBFS_UART01.rpt"
Deleting file ".\USBFS_UART01_timing.html"
Deleting file ".\ARM_GCC_541\Debug\.deps\SOURCE_C__ARM_GCC_GENERIC.P"
Deleting file ".\ARM_GCC_541\Debug\.deps\SOURCE_ASM__ARM_GCC_GENERIC.P"
--------------- Clean Succeeded: 11/29/2023 17:11:32 ---------------
