--------------- Clean Started: 11/29/2023 17:11:35 Project: VGMPlayer_v0.3, Configuration: ARM GCC 5.4-2016-q2-update Debug ---------------
Deleting file ".\CortexM3\ARM_GCC_541\Debug\usb_uart.o"
Deleting file ".\CortexM3\ARM_GCC_541\Debug\tty_utils.o"
Deleting file ".\CortexM3\ARM_GCC_541\Debug\utils.o"
Deleting file ".\CortexM3\ARM_GCC_541\Debug\func_list.o"
Deleting file ".\CortexM3\ARM_GCC_541\Debug\main.o"
Deleting file ".\CortexM3\ARM_GCC_541\Debug\cyfitter_cfg.o"
Deleting file ".\CortexM3\ARM_GCC_541\Debug\cymetadata.o"
Deleting file ".\CortexM3\ARM_GCC_541\Debug\USBUART.o"
Deleting file ".\CortexM3\ARM_GCC_541\Debug\USBUART_audio.o"
Deleting file ".\CortexM3\ARM_GCC_541\Debug\USBUART_boot.o"
Deleting file ".\CortexM3\ARM_GCC_541\Debug\USBUART_cdc.o"
Deleting file ".\CortexM3\ARM_GCC_541\Debug\USBUART_cls.o"
Deleting file ".\CortexM3\ARM_GCC_541\Debug\USBUART_descr.o"
Deleting file ".\CortexM3\ARM_GCC_541\Debug\USBUART_drv.o"
Deleting file ".\CortexM3\ARM_GCC_541\Debug\USBUART_episr.o"
Deleting file ".\CortexM3\ARM_GCC_541\Debug\USBUART_hid.o"
Deleting file ".\CortexM3\ARM_GCC_541\Debug\USBUART_pm.o"
Deleting file ".\CortexM3\ARM_GCC_541\Debug\USBUART_std.o"
Deleting file ".\CortexM3\ARM_GCC_541\Debug\USBUART_vnd.o"
Deleting file ".\CortexM3\ARM_GCC_541\Debug\USBUART_midi.o"
Deleting file ".\CortexM3\ARM_GCC_541\Debug\USBUART_msc.o"
Deleting file ".\CortexM3\ARM_GCC_541\Debug\USBUART_Dm.o"
Deleting file ".\CortexM3\ARM_GCC_541\Debug\USBUART_Dp.o"
Deleting file ".\CortexM3\ARM_GCC_541\Debug\Cm3Start.o"
Deleting file ".\CortexM3\ARM_GCC_541\Debug\CyBootAsmGnu.o"
Deleting file ".\CortexM3\ARM_GCC_541\Debug\CyDmac.o"
Deleting file ".\CortexM3\ARM_GCC_541\Debug\CyFlash.o"
Deleting file ".\CortexM3\ARM_GCC_541\Debug\CyLib.o"
Deleting file ".\CortexM3\ARM_GCC_541\Debug\cyPm.o"
Deleting file ".\CortexM3\ARM_GCC_541\Debug\CySpc.o"
Deleting file ".\CortexM3\ARM_GCC_541\Debug\cyutils.o"
Deleting file ".\CortexM3\ARM_GCC_541\Debug\cy_em_eeprom.o"
Deleting file ".\CortexM3\ARM_GCC_541\Debug\USBUART_ep3_dma.o"
Deleting file ".\CortexM3\ARM_GCC_541\Debug\USBUART_ep2_dma.o"
Deleting file ".\CortexM3\ARM_GCC_541\Debug\USBUART_ep1_dma.o"
Deleting file ".\CortexM3\ARM_GCC_541\Debug\YM_A1.o"
Deleting file ".\CortexM3\ARM_GCC_541\Debug\YM_A0.o"
Deleting file ".\CortexM3\ARM_GCC_541\Debug\YM_RD.o"
Deleting file ".\CortexM3\ARM_GCC_541\Debug\YM_WR.o"
Deleting file ".\CortexM3\ARM_GCC_541\Debug\YM_CS.o"
Deleting file ".\CortexM3\ARM_GCC_541\Debug\YM_Data.o"
Deleting file ".\CortexM3\ARM_GCC_541\Debug\SN_WE.o"
Deleting file ".\CortexM3\ARM_GCC_541\Debug\YM_IC.o"
Deleting file ".\CortexM3\ARM_GCC_541\Debug\YM_CLK.o"
Deleting file ".\CortexM3\ARM_GCC_541\Debug\SN_CLK.o"
Deleting file ".\CortexM3\ARM_GCC_541\Debug\Clock_1.o"
Deleting file ".\CortexM3\ARM_GCC_541\Debug\Clock_2.o"
Deleting file ".\CortexM3\ARM_GCC_541\Debug\VGMPlayer_v0.3.hex"
Deleting file ".\CortexM3\ARM_GCC_541\Debug\VGMPlayer_v0.3.elf"
Deleting file ".\CortexM3\ARM_GCC_541\Debug\VGMPlayer_v0.3.map"
Deleting file ".\VGMPlayer_v0.3.cycdx"
Deleting file ".\VGMPlayer_v0.3.svd"
Deleting file ".\VGMPlayer_v0.3.rpt"
Deleting file ".\VGMPlayer_v0.3_timing.html"
Deleting file ".\CortexM3\ARM_GCC_541\Debug\.deps\SOURCE_C__ARM_GCC_GENERIC.P"
Deleting file ".\CortexM3\ARM_GCC_541\Debug\.deps\SOURCE_ASM__ARM_GCC_GENERIC.P"
--------------- Clean Succeeded: 11/29/2023 17:11:35 ---------------
