ARM GAS  C:\Users\ingan\AppData\Local\Temp\ccJqrHHf.s 			page 1


   1              		.syntax unified
   2              		.cpu cortex-m3
   3              		.fpu softvfp
   4              		.eabi_attribute 20, 1
   5              		.eabi_attribute 21, 1
   6              		.eabi_attribute 23, 3
   7              		.eabi_attribute 24, 1
   8              		.eabi_attribute 25, 1
   9              		.eabi_attribute 26, 1
  10              		.eabi_attribute 30, 6
  11              		.eabi_attribute 34, 1
  12              		.eabi_attribute 18, 4
  13              		.thumb
  14              		.syntax unified
  15              		.file	"func_list.c"
  16              		.text
  17              	.Ltext0:
  18              		.cfi_sections	.debug_frame
  19              		.section	.rodata
  20              		.align	2
  21              	.LC0:
  22 0000 257300   		.ascii	"%s\000"
  23              		.section	.text.get_func,"ax",%progbits
  24              		.align	2
  25              		.global	get_func
  26              		.thumb
  27              		.thumb_func
  28              		.type	get_func, %function
  29              	get_func:
  30              	.LFB64:
  31              		.file 1 "func_list.c"
   1:func_list.c   **** #include "project.h"
   2:func_list.c   **** #include "stdio.h"
   3:func_list.c   **** #include "tty_utils.h"
   4:func_list.c   **** #include "func_list.h"
   5:func_list.c   **** 
   6:func_list.c   **** func_ptr get_func(f_list_type *list, char *str)
   7:func_list.c   **** {
  32              		.loc 1 7 0
  33              		.cfi_startproc
  34              		@ args = 0, pretend = 0, frame = 40
  35              		@ frame_needed = 1, uses_anonymous_args = 0
  36 0000 80B5     		push	{r7, lr}
  37              		.cfi_def_cfa_offset 8
  38              		.cfi_offset 7, -8
  39              		.cfi_offset 14, -4
  40 0002 8AB0     		sub	sp, sp, #40
  41              		.cfi_def_cfa_offset 48
  42 0004 00AF     		add	r7, sp, #0
  43              		.cfi_def_cfa_register 7
  44 0006 7860     		str	r0, [r7, #4]
  45 0008 3960     		str	r1, [r7]
   8:func_list.c   ****     int      i ;
   9:func_list.c   ****     func_ptr ptr = 0 ;
  46              		.loc 1 9 0
  47 000a 0023     		movs	r3, #0
  48 000c 3B62     		str	r3, [r7, #32]
ARM GAS  C:\Users\ingan\AppData\Local\Temp\ccJqrHHf.s 			page 2


  10:func_list.c   ****     char cmd[CMD_LENGTH+1] ;
  11:func_list.c   ****     
  12:func_list.c   ****     sscanf(str, "%s", cmd) ;
  49              		.loc 1 12 0
  50 000e 07F10C03 		add	r3, r7, #12
  51 0012 1A46     		mov	r2, r3
  52 0014 1B49     		ldr	r1, .L8
  53 0016 3868     		ldr	r0, [r7]
  54 0018 FFF7FEFF 		bl	sscanf
  13:func_list.c   ****     for (i = 0 ; list[i].name ; i++ ) {
  55              		.loc 1 13 0
  56 001c 0023     		movs	r3, #0
  57 001e 7B62     		str	r3, [r7, #36]
  58 0020 14E0     		b	.L2
  59              	.L5:
  14:func_list.c   ****         if (strcmp(list[i].name, cmd) == 0) {
  60              		.loc 1 14 0
  61 0022 7A6A     		ldr	r2, [r7, #36]
  62 0024 1346     		mov	r3, r2
  63 0026 5B00     		lsls	r3, r3, #1
  64 0028 1344     		add	r3, r3, r2
  65 002a 9B00     		lsls	r3, r3, #2
  66 002c 1A46     		mov	r2, r3
  67 002e 7B68     		ldr	r3, [r7, #4]
  68 0030 1344     		add	r3, r3, r2
  69 0032 1B68     		ldr	r3, [r3]
  70 0034 07F10C02 		add	r2, r7, #12
  71 0038 1146     		mov	r1, r2
  72 003a 1846     		mov	r0, r3
  73 003c FFF7FEFF 		bl	strcmp
  74 0040 0346     		mov	r3, r0
  75 0042 002B     		cmp	r3, #0
  76 0044 0ED0     		beq	.L7
  13:func_list.c   ****     for (i = 0 ; list[i].name ; i++ ) {
  77              		.loc 1 13 0 discriminator 2
  78 0046 7B6A     		ldr	r3, [r7, #36]
  79 0048 0133     		adds	r3, r3, #1
  80 004a 7B62     		str	r3, [r7, #36]
  81              	.L2:
  13:func_list.c   ****     for (i = 0 ; list[i].name ; i++ ) {
  82              		.loc 1 13 0 is_stmt 0 discriminator 1
  83 004c 7A6A     		ldr	r2, [r7, #36]
  84 004e 1346     		mov	r3, r2
  85 0050 5B00     		lsls	r3, r3, #1
  86 0052 1344     		add	r3, r3, r2
  87 0054 9B00     		lsls	r3, r3, #2
  88 0056 1A46     		mov	r2, r3
  89 0058 7B68     		ldr	r3, [r7, #4]
  90 005a 1344     		add	r3, r3, r2
  91 005c 1B68     		ldr	r3, [r3]
  92 005e 002B     		cmp	r3, #0
  93 0060 DFD1     		bne	.L5
  94 0062 00E0     		b	.L4
  95              	.L7:
  15:func_list.c   ****             break ;
  96              		.loc 1 15 0 is_stmt 1
  97 0064 00BF     		nop
ARM GAS  C:\Users\ingan\AppData\Local\Temp\ccJqrHHf.s 			page 3


  98              	.L4:
  16:func_list.c   ****         }
  17:func_list.c   ****     }
  18:func_list.c   ****     ptr = list[i].func ;
  99              		.loc 1 18 0
 100 0066 7A6A     		ldr	r2, [r7, #36]
 101 0068 1346     		mov	r3, r2
 102 006a 5B00     		lsls	r3, r3, #1
 103 006c 1344     		add	r3, r3, r2
 104 006e 9B00     		lsls	r3, r3, #2
 105 0070 1A46     		mov	r2, r3
 106 0072 7B68     		ldr	r3, [r7, #4]
 107 0074 1344     		add	r3, r3, r2
 108 0076 5B68     		ldr	r3, [r3, #4]
 109 0078 3B62     		str	r3, [r7, #32]
  19:func_list.c   ****     
  20:func_list.c   ****     return( ptr ) ;
 110              		.loc 1 20 0
 111 007a 3B6A     		ldr	r3, [r7, #32]
  21:func_list.c   **** }
 112              		.loc 1 21 0
 113 007c 1846     		mov	r0, r3
 114 007e 2837     		adds	r7, r7, #40
 115              		.cfi_def_cfa_offset 8
 116 0080 BD46     		mov	sp, r7
 117              		.cfi_def_cfa_register 13
 118              		@ sp needed
 119 0082 80BD     		pop	{r7, pc}
 120              	.L9:
 121              		.align	2
 122              	.L8:
 123 0084 00000000 		.word	.LC0
 124              		.cfi_endproc
 125              	.LFE64:
 126              		.size	get_func, .-get_func
 127              		.section	.rodata
 128 0003 00       		.align	2
 129              	.LC1:
 130 0004 3D3D3D20 		.ascii	"=== command ===\012\015\000"
 130      636F6D6D 
 130      616E6420 
 130      3D3D3D0A 
 130      0D00
 131 0016 0000     		.align	2
 132              	.LC2:
 133 0018 203A2000 		.ascii	" : \000"
 134              		.align	2
 135              	.LC3:
 136 001c 0A0D00   		.ascii	"\012\015\000"
 137 001f 00       		.align	2
 138              	.LC4:
 139 0020 3D3D3D3D 		.ascii	"===============\012\015\000"
 139      3D3D3D3D 
 139      3D3D3D3D 
 139      3D3D3D0A 
 139      0D00
 140              		.section	.text.show_help,"ax",%progbits
ARM GAS  C:\Users\ingan\AppData\Local\Temp\ccJqrHHf.s 			page 4


 141              		.align	2
 142              		.global	show_help
 143              		.thumb
 144              		.thumb_func
 145              		.type	show_help, %function
 146              	show_help:
 147              	.LFB65:
  22:func_list.c   **** 
  23:func_list.c   **** void show_help(f_list_type *list)
  24:func_list.c   **** {
 148              		.loc 1 24 0
 149              		.cfi_startproc
 150              		@ args = 0, pretend = 0, frame = 16
 151              		@ frame_needed = 1, uses_anonymous_args = 0
 152 0000 80B5     		push	{r7, lr}
 153              		.cfi_def_cfa_offset 8
 154              		.cfi_offset 7, -8
 155              		.cfi_offset 14, -4
 156 0002 84B0     		sub	sp, sp, #16
 157              		.cfi_def_cfa_offset 24
 158 0004 00AF     		add	r7, sp, #0
 159              		.cfi_def_cfa_register 7
 160 0006 7860     		str	r0, [r7, #4]
  25:func_list.c   ****     int i ;
  26:func_list.c   ****     
  27:func_list.c   ****     print("=== command ===\n\r") ;
 161              		.loc 1 27 0
 162 0008 1C48     		ldr	r0, .L13
 163 000a FFF7FEFF 		bl	print
  28:func_list.c   ****     for (i = 0 ; list[i].name ; i++ ) {
 164              		.loc 1 28 0
 165 000e 0023     		movs	r3, #0
 166 0010 FB60     		str	r3, [r7, #12]
 167 0012 20E0     		b	.L11
 168              	.L12:
  29:func_list.c   ****         print(list[i].name) ;
 169              		.loc 1 29 0 discriminator 3
 170 0014 FA68     		ldr	r2, [r7, #12]
 171 0016 1346     		mov	r3, r2
 172 0018 5B00     		lsls	r3, r3, #1
 173 001a 1344     		add	r3, r3, r2
 174 001c 9B00     		lsls	r3, r3, #2
 175 001e 1A46     		mov	r2, r3
 176 0020 7B68     		ldr	r3, [r7, #4]
 177 0022 1344     		add	r3, r3, r2
 178 0024 1B68     		ldr	r3, [r3]
 179 0026 1846     		mov	r0, r3
 180 0028 FFF7FEFF 		bl	print
  30:func_list.c   ****         print(" : ") ;
 181              		.loc 1 30 0 discriminator 3
 182 002c 1448     		ldr	r0, .L13+4
 183 002e FFF7FEFF 		bl	print
  31:func_list.c   ****         print(list[i].description) ;
 184              		.loc 1 31 0 discriminator 3
 185 0032 FA68     		ldr	r2, [r7, #12]
 186 0034 1346     		mov	r3, r2
 187 0036 5B00     		lsls	r3, r3, #1
ARM GAS  C:\Users\ingan\AppData\Local\Temp\ccJqrHHf.s 			page 5


 188 0038 1344     		add	r3, r3, r2
 189 003a 9B00     		lsls	r3, r3, #2
 190 003c 1A46     		mov	r2, r3
 191 003e 7B68     		ldr	r3, [r7, #4]
 192 0040 1344     		add	r3, r3, r2
 193 0042 9B68     		ldr	r3, [r3, #8]
 194 0044 1846     		mov	r0, r3
 195 0046 FFF7FEFF 		bl	print
  32:func_list.c   ****         print("\n\r") ;
 196              		.loc 1 32 0 discriminator 3
 197 004a 0E48     		ldr	r0, .L13+8
 198 004c FFF7FEFF 		bl	print
  28:func_list.c   ****         print(list[i].name) ;
 199              		.loc 1 28 0 discriminator 3
 200 0050 FB68     		ldr	r3, [r7, #12]
 201 0052 0133     		adds	r3, r3, #1
 202 0054 FB60     		str	r3, [r7, #12]
 203              	.L11:
  28:func_list.c   ****         print(list[i].name) ;
 204              		.loc 1 28 0 is_stmt 0 discriminator 1
 205 0056 FA68     		ldr	r2, [r7, #12]
 206 0058 1346     		mov	r3, r2
 207 005a 5B00     		lsls	r3, r3, #1
 208 005c 1344     		add	r3, r3, r2
 209 005e 9B00     		lsls	r3, r3, #2
 210 0060 1A46     		mov	r2, r3
 211 0062 7B68     		ldr	r3, [r7, #4]
 212 0064 1344     		add	r3, r3, r2
 213 0066 1B68     		ldr	r3, [r3]
 214 0068 002B     		cmp	r3, #0
 215 006a D3D1     		bne	.L12
  33:func_list.c   ****     }
  34:func_list.c   ****     print("===============\n\r") ;    
 216              		.loc 1 34 0 is_stmt 1
 217 006c 0648     		ldr	r0, .L13+12
 218 006e FFF7FEFF 		bl	print
  35:func_list.c   **** }...
 219              		.loc 1 35 0
 220 0072 00BF     		nop
 221 0074 1037     		adds	r7, r7, #16
 222              		.cfi_def_cfa_offset 8
 223 0076 BD46     		mov	sp, r7
 224              		.cfi_def_cfa_register 13
 225              		@ sp needed
 226 0078 80BD     		pop	{r7, pc}
 227              	.L14:
 228 007a 00BF     		.align	2
 229              	.L13:
 230 007c 04000000 		.word	.LC1
 231 0080 18000000 		.word	.LC2
 232 0084 1C000000 		.word	.LC3
 233 0088 20000000 		.word	.LC4
 234              		.cfi_endproc
 235              	.LFE65:
 236              		.size	show_help, .-show_help
 237              		.text
 238              	.Letext0:
ARM GAS  C:\Users\ingan\AppData\Local\Temp\ccJqrHHf.s 			page 6


 239              		.file 2 "c:\\program files (x86)\\cypress\\psoc creator\\4.2\\psoc creator\\import\\gnu\\arm\\5.4.
 240              		.file 3 "c:\\program files (x86)\\cypress\\psoc creator\\4.2\\psoc creator\\import\\gnu\\arm\\5.4.
 241              		.file 4 "func_list.h"
 242              		.file 5 "Generated_Source\\PSoC5/core_cm3.h"
 243              		.section	.debug_info,"",%progbits
 244              	.Ldebug_info0:
 245 0000 AA010000 		.4byte	0x1aa
 246 0004 0400     		.2byte	0x4
 247 0006 00000000 		.4byte	.Ldebug_abbrev0
 248 000a 04       		.byte	0x4
 249 000b 01       		.uleb128 0x1
 250 000c 30010000 		.4byte	.LASF22
 251 0010 0C       		.byte	0xc
 252 0011 5C000000 		.4byte	.LASF23
 253 0015 E4000000 		.4byte	.LASF24
 254 0019 00000000 		.4byte	.Ldebug_ranges0+0
 255 001d 00000000 		.4byte	0
 256 0021 00000000 		.4byte	.Ldebug_line0
 257 0025 02       		.uleb128 0x2
 258 0026 01       		.byte	0x1
 259 0027 06       		.byte	0x6
 260 0028 F5010000 		.4byte	.LASF0
 261 002c 02       		.uleb128 0x2
 262 002d 01       		.byte	0x1
 263 002e 08       		.byte	0x8
 264 002f 4E000000 		.4byte	.LASF1
 265 0033 02       		.uleb128 0x2
 266 0034 02       		.byte	0x2
 267 0035 05       		.byte	0x5
 268 0036 D1010000 		.4byte	.LASF2
 269 003a 02       		.uleb128 0x2
 270 003b 02       		.byte	0x2
 271 003c 07       		.byte	0x7
 272 003d 16000000 		.4byte	.LASF3
 273 0041 03       		.uleb128 0x3
 274 0042 00000000 		.4byte	.LASF9
 275 0046 02       		.byte	0x2
 276 0047 3F       		.byte	0x3f
 277 0048 4C000000 		.4byte	0x4c
 278 004c 02       		.uleb128 0x2
 279 004d 04       		.byte	0x4
 280 004e 05       		.byte	0x5
 281 004f DB010000 		.4byte	.LASF4
 282 0053 02       		.uleb128 0x2
 283 0054 04       		.byte	0x4
 284 0055 07       		.byte	0x7
 285 0056 68000000 		.4byte	.LASF5
 286 005a 02       		.uleb128 0x2
 287 005b 08       		.byte	0x8
 288 005c 05       		.byte	0x5
 289 005d D6000000 		.4byte	.LASF6
 290 0061 02       		.uleb128 0x2
 291 0062 08       		.byte	0x8
 292 0063 07       		.byte	0x7
 293 0064 AE000000 		.4byte	.LASF7
 294 0068 04       		.uleb128 0x4
 295 0069 04       		.byte	0x4
ARM GAS  C:\Users\ingan\AppData\Local\Temp\ccJqrHHf.s 			page 7


 296 006a 05       		.byte	0x5
 297 006b 696E7400 		.ascii	"int\000"
 298 006f 02       		.uleb128 0x2
 299 0070 04       		.byte	0x4
 300 0071 07       		.byte	0x7
 301 0072 A1000000 		.4byte	.LASF8
 302 0076 03       		.uleb128 0x3
 303 0077 C5000000 		.4byte	.LASF10
 304 007b 03       		.byte	0x3
 305 007c 2C       		.byte	0x2c
 306 007d 41000000 		.4byte	0x41
 307 0081 02       		.uleb128 0x2
 308 0082 04       		.byte	0x4
 309 0083 04       		.byte	0x4
 310 0084 3C000000 		.4byte	.LASF11
 311 0088 02       		.uleb128 0x2
 312 0089 08       		.byte	0x8
 313 008a 04       		.byte	0x4
 314 008b 8C000000 		.4byte	.LASF12
 315 008f 02       		.uleb128 0x2
 316 0090 01       		.byte	0x1
 317 0091 08       		.byte	0x8
 318 0092 E4010000 		.4byte	.LASF13
 319 0096 05       		.uleb128 0x5
 320 0097 04       		.byte	0x4
 321 0098 9C000000 		.4byte	0x9c
 322 009c 06       		.uleb128 0x6
 323 009d 02       		.uleb128 0x2
 324 009e 08       		.byte	0x8
 325 009f 04       		.byte	0x4
 326 00a0 E9010000 		.4byte	.LASF14
 327 00a4 02       		.uleb128 0x2
 328 00a5 04       		.byte	0x4
 329 00a6 07       		.byte	0x7
 330 00a7 CD000000 		.4byte	.LASF15
 331 00ab 05       		.uleb128 0x5
 332 00ac 04       		.byte	0x4
 333 00ad 8F000000 		.4byte	0x8f
 334 00b1 03       		.uleb128 0x3
 335 00b2 33000000 		.4byte	.LASF16
 336 00b6 04       		.byte	0x4
 337 00b7 07       		.byte	0x7
 338 00b8 96000000 		.4byte	0x96
 339 00bc 07       		.uleb128 0x7
 340 00bd 0A000000 		.4byte	.LASF25
 341 00c1 0C       		.byte	0xc
 342 00c2 04       		.byte	0x4
 343 00c3 09       		.byte	0x9
 344 00c4 ED000000 		.4byte	0xed
 345 00c8 08       		.uleb128 0x8
 346 00c9 01020000 		.4byte	.LASF17
 347 00cd 04       		.byte	0x4
 348 00ce 0A       		.byte	0xa
 349 00cf AB000000 		.4byte	0xab
 350 00d3 00       		.byte	0
 351 00d4 08       		.uleb128 0x8
 352 00d5 93000000 		.4byte	.LASF18
ARM GAS  C:\Users\ingan\AppData\Local\Temp\ccJqrHHf.s 			page 8


 353 00d9 04       		.byte	0x4
 354 00da 0B       		.byte	0xb
 355 00db B1000000 		.4byte	0xb1
 356 00df 04       		.byte	0x4
 357 00e0 08       		.uleb128 0x8
 358 00e1 42000000 		.4byte	.LASF19
 359 00e5 04       		.byte	0x4
 360 00e6 0C       		.byte	0xc
 361 00e7 AB000000 		.4byte	0xab
 362 00eb 08       		.byte	0x8
 363 00ec 00       		.byte	0
 364 00ed 03       		.uleb128 0x3
 365 00ee 06020000 		.4byte	.LASF20
 366 00f2 04       		.byte	0x4
 367 00f3 0D       		.byte	0xd
 368 00f4 BC000000 		.4byte	0xbc
 369 00f8 09       		.uleb128 0x9
 370 00f9 98000000 		.4byte	.LASF26
 371 00fd 01       		.byte	0x1
 372 00fe 06       		.byte	0x6
 373 00ff B1000000 		.4byte	0xb1
 374 0103 00000000 		.4byte	.LFB64
 375 0107 88000000 		.4byte	.LFE64-.LFB64
 376 010b 01       		.uleb128 0x1
 377 010c 9C       		.byte	0x9c
 378 010d 56010000 		.4byte	0x156
 379 0111 0A       		.uleb128 0xa
 380 0112 7A000000 		.4byte	.LASF21
 381 0116 01       		.byte	0x1
 382 0117 06       		.byte	0x6
 383 0118 56010000 		.4byte	0x156
 384 011c 02       		.uleb128 0x2
 385 011d 91       		.byte	0x91
 386 011e 54       		.sleb128 -44
 387 011f 0B       		.uleb128 0xb
 388 0120 73747200 		.ascii	"str\000"
 389 0124 01       		.byte	0x1
 390 0125 06       		.byte	0x6
 391 0126 AB000000 		.4byte	0xab
 392 012a 02       		.uleb128 0x2
 393 012b 91       		.byte	0x91
 394 012c 50       		.sleb128 -48
 395 012d 0C       		.uleb128 0xc
 396 012e 6900     		.ascii	"i\000"
 397 0130 01       		.byte	0x1
 398 0131 08       		.byte	0x8
 399 0132 68000000 		.4byte	0x68
 400 0136 02       		.uleb128 0x2
 401 0137 91       		.byte	0x91
 402 0138 74       		.sleb128 -12
 403 0139 0C       		.uleb128 0xc
 404 013a 70747200 		.ascii	"ptr\000"
 405 013e 01       		.byte	0x1
 406 013f 09       		.byte	0x9
 407 0140 B1000000 		.4byte	0xb1
 408 0144 02       		.uleb128 0x2
 409 0145 91       		.byte	0x91
ARM GAS  C:\Users\ingan\AppData\Local\Temp\ccJqrHHf.s 			page 9


 410 0146 70       		.sleb128 -16
 411 0147 0C       		.uleb128 0xc
 412 0148 636D6400 		.ascii	"cmd\000"
 413 014c 01       		.byte	0x1
 414 014d 0A       		.byte	0xa
 415 014e 5C010000 		.4byte	0x15c
 416 0152 02       		.uleb128 0x2
 417 0153 91       		.byte	0x91
 418 0154 5C       		.sleb128 -36
 419 0155 00       		.byte	0
 420 0156 05       		.uleb128 0x5
 421 0157 04       		.byte	0x4
 422 0158 ED000000 		.4byte	0xed
 423 015c 0D       		.uleb128 0xd
 424 015d 8F000000 		.4byte	0x8f
 425 0161 6C010000 		.4byte	0x16c
 426 0165 0E       		.uleb128 0xe
 427 0166 A4000000 		.4byte	0xa4
 428 016a 10       		.byte	0x10
 429 016b 00       		.byte	0
 430 016c 0F       		.uleb128 0xf
 431 016d 29000000 		.4byte	.LASF27
 432 0171 01       		.byte	0x1
 433 0172 17       		.byte	0x17
 434 0173 00000000 		.4byte	.LFB65
 435 0177 8C000000 		.4byte	.LFE65-.LFB65
 436 017b 01       		.uleb128 0x1
 437 017c 9C       		.byte	0x9c
 438 017d 9C010000 		.4byte	0x19c
 439 0181 0A       		.uleb128 0xa
 440 0182 7A000000 		.4byte	.LASF21
 441 0186 01       		.byte	0x1
 442 0187 17       		.byte	0x17
 443 0188 56010000 		.4byte	0x156
 444 018c 02       		.uleb128 0x2
 445 018d 91       		.byte	0x91
 446 018e 6C       		.sleb128 -20
 447 018f 0C       		.uleb128 0xc
 448 0190 6900     		.ascii	"i\000"
 449 0192 01       		.byte	0x1
 450 0193 19       		.byte	0x19
 451 0194 68000000 		.4byte	0x68
 452 0198 02       		.uleb128 0x2
 453 0199 91       		.byte	0x91
 454 019a 74       		.sleb128 -12
 455 019b 00       		.byte	0
 456 019c 10       		.uleb128 0x10
 457 019d 7F000000 		.4byte	.LASF28
 458 01a1 05       		.byte	0x5
 459 01a2 1207     		.2byte	0x712
 460 01a4 A8010000 		.4byte	0x1a8
 461 01a8 11       		.uleb128 0x11
 462 01a9 76000000 		.4byte	0x76
 463 01ad 00       		.byte	0
 464              		.section	.debug_abbrev,"",%progbits
 465              	.Ldebug_abbrev0:
 466 0000 01       		.uleb128 0x1
ARM GAS  C:\Users\ingan\AppData\Local\Temp\ccJqrHHf.s 			page 10


 467 0001 11       		.uleb128 0x11
 468 0002 01       		.byte	0x1
 469 0003 25       		.uleb128 0x25
 470 0004 0E       		.uleb128 0xe
 471 0005 13       		.uleb128 0x13
 472 0006 0B       		.uleb128 0xb
 473 0007 03       		.uleb128 0x3
 474 0008 0E       		.uleb128 0xe
 475 0009 1B       		.uleb128 0x1b
 476 000a 0E       		.uleb128 0xe
 477 000b 55       		.uleb128 0x55
 478 000c 17       		.uleb128 0x17
 479 000d 11       		.uleb128 0x11
 480 000e 01       		.uleb128 0x1
 481 000f 10       		.uleb128 0x10
 482 0010 17       		.uleb128 0x17
 483 0011 00       		.byte	0
 484 0012 00       		.byte	0
 485 0013 02       		.uleb128 0x2
 486 0014 24       		.uleb128 0x24
 487 0015 00       		.byte	0
 488 0016 0B       		.uleb128 0xb
 489 0017 0B       		.uleb128 0xb
 490 0018 3E       		.uleb128 0x3e
 491 0019 0B       		.uleb128 0xb
 492 001a 03       		.uleb128 0x3
 493 001b 0E       		.uleb128 0xe
 494 001c 00       		.byte	0
 495 001d 00       		.byte	0
 496 001e 03       		.uleb128 0x3
 497 001f 16       		.uleb128 0x16
 498 0020 00       		.byte	0
 499 0021 03       		.uleb128 0x3
 500 0022 0E       		.uleb128 0xe
 501 0023 3A       		.uleb128 0x3a
 502 0024 0B       		.uleb128 0xb
 503 0025 3B       		.uleb128 0x3b
 504 0026 0B       		.uleb128 0xb
 505 0027 49       		.uleb128 0x49
 506 0028 13       		.uleb128 0x13
 507 0029 00       		.byte	0
 508 002a 00       		.byte	0
 509 002b 04       		.uleb128 0x4
 510 002c 24       		.uleb128 0x24
 511 002d 00       		.byte	0
 512 002e 0B       		.uleb128 0xb
 513 002f 0B       		.uleb128 0xb
 514 0030 3E       		.uleb128 0x3e
 515 0031 0B       		.uleb128 0xb
 516 0032 03       		.uleb128 0x3
 517 0033 08       		.uleb128 0x8
 518 0034 00       		.byte	0
 519 0035 00       		.byte	0
 520 0036 05       		.uleb128 0x5
 521 0037 0F       		.uleb128 0xf
 522 0038 00       		.byte	0
 523 0039 0B       		.uleb128 0xb
ARM GAS  C:\Users\ingan\AppData\Local\Temp\ccJqrHHf.s 			page 11


 524 003a 0B       		.uleb128 0xb
 525 003b 49       		.uleb128 0x49
 526 003c 13       		.uleb128 0x13
 527 003d 00       		.byte	0
 528 003e 00       		.byte	0
 529 003f 06       		.uleb128 0x6
 530 0040 15       		.uleb128 0x15
 531 0041 00       		.byte	0
 532 0042 27       		.uleb128 0x27
 533 0043 19       		.uleb128 0x19
 534 0044 00       		.byte	0
 535 0045 00       		.byte	0
 536 0046 07       		.uleb128 0x7
 537 0047 13       		.uleb128 0x13
 538 0048 01       		.byte	0x1
 539 0049 03       		.uleb128 0x3
 540 004a 0E       		.uleb128 0xe
 541 004b 0B       		.uleb128 0xb
 542 004c 0B       		.uleb128 0xb
 543 004d 3A       		.uleb128 0x3a
 544 004e 0B       		.uleb128 0xb
 545 004f 3B       		.uleb128 0x3b
 546 0050 0B       		.uleb128 0xb
 547 0051 01       		.uleb128 0x1
 548 0052 13       		.uleb128 0x13
 549 0053 00       		.byte	0
 550 0054 00       		.byte	0
 551 0055 08       		.uleb128 0x8
 552 0056 0D       		.uleb128 0xd
 553 0057 00       		.byte	0
 554 0058 03       		.uleb128 0x3
 555 0059 0E       		.uleb128 0xe
 556 005a 3A       		.uleb128 0x3a
 557 005b 0B       		.uleb128 0xb
 558 005c 3B       		.uleb128 0x3b
 559 005d 0B       		.uleb128 0xb
 560 005e 49       		.uleb128 0x49
 561 005f 13       		.uleb128 0x13
 562 0060 38       		.uleb128 0x38
 563 0061 0B       		.uleb128 0xb
 564 0062 00       		.byte	0
 565 0063 00       		.byte	0
 566 0064 09       		.uleb128 0x9
 567 0065 2E       		.uleb128 0x2e
 568 0066 01       		.byte	0x1
 569 0067 3F       		.uleb128 0x3f
 570 0068 19       		.uleb128 0x19
 571 0069 03       		.uleb128 0x3
 572 006a 0E       		.uleb128 0xe
 573 006b 3A       		.uleb128 0x3a
 574 006c 0B       		.uleb128 0xb
 575 006d 3B       		.uleb128 0x3b
 576 006e 0B       		.uleb128 0xb
 577 006f 27       		.uleb128 0x27
 578 0070 19       		.uleb128 0x19
 579 0071 49       		.uleb128 0x49
 580 0072 13       		.uleb128 0x13
ARM GAS  C:\Users\ingan\AppData\Local\Temp\ccJqrHHf.s 			page 12


 581 0073 11       		.uleb128 0x11
 582 0074 01       		.uleb128 0x1
 583 0075 12       		.uleb128 0x12
 584 0076 06       		.uleb128 0x6
 585 0077 40       		.uleb128 0x40
 586 0078 18       		.uleb128 0x18
 587 0079 9642     		.uleb128 0x2116
 588 007b 19       		.uleb128 0x19
 589 007c 01       		.uleb128 0x1
 590 007d 13       		.uleb128 0x13
 591 007e 00       		.byte	0
 592 007f 00       		.byte	0
 593 0080 0A       		.uleb128 0xa
 594 0081 05       		.uleb128 0x5
 595 0082 00       		.byte	0
 596 0083 03       		.uleb128 0x3
 597 0084 0E       		.uleb128 0xe
 598 0085 3A       		.uleb128 0x3a
 599 0086 0B       		.uleb128 0xb
 600 0087 3B       		.uleb128 0x3b
 601 0088 0B       		.uleb128 0xb
 602 0089 49       		.uleb128 0x49
 603 008a 13       		.uleb128 0x13
 604 008b 02       		.uleb128 0x2
 605 008c 18       		.uleb128 0x18
 606 008d 00       		.byte	0
 607 008e 00       		.byte	0
 608 008f 0B       		.uleb128 0xb
 609 0090 05       		.uleb128 0x5
 610 0091 00       		.byte	0
 611 0092 03       		.uleb128 0x3
 612 0093 08       		.uleb128 0x8
 613 0094 3A       		.uleb128 0x3a
 614 0095 0B       		.uleb128 0xb
 615 0096 3B       		.uleb128 0x3b
 616 0097 0B       		.uleb128 0xb
 617 0098 49       		.uleb128 0x49
 618 0099 13       		.uleb128 0x13
 619 009a 02       		.uleb128 0x2
 620 009b 18       		.uleb128 0x18
 621 009c 00       		.byte	0
 622 009d 00       		.byte	0
 623 009e 0C       		.uleb128 0xc
 624 009f 34       		.uleb128 0x34
 625 00a0 00       		.byte	0
 626 00a1 03       		.uleb128 0x3
 627 00a2 08       		.uleb128 0x8
 628 00a3 3A       		.uleb128 0x3a
 629 00a4 0B       		.uleb128 0xb
 630 00a5 3B       		.uleb128 0x3b
 631 00a6 0B       		.uleb128 0xb
 632 00a7 49       		.uleb128 0x49
 633 00a8 13       		.uleb128 0x13
 634 00a9 02       		.uleb128 0x2
 635 00aa 18       		.uleb128 0x18
 636 00ab 00       		.byte	0
 637 00ac 00       		.byte	0
ARM GAS  C:\Users\ingan\AppData\Local\Temp\ccJqrHHf.s 			page 13


 638 00ad 0D       		.uleb128 0xd
 639 00ae 01       		.uleb128 0x1
 640 00af 01       		.byte	0x1
 641 00b0 49       		.uleb128 0x49
 642 00b1 13       		.uleb128 0x13
 643 00b2 01       		.uleb128 0x1
 644 00b3 13       		.uleb128 0x13
 645 00b4 00       		.byte	0
 646 00b5 00       		.byte	0
 647 00b6 0E       		.uleb128 0xe
 648 00b7 21       		.uleb128 0x21
 649 00b8 00       		.byte	0
 650 00b9 49       		.uleb128 0x49
 651 00ba 13       		.uleb128 0x13
 652 00bb 2F       		.uleb128 0x2f
 653 00bc 0B       		.uleb128 0xb
 654 00bd 00       		.byte	0
 655 00be 00       		.byte	0
 656 00bf 0F       		.uleb128 0xf
 657 00c0 2E       		.uleb128 0x2e
 658 00c1 01       		.byte	0x1
 659 00c2 3F       		.uleb128 0x3f
 660 00c3 19       		.uleb128 0x19
 661 00c4 03       		.uleb128 0x3
 662 00c5 0E       		.uleb128 0xe
 663 00c6 3A       		.uleb128 0x3a
 664 00c7 0B       		.uleb128 0xb
 665 00c8 3B       		.uleb128 0x3b
 666 00c9 0B       		.uleb128 0xb
 667 00ca 27       		.uleb128 0x27
 668 00cb 19       		.uleb128 0x19
 669 00cc 11       		.uleb128 0x11
 670 00cd 01       		.uleb128 0x1
 671 00ce 12       		.uleb128 0x12
 672 00cf 06       		.uleb128 0x6
 673 00d0 40       		.uleb128 0x40
 674 00d1 18       		.uleb128 0x18
 675 00d2 9642     		.uleb128 0x2116
 676 00d4 19       		.uleb128 0x19
 677 00d5 01       		.uleb128 0x1
 678 00d6 13       		.uleb128 0x13
 679 00d7 00       		.byte	0
 680 00d8 00       		.byte	0
 681 00d9 10       		.uleb128 0x10
 682 00da 34       		.uleb128 0x34
 683 00db 00       		.byte	0
 684 00dc 03       		.uleb128 0x3
 685 00dd 0E       		.uleb128 0xe
 686 00de 3A       		.uleb128 0x3a
 687 00df 0B       		.uleb128 0xb
 688 00e0 3B       		.uleb128 0x3b
 689 00e1 05       		.uleb128 0x5
 690 00e2 49       		.uleb128 0x49
 691 00e3 13       		.uleb128 0x13
 692 00e4 3F       		.uleb128 0x3f
 693 00e5 19       		.uleb128 0x19
 694 00e6 3C       		.uleb128 0x3c
ARM GAS  C:\Users\ingan\AppData\Local\Temp\ccJqrHHf.s 			page 14


 695 00e7 19       		.uleb128 0x19
 696 00e8 00       		.byte	0
 697 00e9 00       		.byte	0
 698 00ea 11       		.uleb128 0x11
 699 00eb 35       		.uleb128 0x35
 700 00ec 00       		.byte	0
 701 00ed 49       		.uleb128 0x49
 702 00ee 13       		.uleb128 0x13
 703 00ef 00       		.byte	0
 704 00f0 00       		.byte	0
 705 00f1 00       		.byte	0
 706              		.section	.debug_aranges,"",%progbits
 707 0000 24000000 		.4byte	0x24
 708 0004 0200     		.2byte	0x2
 709 0006 00000000 		.4byte	.Ldebug_info0
 710 000a 04       		.byte	0x4
 711 000b 00       		.byte	0
 712 000c 0000     		.2byte	0
 713 000e 0000     		.2byte	0
 714 0010 00000000 		.4byte	.LFB64
 715 0014 88000000 		.4byte	.LFE64-.LFB64
 716 0018 00000000 		.4byte	.LFB65
 717 001c 8C000000 		.4byte	.LFE65-.LFB65
 718 0020 00000000 		.4byte	0
 719 0024 00000000 		.4byte	0
 720              		.section	.debug_ranges,"",%progbits
 721              	.Ldebug_ranges0:
 722 0000 00000000 		.4byte	.LFB64
 723 0004 88000000 		.4byte	.LFE64
 724 0008 00000000 		.4byte	.LFB65
 725 000c 8C000000 		.4byte	.LFE65
 726 0010 00000000 		.4byte	0
 727 0014 00000000 		.4byte	0
 728              		.section	.debug_line,"",%progbits
 729              	.Ldebug_line0:
 730 0000 AE010000 		.section	.debug_str,"MS",%progbits,1
 730      02005301 
 730      00000201 
 730      FB0E0D00 
 730      01010101 
 731              	.LASF9:
 732 0000 5F5F696E 		.ascii	"__int32_t\000"
 732      7433325F 
 732      7400
 733              	.LASF25:
 734 000a 5F665F6C 		.ascii	"_f_list_st_\000"
 734      6973745F 
 734      73745F00 
 735              	.LASF3:
 736 0016 73686F72 		.ascii	"short unsigned int\000"
 736      7420756E 
 736      7369676E 
 736      65642069 
 736      6E7400
 737              	.LASF27:
 738 0029 73686F77 		.ascii	"show_help\000"
 738      5F68656C 
ARM GAS  C:\Users\ingan\AppData\Local\Temp\ccJqrHHf.s 			page 15


 738      7000
 739              	.LASF16:
 740 0033 66756E63 		.ascii	"func_ptr\000"
 740      5F707472 
 740      00
 741              	.LASF11:
 742 003c 666C6F61 		.ascii	"float\000"
 742      7400
 743              	.LASF19:
 744 0042 64657363 		.ascii	"description\000"
 744      72697074 
 744      696F6E00 
 745              	.LASF1:
 746 004e 756E7369 		.ascii	"unsigned char\000"
 746      676E6564 
 746      20636861 
 746      7200
 747              	.LASF23:
 748 005c 66756E63 		.ascii	"func_list.c\000"
 748      5F6C6973 
 748      742E6300 
 749              	.LASF5:
 750 0068 6C6F6E67 		.ascii	"long unsigned int\000"
 750      20756E73 
 750      69676E65 
 750      6420696E 
 750      7400
 751              	.LASF21:
 752 007a 6C697374 		.ascii	"list\000"
 752      00
 753              	.LASF28:
 754 007f 49544D5F 		.ascii	"ITM_RxBuffer\000"
 754      52784275 
 754      66666572 
 754      00
 755              	.LASF12:
 756 008c 646F7562 		.ascii	"double\000"
 756      6C6500
 757              	.LASF18:
 758 0093 66756E63 		.ascii	"func\000"
 758      00
 759              	.LASF26:
 760 0098 6765745F 		.ascii	"get_func\000"
 760      66756E63 
 760      00
 761              	.LASF8:
 762 00a1 756E7369 		.ascii	"unsigned int\000"
 762      676E6564 
 762      20696E74 
 762      00
 763              	.LASF7:
 764 00ae 6C6F6E67 		.ascii	"long long unsigned int\000"
 764      206C6F6E 
 764      6720756E 
 764      7369676E 
 764      65642069 
 765              	.LASF10:
ARM GAS  C:\Users\ingan\AppData\Local\Temp\ccJqrHHf.s 			page 16


 766 00c5 696E7433 		.ascii	"int32_t\000"
 766      325F7400 
 767              	.LASF15:
 768 00cd 73697A65 		.ascii	"sizetype\000"
 768      74797065 
 768      00
 769              	.LASF6:
 770 00d6 6C6F6E67 		.ascii	"long long int\000"
 770      206C6F6E 
 770      6720696E 
 770      7400
 771              	.LASF24:
 772 00e4 433A5C55 		.ascii	"C:\\Users\\ingan\\Documents\\PSoC Creator\\MegaDriv"
 772      73657273 
 772      5C696E67 
 772      616E5C44 
 772      6F63756D 
 773 0112 655F706C 		.ascii	"e_player\\VGMPlayer_v0.6.cydsn\000"
 773      61796572 
 773      5C56474D 
 773      506C6179 
 773      65725F76 
 774              	.LASF22:
 775 0130 474E5520 		.ascii	"GNU C11 5.4.1 20160609 (release) [ARM/embedded-5-br"
 775      43313120 
 775      352E342E 
 775      31203230 
 775      31363036 
 776 0163 616E6368 		.ascii	"anch revision 237715] -mcpu=cortex-m3 -mthumb -g -O"
 776      20726576 
 776      6973696F 
 776      6E203233 
 776      37373135 
 777 0196 30202D66 		.ascii	"0 -ffunction-sections -ffat-lto-objects -finline-fu"
 777      66756E63 
 777      74696F6E 
 777      2D736563 
 777      74696F6E 
 778 01c9 6E637469 		.ascii	"nctions\000"
 778      6F6E7300 
 779              	.LASF2:
 780 01d1 73686F72 		.ascii	"short int\000"
 780      7420696E 
 780      7400
 781              	.LASF4:
 782 01db 6C6F6E67 		.ascii	"long int\000"
 782      20696E74 
 782      00
 783              	.LASF13:
 784 01e4 63686172 		.ascii	"char\000"
 784      00
 785              	.LASF14:
 786 01e9 6C6F6E67 		.ascii	"long double\000"
 786      20646F75 
 786      626C6500 
 787              	.LASF0:
 788 01f5 7369676E 		.ascii	"signed char\000"
ARM GAS  C:\Users\ingan\AppData\Local\Temp\ccJqrHHf.s 			page 17


 788      65642063 
 788      68617200 
 789              	.LASF17:
 790 0201 6E616D65 		.ascii	"name\000"
 790      00
 791              	.LASF20:
 792 0206 665F6C69 		.ascii	"f_list_type\000"
 792      73745F74 
 792      79706500 
 793              		.ident	"GCC: (GNU Tools for ARM Embedded Processors) 5.4.1 20160609 (release) [ARM/embedded-5-bran
