ARM GAS  C:\Users\ingan\AppData\Local\Temp\ccbxWh6F.s 			page 1


   1              		.syntax unified
   2              		.cpu cortex-m3
   3              		.fpu softvfp
   4              		.eabi_attribute 20, 1
   5              		.eabi_attribute 21, 1
   6              		.eabi_attribute 23, 3
   7              		.eabi_attribute 24, 1
   8              		.eabi_attribute 25, 1
   9              		.eabi_attribute 26, 1
  10              		.eabi_attribute 30, 6
  11              		.eabi_attribute 34, 1
  12              		.eabi_attribute 18, 4
  13              		.thumb
  14              		.syntax unified
  15              		.file	"usb_uart.c"
  16              		.text
  17              	.Ltext0:
  18              		.cfi_sections	.debug_frame
  19              		.comm	count,2,2
  20              		.comm	buffer,128,4
  21              		.global	bufPtr
  22              		.data
  23              		.align	2
  24              		.type	bufPtr, %object
  25              		.size	bufPtr, 4
  26              	bufPtr:
  27 0000 00000000 		.word	buffer
  28              		.global	rx_flag
  29              		.bss
  30              		.type	rx_flag, %object
  31              		.size	rx_flag, 1
  32              	rx_flag:
  33 0000 00       		.space	1
  34              		.global	goFlag
  35              		.type	goFlag, %object
  36              		.size	goFlag, 1
  37              	goFlag:
  38 0001 00       		.space	1
  39              		.global	EP3
  40              		.section	.rodata
  41              		.align	2
  42              	.LC0:
  43 0000 55534255 		.ascii	"USBUart EP 3 ISR Exit Callback \000"
  43      61727420 
  43      45502033 
  43      20495352 
  43      20457869 
  44              		.data
  45              		.align	2
  46              		.type	EP3, %object
  47              		.size	EP3, 4
  48              	EP3:
  49 0004 00000000 		.word	.LC0
  50              		.global	EP1
  51              		.section	.rodata
  52              		.align	2
  53              	.LC1:
ARM GAS  C:\Users\ingan\AppData\Local\Temp\ccbxWh6F.s 			page 2


  54 0020 55534255 		.ascii	"USBUart EP 1 ISR Exit Callback \000"
  54      61727420 
  54      45502031 
  54      20495352 
  54      20457869 
  55              		.data
  56              		.align	2
  57              		.type	EP1, %object
  58              		.size	EP1, 4
  59              	EP1:
  60 0008 20000000 		.word	.LC1
  61              		.section	.text.usbuart_init,"ax",%progbits
  62              		.align	2
  63              		.global	usbuart_init
  64              		.thumb
  65              		.thumb_func
  66              		.type	usbuart_init, %function
  67              	usbuart_init:
  68              	.LFB64:
  69              		.file 1 "usb_uart.c"
   1:usb_uart.c    **** /*
   2:usb_uart.c    **** *   This is an implementation of the USBFS CDC - USBUART using 
   3:usb_uart.c    **** *   endpoint interrupts with no additional self defined clock 
   4:usb_uart.c    **** *   interrupt to check USBUART buffer. 
   5:usb_uart.c    **** *   In topdesign, the USBFS has been selected in 
   6:usb_uart.c    **** *   Descriptor root:Device Descriptor:Device Class as 0x02 CDC 
   7:usb_uart.c    **** *   In Descriptor root, endpoint buffer management is 
   8:usb_uart.c    **** *   defined as manual(static allocation), EP 2 direction as IN, 
   9:usb_uart.c    **** *   but is a send point, EP3 direction as out, but a receive point. All settings
  10:usb_uart.c    **** *   are default when select Device Class as 0x02 CDC
  11:usb_uart.c    **** *   THESE IMPLEMENTIONS ARE EXPERIMENTAL, MAY DEPENDED ON THE DEVICE FAMILY
  12:usb_uart.c    **** */
  13:usb_uart.c    **** #include "project.h"
  14:usb_uart.c    **** #include "stdio.h"
  15:usb_uart.c    **** #include "usb_uart.h"
  16:usb_uart.c    **** #include "usbuart.h"
  17:usb_uart.c    **** #include "tty_utils.h"
  18:usb_uart.c    **** 
  19:usb_uart.c    **** uint16_t count;
  20:usb_uart.c    **** uint8_t buffer[2][USBUART_BUFFER_SIZE];
  21:usb_uart.c    **** uint8_t* bufPtr = buffer[0];
  22:usb_uart.c    **** uint8_t rx_flag = 0;
  23:usb_uart.c    **** uint8_t goFlag = 0;
  24:usb_uart.c    **** //uint8_t received[1000];
  25:usb_uart.c    **** //uint8_t *ptr = received;
  26:usb_uart.c    **** //uint8_t received[64];
  27:usb_uart.c    **** 
  28:usb_uart.c    **** char* EP3 = "USBUart EP 3 ISR Exit Callback ";
  29:usb_uart.c    **** char* EP1 = "USBUart EP 1 ISR Exit Callback ";
  30:usb_uart.c    **** 
  31:usb_uart.c    **** void usbuart_init(void)
  32:usb_uart.c    **** {
  70              		.loc 1 32 0
  71              		.cfi_startproc
  72              		@ args = 0, pretend = 0, frame = 0
  73              		@ frame_needed = 1, uses_anonymous_args = 0
  74 0000 80B5     		push	{r7, lr}
ARM GAS  C:\Users\ingan\AppData\Local\Temp\ccbxWh6F.s 			page 3


  75              		.cfi_def_cfa_offset 8
  76              		.cfi_offset 7, -8
  77              		.cfi_offset 14, -4
  78 0002 00AF     		add	r7, sp, #0
  79              		.cfi_def_cfa_register 7
  33:usb_uart.c    ****     /* Start USBFS operation with 5-V operation. */
  34:usb_uart.c    ****     USBUART_Start(USBFS_DEVICE, USBUART_5V_OPERATION);
  80              		.loc 1 34 0
  81 0004 0121     		movs	r1, #1
  82 0006 0020     		movs	r0, #0
  83 0008 FFF7FEFF 		bl	USBUART_Start
  35:usb_uart.c    ****     /* Host can send double SET_INTERFACE request. */
  36:usb_uart.c    ****     if (0u != USBUART_IsConfigurationChanged())
  84              		.loc 1 36 0
  85 000c FFF7FEFF 		bl	USBUART_IsConfigurationChanged
  86 0010 0346     		mov	r3, r0
  87 0012 002B     		cmp	r3, #0
  88 0014 06D0     		beq	.L3
  37:usb_uart.c    ****     {
  38:usb_uart.c    ****         /* Initialize IN endpoints when device is configured. */
  39:usb_uart.c    ****         if (0u != USBUART_GetConfiguration())
  89              		.loc 1 39 0
  90 0016 FFF7FEFF 		bl	USBUART_GetConfiguration
  91 001a 0346     		mov	r3, r0
  92 001c 002B     		cmp	r3, #0
  93 001e 01D0     		beq	.L3
  40:usb_uart.c    ****         {
  41:usb_uart.c    ****             /* Enumeration is done, enable OUT endpoint to receive data 
  42:usb_uart.c    ****              * from host. */
  43:usb_uart.c    ****             USBUART_CDC_Init();
  94              		.loc 1 43 0
  95 0020 FFF7FEFF 		bl	USBUART_CDC_Init
  96              	.L3:
  44:usb_uart.c    ****         }
  45:usb_uart.c    ****     }
  46:usb_uart.c    **** }
  97              		.loc 1 46 0
  98 0024 00BF     		nop
  99 0026 80BD     		pop	{r7, pc}
 100              		.cfi_endproc
 101              	.LFE64:
 102              		.size	usbuart_init, .-usbuart_init
 103              		.section	.text.USBUART_EP_2_ISR_EntryCallback,"ax",%progbits
 104              		.align	2
 105              		.global	USBUART_EP_2_ISR_EntryCallback
 106              		.thumb
 107              		.thumb_func
 108              		.type	USBUART_EP_2_ISR_EntryCallback, %function
 109              	USBUART_EP_2_ISR_EntryCallback:
 110              	.LFB65:
  47:usb_uart.c    **** /*
  48:usb_uart.c    **** *   After tryouts of the usbfs endpoints, for CDC, these are the interrupts that were
  49:usb_uart.c    **** *   enabled by "system" in generated code. And for EP 2 is a sending endpoint, EP 3 is 
  50:usb_uart.c    **** *   a receiving endpoint.
  51:usb_uart.c    **** */
  52:usb_uart.c    **** /*
  53:usb_uart.c    **** *   In cyapicallbacks.h defined enabling of USBUART_EP_2_ISR_EntryCallback,
ARM GAS  C:\Users\ingan\AppData\Local\Temp\ccbxWh6F.s 			page 4


  54:usb_uart.c    **** *   this is the call back function
  55:usb_uart.c    **** */
  56:usb_uart.c    **** void USBUART_EP_2_ISR_EntryCallback(void)
  57:usb_uart.c    **** {
 111              		.loc 1 57 0
 112              		.cfi_startproc
 113              		@ args = 0, pretend = 0, frame = 0
 114              		@ frame_needed = 1, uses_anonymous_args = 0
 115 0000 80B5     		push	{r7, lr}
 116              		.cfi_def_cfa_offset 8
 117              		.cfi_offset 7, -8
 118              		.cfi_offset 14, -4
 119 0002 00AF     		add	r7, sp, #0
 120              		.cfi_def_cfa_register 7
  58:usb_uart.c    ****     if (0u != USBUART_IsConfigurationChanged())
 121              		.loc 1 58 0
 122 0004 FFF7FEFF 		bl	USBUART_IsConfigurationChanged
 123 0008 0346     		mov	r3, r0
 124 000a 002B     		cmp	r3, #0
 125 000c 06D0     		beq	.L6
  59:usb_uart.c    ****     {
  60:usb_uart.c    ****         /* Initialize IN endpoints when device is configured. */
  61:usb_uart.c    ****         if (0u != USBUART_GetConfiguration())
 126              		.loc 1 61 0
 127 000e FFF7FEFF 		bl	USBUART_GetConfiguration
 128 0012 0346     		mov	r3, r0
 129 0014 002B     		cmp	r3, #0
 130 0016 01D0     		beq	.L6
  62:usb_uart.c    ****         {
  63:usb_uart.c    ****             /* Enumeration is done, enable OUT endpoint to receive data 
  64:usb_uart.c    ****              * from host. */
  65:usb_uart.c    ****             USBUART_CDC_Init();
 131              		.loc 1 65 0
 132 0018 FFF7FEFF 		bl	USBUART_CDC_Init
 133              	.L6:
  66:usb_uart.c    ****         }
  67:usb_uart.c    ****     }
  68:usb_uart.c    **** }
 134              		.loc 1 68 0
 135 001c 00BF     		nop
 136 001e 80BD     		pop	{r7, pc}
 137              		.cfi_endproc
 138              	.LFE65:
 139              		.size	USBUART_EP_2_ISR_EntryCallback, .-USBUART_EP_2_ISR_EntryCallback
 140              		.section	.text.USBUART_EP_3_ISR_ExitCallback,"ax",%progbits
 141              		.align	2
 142              		.global	USBUART_EP_3_ISR_ExitCallback
 143              		.thumb
 144              		.thumb_func
 145              		.type	USBUART_EP_3_ISR_ExitCallback, %function
 146              	USBUART_EP_3_ISR_ExitCallback:
 147              	.LFB66:
  69:usb_uart.c    **** 
  70:usb_uart.c    **** /*
  71:usb_uart.c    **** *   In cyapicallbacks.h defined enabling of USBUART_EP_3_ISR_ExitCallback,
  72:usb_uart.c    **** *   this is the call back function
  73:usb_uart.c    **** */
ARM GAS  C:\Users\ingan\AppData\Local\Temp\ccbxWh6F.s 			page 5


  74:usb_uart.c    **** void USBUART_EP_3_ISR_ExitCallback(void)
  75:usb_uart.c    **** {
 148              		.loc 1 75 0
 149              		.cfi_startproc
 150              		@ args = 0, pretend = 0, frame = 0
 151              		@ frame_needed = 1, uses_anonymous_args = 0
 152 0000 80B5     		push	{r7, lr}
 153              		.cfi_def_cfa_offset 8
 154              		.cfi_offset 7, -8
 155              		.cfi_offset 14, -4
 156 0002 00AF     		add	r7, sp, #0
 157              		.cfi_def_cfa_register 7
  76:usb_uart.c    ****     /* Service USB CDC when device is configured. */
  77:usb_uart.c    ****     if (0u != USBUART_GetConfiguration())
 158              		.loc 1 77 0
 159 0004 FFF7FEFF 		bl	USBUART_GetConfiguration
 160 0008 0346     		mov	r3, r0
 161 000a 002B     		cmp	r3, #0
 162 000c 07D0     		beq	.L9
  78:usb_uart.c    ****     {
  79:usb_uart.c    ****         /* Check for input data from host. */
  80:usb_uart.c    ****         if (0u != USBUART_DataIsReady())
 163              		.loc 1 80 0
 164 000e FFF7FEFF 		bl	USBUART_DataIsReady
 165 0012 0346     		mov	r3, r0
 166 0014 002B     		cmp	r3, #0
 167 0016 02D0     		beq	.L9
  81:usb_uart.c    ****         {
  82:usb_uart.c    ****                 /* Read received data and re-enable OUT endpoint. */
  83:usb_uart.c    ****                 //count = USBUART_GetAll(bufPtr);
  84:usb_uart.c    ****                 rx_flag = 1;
 168              		.loc 1 84 0
 169 0018 024B     		ldr	r3, .L10
 170 001a 0122     		movs	r2, #1
 171 001c 1A70     		strb	r2, [r3]
 172              	.L9:
  85:usb_uart.c    ****         }
  86:usb_uart.c    ****     }
  87:usb_uart.c    **** }
 173              		.loc 1 87 0
 174 001e 00BF     		nop
 175 0020 80BD     		pop	{r7, pc}
 176              	.L11:
 177 0022 00BF     		.align	2
 178              	.L10:
 179 0024 00000000 		.word	rx_flag
 180              		.cfi_endproc
 181              	.LFE66:
 182              		.size	USBUART_EP_3_ISR_ExitCallback, .-USBUART_EP_3_ISR_ExitCallback
 183              		.section	.text.usbuart_putstring,"ax",%progbits
 184              		.align	2
 185              		.global	usbuart_putstring
 186              		.thumb
 187              		.thumb_func
 188              		.type	usbuart_putstring, %function
 189              	usbuart_putstring:
 190              	.LFB67:
ARM GAS  C:\Users\ingan\AppData\Local\Temp\ccbxWh6F.s 			page 6


  88:usb_uart.c    **** 
  89:usb_uart.c    **** void usbuart_putstring(char *str)
  90:usb_uart.c    **** {
 191              		.loc 1 90 0
 192              		.cfi_startproc
 193              		@ args = 0, pretend = 0, frame = 8
 194              		@ frame_needed = 1, uses_anonymous_args = 0
 195 0000 80B5     		push	{r7, lr}
 196              		.cfi_def_cfa_offset 8
 197              		.cfi_offset 7, -8
 198              		.cfi_offset 14, -4
 199 0002 82B0     		sub	sp, sp, #8
 200              		.cfi_def_cfa_offset 16
 201 0004 00AF     		add	r7, sp, #0
 202              		.cfi_def_cfa_register 7
 203 0006 7860     		str	r0, [r7, #4]
  91:usb_uart.c    ****     /* Wait until component is ready to send data to host. */
  92:usb_uart.c    ****     while (0u == USBUART_CDCIsReady())
 204              		.loc 1 92 0
 205 0008 00BF     		nop
 206              	.L13:
 207              		.loc 1 92 0 is_stmt 0 discriminator 1
 208 000a FFF7FEFF 		bl	USBUART_CDCIsReady
 209 000e 0346     		mov	r3, r0
 210 0010 002B     		cmp	r3, #0
 211 0012 FAD0     		beq	.L13
  93:usb_uart.c    ****     {
  94:usb_uart.c    ****     }
  95:usb_uart.c    ****     USBUART_PutString(str);
 212              		.loc 1 95 0 is_stmt 1
 213 0014 7868     		ldr	r0, [r7, #4]
 214 0016 FFF7FEFF 		bl	USBUART_PutString
  96:usb_uart.c    **** }
 215              		.loc 1 96 0
 216 001a 00BF     		nop
 217 001c 0837     		adds	r7, r7, #8
 218              		.cfi_def_cfa_offset 8
 219 001e BD46     		mov	sp, r7
 220              		.cfi_def_cfa_register 13
 221              		@ sp needed
 222 0020 80BD     		pop	{r7, pc}
 223              		.cfi_endproc
 224              	.LFE67:
 225              		.size	usbuart_putstring, .-usbuart_putstring
 226 0022 00BF     		.section	.text.usbuart_puteol,"ax",%progbits
 227              		.align	2
 228              		.global	usbuart_puteol
 229              		.thumb
 230              		.thumb_func
 231              		.type	usbuart_puteol, %function
 232              	usbuart_puteol:
 233              	.LFB68:
  97:usb_uart.c    **** 
  98:usb_uart.c    **** void usbuart_puteol(void)
  99:usb_uart.c    **** {
 234              		.loc 1 99 0
 235              		.cfi_startproc
ARM GAS  C:\Users\ingan\AppData\Local\Temp\ccbxWh6F.s 			page 7


 236              		@ args = 0, pretend = 0, frame = 0
 237              		@ frame_needed = 1, uses_anonymous_args = 0
 238 0000 80B5     		push	{r7, lr}
 239              		.cfi_def_cfa_offset 8
 240              		.cfi_offset 7, -8
 241              		.cfi_offset 14, -4
 242 0002 00AF     		add	r7, sp, #0
 243              		.cfi_def_cfa_register 7
 100:usb_uart.c    ****     /* Wait until component is ready to send data to host. */
 101:usb_uart.c    ****     while (0u == USBUART_CDCIsReady())
 244              		.loc 1 101 0
 245 0004 00BF     		nop
 246              	.L15:
 247              		.loc 1 101 0 is_stmt 0 discriminator 1
 248 0006 FFF7FEFF 		bl	USBUART_CDCIsReady
 249 000a 0346     		mov	r3, r0
 250 000c 002B     		cmp	r3, #0
 251 000e FAD0     		beq	.L15
 102:usb_uart.c    ****     {
 103:usb_uart.c    ****     }
 104:usb_uart.c    ****     USBUART_PutCRLF() ;
 252              		.loc 1 104 0 is_stmt 1
 253 0010 FFF7FEFF 		bl	USBUART_PutCRLF
 105:usb_uart.c    **** }
 254              		.loc 1 105 0
 255 0014 00BF     		nop
 256 0016 80BD     		pop	{r7, pc}
 257              		.cfi_endproc
 258              	.LFE68:
 259              		.size	usbuart_puteol, .-usbuart_puteol
 260              		.section	.text.usbuart_putchar,"ax",%progbits
 261              		.align	2
 262              		.global	usbuart_putchar
 263              		.thumb
 264              		.thumb_func
 265              		.type	usbuart_putchar, %function
 266              	usbuart_putchar:
 267              	.LFB69:
 106:usb_uart.c    **** 
 107:usb_uart.c    **** void usbuart_putchar(char c)
 108:usb_uart.c    **** {
 268              		.loc 1 108 0
 269              		.cfi_startproc
 270              		@ args = 0, pretend = 0, frame = 8
 271              		@ frame_needed = 1, uses_anonymous_args = 0
 272 0000 80B5     		push	{r7, lr}
 273              		.cfi_def_cfa_offset 8
 274              		.cfi_offset 7, -8
 275              		.cfi_offset 14, -4
 276 0002 82B0     		sub	sp, sp, #8
 277              		.cfi_def_cfa_offset 16
 278 0004 00AF     		add	r7, sp, #0
 279              		.cfi_def_cfa_register 7
 280 0006 0346     		mov	r3, r0
 281 0008 FB71     		strb	r3, [r7, #7]
 109:usb_uart.c    ****     /* Wait until component is ready to send data to host. */
 110:usb_uart.c    ****     while (0u == USBUART_CDCIsReady())
ARM GAS  C:\Users\ingan\AppData\Local\Temp\ccbxWh6F.s 			page 8


 282              		.loc 1 110 0
 283 000a 00BF     		nop
 284              	.L17:
 285              		.loc 1 110 0 is_stmt 0 discriminator 1
 286 000c FFF7FEFF 		bl	USBUART_CDCIsReady
 287 0010 0346     		mov	r3, r0
 288 0012 002B     		cmp	r3, #0
 289 0014 FAD0     		beq	.L17
 111:usb_uart.c    ****     {
 112:usb_uart.c    ****     }
 113:usb_uart.c    ****     USBUART_PutChar(c);
 290              		.loc 1 113 0 is_stmt 1
 291 0016 FB79     		ldrb	r3, [r7, #7]	@ zero_extendqisi2
 292 0018 1846     		mov	r0, r3
 293 001a FFF7FEFF 		bl	USBUART_PutChar
 114:usb_uart.c    **** }
 294              		.loc 1 114 0
 295 001e 00BF     		nop
 296 0020 0837     		adds	r7, r7, #8
 297              		.cfi_def_cfa_offset 8
 298 0022 BD46     		mov	sp, r7
 299              		.cfi_def_cfa_register 13
 300              		@ sp needed
 301 0024 80BD     		pop	{r7, pc}
 302              		.cfi_endproc
 303              	.LFE69:
 304              		.size	usbuart_putchar, .-usbuart_putchar
 305 0026 00BF     		.text
 306              	.Letext0:
 307              		.file 2 "c:\\program files (x86)\\cypress\\psoc creator\\4.2\\psoc creator\\import\\gnu\\arm\\5.4.
 308              		.file 3 "c:\\program files (x86)\\cypress\\psoc creator\\4.2\\psoc creator\\import\\gnu\\arm\\5.4.
 309              		.file 4 "Generated_Source\\PSoC5/core_cm3.h"
 310              		.section	.debug_info,"",%progbits
 311              	.Ldebug_info0:
 312 0000 01020000 		.4byte	0x201
 313 0004 0400     		.2byte	0x4
 314 0006 00000000 		.4byte	.Ldebug_abbrev0
 315 000a 04       		.byte	0x4
 316 000b 01       		.uleb128 0x1
 317 000c 80010000 		.4byte	.LASF32
 318 0010 0C       		.byte	0xc
 319 0011 75010000 		.4byte	.LASF33
 320 0015 29010000 		.4byte	.LASF34
 321 0019 00000000 		.4byte	.Ldebug_ranges0+0
 322 001d 00000000 		.4byte	0
 323 0021 00000000 		.4byte	.Ldebug_line0
 324 0025 02       		.uleb128 0x2
 325 0026 01       		.byte	0x1
 326 0027 06       		.byte	0x6
 327 0028 5B020000 		.4byte	.LASF0
 328 002c 03       		.uleb128 0x3
 329 002d 00000000 		.4byte	.LASF3
 330 0031 02       		.byte	0x2
 331 0032 1D       		.byte	0x1d
 332 0033 37000000 		.4byte	0x37
 333 0037 02       		.uleb128 0x2
 334 0038 01       		.byte	0x1
ARM GAS  C:\Users\ingan\AppData\Local\Temp\ccbxWh6F.s 			page 9


 335 0039 08       		.byte	0x8
 336 003a 61000000 		.4byte	.LASF1
 337 003e 02       		.uleb128 0x2
 338 003f 02       		.byte	0x2
 339 0040 05       		.byte	0x5
 340 0041 27020000 		.4byte	.LASF2
 341 0045 03       		.uleb128 0x3
 342 0046 AD000000 		.4byte	.LASF4
 343 004a 02       		.byte	0x2
 344 004b 2B       		.byte	0x2b
 345 004c 50000000 		.4byte	0x50
 346 0050 02       		.uleb128 0x2
 347 0051 02       		.byte	0x2
 348 0052 07       		.byte	0x7
 349 0053 1B000000 		.4byte	.LASF5
 350 0057 03       		.uleb128 0x3
 351 0058 11000000 		.4byte	.LASF6
 352 005c 02       		.byte	0x2
 353 005d 3F       		.byte	0x3f
 354 005e 62000000 		.4byte	0x62
 355 0062 02       		.uleb128 0x2
 356 0063 04       		.byte	0x4
 357 0064 05       		.byte	0x5
 358 0065 41020000 		.4byte	.LASF7
 359 0069 02       		.uleb128 0x2
 360 006a 04       		.byte	0x4
 361 006b 07       		.byte	0x7
 362 006c 77000000 		.4byte	.LASF8
 363 0070 02       		.uleb128 0x2
 364 0071 08       		.byte	0x8
 365 0072 05       		.byte	0x5
 366 0073 1B010000 		.4byte	.LASF9
 367 0077 02       		.uleb128 0x2
 368 0078 08       		.byte	0x8
 369 0079 07       		.byte	0x7
 370 007a D9000000 		.4byte	.LASF10
 371 007e 04       		.uleb128 0x4
 372 007f 04       		.byte	0x4
 373 0080 05       		.byte	0x5
 374 0081 696E7400 		.ascii	"int\000"
 375 0085 02       		.uleb128 0x2
 376 0086 04       		.byte	0x4
 377 0087 07       		.byte	0x7
 378 0088 CC000000 		.4byte	.LASF11
 379 008c 03       		.uleb128 0x3
 380 008d F0000000 		.4byte	.LASF12
 381 0091 03       		.byte	0x3
 382 0092 18       		.byte	0x18
 383 0093 2C000000 		.4byte	0x2c
 384 0097 03       		.uleb128 0x3
 385 0098 38020000 		.4byte	.LASF13
 386 009c 03       		.byte	0x3
 387 009d 24       		.byte	0x24
 388 009e 45000000 		.4byte	0x45
 389 00a2 03       		.uleb128 0x3
 390 00a3 0A010000 		.4byte	.LASF14
 391 00a7 03       		.byte	0x3
ARM GAS  C:\Users\ingan\AppData\Local\Temp\ccbxWh6F.s 			page 10


 392 00a8 2C       		.byte	0x2c
 393 00a9 57000000 		.4byte	0x57
 394 00ad 02       		.uleb128 0x2
 395 00ae 04       		.byte	0x4
 396 00af 04       		.byte	0x4
 397 00b0 5B000000 		.4byte	.LASF15
 398 00b4 02       		.uleb128 0x2
 399 00b5 08       		.byte	0x8
 400 00b6 04       		.byte	0x4
 401 00b7 B8000000 		.4byte	.LASF16
 402 00bb 02       		.uleb128 0x2
 403 00bc 01       		.byte	0x1
 404 00bd 08       		.byte	0x8
 405 00be 4A020000 		.4byte	.LASF17
 406 00c2 02       		.uleb128 0x2
 407 00c3 08       		.byte	0x8
 408 00c4 04       		.byte	0x4
 409 00c5 4F020000 		.4byte	.LASF18
 410 00c9 02       		.uleb128 0x2
 411 00ca 04       		.byte	0x4
 412 00cb 07       		.byte	0x7
 413 00cc 12010000 		.4byte	.LASF19
 414 00d0 05       		.uleb128 0x5
 415 00d1 04       		.byte	0x4
 416 00d2 BB000000 		.4byte	0xbb
 417 00d6 06       		.uleb128 0x6
 418 00d7 BF000000 		.4byte	.LASF20
 419 00db 01       		.byte	0x1
 420 00dc 1F       		.byte	0x1f
 421 00dd 00000000 		.4byte	.LFB64
 422 00e1 28000000 		.4byte	.LFE64-.LFB64
 423 00e5 01       		.uleb128 0x1
 424 00e6 9C       		.byte	0x9c
 425 00e7 06       		.uleb128 0x6
 426 00e8 67020000 		.4byte	.LASF21
 427 00ec 01       		.byte	0x1
 428 00ed 38       		.byte	0x38
 429 00ee 00000000 		.4byte	.LFB65
 430 00f2 20000000 		.4byte	.LFE65-.LFB65
 431 00f6 01       		.uleb128 0x1
 432 00f7 9C       		.byte	0x9c
 433 00f8 06       		.uleb128 0x6
 434 00f9 3D000000 		.4byte	.LASF22
 435 00fd 01       		.byte	0x1
 436 00fe 4A       		.byte	0x4a
 437 00ff 00000000 		.4byte	.LFB66
 438 0103 28000000 		.4byte	.LFE66-.LFB66
 439 0107 01       		.uleb128 0x1
 440 0108 9C       		.byte	0x9c
 441 0109 07       		.uleb128 0x7
 442 010a F8000000 		.4byte	.LASF24
 443 010e 01       		.byte	0x1
 444 010f 59       		.byte	0x59
 445 0110 00000000 		.4byte	.LFB67
 446 0114 22000000 		.4byte	.LFE67-.LFB67
 447 0118 01       		.uleb128 0x1
 448 0119 9C       		.byte	0x9c
ARM GAS  C:\Users\ingan\AppData\Local\Temp\ccbxWh6F.s 			page 11


 449 011a 2D010000 		.4byte	0x12d
 450 011e 08       		.uleb128 0x8
 451 011f 73747200 		.ascii	"str\000"
 452 0123 01       		.byte	0x1
 453 0124 59       		.byte	0x59
 454 0125 D0000000 		.4byte	0xd0
 455 0129 02       		.uleb128 0x2
 456 012a 91       		.byte	0x91
 457 012b 74       		.sleb128 -12
 458 012c 00       		.byte	0
 459 012d 06       		.uleb128 0x6
 460 012e 2E000000 		.4byte	.LASF23
 461 0132 01       		.byte	0x1
 462 0133 62       		.byte	0x62
 463 0134 00000000 		.4byte	.LFB68
 464 0138 18000000 		.4byte	.LFE68-.LFB68
 465 013c 01       		.uleb128 0x1
 466 013d 9C       		.byte	0x9c
 467 013e 07       		.uleb128 0x7
 468 013f 90000000 		.4byte	.LASF25
 469 0143 01       		.byte	0x1
 470 0144 6B       		.byte	0x6b
 471 0145 00000000 		.4byte	.LFB69
 472 0149 26000000 		.4byte	.LFE69-.LFB69
 473 014d 01       		.uleb128 0x1
 474 014e 9C       		.byte	0x9c
 475 014f 60010000 		.4byte	0x160
 476 0153 08       		.uleb128 0x8
 477 0154 6300     		.ascii	"c\000"
 478 0156 01       		.byte	0x1
 479 0157 6B       		.byte	0x6b
 480 0158 BB000000 		.4byte	0xbb
 481 015c 02       		.uleb128 0x2
 482 015d 91       		.byte	0x91
 483 015e 77       		.sleb128 -9
 484 015f 00       		.byte	0
 485 0160 09       		.uleb128 0x9
 486 0161 A0000000 		.4byte	.LASF26
 487 0165 04       		.byte	0x4
 488 0166 1207     		.2byte	0x712
 489 0168 6C010000 		.4byte	0x16c
 490 016c 0A       		.uleb128 0xa
 491 016d A2000000 		.4byte	0xa2
 492 0171 0B       		.uleb128 0xb
 493 0172 21020000 		.4byte	.LASF27
 494 0176 01       		.byte	0x1
 495 0177 13       		.byte	0x13
 496 0178 97000000 		.4byte	0x97
 497 017c 05       		.uleb128 0x5
 498 017d 03       		.byte	0x3
 499 017e 00000000 		.4byte	count
 500 0182 0C       		.uleb128 0xc
 501 0183 8C000000 		.4byte	0x8c
 502 0187 98010000 		.4byte	0x198
 503 018b 0D       		.uleb128 0xd
 504 018c C9000000 		.4byte	0xc9
 505 0190 01       		.byte	0x1
ARM GAS  C:\Users\ingan\AppData\Local\Temp\ccbxWh6F.s 			page 12


 506 0191 0D       		.uleb128 0xd
 507 0192 C9000000 		.4byte	0xc9
 508 0196 3F       		.byte	0x3f
 509 0197 00       		.byte	0
 510 0198 0B       		.uleb128 0xb
 511 0199 31020000 		.4byte	.LASF28
 512 019d 01       		.byte	0x1
 513 019e 14       		.byte	0x14
 514 019f 82010000 		.4byte	0x182
 515 01a3 05       		.uleb128 0x5
 516 01a4 03       		.byte	0x3
 517 01a5 00000000 		.4byte	buffer
 518 01a9 0B       		.uleb128 0xb
 519 01aa 89000000 		.4byte	.LASF29
 520 01ae 01       		.byte	0x1
 521 01af 15       		.byte	0x15
 522 01b0 BA010000 		.4byte	0x1ba
 523 01b4 05       		.uleb128 0x5
 524 01b5 03       		.byte	0x3
 525 01b6 00000000 		.4byte	bufPtr
 526 01ba 05       		.uleb128 0x5
 527 01bb 04       		.byte	0x4
 528 01bc 8C000000 		.4byte	0x8c
 529 01c0 0B       		.uleb128 0xb
 530 01c1 6F000000 		.4byte	.LASF30
 531 01c5 01       		.byte	0x1
 532 01c6 16       		.byte	0x16
 533 01c7 8C000000 		.4byte	0x8c
 534 01cb 05       		.uleb128 0x5
 535 01cc 03       		.byte	0x3
 536 01cd 00000000 		.4byte	rx_flag
 537 01d1 0B       		.uleb128 0xb
 538 01d2 0A000000 		.4byte	.LASF31
 539 01d6 01       		.byte	0x1
 540 01d7 17       		.byte	0x17
 541 01d8 8C000000 		.4byte	0x8c
 542 01dc 05       		.uleb128 0x5
 543 01dd 03       		.byte	0x3
 544 01de 00000000 		.4byte	goFlag
 545 01e2 0E       		.uleb128 0xe
 546 01e3 45503300 		.ascii	"EP3\000"
 547 01e7 01       		.byte	0x1
 548 01e8 1C       		.byte	0x1c
 549 01e9 D0000000 		.4byte	0xd0
 550 01ed 05       		.uleb128 0x5
 551 01ee 03       		.byte	0x3
 552 01ef 00000000 		.4byte	EP3
 553 01f3 0E       		.uleb128 0xe
 554 01f4 45503100 		.ascii	"EP1\000"
 555 01f8 01       		.byte	0x1
 556 01f9 1D       		.byte	0x1d
 557 01fa D0000000 		.4byte	0xd0
 558 01fe 05       		.uleb128 0x5
 559 01ff 03       		.byte	0x3
 560 0200 00000000 		.4byte	EP1
 561 0204 00       		.byte	0
 562              		.section	.debug_abbrev,"",%progbits
ARM GAS  C:\Users\ingan\AppData\Local\Temp\ccbxWh6F.s 			page 13


 563              	.Ldebug_abbrev0:
 564 0000 01       		.uleb128 0x1
 565 0001 11       		.uleb128 0x11
 566 0002 01       		.byte	0x1
 567 0003 25       		.uleb128 0x25
 568 0004 0E       		.uleb128 0xe
 569 0005 13       		.uleb128 0x13
 570 0006 0B       		.uleb128 0xb
 571 0007 03       		.uleb128 0x3
 572 0008 0E       		.uleb128 0xe
 573 0009 1B       		.uleb128 0x1b
 574 000a 0E       		.uleb128 0xe
 575 000b 55       		.uleb128 0x55
 576 000c 17       		.uleb128 0x17
 577 000d 11       		.uleb128 0x11
 578 000e 01       		.uleb128 0x1
 579 000f 10       		.uleb128 0x10
 580 0010 17       		.uleb128 0x17
 581 0011 00       		.byte	0
 582 0012 00       		.byte	0
 583 0013 02       		.uleb128 0x2
 584 0014 24       		.uleb128 0x24
 585 0015 00       		.byte	0
 586 0016 0B       		.uleb128 0xb
 587 0017 0B       		.uleb128 0xb
 588 0018 3E       		.uleb128 0x3e
 589 0019 0B       		.uleb128 0xb
 590 001a 03       		.uleb128 0x3
 591 001b 0E       		.uleb128 0xe
 592 001c 00       		.byte	0
 593 001d 00       		.byte	0
 594 001e 03       		.uleb128 0x3
 595 001f 16       		.uleb128 0x16
 596 0020 00       		.byte	0
 597 0021 03       		.uleb128 0x3
 598 0022 0E       		.uleb128 0xe
 599 0023 3A       		.uleb128 0x3a
 600 0024 0B       		.uleb128 0xb
 601 0025 3B       		.uleb128 0x3b
 602 0026 0B       		.uleb128 0xb
 603 0027 49       		.uleb128 0x49
 604 0028 13       		.uleb128 0x13
 605 0029 00       		.byte	0
 606 002a 00       		.byte	0
 607 002b 04       		.uleb128 0x4
 608 002c 24       		.uleb128 0x24
 609 002d 00       		.byte	0
 610 002e 0B       		.uleb128 0xb
 611 002f 0B       		.uleb128 0xb
 612 0030 3E       		.uleb128 0x3e
 613 0031 0B       		.uleb128 0xb
 614 0032 03       		.uleb128 0x3
 615 0033 08       		.uleb128 0x8
 616 0034 00       		.byte	0
 617 0035 00       		.byte	0
 618 0036 05       		.uleb128 0x5
 619 0037 0F       		.uleb128 0xf
ARM GAS  C:\Users\ingan\AppData\Local\Temp\ccbxWh6F.s 			page 14


 620 0038 00       		.byte	0
 621 0039 0B       		.uleb128 0xb
 622 003a 0B       		.uleb128 0xb
 623 003b 49       		.uleb128 0x49
 624 003c 13       		.uleb128 0x13
 625 003d 00       		.byte	0
 626 003e 00       		.byte	0
 627 003f 06       		.uleb128 0x6
 628 0040 2E       		.uleb128 0x2e
 629 0041 00       		.byte	0
 630 0042 3F       		.uleb128 0x3f
 631 0043 19       		.uleb128 0x19
 632 0044 03       		.uleb128 0x3
 633 0045 0E       		.uleb128 0xe
 634 0046 3A       		.uleb128 0x3a
 635 0047 0B       		.uleb128 0xb
 636 0048 3B       		.uleb128 0x3b
 637 0049 0B       		.uleb128 0xb
 638 004a 27       		.uleb128 0x27
 639 004b 19       		.uleb128 0x19
 640 004c 11       		.uleb128 0x11
 641 004d 01       		.uleb128 0x1
 642 004e 12       		.uleb128 0x12
 643 004f 06       		.uleb128 0x6
 644 0050 40       		.uleb128 0x40
 645 0051 18       		.uleb128 0x18
 646 0052 9642     		.uleb128 0x2116
 647 0054 19       		.uleb128 0x19
 648 0055 00       		.byte	0
 649 0056 00       		.byte	0
 650 0057 07       		.uleb128 0x7
 651 0058 2E       		.uleb128 0x2e
 652 0059 01       		.byte	0x1
 653 005a 3F       		.uleb128 0x3f
 654 005b 19       		.uleb128 0x19
 655 005c 03       		.uleb128 0x3
 656 005d 0E       		.uleb128 0xe
 657 005e 3A       		.uleb128 0x3a
 658 005f 0B       		.uleb128 0xb
 659 0060 3B       		.uleb128 0x3b
 660 0061 0B       		.uleb128 0xb
 661 0062 27       		.uleb128 0x27
 662 0063 19       		.uleb128 0x19
 663 0064 11       		.uleb128 0x11
 664 0065 01       		.uleb128 0x1
 665 0066 12       		.uleb128 0x12
 666 0067 06       		.uleb128 0x6
 667 0068 40       		.uleb128 0x40
 668 0069 18       		.uleb128 0x18
 669 006a 9642     		.uleb128 0x2116
 670 006c 19       		.uleb128 0x19
 671 006d 01       		.uleb128 0x1
 672 006e 13       		.uleb128 0x13
 673 006f 00       		.byte	0
 674 0070 00       		.byte	0
 675 0071 08       		.uleb128 0x8
 676 0072 05       		.uleb128 0x5
ARM GAS  C:\Users\ingan\AppData\Local\Temp\ccbxWh6F.s 			page 15


 677 0073 00       		.byte	0
 678 0074 03       		.uleb128 0x3
 679 0075 08       		.uleb128 0x8
 680 0076 3A       		.uleb128 0x3a
 681 0077 0B       		.uleb128 0xb
 682 0078 3B       		.uleb128 0x3b
 683 0079 0B       		.uleb128 0xb
 684 007a 49       		.uleb128 0x49
 685 007b 13       		.uleb128 0x13
 686 007c 02       		.uleb128 0x2
 687 007d 18       		.uleb128 0x18
 688 007e 00       		.byte	0
 689 007f 00       		.byte	0
 690 0080 09       		.uleb128 0x9
 691 0081 34       		.uleb128 0x34
 692 0082 00       		.byte	0
 693 0083 03       		.uleb128 0x3
 694 0084 0E       		.uleb128 0xe
 695 0085 3A       		.uleb128 0x3a
 696 0086 0B       		.uleb128 0xb
 697 0087 3B       		.uleb128 0x3b
 698 0088 05       		.uleb128 0x5
 699 0089 49       		.uleb128 0x49
 700 008a 13       		.uleb128 0x13
 701 008b 3F       		.uleb128 0x3f
 702 008c 19       		.uleb128 0x19
 703 008d 3C       		.uleb128 0x3c
 704 008e 19       		.uleb128 0x19
 705 008f 00       		.byte	0
 706 0090 00       		.byte	0
 707 0091 0A       		.uleb128 0xa
 708 0092 35       		.uleb128 0x35
 709 0093 00       		.byte	0
 710 0094 49       		.uleb128 0x49
 711 0095 13       		.uleb128 0x13
 712 0096 00       		.byte	0
 713 0097 00       		.byte	0
 714 0098 0B       		.uleb128 0xb
 715 0099 34       		.uleb128 0x34
 716 009a 00       		.byte	0
 717 009b 03       		.uleb128 0x3
 718 009c 0E       		.uleb128 0xe
 719 009d 3A       		.uleb128 0x3a
 720 009e 0B       		.uleb128 0xb
 721 009f 3B       		.uleb128 0x3b
 722 00a0 0B       		.uleb128 0xb
 723 00a1 49       		.uleb128 0x49
 724 00a2 13       		.uleb128 0x13
 725 00a3 3F       		.uleb128 0x3f
 726 00a4 19       		.uleb128 0x19
 727 00a5 02       		.uleb128 0x2
 728 00a6 18       		.uleb128 0x18
 729 00a7 00       		.byte	0
 730 00a8 00       		.byte	0
 731 00a9 0C       		.uleb128 0xc
 732 00aa 01       		.uleb128 0x1
 733 00ab 01       		.byte	0x1
ARM GAS  C:\Users\ingan\AppData\Local\Temp\ccbxWh6F.s 			page 16


 734 00ac 49       		.uleb128 0x49
 735 00ad 13       		.uleb128 0x13
 736 00ae 01       		.uleb128 0x1
 737 00af 13       		.uleb128 0x13
 738 00b0 00       		.byte	0
 739 00b1 00       		.byte	0
 740 00b2 0D       		.uleb128 0xd
 741 00b3 21       		.uleb128 0x21
 742 00b4 00       		.byte	0
 743 00b5 49       		.uleb128 0x49
 744 00b6 13       		.uleb128 0x13
 745 00b7 2F       		.uleb128 0x2f
 746 00b8 0B       		.uleb128 0xb
 747 00b9 00       		.byte	0
 748 00ba 00       		.byte	0
 749 00bb 0E       		.uleb128 0xe
 750 00bc 34       		.uleb128 0x34
 751 00bd 00       		.byte	0
 752 00be 03       		.uleb128 0x3
 753 00bf 08       		.uleb128 0x8
 754 00c0 3A       		.uleb128 0x3a
 755 00c1 0B       		.uleb128 0xb
 756 00c2 3B       		.uleb128 0x3b
 757 00c3 0B       		.uleb128 0xb
 758 00c4 49       		.uleb128 0x49
 759 00c5 13       		.uleb128 0x13
 760 00c6 3F       		.uleb128 0x3f
 761 00c7 19       		.uleb128 0x19
 762 00c8 02       		.uleb128 0x2
 763 00c9 18       		.uleb128 0x18
 764 00ca 00       		.byte	0
 765 00cb 00       		.byte	0
 766 00cc 00       		.byte	0
 767              		.section	.debug_aranges,"",%progbits
 768 0000 44000000 		.4byte	0x44
 769 0004 0200     		.2byte	0x2
 770 0006 00000000 		.4byte	.Ldebug_info0
 771 000a 04       		.byte	0x4
 772 000b 00       		.byte	0
 773 000c 0000     		.2byte	0
 774 000e 0000     		.2byte	0
 775 0010 00000000 		.4byte	.LFB64
 776 0014 28000000 		.4byte	.LFE64-.LFB64
 777 0018 00000000 		.4byte	.LFB65
 778 001c 20000000 		.4byte	.LFE65-.LFB65
 779 0020 00000000 		.4byte	.LFB66
 780 0024 28000000 		.4byte	.LFE66-.LFB66
 781 0028 00000000 		.4byte	.LFB67
 782 002c 22000000 		.4byte	.LFE67-.LFB67
 783 0030 00000000 		.4byte	.LFB68
 784 0034 18000000 		.4byte	.LFE68-.LFB68
 785 0038 00000000 		.4byte	.LFB69
 786 003c 26000000 		.4byte	.LFE69-.LFB69
 787 0040 00000000 		.4byte	0
 788 0044 00000000 		.4byte	0
 789              		.section	.debug_ranges,"",%progbits
 790              	.Ldebug_ranges0:
ARM GAS  C:\Users\ingan\AppData\Local\Temp\ccbxWh6F.s 			page 17


 791 0000 00000000 		.4byte	.LFB64
 792 0004 28000000 		.4byte	.LFE64
 793 0008 00000000 		.4byte	.LFB65
 794 000c 20000000 		.4byte	.LFE65
 795 0010 00000000 		.4byte	.LFB66
 796 0014 28000000 		.4byte	.LFE66
 797 0018 00000000 		.4byte	.LFB67
 798 001c 22000000 		.4byte	.LFE67
 799 0020 00000000 		.4byte	.LFB68
 800 0024 18000000 		.4byte	.LFE68
 801 0028 00000000 		.4byte	.LFB69
 802 002c 26000000 		.4byte	.LFE69
 803 0030 00000000 		.4byte	0
 804 0034 00000000 		.4byte	0
 805              		.section	.debug_line,"",%progbits
 806              	.Ldebug_line0:
 807 0000 D2010000 		.section	.debug_str,"MS",%progbits,1
 807      02004301 
 807      00000201 
 807      FB0E0D00 
 807      01010101 
 808              	.LASF3:
 809 0000 5F5F7569 		.ascii	"__uint8_t\000"
 809      6E74385F 
 809      7400
 810              	.LASF31:
 811 000a 676F466C 		.ascii	"goFlag\000"
 811      616700
 812              	.LASF6:
 813 0011 5F5F696E 		.ascii	"__int32_t\000"
 813      7433325F 
 813      7400
 814              	.LASF5:
 815 001b 73686F72 		.ascii	"short unsigned int\000"
 815      7420756E 
 815      7369676E 
 815      65642069 
 815      6E7400
 816              	.LASF23:
 817 002e 75736275 		.ascii	"usbuart_puteol\000"
 817      6172745F 
 817      70757465 
 817      6F6C00
 818              	.LASF22:
 819 003d 55534255 		.ascii	"USBUART_EP_3_ISR_ExitCallback\000"
 819      4152545F 
 819      45505F33 
 819      5F495352 
 819      5F457869 
 820              	.LASF15:
 821 005b 666C6F61 		.ascii	"float\000"
 821      7400
 822              	.LASF1:
 823 0061 756E7369 		.ascii	"unsigned char\000"
 823      676E6564 
 823      20636861 
 823      7200
ARM GAS  C:\Users\ingan\AppData\Local\Temp\ccbxWh6F.s 			page 18


 824              	.LASF30:
 825 006f 72785F66 		.ascii	"rx_flag\000"
 825      6C616700 
 826              	.LASF8:
 827 0077 6C6F6E67 		.ascii	"long unsigned int\000"
 827      20756E73 
 827      69676E65 
 827      6420696E 
 827      7400
 828              	.LASF29:
 829 0089 62756650 		.ascii	"bufPtr\000"
 829      747200
 830              	.LASF25:
 831 0090 75736275 		.ascii	"usbuart_putchar\000"
 831      6172745F 
 831      70757463 
 831      68617200 
 832              	.LASF26:
 833 00a0 49544D5F 		.ascii	"ITM_RxBuffer\000"
 833      52784275 
 833      66666572 
 833      00
 834              	.LASF4:
 835 00ad 5F5F7569 		.ascii	"__uint16_t\000"
 835      6E743136 
 835      5F7400
 836              	.LASF16:
 837 00b8 646F7562 		.ascii	"double\000"
 837      6C6500
 838              	.LASF20:
 839 00bf 75736275 		.ascii	"usbuart_init\000"
 839      6172745F 
 839      696E6974 
 839      00
 840              	.LASF11:
 841 00cc 756E7369 		.ascii	"unsigned int\000"
 841      676E6564 
 841      20696E74 
 841      00
 842              	.LASF10:
 843 00d9 6C6F6E67 		.ascii	"long long unsigned int\000"
 843      206C6F6E 
 843      6720756E 
 843      7369676E 
 843      65642069 
 844              	.LASF12:
 845 00f0 75696E74 		.ascii	"uint8_t\000"
 845      385F7400 
 846              	.LASF24:
 847 00f8 75736275 		.ascii	"usbuart_putstring\000"
 847      6172745F 
 847      70757473 
 847      7472696E 
 847      6700
 848              	.LASF14:
 849 010a 696E7433 		.ascii	"int32_t\000"
 849      325F7400 
ARM GAS  C:\Users\ingan\AppData\Local\Temp\ccbxWh6F.s 			page 19


 850              	.LASF19:
 851 0112 73697A65 		.ascii	"sizetype\000"
 851      74797065 
 851      00
 852              	.LASF9:
 853 011b 6C6F6E67 		.ascii	"long long int\000"
 853      206C6F6E 
 853      6720696E 
 853      7400
 854              	.LASF34:
 855 0129 433A5C55 		.ascii	"C:\\Users\\ingan\\Documents\\PSoC Creator\\MegaDriv"
 855      73657273 
 855      5C696E67 
 855      616E5C44 
 855      6F63756D 
 856 0157 655F706C 		.ascii	"e_player\\VGMPlayer_v0.6.cydsn\000"
 856      61796572 
 856      5C56474D 
 856      506C6179 
 856      65725F76 
 857              	.LASF33:
 858 0175 7573625F 		.ascii	"usb_uart.c\000"
 858      75617274 
 858      2E6300
 859              	.LASF32:
 860 0180 474E5520 		.ascii	"GNU C11 5.4.1 20160609 (release) [ARM/embedded-5-br"
 860      43313120 
 860      352E342E 
 860      31203230 
 860      31363036 
 861 01b3 616E6368 		.ascii	"anch revision 237715] -mcpu=cortex-m3 -mthumb -g -O"
 861      20726576 
 861      6973696F 
 861      6E203233 
 861      37373135 
 862 01e6 30202D66 		.ascii	"0 -ffunction-sections -ffat-lto-objects -finline-fu"
 862      66756E63 
 862      74696F6E 
 862      2D736563 
 862      74696F6E 
 863 0219 6E637469 		.ascii	"nctions\000"
 863      6F6E7300 
 864              	.LASF27:
 865 0221 636F756E 		.ascii	"count\000"
 865      7400
 866              	.LASF2:
 867 0227 73686F72 		.ascii	"short int\000"
 867      7420696E 
 867      7400
 868              	.LASF28:
 869 0231 62756666 		.ascii	"buffer\000"
 869      657200
 870              	.LASF13:
 871 0238 75696E74 		.ascii	"uint16_t\000"
 871      31365F74 
 871      00
 872              	.LASF7:
ARM GAS  C:\Users\ingan\AppData\Local\Temp\ccbxWh6F.s 			page 20


 873 0241 6C6F6E67 		.ascii	"long int\000"
 873      20696E74 
 873      00
 874              	.LASF17:
 875 024a 63686172 		.ascii	"char\000"
 875      00
 876              	.LASF18:
 877 024f 6C6F6E67 		.ascii	"long double\000"
 877      20646F75 
 877      626C6500 
 878              	.LASF0:
 879 025b 7369676E 		.ascii	"signed char\000"
 879      65642063 
 879      68617200 
 880              	.LASF21:
 881 0267 55534255 		.ascii	"USBUART_EP_2_ISR_EntryCallback\000"
 881      4152545F 
 881      45505F32 
 881      5F495352 
 881      5F456E74 
 882              		.ident	"GCC: (GNU Tools for ARM Embedded Processors) 5.4.1 20160609 (release) [ARM/embedded-5-bran
