ARM GAS  C:\Users\ingan\AppData\Local\Temp\ccTCrtaW.s 			page 1


   1              		.syntax unified
   2              		.cpu cortex-m3
   3              		.fpu softvfp
   4              		.eabi_attribute 20, 1
   5              		.eabi_attribute 21, 1
   6              		.eabi_attribute 23, 3
   7              		.eabi_attribute 24, 1
   8              		.eabi_attribute 25, 1
   9              		.eabi_attribute 26, 1
  10              		.eabi_attribute 30, 6
  11              		.eabi_attribute 34, 1
  12              		.eabi_attribute 18, 4
  13              		.thumb
  14              		.syntax unified
  15              		.file	"USBUART_pm.c"
  16              		.text
  17              	.Ltext0:
  18              		.cfi_sections	.debug_frame
  19              		.bss
  20              		.align	2
  21              	USBUART_backup:
  22 0000 0000     		.space	2
  23              		.section	.text.USBUART_DP_ISR,"ax",%progbits
  24              		.align	2
  25              		.global	USBUART_DP_ISR
  26              		.thumb
  27              		.thumb_func
  28              		.type	USBUART_DP_ISR, %function
  29              	USBUART_DP_ISR:
  30              	.LFB0:
  31              		.file 1 "Generated_Source\\PSoC5\\USBUART_pm.c"
   1:Generated_Source\PSoC5/USBUART_pm.c **** /***************************************************************************//**
   2:Generated_Source\PSoC5/USBUART_pm.c **** * \file USBUART_pm.c
   3:Generated_Source\PSoC5/USBUART_pm.c **** * \version 3.20
   4:Generated_Source\PSoC5/USBUART_pm.c **** *
   5:Generated_Source\PSoC5/USBUART_pm.c **** * \brief
   6:Generated_Source\PSoC5/USBUART_pm.c **** *  This file provides Suspend/Resume APIs implementation.
   7:Generated_Source\PSoC5/USBUART_pm.c **** *
   8:Generated_Source\PSoC5/USBUART_pm.c **** ********************************************************************************
   9:Generated_Source\PSoC5/USBUART_pm.c **** * \copyright
  10:Generated_Source\PSoC5/USBUART_pm.c **** * Copyright 2008-2016, Cypress Semiconductor Corporation.  All rights reserved.
  11:Generated_Source\PSoC5/USBUART_pm.c **** * You may use this file only in accordance with the license, terms, conditions,
  12:Generated_Source\PSoC5/USBUART_pm.c **** * disclaimers, and limitations in the end user license agreement accompanying
  13:Generated_Source\PSoC5/USBUART_pm.c **** * the software package with which this file was provided.
  14:Generated_Source\PSoC5/USBUART_pm.c **** *******************************************************************************/
  15:Generated_Source\PSoC5/USBUART_pm.c **** 
  16:Generated_Source\PSoC5/USBUART_pm.c **** #include "USBUART_pvt.h"
  17:Generated_Source\PSoC5/USBUART_pm.c **** #include "USBUART_Dp.h"
  18:Generated_Source\PSoC5/USBUART_pm.c **** #include "cyapicallbacks.h"
  19:Generated_Source\PSoC5/USBUART_pm.c **** 
  20:Generated_Source\PSoC5/USBUART_pm.c **** /***************************************
  21:Generated_Source\PSoC5/USBUART_pm.c **** * Custom Declarations
  22:Generated_Source\PSoC5/USBUART_pm.c **** ***************************************/
  23:Generated_Source\PSoC5/USBUART_pm.c **** /* `#START PM_CUSTOM_DECLARATIONS` Place your declaration here */
  24:Generated_Source\PSoC5/USBUART_pm.c **** 
  25:Generated_Source\PSoC5/USBUART_pm.c **** /* `#END` */
  26:Generated_Source\PSoC5/USBUART_pm.c **** 
ARM GAS  C:\Users\ingan\AppData\Local\Temp\ccTCrtaW.s 			page 2


  27:Generated_Source\PSoC5/USBUART_pm.c **** 
  28:Generated_Source\PSoC5/USBUART_pm.c **** /***************************************
  29:Generated_Source\PSoC5/USBUART_pm.c **** * Local data allocation
  30:Generated_Source\PSoC5/USBUART_pm.c **** ***************************************/
  31:Generated_Source\PSoC5/USBUART_pm.c **** 
  32:Generated_Source\PSoC5/USBUART_pm.c **** static USBUART_BACKUP_STRUCT  USBUART_backup;
  33:Generated_Source\PSoC5/USBUART_pm.c **** 
  34:Generated_Source\PSoC5/USBUART_pm.c **** #if (USBUART_DP_ISR_ACTIVE)
  35:Generated_Source\PSoC5/USBUART_pm.c ****     /*******************************************************************************
  36:Generated_Source\PSoC5/USBUART_pm.c ****     * Function Name: USBUART_DP_ISR
  37:Generated_Source\PSoC5/USBUART_pm.c ****     ****************************************************************************//**
  38:Generated_Source\PSoC5/USBUART_pm.c ****     *
  39:Generated_Source\PSoC5/USBUART_pm.c ****     *  This Interrupt Service Routine handles DP pin changes for wake-up from
  40:Generated_Source\PSoC5/USBUART_pm.c ****     *  the sleep mode.
  41:Generated_Source\PSoC5/USBUART_pm.c ****     *
  42:Generated_Source\PSoC5/USBUART_pm.c ****     *******************************************************************************/
  43:Generated_Source\PSoC5/USBUART_pm.c ****     CY_ISR(USBUART_DP_ISR)
  44:Generated_Source\PSoC5/USBUART_pm.c ****     {
  32              		.loc 1 44 0
  33              		.cfi_startproc
  34              		@ args = 0, pretend = 0, frame = 0
  35              		@ frame_needed = 1, uses_anonymous_args = 0
  36 0000 80B5     		push	{r7, lr}
  37              		.cfi_def_cfa_offset 8
  38              		.cfi_offset 7, -8
  39              		.cfi_offset 14, -4
  40 0002 00AF     		add	r7, sp, #0
  41              		.cfi_def_cfa_register 7
  45:Generated_Source\PSoC5/USBUART_pm.c ****     #ifdef USBUART_DP_ISR_ENTRY_CALLBACK
  46:Generated_Source\PSoC5/USBUART_pm.c ****         USBUART_DP_ISR_EntryCallback();
  47:Generated_Source\PSoC5/USBUART_pm.c ****     #endif /* (USBUART_DP_ISR_ENTRY_CALLBACK) */
  48:Generated_Source\PSoC5/USBUART_pm.c **** 
  49:Generated_Source\PSoC5/USBUART_pm.c ****         /* `#START DP_USER_CODE` Place your code here */
  50:Generated_Source\PSoC5/USBUART_pm.c **** 
  51:Generated_Source\PSoC5/USBUART_pm.c ****         /* `#END` */
  52:Generated_Source\PSoC5/USBUART_pm.c **** 
  53:Generated_Source\PSoC5/USBUART_pm.c ****         (void) USBUART_Dp_ClearInterrupt();
  42              		.loc 1 53 0
  43 0004 FFF7FEFF 		bl	USBUART_Dp_ClearInterrupt
  54:Generated_Source\PSoC5/USBUART_pm.c **** 		
  55:Generated_Source\PSoC5/USBUART_pm.c **** 	#ifdef USBUART_DP_ISR_EXIT_CALLBACK
  56:Generated_Source\PSoC5/USBUART_pm.c ****         USBUART_DP_ISR_ExitCallback();
  57:Generated_Source\PSoC5/USBUART_pm.c ****     #endif /* (USBUART_DP_ISR_EXIT_CALLBACK) */
  58:Generated_Source\PSoC5/USBUART_pm.c ****     }
  44              		.loc 1 58 0
  45 0008 00BF     		nop
  46 000a 80BD     		pop	{r7, pc}
  47              		.cfi_endproc
  48              	.LFE0:
  49              		.size	USBUART_DP_ISR, .-USBUART_DP_ISR
  50              		.section	.text.USBUART_SaveConfig,"ax",%progbits
  51              		.align	2
  52              		.global	USBUART_SaveConfig
  53              		.thumb
  54              		.thumb_func
  55              		.type	USBUART_SaveConfig, %function
  56              	USBUART_SaveConfig:
ARM GAS  C:\Users\ingan\AppData\Local\Temp\ccTCrtaW.s 			page 3


  57              	.LFB1:
  59:Generated_Source\PSoC5/USBUART_pm.c **** #endif /* (USBUART_DP_ISR_ACTIVE) */
  60:Generated_Source\PSoC5/USBUART_pm.c **** 
  61:Generated_Source\PSoC5/USBUART_pm.c **** 
  62:Generated_Source\PSoC5/USBUART_pm.c **** /*******************************************************************************
  63:Generated_Source\PSoC5/USBUART_pm.c **** * Function Name: USBUART_SaveConfig
  64:Generated_Source\PSoC5/USBUART_pm.c **** ****************************************************************************//**
  65:Generated_Source\PSoC5/USBUART_pm.c **** *
  66:Generated_Source\PSoC5/USBUART_pm.c **** *  Saves the current user configuration.
  67:Generated_Source\PSoC5/USBUART_pm.c **** *
  68:Generated_Source\PSoC5/USBUART_pm.c **** * \reentrant
  69:Generated_Source\PSoC5/USBUART_pm.c **** *  No.
  70:Generated_Source\PSoC5/USBUART_pm.c **** *
  71:Generated_Source\PSoC5/USBUART_pm.c **** *******************************************************************************/
  72:Generated_Source\PSoC5/USBUART_pm.c **** void USBUART_SaveConfig(void) 
  73:Generated_Source\PSoC5/USBUART_pm.c **** {
  58              		.loc 1 73 0
  59              		.cfi_startproc
  60              		@ args = 0, pretend = 0, frame = 0
  61              		@ frame_needed = 1, uses_anonymous_args = 0
  62              		@ link register save eliminated.
  63 0000 80B4     		push	{r7}
  64              		.cfi_def_cfa_offset 4
  65              		.cfi_offset 7, -4
  66 0002 00AF     		add	r7, sp, #0
  67              		.cfi_def_cfa_register 7
  74:Generated_Source\PSoC5/USBUART_pm.c ****     /* Empty function added for the compatibility purpose. */
  75:Generated_Source\PSoC5/USBUART_pm.c **** }
  68              		.loc 1 75 0
  69 0004 00BF     		nop
  70 0006 BD46     		mov	sp, r7
  71              		.cfi_def_cfa_register 13
  72              		@ sp needed
  73 0008 80BC     		pop	{r7}
  74              		.cfi_restore 7
  75              		.cfi_def_cfa_offset 0
  76 000a 7047     		bx	lr
  77              		.cfi_endproc
  78              	.LFE1:
  79              		.size	USBUART_SaveConfig, .-USBUART_SaveConfig
  80              		.section	.text.USBUART_RestoreConfig,"ax",%progbits
  81              		.align	2
  82              		.global	USBUART_RestoreConfig
  83              		.thumb
  84              		.thumb_func
  85              		.type	USBUART_RestoreConfig, %function
  86              	USBUART_RestoreConfig:
  87              	.LFB2:
  76:Generated_Source\PSoC5/USBUART_pm.c **** 
  77:Generated_Source\PSoC5/USBUART_pm.c **** 
  78:Generated_Source\PSoC5/USBUART_pm.c **** /*******************************************************************************
  79:Generated_Source\PSoC5/USBUART_pm.c **** * Function Name: USBUART_RestoreConfig
  80:Generated_Source\PSoC5/USBUART_pm.c **** ****************************************************************************//**
  81:Generated_Source\PSoC5/USBUART_pm.c **** *
  82:Generated_Source\PSoC5/USBUART_pm.c **** *  Restores the current user configuration.
  83:Generated_Source\PSoC5/USBUART_pm.c **** *
  84:Generated_Source\PSoC5/USBUART_pm.c **** * \reentrant
ARM GAS  C:\Users\ingan\AppData\Local\Temp\ccTCrtaW.s 			page 4


  85:Generated_Source\PSoC5/USBUART_pm.c **** *  No.
  86:Generated_Source\PSoC5/USBUART_pm.c **** *
  87:Generated_Source\PSoC5/USBUART_pm.c **** *******************************************************************************/
  88:Generated_Source\PSoC5/USBUART_pm.c **** void USBUART_RestoreConfig(void) 
  89:Generated_Source\PSoC5/USBUART_pm.c **** {
  88              		.loc 1 89 0
  89              		.cfi_startproc
  90              		@ args = 0, pretend = 0, frame = 0
  91              		@ frame_needed = 1, uses_anonymous_args = 0
  92 0000 80B5     		push	{r7, lr}
  93              		.cfi_def_cfa_offset 8
  94              		.cfi_offset 7, -8
  95              		.cfi_offset 14, -4
  96 0002 00AF     		add	r7, sp, #0
  97              		.cfi_def_cfa_register 7
  90:Generated_Source\PSoC5/USBUART_pm.c ****     if (USBUART_configuration != 0u)
  98              		.loc 1 90 0
  99 0004 054B     		ldr	r3, .L6
 100 0006 1B78     		ldrb	r3, [r3]
 101 0008 DBB2     		uxtb	r3, r3
 102 000a 002B     		cmp	r3, #0
 103 000c 03D0     		beq	.L5
  91:Generated_Source\PSoC5/USBUART_pm.c ****     {
  92:Generated_Source\PSoC5/USBUART_pm.c ****         USBUART_ConfigReg();
 104              		.loc 1 92 0
 105 000e FFF7FEFF 		bl	USBUART_ConfigReg
  93:Generated_Source\PSoC5/USBUART_pm.c ****         USBUART_EpStateInit();
 106              		.loc 1 93 0
 107 0012 FFF7FEFF 		bl	USBUART_EpStateInit
 108              	.L5:
  94:Generated_Source\PSoC5/USBUART_pm.c ****     }
  95:Generated_Source\PSoC5/USBUART_pm.c **** }
 109              		.loc 1 95 0
 110 0016 00BF     		nop
 111 0018 80BD     		pop	{r7, pc}
 112              	.L7:
 113 001a 00BF     		.align	2
 114              	.L6:
 115 001c 00000000 		.word	USBUART_configuration
 116              		.cfi_endproc
 117              	.LFE2:
 118              		.size	USBUART_RestoreConfig, .-USBUART_RestoreConfig
 119              		.section	.text.USBUART_Suspend,"ax",%progbits
 120              		.align	2
 121              		.global	USBUART_Suspend
 122              		.thumb
 123              		.thumb_func
 124              		.type	USBUART_Suspend, %function
 125              	USBUART_Suspend:
 126              	.LFB3:
  96:Generated_Source\PSoC5/USBUART_pm.c **** 
  97:Generated_Source\PSoC5/USBUART_pm.c **** 
  98:Generated_Source\PSoC5/USBUART_pm.c **** /*******************************************************************************
  99:Generated_Source\PSoC5/USBUART_pm.c **** * Function Name: USBUART_Suspend
 100:Generated_Source\PSoC5/USBUART_pm.c **** ****************************************************************************//**
 101:Generated_Source\PSoC5/USBUART_pm.c **** *
 102:Generated_Source\PSoC5/USBUART_pm.c **** *  This function prepares the USBFS component to enter low power mode. The 
ARM GAS  C:\Users\ingan\AppData\Local\Temp\ccTCrtaW.s 			page 5


 103:Generated_Source\PSoC5/USBUART_pm.c **** *  interrupt on falling edge on Dp pin is configured to wakeup device when the 
 104:Generated_Source\PSoC5/USBUART_pm.c **** *  host drives resume condition. The pull-up is enabled on the Dp line while 
 105:Generated_Source\PSoC5/USBUART_pm.c **** *  device is in low power mode. The supported low power modes are Deep Sleep 
 106:Generated_Source\PSoC5/USBUART_pm.c **** *  (PSoC 4200L) and Sleep (PSoC 3/ PSoC 5LP).
 107:Generated_Source\PSoC5/USBUART_pm.c **** *  
 108:Generated_Source\PSoC5/USBUART_pm.c **** *  *Note* For PSoC 4200L devices, this function should not be called before 
 109:Generated_Source\PSoC5/USBUART_pm.c **** *  entering Sleep.
 110:Generated_Source\PSoC5/USBUART_pm.c **** *  
 111:Generated_Source\PSoC5/USBUART_pm.c **** *  *Note* After enter low power mode, the data which is left in the IN or OUT 
 112:Generated_Source\PSoC5/USBUART_pm.c **** *  endpoint buffers is not restored after wakeup and lost. Therefore it should 
 113:Generated_Source\PSoC5/USBUART_pm.c **** *  be stored in the SRAM for OUT endpoint or read by the host for IN endpoint 
 114:Generated_Source\PSoC5/USBUART_pm.c **** *  before enter low power mode.
 115:Generated_Source\PSoC5/USBUART_pm.c **** *
 116:Generated_Source\PSoC5/USBUART_pm.c **** * \globalvars
 117:Generated_Source\PSoC5/USBUART_pm.c **** *  USBUART_backup.enable:  modified.
 118:Generated_Source\PSoC5/USBUART_pm.c **** *
 119:Generated_Source\PSoC5/USBUART_pm.c **** * \reentrant
 120:Generated_Source\PSoC5/USBUART_pm.c **** *  No.
 121:Generated_Source\PSoC5/USBUART_pm.c **** *
 122:Generated_Source\PSoC5/USBUART_pm.c **** *******************************************************************************/
 123:Generated_Source\PSoC5/USBUART_pm.c **** void USBUART_Suspend(void) 
 124:Generated_Source\PSoC5/USBUART_pm.c **** {
 127              		.loc 1 124 0
 128              		.cfi_startproc
 129              		@ args = 0, pretend = 0, frame = 8
 130              		@ frame_needed = 1, uses_anonymous_args = 0
 131 0000 80B5     		push	{r7, lr}
 132              		.cfi_def_cfa_offset 8
 133              		.cfi_offset 7, -8
 134              		.cfi_offset 14, -4
 135 0002 82B0     		sub	sp, sp, #8
 136              		.cfi_def_cfa_offset 16
 137 0004 00AF     		add	r7, sp, #0
 138              		.cfi_def_cfa_register 7
 125:Generated_Source\PSoC5/USBUART_pm.c ****     uint8 enableInterrupts;
 126:Generated_Source\PSoC5/USBUART_pm.c **** 
 127:Generated_Source\PSoC5/USBUART_pm.c ****     enableInterrupts = CyEnterCriticalSection();
 139              		.loc 1 127 0
 140 0006 FFF7FEFF 		bl	CyEnterCriticalSection
 141 000a 0346     		mov	r3, r0
 142 000c FB71     		strb	r3, [r7, #7]
 128:Generated_Source\PSoC5/USBUART_pm.c **** 
 129:Generated_Source\PSoC5/USBUART_pm.c ****     if (0u != (USBUART_CR0_REG & USBUART_CR0_ENABLE))
 143              		.loc 1 129 0
 144 000e 3B4B     		ldr	r3, .L11
 145 0010 1B78     		ldrb	r3, [r3]
 146 0012 DBB2     		uxtb	r3, r3
 147 0014 5BB2     		sxtb	r3, r3
 148 0016 002B     		cmp	r3, #0
 149 0018 5ADA     		bge	.L9
 130:Generated_Source\PSoC5/USBUART_pm.c ****     {
 131:Generated_Source\PSoC5/USBUART_pm.c ****         /* USB block is enabled. */
 132:Generated_Source\PSoC5/USBUART_pm.c ****         USBUART_backup.enableState = 1u;
 150              		.loc 1 132 0
 151 001a 394B     		ldr	r3, .L11+4
 152 001c 0122     		movs	r2, #1
 153 001e 1A70     		strb	r2, [r3]
ARM GAS  C:\Users\ingan\AppData\Local\Temp\ccTCrtaW.s 			page 6


 133:Generated_Source\PSoC5/USBUART_pm.c **** 
 134:Generated_Source\PSoC5/USBUART_pm.c ****     #if (USBUART_EP_MANAGEMENT_DMA)
 135:Generated_Source\PSoC5/USBUART_pm.c ****         USBUART_Stop_DMA(USBUART_MAX_EP);
 154              		.loc 1 135 0
 155 0020 0920     		movs	r0, #9
 156 0022 FFF7FEFF 		bl	USBUART_Stop_DMA
 136:Generated_Source\PSoC5/USBUART_pm.c ****     #endif /* (USBUART_EP_MANAGEMENT_DMA) */
 137:Generated_Source\PSoC5/USBUART_pm.c **** 
 138:Generated_Source\PSoC5/USBUART_pm.c ****     #if (CY_PSOC4)
 139:Generated_Source\PSoC5/USBUART_pm.c ****         /* Suspend enter sequence. */
 140:Generated_Source\PSoC5/USBUART_pm.c ****         USBUART_POWER_CTRL_REG |= (USBUART_POWER_CTRL_SUSPEND |
 141:Generated_Source\PSoC5/USBUART_pm.c ****                                             USBUART_POWER_CTRL_SUSPEND_DEL);
 142:Generated_Source\PSoC5/USBUART_pm.c **** 
 143:Generated_Source\PSoC5/USBUART_pm.c ****         /* Store state of USB regulator and disable it. */
 144:Generated_Source\PSoC5/USBUART_pm.c ****         USBUART_backup.mode = (uint8)  (USBUART_CR1_REG & USBUART_CR1_REG_ENABLE);
 145:Generated_Source\PSoC5/USBUART_pm.c ****         USBUART_CR1_REG    &= (uint32) ~USBUART_CR1_REG_ENABLE;
 146:Generated_Source\PSoC5/USBUART_pm.c ****         
 147:Generated_Source\PSoC5/USBUART_pm.c ****         /* Store SIE interrupt sources. Valid bits are 0 - 4. */
 148:Generated_Source\PSoC5/USBUART_pm.c ****         USBUART_backup.intrSeiMask = (uint8) USBUART_INTR_SIE_MASK_REG;
 149:Generated_Source\PSoC5/USBUART_pm.c **** 
 150:Generated_Source\PSoC5/USBUART_pm.c ****     #else
 151:Generated_Source\PSoC5/USBUART_pm.c ****         /* Ensure USB transmit enable is low (USB_USBIO_CR0.ten). - Manual Transmission - Disabled.
 152:Generated_Source\PSoC5/USBUART_pm.c ****         USBUART_USBIO_CR0_REG &= (uint8) ~USBUART_USBIO_CR0_TEN;
 157              		.loc 1 152 0
 158 0026 374A     		ldr	r2, .L11+8
 159 0028 364B     		ldr	r3, .L11+8
 160 002a 1B78     		ldrb	r3, [r3]
 161 002c DBB2     		uxtb	r3, r3
 162 002e 03F07F03 		and	r3, r3, #127
 163 0032 DBB2     		uxtb	r3, r3
 164 0034 1370     		strb	r3, [r2]
 153:Generated_Source\PSoC5/USBUART_pm.c ****         CyDelayUs(USBUART_WAIT_REG_STABILITY_50NS);  /*~50ns delay. */
 165              		.loc 1 153 0
 166 0036 0020     		movs	r0, #0
 167 0038 FFF7FEFF 		bl	CyDelayUs
 154:Generated_Source\PSoC5/USBUART_pm.c **** 
 155:Generated_Source\PSoC5/USBUART_pm.c ****         /* Disable the USBIO by asserting PM.USB_CR0.fsusbio_pd_n(Inverted) and pd_pullup_hv(Invert
 156:Generated_Source\PSoC5/USBUART_pm.c ****         USBUART_PM_USB_CR0_REG &= (uint8) ~(USBUART_PM_USB_CR0_PD_N |
 168              		.loc 1 156 0
 169 003c 324A     		ldr	r2, .L11+12
 170 003e 324B     		ldr	r3, .L11+12
 171 0040 1B78     		ldrb	r3, [r3]
 172 0042 DBB2     		uxtb	r3, r3
 173 0044 23F00603 		bic	r3, r3, #6
 174 0048 DBB2     		uxtb	r3, r3
 175 004a 1370     		strb	r3, [r2]
 157:Generated_Source\PSoC5/USBUART_pm.c ****                                                      USBUART_PM_USB_CR0_PD_PULLUP_N);
 158:Generated_Source\PSoC5/USBUART_pm.c **** 
 159:Generated_Source\PSoC5/USBUART_pm.c ****         /* Disable the SIE. */
 160:Generated_Source\PSoC5/USBUART_pm.c ****         USBUART_CR0_REG &= (uint8) ~USBUART_CR0_ENABLE;
 176              		.loc 1 160 0
 177 004c 2B4A     		ldr	r2, .L11
 178 004e 2B4B     		ldr	r3, .L11
 179 0050 1B78     		ldrb	r3, [r3]
 180 0052 DBB2     		uxtb	r3, r3
 181 0054 03F07F03 		and	r3, r3, #127
 182 0058 DBB2     		uxtb	r3, r3
ARM GAS  C:\Users\ingan\AppData\Local\Temp\ccTCrtaW.s 			page 7


 183 005a 1370     		strb	r3, [r2]
 161:Generated_Source\PSoC5/USBUART_pm.c **** 
 162:Generated_Source\PSoC5/USBUART_pm.c ****         CyDelayUs(USBUART_WAIT_REG_STABILITY_50NS);  /* ~50ns delay. */
 184              		.loc 1 162 0
 185 005c 0020     		movs	r0, #0
 186 005e FFF7FEFF 		bl	CyDelayUs
 163:Generated_Source\PSoC5/USBUART_pm.c ****         /* Store mode and disable VRegulator. */
 164:Generated_Source\PSoC5/USBUART_pm.c ****         USBUART_backup.mode = (uint8) (USBUART_CR1_REG & USBUART_CR1_REG_ENABLE);
 187              		.loc 1 164 0
 188 0062 2A4B     		ldr	r3, .L11+16
 189 0064 1B78     		ldrb	r3, [r3]
 190 0066 DBB2     		uxtb	r3, r3
 191 0068 03F00103 		and	r3, r3, #1
 192 006c DAB2     		uxtb	r2, r3
 193 006e 244B     		ldr	r3, .L11+4
 194 0070 5A70     		strb	r2, [r3, #1]
 165:Generated_Source\PSoC5/USBUART_pm.c ****         USBUART_CR1_REG    &= (uint8) ~USBUART_CR1_REG_ENABLE;
 195              		.loc 1 165 0
 196 0072 264A     		ldr	r2, .L11+16
 197 0074 254B     		ldr	r3, .L11+16
 198 0076 1B78     		ldrb	r3, [r3]
 199 0078 DBB2     		uxtb	r3, r3
 200 007a 23F00103 		bic	r3, r3, #1
 201 007e DBB2     		uxtb	r3, r3
 202 0080 1370     		strb	r3, [r2]
 166:Generated_Source\PSoC5/USBUART_pm.c **** 
 167:Generated_Source\PSoC5/USBUART_pm.c ****         CyDelayUs(USBUART_WAIT_REG_STABILITY_1US); /* min 0.5us delay required. */
 203              		.loc 1 167 0
 204 0082 0120     		movs	r0, #1
 205 0084 FFF7FEFF 		bl	CyDelayUs
 168:Generated_Source\PSoC5/USBUART_pm.c **** 
 169:Generated_Source\PSoC5/USBUART_pm.c ****         /* Disable the USBIO reference by setting PM.USB_CR0.fsusbio_ref_en.*/
 170:Generated_Source\PSoC5/USBUART_pm.c ****         USBUART_PM_USB_CR0_REG &= (uint8) ~USBUART_PM_USB_CR0_REF_EN;
 206              		.loc 1 170 0
 207 0088 1F4A     		ldr	r2, .L11+12
 208 008a 1F4B     		ldr	r3, .L11+12
 209 008c 1B78     		ldrb	r3, [r3]
 210 008e DBB2     		uxtb	r3, r3
 211 0090 23F00103 		bic	r3, r3, #1
 212 0094 DBB2     		uxtb	r3, r3
 213 0096 1370     		strb	r3, [r2]
 171:Generated_Source\PSoC5/USBUART_pm.c **** 
 172:Generated_Source\PSoC5/USBUART_pm.c ****         /* Switch DP and DM terminals to GPIO mode and disconnect 1.5k pull-up. */
 173:Generated_Source\PSoC5/USBUART_pm.c ****         USBUART_USBIO_CR1_REG |= USBUART_USBIO_CR1_IOMODE;
 214              		.loc 1 173 0
 215 0098 1D4A     		ldr	r2, .L11+20
 216 009a 1D4B     		ldr	r3, .L11+20
 217 009c 1B78     		ldrb	r3, [r3]
 218 009e DBB2     		uxtb	r3, r3
 219 00a0 43F02003 		orr	r3, r3, #32
 220 00a4 DBB2     		uxtb	r3, r3
 221 00a6 1370     		strb	r3, [r2]
 174:Generated_Source\PSoC5/USBUART_pm.c **** 
 175:Generated_Source\PSoC5/USBUART_pm.c ****         /* Disable USBFS block. */
 176:Generated_Source\PSoC5/USBUART_pm.c ****         /* Clear power active and standby mode templates: disable USB block. */
 177:Generated_Source\PSoC5/USBUART_pm.c ****         USBUART_PM_ACT_CFG_REG  &= (uint8) ~USBUART_PM_ACT_EN_FSUSB;
 222              		.loc 1 177 0
ARM GAS  C:\Users\ingan\AppData\Local\Temp\ccTCrtaW.s 			page 8


 223 00a8 1A4A     		ldr	r2, .L11+24
 224 00aa 1A4B     		ldr	r3, .L11+24
 225 00ac 1B78     		ldrb	r3, [r3]
 226 00ae DBB2     		uxtb	r3, r3
 227 00b0 23F00103 		bic	r3, r3, #1
 228 00b4 DBB2     		uxtb	r3, r3
 229 00b6 1370     		strb	r3, [r2]
 178:Generated_Source\PSoC5/USBUART_pm.c ****         USBUART_PM_STBY_CFG_REG &= (uint8) ~USBUART_PM_STBY_EN_FSUSB;
 230              		.loc 1 178 0
 231 00b8 174A     		ldr	r2, .L11+28
 232 00ba 174B     		ldr	r3, .L11+28
 233 00bc 1B78     		ldrb	r3, [r3]
 234 00be DBB2     		uxtb	r3, r3
 235 00c0 23F00103 		bic	r3, r3, #1
 236 00c4 DBB2     		uxtb	r3, r3
 237 00c6 1370     		strb	r3, [r2]
 179:Generated_Source\PSoC5/USBUART_pm.c **** 
 180:Generated_Source\PSoC5/USBUART_pm.c ****         CyDelayUs(USBUART_WAIT_REG_STABILITY_1US); /* min 0.5us delay required. */
 238              		.loc 1 180 0
 239 00c8 0120     		movs	r0, #1
 240 00ca FFF7FEFF 		bl	CyDelayUs
 241 00ce 02E0     		b	.L10
 242              	.L9:
 181:Generated_Source\PSoC5/USBUART_pm.c ****     #endif /* (CY_PSOC4) */
 182:Generated_Source\PSoC5/USBUART_pm.c ****     }
 183:Generated_Source\PSoC5/USBUART_pm.c ****     else
 184:Generated_Source\PSoC5/USBUART_pm.c ****     {
 185:Generated_Source\PSoC5/USBUART_pm.c ****         USBUART_backup.enableState = 0u;
 243              		.loc 1 185 0
 244 00d0 0B4B     		ldr	r3, .L11+4
 245 00d2 0022     		movs	r2, #0
 246 00d4 1A70     		strb	r2, [r3]
 247              	.L10:
 186:Generated_Source\PSoC5/USBUART_pm.c ****     }
 187:Generated_Source\PSoC5/USBUART_pm.c **** 
 188:Generated_Source\PSoC5/USBUART_pm.c ****     CyExitCriticalSection(enableInterrupts);
 248              		.loc 1 188 0
 249 00d6 FB79     		ldrb	r3, [r7, #7]	@ zero_extendqisi2
 250 00d8 1846     		mov	r0, r3
 251 00da FFF7FEFF 		bl	CyExitCriticalSection
 189:Generated_Source\PSoC5/USBUART_pm.c **** 
 190:Generated_Source\PSoC5/USBUART_pm.c **** #if (USBUART_DP_ISR_ACTIVE)
 191:Generated_Source\PSoC5/USBUART_pm.c ****     /* Clear active mode Dp interrupt source history. */
 192:Generated_Source\PSoC5/USBUART_pm.c ****     (void) USBUART_Dp_ClearInterrupt();
 252              		.loc 1 192 0
 253 00de FFF7FEFF 		bl	USBUART_Dp_ClearInterrupt
 193:Generated_Source\PSoC5/USBUART_pm.c ****     CyIntClearPending(USBUART_DP_INTC_VECT_NUM);
 254              		.loc 1 193 0
 255 00e2 0E4B     		ldr	r3, .L11+32
 256 00e4 4FF48052 		mov	r2, #4096
 257 00e8 1A60     		str	r2, [r3]
 194:Generated_Source\PSoC5/USBUART_pm.c **** 
 195:Generated_Source\PSoC5/USBUART_pm.c ****     CyIntEnable      (USBUART_DP_INTC_VECT_NUM);
 258              		.loc 1 195 0
 259 00ea 0D4B     		ldr	r3, .L11+36
 260 00ec 4FF48052 		mov	r2, #4096
 261 00f0 1A60     		str	r2, [r3]
ARM GAS  C:\Users\ingan\AppData\Local\Temp\ccTCrtaW.s 			page 9


 196:Generated_Source\PSoC5/USBUART_pm.c **** #endif /* (USBUART_DP_ISR_ACTIVE). */
 197:Generated_Source\PSoC5/USBUART_pm.c **** }
 262              		.loc 1 197 0
 263 00f2 00BF     		nop
 264 00f4 0837     		adds	r7, r7, #8
 265              		.cfi_def_cfa_offset 8
 266 00f6 BD46     		mov	sp, r7
 267              		.cfi_def_cfa_register 13
 268              		@ sp needed
 269 00f8 80BD     		pop	{r7, pc}
 270              	.L12:
 271 00fa 00BF     		.align	2
 272              	.L11:
 273 00fc 08600040 		.word	1073766408
 274 0100 00000000 		.word	USBUART_backup
 275 0104 10600040 		.word	1073766416
 276 0108 94430040 		.word	1073759124
 277 010c 09600040 		.word	1073766409
 278 0110 12600040 		.word	1073766418
 279 0114 A5430040 		.word	1073759141
 280 0118 B5430040 		.word	1073759157
 281 011c 80E200E0 		.word	-536812928
 282 0120 00E100E0 		.word	-536813312
 283              		.cfi_endproc
 284              	.LFE3:
 285              		.size	USBUART_Suspend, .-USBUART_Suspend
 286              		.section	.text.USBUART_Resume,"ax",%progbits
 287              		.align	2
 288              		.global	USBUART_Resume
 289              		.thumb
 290              		.thumb_func
 291              		.type	USBUART_Resume, %function
 292              	USBUART_Resume:
 293              	.LFB4:
 198:Generated_Source\PSoC5/USBUART_pm.c **** 
 199:Generated_Source\PSoC5/USBUART_pm.c **** 
 200:Generated_Source\PSoC5/USBUART_pm.c **** /*******************************************************************************
 201:Generated_Source\PSoC5/USBUART_pm.c **** * Function Name: USBUART_Resume
 202:Generated_Source\PSoC5/USBUART_pm.c **** ****************************************************************************//**
 203:Generated_Source\PSoC5/USBUART_pm.c **** *
 204:Generated_Source\PSoC5/USBUART_pm.c **** *  This function prepares the USBFS component for active mode operation after 
 205:Generated_Source\PSoC5/USBUART_pm.c **** *  exit low power mode. It restores the component active mode configuration such 
 206:Generated_Source\PSoC5/USBUART_pm.c **** *  as device address assigned previously by the host, endpoints buffer and disables 
 207:Generated_Source\PSoC5/USBUART_pm.c **** *  interrupt on Dp pin.
 208:Generated_Source\PSoC5/USBUART_pm.c **** *  The supported low power modes are Deep Sleep (PSoC 4200L) and Sleep 
 209:Generated_Source\PSoC5/USBUART_pm.c **** *  (PSoC 3/ PSoC 5LP).
 210:Generated_Source\PSoC5/USBUART_pm.c **** *  
 211:Generated_Source\PSoC5/USBUART_pm.c **** *  *Note* For PSoC 4200L devices, this function should not be called after 
 212:Generated_Source\PSoC5/USBUART_pm.c **** *  exiting Sleep.
 213:Generated_Source\PSoC5/USBUART_pm.c **** *  
 214:Generated_Source\PSoC5/USBUART_pm.c **** *  *Note* To resume communication with the host, the data endpoints must be 
 215:Generated_Source\PSoC5/USBUART_pm.c **** *  managed: the OUT endpoints must be enabled and IN endpoints must be loaded 
 216:Generated_Source\PSoC5/USBUART_pm.c **** *  with data. For DMA with Automatic Buffer Management, all endpoints buffers 
 217:Generated_Source\PSoC5/USBUART_pm.c **** *  must be initialized again before making them available to the host.
 218:Generated_Source\PSoC5/USBUART_pm.c **** *
 219:Generated_Source\PSoC5/USBUART_pm.c **** *
 220:Generated_Source\PSoC5/USBUART_pm.c **** * \globalvars
ARM GAS  C:\Users\ingan\AppData\Local\Temp\ccTCrtaW.s 			page 10


 221:Generated_Source\PSoC5/USBUART_pm.c **** *  USBUART_backup - checked.
 222:Generated_Source\PSoC5/USBUART_pm.c **** *
 223:Generated_Source\PSoC5/USBUART_pm.c **** * \reentrant
 224:Generated_Source\PSoC5/USBUART_pm.c **** *  No.
 225:Generated_Source\PSoC5/USBUART_pm.c **** *
 226:Generated_Source\PSoC5/USBUART_pm.c **** *******************************************************************************/
 227:Generated_Source\PSoC5/USBUART_pm.c **** void USBUART_Resume(void) 
 228:Generated_Source\PSoC5/USBUART_pm.c **** {
 294              		.loc 1 228 0
 295              		.cfi_startproc
 296              		@ args = 0, pretend = 0, frame = 8
 297              		@ frame_needed = 1, uses_anonymous_args = 0
 298 0000 80B5     		push	{r7, lr}
 299              		.cfi_def_cfa_offset 8
 300              		.cfi_offset 7, -8
 301              		.cfi_offset 14, -4
 302 0002 82B0     		sub	sp, sp, #8
 303              		.cfi_def_cfa_offset 16
 304 0004 00AF     		add	r7, sp, #0
 305              		.cfi_def_cfa_register 7
 229:Generated_Source\PSoC5/USBUART_pm.c ****     uint8 enableInterrupts;
 230:Generated_Source\PSoC5/USBUART_pm.c **** 
 231:Generated_Source\PSoC5/USBUART_pm.c ****     enableInterrupts = CyEnterCriticalSection();
 306              		.loc 1 231 0
 307 0006 FFF7FEFF 		bl	CyEnterCriticalSection
 308 000a 0346     		mov	r3, r0
 309 000c FB71     		strb	r3, [r7, #7]
 232:Generated_Source\PSoC5/USBUART_pm.c **** 
 233:Generated_Source\PSoC5/USBUART_pm.c ****     if (0u != USBUART_backup.enableState)
 310              		.loc 1 233 0
 311 000e 354B     		ldr	r3, .L15
 312 0010 1B78     		ldrb	r3, [r3]	@ zero_extendqisi2
 313 0012 002B     		cmp	r3, #0
 314 0014 5ED0     		beq	.L14
 234:Generated_Source\PSoC5/USBUART_pm.c ****     {
 235:Generated_Source\PSoC5/USBUART_pm.c ****     #if (USBUART_DP_ISR_ACTIVE)
 236:Generated_Source\PSoC5/USBUART_pm.c ****         CyIntDisable(USBUART_DP_INTC_VECT_NUM);
 315              		.loc 1 236 0
 316 0016 344B     		ldr	r3, .L15+4
 317 0018 4FF48052 		mov	r2, #4096
 318 001c 1A60     		str	r2, [r3]
 237:Generated_Source\PSoC5/USBUART_pm.c ****     #endif /* (USBUART_DP_ISR_ACTIVE) */
 238:Generated_Source\PSoC5/USBUART_pm.c **** 
 239:Generated_Source\PSoC5/USBUART_pm.c ****     #if (CY_PSOC4)
 240:Generated_Source\PSoC5/USBUART_pm.c ****         /* Enable clock to USB IP. */
 241:Generated_Source\PSoC5/USBUART_pm.c ****         USBUART_USB_CLK_EN_REG |= USBUART_USB_CLK_CSR_CLK_EN;
 242:Generated_Source\PSoC5/USBUART_pm.c **** 
 243:Generated_Source\PSoC5/USBUART_pm.c ****         /* Restore arbiter configuration for DMA transfers. */
 244:Generated_Source\PSoC5/USBUART_pm.c ****         #if (USBUART_EP_MANAGEMENT_DMA)
 245:Generated_Source\PSoC5/USBUART_pm.c ****             #if (USBUART_ARB_ISR_ACTIVE)
 246:Generated_Source\PSoC5/USBUART_pm.c ****                 /* Enable ARB EP interrupt sources. */
 247:Generated_Source\PSoC5/USBUART_pm.c ****                 USBUART_ARB_INT_EN_REG = USBUART_DEFAULT_ARB_INT_EN;
 248:Generated_Source\PSoC5/USBUART_pm.c ****             #endif /* (USBUART_EP_MANAGEMENT_DMA) */
 249:Generated_Source\PSoC5/USBUART_pm.c **** 
 250:Generated_Source\PSoC5/USBUART_pm.c ****             /* Configure arbiter for Manual or Auto DMA operation and clear 
 251:Generated_Source\PSoC5/USBUART_pm.c ****             * configuration completion. 
 252:Generated_Source\PSoC5/USBUART_pm.c ****             */
ARM GAS  C:\Users\ingan\AppData\Local\Temp\ccTCrtaW.s 			page 11


 253:Generated_Source\PSoC5/USBUART_pm.c ****             USBUART_ARB_CFG_REG = USBUART_DEFAULT_ARB_CFG;
 254:Generated_Source\PSoC5/USBUART_pm.c ****         #endif /* (USBUART_EP_MANAGEMENT_DMA) */
 255:Generated_Source\PSoC5/USBUART_pm.c **** 
 256:Generated_Source\PSoC5/USBUART_pm.c ****         /* Restore level (hi, lo, med) for each interrupt source. */
 257:Generated_Source\PSoC5/USBUART_pm.c ****         USBUART_INTR_LVL_SEL_REG = USBUART_DEFAULT_INTR_LVL_SEL;
 258:Generated_Source\PSoC5/USBUART_pm.c ****         
 259:Generated_Source\PSoC5/USBUART_pm.c ****         /* Store SIE interrupt sources. */
 260:Generated_Source\PSoC5/USBUART_pm.c ****         USBUART_INTR_SIE_MASK_REG = (uint32) USBUART_backup.intrSeiMask;
 261:Generated_Source\PSoC5/USBUART_pm.c **** 
 262:Generated_Source\PSoC5/USBUART_pm.c ****         /* Set EP0.CR: ACK Setup, NAK IN/OUT. */
 263:Generated_Source\PSoC5/USBUART_pm.c ****         USBUART_EP0_CR_REG = USBUART_MODE_NAK_IN_OUT;
 264:Generated_Source\PSoC5/USBUART_pm.c **** 
 265:Generated_Source\PSoC5/USBUART_pm.c ****         /* Restore data EP1-8 configuration. */
 266:Generated_Source\PSoC5/USBUART_pm.c ****         USBUART_RestoreConfig();
 267:Generated_Source\PSoC5/USBUART_pm.c **** 
 268:Generated_Source\PSoC5/USBUART_pm.c ****         /* Restore state of USB regulator and wait until it supples stable power. */
 269:Generated_Source\PSoC5/USBUART_pm.c ****         USBUART_CR1_REG |= USBUART_backup.mode;
 270:Generated_Source\PSoC5/USBUART_pm.c ****         CyDelayUs(USBUART_WAIT_VREF_STABILITY);
 271:Generated_Source\PSoC5/USBUART_pm.c **** 
 272:Generated_Source\PSoC5/USBUART_pm.c ****         /* Suspend exit sequence. */
 273:Generated_Source\PSoC5/USBUART_pm.c ****         USBUART_POWER_CTRL_REG &= (uint32) ~USBUART_POWER_CTRL_SUSPEND;
 274:Generated_Source\PSoC5/USBUART_pm.c ****         CyDelayUs(USBUART_WAIT_SUSPEND_DEL_DISABLE);
 275:Generated_Source\PSoC5/USBUART_pm.c ****         USBUART_POWER_CTRL_REG &= (uint32) ~USBUART_POWER_CTRL_SUSPEND_DEL;
 276:Generated_Source\PSoC5/USBUART_pm.c **** 
 277:Generated_Source\PSoC5/USBUART_pm.c ****     #else
 278:Generated_Source\PSoC5/USBUART_pm.c ****         /* Set power active and standby mode templates: enable USB block. */
 279:Generated_Source\PSoC5/USBUART_pm.c ****         USBUART_PM_ACT_CFG_REG  |= USBUART_PM_ACT_EN_FSUSB;
 319              		.loc 1 279 0
 320 001e 334A     		ldr	r2, .L15+8
 321 0020 324B     		ldr	r3, .L15+8
 322 0022 1B78     		ldrb	r3, [r3]
 323 0024 DBB2     		uxtb	r3, r3
 324 0026 43F00103 		orr	r3, r3, #1
 325 002a DBB2     		uxtb	r3, r3
 326 002c 1370     		strb	r3, [r2]
 280:Generated_Source\PSoC5/USBUART_pm.c ****         USBUART_PM_STBY_CFG_REG |= USBUART_PM_STBY_EN_FSUSB;
 327              		.loc 1 280 0
 328 002e 304A     		ldr	r2, .L15+12
 329 0030 2F4B     		ldr	r3, .L15+12
 330 0032 1B78     		ldrb	r3, [r3]
 331 0034 DBB2     		uxtb	r3, r3
 332 0036 43F00103 		orr	r3, r3, #1
 333 003a DBB2     		uxtb	r3, r3
 334 003c 1370     		strb	r3, [r2]
 281:Generated_Source\PSoC5/USBUART_pm.c **** 
 282:Generated_Source\PSoC5/USBUART_pm.c ****         /* Enable core clock. */
 283:Generated_Source\PSoC5/USBUART_pm.c ****         USBUART_USB_CLK_EN_REG |= USBUART_USB_CLK_ENABLE;
 335              		.loc 1 283 0
 336 003e 2D4A     		ldr	r2, .L15+16
 337 0040 2C4B     		ldr	r3, .L15+16
 338 0042 1B78     		ldrb	r3, [r3]
 339 0044 DBB2     		uxtb	r3, r3
 340 0046 43F00103 		orr	r3, r3, #1
 341 004a DBB2     		uxtb	r3, r3
 342 004c 1370     		strb	r3, [r2]
 284:Generated_Source\PSoC5/USBUART_pm.c **** 
 285:Generated_Source\PSoC5/USBUART_pm.c ****         /* Enable the USBIO reference by setting PM.USB_CR0.fsusbio_ref_en.*/
ARM GAS  C:\Users\ingan\AppData\Local\Temp\ccTCrtaW.s 			page 12


 286:Generated_Source\PSoC5/USBUART_pm.c ****         USBUART_PM_USB_CR0_REG |= USBUART_PM_USB_CR0_REF_EN;
 343              		.loc 1 286 0
 344 004e 2A4A     		ldr	r2, .L15+20
 345 0050 294B     		ldr	r3, .L15+20
 346 0052 1B78     		ldrb	r3, [r3]
 347 0054 DBB2     		uxtb	r3, r3
 348 0056 43F00103 		orr	r3, r3, #1
 349 005a DBB2     		uxtb	r3, r3
 350 005c 1370     		strb	r3, [r2]
 287:Generated_Source\PSoC5/USBUART_pm.c **** 
 288:Generated_Source\PSoC5/USBUART_pm.c ****         /* The reference is available ~40us after power restored. */
 289:Generated_Source\PSoC5/USBUART_pm.c ****         CyDelayUs(USBUART_WAIT_VREF_RESTORE);
 351              		.loc 1 289 0
 352 005e 2820     		movs	r0, #40
 353 0060 FFF7FEFF 		bl	CyDelayUs
 290:Generated_Source\PSoC5/USBUART_pm.c ****         /* Restore state of USB regulator and wait until it supples stable power. */
 291:Generated_Source\PSoC5/USBUART_pm.c ****         USBUART_CR1_REG |= USBUART_backup.mode;
 354              		.loc 1 291 0
 355 0064 2549     		ldr	r1, .L15+24
 356 0066 254B     		ldr	r3, .L15+24
 357 0068 1B78     		ldrb	r3, [r3]
 358 006a DAB2     		uxtb	r2, r3
 359 006c 1D4B     		ldr	r3, .L15
 360 006e 5B78     		ldrb	r3, [r3, #1]	@ zero_extendqisi2
 361 0070 1343     		orrs	r3, r3, r2
 362 0072 DBB2     		uxtb	r3, r3
 363 0074 0B70     		strb	r3, [r1]
 292:Generated_Source\PSoC5/USBUART_pm.c ****         CyDelayUs(USBUART_WAIT_VREF_STABILITY);   /*~50ns delay. */
 364              		.loc 1 292 0
 365 0076 0020     		movs	r0, #0
 366 0078 FFF7FEFF 		bl	CyDelayUs
 293:Generated_Source\PSoC5/USBUART_pm.c **** 
 294:Generated_Source\PSoC5/USBUART_pm.c ****         /* Enable USBIO. */
 295:Generated_Source\PSoC5/USBUART_pm.c ****         USBUART_PM_USB_CR0_REG |= USBUART_PM_USB_CR0_PD_N;
 367              		.loc 1 295 0
 368 007c 1E4A     		ldr	r2, .L15+20
 369 007e 1E4B     		ldr	r3, .L15+20
 370 0080 1B78     		ldrb	r3, [r3]
 371 0082 DBB2     		uxtb	r3, r3
 372 0084 43F00203 		orr	r3, r3, #2
 373 0088 DBB2     		uxtb	r3, r3
 374 008a 1370     		strb	r3, [r2]
 296:Generated_Source\PSoC5/USBUART_pm.c ****         CyDelayUs(USBUART_WAIT_PD_PULLUP_N_ENABLE);
 375              		.loc 1 296 0
 376 008c 0220     		movs	r0, #2
 377 008e FFF7FEFF 		bl	CyDelayUs
 297:Generated_Source\PSoC5/USBUART_pm.c ****         /* Set the USBIO pull-up enable. */
 298:Generated_Source\PSoC5/USBUART_pm.c ****         USBUART_PM_USB_CR0_REG |= USBUART_PM_USB_CR0_PD_PULLUP_N;
 378              		.loc 1 298 0
 379 0092 194A     		ldr	r2, .L15+20
 380 0094 184B     		ldr	r3, .L15+20
 381 0096 1B78     		ldrb	r3, [r3]
 382 0098 DBB2     		uxtb	r3, r3
 383 009a 43F00403 		orr	r3, r3, #4
 384 009e DBB2     		uxtb	r3, r3
 385 00a0 1370     		strb	r3, [r2]
 299:Generated_Source\PSoC5/USBUART_pm.c **** 
ARM GAS  C:\Users\ingan\AppData\Local\Temp\ccTCrtaW.s 			page 13


 300:Generated_Source\PSoC5/USBUART_pm.c ****         /* Restore arbiter configuration for DMA transfers. */
 301:Generated_Source\PSoC5/USBUART_pm.c ****         #if (USBUART_EP_MANAGEMENT_DMA)
 302:Generated_Source\PSoC5/USBUART_pm.c ****             #if (USBUART_ARB_ISR_ACTIVE)
 303:Generated_Source\PSoC5/USBUART_pm.c ****                 /* Enable ARB EP interrupt sources. */
 304:Generated_Source\PSoC5/USBUART_pm.c ****                 USBUART_ARB_INT_EN_REG = USBUART_DEFAULT_ARB_INT_EN;
 386              		.loc 1 304 0
 387 00a2 174B     		ldr	r3, .L15+28
 388 00a4 0722     		movs	r2, #7
 389 00a6 1A70     		strb	r2, [r3]
 305:Generated_Source\PSoC5/USBUART_pm.c ****             #endif /* (USBUART_EP_MANAGEMENT_DMA) */
 306:Generated_Source\PSoC5/USBUART_pm.c **** 
 307:Generated_Source\PSoC5/USBUART_pm.c ****             /* Configure arbiter for Manual or Auto DMA operation and clear 
 308:Generated_Source\PSoC5/USBUART_pm.c ****             * configuration completion. 
 309:Generated_Source\PSoC5/USBUART_pm.c ****             */
 310:Generated_Source\PSoC5/USBUART_pm.c ****             USBUART_ARB_CFG_REG = USBUART_DEFAULT_ARB_CFG;
 390              		.loc 1 310 0
 391 00a8 164B     		ldr	r3, .L15+32
 392 00aa 2022     		movs	r2, #32
 393 00ac 1A70     		strb	r2, [r3]
 311:Generated_Source\PSoC5/USBUART_pm.c ****         #endif /* (USBUART_EP_MANAGEMENT_DMA) */
 312:Generated_Source\PSoC5/USBUART_pm.c **** 
 313:Generated_Source\PSoC5/USBUART_pm.c ****         /* Set EP0.CR: ACK Setup, STALL IN/OUT. */
 314:Generated_Source\PSoC5/USBUART_pm.c ****         USBUART_EP0_CR_REG = USBUART_MODE_STALL_IN_OUT;
 394              		.loc 1 314 0
 395 00ae 164B     		ldr	r3, .L15+36
 396 00b0 0322     		movs	r2, #3
 397 00b2 1A70     		strb	r2, [r3]
 315:Generated_Source\PSoC5/USBUART_pm.c **** 
 316:Generated_Source\PSoC5/USBUART_pm.c ****         /* Enable the USB IP to respond to USB traffic with the last address. */
 317:Generated_Source\PSoC5/USBUART_pm.c ****         USBUART_CR0_REG |= USBUART_CR0_ENABLE;
 398              		.loc 1 317 0
 399 00b4 154A     		ldr	r2, .L15+40
 400 00b6 154B     		ldr	r3, .L15+40
 401 00b8 1B78     		ldrb	r3, [r3]
 402 00ba DBB2     		uxtb	r3, r3
 403 00bc 63F07F03 		orn	r3, r3, #127
 404 00c0 DBB2     		uxtb	r3, r3
 405 00c2 1370     		strb	r3, [r2]
 318:Generated_Source\PSoC5/USBUART_pm.c ****         CyDelayCycles(USBUART_WAIT_CR0_REG_STABILITY);
 406              		.loc 1 318 0
 407 00c4 0120     		movs	r0, #1
 408 00c6 FFF7FEFF 		bl	CyDelayCycles
 319:Generated_Source\PSoC5/USBUART_pm.c **** 
 320:Generated_Source\PSoC5/USBUART_pm.c ****         /* Enable D+ pull-up and keep USB control on IO. */
 321:Generated_Source\PSoC5/USBUART_pm.c ****         USBUART_USBIO_CR1_REG = USBUART_USBIO_CR1_USBPUEN;
 409              		.loc 1 321 0
 410 00ca 114B     		ldr	r3, .L15+44
 411 00cc 0422     		movs	r2, #4
 412 00ce 1A70     		strb	r2, [r3]
 322:Generated_Source\PSoC5/USBUART_pm.c **** 
 323:Generated_Source\PSoC5/USBUART_pm.c ****         /* Restore data EP1-8 configuration. */
 324:Generated_Source\PSoC5/USBUART_pm.c ****         USBUART_RestoreConfig();
 413              		.loc 1 324 0
 414 00d0 FFF7FEFF 		bl	USBUART_RestoreConfig
 415              	.L14:
 325:Generated_Source\PSoC5/USBUART_pm.c ****     #endif /* (CY_PSOC4) */
 326:Generated_Source\PSoC5/USBUART_pm.c ****     }
ARM GAS  C:\Users\ingan\AppData\Local\Temp\ccTCrtaW.s 			page 14


 327:Generated_Source\PSoC5/USBUART_pm.c **** 
 328:Generated_Source\PSoC5/USBUART_pm.c ****     CyExitCriticalSection(enableInterrupts);
 416              		.loc 1 328 0
 417 00d4 FB79     		ldrb	r3, [r7, #7]	@ zero_extendqisi2
 418 00d6 1846     		mov	r0, r3
 419 00d8 FFF7FEFF 		bl	CyExitCriticalSection
 329:Generated_Source\PSoC5/USBUART_pm.c **** }
 420              		.loc 1 329 0
 421 00dc 00BF     		nop
 422 00de 0837     		adds	r7, r7, #8
 423              		.cfi_def_cfa_offset 8
 424 00e0 BD46     		mov	sp, r7
 425              		.cfi_def_cfa_register 13
 426              		@ sp needed
 427 00e2 80BD     		pop	{r7, pc}
 428              	.L16:
 429              		.align	2
 430              	.L15:
 431 00e4 00000000 		.word	USBUART_backup
 432 00e8 80E100E0 		.word	-536813184
 433 00ec A5430040 		.word	1073759141
 434 00f0 B5430040 		.word	1073759157
 435 00f4 9D600040 		.word	1073766557
 436 00f8 94430040 		.word	1073759124
 437 00fc 09600040 		.word	1073766409
 438 0100 9E600040 		.word	1073766558
 439 0104 9C600040 		.word	1073766556
 440 0108 28600040 		.word	1073766440
 441 010c 08600040 		.word	1073766408
 442 0110 12600040 		.word	1073766418
 443              		.cfi_endproc
 444              	.LFE4:
 445              		.size	USBUART_Resume, .-USBUART_Resume
 446              		.text
 447              	.Letext0:
 448              		.file 2 "Generated_Source\\PSoC5\\cytypes.h"
 449              		.file 3 "Generated_Source\\PSoC5\\USBUART.h"
 450              		.section	.debug_info,"",%progbits
 451              	.Ldebug_info0:
 452 0000 89010000 		.4byte	0x189
 453 0004 0400     		.2byte	0x4
 454 0006 00000000 		.4byte	.Ldebug_abbrev0
 455 000a 04       		.byte	0x4
 456 000b 01       		.uleb128 0x1
 457 000c 98010000 		.4byte	.LASF28
 458 0010 0C       		.byte	0xc
 459 0011 57000000 		.4byte	.LASF29
 460 0015 36010000 		.4byte	.LASF30
 461 0019 00000000 		.4byte	.Ldebug_ranges0+0
 462 001d 00000000 		.4byte	0
 463 0021 00000000 		.4byte	.Ldebug_line0
 464 0025 02       		.uleb128 0x2
 465 0026 01       		.byte	0x1
 466 0027 06       		.byte	0x6
 467 0028 6D020000 		.4byte	.LASF0
 468 002c 02       		.uleb128 0x2
 469 002d 01       		.byte	0x1
ARM GAS  C:\Users\ingan\AppData\Local\Temp\ccTCrtaW.s 			page 15


 470 002e 08       		.byte	0x8
 471 002f 7B000000 		.4byte	.LASF1
 472 0033 02       		.uleb128 0x2
 473 0034 02       		.byte	0x2
 474 0035 05       		.byte	0x5
 475 0036 39020000 		.4byte	.LASF2
 476 003a 02       		.uleb128 0x2
 477 003b 02       		.byte	0x2
 478 003c 07       		.byte	0x7
 479 003d 15000000 		.4byte	.LASF3
 480 0041 02       		.uleb128 0x2
 481 0042 04       		.byte	0x4
 482 0043 05       		.byte	0x5
 483 0044 53020000 		.4byte	.LASF4
 484 0048 02       		.uleb128 0x2
 485 0049 04       		.byte	0x4
 486 004a 07       		.byte	0x7
 487 004b A4000000 		.4byte	.LASF5
 488 004f 02       		.uleb128 0x2
 489 0050 08       		.byte	0x8
 490 0051 05       		.byte	0x5
 491 0052 28010000 		.4byte	.LASF6
 492 0056 02       		.uleb128 0x2
 493 0057 08       		.byte	0x8
 494 0058 07       		.byte	0x7
 495 0059 03010000 		.4byte	.LASF7
 496 005d 03       		.uleb128 0x3
 497 005e 04       		.byte	0x4
 498 005f 05       		.byte	0x5
 499 0060 696E7400 		.ascii	"int\000"
 500 0064 02       		.uleb128 0x2
 501 0065 04       		.byte	0x4
 502 0066 07       		.byte	0x7
 503 0067 F6000000 		.4byte	.LASF8
 504 006b 04       		.uleb128 0x4
 505 006c B6000000 		.4byte	.LASF9
 506 0070 02       		.byte	0x2
 507 0071 E401     		.2byte	0x1e4
 508 0073 2C000000 		.4byte	0x2c
 509 0077 04       		.uleb128 0x4
 510 0078 E3000000 		.4byte	.LASF10
 511 007c 02       		.byte	0x2
 512 007d E601     		.2byte	0x1e6
 513 007f 48000000 		.4byte	0x48
 514 0083 02       		.uleb128 0x2
 515 0084 04       		.byte	0x4
 516 0085 04       		.byte	0x4
 517 0086 51000000 		.4byte	.LASF11
 518 008a 02       		.uleb128 0x2
 519 008b 08       		.byte	0x8
 520 008c 04       		.byte	0x4
 521 008d DC000000 		.4byte	.LASF12
 522 0091 02       		.uleb128 0x2
 523 0092 01       		.byte	0x1
 524 0093 08       		.byte	0x8
 525 0094 5C020000 		.4byte	.LASF13
 526 0098 04       		.uleb128 0x4
ARM GAS  C:\Users\ingan\AppData\Local\Temp\ccTCrtaW.s 			page 16


 527 0099 89000000 		.4byte	.LASF14
 528 009d 02       		.byte	0x2
 529 009e 8E02     		.2byte	0x28e
 530 00a0 A4000000 		.4byte	0xa4
 531 00a4 05       		.uleb128 0x5
 532 00a5 6B000000 		.4byte	0x6b
 533 00a9 04       		.uleb128 0x4
 534 00aa 0F000000 		.4byte	.LASF15
 535 00ae 02       		.byte	0x2
 536 00af 9002     		.2byte	0x290
 537 00b1 B5000000 		.4byte	0xb5
 538 00b5 05       		.uleb128 0x5
 539 00b6 77000000 		.4byte	0x77
 540 00ba 02       		.uleb128 0x2
 541 00bb 08       		.byte	0x8
 542 00bc 04       		.byte	0x4
 543 00bd 61020000 		.4byte	.LASF16
 544 00c1 02       		.uleb128 0x2
 545 00c2 04       		.byte	0x4
 546 00c3 07       		.byte	0x7
 547 00c4 1F010000 		.4byte	.LASF17
 548 00c8 06       		.uleb128 0x6
 549 00c9 02       		.byte	0x2
 550 00ca 03       		.byte	0x3
 551 00cb B8       		.byte	0xb8
 552 00cc E9000000 		.4byte	0xe9
 553 00d0 07       		.uleb128 0x7
 554 00d1 EA000000 		.4byte	.LASF18
 555 00d5 03       		.byte	0x3
 556 00d6 BA       		.byte	0xba
 557 00d7 6B000000 		.4byte	0x6b
 558 00db 00       		.byte	0
 559 00dc 07       		.uleb128 0x7
 560 00dd 1A010000 		.4byte	.LASF19
 561 00e1 03       		.byte	0x3
 562 00e2 BB       		.byte	0xbb
 563 00e3 6B000000 		.4byte	0x6b
 564 00e7 01       		.byte	0x1
 565 00e8 00       		.byte	0
 566 00e9 08       		.uleb128 0x8
 567 00ea 28000000 		.4byte	.LASF20
 568 00ee 03       		.byte	0x3
 569 00ef BF       		.byte	0xbf
 570 00f0 C8000000 		.4byte	0xc8
 571 00f4 09       		.uleb128 0x9
 572 00f5 00000000 		.4byte	.LASF21
 573 00f9 01       		.byte	0x1
 574 00fa 2B       		.byte	0x2b
 575 00fb 00000000 		.4byte	.LFB0
 576 00ff 0C000000 		.4byte	.LFE0-.LFB0
 577 0103 01       		.uleb128 0x1
 578 0104 9C       		.byte	0x9c
 579 0105 0A       		.uleb128 0xa
 580 0106 3E000000 		.4byte	.LASF22
 581 010a 01       		.byte	0x1
 582 010b 48       		.byte	0x48
 583 010c 00000000 		.4byte	.LFB1
ARM GAS  C:\Users\ingan\AppData\Local\Temp\ccTCrtaW.s 			page 17


 584 0110 0C000000 		.4byte	.LFE1-.LFB1
 585 0114 01       		.uleb128 0x1
 586 0115 9C       		.byte	0x9c
 587 0116 09       		.uleb128 0x9
 588 0117 8E000000 		.4byte	.LASF23
 589 011b 01       		.byte	0x1
 590 011c 58       		.byte	0x58
 591 011d 00000000 		.4byte	.LFB2
 592 0121 20000000 		.4byte	.LFE2-.LFB2
 593 0125 01       		.uleb128 0x1
 594 0126 9C       		.byte	0x9c
 595 0127 0B       		.uleb128 0xb
 596 0128 43020000 		.4byte	.LASF24
 597 012c 01       		.byte	0x1
 598 012d 7B       		.byte	0x7b
 599 012e 00000000 		.4byte	.LFB3
 600 0132 24010000 		.4byte	.LFE3-.LFB3
 601 0136 01       		.uleb128 0x1
 602 0137 9C       		.byte	0x9c
 603 0138 4B010000 		.4byte	0x14b
 604 013c 0C       		.uleb128 0xc
 605 013d BC000000 		.4byte	.LASF26
 606 0141 01       		.byte	0x1
 607 0142 7D       		.byte	0x7d
 608 0143 6B000000 		.4byte	0x6b
 609 0147 02       		.uleb128 0x2
 610 0148 91       		.byte	0x91
 611 0149 77       		.sleb128 -9
 612 014a 00       		.byte	0
 613 014b 0B       		.uleb128 0xb
 614 014c 79020000 		.4byte	.LASF25
 615 0150 01       		.byte	0x1
 616 0151 E3       		.byte	0xe3
 617 0152 00000000 		.4byte	.LFB4
 618 0156 14010000 		.4byte	.LFE4-.LFB4
 619 015a 01       		.uleb128 0x1
 620 015b 9C       		.byte	0x9c
 621 015c 6F010000 		.4byte	0x16f
 622 0160 0C       		.uleb128 0xc
 623 0161 BC000000 		.4byte	.LASF26
 624 0165 01       		.byte	0x1
 625 0166 E5       		.byte	0xe5
 626 0167 6B000000 		.4byte	0x6b
 627 016b 02       		.uleb128 0x2
 628 016c 91       		.byte	0x91
 629 016d 77       		.sleb128 -9
 630 016e 00       		.byte	0
 631 016f 0C       		.uleb128 0xc
 632 0170 CD000000 		.4byte	.LASF27
 633 0174 01       		.byte	0x1
 634 0175 20       		.byte	0x20
 635 0176 E9000000 		.4byte	0xe9
 636 017a 05       		.uleb128 0x5
 637 017b 03       		.byte	0x3
 638 017c 00000000 		.4byte	USBUART_backup
 639 0180 0D       		.uleb128 0xd
 640 0181 82010000 		.4byte	.LASF31
ARM GAS  C:\Users\ingan\AppData\Local\Temp\ccTCrtaW.s 			page 18


 641 0185 03       		.byte	0x3
 642 0186 D402     		.2byte	0x2d4
 643 0188 A4000000 		.4byte	0xa4
 644 018c 00       		.byte	0
 645              		.section	.debug_abbrev,"",%progbits
 646              	.Ldebug_abbrev0:
 647 0000 01       		.uleb128 0x1
 648 0001 11       		.uleb128 0x11
 649 0002 01       		.byte	0x1
 650 0003 25       		.uleb128 0x25
 651 0004 0E       		.uleb128 0xe
 652 0005 13       		.uleb128 0x13
 653 0006 0B       		.uleb128 0xb
 654 0007 03       		.uleb128 0x3
 655 0008 0E       		.uleb128 0xe
 656 0009 1B       		.uleb128 0x1b
 657 000a 0E       		.uleb128 0xe
 658 000b 55       		.uleb128 0x55
 659 000c 17       		.uleb128 0x17
 660 000d 11       		.uleb128 0x11
 661 000e 01       		.uleb128 0x1
 662 000f 10       		.uleb128 0x10
 663 0010 17       		.uleb128 0x17
 664 0011 00       		.byte	0
 665 0012 00       		.byte	0
 666 0013 02       		.uleb128 0x2
 667 0014 24       		.uleb128 0x24
 668 0015 00       		.byte	0
 669 0016 0B       		.uleb128 0xb
 670 0017 0B       		.uleb128 0xb
 671 0018 3E       		.uleb128 0x3e
 672 0019 0B       		.uleb128 0xb
 673 001a 03       		.uleb128 0x3
 674 001b 0E       		.uleb128 0xe
 675 001c 00       		.byte	0
 676 001d 00       		.byte	0
 677 001e 03       		.uleb128 0x3
 678 001f 24       		.uleb128 0x24
 679 0020 00       		.byte	0
 680 0021 0B       		.uleb128 0xb
 681 0022 0B       		.uleb128 0xb
 682 0023 3E       		.uleb128 0x3e
 683 0024 0B       		.uleb128 0xb
 684 0025 03       		.uleb128 0x3
 685 0026 08       		.uleb128 0x8
 686 0027 00       		.byte	0
 687 0028 00       		.byte	0
 688 0029 04       		.uleb128 0x4
 689 002a 16       		.uleb128 0x16
 690 002b 00       		.byte	0
 691 002c 03       		.uleb128 0x3
 692 002d 0E       		.uleb128 0xe
 693 002e 3A       		.uleb128 0x3a
 694 002f 0B       		.uleb128 0xb
 695 0030 3B       		.uleb128 0x3b
 696 0031 05       		.uleb128 0x5
 697 0032 49       		.uleb128 0x49
ARM GAS  C:\Users\ingan\AppData\Local\Temp\ccTCrtaW.s 			page 19


 698 0033 13       		.uleb128 0x13
 699 0034 00       		.byte	0
 700 0035 00       		.byte	0
 701 0036 05       		.uleb128 0x5
 702 0037 35       		.uleb128 0x35
 703 0038 00       		.byte	0
 704 0039 49       		.uleb128 0x49
 705 003a 13       		.uleb128 0x13
 706 003b 00       		.byte	0
 707 003c 00       		.byte	0
 708 003d 06       		.uleb128 0x6
 709 003e 13       		.uleb128 0x13
 710 003f 01       		.byte	0x1
 711 0040 0B       		.uleb128 0xb
 712 0041 0B       		.uleb128 0xb
 713 0042 3A       		.uleb128 0x3a
 714 0043 0B       		.uleb128 0xb
 715 0044 3B       		.uleb128 0x3b
 716 0045 0B       		.uleb128 0xb
 717 0046 01       		.uleb128 0x1
 718 0047 13       		.uleb128 0x13
 719 0048 00       		.byte	0
 720 0049 00       		.byte	0
 721 004a 07       		.uleb128 0x7
 722 004b 0D       		.uleb128 0xd
 723 004c 00       		.byte	0
 724 004d 03       		.uleb128 0x3
 725 004e 0E       		.uleb128 0xe
 726 004f 3A       		.uleb128 0x3a
 727 0050 0B       		.uleb128 0xb
 728 0051 3B       		.uleb128 0x3b
 729 0052 0B       		.uleb128 0xb
 730 0053 49       		.uleb128 0x49
 731 0054 13       		.uleb128 0x13
 732 0055 38       		.uleb128 0x38
 733 0056 0B       		.uleb128 0xb
 734 0057 00       		.byte	0
 735 0058 00       		.byte	0
 736 0059 08       		.uleb128 0x8
 737 005a 16       		.uleb128 0x16
 738 005b 00       		.byte	0
 739 005c 03       		.uleb128 0x3
 740 005d 0E       		.uleb128 0xe
 741 005e 3A       		.uleb128 0x3a
 742 005f 0B       		.uleb128 0xb
 743 0060 3B       		.uleb128 0x3b
 744 0061 0B       		.uleb128 0xb
 745 0062 49       		.uleb128 0x49
 746 0063 13       		.uleb128 0x13
 747 0064 00       		.byte	0
 748 0065 00       		.byte	0
 749 0066 09       		.uleb128 0x9
 750 0067 2E       		.uleb128 0x2e
 751 0068 00       		.byte	0
 752 0069 3F       		.uleb128 0x3f
 753 006a 19       		.uleb128 0x19
 754 006b 03       		.uleb128 0x3
ARM GAS  C:\Users\ingan\AppData\Local\Temp\ccTCrtaW.s 			page 20


 755 006c 0E       		.uleb128 0xe
 756 006d 3A       		.uleb128 0x3a
 757 006e 0B       		.uleb128 0xb
 758 006f 3B       		.uleb128 0x3b
 759 0070 0B       		.uleb128 0xb
 760 0071 27       		.uleb128 0x27
 761 0072 19       		.uleb128 0x19
 762 0073 11       		.uleb128 0x11
 763 0074 01       		.uleb128 0x1
 764 0075 12       		.uleb128 0x12
 765 0076 06       		.uleb128 0x6
 766 0077 40       		.uleb128 0x40
 767 0078 18       		.uleb128 0x18
 768 0079 9642     		.uleb128 0x2116
 769 007b 19       		.uleb128 0x19
 770 007c 00       		.byte	0
 771 007d 00       		.byte	0
 772 007e 0A       		.uleb128 0xa
 773 007f 2E       		.uleb128 0x2e
 774 0080 00       		.byte	0
 775 0081 3F       		.uleb128 0x3f
 776 0082 19       		.uleb128 0x19
 777 0083 03       		.uleb128 0x3
 778 0084 0E       		.uleb128 0xe
 779 0085 3A       		.uleb128 0x3a
 780 0086 0B       		.uleb128 0xb
 781 0087 3B       		.uleb128 0x3b
 782 0088 0B       		.uleb128 0xb
 783 0089 27       		.uleb128 0x27
 784 008a 19       		.uleb128 0x19
 785 008b 11       		.uleb128 0x11
 786 008c 01       		.uleb128 0x1
 787 008d 12       		.uleb128 0x12
 788 008e 06       		.uleb128 0x6
 789 008f 40       		.uleb128 0x40
 790 0090 18       		.uleb128 0x18
 791 0091 9742     		.uleb128 0x2117
 792 0093 19       		.uleb128 0x19
 793 0094 00       		.byte	0
 794 0095 00       		.byte	0
 795 0096 0B       		.uleb128 0xb
 796 0097 2E       		.uleb128 0x2e
 797 0098 01       		.byte	0x1
 798 0099 3F       		.uleb128 0x3f
 799 009a 19       		.uleb128 0x19
 800 009b 03       		.uleb128 0x3
 801 009c 0E       		.uleb128 0xe
 802 009d 3A       		.uleb128 0x3a
 803 009e 0B       		.uleb128 0xb
 804 009f 3B       		.uleb128 0x3b
 805 00a0 0B       		.uleb128 0xb
 806 00a1 27       		.uleb128 0x27
 807 00a2 19       		.uleb128 0x19
 808 00a3 11       		.uleb128 0x11
 809 00a4 01       		.uleb128 0x1
 810 00a5 12       		.uleb128 0x12
 811 00a6 06       		.uleb128 0x6
ARM GAS  C:\Users\ingan\AppData\Local\Temp\ccTCrtaW.s 			page 21


 812 00a7 40       		.uleb128 0x40
 813 00a8 18       		.uleb128 0x18
 814 00a9 9642     		.uleb128 0x2116
 815 00ab 19       		.uleb128 0x19
 816 00ac 01       		.uleb128 0x1
 817 00ad 13       		.uleb128 0x13
 818 00ae 00       		.byte	0
 819 00af 00       		.byte	0
 820 00b0 0C       		.uleb128 0xc
 821 00b1 34       		.uleb128 0x34
 822 00b2 00       		.byte	0
 823 00b3 03       		.uleb128 0x3
 824 00b4 0E       		.uleb128 0xe
 825 00b5 3A       		.uleb128 0x3a
 826 00b6 0B       		.uleb128 0xb
 827 00b7 3B       		.uleb128 0x3b
 828 00b8 0B       		.uleb128 0xb
 829 00b9 49       		.uleb128 0x49
 830 00ba 13       		.uleb128 0x13
 831 00bb 02       		.uleb128 0x2
 832 00bc 18       		.uleb128 0x18
 833 00bd 00       		.byte	0
 834 00be 00       		.byte	0
 835 00bf 0D       		.uleb128 0xd
 836 00c0 34       		.uleb128 0x34
 837 00c1 00       		.byte	0
 838 00c2 03       		.uleb128 0x3
 839 00c3 0E       		.uleb128 0xe
 840 00c4 3A       		.uleb128 0x3a
 841 00c5 0B       		.uleb128 0xb
 842 00c6 3B       		.uleb128 0x3b
 843 00c7 05       		.uleb128 0x5
 844 00c8 49       		.uleb128 0x49
 845 00c9 13       		.uleb128 0x13
 846 00ca 3F       		.uleb128 0x3f
 847 00cb 19       		.uleb128 0x19
 848 00cc 3C       		.uleb128 0x3c
 849 00cd 19       		.uleb128 0x19
 850 00ce 00       		.byte	0
 851 00cf 00       		.byte	0
 852 00d0 00       		.byte	0
 853              		.section	.debug_aranges,"",%progbits
 854 0000 3C000000 		.4byte	0x3c
 855 0004 0200     		.2byte	0x2
 856 0006 00000000 		.4byte	.Ldebug_info0
 857 000a 04       		.byte	0x4
 858 000b 00       		.byte	0
 859 000c 0000     		.2byte	0
 860 000e 0000     		.2byte	0
 861 0010 00000000 		.4byte	.LFB0
 862 0014 0C000000 		.4byte	.LFE0-.LFB0
 863 0018 00000000 		.4byte	.LFB1
 864 001c 0C000000 		.4byte	.LFE1-.LFB1
 865 0020 00000000 		.4byte	.LFB2
 866 0024 20000000 		.4byte	.LFE2-.LFB2
 867 0028 00000000 		.4byte	.LFB3
 868 002c 24010000 		.4byte	.LFE3-.LFB3
ARM GAS  C:\Users\ingan\AppData\Local\Temp\ccTCrtaW.s 			page 22


 869 0030 00000000 		.4byte	.LFB4
 870 0034 14010000 		.4byte	.LFE4-.LFB4
 871 0038 00000000 		.4byte	0
 872 003c 00000000 		.4byte	0
 873              		.section	.debug_ranges,"",%progbits
 874              	.Ldebug_ranges0:
 875 0000 00000000 		.4byte	.LFB0
 876 0004 0C000000 		.4byte	.LFE0
 877 0008 00000000 		.4byte	.LFB1
 878 000c 0C000000 		.4byte	.LFE1
 879 0010 00000000 		.4byte	.LFB2
 880 0014 20000000 		.4byte	.LFE2
 881 0018 00000000 		.4byte	.LFB3
 882 001c 24010000 		.4byte	.LFE3
 883 0020 00000000 		.4byte	.LFB4
 884 0024 14010000 		.4byte	.LFE4
 885 0028 00000000 		.4byte	0
 886 002c 00000000 		.4byte	0
 887              		.section	.debug_line,"",%progbits
 888              	.Ldebug_line0:
 889 0000 E3000000 		.section	.debug_str,"MS",%progbits,1
 889      02005400 
 889      00000201 
 889      FB0E0D00 
 889      01010101 
 890              	.LASF21:
 891 0000 55534255 		.ascii	"USBUART_DP_ISR\000"
 891      4152545F 
 891      44505F49 
 891      535200
 892              	.LASF15:
 893 000f 72656733 		.ascii	"reg32\000"
 893      3200
 894              	.LASF3:
 895 0015 73686F72 		.ascii	"short unsigned int\000"
 895      7420756E 
 895      7369676E 
 895      65642069 
 895      6E7400
 896              	.LASF20:
 897 0028 55534255 		.ascii	"USBUART_BACKUP_STRUCT\000"
 897      4152545F 
 897      4241434B 
 897      55505F53 
 897      54525543 
 898              	.LASF22:
 899 003e 55534255 		.ascii	"USBUART_SaveConfig\000"
 899      4152545F 
 899      53617665 
 899      436F6E66 
 899      696700
 900              	.LASF11:
 901 0051 666C6F61 		.ascii	"float\000"
 901      7400
 902              	.LASF29:
 903 0057 47656E65 		.ascii	"Generated_Source\\PSoC5\\USBUART_pm.c\000"
 903      72617465 
ARM GAS  C:\Users\ingan\AppData\Local\Temp\ccTCrtaW.s 			page 23


 903      645F536F 
 903      75726365 
 903      5C50536F 
 904              	.LASF1:
 905 007b 756E7369 		.ascii	"unsigned char\000"
 905      676E6564 
 905      20636861 
 905      7200
 906              	.LASF14:
 907 0089 72656738 		.ascii	"reg8\000"
 907      00
 908              	.LASF23:
 909 008e 55534255 		.ascii	"USBUART_RestoreConfig\000"
 909      4152545F 
 909      52657374 
 909      6F726543 
 909      6F6E6669 
 910              	.LASF5:
 911 00a4 6C6F6E67 		.ascii	"long unsigned int\000"
 911      20756E73 
 911      69676E65 
 911      6420696E 
 911      7400
 912              	.LASF9:
 913 00b6 75696E74 		.ascii	"uint8\000"
 913      3800
 914              	.LASF26:
 915 00bc 656E6162 		.ascii	"enableInterrupts\000"
 915      6C65496E 
 915      74657272 
 915      75707473 
 915      00
 916              	.LASF27:
 917 00cd 55534255 		.ascii	"USBUART_backup\000"
 917      4152545F 
 917      6261636B 
 917      757000
 918              	.LASF12:
 919 00dc 646F7562 		.ascii	"double\000"
 919      6C6500
 920              	.LASF10:
 921 00e3 75696E74 		.ascii	"uint32\000"
 921      333200
 922              	.LASF18:
 923 00ea 656E6162 		.ascii	"enableState\000"
 923      6C655374 
 923      61746500 
 924              	.LASF8:
 925 00f6 756E7369 		.ascii	"unsigned int\000"
 925      676E6564 
 925      20696E74 
 925      00
 926              	.LASF7:
 927 0103 6C6F6E67 		.ascii	"long long unsigned int\000"
 927      206C6F6E 
 927      6720756E 
 927      7369676E 
ARM GAS  C:\Users\ingan\AppData\Local\Temp\ccTCrtaW.s 			page 24


 927      65642069 
 928              	.LASF19:
 929 011a 6D6F6465 		.ascii	"mode\000"
 929      00
 930              	.LASF17:
 931 011f 73697A65 		.ascii	"sizetype\000"
 931      74797065 
 931      00
 932              	.LASF6:
 933 0128 6C6F6E67 		.ascii	"long long int\000"
 933      206C6F6E 
 933      6720696E 
 933      7400
 934              	.LASF30:
 935 0136 433A5C55 		.ascii	"C:\\Users\\ingan\\Documents\\PSoC Creator\\MegaDriv"
 935      73657273 
 935      5C696E67 
 935      616E5C44 
 935      6F63756D 
 936 0164 655F706C 		.ascii	"e_player\\VGMPlayer_v0.6.cydsn\000"
 936      61796572 
 936      5C56474D 
 936      506C6179 
 936      65725F76 
 937              	.LASF31:
 938 0182 55534255 		.ascii	"USBUART_configuration\000"
 938      4152545F 
 938      636F6E66 
 938      69677572 
 938      6174696F 
 939              	.LASF28:
 940 0198 474E5520 		.ascii	"GNU C11 5.4.1 20160609 (release) [ARM/embedded-5-br"
 940      43313120 
 940      352E342E 
 940      31203230 
 940      31363036 
 941 01cb 616E6368 		.ascii	"anch revision 237715] -mcpu=cortex-m3 -mthumb -g -O"
 941      20726576 
 941      6973696F 
 941      6E203233 
 941      37373135 
 942 01fe 30202D66 		.ascii	"0 -ffunction-sections -ffat-lto-objects -finline-fu"
 942      66756E63 
 942      74696F6E 
 942      2D736563 
 942      74696F6E 
 943 0231 6E637469 		.ascii	"nctions\000"
 943      6F6E7300 
 944              	.LASF2:
 945 0239 73686F72 		.ascii	"short int\000"
 945      7420696E 
 945      7400
 946              	.LASF24:
 947 0243 55534255 		.ascii	"USBUART_Suspend\000"
 947      4152545F 
 947      53757370 
 947      656E6400 
ARM GAS  C:\Users\ingan\AppData\Local\Temp\ccTCrtaW.s 			page 25


 948              	.LASF4:
 949 0253 6C6F6E67 		.ascii	"long int\000"
 949      20696E74 
 949      00
 950              	.LASF13:
 951 025c 63686172 		.ascii	"char\000"
 951      00
 952              	.LASF16:
 953 0261 6C6F6E67 		.ascii	"long double\000"
 953      20646F75 
 953      626C6500 
 954              	.LASF0:
 955 026d 7369676E 		.ascii	"signed char\000"
 955      65642063 
 955      68617200 
 956              	.LASF25:
 957 0279 55534255 		.ascii	"USBUART_Resume\000"
 957      4152545F 
 957      52657375 
 957      6D6500
 958              		.ident	"GCC: (GNU Tools for ARM Embedded Processors) 5.4.1 20160609 (release) [ARM/embedded-5-bran
