ARM GAS  C:\Users\ingan\AppData\Local\Temp\cccwnRdd.s 			page 1


   1              		.syntax unified
   2              		.cpu cortex-m3
   3              		.fpu softvfp
   4              		.eabi_attribute 20, 1
   5              		.eabi_attribute 21, 1
   6              		.eabi_attribute 23, 3
   7              		.eabi_attribute 24, 1
   8              		.eabi_attribute 25, 1
   9              		.eabi_attribute 26, 1
  10              		.eabi_attribute 30, 6
  11              		.eabi_attribute 34, 1
  12              		.eabi_attribute 18, 4
  13              		.thumb
  14              		.syntax unified
  15              		.file	"USBUART_vnd.c"
  16              		.text
  17              	.Ltext0:
  18              		.cfi_sections	.debug_frame
  19              		.section	.text.USBUART_HandleVendorRqst,"ax",%progbits
  20              		.align	2
  21              		.global	USBUART_HandleVendorRqst
  22              		.thumb
  23              		.thumb_func
  24              		.type	USBUART_HandleVendorRqst, %function
  25              	USBUART_HandleVendorRqst:
  26              	.LFB0:
  27              		.file 1 "Generated_Source\\PSoC5\\USBUART_vnd.c"
   1:Generated_Source\PSoC5/USBUART_vnd.c **** /***************************************************************************//**
   2:Generated_Source\PSoC5/USBUART_vnd.c **** * \file USBUART_vnd.c
   3:Generated_Source\PSoC5/USBUART_vnd.c **** * \version 3.20
   4:Generated_Source\PSoC5/USBUART_vnd.c **** *
   5:Generated_Source\PSoC5/USBUART_vnd.c **** * \brief
   6:Generated_Source\PSoC5/USBUART_vnd.c **** *  This file contains the  USB vendor request handler.
   7:Generated_Source\PSoC5/USBUART_vnd.c **** *
   8:Generated_Source\PSoC5/USBUART_vnd.c **** ********************************************************************************
   9:Generated_Source\PSoC5/USBUART_vnd.c **** * \copyright
  10:Generated_Source\PSoC5/USBUART_vnd.c **** * Copyright 2008-2016, Cypress Semiconductor Corporation.  All rights reserved.
  11:Generated_Source\PSoC5/USBUART_vnd.c **** * You may use this file only in accordance with the license, terms, conditions,
  12:Generated_Source\PSoC5/USBUART_vnd.c **** * disclaimers, and limitations in the end user license agreement accompanying
  13:Generated_Source\PSoC5/USBUART_vnd.c **** * the software package with which this file was provided.
  14:Generated_Source\PSoC5/USBUART_vnd.c **** *******************************************************************************/
  15:Generated_Source\PSoC5/USBUART_vnd.c **** 
  16:Generated_Source\PSoC5/USBUART_vnd.c **** #include "USBUART_pvt.h"
  17:Generated_Source\PSoC5/USBUART_vnd.c **** #include "cyapicallbacks.h"
  18:Generated_Source\PSoC5/USBUART_vnd.c **** 
  19:Generated_Source\PSoC5/USBUART_vnd.c **** #if(USBUART_EXTERN_VND == USBUART_FALSE)
  20:Generated_Source\PSoC5/USBUART_vnd.c **** 
  21:Generated_Source\PSoC5/USBUART_vnd.c **** /***************************************
  22:Generated_Source\PSoC5/USBUART_vnd.c **** * Vendor Specific Declarations
  23:Generated_Source\PSoC5/USBUART_vnd.c **** ***************************************/
  24:Generated_Source\PSoC5/USBUART_vnd.c **** 
  25:Generated_Source\PSoC5/USBUART_vnd.c **** /* `#START VENDOR_SPECIFIC_DECLARATIONS` Place your declaration here */
  26:Generated_Source\PSoC5/USBUART_vnd.c **** 
  27:Generated_Source\PSoC5/USBUART_vnd.c **** /* `#END` */
  28:Generated_Source\PSoC5/USBUART_vnd.c **** 
  29:Generated_Source\PSoC5/USBUART_vnd.c **** 
  30:Generated_Source\PSoC5/USBUART_vnd.c **** /*******************************************************************************
ARM GAS  C:\Users\ingan\AppData\Local\Temp\cccwnRdd.s 			page 2


  31:Generated_Source\PSoC5/USBUART_vnd.c **** * Function Name: USBUART_HandleVendorRqst
  32:Generated_Source\PSoC5/USBUART_vnd.c **** ****************************************************************************//**
  33:Generated_Source\PSoC5/USBUART_vnd.c **** *
  34:Generated_Source\PSoC5/USBUART_vnd.c **** *  This routine provide users with a method to implement vendor specific
  35:Generated_Source\PSoC5/USBUART_vnd.c **** *  requests.
  36:Generated_Source\PSoC5/USBUART_vnd.c **** *
  37:Generated_Source\PSoC5/USBUART_vnd.c **** *  To implement vendor specific requests, add your code in this function to
  38:Generated_Source\PSoC5/USBUART_vnd.c **** *  decode and disposition the request.  If the request is handled, your code
  39:Generated_Source\PSoC5/USBUART_vnd.c **** *  must set the variable "requestHandled" to TRUE, indicating that the
  40:Generated_Source\PSoC5/USBUART_vnd.c **** *  request has been handled.
  41:Generated_Source\PSoC5/USBUART_vnd.c **** *
  42:Generated_Source\PSoC5/USBUART_vnd.c **** * \return
  43:Generated_Source\PSoC5/USBUART_vnd.c **** *  requestHandled.
  44:Generated_Source\PSoC5/USBUART_vnd.c **** *
  45:Generated_Source\PSoC5/USBUART_vnd.c **** * \reentrant
  46:Generated_Source\PSoC5/USBUART_vnd.c **** *  No.
  47:Generated_Source\PSoC5/USBUART_vnd.c **** *
  48:Generated_Source\PSoC5/USBUART_vnd.c **** *******************************************************************************/
  49:Generated_Source\PSoC5/USBUART_vnd.c **** uint8 USBUART_HandleVendorRqst(void) 
  50:Generated_Source\PSoC5/USBUART_vnd.c **** {
  28              		.loc 1 50 0
  29              		.cfi_startproc
  30              		@ args = 0, pretend = 0, frame = 8
  31              		@ frame_needed = 1, uses_anonymous_args = 0
  32              		@ link register save eliminated.
  33 0000 80B4     		push	{r7}
  34              		.cfi_def_cfa_offset 4
  35              		.cfi_offset 7, -4
  36 0002 83B0     		sub	sp, sp, #12
  37              		.cfi_def_cfa_offset 16
  38 0004 00AF     		add	r7, sp, #0
  39              		.cfi_def_cfa_register 7
  51:Generated_Source\PSoC5/USBUART_vnd.c ****     uint8 requestHandled = USBUART_FALSE;
  40              		.loc 1 51 0
  41 0006 0023     		movs	r3, #0
  42 0008 FB71     		strb	r3, [r7, #7]
  52:Generated_Source\PSoC5/USBUART_vnd.c **** 
  53:Generated_Source\PSoC5/USBUART_vnd.c ****     /* Check request direction: D2H or H2D. */
  54:Generated_Source\PSoC5/USBUART_vnd.c ****     if (0u != (USBUART_bmRequestTypeReg & USBUART_RQST_DIR_D2H))
  43              		.loc 1 54 0
  44 000a 094B     		ldr	r3, .L7
  45 000c 1B78     		ldrb	r3, [r3]
  46 000e DBB2     		uxtb	r3, r3
  47 0010 5BB2     		sxtb	r3, r3
  48 0012 002B     		cmp	r3, #0
  49 0014 06DA     		bge	.L2
  55:Generated_Source\PSoC5/USBUART_vnd.c ****     {
  56:Generated_Source\PSoC5/USBUART_vnd.c ****         /* Handle direction from device to host. */
  57:Generated_Source\PSoC5/USBUART_vnd.c ****         
  58:Generated_Source\PSoC5/USBUART_vnd.c ****         switch (USBUART_bRequestReg)
  50              		.loc 1 58 0
  51 0016 064B     		ldr	r3, .L7
  52 0018 5B78     		ldrb	r3, [r3, #1]
  53 001a DBB2     		uxtb	r3, r3
  54 001c 012B     		cmp	r3, #1
  55 001e 00D0     		beq	.L6
  59:Generated_Source\PSoC5/USBUART_vnd.c ****         {
ARM GAS  C:\Users\ingan\AppData\Local\Temp\cccwnRdd.s 			page 3


  60:Generated_Source\PSoC5/USBUART_vnd.c ****             case USBUART_GET_EXTENDED_CONFIG_DESCRIPTOR:
  61:Generated_Source\PSoC5/USBUART_vnd.c ****             #if defined(USBUART_ENABLE_MSOS_STRING)
  62:Generated_Source\PSoC5/USBUART_vnd.c ****                 USBUART_currentTD.pData = (volatile uint8 *) &USBUART_MSOS_CONFIGURATION_DESCR[0u];
  63:Generated_Source\PSoC5/USBUART_vnd.c ****                 USBUART_currentTD.count = USBUART_MSOS_CONFIGURATION_DESCR[0u];
  64:Generated_Source\PSoC5/USBUART_vnd.c ****                 requestHandled  = USBUART_InitControlRead();
  65:Generated_Source\PSoC5/USBUART_vnd.c ****             #endif /* (USBUART_ENABLE_MSOS_STRING) */
  66:Generated_Source\PSoC5/USBUART_vnd.c ****                 break;
  67:Generated_Source\PSoC5/USBUART_vnd.c ****             
  68:Generated_Source\PSoC5/USBUART_vnd.c ****             default:
  69:Generated_Source\PSoC5/USBUART_vnd.c ****                 break;
  56              		.loc 1 69 0
  57 0020 00E0     		b	.L2
  58              	.L6:
  66:Generated_Source\PSoC5/USBUART_vnd.c ****             
  59              		.loc 1 66 0
  60 0022 00BF     		nop
  61              	.L2:
  70:Generated_Source\PSoC5/USBUART_vnd.c ****         }
  71:Generated_Source\PSoC5/USBUART_vnd.c ****     }
  72:Generated_Source\PSoC5/USBUART_vnd.c **** 
  73:Generated_Source\PSoC5/USBUART_vnd.c ****     /* `#START VENDOR_SPECIFIC_CODE` Place your vendor specific request here */
  74:Generated_Source\PSoC5/USBUART_vnd.c **** 
  75:Generated_Source\PSoC5/USBUART_vnd.c ****     /* `#END` */
  76:Generated_Source\PSoC5/USBUART_vnd.c **** 
  77:Generated_Source\PSoC5/USBUART_vnd.c **** #ifdef USBUART_HANDLE_VENDOR_RQST_CALLBACK
  78:Generated_Source\PSoC5/USBUART_vnd.c ****     if (USBUART_FALSE == requestHandled)
  79:Generated_Source\PSoC5/USBUART_vnd.c ****     {
  80:Generated_Source\PSoC5/USBUART_vnd.c ****         requestHandled = USBUART_HandleVendorRqst_Callback();
  81:Generated_Source\PSoC5/USBUART_vnd.c ****     }
  82:Generated_Source\PSoC5/USBUART_vnd.c **** #endif /* (USBUART_HANDLE_VENDOR_RQST_CALLBACK) */
  83:Generated_Source\PSoC5/USBUART_vnd.c **** 
  84:Generated_Source\PSoC5/USBUART_vnd.c ****     return (requestHandled);
  62              		.loc 1 84 0
  63 0024 FB79     		ldrb	r3, [r7, #7]	@ zero_extendqisi2
  85:Generated_Source\PSoC5/USBUART_vnd.c **** }
  64              		.loc 1 85 0
  65 0026 1846     		mov	r0, r3
  66 0028 0C37     		adds	r7, r7, #12
  67              		.cfi_def_cfa_offset 4
  68 002a BD46     		mov	sp, r7
  69              		.cfi_def_cfa_register 13
  70              		@ sp needed
  71 002c 80BC     		pop	{r7}
  72              		.cfi_restore 7
  73              		.cfi_def_cfa_offset 0
  74 002e 7047     		bx	lr
  75              	.L8:
  76              		.align	2
  77              	.L7:
  78 0030 00600040 		.word	1073766400
  79              		.cfi_endproc
  80              	.LFE0:
  81              		.size	USBUART_HandleVendorRqst, .-USBUART_HandleVendorRqst
  82              		.text
  83              	.Letext0:
  84              		.file 2 "Generated_Source\\PSoC5\\cytypes.h"
  85              		.file 3 "Generated_Source\\PSoC5\\USBUART.h"
ARM GAS  C:\Users\ingan\AppData\Local\Temp\cccwnRdd.s 			page 4


  86              		.section	.debug_info,"",%progbits
  87              	.Ldebug_info0:
  88 0000 EB000000 		.4byte	0xeb
  89 0004 0400     		.2byte	0x4
  90 0006 00000000 		.4byte	.Ldebug_abbrev0
  91 000a 04       		.byte	0x4
  92 000b 01       		.uleb128 0x1
  93 000c 0E000000 		.4byte	.LASF16
  94 0010 0C       		.byte	0xc
  95 0011 DC010000 		.4byte	.LASF17
  96 0015 E2000000 		.4byte	.LASF18
  97 0019 00000000 		.4byte	.Ldebug_ranges0+0
  98 001d 00000000 		.4byte	0
  99 0021 00000000 		.4byte	.Ldebug_line0
 100 0025 02       		.uleb128 0x2
 101 0026 01       		.byte	0x1
 102 0027 06       		.byte	0x6
 103 0028 BA010000 		.4byte	.LASF0
 104 002c 02       		.uleb128 0x2
 105 002d 01       		.byte	0x1
 106 002e 08       		.byte	0x8
 107 002f BC000000 		.4byte	.LASF1
 108 0033 02       		.uleb128 0x2
 109 0034 02       		.byte	0x2
 110 0035 05       		.byte	0x5
 111 0036 D2010000 		.4byte	.LASF2
 112 003a 02       		.uleb128 0x2
 113 003b 02       		.byte	0x2
 114 003c 07       		.byte	0x7
 115 003d A7010000 		.4byte	.LASF3
 116 0041 02       		.uleb128 0x2
 117 0042 04       		.byte	0x4
 118 0043 05       		.byte	0x5
 119 0044 90010000 		.4byte	.LASF4
 120 0048 02       		.uleb128 0x2
 121 0049 04       		.byte	0x4
 122 004a 07       		.byte	0x7
 123 004b 34010000 		.4byte	.LASF5
 124 004f 02       		.uleb128 0x2
 125 0050 08       		.byte	0x8
 126 0051 05       		.byte	0x5
 127 0052 00000000 		.4byte	.LASF6
 128 0056 02       		.uleb128 0x2
 129 0057 08       		.byte	0x8
 130 0058 07       		.byte	0x7
 131 0059 55010000 		.4byte	.LASF7
 132 005d 03       		.uleb128 0x3
 133 005e 04       		.byte	0x4
 134 005f 05       		.byte	0x5
 135 0060 696E7400 		.ascii	"int\000"
 136 0064 02       		.uleb128 0x2
 137 0065 04       		.byte	0x4
 138 0066 07       		.byte	0x7
 139 0067 AF000000 		.4byte	.LASF8
 140 006b 04       		.uleb128 0x4
 141 006c 2E010000 		.4byte	.LASF14
 142 0070 02       		.byte	0x2
ARM GAS  C:\Users\ingan\AppData\Local\Temp\cccwnRdd.s 			page 5


 143 0071 E401     		.2byte	0x1e4
 144 0073 2C000000 		.4byte	0x2c
 145 0077 02       		.uleb128 0x2
 146 0078 04       		.byte	0x4
 147 0079 04       		.byte	0x4
 148 007a 6C010000 		.4byte	.LASF9
 149 007e 02       		.uleb128 0x2
 150 007f 08       		.byte	0x8
 151 0080 04       		.byte	0x4
 152 0081 99010000 		.4byte	.LASF10
 153 0085 02       		.uleb128 0x2
 154 0086 01       		.byte	0x1
 155 0087 08       		.byte	0x8
 156 0088 8B010000 		.4byte	.LASF11
 157 008c 02       		.uleb128 0x2
 158 008d 08       		.byte	0x8
 159 008e 04       		.byte	0x4
 160 008f C6010000 		.4byte	.LASF12
 161 0093 02       		.uleb128 0x2
 162 0094 04       		.byte	0x4
 163 0095 07       		.byte	0x7
 164 0096 01020000 		.4byte	.LASF13
 165 009a 05       		.uleb128 0x5
 166 009b 08       		.byte	0x8
 167 009c 03       		.byte	0x3
 168 009d C5       		.byte	0xc5
 169 009e AF000000 		.4byte	0xaf
 170 00a2 06       		.uleb128 0x6
 171 00a3 A0010000 		.4byte	.LASF19
 172 00a7 03       		.byte	0x3
 173 00a8 C7       		.byte	0xc7
 174 00a9 AF000000 		.4byte	0xaf
 175 00ad 00       		.byte	0
 176 00ae 00       		.byte	0
 177 00af 07       		.uleb128 0x7
 178 00b0 6B000000 		.4byte	0x6b
 179 00b4 BF000000 		.4byte	0xbf
 180 00b8 08       		.uleb128 0x8
 181 00b9 93000000 		.4byte	0x93
 182 00bd 07       		.byte	0x7
 183 00be 00       		.byte	0
 184 00bf 09       		.uleb128 0x9
 185 00c0 CA000000 		.4byte	.LASF15
 186 00c4 03       		.byte	0x3
 187 00c5 C8       		.byte	0xc8
 188 00c6 9A000000 		.4byte	0x9a
 189 00ca 0A       		.uleb128 0xa
 190 00cb 72010000 		.4byte	.LASF20
 191 00cf 01       		.byte	0x1
 192 00d0 31       		.byte	0x31
 193 00d1 6B000000 		.4byte	0x6b
 194 00d5 00000000 		.4byte	.LFB0
 195 00d9 34000000 		.4byte	.LFE0-.LFB0
 196 00dd 01       		.uleb128 0x1
 197 00de 9C       		.byte	0x9c
 198 00df 0B       		.uleb128 0xb
 199 00e0 46010000 		.4byte	.LASF21
ARM GAS  C:\Users\ingan\AppData\Local\Temp\cccwnRdd.s 			page 6


 200 00e4 01       		.byte	0x1
 201 00e5 33       		.byte	0x33
 202 00e6 6B000000 		.4byte	0x6b
 203 00ea 02       		.uleb128 0x2
 204 00eb 91       		.byte	0x91
 205 00ec 77       		.sleb128 -9
 206 00ed 00       		.byte	0
 207 00ee 00       		.byte	0
 208              		.section	.debug_abbrev,"",%progbits
 209              	.Ldebug_abbrev0:
 210 0000 01       		.uleb128 0x1
 211 0001 11       		.uleb128 0x11
 212 0002 01       		.byte	0x1
 213 0003 25       		.uleb128 0x25
 214 0004 0E       		.uleb128 0xe
 215 0005 13       		.uleb128 0x13
 216 0006 0B       		.uleb128 0xb
 217 0007 03       		.uleb128 0x3
 218 0008 0E       		.uleb128 0xe
 219 0009 1B       		.uleb128 0x1b
 220 000a 0E       		.uleb128 0xe
 221 000b 55       		.uleb128 0x55
 222 000c 17       		.uleb128 0x17
 223 000d 11       		.uleb128 0x11
 224 000e 01       		.uleb128 0x1
 225 000f 10       		.uleb128 0x10
 226 0010 17       		.uleb128 0x17
 227 0011 00       		.byte	0
 228 0012 00       		.byte	0
 229 0013 02       		.uleb128 0x2
 230 0014 24       		.uleb128 0x24
 231 0015 00       		.byte	0
 232 0016 0B       		.uleb128 0xb
 233 0017 0B       		.uleb128 0xb
 234 0018 3E       		.uleb128 0x3e
 235 0019 0B       		.uleb128 0xb
 236 001a 03       		.uleb128 0x3
 237 001b 0E       		.uleb128 0xe
 238 001c 00       		.byte	0
 239 001d 00       		.byte	0
 240 001e 03       		.uleb128 0x3
 241 001f 24       		.uleb128 0x24
 242 0020 00       		.byte	0
 243 0021 0B       		.uleb128 0xb
 244 0022 0B       		.uleb128 0xb
 245 0023 3E       		.uleb128 0x3e
 246 0024 0B       		.uleb128 0xb
 247 0025 03       		.uleb128 0x3
 248 0026 08       		.uleb128 0x8
 249 0027 00       		.byte	0
 250 0028 00       		.byte	0
 251 0029 04       		.uleb128 0x4
 252 002a 16       		.uleb128 0x16
 253 002b 00       		.byte	0
 254 002c 03       		.uleb128 0x3
 255 002d 0E       		.uleb128 0xe
 256 002e 3A       		.uleb128 0x3a
ARM GAS  C:\Users\ingan\AppData\Local\Temp\cccwnRdd.s 			page 7


 257 002f 0B       		.uleb128 0xb
 258 0030 3B       		.uleb128 0x3b
 259 0031 05       		.uleb128 0x5
 260 0032 49       		.uleb128 0x49
 261 0033 13       		.uleb128 0x13
 262 0034 00       		.byte	0
 263 0035 00       		.byte	0
 264 0036 05       		.uleb128 0x5
 265 0037 13       		.uleb128 0x13
 266 0038 01       		.byte	0x1
 267 0039 0B       		.uleb128 0xb
 268 003a 0B       		.uleb128 0xb
 269 003b 3A       		.uleb128 0x3a
 270 003c 0B       		.uleb128 0xb
 271 003d 3B       		.uleb128 0x3b
 272 003e 0B       		.uleb128 0xb
 273 003f 01       		.uleb128 0x1
 274 0040 13       		.uleb128 0x13
 275 0041 00       		.byte	0
 276 0042 00       		.byte	0
 277 0043 06       		.uleb128 0x6
 278 0044 0D       		.uleb128 0xd
 279 0045 00       		.byte	0
 280 0046 03       		.uleb128 0x3
 281 0047 0E       		.uleb128 0xe
 282 0048 3A       		.uleb128 0x3a
 283 0049 0B       		.uleb128 0xb
 284 004a 3B       		.uleb128 0x3b
 285 004b 0B       		.uleb128 0xb
 286 004c 49       		.uleb128 0x49
 287 004d 13       		.uleb128 0x13
 288 004e 38       		.uleb128 0x38
 289 004f 0B       		.uleb128 0xb
 290 0050 00       		.byte	0
 291 0051 00       		.byte	0
 292 0052 07       		.uleb128 0x7
 293 0053 01       		.uleb128 0x1
 294 0054 01       		.byte	0x1
 295 0055 49       		.uleb128 0x49
 296 0056 13       		.uleb128 0x13
 297 0057 01       		.uleb128 0x1
 298 0058 13       		.uleb128 0x13
 299 0059 00       		.byte	0
 300 005a 00       		.byte	0
 301 005b 08       		.uleb128 0x8
 302 005c 21       		.uleb128 0x21
 303 005d 00       		.byte	0
 304 005e 49       		.uleb128 0x49
 305 005f 13       		.uleb128 0x13
 306 0060 2F       		.uleb128 0x2f
 307 0061 0B       		.uleb128 0xb
 308 0062 00       		.byte	0
 309 0063 00       		.byte	0
 310 0064 09       		.uleb128 0x9
 311 0065 16       		.uleb128 0x16
 312 0066 00       		.byte	0
 313 0067 03       		.uleb128 0x3
ARM GAS  C:\Users\ingan\AppData\Local\Temp\cccwnRdd.s 			page 8


 314 0068 0E       		.uleb128 0xe
 315 0069 3A       		.uleb128 0x3a
 316 006a 0B       		.uleb128 0xb
 317 006b 3B       		.uleb128 0x3b
 318 006c 0B       		.uleb128 0xb
 319 006d 49       		.uleb128 0x49
 320 006e 13       		.uleb128 0x13
 321 006f 00       		.byte	0
 322 0070 00       		.byte	0
 323 0071 0A       		.uleb128 0xa
 324 0072 2E       		.uleb128 0x2e
 325 0073 01       		.byte	0x1
 326 0074 3F       		.uleb128 0x3f
 327 0075 19       		.uleb128 0x19
 328 0076 03       		.uleb128 0x3
 329 0077 0E       		.uleb128 0xe
 330 0078 3A       		.uleb128 0x3a
 331 0079 0B       		.uleb128 0xb
 332 007a 3B       		.uleb128 0x3b
 333 007b 0B       		.uleb128 0xb
 334 007c 27       		.uleb128 0x27
 335 007d 19       		.uleb128 0x19
 336 007e 49       		.uleb128 0x49
 337 007f 13       		.uleb128 0x13
 338 0080 11       		.uleb128 0x11
 339 0081 01       		.uleb128 0x1
 340 0082 12       		.uleb128 0x12
 341 0083 06       		.uleb128 0x6
 342 0084 40       		.uleb128 0x40
 343 0085 18       		.uleb128 0x18
 344 0086 9742     		.uleb128 0x2117
 345 0088 19       		.uleb128 0x19
 346 0089 00       		.byte	0
 347 008a 00       		.byte	0
 348 008b 0B       		.uleb128 0xb
 349 008c 34       		.uleb128 0x34
 350 008d 00       		.byte	0
 351 008e 03       		.uleb128 0x3
 352 008f 0E       		.uleb128 0xe
 353 0090 3A       		.uleb128 0x3a
 354 0091 0B       		.uleb128 0xb
 355 0092 3B       		.uleb128 0x3b
 356 0093 0B       		.uleb128 0xb
 357 0094 49       		.uleb128 0x49
 358 0095 13       		.uleb128 0x13
 359 0096 02       		.uleb128 0x2
 360 0097 18       		.uleb128 0x18
 361 0098 00       		.byte	0
 362 0099 00       		.byte	0
 363 009a 00       		.byte	0
 364              		.section	.debug_aranges,"",%progbits
 365 0000 1C000000 		.4byte	0x1c
 366 0004 0200     		.2byte	0x2
 367 0006 00000000 		.4byte	.Ldebug_info0
 368 000a 04       		.byte	0x4
 369 000b 00       		.byte	0
 370 000c 0000     		.2byte	0
ARM GAS  C:\Users\ingan\AppData\Local\Temp\cccwnRdd.s 			page 9


 371 000e 0000     		.2byte	0
 372 0010 00000000 		.4byte	.LFB0
 373 0014 34000000 		.4byte	.LFE0-.LFB0
 374 0018 00000000 		.4byte	0
 375 001c 00000000 		.4byte	0
 376              		.section	.debug_ranges,"",%progbits
 377              	.Ldebug_ranges0:
 378 0000 00000000 		.4byte	.LFB0
 379 0004 34000000 		.4byte	.LFE0
 380 0008 00000000 		.4byte	0
 381 000c 00000000 		.4byte	0
 382              		.section	.debug_line,"",%progbits
 383              	.Ldebug_line0:
 384 0000 75000000 		.section	.debug_str,"MS",%progbits,1
 384      02005500 
 384      00000201 
 384      FB0E0D00 
 384      01010101 
 385              	.LASF6:
 386 0000 6C6F6E67 		.ascii	"long long int\000"
 386      206C6F6E 
 386      6720696E 
 386      7400
 387              	.LASF16:
 388 000e 474E5520 		.ascii	"GNU C11 5.4.1 20160609 (release) [ARM/embedded-5-br"
 388      43313120 
 388      352E342E 
 388      31203230 
 388      31363036 
 389 0041 616E6368 		.ascii	"anch revision 237715] -mcpu=cortex-m3 -mthumb -g -O"
 389      20726576 
 389      6973696F 
 389      6E203233 
 389      37373135 
 390 0074 30202D66 		.ascii	"0 -ffunction-sections -ffat-lto-objects -finline-fu"
 390      66756E63 
 390      74696F6E 
 390      2D736563 
 390      74696F6E 
 391 00a7 6E637469 		.ascii	"nctions\000"
 391      6F6E7300 
 392              	.LASF8:
 393 00af 756E7369 		.ascii	"unsigned int\000"
 393      676E6564 
 393      20696E74 
 393      00
 394              	.LASF1:
 395 00bc 756E7369 		.ascii	"unsigned char\000"
 395      676E6564 
 395      20636861 
 395      7200
 396              	.LASF15:
 397 00ca 55534255 		.ascii	"USBUART_ep0_data_struct\000"
 397      4152545F 
 397      6570305F 
 397      64617461 
 397      5F737472 
ARM GAS  C:\Users\ingan\AppData\Local\Temp\cccwnRdd.s 			page 10


 398              	.LASF18:
 399 00e2 433A5C55 		.ascii	"C:\\Users\\ingan\\Documents\\PSoC Creator\\MegaDriv"
 399      73657273 
 399      5C696E67 
 399      616E5C44 
 399      6F63756D 
 400 0110 655F706C 		.ascii	"e_player\\VGMPlayer_v0.6.cydsn\000"
 400      61796572 
 400      5C56474D 
 400      506C6179 
 400      65725F76 
 401              	.LASF14:
 402 012e 75696E74 		.ascii	"uint8\000"
 402      3800
 403              	.LASF5:
 404 0134 6C6F6E67 		.ascii	"long unsigned int\000"
 404      20756E73 
 404      69676E65 
 404      6420696E 
 404      7400
 405              	.LASF21:
 406 0146 72657175 		.ascii	"requestHandled\000"
 406      65737448 
 406      616E646C 
 406      656400
 407              	.LASF7:
 408 0155 6C6F6E67 		.ascii	"long long unsigned int\000"
 408      206C6F6E 
 408      6720756E 
 408      7369676E 
 408      65642069 
 409              	.LASF9:
 410 016c 666C6F61 		.ascii	"float\000"
 410      7400
 411              	.LASF20:
 412 0172 55534255 		.ascii	"USBUART_HandleVendorRqst\000"
 412      4152545F 
 412      48616E64 
 412      6C655665 
 412      6E646F72 
 413              	.LASF11:
 414 018b 63686172 		.ascii	"char\000"
 414      00
 415              	.LASF4:
 416 0190 6C6F6E67 		.ascii	"long int\000"
 416      20696E74 
 416      00
 417              	.LASF10:
 418 0199 646F7562 		.ascii	"double\000"
 418      6C6500
 419              	.LASF19:
 420 01a0 65704461 		.ascii	"epData\000"
 420      746100
 421              	.LASF3:
 422 01a7 73686F72 		.ascii	"short unsigned int\000"
 422      7420756E 
 422      7369676E 
ARM GAS  C:\Users\ingan\AppData\Local\Temp\cccwnRdd.s 			page 11


 422      65642069 
 422      6E7400
 423              	.LASF0:
 424 01ba 7369676E 		.ascii	"signed char\000"
 424      65642063 
 424      68617200 
 425              	.LASF12:
 426 01c6 6C6F6E67 		.ascii	"long double\000"
 426      20646F75 
 426      626C6500 
 427              	.LASF2:
 428 01d2 73686F72 		.ascii	"short int\000"
 428      7420696E 
 428      7400
 429              	.LASF17:
 430 01dc 47656E65 		.ascii	"Generated_Source\\PSoC5\\USBUART_vnd.c\000"
 430      72617465 
 430      645F536F 
 430      75726365 
 430      5C50536F 
 431              	.LASF13:
 432 0201 73697A65 		.ascii	"sizetype\000"
 432      74797065 
 432      00
 433              		.ident	"GCC: (GNU Tools for ARM Embedded Processors) 5.4.1 20160609 (release) [ARM/embedded-5-bran
