--------------- Clean Started: 11/29/2023 17:11:26 Project: VGMPlayer_v0.2, Configuration: ARM GCC 5.4-2016-q2-update Debug ---------------
Deleting file ".\CortexM3\ARM_GCC_541\Debug\main.o"
Deleting file ".\CortexM3\ARM_GCC_541\Debug\cyfitter_cfg.o"
Deleting file ".\CortexM3\ARM_GCC_541\Debug\cymetadata.o"
Deleting file ".\CortexM3\ARM_GCC_541\Debug\cy_em_eeprom.o"
Deleting file ".\CortexM3\ARM_GCC_541\Debug\Cm3Start.o"
Deleting file ".\CortexM3\ARM_GCC_541\Debug\CyBootAsmGnu.o"
Deleting file ".\CortexM3\ARM_GCC_541\Debug\CyDmac.o"
Deleting file ".\CortexM3\ARM_GCC_541\Debug\CyFlash.o"
Deleting file ".\CortexM3\ARM_GCC_541\Debug\CyLib.o"
Deleting file ".\CortexM3\ARM_GCC_541\Debug\cyPm.o"
Deleting file ".\CortexM3\ARM_GCC_541\Debug\CySpc.o"
Deleting file ".\CortexM3\ARM_GCC_541\Debug\cyutils.o"
Deleting file ".\CortexM3\ARM_GCC_541\Debug\YM_MOL.o"
Deleting file ".\CortexM3\ARM_GCC_541\Debug\YM_MOR.o"
Deleting file ".\CortexM3\ARM_GCC_541\Debug\YM_A1.o"
Deleting file ".\CortexM3\ARM_GCC_541\Debug\YM_A0.o"
Deleting file ".\CortexM3\ARM_GCC_541\Debug\YM_CLK.o"
Deleting file ".\CortexM3\ARM_GCC_541\Debug\YM_RD.o"
Deleting file ".\CortexM3\ARM_GCC_541\Debug\YM_WR.o"
Deleting file ".\CortexM3\ARM_GCC_541\Debug\YM_CS.o"
Deleting file ".\CortexM3\ARM_GCC_541\Debug\SN_CLK.o"
Deleting file ".\CortexM3\ARM_GCC_541\Debug\SN_OUT.o"
Deleting file ".\CortexM3\ARM_GCC_541\Debug\SN_WE.o"
Deleting file ".\CortexM3\ARM_GCC_541\Debug\YM_IC.o"
Deleting file ".\CortexM3\ARM_GCC_541\Debug\Clock_1.o"
Deleting file ".\CortexM3\ARM_GCC_541\Debug\Clock_2.o"
Deleting file ".\CortexM3\ARM_GCC_541\Debug\Opamp_1.o"
Deleting file ".\CortexM3\ARM_GCC_541\Debug\Opamp_1_PM.o"
Deleting file ".\CortexM3\ARM_GCC_541\Debug\Vout_1.o"
Deleting file ".\CortexM3\ARM_GCC_541\Debug\Opamp_2.o"
Deleting file ".\CortexM3\ARM_GCC_541\Debug\Opamp_2_PM.o"
Deleting file ".\CortexM3\ARM_GCC_541\Debug\Vout_2.o"
Deleting file ".\CortexM3\ARM_GCC_541\Debug\Opamp_3.o"
Deleting file ".\CortexM3\ARM_GCC_541\Debug\Opamp_3_PM.o"
Deleting file ".\CortexM3\ARM_GCC_541\Debug\Vout_3.o"
Deleting file ".\CortexM3\ARM_GCC_541\Debug\YM_Data.o"
Deleting file ".\CortexM3\ARM_GCC_541\Debug\Clock_3.o"
Deleting file ".\CortexM3\ARM_GCC_541\Debug\isr_1.o"
Deleting file ".\CortexM3\ARM_GCC_541\Debug\VGMPlayer_v0.2.hex"
Deleting file ".\CortexM3\ARM_GCC_541\Debug\VGMPlayer_v0.2.elf"
Deleting file ".\CortexM3\ARM_GCC_541\Debug\VGMPlayer_v0.2.map"
Deleting file ".\VGMPlayer_v0.2.cycdx"
Deleting file ".\VGMPlayer_v0.2.svd"
Deleting file ".\VGMPlayer_v0.2.rpt"
Deleting file ".\VGMPlayer_v0.2_timing.html"
Deleting file ".\CortexM3\ARM_GCC_541\Debug\.deps\SOURCE_C__ARM_GCC_GENERIC.P"
Deleting file ".\CortexM3\ARM_GCC_541\Debug\.deps\SOURCE_ASM__ARM_GCC_GENERIC.P"
--------------- Clean Succeeded: 11/29/2023 17:11:26 ---------------
