ARM GAS  C:\Users\ingan\AppData\Local\Temp\cclxNEDH.s 			page 1


   1              		.syntax unified
   2              		.cpu cortex-m3
   3              		.fpu softvfp
   4              		.eabi_attribute 20, 1
   5              		.eabi_attribute 21, 1
   6              		.eabi_attribute 23, 3
   7              		.eabi_attribute 24, 1
   8              		.eabi_attribute 25, 1
   9              		.eabi_attribute 26, 1
  10              		.eabi_attribute 30, 2
  11              		.eabi_attribute 34, 1
  12              		.eabi_attribute 18, 4
  13              		.thumb
  14              		.syntax unified
  15              		.file	"USBUART_vnd.c"
  16              		.text
  17              	.Ltext0:
  18              		.cfi_sections	.debug_frame
  19              		.section	.text.USBUART_HandleVendorRqst,"ax",%progbits
  20              		.align	2
  21              		.global	USBUART_HandleVendorRqst
  22              		.thumb
  23              		.thumb_func
  24              		.type	USBUART_HandleVendorRqst, %function
  25              	USBUART_HandleVendorRqst:
  26              	.LFB0:
  27              		.file 1 "Generated_Source\\PSoC5\\USBUART_vnd.c"
   1:Generated_Source\PSoC5/USBUART_vnd.c **** /***************************************************************************//**
   2:Generated_Source\PSoC5/USBUART_vnd.c **** * \file USBUART_vnd.c
   3:Generated_Source\PSoC5/USBUART_vnd.c **** * \version 3.10
   4:Generated_Source\PSoC5/USBUART_vnd.c **** *
   5:Generated_Source\PSoC5/USBUART_vnd.c **** * \brief
   6:Generated_Source\PSoC5/USBUART_vnd.c **** *  This file contains the  USB vendor request handler.
   7:Generated_Source\PSoC5/USBUART_vnd.c **** *
   8:Generated_Source\PSoC5/USBUART_vnd.c **** ********************************************************************************
   9:Generated_Source\PSoC5/USBUART_vnd.c **** * \copyright
  10:Generated_Source\PSoC5/USBUART_vnd.c **** * Copyright 2008-2016, Cypress Semiconductor Corporation.  All rights reserved.
  11:Generated_Source\PSoC5/USBUART_vnd.c **** * You may use this file only in accordance with the license, terms, conditions,
  12:Generated_Source\PSoC5/USBUART_vnd.c **** * disclaimers, and limitations in the end user license agreement accompanying
  13:Generated_Source\PSoC5/USBUART_vnd.c **** * the software package with which this file was provided.
  14:Generated_Source\PSoC5/USBUART_vnd.c **** *******************************************************************************/
  15:Generated_Source\PSoC5/USBUART_vnd.c **** 
  16:Generated_Source\PSoC5/USBUART_vnd.c **** #include "USBUART_pvt.h"
  17:Generated_Source\PSoC5/USBUART_vnd.c **** #include "cyapicallbacks.h"
  18:Generated_Source\PSoC5/USBUART_vnd.c **** 
  19:Generated_Source\PSoC5/USBUART_vnd.c **** #if(USBUART_EXTERN_VND == USBUART_FALSE)
  20:Generated_Source\PSoC5/USBUART_vnd.c **** 
  21:Generated_Source\PSoC5/USBUART_vnd.c **** /***************************************
  22:Generated_Source\PSoC5/USBUART_vnd.c **** * Vendor Specific Declarations
  23:Generated_Source\PSoC5/USBUART_vnd.c **** ***************************************/
  24:Generated_Source\PSoC5/USBUART_vnd.c **** 
  25:Generated_Source\PSoC5/USBUART_vnd.c **** /* `#START VENDOR_SPECIFIC_DECLARATIONS` Place your declaration here */
  26:Generated_Source\PSoC5/USBUART_vnd.c **** 
  27:Generated_Source\PSoC5/USBUART_vnd.c **** /* `#END` */
  28:Generated_Source\PSoC5/USBUART_vnd.c **** 
  29:Generated_Source\PSoC5/USBUART_vnd.c **** 
  30:Generated_Source\PSoC5/USBUART_vnd.c **** /*******************************************************************************
ARM GAS  C:\Users\ingan\AppData\Local\Temp\cclxNEDH.s 			page 2


  31:Generated_Source\PSoC5/USBUART_vnd.c **** * Function Name: USBUART_HandleVendorRqst
  32:Generated_Source\PSoC5/USBUART_vnd.c **** ****************************************************************************//**
  33:Generated_Source\PSoC5/USBUART_vnd.c **** *
  34:Generated_Source\PSoC5/USBUART_vnd.c **** *  This routine provide users with a method to implement vendor specific
  35:Generated_Source\PSoC5/USBUART_vnd.c **** *  requests.
  36:Generated_Source\PSoC5/USBUART_vnd.c **** *
  37:Generated_Source\PSoC5/USBUART_vnd.c **** *  To implement vendor specific requests, add your code in this function to
  38:Generated_Source\PSoC5/USBUART_vnd.c **** *  decode and disposition the request.  If the request is handled, your code
  39:Generated_Source\PSoC5/USBUART_vnd.c **** *  must set the variable "requestHandled" to TRUE, indicating that the
  40:Generated_Source\PSoC5/USBUART_vnd.c **** *  request has been handled.
  41:Generated_Source\PSoC5/USBUART_vnd.c **** *
  42:Generated_Source\PSoC5/USBUART_vnd.c **** * \return
  43:Generated_Source\PSoC5/USBUART_vnd.c **** *  requestHandled.
  44:Generated_Source\PSoC5/USBUART_vnd.c **** *
  45:Generated_Source\PSoC5/USBUART_vnd.c **** * \reentrant
  46:Generated_Source\PSoC5/USBUART_vnd.c **** *  No.
  47:Generated_Source\PSoC5/USBUART_vnd.c **** *
  48:Generated_Source\PSoC5/USBUART_vnd.c **** *******************************************************************************/
  49:Generated_Source\PSoC5/USBUART_vnd.c **** uint8 USBUART_HandleVendorRqst(void) 
  50:Generated_Source\PSoC5/USBUART_vnd.c **** {
  28              		.loc 1 50 0
  29              		.cfi_startproc
  30              		@ args = 0, pretend = 0, frame = 0
  31              		@ frame_needed = 0, uses_anonymous_args = 0
  32              		@ link register save eliminated.
  33              	.LVL0:
  51:Generated_Source\PSoC5/USBUART_vnd.c ****     uint8 requestHandled = USBUART_FALSE;
  52:Generated_Source\PSoC5/USBUART_vnd.c **** 
  53:Generated_Source\PSoC5/USBUART_vnd.c ****     /* Check request direction: D2H or H2D. */
  54:Generated_Source\PSoC5/USBUART_vnd.c ****     if (0u != (USBUART_bmRequestTypeReg & USBUART_RQST_DIR_D2H))
  34              		.loc 1 54 0
  35 0000 074B     		ldr	r3, .L8
  36 0002 1A78     		ldrb	r2, [r3]	@ zero_extendqisi2
  37 0004 1206     		lsls	r2, r2, #24
  38 0006 01D4     		bmi	.L7
  39              	.L2:
  40              	.LVL1:
  55:Generated_Source\PSoC5/USBUART_vnd.c ****     {
  56:Generated_Source\PSoC5/USBUART_vnd.c ****         /* Handle direction from device to host. */
  57:Generated_Source\PSoC5/USBUART_vnd.c ****         
  58:Generated_Source\PSoC5/USBUART_vnd.c ****         switch (USBUART_bRequestReg)
  59:Generated_Source\PSoC5/USBUART_vnd.c ****         {
  60:Generated_Source\PSoC5/USBUART_vnd.c ****             case USBUART_GET_EXTENDED_CONFIG_DESCRIPTOR:
  61:Generated_Source\PSoC5/USBUART_vnd.c ****             #if defined(USBUART_ENABLE_MSOS_STRING)
  62:Generated_Source\PSoC5/USBUART_vnd.c ****                 USBUART_currentTD.pData = (volatile uint8 *) &USBUART_MSOS_CONFIGURATION_DESCR[0u];
  63:Generated_Source\PSoC5/USBUART_vnd.c ****                 USBUART_currentTD.count = USBUART_MSOS_CONFIGURATION_DESCR[0u];
  64:Generated_Source\PSoC5/USBUART_vnd.c ****                 requestHandled  = USBUART_InitControlRead();
  65:Generated_Source\PSoC5/USBUART_vnd.c ****             #endif /* (USBUART_ENABLE_MSOS_STRING) */
  66:Generated_Source\PSoC5/USBUART_vnd.c ****                 break;
  67:Generated_Source\PSoC5/USBUART_vnd.c ****             
  68:Generated_Source\PSoC5/USBUART_vnd.c ****             default:
  69:Generated_Source\PSoC5/USBUART_vnd.c ****                 break;
  70:Generated_Source\PSoC5/USBUART_vnd.c ****         }
  71:Generated_Source\PSoC5/USBUART_vnd.c ****     }
  72:Generated_Source\PSoC5/USBUART_vnd.c **** 
  73:Generated_Source\PSoC5/USBUART_vnd.c ****     /* `#START VENDOR_SPECIFIC_CODE` Place your vendor specific request here */
  74:Generated_Source\PSoC5/USBUART_vnd.c **** 
ARM GAS  C:\Users\ingan\AppData\Local\Temp\cclxNEDH.s 			page 3


  75:Generated_Source\PSoC5/USBUART_vnd.c ****     /* `#END` */
  76:Generated_Source\PSoC5/USBUART_vnd.c **** 
  77:Generated_Source\PSoC5/USBUART_vnd.c **** #ifdef USBUART_HANDLE_VENDOR_RQST_CALLBACK
  78:Generated_Source\PSoC5/USBUART_vnd.c ****     if (USBUART_FALSE == requestHandled)
  79:Generated_Source\PSoC5/USBUART_vnd.c ****     {
  80:Generated_Source\PSoC5/USBUART_vnd.c ****         requestHandled = USBUART_HandleVendorRqst_Callback();
  81:Generated_Source\PSoC5/USBUART_vnd.c ****     }
  82:Generated_Source\PSoC5/USBUART_vnd.c **** #endif /* (USBUART_HANDLE_VENDOR_RQST_CALLBACK) */
  83:Generated_Source\PSoC5/USBUART_vnd.c **** 
  84:Generated_Source\PSoC5/USBUART_vnd.c ****     return (requestHandled);
  85:Generated_Source\PSoC5/USBUART_vnd.c **** }
  41              		.loc 1 85 0
  42 0008 0020     		movs	r0, #0
  43 000a 7047     		bx	lr
  44              	.LVL2:
  45              	.L7:
  58:Generated_Source\PSoC5/USBUART_vnd.c ****         {
  46              		.loc 1 58 0
  47 000c 5B78     		ldrb	r3, [r3, #1]	@ zero_extendqisi2
  48 000e 012B     		cmp	r3, #1
  49 0010 FAD1     		bne	.L2
  62:Generated_Source\PSoC5/USBUART_vnd.c ****                 USBUART_currentTD.count = USBUART_MSOS_CONFIGURATION_DESCR[0u];
  50              		.loc 1 62 0
  51 0012 044A     		ldr	r2, .L8+4
  52 0014 044B     		ldr	r3, .L8+8
  63:Generated_Source\PSoC5/USBUART_vnd.c ****                 requestHandled  = USBUART_InitControlRead();
  53              		.loc 1 63 0
  54 0016 1178     		ldrb	r1, [r2]	@ zero_extendqisi2
  62:Generated_Source\PSoC5/USBUART_vnd.c ****                 USBUART_currentTD.count = USBUART_MSOS_CONFIGURATION_DESCR[0u];
  55              		.loc 1 62 0
  56 0018 5A60     		str	r2, [r3, #4]
  63:Generated_Source\PSoC5/USBUART_vnd.c ****                 requestHandled  = USBUART_InitControlRead();
  57              		.loc 1 63 0
  58 001a 1980     		strh	r1, [r3]	@ movhi
  64:Generated_Source\PSoC5/USBUART_vnd.c ****             #endif /* (USBUART_ENABLE_MSOS_STRING) */
  59              		.loc 1 64 0
  60 001c FFF7FEBF 		b	USBUART_InitControlRead
  61              	.LVL3:
  62              	.L9:
  63              		.align	2
  64              	.L8:
  65 0020 00600040 		.word	1073766400
  66 0024 00000000 		.word	USBUART_MSOS_CONFIGURATION_DESCR
  67 0028 00000000 		.word	USBUART_currentTD
  68              		.cfi_endproc
  69              	.LFE0:
  70              		.size	USBUART_HandleVendorRqst, .-USBUART_HandleVendorRqst
  71              		.text
  72              	.Letext0:
  73              		.file 2 "Generated_Source\\PSoC5\\cytypes.h"
  74              		.file 3 "Generated_Source\\PSoC5\\USBUART.h"
  75              		.file 4 "Generated_Source\\PSoC5\\USBUART_pvt.h"
  76              		.section	.debug_info,"",%progbits
  77              	.Ldebug_info0:
  78 0000 BA010000 		.4byte	0x1ba
  79 0004 0400     		.2byte	0x4
  80 0006 00000000 		.4byte	.Ldebug_abbrev0
ARM GAS  C:\Users\ingan\AppData\Local\Temp\cclxNEDH.s 			page 4


  81 000a 04       		.byte	0x4
  82 000b 01       		.uleb128 0x1
  83 000c 32000000 		.4byte	.LASF27
  84 0010 0C       		.byte	0xc
  85 0011 00000000 		.4byte	.LASF28
  86 0015 2E020000 		.4byte	.LASF29
  87 0019 00000000 		.4byte	.Ldebug_ranges0+0
  88 001d 00000000 		.4byte	0
  89 0021 00000000 		.4byte	.Ldebug_line0
  90 0025 02       		.uleb128 0x2
  91 0026 01       		.byte	0x1
  92 0027 06       		.byte	0x6
  93 0028 84020000 		.4byte	.LASF0
  94 002c 02       		.uleb128 0x2
  95 002d 01       		.byte	0x1
  96 002e 08       		.byte	0x8
  97 002f F3000000 		.4byte	.LASF1
  98 0033 02       		.uleb128 0x2
  99 0034 02       		.byte	0x2
 100 0035 05       		.byte	0x5
 101 0036 F3010000 		.4byte	.LASF2
 102 003a 02       		.uleb128 0x2
 103 003b 02       		.byte	0x2
 104 003c 07       		.byte	0x7
 105 003d C6000000 		.4byte	.LASF3
 106 0041 02       		.uleb128 0x2
 107 0042 04       		.byte	0x4
 108 0043 05       		.byte	0x5
 109 0044 25020000 		.4byte	.LASF4
 110 0048 02       		.uleb128 0x2
 111 0049 04       		.byte	0x4
 112 004a 07       		.byte	0x7
 113 004b 0E010000 		.4byte	.LASF5
 114 004f 02       		.uleb128 0x2
 115 0050 08       		.byte	0x8
 116 0051 05       		.byte	0x5
 117 0052 E0010000 		.4byte	.LASF6
 118 0056 02       		.uleb128 0x2
 119 0057 08       		.byte	0x8
 120 0058 07       		.byte	0x7
 121 0059 74010000 		.4byte	.LASF7
 122 005d 03       		.uleb128 0x3
 123 005e 04       		.byte	0x4
 124 005f 05       		.byte	0x5
 125 0060 696E7400 		.ascii	"int\000"
 126 0064 02       		.uleb128 0x2
 127 0065 04       		.byte	0x4
 128 0066 07       		.byte	0x7
 129 0067 67010000 		.4byte	.LASF8
 130 006b 04       		.uleb128 0x4
 131 006c 20010000 		.4byte	.LASF9
 132 0070 02       		.byte	0x2
 133 0071 9201     		.2byte	0x192
 134 0073 2C000000 		.4byte	0x2c
 135 0077 04       		.uleb128 0x4
 136 0078 60010000 		.4byte	.LASF10
 137 007c 02       		.byte	0x2
ARM GAS  C:\Users\ingan\AppData\Local\Temp\cclxNEDH.s 			page 5


 138 007d 9301     		.2byte	0x193
 139 007f 3A000000 		.4byte	0x3a
 140 0083 02       		.uleb128 0x2
 141 0084 04       		.byte	0x4
 142 0085 04       		.byte	0x4
 143 0086 ED000000 		.4byte	.LASF11
 144 008a 02       		.uleb128 0x2
 145 008b 08       		.byte	0x8
 146 008c 04       		.byte	0x4
 147 008d 47010000 		.4byte	.LASF12
 148 0091 02       		.uleb128 0x2
 149 0092 01       		.byte	0x1
 150 0093 08       		.byte	0x8
 151 0094 EE010000 		.4byte	.LASF13
 152 0098 05       		.uleb128 0x5
 153 0099 6B000000 		.4byte	0x6b
 154 009d 02       		.uleb128 0x2
 155 009e 08       		.byte	0x8
 156 009f 04       		.byte	0x4
 157 00a0 78020000 		.4byte	.LASF14
 158 00a4 02       		.uleb128 0x2
 159 00a5 04       		.byte	0x4
 160 00a6 07       		.byte	0x7
 161 00a7 D7010000 		.4byte	.LASF15
 162 00ab 06       		.uleb128 0x6
 163 00ac 04       		.byte	0x4
 164 00ad 03       		.byte	0x3
 165 00ae A8       		.byte	0xa8
 166 00af CC000000 		.4byte	0xcc
 167 00b3 07       		.uleb128 0x7
 168 00b4 D9000000 		.4byte	.LASF16
 169 00b8 03       		.byte	0x3
 170 00b9 AA       		.byte	0xaa
 171 00ba 6B000000 		.4byte	0x6b
 172 00be 00       		.byte	0
 173 00bf 07       		.uleb128 0x7
 174 00c0 90020000 		.4byte	.LASF17
 175 00c4 03       		.byte	0x3
 176 00c5 AB       		.byte	0xab
 177 00c6 77000000 		.4byte	0x77
 178 00ca 02       		.byte	0x2
 179 00cb 00       		.byte	0
 180 00cc 08       		.uleb128 0x8
 181 00cd 8B010000 		.4byte	.LASF18
 182 00d1 03       		.byte	0x3
 183 00d2 AC       		.byte	0xac
 184 00d3 AB000000 		.4byte	0xab
 185 00d7 06       		.uleb128 0x6
 186 00d8 0C       		.byte	0xc
 187 00d9 03       		.byte	0x3
 188 00da AE       		.byte	0xae
 189 00db 04010000 		.4byte	0x104
 190 00df 07       		.uleb128 0x7
 191 00e0 C0000000 		.4byte	.LASF19
 192 00e4 03       		.byte	0x3
 193 00e5 B0       		.byte	0xb0
 194 00e6 77000000 		.4byte	0x77
ARM GAS  C:\Users\ingan\AppData\Local\Temp\cclxNEDH.s 			page 6


 195 00ea 00       		.byte	0
 196 00eb 07       		.uleb128 0x7
 197 00ec E0000000 		.4byte	.LASF20
 198 00f0 03       		.byte	0x3
 199 00f1 B1       		.byte	0xb1
 200 00f2 04010000 		.4byte	0x104
 201 00f6 04       		.byte	0x4
 202 00f7 07       		.uleb128 0x7
 203 00f8 25000000 		.4byte	.LASF21
 204 00fc 03       		.byte	0x3
 205 00fd B2       		.byte	0xb2
 206 00fe 0A010000 		.4byte	0x10a
 207 0102 08       		.byte	0x8
 208 0103 00       		.byte	0
 209 0104 09       		.uleb128 0x9
 210 0105 04       		.byte	0x4
 211 0106 98000000 		.4byte	0x98
 212 010a 09       		.uleb128 0x9
 213 010b 04       		.byte	0x4
 214 010c CC000000 		.4byte	0xcc
 215 0110 08       		.uleb128 0x8
 216 0111 01010000 		.4byte	.LASF22
 217 0115 03       		.byte	0x3
 218 0116 B3       		.byte	0xb3
 219 0117 D7000000 		.4byte	0xd7
 220 011b 06       		.uleb128 0x6
 221 011c 08       		.byte	0x8
 222 011d 03       		.byte	0x3
 223 011e C9       		.byte	0xc9
 224 011f 30010000 		.4byte	0x130
 225 0123 07       		.uleb128 0x7
 226 0124 E6000000 		.4byte	.LASF23
 227 0128 03       		.byte	0x3
 228 0129 CB       		.byte	0xcb
 229 012a 30010000 		.4byte	0x130
 230 012e 00       		.byte	0
 231 012f 00       		.byte	0
 232 0130 0A       		.uleb128 0xa
 233 0131 6B000000 		.4byte	0x6b
 234 0135 40010000 		.4byte	0x140
 235 0139 0B       		.uleb128 0xb
 236 013a A4000000 		.4byte	0xa4
 237 013e 07       		.byte	0x7
 238 013f 00       		.byte	0
 239 0140 08       		.uleb128 0x8
 240 0141 A7010000 		.4byte	.LASF24
 241 0145 03       		.byte	0x3
 242 0146 CC       		.byte	0xcc
 243 0147 1B010000 		.4byte	0x11b
 244 014b 0C       		.uleb128 0xc
 245 014c FD010000 		.4byte	.LASF30
 246 0150 01       		.byte	0x1
 247 0151 31       		.byte	0x31
 248 0152 6B000000 		.4byte	0x6b
 249 0156 00000000 		.4byte	.LFB0
 250 015a 2C000000 		.4byte	.LFE0-.LFB0
 251 015e 01       		.uleb128 0x1
ARM GAS  C:\Users\ingan\AppData\Local\Temp\cclxNEDH.s 			page 7


 252 015f 9C       		.byte	0x9c
 253 0160 7D010000 		.4byte	0x17d
 254 0164 0D       		.uleb128 0xd
 255 0165 16020000 		.4byte	.LASF31
 256 0169 01       		.byte	0x1
 257 016a 33       		.byte	0x33
 258 016b 6B000000 		.4byte	0x6b
 259 016f 00000000 		.4byte	.LLST0
 260 0173 0E       		.uleb128 0xe
 261 0174 20000000 		.4byte	.LVL3
 262 0178 B2010000 		.4byte	0x1b2
 263 017c 00       		.byte	0
 264 017d 0A       		.uleb128 0xa
 265 017e 8D010000 		.4byte	0x18d
 266 0182 8D010000 		.4byte	0x18d
 267 0186 0B       		.uleb128 0xb
 268 0187 A4000000 		.4byte	0xa4
 269 018b 27       		.byte	0x27
 270 018c 00       		.byte	0
 271 018d 0F       		.uleb128 0xf
 272 018e 6B000000 		.4byte	0x6b
 273 0192 10       		.uleb128 0x10
 274 0193 26010000 		.4byte	.LASF25
 275 0197 04       		.byte	0x4
 276 0198 6E       		.byte	0x6e
 277 0199 9D010000 		.4byte	0x19d
 278 019d 0F       		.uleb128 0xf
 279 019e 7D010000 		.4byte	0x17d
 280 01a2 10       		.uleb128 0x10
 281 01a3 4E010000 		.4byte	.LASF26
 282 01a7 04       		.byte	0x4
 283 01a8 7B       		.byte	0x7b
 284 01a9 AD010000 		.4byte	0x1ad
 285 01ad 05       		.uleb128 0x5
 286 01ae 10010000 		.4byte	0x110
 287 01b2 11       		.uleb128 0x11
 288 01b3 BF010000 		.4byte	.LASF32
 289 01b7 BF010000 		.4byte	.LASF32
 290 01bb 04       		.byte	0x4
 291 01bc AA       		.byte	0xaa
 292 01bd 00       		.byte	0
 293              		.section	.debug_abbrev,"",%progbits
 294              	.Ldebug_abbrev0:
 295 0000 01       		.uleb128 0x1
 296 0001 11       		.uleb128 0x11
 297 0002 01       		.byte	0x1
 298 0003 25       		.uleb128 0x25
 299 0004 0E       		.uleb128 0xe
 300 0005 13       		.uleb128 0x13
 301 0006 0B       		.uleb128 0xb
 302 0007 03       		.uleb128 0x3
 303 0008 0E       		.uleb128 0xe
 304 0009 1B       		.uleb128 0x1b
 305 000a 0E       		.uleb128 0xe
 306 000b 55       		.uleb128 0x55
 307 000c 17       		.uleb128 0x17
 308 000d 11       		.uleb128 0x11
ARM GAS  C:\Users\ingan\AppData\Local\Temp\cclxNEDH.s 			page 8


 309 000e 01       		.uleb128 0x1
 310 000f 10       		.uleb128 0x10
 311 0010 17       		.uleb128 0x17
 312 0011 00       		.byte	0
 313 0012 00       		.byte	0
 314 0013 02       		.uleb128 0x2
 315 0014 24       		.uleb128 0x24
 316 0015 00       		.byte	0
 317 0016 0B       		.uleb128 0xb
 318 0017 0B       		.uleb128 0xb
 319 0018 3E       		.uleb128 0x3e
 320 0019 0B       		.uleb128 0xb
 321 001a 03       		.uleb128 0x3
 322 001b 0E       		.uleb128 0xe
 323 001c 00       		.byte	0
 324 001d 00       		.byte	0
 325 001e 03       		.uleb128 0x3
 326 001f 24       		.uleb128 0x24
 327 0020 00       		.byte	0
 328 0021 0B       		.uleb128 0xb
 329 0022 0B       		.uleb128 0xb
 330 0023 3E       		.uleb128 0x3e
 331 0024 0B       		.uleb128 0xb
 332 0025 03       		.uleb128 0x3
 333 0026 08       		.uleb128 0x8
 334 0027 00       		.byte	0
 335 0028 00       		.byte	0
 336 0029 04       		.uleb128 0x4
 337 002a 16       		.uleb128 0x16
 338 002b 00       		.byte	0
 339 002c 03       		.uleb128 0x3
 340 002d 0E       		.uleb128 0xe
 341 002e 3A       		.uleb128 0x3a
 342 002f 0B       		.uleb128 0xb
 343 0030 3B       		.uleb128 0x3b
 344 0031 05       		.uleb128 0x5
 345 0032 49       		.uleb128 0x49
 346 0033 13       		.uleb128 0x13
 347 0034 00       		.byte	0
 348 0035 00       		.byte	0
 349 0036 05       		.uleb128 0x5
 350 0037 35       		.uleb128 0x35
 351 0038 00       		.byte	0
 352 0039 49       		.uleb128 0x49
 353 003a 13       		.uleb128 0x13
 354 003b 00       		.byte	0
 355 003c 00       		.byte	0
 356 003d 06       		.uleb128 0x6
 357 003e 13       		.uleb128 0x13
 358 003f 01       		.byte	0x1
 359 0040 0B       		.uleb128 0xb
 360 0041 0B       		.uleb128 0xb
 361 0042 3A       		.uleb128 0x3a
 362 0043 0B       		.uleb128 0xb
 363 0044 3B       		.uleb128 0x3b
 364 0045 0B       		.uleb128 0xb
 365 0046 01       		.uleb128 0x1
ARM GAS  C:\Users\ingan\AppData\Local\Temp\cclxNEDH.s 			page 9


 366 0047 13       		.uleb128 0x13
 367 0048 00       		.byte	0
 368 0049 00       		.byte	0
 369 004a 07       		.uleb128 0x7
 370 004b 0D       		.uleb128 0xd
 371 004c 00       		.byte	0
 372 004d 03       		.uleb128 0x3
 373 004e 0E       		.uleb128 0xe
 374 004f 3A       		.uleb128 0x3a
 375 0050 0B       		.uleb128 0xb
 376 0051 3B       		.uleb128 0x3b
 377 0052 0B       		.uleb128 0xb
 378 0053 49       		.uleb128 0x49
 379 0054 13       		.uleb128 0x13
 380 0055 38       		.uleb128 0x38
 381 0056 0B       		.uleb128 0xb
 382 0057 00       		.byte	0
 383 0058 00       		.byte	0
 384 0059 08       		.uleb128 0x8
 385 005a 16       		.uleb128 0x16
 386 005b 00       		.byte	0
 387 005c 03       		.uleb128 0x3
 388 005d 0E       		.uleb128 0xe
 389 005e 3A       		.uleb128 0x3a
 390 005f 0B       		.uleb128 0xb
 391 0060 3B       		.uleb128 0x3b
 392 0061 0B       		.uleb128 0xb
 393 0062 49       		.uleb128 0x49
 394 0063 13       		.uleb128 0x13
 395 0064 00       		.byte	0
 396 0065 00       		.byte	0
 397 0066 09       		.uleb128 0x9
 398 0067 0F       		.uleb128 0xf
 399 0068 00       		.byte	0
 400 0069 0B       		.uleb128 0xb
 401 006a 0B       		.uleb128 0xb
 402 006b 49       		.uleb128 0x49
 403 006c 13       		.uleb128 0x13
 404 006d 00       		.byte	0
 405 006e 00       		.byte	0
 406 006f 0A       		.uleb128 0xa
 407 0070 01       		.uleb128 0x1
 408 0071 01       		.byte	0x1
 409 0072 49       		.uleb128 0x49
 410 0073 13       		.uleb128 0x13
 411 0074 01       		.uleb128 0x1
 412 0075 13       		.uleb128 0x13
 413 0076 00       		.byte	0
 414 0077 00       		.byte	0
 415 0078 0B       		.uleb128 0xb
 416 0079 21       		.uleb128 0x21
 417 007a 00       		.byte	0
 418 007b 49       		.uleb128 0x49
 419 007c 13       		.uleb128 0x13
 420 007d 2F       		.uleb128 0x2f
 421 007e 0B       		.uleb128 0xb
 422 007f 00       		.byte	0
ARM GAS  C:\Users\ingan\AppData\Local\Temp\cclxNEDH.s 			page 10


 423 0080 00       		.byte	0
 424 0081 0C       		.uleb128 0xc
 425 0082 2E       		.uleb128 0x2e
 426 0083 01       		.byte	0x1
 427 0084 3F       		.uleb128 0x3f
 428 0085 19       		.uleb128 0x19
 429 0086 03       		.uleb128 0x3
 430 0087 0E       		.uleb128 0xe
 431 0088 3A       		.uleb128 0x3a
 432 0089 0B       		.uleb128 0xb
 433 008a 3B       		.uleb128 0x3b
 434 008b 0B       		.uleb128 0xb
 435 008c 27       		.uleb128 0x27
 436 008d 19       		.uleb128 0x19
 437 008e 49       		.uleb128 0x49
 438 008f 13       		.uleb128 0x13
 439 0090 11       		.uleb128 0x11
 440 0091 01       		.uleb128 0x1
 441 0092 12       		.uleb128 0x12
 442 0093 06       		.uleb128 0x6
 443 0094 40       		.uleb128 0x40
 444 0095 18       		.uleb128 0x18
 445 0096 9742     		.uleb128 0x2117
 446 0098 19       		.uleb128 0x19
 447 0099 01       		.uleb128 0x1
 448 009a 13       		.uleb128 0x13
 449 009b 00       		.byte	0
 450 009c 00       		.byte	0
 451 009d 0D       		.uleb128 0xd
 452 009e 34       		.uleb128 0x34
 453 009f 00       		.byte	0
 454 00a0 03       		.uleb128 0x3
 455 00a1 0E       		.uleb128 0xe
 456 00a2 3A       		.uleb128 0x3a
 457 00a3 0B       		.uleb128 0xb
 458 00a4 3B       		.uleb128 0x3b
 459 00a5 0B       		.uleb128 0xb
 460 00a6 49       		.uleb128 0x49
 461 00a7 13       		.uleb128 0x13
 462 00a8 02       		.uleb128 0x2
 463 00a9 17       		.uleb128 0x17
 464 00aa 00       		.byte	0
 465 00ab 00       		.byte	0
 466 00ac 0E       		.uleb128 0xe
 467 00ad 898201   		.uleb128 0x4109
 468 00b0 00       		.byte	0
 469 00b1 11       		.uleb128 0x11
 470 00b2 01       		.uleb128 0x1
 471 00b3 9542     		.uleb128 0x2115
 472 00b5 19       		.uleb128 0x19
 473 00b6 31       		.uleb128 0x31
 474 00b7 13       		.uleb128 0x13
 475 00b8 00       		.byte	0
 476 00b9 00       		.byte	0
 477 00ba 0F       		.uleb128 0xf
 478 00bb 26       		.uleb128 0x26
 479 00bc 00       		.byte	0
ARM GAS  C:\Users\ingan\AppData\Local\Temp\cclxNEDH.s 			page 11


 480 00bd 49       		.uleb128 0x49
 481 00be 13       		.uleb128 0x13
 482 00bf 00       		.byte	0
 483 00c0 00       		.byte	0
 484 00c1 10       		.uleb128 0x10
 485 00c2 34       		.uleb128 0x34
 486 00c3 00       		.byte	0
 487 00c4 03       		.uleb128 0x3
 488 00c5 0E       		.uleb128 0xe
 489 00c6 3A       		.uleb128 0x3a
 490 00c7 0B       		.uleb128 0xb
 491 00c8 3B       		.uleb128 0x3b
 492 00c9 0B       		.uleb128 0xb
 493 00ca 49       		.uleb128 0x49
 494 00cb 13       		.uleb128 0x13
 495 00cc 3F       		.uleb128 0x3f
 496 00cd 19       		.uleb128 0x19
 497 00ce 3C       		.uleb128 0x3c
 498 00cf 19       		.uleb128 0x19
 499 00d0 00       		.byte	0
 500 00d1 00       		.byte	0
 501 00d2 11       		.uleb128 0x11
 502 00d3 2E       		.uleb128 0x2e
 503 00d4 00       		.byte	0
 504 00d5 3F       		.uleb128 0x3f
 505 00d6 19       		.uleb128 0x19
 506 00d7 3C       		.uleb128 0x3c
 507 00d8 19       		.uleb128 0x19
 508 00d9 6E       		.uleb128 0x6e
 509 00da 0E       		.uleb128 0xe
 510 00db 03       		.uleb128 0x3
 511 00dc 0E       		.uleb128 0xe
 512 00dd 3A       		.uleb128 0x3a
 513 00de 0B       		.uleb128 0xb
 514 00df 3B       		.uleb128 0x3b
 515 00e0 0B       		.uleb128 0xb
 516 00e1 00       		.byte	0
 517 00e2 00       		.byte	0
 518 00e3 00       		.byte	0
 519              		.section	.debug_loc,"",%progbits
 520              	.Ldebug_loc0:
 521              	.LLST0:
 522 0000 00000000 		.4byte	.LVL0
 523 0004 08000000 		.4byte	.LVL1
 524 0008 0200     		.2byte	0x2
 525 000a 30       		.byte	0x30
 526 000b 9F       		.byte	0x9f
 527 000c 0C000000 		.4byte	.LVL2
 528 0010 2C000000 		.4byte	.LFE0
 529 0014 0200     		.2byte	0x2
 530 0016 30       		.byte	0x30
 531 0017 9F       		.byte	0x9f
 532 0018 00000000 		.4byte	0
 533 001c 00000000 		.4byte	0
 534              		.section	.debug_aranges,"",%progbits
 535 0000 1C000000 		.4byte	0x1c
 536 0004 0200     		.2byte	0x2
ARM GAS  C:\Users\ingan\AppData\Local\Temp\cclxNEDH.s 			page 12


 537 0006 00000000 		.4byte	.Ldebug_info0
 538 000a 04       		.byte	0x4
 539 000b 00       		.byte	0
 540 000c 0000     		.2byte	0
 541 000e 0000     		.2byte	0
 542 0010 00000000 		.4byte	.LFB0
 543 0014 2C000000 		.4byte	.LFE0-.LFB0
 544 0018 00000000 		.4byte	0
 545 001c 00000000 		.4byte	0
 546              		.section	.debug_ranges,"",%progbits
 547              	.Ldebug_ranges0:
 548 0000 00000000 		.4byte	.LFB0
 549 0004 2C000000 		.4byte	.LFE0
 550 0008 00000000 		.4byte	0
 551 000c 00000000 		.4byte	0
 552              		.section	.debug_line,"",%progbits
 553              	.Ldebug_line0:
 554 0000 87000000 		.section	.debug_str,"MS",%progbits,1
 554      02006600 
 554      00000201 
 554      FB0E0D00 
 554      01010101 
 555              	.LASF28:
 556 0000 47656E65 		.ascii	"Generated_Source\\PSoC5\\USBUART_vnd.c\000"
 556      72617465 
 556      645F536F 
 556      75726365 
 556      5C50536F 
 557              	.LASF21:
 558 0025 70537461 		.ascii	"pStatusBlock\000"
 558      74757342 
 558      6C6F636B 
 558      00
 559              	.LASF27:
 560 0032 474E5520 		.ascii	"GNU C11 5.4.1 20160609 (release) [ARM/embedded-5-br"
 560      43313120 
 560      352E342E 
 560      31203230 
 560      31363036 
 561 0065 616E6368 		.ascii	"anch revision 237715] -mcpu=cortex-m3 -mthumb -g -O"
 561      20726576 
 561      6973696F 
 561      6E203233 
 561      37373135 
 562 0098 33202D66 		.ascii	"3 -ffunction-sections -ffat-lto-objects\000"
 562      66756E63 
 562      74696F6E 
 562      2D736563 
 562      74696F6E 
 563              	.LASF19:
 564 00c0 636F756E 		.ascii	"count\000"
 564      7400
 565              	.LASF3:
 566 00c6 73686F72 		.ascii	"short unsigned int\000"
 566      7420756E 
 566      7369676E 
 566      65642069 
ARM GAS  C:\Users\ingan\AppData\Local\Temp\cclxNEDH.s 			page 13


 566      6E7400
 567              	.LASF16:
 568 00d9 73746174 		.ascii	"status\000"
 568      757300
 569              	.LASF20:
 570 00e0 70446174 		.ascii	"pData\000"
 570      6100
 571              	.LASF23:
 572 00e6 65704461 		.ascii	"epData\000"
 572      746100
 573              	.LASF11:
 574 00ed 666C6F61 		.ascii	"float\000"
 574      7400
 575              	.LASF1:
 576 00f3 756E7369 		.ascii	"unsigned char\000"
 576      676E6564 
 576      20636861 
 576      7200
 577              	.LASF22:
 578 0101 545F5553 		.ascii	"T_USBUART_TD\000"
 578      42554152 
 578      545F5444 
 578      00
 579              	.LASF5:
 580 010e 6C6F6E67 		.ascii	"long unsigned int\000"
 580      20756E73 
 580      69676E65 
 580      6420696E 
 580      7400
 581              	.LASF9:
 582 0120 75696E74 		.ascii	"uint8\000"
 582      3800
 583              	.LASF25:
 584 0126 55534255 		.ascii	"USBUART_MSOS_CONFIGURATION_DESCR\000"
 584      4152545F 
 584      4D534F53 
 584      5F434F4E 
 584      46494755 
 585              	.LASF12:
 586 0147 646F7562 		.ascii	"double\000"
 586      6C6500
 587              	.LASF26:
 588 014e 55534255 		.ascii	"USBUART_currentTD\000"
 588      4152545F 
 588      63757272 
 588      656E7454 
 588      4400
 589              	.LASF10:
 590 0160 75696E74 		.ascii	"uint16\000"
 590      313600
 591              	.LASF8:
 592 0167 756E7369 		.ascii	"unsigned int\000"
 592      676E6564 
 592      20696E74 
 592      00
 593              	.LASF7:
 594 0174 6C6F6E67 		.ascii	"long long unsigned int\000"
ARM GAS  C:\Users\ingan\AppData\Local\Temp\cclxNEDH.s 			page 14


 594      206C6F6E 
 594      6720756E 
 594      7369676E 
 594      65642069 
 595              	.LASF18:
 596 018b 545F5553 		.ascii	"T_USBUART_XFER_STATUS_BLOCK\000"
 596      42554152 
 596      545F5846 
 596      45525F53 
 596      54415455 
 597              	.LASF24:
 598 01a7 55534255 		.ascii	"USBUART_ep0_data_struct\000"
 598      4152545F 
 598      6570305F 
 598      64617461 
 598      5F737472 
 599              	.LASF32:
 600 01bf 55534255 		.ascii	"USBUART_InitControlRead\000"
 600      4152545F 
 600      496E6974 
 600      436F6E74 
 600      726F6C52 
 601              	.LASF15:
 602 01d7 73697A65 		.ascii	"sizetype\000"
 602      74797065 
 602      00
 603              	.LASF6:
 604 01e0 6C6F6E67 		.ascii	"long long int\000"
 604      206C6F6E 
 604      6720696E 
 604      7400
 605              	.LASF13:
 606 01ee 63686172 		.ascii	"char\000"
 606      00
 607              	.LASF2:
 608 01f3 73686F72 		.ascii	"short int\000"
 608      7420696E 
 608      7400
 609              	.LASF30:
 610 01fd 55534255 		.ascii	"USBUART_HandleVendorRqst\000"
 610      4152545F 
 610      48616E64 
 610      6C655665 
 610      6E646F72 
 611              	.LASF31:
 612 0216 72657175 		.ascii	"requestHandled\000"
 612      65737448 
 612      616E646C 
 612      656400
 613              	.LASF4:
 614 0225 6C6F6E67 		.ascii	"long int\000"
 614      20696E74 
 614      00
 615              	.LASF29:
 616 022e 433A5C55 		.ascii	"C:\\Users\\ingan\\Documents\\PSoC Creator\\MegaDriv"
 616      73657273 
 616      5C696E67 
ARM GAS  C:\Users\ingan\AppData\Local\Temp\cclxNEDH.s 			page 15


 616      616E5C44 
 616      6F63756D 
 617 025c 655F706C 		.ascii	"e_player\\USBFS_UART01.cydsn\000"
 617      61796572 
 617      5C555342 
 617      46535F55 
 617      41525430 
 618              	.LASF14:
 619 0278 6C6F6E67 		.ascii	"long double\000"
 619      20646F75 
 619      626C6500 
 620              	.LASF0:
 621 0284 7369676E 		.ascii	"signed char\000"
 621      65642063 
 621      68617200 
 622              	.LASF17:
 623 0290 6C656E67 		.ascii	"length\000"
 623      746800
 624              		.ident	"GCC: (GNU Tools for ARM Embedded Processors) 5.4.1 20160609 (release) [ARM/embedded-5-bran
