ARM GAS  C:\Users\ingan\AppData\Local\Temp\ccRcDVP9.s 			page 1


   1              		.syntax unified
   2              		.cpu cortex-m3
   3              		.fpu softvfp
   4              		.eabi_attribute 20, 1
   5              		.eabi_attribute 21, 1
   6              		.eabi_attribute 23, 3
   7              		.eabi_attribute 24, 1
   8              		.eabi_attribute 25, 1
   9              		.eabi_attribute 26, 1
  10              		.eabi_attribute 30, 2
  11              		.eabi_attribute 34, 1
  12              		.eabi_attribute 18, 4
  13              		.thumb
  14              		.syntax unified
  15              		.file	"USBUART_cls.c"
  16              		.text
  17              	.Ltext0:
  18              		.cfi_sections	.debug_frame
  19              		.section	.text.USBUART_DispatchClassRqst,"ax",%progbits
  20              		.align	2
  21              		.global	USBUART_DispatchClassRqst
  22              		.thumb
  23              		.thumb_func
  24              		.type	USBUART_DispatchClassRqst, %function
  25              	USBUART_DispatchClassRqst:
  26              	.LFB0:
  27              		.file 1 "Generated_Source\\PSoC5\\USBUART_cls.c"
   1:Generated_Source\PSoC5/USBUART_cls.c **** /***************************************************************************//**
   2:Generated_Source\PSoC5/USBUART_cls.c **** * \file USBUART_cls.c
   3:Generated_Source\PSoC5/USBUART_cls.c **** * \version 3.10
   4:Generated_Source\PSoC5/USBUART_cls.c **** *
   5:Generated_Source\PSoC5/USBUART_cls.c **** * \brief
   6:Generated_Source\PSoC5/USBUART_cls.c **** *  This file contains the USB Class request handler.
   7:Generated_Source\PSoC5/USBUART_cls.c **** *
   8:Generated_Source\PSoC5/USBUART_cls.c **** ********************************************************************************
   9:Generated_Source\PSoC5/USBUART_cls.c **** * \copyright
  10:Generated_Source\PSoC5/USBUART_cls.c **** * Copyright 2008-2016, Cypress Semiconductor Corporation.  All rights reserved.
  11:Generated_Source\PSoC5/USBUART_cls.c **** * You may use this file only in accordance with the license, terms, conditions,
  12:Generated_Source\PSoC5/USBUART_cls.c **** * disclaimers, and limitations in the end user license agreement accompanying
  13:Generated_Source\PSoC5/USBUART_cls.c **** * the software package with which this file was provided.
  14:Generated_Source\PSoC5/USBUART_cls.c **** *******************************************************************************/
  15:Generated_Source\PSoC5/USBUART_cls.c **** 
  16:Generated_Source\PSoC5/USBUART_cls.c **** #include "USBUART_pvt.h"
  17:Generated_Source\PSoC5/USBUART_cls.c **** #include "cyapicallbacks.h"
  18:Generated_Source\PSoC5/USBUART_cls.c **** 
  19:Generated_Source\PSoC5/USBUART_cls.c **** #if(USBUART_EXTERN_CLS == USBUART_FALSE)
  20:Generated_Source\PSoC5/USBUART_cls.c **** 
  21:Generated_Source\PSoC5/USBUART_cls.c **** /***************************************
  22:Generated_Source\PSoC5/USBUART_cls.c **** * User Implemented Class Driver Declarations.
  23:Generated_Source\PSoC5/USBUART_cls.c **** ***************************************/
  24:Generated_Source\PSoC5/USBUART_cls.c **** /* `#START USER_DEFINED_CLASS_DECLARATIONS` Place your declaration here */
  25:Generated_Source\PSoC5/USBUART_cls.c **** 
  26:Generated_Source\PSoC5/USBUART_cls.c **** /* `#END` */
  27:Generated_Source\PSoC5/USBUART_cls.c **** 
  28:Generated_Source\PSoC5/USBUART_cls.c **** 
  29:Generated_Source\PSoC5/USBUART_cls.c **** /*******************************************************************************
  30:Generated_Source\PSoC5/USBUART_cls.c **** * Function Name: USBUART_DispatchClassRqst
ARM GAS  C:\Users\ingan\AppData\Local\Temp\ccRcDVP9.s 			page 2


  31:Generated_Source\PSoC5/USBUART_cls.c **** ****************************************************************************//**
  32:Generated_Source\PSoC5/USBUART_cls.c **** *  This routine dispatches class specific requests depend on interface class.
  33:Generated_Source\PSoC5/USBUART_cls.c **** *
  34:Generated_Source\PSoC5/USBUART_cls.c **** * \return
  35:Generated_Source\PSoC5/USBUART_cls.c **** *  requestHandled.
  36:Generated_Source\PSoC5/USBUART_cls.c **** *
  37:Generated_Source\PSoC5/USBUART_cls.c **** * \reentrant
  38:Generated_Source\PSoC5/USBUART_cls.c **** *  No.
  39:Generated_Source\PSoC5/USBUART_cls.c **** *
  40:Generated_Source\PSoC5/USBUART_cls.c **** *******************************************************************************/
  41:Generated_Source\PSoC5/USBUART_cls.c **** uint8 USBUART_DispatchClassRqst(void) 
  42:Generated_Source\PSoC5/USBUART_cls.c **** {
  28              		.loc 1 42 0
  29              		.cfi_startproc
  30              		@ args = 0, pretend = 0, frame = 0
  31              		@ frame_needed = 0, uses_anonymous_args = 0
  32              		@ link register save eliminated.
  43:Generated_Source\PSoC5/USBUART_cls.c ****     uint8 requestHandled;
  44:Generated_Source\PSoC5/USBUART_cls.c ****     uint8 interfaceNumber;
  45:Generated_Source\PSoC5/USBUART_cls.c **** 
  46:Generated_Source\PSoC5/USBUART_cls.c ****     /* Get interface to which request is intended. */
  47:Generated_Source\PSoC5/USBUART_cls.c ****     switch (USBUART_bmRequestTypeReg & USBUART_RQST_RCPT_MASK)
  33              		.loc 1 47 0
  34 0000 134A     		ldr	r2, .L14
  35 0002 1378     		ldrb	r3, [r2]	@ zero_extendqisi2
  36 0004 03F00303 		and	r3, r3, #3
  37 0008 012B     		cmp	r3, #1
  38 000a 1CD0     		beq	.L3
  39 000c 022B     		cmp	r3, #2
  40 000e 09D0     		beq	.L4
  41 0010 0023     		movs	r3, #0
  42              	.L2:
  48:Generated_Source\PSoC5/USBUART_cls.c ****     {
  49:Generated_Source\PSoC5/USBUART_cls.c ****         case USBUART_RQST_RCPT_IFC:
  50:Generated_Source\PSoC5/USBUART_cls.c ****             /* Class-specific request directed to interface: wIndexLoReg 
  51:Generated_Source\PSoC5/USBUART_cls.c ****             * contains interface number.
  52:Generated_Source\PSoC5/USBUART_cls.c ****             */
  53:Generated_Source\PSoC5/USBUART_cls.c ****             interfaceNumber = (uint8) USBUART_wIndexLoReg;
  54:Generated_Source\PSoC5/USBUART_cls.c ****             break;
  55:Generated_Source\PSoC5/USBUART_cls.c ****         
  56:Generated_Source\PSoC5/USBUART_cls.c ****         case USBUART_RQST_RCPT_EP:
  57:Generated_Source\PSoC5/USBUART_cls.c ****             /* Class-specific request directed to endpoint: wIndexLoReg contains 
  58:Generated_Source\PSoC5/USBUART_cls.c ****             * endpoint number. Find interface related to endpoint, 
  59:Generated_Source\PSoC5/USBUART_cls.c ****             */
  60:Generated_Source\PSoC5/USBUART_cls.c ****             interfaceNumber = USBUART_EP[USBUART_wIndexLoReg & USBUART_DIR_UNUSED].interface;
  61:Generated_Source\PSoC5/USBUART_cls.c ****             break;
  62:Generated_Source\PSoC5/USBUART_cls.c ****             
  63:Generated_Source\PSoC5/USBUART_cls.c ****         default:
  64:Generated_Source\PSoC5/USBUART_cls.c ****             /* Default interface is zero. */
  65:Generated_Source\PSoC5/USBUART_cls.c ****             interfaceNumber = 0u;
  66:Generated_Source\PSoC5/USBUART_cls.c ****             break;
  67:Generated_Source\PSoC5/USBUART_cls.c ****     }
  68:Generated_Source\PSoC5/USBUART_cls.c **** 
  69:Generated_Source\PSoC5/USBUART_cls.c **** #if (defined(USBUART_ENABLE_HID_CLASS) ||\
  70:Generated_Source\PSoC5/USBUART_cls.c ****             defined(USBUART_ENABLE_AUDIO_CLASS) ||\
  71:Generated_Source\PSoC5/USBUART_cls.c ****             defined(USBUART_ENABLE_CDC_CLASS) ||\
  72:Generated_Source\PSoC5/USBUART_cls.c ****             USBUART_ENABLE_MSC_CLASS)
ARM GAS  C:\Users\ingan\AppData\Local\Temp\ccRcDVP9.s 			page 3


  73:Generated_Source\PSoC5/USBUART_cls.c **** 
  74:Generated_Source\PSoC5/USBUART_cls.c ****     /* Handle class request depends on interface type. */
  75:Generated_Source\PSoC5/USBUART_cls.c ****     switch (USBUART_interfaceClass[interfaceNumber])
  43              		.loc 1 75 0
  44 0012 104A     		ldr	r2, .L14+4
  45 0014 1268     		ldr	r2, [r2]
  46 0016 D35C     		ldrb	r3, [r2, r3]	@ zero_extendqisi2
  47 0018 022B     		cmp	r3, #2
  48 001a 12D0     		beq	.L6
  49              	.L13:
  50 001c 032B     		cmp	r3, #3
  51 001e 15D1     		bne	.L10
  76:Generated_Source\PSoC5/USBUART_cls.c ****     {
  77:Generated_Source\PSoC5/USBUART_cls.c ****     #if defined(USBUART_ENABLE_HID_CLASS)
  78:Generated_Source\PSoC5/USBUART_cls.c ****         case USBUART_CLASS_HID:
  79:Generated_Source\PSoC5/USBUART_cls.c ****             requestHandled = USBUART_DispatchHIDClassRqst();
  52              		.loc 1 79 0
  53 0020 FFF7FEBF 		b	USBUART_DispatchHIDClassRqst
  54              	.LVL0:
  55              	.L4:
  60:Generated_Source\PSoC5/USBUART_cls.c ****             break;
  56              		.loc 1 60 0
  57 0024 1379     		ldrb	r3, [r2, #4]	@ zero_extendqisi2
  58 0026 0C4A     		ldr	r2, .L14+8
  59 0028 03F07F03 		and	r3, r3, #127
  60 002c 03EB4303 		add	r3, r3, r3, lsl #1
  61 0030 02EB8303 		add	r3, r2, r3, lsl #2
  75:Generated_Source\PSoC5/USBUART_cls.c ****     {
  62              		.loc 1 75 0
  63 0034 074A     		ldr	r2, .L14+4
  60:Generated_Source\PSoC5/USBUART_cls.c ****             break;
  64              		.loc 1 60 0
  65 0036 9B7A     		ldrb	r3, [r3, #10]	@ zero_extendqisi2
  75:Generated_Source\PSoC5/USBUART_cls.c ****     {
  66              		.loc 1 75 0
  67 0038 1268     		ldr	r2, [r2]
  60:Generated_Source\PSoC5/USBUART_cls.c ****             break;
  68              		.loc 1 60 0
  69 003a DBB2     		uxtb	r3, r3
  75:Generated_Source\PSoC5/USBUART_cls.c ****     {
  70              		.loc 1 75 0
  71 003c D35C     		ldrb	r3, [r2, r3]	@ zero_extendqisi2
  72 003e 022B     		cmp	r3, #2
  73 0040 ECD1     		bne	.L13
  74              	.L6:
  80:Generated_Source\PSoC5/USBUART_cls.c ****             break;
  81:Generated_Source\PSoC5/USBUART_cls.c ****     #endif /* (USBUART_ENABLE_HID_CLASS) */
  82:Generated_Source\PSoC5/USBUART_cls.c ****             
  83:Generated_Source\PSoC5/USBUART_cls.c ****     #if defined(USBUART_ENABLE_AUDIO_CLASS)
  84:Generated_Source\PSoC5/USBUART_cls.c ****         case USBUART_CLASS_AUDIO:
  85:Generated_Source\PSoC5/USBUART_cls.c ****             requestHandled = USBUART_DispatchAUDIOClassRqst();
  86:Generated_Source\PSoC5/USBUART_cls.c ****             break;
  87:Generated_Source\PSoC5/USBUART_cls.c ****     #endif /* (USBUART_CLASS_AUDIO) */
  88:Generated_Source\PSoC5/USBUART_cls.c ****             
  89:Generated_Source\PSoC5/USBUART_cls.c ****     #if defined(USBUART_ENABLE_CDC_CLASS)
  90:Generated_Source\PSoC5/USBUART_cls.c ****         case USBUART_CLASS_CDC:
  91:Generated_Source\PSoC5/USBUART_cls.c ****             requestHandled = USBUART_DispatchCDCClassRqst();
ARM GAS  C:\Users\ingan\AppData\Local\Temp\ccRcDVP9.s 			page 4


  75              		.loc 1 91 0
  76 0042 FFF7FEBF 		b	USBUART_DispatchCDCClassRqst
  77              	.LVL1:
  78              	.L3:
  53:Generated_Source\PSoC5/USBUART_cls.c ****             break;
  79              		.loc 1 53 0
  80 0046 1379     		ldrb	r3, [r2, #4]	@ zero_extendqisi2
  81 0048 DBB2     		uxtb	r3, r3
  54:Generated_Source\PSoC5/USBUART_cls.c ****         
  82              		.loc 1 54 0
  83 004a E2E7     		b	.L2
  84              	.L10:
  85              	.LVL2:
  92:Generated_Source\PSoC5/USBUART_cls.c ****             break;
  93:Generated_Source\PSoC5/USBUART_cls.c ****     #endif /* (USBUART_ENABLE_CDC_CLASS) */
  94:Generated_Source\PSoC5/USBUART_cls.c ****         
  95:Generated_Source\PSoC5/USBUART_cls.c ****     #if (USBUART_ENABLE_MSC_CLASS)
  96:Generated_Source\PSoC5/USBUART_cls.c ****         case USBUART_CLASS_MSD:
  97:Generated_Source\PSoC5/USBUART_cls.c ****         #if (USBUART_HANDLE_MSC_REQUESTS)
  98:Generated_Source\PSoC5/USBUART_cls.c ****             /* MSC requests are handled by the component. */
  99:Generated_Source\PSoC5/USBUART_cls.c ****             requestHandled = USBUART_DispatchMSCClassRqst();
 100:Generated_Source\PSoC5/USBUART_cls.c ****         #elif defined(USBUART_DISPATCH_MSC_CLASS_RQST_CALLBACK)
 101:Generated_Source\PSoC5/USBUART_cls.c ****             /* MSC requests are handled by user defined callbcak. */
 102:Generated_Source\PSoC5/USBUART_cls.c ****             requestHandled = USBUART_DispatchMSCClassRqst_Callback();
 103:Generated_Source\PSoC5/USBUART_cls.c ****         #else
 104:Generated_Source\PSoC5/USBUART_cls.c ****             /* MSC requests are not handled. */
 105:Generated_Source\PSoC5/USBUART_cls.c ****             requestHandled = USBUART_FALSE;
 106:Generated_Source\PSoC5/USBUART_cls.c ****         #endif /* (USBUART_HANDLE_MSC_REQUESTS) */
 107:Generated_Source\PSoC5/USBUART_cls.c ****             break;
 108:Generated_Source\PSoC5/USBUART_cls.c ****     #endif /* (USBUART_ENABLE_MSC_CLASS) */
 109:Generated_Source\PSoC5/USBUART_cls.c ****         
 110:Generated_Source\PSoC5/USBUART_cls.c ****         default:
 111:Generated_Source\PSoC5/USBUART_cls.c ****             /* Request is not handled: unknown class request type. */
 112:Generated_Source\PSoC5/USBUART_cls.c ****             requestHandled = USBUART_FALSE;
 113:Generated_Source\PSoC5/USBUART_cls.c ****             break;
 114:Generated_Source\PSoC5/USBUART_cls.c ****     }
 115:Generated_Source\PSoC5/USBUART_cls.c **** #else /*No class is defined*/
 116:Generated_Source\PSoC5/USBUART_cls.c ****     if (0u != interfaceNumber)
 117:Generated_Source\PSoC5/USBUART_cls.c ****     {
 118:Generated_Source\PSoC5/USBUART_cls.c ****         /* Suppress warning message */
 119:Generated_Source\PSoC5/USBUART_cls.c ****     }
 120:Generated_Source\PSoC5/USBUART_cls.c ****     requestHandled = USBUART_FALSE;
 121:Generated_Source\PSoC5/USBUART_cls.c **** #endif /*HID or AUDIO or MSC or CDC class enabled*/
 122:Generated_Source\PSoC5/USBUART_cls.c **** 
 123:Generated_Source\PSoC5/USBUART_cls.c ****     /* `#START USER_DEFINED_CLASS_CODE` Place your Class request here */
 124:Generated_Source\PSoC5/USBUART_cls.c **** 
 125:Generated_Source\PSoC5/USBUART_cls.c ****     /* `#END` */
 126:Generated_Source\PSoC5/USBUART_cls.c **** 
 127:Generated_Source\PSoC5/USBUART_cls.c **** #ifdef USBUART_DISPATCH_CLASS_RQST_CALLBACK
 128:Generated_Source\PSoC5/USBUART_cls.c ****     if (USBUART_FALSE == requestHandled)
 129:Generated_Source\PSoC5/USBUART_cls.c ****     {
 130:Generated_Source\PSoC5/USBUART_cls.c ****         requestHandled = USBUART_DispatchClassRqst_Callback(interfaceNumber);
 131:Generated_Source\PSoC5/USBUART_cls.c ****     }
 132:Generated_Source\PSoC5/USBUART_cls.c **** #endif /* (USBUART_DISPATCH_CLASS_RQST_CALLBACK) */
 133:Generated_Source\PSoC5/USBUART_cls.c **** 
 134:Generated_Source\PSoC5/USBUART_cls.c ****     return (requestHandled);
 135:Generated_Source\PSoC5/USBUART_cls.c **** }
ARM GAS  C:\Users\ingan\AppData\Local\Temp\ccRcDVP9.s 			page 5


  86              		.loc 1 135 0
  87 004c 0020     		movs	r0, #0
  88 004e 7047     		bx	lr
  89              	.L15:
  90              		.align	2
  91              	.L14:
  92 0050 00600040 		.word	1073766400
  93 0054 00000000 		.word	USBUART_interfaceClass
  94 0058 00000000 		.word	USBUART_EP
  95              		.cfi_endproc
  96              	.LFE0:
  97              		.size	USBUART_DispatchClassRqst, .-USBUART_DispatchClassRqst
  98              		.text
  99              	.Letext0:
 100              		.file 2 "Generated_Source\\PSoC5\\cytypes.h"
 101              		.file 3 "Generated_Source\\PSoC5\\USBUART.h"
 102              		.file 4 "Generated_Source\\PSoC5\\USBUART_pvt.h"
 103              		.section	.debug_info,"",%progbits
 104              	.Ldebug_info0:
 105 0000 E7010000 		.4byte	0x1e7
 106 0004 0400     		.2byte	0x4
 107 0006 00000000 		.4byte	.Ldebug_abbrev0
 108 000a 04       		.byte	0x4
 109 000b 01       		.uleb128 0x1
 110 000c 1D000000 		.4byte	.LASF32
 111 0010 0C       		.byte	0xc
 112 0011 5A020000 		.4byte	.LASF33
 113 0015 CA010000 		.4byte	.LASF34
 114 0019 00000000 		.4byte	.Ldebug_ranges0+0
 115 001d 00000000 		.4byte	0
 116 0021 00000000 		.4byte	.Ldebug_line0
 117 0025 02       		.uleb128 0x2
 118 0026 01       		.byte	0x1
 119 0027 06       		.byte	0x6
 120 0028 C5020000 		.4byte	.LASF0
 121 002c 02       		.uleb128 0x2
 122 002d 01       		.byte	0x1
 123 002e 08       		.byte	0x8
 124 002f 2C010000 		.4byte	.LASF1
 125 0033 02       		.uleb128 0x2
 126 0034 02       		.byte	0x2
 127 0035 05       		.byte	0x5
 128 0036 7F020000 		.4byte	.LASF2
 129 003a 02       		.uleb128 0x2
 130 003b 02       		.byte	0x2
 131 003c 07       		.byte	0x7
 132 003d AB000000 		.4byte	.LASF3
 133 0041 02       		.uleb128 0x2
 134 0042 04       		.byte	0x4
 135 0043 05       		.byte	0x5
 136 0044 99020000 		.4byte	.LASF4
 137 0048 02       		.uleb128 0x2
 138 0049 04       		.byte	0x4
 139 004a 07       		.byte	0x7
 140 004b 05010000 		.4byte	.LASF5
 141 004f 02       		.uleb128 0x2
 142 0050 08       		.byte	0x8
ARM GAS  C:\Users\ingan\AppData\Local\Temp\ccRcDVP9.s 			page 6


 143 0051 05       		.byte	0x5
 144 0052 3C020000 		.4byte	.LASF6
 145 0056 02       		.uleb128 0x2
 146 0057 08       		.byte	0x8
 147 0058 07       		.byte	0x7
 148 0059 8F010000 		.4byte	.LASF7
 149 005d 03       		.uleb128 0x3
 150 005e 04       		.byte	0x4
 151 005f 05       		.byte	0x5
 152 0060 696E7400 		.ascii	"int\000"
 153 0064 02       		.uleb128 0x2
 154 0065 04       		.byte	0x4
 155 0066 07       		.byte	0x7
 156 0067 82010000 		.4byte	.LASF8
 157 006b 04       		.uleb128 0x4
 158 006c 89020000 		.4byte	.LASF9
 159 0070 02       		.byte	0x2
 160 0071 9201     		.2byte	0x192
 161 0073 2C000000 		.4byte	0x2c
 162 0077 04       		.uleb128 0x4
 163 0078 53010000 		.4byte	.LASF10
 164 007c 02       		.byte	0x2
 165 007d 9301     		.2byte	0x193
 166 007f 3A000000 		.4byte	0x3a
 167 0083 02       		.uleb128 0x2
 168 0084 04       		.byte	0x4
 169 0085 04       		.byte	0x4
 170 0086 EB000000 		.4byte	.LASF11
 171 008a 02       		.uleb128 0x2
 172 008b 08       		.byte	0x8
 173 008c 04       		.byte	0x4
 174 008d 3A010000 		.4byte	.LASF12
 175 0091 02       		.uleb128 0x2
 176 0092 01       		.byte	0x1
 177 0093 08       		.byte	0x8
 178 0094 4A020000 		.4byte	.LASF13
 179 0098 02       		.uleb128 0x2
 180 0099 08       		.byte	0x8
 181 009a 04       		.byte	0x4
 182 009b B9020000 		.4byte	.LASF14
 183 009f 02       		.uleb128 0x2
 184 00a0 04       		.byte	0x4
 185 00a1 07       		.byte	0x7
 186 00a2 2C020000 		.4byte	.LASF15
 187 00a6 05       		.uleb128 0x5
 188 00a7 0C       		.byte	0xc
 189 00a8 03       		.byte	0x3
 190 00a9 91       		.byte	0x91
 191 00aa 1B010000 		.4byte	0x11b
 192 00ae 06       		.uleb128 0x6
 193 00af 41010000 		.4byte	.LASF16
 194 00b3 03       		.byte	0x3
 195 00b4 93       		.byte	0x93
 196 00b5 6B000000 		.4byte	0x6b
 197 00b9 00       		.byte	0
 198 00ba 06       		.uleb128 0x6
 199 00bb 5A010000 		.4byte	.LASF17
ARM GAS  C:\Users\ingan\AppData\Local\Temp\ccRcDVP9.s 			page 7


 200 00bf 03       		.byte	0x3
 201 00c0 94       		.byte	0x94
 202 00c1 6B000000 		.4byte	0x6b
 203 00c5 01       		.byte	0x1
 204 00c6 06       		.uleb128 0x6
 205 00c7 A6010000 		.4byte	.LASF18
 206 00cb 03       		.byte	0x3
 207 00cc 95       		.byte	0x95
 208 00cd 6B000000 		.4byte	0x6b
 209 00d1 02       		.byte	0x2
 210 00d2 06       		.uleb128 0x6
 211 00d3 F1000000 		.4byte	.LASF19
 212 00d7 03       		.byte	0x3
 213 00d8 96       		.byte	0x96
 214 00d9 6B000000 		.4byte	0x6b
 215 00dd 03       		.byte	0x3
 216 00de 06       		.uleb128 0x6
 217 00df 17010000 		.4byte	.LASF20
 218 00e3 03       		.byte	0x3
 219 00e4 97       		.byte	0x97
 220 00e5 6B000000 		.4byte	0x6b
 221 00e9 04       		.byte	0x4
 222 00ea 06       		.uleb128 0x6
 223 00eb 35020000 		.4byte	.LASF21
 224 00ef 03       		.byte	0x3
 225 00f0 98       		.byte	0x98
 226 00f1 6B000000 		.4byte	0x6b
 227 00f5 05       		.byte	0x5
 228 00f6 06       		.uleb128 0x6
 229 00f7 48010000 		.4byte	.LASF22
 230 00fb 03       		.byte	0x3
 231 00fc 99       		.byte	0x99
 232 00fd 77000000 		.4byte	0x77
 233 0101 06       		.byte	0x6
 234 0102 06       		.uleb128 0x6
 235 0103 4F020000 		.4byte	.LASF23
 236 0107 03       		.byte	0x3
 237 0108 9A       		.byte	0x9a
 238 0109 77000000 		.4byte	0x77
 239 010d 08       		.byte	0x8
 240 010e 06       		.uleb128 0x6
 241 010f 8F020000 		.4byte	.LASF24
 242 0113 03       		.byte	0x3
 243 0114 9B       		.byte	0x9b
 244 0115 6B000000 		.4byte	0x6b
 245 0119 0A       		.byte	0xa
 246 011a 00       		.byte	0
 247 011b 07       		.uleb128 0x7
 248 011c A2020000 		.4byte	.LASF25
 249 0120 03       		.byte	0x3
 250 0121 9C       		.byte	0x9c
 251 0122 A6000000 		.4byte	0xa6
 252 0126 05       		.uleb128 0x5
 253 0127 08       		.byte	0x8
 254 0128 03       		.byte	0x3
 255 0129 C9       		.byte	0xc9
 256 012a 3B010000 		.4byte	0x13b
ARM GAS  C:\Users\ingan\AppData\Local\Temp\ccRcDVP9.s 			page 8


 257 012e 06       		.uleb128 0x6
 258 012f D5000000 		.4byte	.LASF26
 259 0133 03       		.byte	0x3
 260 0134 CB       		.byte	0xcb
 261 0135 3B010000 		.4byte	0x13b
 262 0139 00       		.byte	0
 263 013a 00       		.byte	0
 264 013b 08       		.uleb128 0x8
 265 013c 6B000000 		.4byte	0x6b
 266 0140 4B010000 		.4byte	0x14b
 267 0144 09       		.uleb128 0x9
 268 0145 9F000000 		.4byte	0x9f
 269 0149 07       		.byte	0x7
 270 014a 00       		.byte	0
 271 014b 07       		.uleb128 0x7
 272 014c 14020000 		.4byte	.LASF27
 273 0150 03       		.byte	0x3
 274 0151 CC       		.byte	0xcc
 275 0152 26010000 		.4byte	0x126
 276 0156 0A       		.uleb128 0xa
 277 0157 B0010000 		.4byte	.LASF35
 278 015b 01       		.byte	0x1
 279 015c 29       		.byte	0x29
 280 015d 6B000000 		.4byte	0x6b
 281 0161 00000000 		.4byte	.LFB0
 282 0165 5C000000 		.4byte	.LFE0-.LFB0
 283 0169 01       		.uleb128 0x1
 284 016a 9C       		.byte	0x9c
 285 016b 99010000 		.4byte	0x199
 286 016f 0B       		.uleb128 0xb
 287 0170 DC000000 		.4byte	.LASF36
 288 0174 01       		.byte	0x1
 289 0175 2B       		.byte	0x2b
 290 0176 6B000000 		.4byte	0x6b
 291 017a 00       		.byte	0
 292 017b 0C       		.uleb128 0xc
 293 017c 1C010000 		.4byte	.LASF37
 294 0180 01       		.byte	0x1
 295 0181 2C       		.byte	0x2c
 296 0182 6B000000 		.4byte	0x6b
 297 0186 0D       		.uleb128 0xd
 298 0187 24000000 		.4byte	.LVL0
 299 018b D4010000 		.4byte	0x1d4
 300 018f 0D       		.uleb128 0xd
 301 0190 46000000 		.4byte	.LVL1
 302 0194 DF010000 		.4byte	0x1df
 303 0198 00       		.byte	0
 304 0199 0E       		.uleb128 0xe
 305 019a BE000000 		.4byte	.LASF28
 306 019e 04       		.byte	0x4
 307 019f 78       		.byte	0x78
 308 01a0 A4010000 		.4byte	0x1a4
 309 01a4 0F       		.uleb128 0xf
 310 01a5 04       		.byte	0x4
 311 01a6 AA010000 		.4byte	0x1aa
 312 01aa 10       		.uleb128 0x10
 313 01ab 6B000000 		.4byte	0x6b
ARM GAS  C:\Users\ingan\AppData\Local\Temp\ccRcDVP9.s 			page 9


 314 01af 08       		.uleb128 0x8
 315 01b0 BF010000 		.4byte	0x1bf
 316 01b4 BF010000 		.4byte	0x1bf
 317 01b8 09       		.uleb128 0x9
 318 01b9 9F000000 		.4byte	0x9f
 319 01bd 08       		.byte	0x8
 320 01be 00       		.byte	0
 321 01bf 11       		.uleb128 0x11
 322 01c0 1B010000 		.4byte	0x11b
 323 01c4 0E       		.uleb128 0xe
 324 01c5 FA000000 		.4byte	.LASF29
 325 01c9 04       		.byte	0x4
 326 01ca 7A       		.byte	0x7a
 327 01cb CF010000 		.4byte	0x1cf
 328 01cf 11       		.uleb128 0x11
 329 01d0 AF010000 		.4byte	0x1af
 330 01d4 12       		.uleb128 0x12
 331 01d5 00000000 		.4byte	.LASF30
 332 01d9 00000000 		.4byte	.LASF30
 333 01dd 04       		.byte	0x4
 334 01de D7       		.byte	0xd7
 335 01df 12       		.uleb128 0x12
 336 01e0 65010000 		.4byte	.LASF31
 337 01e4 65010000 		.4byte	.LASF31
 338 01e8 04       		.byte	0x4
 339 01e9 DF       		.byte	0xdf
 340 01ea 00       		.byte	0
 341              		.section	.debug_abbrev,"",%progbits
 342              	.Ldebug_abbrev0:
 343 0000 01       		.uleb128 0x1
 344 0001 11       		.uleb128 0x11
 345 0002 01       		.byte	0x1
 346 0003 25       		.uleb128 0x25
 347 0004 0E       		.uleb128 0xe
 348 0005 13       		.uleb128 0x13
 349 0006 0B       		.uleb128 0xb
 350 0007 03       		.uleb128 0x3
 351 0008 0E       		.uleb128 0xe
 352 0009 1B       		.uleb128 0x1b
 353 000a 0E       		.uleb128 0xe
 354 000b 55       		.uleb128 0x55
 355 000c 17       		.uleb128 0x17
 356 000d 11       		.uleb128 0x11
 357 000e 01       		.uleb128 0x1
 358 000f 10       		.uleb128 0x10
 359 0010 17       		.uleb128 0x17
 360 0011 00       		.byte	0
 361 0012 00       		.byte	0
 362 0013 02       		.uleb128 0x2
 363 0014 24       		.uleb128 0x24
 364 0015 00       		.byte	0
 365 0016 0B       		.uleb128 0xb
 366 0017 0B       		.uleb128 0xb
 367 0018 3E       		.uleb128 0x3e
 368 0019 0B       		.uleb128 0xb
 369 001a 03       		.uleb128 0x3
 370 001b 0E       		.uleb128 0xe
ARM GAS  C:\Users\ingan\AppData\Local\Temp\ccRcDVP9.s 			page 10


 371 001c 00       		.byte	0
 372 001d 00       		.byte	0
 373 001e 03       		.uleb128 0x3
 374 001f 24       		.uleb128 0x24
 375 0020 00       		.byte	0
 376 0021 0B       		.uleb128 0xb
 377 0022 0B       		.uleb128 0xb
 378 0023 3E       		.uleb128 0x3e
 379 0024 0B       		.uleb128 0xb
 380 0025 03       		.uleb128 0x3
 381 0026 08       		.uleb128 0x8
 382 0027 00       		.byte	0
 383 0028 00       		.byte	0
 384 0029 04       		.uleb128 0x4
 385 002a 16       		.uleb128 0x16
 386 002b 00       		.byte	0
 387 002c 03       		.uleb128 0x3
 388 002d 0E       		.uleb128 0xe
 389 002e 3A       		.uleb128 0x3a
 390 002f 0B       		.uleb128 0xb
 391 0030 3B       		.uleb128 0x3b
 392 0031 05       		.uleb128 0x5
 393 0032 49       		.uleb128 0x49
 394 0033 13       		.uleb128 0x13
 395 0034 00       		.byte	0
 396 0035 00       		.byte	0
 397 0036 05       		.uleb128 0x5
 398 0037 13       		.uleb128 0x13
 399 0038 01       		.byte	0x1
 400 0039 0B       		.uleb128 0xb
 401 003a 0B       		.uleb128 0xb
 402 003b 3A       		.uleb128 0x3a
 403 003c 0B       		.uleb128 0xb
 404 003d 3B       		.uleb128 0x3b
 405 003e 0B       		.uleb128 0xb
 406 003f 01       		.uleb128 0x1
 407 0040 13       		.uleb128 0x13
 408 0041 00       		.byte	0
 409 0042 00       		.byte	0
 410 0043 06       		.uleb128 0x6
 411 0044 0D       		.uleb128 0xd
 412 0045 00       		.byte	0
 413 0046 03       		.uleb128 0x3
 414 0047 0E       		.uleb128 0xe
 415 0048 3A       		.uleb128 0x3a
 416 0049 0B       		.uleb128 0xb
 417 004a 3B       		.uleb128 0x3b
 418 004b 0B       		.uleb128 0xb
 419 004c 49       		.uleb128 0x49
 420 004d 13       		.uleb128 0x13
 421 004e 38       		.uleb128 0x38
 422 004f 0B       		.uleb128 0xb
 423 0050 00       		.byte	0
 424 0051 00       		.byte	0
 425 0052 07       		.uleb128 0x7
 426 0053 16       		.uleb128 0x16
 427 0054 00       		.byte	0
ARM GAS  C:\Users\ingan\AppData\Local\Temp\ccRcDVP9.s 			page 11


 428 0055 03       		.uleb128 0x3
 429 0056 0E       		.uleb128 0xe
 430 0057 3A       		.uleb128 0x3a
 431 0058 0B       		.uleb128 0xb
 432 0059 3B       		.uleb128 0x3b
 433 005a 0B       		.uleb128 0xb
 434 005b 49       		.uleb128 0x49
 435 005c 13       		.uleb128 0x13
 436 005d 00       		.byte	0
 437 005e 00       		.byte	0
 438 005f 08       		.uleb128 0x8
 439 0060 01       		.uleb128 0x1
 440 0061 01       		.byte	0x1
 441 0062 49       		.uleb128 0x49
 442 0063 13       		.uleb128 0x13
 443 0064 01       		.uleb128 0x1
 444 0065 13       		.uleb128 0x13
 445 0066 00       		.byte	0
 446 0067 00       		.byte	0
 447 0068 09       		.uleb128 0x9
 448 0069 21       		.uleb128 0x21
 449 006a 00       		.byte	0
 450 006b 49       		.uleb128 0x49
 451 006c 13       		.uleb128 0x13
 452 006d 2F       		.uleb128 0x2f
 453 006e 0B       		.uleb128 0xb
 454 006f 00       		.byte	0
 455 0070 00       		.byte	0
 456 0071 0A       		.uleb128 0xa
 457 0072 2E       		.uleb128 0x2e
 458 0073 01       		.byte	0x1
 459 0074 3F       		.uleb128 0x3f
 460 0075 19       		.uleb128 0x19
 461 0076 03       		.uleb128 0x3
 462 0077 0E       		.uleb128 0xe
 463 0078 3A       		.uleb128 0x3a
 464 0079 0B       		.uleb128 0xb
 465 007a 3B       		.uleb128 0x3b
 466 007b 0B       		.uleb128 0xb
 467 007c 27       		.uleb128 0x27
 468 007d 19       		.uleb128 0x19
 469 007e 49       		.uleb128 0x49
 470 007f 13       		.uleb128 0x13
 471 0080 11       		.uleb128 0x11
 472 0081 01       		.uleb128 0x1
 473 0082 12       		.uleb128 0x12
 474 0083 06       		.uleb128 0x6
 475 0084 40       		.uleb128 0x40
 476 0085 18       		.uleb128 0x18
 477 0086 9742     		.uleb128 0x2117
 478 0088 19       		.uleb128 0x19
 479 0089 01       		.uleb128 0x1
 480 008a 13       		.uleb128 0x13
 481 008b 00       		.byte	0
 482 008c 00       		.byte	0
 483 008d 0B       		.uleb128 0xb
 484 008e 34       		.uleb128 0x34
ARM GAS  C:\Users\ingan\AppData\Local\Temp\ccRcDVP9.s 			page 12


 485 008f 00       		.byte	0
 486 0090 03       		.uleb128 0x3
 487 0091 0E       		.uleb128 0xe
 488 0092 3A       		.uleb128 0x3a
 489 0093 0B       		.uleb128 0xb
 490 0094 3B       		.uleb128 0x3b
 491 0095 0B       		.uleb128 0xb
 492 0096 49       		.uleb128 0x49
 493 0097 13       		.uleb128 0x13
 494 0098 1C       		.uleb128 0x1c
 495 0099 0B       		.uleb128 0xb
 496 009a 00       		.byte	0
 497 009b 00       		.byte	0
 498 009c 0C       		.uleb128 0xc
 499 009d 34       		.uleb128 0x34
 500 009e 00       		.byte	0
 501 009f 03       		.uleb128 0x3
 502 00a0 0E       		.uleb128 0xe
 503 00a1 3A       		.uleb128 0x3a
 504 00a2 0B       		.uleb128 0xb
 505 00a3 3B       		.uleb128 0x3b
 506 00a4 0B       		.uleb128 0xb
 507 00a5 49       		.uleb128 0x49
 508 00a6 13       		.uleb128 0x13
 509 00a7 00       		.byte	0
 510 00a8 00       		.byte	0
 511 00a9 0D       		.uleb128 0xd
 512 00aa 898201   		.uleb128 0x4109
 513 00ad 00       		.byte	0
 514 00ae 11       		.uleb128 0x11
 515 00af 01       		.uleb128 0x1
 516 00b0 9542     		.uleb128 0x2115
 517 00b2 19       		.uleb128 0x19
 518 00b3 31       		.uleb128 0x31
 519 00b4 13       		.uleb128 0x13
 520 00b5 00       		.byte	0
 521 00b6 00       		.byte	0
 522 00b7 0E       		.uleb128 0xe
 523 00b8 34       		.uleb128 0x34
 524 00b9 00       		.byte	0
 525 00ba 03       		.uleb128 0x3
 526 00bb 0E       		.uleb128 0xe
 527 00bc 3A       		.uleb128 0x3a
 528 00bd 0B       		.uleb128 0xb
 529 00be 3B       		.uleb128 0x3b
 530 00bf 0B       		.uleb128 0xb
 531 00c0 49       		.uleb128 0x49
 532 00c1 13       		.uleb128 0x13
 533 00c2 3F       		.uleb128 0x3f
 534 00c3 19       		.uleb128 0x19
 535 00c4 3C       		.uleb128 0x3c
 536 00c5 19       		.uleb128 0x19
 537 00c6 00       		.byte	0
 538 00c7 00       		.byte	0
 539 00c8 0F       		.uleb128 0xf
 540 00c9 0F       		.uleb128 0xf
 541 00ca 00       		.byte	0
ARM GAS  C:\Users\ingan\AppData\Local\Temp\ccRcDVP9.s 			page 13


 542 00cb 0B       		.uleb128 0xb
 543 00cc 0B       		.uleb128 0xb
 544 00cd 49       		.uleb128 0x49
 545 00ce 13       		.uleb128 0x13
 546 00cf 00       		.byte	0
 547 00d0 00       		.byte	0
 548 00d1 10       		.uleb128 0x10
 549 00d2 26       		.uleb128 0x26
 550 00d3 00       		.byte	0
 551 00d4 49       		.uleb128 0x49
 552 00d5 13       		.uleb128 0x13
 553 00d6 00       		.byte	0
 554 00d7 00       		.byte	0
 555 00d8 11       		.uleb128 0x11
 556 00d9 35       		.uleb128 0x35
 557 00da 00       		.byte	0
 558 00db 49       		.uleb128 0x49
 559 00dc 13       		.uleb128 0x13
 560 00dd 00       		.byte	0
 561 00de 00       		.byte	0
 562 00df 12       		.uleb128 0x12
 563 00e0 2E       		.uleb128 0x2e
 564 00e1 00       		.byte	0
 565 00e2 3F       		.uleb128 0x3f
 566 00e3 19       		.uleb128 0x19
 567 00e4 3C       		.uleb128 0x3c
 568 00e5 19       		.uleb128 0x19
 569 00e6 6E       		.uleb128 0x6e
 570 00e7 0E       		.uleb128 0xe
 571 00e8 03       		.uleb128 0x3
 572 00e9 0E       		.uleb128 0xe
 573 00ea 3A       		.uleb128 0x3a
 574 00eb 0B       		.uleb128 0xb
 575 00ec 3B       		.uleb128 0x3b
 576 00ed 0B       		.uleb128 0xb
 577 00ee 00       		.byte	0
 578 00ef 00       		.byte	0
 579 00f0 00       		.byte	0
 580              		.section	.debug_aranges,"",%progbits
 581 0000 1C000000 		.4byte	0x1c
 582 0004 0200     		.2byte	0x2
 583 0006 00000000 		.4byte	.Ldebug_info0
 584 000a 04       		.byte	0x4
 585 000b 00       		.byte	0
 586 000c 0000     		.2byte	0
 587 000e 0000     		.2byte	0
 588 0010 00000000 		.4byte	.LFB0
 589 0014 5C000000 		.4byte	.LFE0-.LFB0
 590 0018 00000000 		.4byte	0
 591 001c 00000000 		.4byte	0
 592              		.section	.debug_ranges,"",%progbits
 593              	.Ldebug_ranges0:
 594 0000 00000000 		.4byte	.LFB0
 595 0004 5C000000 		.4byte	.LFE0
 596 0008 00000000 		.4byte	0
 597 000c 00000000 		.4byte	0
 598              		.section	.debug_line,"",%progbits
ARM GAS  C:\Users\ingan\AppData\Local\Temp\ccRcDVP9.s 			page 14


 599              	.Ldebug_line0:
 600 0000 9D000000 		.section	.debug_str,"MS",%progbits,1
 600      02006600 
 600      00000201 
 600      FB0E0D00 
 600      01010101 
 601              	.LASF30:
 602 0000 55534255 		.ascii	"USBUART_DispatchHIDClassRqst\000"
 602      4152545F 
 602      44697370 
 602      61746368 
 602      48494443 
 603              	.LASF32:
 604 001d 474E5520 		.ascii	"GNU C11 5.4.1 20160609 (release) [ARM/embedded-5-br"
 604      43313120 
 604      352E342E 
 604      31203230 
 604      31363036 
 605 0050 616E6368 		.ascii	"anch revision 237715] -mcpu=cortex-m3 -mthumb -g -O"
 605      20726576 
 605      6973696F 
 605      6E203233 
 605      37373135 
 606 0083 33202D66 		.ascii	"3 -ffunction-sections -ffat-lto-objects\000"
 606      66756E63 
 606      74696F6E 
 606      2D736563 
 606      74696F6E 
 607              	.LASF3:
 608 00ab 73686F72 		.ascii	"short unsigned int\000"
 608      7420756E 
 608      7369676E 
 608      65642069 
 608      6E7400
 609              	.LASF28:
 610 00be 55534255 		.ascii	"USBUART_interfaceClass\000"
 610      4152545F 
 610      696E7465 
 610      72666163 
 610      65436C61 
 611              	.LASF26:
 612 00d5 65704461 		.ascii	"epData\000"
 612      746100
 613              	.LASF36:
 614 00dc 72657175 		.ascii	"requestHandled\000"
 614      65737448 
 614      616E646C 
 614      656400
 615              	.LASF11:
 616 00eb 666C6F61 		.ascii	"float\000"
 616      7400
 617              	.LASF19:
 618 00f1 6570546F 		.ascii	"epToggle\000"
 618      67676C65 
 618      00
 619              	.LASF29:
 620 00fa 55534255 		.ascii	"USBUART_EP\000"
ARM GAS  C:\Users\ingan\AppData\Local\Temp\ccRcDVP9.s 			page 15


 620      4152545F 
 620      455000
 621              	.LASF5:
 622 0105 6C6F6E67 		.ascii	"long unsigned int\000"
 622      20756E73 
 622      69676E65 
 622      6420696E 
 622      7400
 623              	.LASF20:
 624 0117 61646472 		.ascii	"addr\000"
 624      00
 625              	.LASF37:
 626 011c 696E7465 		.ascii	"interfaceNumber\000"
 626      72666163 
 626      654E756D 
 626      62657200 
 627              	.LASF1:
 628 012c 756E7369 		.ascii	"unsigned char\000"
 628      676E6564 
 628      20636861 
 628      7200
 629              	.LASF12:
 630 013a 646F7562 		.ascii	"double\000"
 630      6C6500
 631              	.LASF16:
 632 0141 61747472 		.ascii	"attrib\000"
 632      696200
 633              	.LASF22:
 634 0148 62756666 		.ascii	"buffOffset\000"
 634      4F666673 
 634      657400
 635              	.LASF10:
 636 0153 75696E74 		.ascii	"uint16\000"
 636      313600
 637              	.LASF17:
 638 015a 61706945 		.ascii	"apiEpState\000"
 638      70537461 
 638      746500
 639              	.LASF31:
 640 0165 55534255 		.ascii	"USBUART_DispatchCDCClassRqst\000"
 640      4152545F 
 640      44697370 
 640      61746368 
 640      43444343 
 641              	.LASF8:
 642 0182 756E7369 		.ascii	"unsigned int\000"
 642      676E6564 
 642      20696E74 
 642      00
 643              	.LASF7:
 644 018f 6C6F6E67 		.ascii	"long long unsigned int\000"
 644      206C6F6E 
 644      6720756E 
 644      7369676E 
 644      65642069 
 645              	.LASF18:
 646 01a6 68774570 		.ascii	"hwEpState\000"
ARM GAS  C:\Users\ingan\AppData\Local\Temp\ccRcDVP9.s 			page 16


 646      53746174 
 646      6500
 647              	.LASF35:
 648 01b0 55534255 		.ascii	"USBUART_DispatchClassRqst\000"
 648      4152545F 
 648      44697370 
 648      61746368 
 648      436C6173 
 649              	.LASF34:
 650 01ca 433A5C55 		.ascii	"C:\\Users\\ingan\\Documents\\PSoC Creator\\MegaDriv"
 650      73657273 
 650      5C696E67 
 650      616E5C44 
 650      6F63756D 
 651 01f8 655F706C 		.ascii	"e_player\\USBFS_UART01.cydsn\000"
 651      61796572 
 651      5C555342 
 651      46535F55 
 651      41525430 
 652              	.LASF27:
 653 0214 55534255 		.ascii	"USBUART_ep0_data_struct\000"
 653      4152545F 
 653      6570305F 
 653      64617461 
 653      5F737472 
 654              	.LASF15:
 655 022c 73697A65 		.ascii	"sizetype\000"
 655      74797065 
 655      00
 656              	.LASF21:
 657 0235 65704D6F 		.ascii	"epMode\000"
 657      646500
 658              	.LASF6:
 659 023c 6C6F6E67 		.ascii	"long long int\000"
 659      206C6F6E 
 659      6720696E 
 659      7400
 660              	.LASF13:
 661 024a 63686172 		.ascii	"char\000"
 661      00
 662              	.LASF23:
 663 024f 62756666 		.ascii	"bufferSize\000"
 663      65725369 
 663      7A6500
 664              	.LASF33:
 665 025a 47656E65 		.ascii	"Generated_Source\\PSoC5\\USBUART_cls.c\000"
 665      72617465 
 665      645F536F 
 665      75726365 
 665      5C50536F 
 666              	.LASF2:
 667 027f 73686F72 		.ascii	"short int\000"
 667      7420696E 
 667      7400
 668              	.LASF9:
 669 0289 75696E74 		.ascii	"uint8\000"
 669      3800
ARM GAS  C:\Users\ingan\AppData\Local\Temp\ccRcDVP9.s 			page 17


 670              	.LASF24:
 671 028f 696E7465 		.ascii	"interface\000"
 671      72666163 
 671      6500
 672              	.LASF4:
 673 0299 6C6F6E67 		.ascii	"long int\000"
 673      20696E74 
 673      00
 674              	.LASF25:
 675 02a2 545F5553 		.ascii	"T_USBUART_EP_CTL_BLOCK\000"
 675      42554152 
 675      545F4550 
 675      5F43544C 
 675      5F424C4F 
 676              	.LASF14:
 677 02b9 6C6F6E67 		.ascii	"long double\000"
 677      20646F75 
 677      626C6500 
 678              	.LASF0:
 679 02c5 7369676E 		.ascii	"signed char\000"
 679      65642063 
 679      68617200 
 680              		.ident	"GCC: (GNU Tools for ARM Embedded Processors) 5.4.1 20160609 (release) [ARM/embedded-5-bran
