ARM GAS  C:\Users\ingan\AppData\Local\Temp\ccC12XHu.s 			page 1


   1              		.syntax unified
   2              		.cpu cortex-m3
   3              		.fpu softvfp
   4              		.eabi_attribute 20, 1
   5              		.eabi_attribute 21, 1
   6              		.eabi_attribute 23, 3
   7              		.eabi_attribute 24, 1
   8              		.eabi_attribute 25, 1
   9              		.eabi_attribute 26, 1
  10              		.eabi_attribute 30, 1
  11              		.eabi_attribute 34, 1
  12              		.eabi_attribute 18, 4
  13              		.thumb
  14              		.syntax unified
  15              		.file	"cymetadata.c"
  16              		.text
  17              	.Ltext0:
  18              		.cfi_sections	.debug_frame
  19              		.global	cy_metadata
  20              		.global	cy_meta_flashprotect
  21              		.global	cy_meta_wonvl
  22              		.global	cy_meta_custnvl
  23              		.global	cy_meta_configecc
  24              		.section	.cyconfigecc,"a",%progbits
  25              		.align	2
  26              		.type	cy_meta_configecc, %object
  27              		.size	cy_meta_configecc, 132
  28              	cy_meta_configecc:
  29 0000 03       		.byte	3
  30 0001 52       		.byte	82
  31 0002 00       		.byte	0
  32 0003 40       		.byte	64
  33 0004 02       		.byte	2
  34 0005 40       		.byte	64
  35 0006 01       		.byte	1
  36 0007 40       		.byte	64
  37 0008 03       		.byte	3
  38 0009 41       		.byte	65
  39 000a 01       		.byte	1
  40 000b 40       		.byte	64
  41 000c 02       		.byte	2
  42 000d 42       		.byte	66
  43 000e 01       		.byte	1
  44 000f 40       		.byte	64
  45 0010 02       		.byte	2
  46 0011 43       		.byte	67
  47 0012 01       		.byte	1
  48 0013 40       		.byte	64
  49 0014 07       		.byte	7
  50 0015 48       		.byte	72
  51 0016 01       		.byte	1
  52 0017 40       		.byte	64
  53 0018 05       		.byte	5
  54 0019 49       		.byte	73
  55 001a 01       		.byte	1
  56 001b 40       		.byte	64
  57 001c 01       		.byte	1
ARM GAS  C:\Users\ingan\AppData\Local\Temp\ccC12XHu.s 			page 2


  58 001d 51       		.byte	81
  59 001e 01       		.byte	1
  60 001f 40       		.byte	64
  61 0020 00       		.byte	0
  62 0021 02       		.byte	2
  63 0022 18       		.byte	24
  64 0023 01       		.byte	1
  65 0024 19       		.byte	25
  66 0025 01       		.byte	1
  67 0026 32       		.byte	50
  68 0027 20       		.byte	32
  69 0028 CC       		.byte	-52
  70 0029 10       		.byte	16
  71 002a 56       		.byte	86
  72 002b 80       		.byte	-128
  73 002c A6       		.byte	-90
  74 002d 20       		.byte	32
  75 002e D4       		.byte	-44
  76 002f 40       		.byte	64
  77 0030 9E       		.byte	-98
  78 0031 80       		.byte	-128
  79 0032 A6       		.byte	-90
  80 0033 20       		.byte	32
  81 0034 9E       		.byte	-98
  82 0035 80       		.byte	-128
  83 0036 A6       		.byte	-90
  84 0037 20       		.byte	32
  85 0038 13       		.byte	19
  86 0039 40       		.byte	64
  87 003a 16       		.byte	22
  88 003b 80       		.byte	-128
  89 003c 26       		.byte	38
  90 003d 40       		.byte	64
  91 003e 9E       		.byte	-98
  92 003f 80       		.byte	-128
  93 0040 A6       		.byte	-90
  94 0041 20       		.byte	32
  95 0042 C4       		.byte	-60
  96 0043 60       		.byte	96
  97 0044 C8       		.byte	-56
  98 0045 20       		.byte	32
  99 0046 5E       		.byte	94
 100 0047 80       		.byte	-128
 101 0048 A2       		.byte	-94
 102 0049 40       		.byte	64
 103 004a AE       		.byte	-82
 104 004b 20       		.byte	32
 105 004c AF       		.byte	-81
 106 004d 40       		.byte	64
 107 004e D6       		.byte	-42
 108 004f 20       		.byte	32
 109 0050 00       		.byte	0
 110 0051 03       		.byte	3
 111 0052 00       		.byte	0
 112 0053 00       		.byte	0
 113 0054 00       		.byte	0
 114 0055 E2       		.byte	-30
ARM GAS  C:\Users\ingan\AppData\Local\Temp\ccC12XHu.s 			page 3


 115 0056 E2       		.byte	-30
 116 0057 00       		.byte	0
 117 0058 02       		.byte	2
 118 0059 00       		.byte	0
 119 005a 11       		.byte	17
 120 005b 00       		.byte	0
 121 005c 00       		.byte	0
 122 005d FF       		.byte	-1
 123 005e FF       		.byte	-1
 124 005f 00       		.byte	0
 125 0060 00       		.byte	0
 126 0061 00       		.byte	0
 127 0062 00       		.byte	0
 128 0063 00       		.byte	0
 129 0064 00       		.byte	0
 130 0065 3F       		.byte	63
 131 0066 3F       		.byte	63
 132 0067 00       		.byte	0
 133 0068 00       		.byte	0
 134 0069 00       		.byte	0
 135 006a 00       		.byte	0
 136 006b 00       		.byte	0
 137 006c 00       		.byte	0
 138 006d 80       		.byte	-128
 139 006e 80       		.byte	-128
 140 006f 00       		.byte	0
 141 0070 00       		.byte	0
 142 0071 00       		.byte	0
 143 0072 00       		.byte	0
 144 0073 00       		.byte	0
 145 0074 00       		.byte	0
 146 0075 01       		.byte	1
 147 0076 01       		.byte	1
 148 0077 00       		.byte	0
 149 0078 01       		.byte	1
 150 0079 00       		.byte	0
 151 007a E8       		.byte	-24
 152 007b 00       		.byte	0
 153 007c 0C       		.byte	12
 154 007d 00       		.byte	0
 155 007e 18       		.byte	24
 156 007f 01       		.byte	1
 157 0080 12       		.byte	18
 158 0081 04       		.byte	4
 159 0082 18       		.byte	24
 160 0083 01       		.byte	1
 161              		.section	.cywolatch,"a",%progbits
 162              		.align	2
 163              		.type	cy_meta_wonvl, %object
 164              		.size	cy_meta_wonvl, 4
 165              	cy_meta_wonvl:
 166 0000 BC       		.byte	-68
 167 0001 90       		.byte	-112
 168 0002 AC       		.byte	-84
 169 0003 AF       		.byte	-81
 170              		.section	.cycustnvl,"a",%progbits
 171              		.align	2
ARM GAS  C:\Users\ingan\AppData\Local\Temp\ccC12XHu.s 			page 4


 172              		.type	cy_meta_custnvl, %object
 173              		.size	cy_meta_custnvl, 4
 174              	cy_meta_custnvl:
 175 0000 00       		.byte	0
 176 0001 00       		.byte	0
 177 0002 40       		.byte	64
 178 0003 05       		.byte	5
 179              		.section	.cymeta,"a",%progbits
 180              		.align	2
 181              		.type	cy_metadata, %object
 182              		.size	cy_metadata, 12
 183              	cy_metadata:
 184 0000 00       		.byte	0
 185 0001 01       		.byte	1
 186 0002 2E       		.byte	46
 187 0003 16       		.byte	22
 188 0004 10       		.byte	16
 189 0005 69       		.byte	105
 190 0006 00       		.byte	0
 191 0007 01       		.byte	1
 192 0008 00       		.byte	0
 193 0009 00       		.byte	0
 194 000a 00       		.byte	0
 195 000b 00       		.byte	0
 196              		.section	.cyflashprotect,"a",%progbits
 197              		.align	2
 198              		.type	cy_meta_flashprotect, %object
 199              		.size	cy_meta_flashprotect, 256
 200              	cy_meta_flashprotect:
 201 0000 00000000 		.space	256
 201      00000000 
 201      00000000 
 201      00000000 
 201      00000000 
 202              		.text
 203              	.Letext0:
 204              		.file 1 "c:\\program files (x86)\\cypress\\psoc creator\\4.2\\psoc creator\\import\\gnu\\arm\\5.4.
 205              		.file 2 "c:\\program files (x86)\\cypress\\psoc creator\\4.2\\psoc creator\\import\\gnu\\arm\\5.4.
 206              		.file 3 "Generated_Source\\PSoC5\\cymetadata.c"
 207              		.section	.debug_info,"",%progbits
 208              	.Ldebug_info0:
 209 0000 30010000 		.4byte	0x130
 210 0004 0400     		.2byte	0x4
 211 0006 00000000 		.4byte	.Ldebug_abbrev0
 212 000a 04       		.byte	0x4
 213 000b 01       		.uleb128 0x1
 214 000c 70000000 		.4byte	.LASF17
 215 0010 0C       		.byte	0xc
 216 0011 CA010000 		.4byte	.LASF18
 217 0015 16000000 		.4byte	.LASF19
 218 0019 00000000 		.4byte	.Ldebug_line0
 219 001d 02       		.uleb128 0x2
 220 001e 01       		.byte	0x1
 221 001f 06       		.byte	0x6
 222 0020 BE010000 		.4byte	.LASF0
 223 0024 03       		.uleb128 0x3
 224 0025 00000000 		.4byte	.LASF9
ARM GAS  C:\Users\ingan\AppData\Local\Temp\ccC12XHu.s 			page 5


 225 0029 01       		.byte	0x1
 226 002a 1D       		.byte	0x1d
 227 002b 2F000000 		.4byte	0x2f
 228 002f 02       		.uleb128 0x2
 229 0030 01       		.byte	0x1
 230 0031 08       		.byte	0x8
 231 0032 62000000 		.4byte	.LASF1
 232 0036 02       		.uleb128 0x2
 233 0037 02       		.byte	0x2
 234 0038 05       		.byte	0x5
 235 0039 AB010000 		.4byte	.LASF2
 236 003d 02       		.uleb128 0x2
 237 003e 02       		.byte	0x2
 238 003f 07       		.byte	0x7
 239 0040 10010000 		.4byte	.LASF3
 240 0044 02       		.uleb128 0x2
 241 0045 04       		.byte	0x4
 242 0046 05       		.byte	0x5
 243 0047 B5010000 		.4byte	.LASF4
 244 004b 02       		.uleb128 0x2
 245 004c 04       		.byte	0x4
 246 004d 07       		.byte	0x7
 247 004e FE000000 		.4byte	.LASF5
 248 0052 02       		.uleb128 0x2
 249 0053 08       		.byte	0x8
 250 0054 05       		.byte	0x5
 251 0055 9D010000 		.4byte	.LASF6
 252 0059 02       		.uleb128 0x2
 253 005a 08       		.byte	0x8
 254 005b 07       		.byte	0x7
 255 005c 52010000 		.4byte	.LASF7
 256 0060 04       		.uleb128 0x4
 257 0061 04       		.byte	0x4
 258 0062 05       		.byte	0x5
 259 0063 696E7400 		.ascii	"int\000"
 260 0067 02       		.uleb128 0x2
 261 0068 04       		.byte	0x4
 262 0069 07       		.byte	0x7
 263 006a 45010000 		.4byte	.LASF8
 264 006e 03       		.uleb128 0x3
 265 006f 69010000 		.4byte	.LASF10
 266 0073 02       		.byte	0x2
 267 0074 18       		.byte	0x18
 268 0075 24000000 		.4byte	0x24
 269 0079 05       		.uleb128 0x5
 270 007a 90000000 		.4byte	0x90
 271 007e 89000000 		.4byte	0x89
 272 0082 06       		.uleb128 0x6
 273 0083 89000000 		.4byte	0x89
 274 0087 83       		.byte	0x83
 275 0088 00       		.byte	0
 276 0089 02       		.uleb128 0x2
 277 008a 04       		.byte	0x4
 278 008b 07       		.byte	0x7
 279 008c 94010000 		.4byte	.LASF11
 280 0090 07       		.uleb128 0x7
 281 0091 6E000000 		.4byte	0x6e
ARM GAS  C:\Users\ingan\AppData\Local\Temp\ccC12XHu.s 			page 6


 282 0095 08       		.uleb128 0x8
 283 0096 33010000 		.4byte	.LASF12
 284 009a 03       		.byte	0x3
 285 009b 1F       		.byte	0x1f
 286 009c A6000000 		.4byte	0xa6
 287 00a0 05       		.uleb128 0x5
 288 00a1 03       		.byte	0x3
 289 00a2 00000000 		.4byte	cy_meta_configecc
 290 00a6 07       		.uleb128 0x7
 291 00a7 79000000 		.4byte	0x79
 292 00ab 05       		.uleb128 0x5
 293 00ac 90000000 		.4byte	0x90
 294 00b0 BB000000 		.4byte	0xbb
 295 00b4 06       		.uleb128 0x6
 296 00b5 89000000 		.4byte	0x89
 297 00b9 03       		.byte	0x3
 298 00ba 00       		.byte	0
 299 00bb 08       		.uleb128 0x8
 300 00bc 23010000 		.4byte	.LASF13
 301 00c0 03       		.byte	0x3
 302 00c1 3D       		.byte	0x3d
 303 00c2 CC000000 		.4byte	0xcc
 304 00c6 05       		.uleb128 0x5
 305 00c7 03       		.byte	0x3
 306 00c8 00000000 		.4byte	cy_meta_custnvl
 307 00cc 07       		.uleb128 0x7
 308 00cd AB000000 		.4byte	0xab
 309 00d1 08       		.uleb128 0x8
 310 00d2 86010000 		.4byte	.LASF14
 311 00d6 03       		.byte	0x3
 312 00d7 4B       		.byte	0x4b
 313 00d8 E2000000 		.4byte	0xe2
 314 00dc 05       		.uleb128 0x5
 315 00dd 03       		.byte	0x3
 316 00de 00000000 		.4byte	cy_meta_wonvl
 317 00e2 07       		.uleb128 0x7
 318 00e3 AB000000 		.4byte	0xab
 319 00e7 05       		.uleb128 0x5
 320 00e8 90000000 		.4byte	0x90
 321 00ec F7000000 		.4byte	0xf7
 322 00f0 06       		.uleb128 0x6
 323 00f1 89000000 		.4byte	0x89
 324 00f5 FF       		.byte	0xff
 325 00f6 00       		.byte	0
 326 00f7 08       		.uleb128 0x8
 327 00f8 71010000 		.4byte	.LASF15
 328 00fc 03       		.byte	0x3
 329 00fd 59       		.byte	0x59
 330 00fe 08010000 		.4byte	0x108
 331 0102 05       		.uleb128 0x5
 332 0103 03       		.byte	0x3
 333 0104 00000000 		.4byte	cy_meta_flashprotect
 334 0108 07       		.uleb128 0x7
 335 0109 E7000000 		.4byte	0xe7
 336 010d 05       		.uleb128 0x5
 337 010e 90000000 		.4byte	0x90
 338 0112 1D010000 		.4byte	0x11d
ARM GAS  C:\Users\ingan\AppData\Local\Temp\ccC12XHu.s 			page 7


 339 0116 06       		.uleb128 0x6
 340 0117 89000000 		.4byte	0x89
 341 011b 0B       		.byte	0xb
 342 011c 00       		.byte	0
 343 011d 08       		.uleb128 0x8
 344 011e 0A000000 		.4byte	.LASF16
 345 0122 03       		.byte	0x3
 346 0123 86       		.byte	0x86
 347 0124 2E010000 		.4byte	0x12e
 348 0128 05       		.uleb128 0x5
 349 0129 03       		.byte	0x3
 350 012a 00000000 		.4byte	cy_metadata
 351 012e 07       		.uleb128 0x7
 352 012f 0D010000 		.4byte	0x10d
 353 0133 00       		.byte	0
 354              		.section	.debug_abbrev,"",%progbits
 355              	.Ldebug_abbrev0:
 356 0000 01       		.uleb128 0x1
 357 0001 11       		.uleb128 0x11
 358 0002 01       		.byte	0x1
 359 0003 25       		.uleb128 0x25
 360 0004 0E       		.uleb128 0xe
 361 0005 13       		.uleb128 0x13
 362 0006 0B       		.uleb128 0xb
 363 0007 03       		.uleb128 0x3
 364 0008 0E       		.uleb128 0xe
 365 0009 1B       		.uleb128 0x1b
 366 000a 0E       		.uleb128 0xe
 367 000b 10       		.uleb128 0x10
 368 000c 17       		.uleb128 0x17
 369 000d 00       		.byte	0
 370 000e 00       		.byte	0
 371 000f 02       		.uleb128 0x2
 372 0010 24       		.uleb128 0x24
 373 0011 00       		.byte	0
 374 0012 0B       		.uleb128 0xb
 375 0013 0B       		.uleb128 0xb
 376 0014 3E       		.uleb128 0x3e
 377 0015 0B       		.uleb128 0xb
 378 0016 03       		.uleb128 0x3
 379 0017 0E       		.uleb128 0xe
 380 0018 00       		.byte	0
 381 0019 00       		.byte	0
 382 001a 03       		.uleb128 0x3
 383 001b 16       		.uleb128 0x16
 384 001c 00       		.byte	0
 385 001d 03       		.uleb128 0x3
 386 001e 0E       		.uleb128 0xe
 387 001f 3A       		.uleb128 0x3a
 388 0020 0B       		.uleb128 0xb
 389 0021 3B       		.uleb128 0x3b
 390 0022 0B       		.uleb128 0xb
 391 0023 49       		.uleb128 0x49
 392 0024 13       		.uleb128 0x13
 393 0025 00       		.byte	0
 394 0026 00       		.byte	0
 395 0027 04       		.uleb128 0x4
ARM GAS  C:\Users\ingan\AppData\Local\Temp\ccC12XHu.s 			page 8


 396 0028 24       		.uleb128 0x24
 397 0029 00       		.byte	0
 398 002a 0B       		.uleb128 0xb
 399 002b 0B       		.uleb128 0xb
 400 002c 3E       		.uleb128 0x3e
 401 002d 0B       		.uleb128 0xb
 402 002e 03       		.uleb128 0x3
 403 002f 08       		.uleb128 0x8
 404 0030 00       		.byte	0
 405 0031 00       		.byte	0
 406 0032 05       		.uleb128 0x5
 407 0033 01       		.uleb128 0x1
 408 0034 01       		.byte	0x1
 409 0035 49       		.uleb128 0x49
 410 0036 13       		.uleb128 0x13
 411 0037 01       		.uleb128 0x1
 412 0038 13       		.uleb128 0x13
 413 0039 00       		.byte	0
 414 003a 00       		.byte	0
 415 003b 06       		.uleb128 0x6
 416 003c 21       		.uleb128 0x21
 417 003d 00       		.byte	0
 418 003e 49       		.uleb128 0x49
 419 003f 13       		.uleb128 0x13
 420 0040 2F       		.uleb128 0x2f
 421 0041 0B       		.uleb128 0xb
 422 0042 00       		.byte	0
 423 0043 00       		.byte	0
 424 0044 07       		.uleb128 0x7
 425 0045 26       		.uleb128 0x26
 426 0046 00       		.byte	0
 427 0047 49       		.uleb128 0x49
 428 0048 13       		.uleb128 0x13
 429 0049 00       		.byte	0
 430 004a 00       		.byte	0
 431 004b 08       		.uleb128 0x8
 432 004c 34       		.uleb128 0x34
 433 004d 00       		.byte	0
 434 004e 03       		.uleb128 0x3
 435 004f 0E       		.uleb128 0xe
 436 0050 3A       		.uleb128 0x3a
 437 0051 0B       		.uleb128 0xb
 438 0052 3B       		.uleb128 0x3b
 439 0053 0B       		.uleb128 0xb
 440 0054 49       		.uleb128 0x49
 441 0055 13       		.uleb128 0x13
 442 0056 3F       		.uleb128 0x3f
 443 0057 19       		.uleb128 0x19
 444 0058 02       		.uleb128 0x2
 445 0059 18       		.uleb128 0x18
 446 005a 00       		.byte	0
 447 005b 00       		.byte	0
 448 005c 00       		.byte	0
 449              		.section	.debug_aranges,"",%progbits
 450 0000 14000000 		.4byte	0x14
 451 0004 0200     		.2byte	0x2
 452 0006 00000000 		.4byte	.Ldebug_info0
ARM GAS  C:\Users\ingan\AppData\Local\Temp\ccC12XHu.s 			page 9


 453 000a 04       		.byte	0x4
 454 000b 00       		.byte	0
 455 000c 0000     		.2byte	0
 456 000e 0000     		.2byte	0
 457 0010 00000000 		.4byte	0
 458 0014 00000000 		.4byte	0
 459              		.section	.debug_line,"",%progbits
 460              	.Ldebug_line0:
 461 0000 3D010000 		.section	.debug_str,"MS",%progbits,1
 461      02003701 
 461      00000201 
 461      FB0E0D00 
 461      01010101 
 462              	.LASF9:
 463 0000 5F5F7569 		.ascii	"__uint8_t\000"
 463      6E74385F 
 463      7400
 464              	.LASF16:
 465 000a 63795F6D 		.ascii	"cy_metadata\000"
 465      65746164 
 465      61746100 
 466              	.LASF19:
 467 0016 433A5C55 		.ascii	"C:\\Users\\ingan\\Documents\\PSoC Creator\\MegaDriv"
 467      73657273 
 467      5C696E67 
 467      616E5C44 
 467      6F63756D 
 468 0044 655F706C 		.ascii	"e_player\\VGMPlayer_v0.1.cydsn\000"
 468      61796572 
 468      5C56474D 
 468      506C6179 
 468      65725F76 
 469              	.LASF1:
 470 0062 756E7369 		.ascii	"unsigned char\000"
 470      676E6564 
 470      20636861 
 470      7200
 471              	.LASF17:
 472 0070 474E5520 		.ascii	"GNU C11 5.4.1 20160609 (release) [ARM/embedded-5-br"
 472      43313120 
 472      352E342E 
 472      31203230 
 472      31363036 
 473 00a3 616E6368 		.ascii	"anch revision 237715] -mcpu=cortex-m3 -mthumb -g -O"
 473      20726576 
 473      6973696F 
 473      6E203233 
 473      37373135 
 474 00d6 67202D66 		.ascii	"g -ffunction-sections -ffat-lto-objects\000"
 474      66756E63 
 474      74696F6E 
 474      2D736563 
 474      74696F6E 
 475              	.LASF5:
 476 00fe 6C6F6E67 		.ascii	"long unsigned int\000"
 476      20756E73 
 476      69676E65 
ARM GAS  C:\Users\ingan\AppData\Local\Temp\ccC12XHu.s 			page 10


 476      6420696E 
 476      7400
 477              	.LASF3:
 478 0110 73686F72 		.ascii	"short unsigned int\000"
 478      7420756E 
 478      7369676E 
 478      65642069 
 478      6E7400
 479              	.LASF13:
 480 0123 63795F6D 		.ascii	"cy_meta_custnvl\000"
 480      6574615F 
 480      63757374 
 480      6E766C00 
 481              	.LASF12:
 482 0133 63795F6D 		.ascii	"cy_meta_configecc\000"
 482      6574615F 
 482      636F6E66 
 482      69676563 
 482      6300
 483              	.LASF8:
 484 0145 756E7369 		.ascii	"unsigned int\000"
 484      676E6564 
 484      20696E74 
 484      00
 485              	.LASF7:
 486 0152 6C6F6E67 		.ascii	"long long unsigned int\000"
 486      206C6F6E 
 486      6720756E 
 486      7369676E 
 486      65642069 
 487              	.LASF10:
 488 0169 75696E74 		.ascii	"uint8_t\000"
 488      385F7400 
 489              	.LASF15:
 490 0171 63795F6D 		.ascii	"cy_meta_flashprotect\000"
 490      6574615F 
 490      666C6173 
 490      6870726F 
 490      74656374 
 491              	.LASF14:
 492 0186 63795F6D 		.ascii	"cy_meta_wonvl\000"
 492      6574615F 
 492      776F6E76 
 492      6C00
 493              	.LASF11:
 494 0194 73697A65 		.ascii	"sizetype\000"
 494      74797065 
 494      00
 495              	.LASF6:
 496 019d 6C6F6E67 		.ascii	"long long int\000"
 496      206C6F6E 
 496      6720696E 
 496      7400
 497              	.LASF2:
 498 01ab 73686F72 		.ascii	"short int\000"
 498      7420696E 
 498      7400
ARM GAS  C:\Users\ingan\AppData\Local\Temp\ccC12XHu.s 			page 11


 499              	.LASF4:
 500 01b5 6C6F6E67 		.ascii	"long int\000"
 500      20696E74 
 500      00
 501              	.LASF0:
 502 01be 7369676E 		.ascii	"signed char\000"
 502      65642063 
 502      68617200 
 503              	.LASF18:
 504 01ca 47656E65 		.ascii	"Generated_Source\\PSoC5\\cymetadata.c\000"
 504      72617465 
 504      645F536F 
 504      75726365 
 504      5C50536F 
 505              		.ident	"GCC: (GNU Tools for ARM Embedded Processors) 5.4.1 20160609 (release) [ARM/embedded-5-bran
