ARM GAS  C:\Users\ingan\AppData\Local\Temp\ccbznQ46.s 			page 1


   1              		.syntax unified
   2              		.cpu cortex-m3
   3              		.fpu softvfp
   4              		.eabi_attribute 20, 1
   5              		.eabi_attribute 21, 1
   6              		.eabi_attribute 23, 3
   7              		.eabi_attribute 24, 1
   8              		.eabi_attribute 25, 1
   9              		.eabi_attribute 26, 1
  10              		.eabi_attribute 30, 1
  11              		.eabi_attribute 34, 1
  12              		.eabi_attribute 18, 4
  13              		.thumb
  14              		.syntax unified
  15              		.file	"func_list.c"
  16              		.text
  17              	.Ltext0:
  18              		.cfi_sections	.debug_frame
  19              		.section	.text.get_func,"ax",%progbits
  20              		.align	2
  21              		.global	get_func
  22              		.thumb
  23              		.thumb_func
  24              		.type	get_func, %function
  25              	get_func:
  26              	.LFB64:
  27              		.file 1 "func_list.c"
   1:func_list.c   **** #include "project.h"
   2:func_list.c   **** #include "stdio.h"
   3:func_list.c   **** #include "tty_utils.h"
   4:func_list.c   **** #include "func_list.h"
   5:func_list.c   **** 
   6:func_list.c   **** func_ptr get_func(f_list_type *list, char *str)
   7:func_list.c   **** {
  28              		.loc 1 7 0
  29              		.cfi_startproc
  30              		@ args = 0, pretend = 0, frame = 24
  31              		@ frame_needed = 0, uses_anonymous_args = 0
  32              	.LVL0:
  33 0000 10B5     		push	{r4, lr}
  34              		.cfi_def_cfa_offset 8
  35              		.cfi_offset 4, -8
  36              		.cfi_offset 14, -4
  37 0002 86B0     		sub	sp, sp, #24
  38              		.cfi_def_cfa_offset 32
  39 0004 0446     		mov	r4, r0
  40 0006 0846     		mov	r0, r1
  41              	.LVL1:
   8:func_list.c   ****     int      i ;
   9:func_list.c   ****     func_ptr ptr = 0 ;
  10:func_list.c   ****     char cmd[CMD_LENGTH+1] ;
  11:func_list.c   ****     
  12:func_list.c   ****     sscanf(str, "%s", cmd) ;
  42              		.loc 1 12 0
  43 0008 01AA     		add	r2, sp, #4
  44 000a 0849     		ldr	r1, .L7
  45              	.LVL2:
ARM GAS  C:\Users\ingan\AppData\Local\Temp\ccbznQ46.s 			page 2


  46 000c FFF7FEFF 		bl	sscanf
  47              	.LVL3:
  13:func_list.c   ****     for (i = 0 ; list[i].name ; i++ ) {
  48              		.loc 1 13 0
  49 0010 2068     		ldr	r0, [r4]
  50 0012 38B1     		cbz	r0, .L2
  51              	.LVL4:
  52              	.L3:
  14:func_list.c   ****         if (strcmp(list[i].name, cmd) == 0) {
  53              		.loc 1 14 0
  54 0014 01A9     		add	r1, sp, #4
  55 0016 FFF7FEFF 		bl	strcmp
  56              	.LVL5:
  57 001a 18B1     		cbz	r0, .L2
  13:func_list.c   ****     for (i = 0 ; list[i].name ; i++ ) {
  58              		.loc 1 13 0 discriminator 2
  59 001c 54F80C0F 		ldr	r0, [r4, #12]!
  60 0020 0028     		cmp	r0, #0
  61 0022 F7D1     		bne	.L3
  62              	.L2:
  63              	.LVL6:
  15:func_list.c   ****             break ;
  16:func_list.c   ****         }
  17:func_list.c   ****     }
  18:func_list.c   ****     ptr = list[i].func ;
  19:func_list.c   ****     
  20:func_list.c   ****     return( ptr ) ;
  21:func_list.c   **** }
  64              		.loc 1 21 0
  65 0024 6068     		ldr	r0, [r4, #4]
  66 0026 06B0     		add	sp, sp, #24
  67              		.cfi_def_cfa_offset 8
  68              		@ sp needed
  69 0028 10BD     		pop	{r4, pc}
  70              	.LVL7:
  71              	.L8:
  72 002a 00BF     		.align	2
  73              	.L7:
  74 002c 00000000 		.word	.LC0
  75              		.cfi_endproc
  76              	.LFE64:
  77              		.size	get_func, .-get_func
  78              		.section	.text.show_help,"ax",%progbits
  79              		.align	2
  80              		.global	show_help
  81              		.thumb
  82              		.thumb_func
  83              		.type	show_help, %function
  84              	show_help:
  85              	.LFB65:
  22:func_list.c   **** 
  23:func_list.c   **** void show_help(f_list_type *list)
  24:func_list.c   **** {
  86              		.loc 1 24 0
  87              		.cfi_startproc
  88              		@ args = 0, pretend = 0, frame = 0
  89              		@ frame_needed = 0, uses_anonymous_args = 0
ARM GAS  C:\Users\ingan\AppData\Local\Temp\ccbznQ46.s 			page 3


  90              	.LVL8:
  91 0000 70B5     		push	{r4, r5, r6, lr}
  92              		.cfi_def_cfa_offset 16
  93              		.cfi_offset 4, -16
  94              		.cfi_offset 5, -12
  95              		.cfi_offset 6, -8
  96              		.cfi_offset 14, -4
  97 0002 0446     		mov	r4, r0
  25:func_list.c   ****     int i ;
  26:func_list.c   ****     
  27:func_list.c   ****     print("=== command ===\n\r") ;
  98              		.loc 1 27 0
  99 0004 0C48     		ldr	r0, .L14
 100              	.LVL9:
 101 0006 FFF7FEFF 		bl	print
 102              	.LVL10:
  28:func_list.c   ****     for (i = 0 ; list[i].name ; i++ ) {
 103              		.loc 1 28 0
 104 000a 2068     		ldr	r0, [r4]
 105 000c 80B1     		cbz	r0, .L10
  29:func_list.c   ****         print(list[i].name) ;
  30:func_list.c   ****         print(" : ") ;
 106              		.loc 1 30 0
 107 000e 0B4E     		ldr	r6, .L14+4
  31:func_list.c   ****         print(list[i].description) ;
  32:func_list.c   ****         print("\n\r") ;
 108              		.loc 1 32 0
 109 0010 0B4D     		ldr	r5, .L14+8
 110              	.LVL11:
 111              	.L11:
  29:func_list.c   ****         print(list[i].name) ;
 112              		.loc 1 29 0 discriminator 3
 113 0012 FFF7FEFF 		bl	print
 114              	.LVL12:
  30:func_list.c   ****         print(list[i].description) ;
 115              		.loc 1 30 0 discriminator 3
 116 0016 3046     		mov	r0, r6
 117 0018 FFF7FEFF 		bl	print
 118              	.LVL13:
  31:func_list.c   ****         print(list[i].description) ;
 119              		.loc 1 31 0 discriminator 3
 120 001c A068     		ldr	r0, [r4, #8]
 121 001e FFF7FEFF 		bl	print
 122              	.LVL14:
 123              		.loc 1 32 0 discriminator 3
 124 0022 2846     		mov	r0, r5
 125 0024 FFF7FEFF 		bl	print
 126              	.LVL15:
  28:func_list.c   ****         print(list[i].name) ;
 127              		.loc 1 28 0 discriminator 3
 128 0028 54F80C0F 		ldr	r0, [r4, #12]!
 129 002c 0028     		cmp	r0, #0
 130 002e F0D1     		bne	.L11
 131              	.L10:
  33:func_list.c   ****     }
  34:func_list.c   ****     print("===============\n\r") ;    
 132              		.loc 1 34 0
ARM GAS  C:\Users\ingan\AppData\Local\Temp\ccbznQ46.s 			page 4


 133 0030 0448     		ldr	r0, .L14+12
 134 0032 FFF7FEFF 		bl	print
 135              	.LVL16:
 136 0036 70BD     		pop	{r4, r5, r6, pc}
 137              	.L15:
 138              		.align	2
 139              	.L14:
 140 0038 04000000 		.word	.LC1
 141 003c 18000000 		.word	.LC2
 142 0040 1C000000 		.word	.LC3
 143 0044 20000000 		.word	.LC4
 144              		.cfi_endproc
 145              	.LFE65:
 146              		.size	show_help, .-show_help
 147              		.section	.rodata.str1.4,"aMS",%progbits,1
 148              		.align	2
 149              	.LC0:
 150 0000 257300   		.ascii	"%s\000"
 151 0003 00       		.space	1
 152              	.LC1:
 153 0004 3D3D3D20 		.ascii	"=== command ===\012\015\000"
 153      636F6D6D 
 153      616E6420 
 153      3D3D3D0A 
 153      0D00
 154 0016 0000     		.space	2
 155              	.LC2:
 156 0018 203A2000 		.ascii	" : \000"
 157              	.LC3:
 158 001c 0A0D00   		.ascii	"\012\015\000"
 159 001f 00       		.space	1
 160              	.LC4:
 161 0020 3D3D3D3D 		.ascii	"===============\012\015\000"
 161      3D3D3D3D 
 161      3D3D3D3D 
 161      3D3D3D0A 
 161      0D00
 162              		.text
 163              	.Letext0:
 164              		.file 2 "c:\\program files (x86)\\cypress\\psoc creator\\4.2\\psoc creator\\import\\gnu\\arm\\5.4.
 165              		.file 3 "c:\\program files (x86)\\cypress\\psoc creator\\4.2\\psoc creator\\import\\gnu\\arm\\5.4.
 166              		.file 4 "func_list.h"
 167              		.file 5 "c:\\program files (x86)\\cypress\\psoc creator\\4.2\\psoc creator\\import\\gnu\\arm\\5.4.
 168              		.file 6 "c:\\program files (x86)\\cypress\\psoc creator\\4.2\\psoc creator\\import\\gnu\\arm\\5.4.
 169              		.file 7 "tty_utils.h"
 170              		.file 8 "Generated_Source\\PSoC5/core_cm3.h"
 171              		.section	.debug_info,"",%progbits
 172              	.Ldebug_info0:
 173 0000 69020000 		.4byte	0x269
 174 0004 0400     		.2byte	0x4
 175 0006 00000000 		.4byte	.Ldebug_abbrev0
 176 000a 04       		.byte	0x4
 177 000b 01       		.uleb128 0x1
 178 000c 07000000 		.4byte	.LASF25
 179 0010 0C       		.byte	0xc
 180 0011 F9000000 		.4byte	.LASF26
 181 0015 95010000 		.4byte	.LASF27
ARM GAS  C:\Users\ingan\AppData\Local\Temp\ccbznQ46.s 			page 5


 182 0019 00000000 		.4byte	.Ldebug_ranges0+0
 183 001d 00000000 		.4byte	0
 184 0021 00000000 		.4byte	.Ldebug_line0
 185 0025 02       		.uleb128 0x2
 186 0026 01       		.byte	0x1
 187 0027 06       		.byte	0x6
 188 0028 F6010000 		.4byte	.LASF0
 189 002c 02       		.uleb128 0x2
 190 002d 01       		.byte	0x1
 191 002e 08       		.byte	0x8
 192 002f EB000000 		.4byte	.LASF1
 193 0033 02       		.uleb128 0x2
 194 0034 02       		.byte	0x2
 195 0035 05       		.byte	0x5
 196 0036 8B010000 		.4byte	.LASF2
 197 003a 02       		.uleb128 0x2
 198 003b 02       		.byte	0x2
 199 003c 07       		.byte	0x7
 200 003d AB000000 		.4byte	.LASF3
 201 0041 03       		.uleb128 0x3
 202 0042 95000000 		.4byte	.LASF9
 203 0046 02       		.byte	0x2
 204 0047 3F       		.byte	0x3f
 205 0048 4C000000 		.4byte	0x4c
 206 004c 02       		.uleb128 0x2
 207 004d 04       		.byte	0x4
 208 004e 05       		.byte	0x5
 209 004f E1010000 		.4byte	.LASF4
 210 0053 02       		.uleb128 0x2
 211 0054 04       		.byte	0x4
 212 0055 07       		.byte	0x7
 213 0056 05010000 		.4byte	.LASF5
 214 005a 02       		.uleb128 0x2
 215 005b 08       		.byte	0x8
 216 005c 05       		.byte	0x5
 217 005d 72010000 		.4byte	.LASF6
 218 0061 02       		.uleb128 0x2
 219 0062 08       		.byte	0x8
 220 0063 07       		.byte	0x7
 221 0064 4B010000 		.4byte	.LASF7
 222 0068 04       		.uleb128 0x4
 223 0069 04       		.byte	0x4
 224 006a 05       		.byte	0x5
 225 006b 696E7400 		.ascii	"int\000"
 226 006f 02       		.uleb128 0x2
 227 0070 04       		.byte	0x4
 228 0071 07       		.byte	0x7
 229 0072 3E010000 		.4byte	.LASF8
 230 0076 03       		.uleb128 0x3
 231 0077 D1000000 		.4byte	.LASF10
 232 007b 03       		.byte	0x3
 233 007c 2C       		.byte	0x2c
 234 007d 41000000 		.4byte	0x41
 235 0081 02       		.uleb128 0x2
 236 0082 04       		.byte	0x4
 237 0083 04       		.byte	0x4
 238 0084 D9000000 		.4byte	.LASF11
ARM GAS  C:\Users\ingan\AppData\Local\Temp\ccbznQ46.s 			page 6


 239 0088 02       		.uleb128 0x2
 240 0089 08       		.byte	0x8
 241 008a 04       		.byte	0x4
 242 008b 29010000 		.4byte	.LASF12
 243 008f 02       		.uleb128 0x2
 244 0090 01       		.byte	0x1
 245 0091 08       		.byte	0x8
 246 0092 80010000 		.4byte	.LASF13
 247 0096 05       		.uleb128 0x5
 248 0097 04       		.byte	0x4
 249 0098 9C000000 		.4byte	0x9c
 250 009c 06       		.uleb128 0x6
 251 009d 02       		.uleb128 0x2
 252 009e 08       		.byte	0x8
 253 009f 04       		.byte	0x4
 254 00a0 EA010000 		.4byte	.LASF14
 255 00a4 02       		.uleb128 0x2
 256 00a5 04       		.byte	0x4
 257 00a6 07       		.byte	0x7
 258 00a7 69010000 		.4byte	.LASF15
 259 00ab 05       		.uleb128 0x5
 260 00ac 04       		.byte	0x4
 261 00ad 8F000000 		.4byte	0x8f
 262 00b1 03       		.uleb128 0x3
 263 00b2 C8000000 		.4byte	.LASF16
 264 00b6 04       		.byte	0x4
 265 00b7 07       		.byte	0x7
 266 00b8 96000000 		.4byte	0x96
 267 00bc 07       		.uleb128 0x7
 268 00bd 9F000000 		.4byte	.LASF28
 269 00c1 0C       		.byte	0xc
 270 00c2 04       		.byte	0x4
 271 00c3 09       		.byte	0x9
 272 00c4 ED000000 		.4byte	0xed
 273 00c8 08       		.uleb128 0x8
 274 00c9 02020000 		.4byte	.LASF17
 275 00cd 04       		.byte	0x4
 276 00ce 0A       		.byte	0xa
 277 00cf AB000000 		.4byte	0xab
 278 00d3 00       		.byte	0
 279 00d4 08       		.uleb128 0x8
 280 00d5 30010000 		.4byte	.LASF18
 281 00d9 04       		.byte	0x4
 282 00da 0B       		.byte	0xb
 283 00db B1000000 		.4byte	0xb1
 284 00df 04       		.byte	0x4
 285 00e0 08       		.uleb128 0x8
 286 00e1 DF000000 		.4byte	.LASF19
 287 00e5 04       		.byte	0x4
 288 00e6 0C       		.byte	0xc
 289 00e7 AB000000 		.4byte	0xab
 290 00eb 08       		.byte	0x8
 291 00ec 00       		.byte	0
 292 00ed 03       		.uleb128 0x3
 293 00ee 07020000 		.4byte	.LASF20
 294 00f2 04       		.byte	0x4
 295 00f3 0D       		.byte	0xd
ARM GAS  C:\Users\ingan\AppData\Local\Temp\ccbznQ46.s 			page 7


 296 00f4 BC000000 		.4byte	0xbc
 297 00f8 09       		.uleb128 0x9
 298 00f9 35010000 		.4byte	.LASF29
 299 00fd 01       		.byte	0x1
 300 00fe 06       		.byte	0x6
 301 00ff B1000000 		.4byte	0xb1
 302 0103 00000000 		.4byte	.LFB64
 303 0107 30000000 		.4byte	.LFE64-.LFB64
 304 010b 01       		.uleb128 0x1
 305 010c 9C       		.byte	0x9c
 306 010d 8E010000 		.4byte	0x18e
 307 0111 0A       		.uleb128 0xa
 308 0112 17010000 		.4byte	.LASF21
 309 0116 01       		.byte	0x1
 310 0117 06       		.byte	0x6
 311 0118 8E010000 		.4byte	0x18e
 312 011c 00000000 		.4byte	.LLST0
 313 0120 0B       		.uleb128 0xb
 314 0121 73747200 		.ascii	"str\000"
 315 0125 01       		.byte	0x1
 316 0126 06       		.byte	0x6
 317 0127 AB000000 		.4byte	0xab
 318 012b 2C000000 		.4byte	.LLST1
 319 012f 0C       		.uleb128 0xc
 320 0130 6900     		.ascii	"i\000"
 321 0132 01       		.byte	0x1
 322 0133 08       		.byte	0x8
 323 0134 68000000 		.4byte	0x68
 324 0138 58000000 		.4byte	.LLST2
 325 013c 0C       		.uleb128 0xc
 326 013d 70747200 		.ascii	"ptr\000"
 327 0141 01       		.byte	0x1
 328 0142 09       		.byte	0x9
 329 0143 B1000000 		.4byte	0xb1
 330 0147 6C000000 		.4byte	.LLST3
 331 014b 0D       		.uleb128 0xd
 332 014c 636D6400 		.ascii	"cmd\000"
 333 0150 01       		.byte	0x1
 334 0151 0A       		.byte	0xa
 335 0152 94010000 		.4byte	0x194
 336 0156 02       		.uleb128 0x2
 337 0157 91       		.byte	0x91
 338 0158 64       		.sleb128 -28
 339 0159 0E       		.uleb128 0xe
 340 015a 10000000 		.4byte	.LVL3
 341 015e 4B020000 		.4byte	0x24b
 342 0162 7D010000 		.4byte	0x17d
 343 0166 0F       		.uleb128 0xf
 344 0167 01       		.uleb128 0x1
 345 0168 50       		.byte	0x50
 346 0169 03       		.uleb128 0x3
 347 016a F3       		.byte	0xf3
 348 016b 01       		.uleb128 0x1
 349 016c 51       		.byte	0x51
 350 016d 0F       		.uleb128 0xf
 351 016e 01       		.uleb128 0x1
 352 016f 51       		.byte	0x51
ARM GAS  C:\Users\ingan\AppData\Local\Temp\ccbznQ46.s 			page 8


 353 0170 05       		.uleb128 0x5
 354 0171 03       		.byte	0x3
 355 0172 00000000 		.4byte	.LC0
 356 0176 0F       		.uleb128 0xf
 357 0177 01       		.uleb128 0x1
 358 0178 52       		.byte	0x52
 359 0179 02       		.uleb128 0x2
 360 017a 91       		.byte	0x91
 361 017b 64       		.sleb128 -28
 362 017c 00       		.byte	0
 363 017d 10       		.uleb128 0x10
 364 017e 1A000000 		.4byte	.LVL5
 365 0182 56020000 		.4byte	0x256
 366 0186 0F       		.uleb128 0xf
 367 0187 01       		.uleb128 0x1
 368 0188 51       		.byte	0x51
 369 0189 02       		.uleb128 0x2
 370 018a 91       		.byte	0x91
 371 018b 64       		.sleb128 -28
 372 018c 00       		.byte	0
 373 018d 00       		.byte	0
 374 018e 05       		.uleb128 0x5
 375 018f 04       		.byte	0x4
 376 0190 ED000000 		.4byte	0xed
 377 0194 11       		.uleb128 0x11
 378 0195 8F000000 		.4byte	0x8f
 379 0199 A4010000 		.4byte	0x1a4
 380 019d 12       		.uleb128 0x12
 381 019e A4000000 		.4byte	0xa4
 382 01a2 10       		.byte	0x10
 383 01a3 00       		.byte	0
 384 01a4 13       		.uleb128 0x13
 385 01a5 BE000000 		.4byte	.LASF30
 386 01a9 01       		.byte	0x1
 387 01aa 17       		.byte	0x17
 388 01ab 00000000 		.4byte	.LFB65
 389 01af 48000000 		.4byte	.LFE65-.LFB65
 390 01b3 01       		.uleb128 0x1
 391 01b4 9C       		.byte	0x9c
 392 01b5 3A020000 		.4byte	0x23a
 393 01b9 0A       		.uleb128 0xa
 394 01ba 17010000 		.4byte	.LASF21
 395 01be 01       		.byte	0x1
 396 01bf 17       		.byte	0x17
 397 01c0 8E010000 		.4byte	0x18e
 398 01c4 97000000 		.4byte	.LLST4
 399 01c8 0C       		.uleb128 0xc
 400 01c9 6900     		.ascii	"i\000"
 401 01cb 01       		.byte	0x1
 402 01cc 19       		.byte	0x19
 403 01cd 68000000 		.4byte	0x68
 404 01d1 C3000000 		.4byte	.LLST5
 405 01d5 0E       		.uleb128 0xe
 406 01d6 0A000000 		.4byte	.LVL10
 407 01da 61020000 		.4byte	0x261
 408 01de EC010000 		.4byte	0x1ec
 409 01e2 0F       		.uleb128 0xf
ARM GAS  C:\Users\ingan\AppData\Local\Temp\ccbznQ46.s 			page 9


 410 01e3 01       		.uleb128 0x1
 411 01e4 50       		.byte	0x50
 412 01e5 05       		.uleb128 0x5
 413 01e6 03       		.byte	0x3
 414 01e7 04000000 		.4byte	.LC1
 415 01eb 00       		.byte	0
 416 01ec 14       		.uleb128 0x14
 417 01ed 16000000 		.4byte	.LVL12
 418 01f1 61020000 		.4byte	0x261
 419 01f5 0E       		.uleb128 0xe
 420 01f6 1C000000 		.4byte	.LVL13
 421 01fa 61020000 		.4byte	0x261
 422 01fe 09020000 		.4byte	0x209
 423 0202 0F       		.uleb128 0xf
 424 0203 01       		.uleb128 0x1
 425 0204 50       		.byte	0x50
 426 0205 02       		.uleb128 0x2
 427 0206 76       		.byte	0x76
 428 0207 00       		.sleb128 0
 429 0208 00       		.byte	0
 430 0209 14       		.uleb128 0x14
 431 020a 22000000 		.4byte	.LVL14
 432 020e 61020000 		.4byte	0x261
 433 0212 0E       		.uleb128 0xe
 434 0213 28000000 		.4byte	.LVL15
 435 0217 61020000 		.4byte	0x261
 436 021b 26020000 		.4byte	0x226
 437 021f 0F       		.uleb128 0xf
 438 0220 01       		.uleb128 0x1
 439 0221 50       		.byte	0x50
 440 0222 02       		.uleb128 0x2
 441 0223 75       		.byte	0x75
 442 0224 00       		.sleb128 0
 443 0225 00       		.byte	0
 444 0226 10       		.uleb128 0x10
 445 0227 36000000 		.4byte	.LVL16
 446 022b 61020000 		.4byte	0x261
 447 022f 0F       		.uleb128 0xf
 448 0230 01       		.uleb128 0x1
 449 0231 50       		.byte	0x50
 450 0232 05       		.uleb128 0x5
 451 0233 03       		.byte	0x3
 452 0234 20000000 		.4byte	.LC4
 453 0238 00       		.byte	0
 454 0239 00       		.byte	0
 455 023a 15       		.uleb128 0x15
 456 023b 1C010000 		.4byte	.LASF31
 457 023f 08       		.byte	0x8
 458 0240 1207     		.2byte	0x712
 459 0242 46020000 		.4byte	0x246
 460 0246 16       		.uleb128 0x16
 461 0247 76000000 		.4byte	0x76
 462 024b 17       		.uleb128 0x17
 463 024c 00000000 		.4byte	.LASF22
 464 0250 00000000 		.4byte	.LASF22
 465 0254 05       		.byte	0x5
 466 0255 BF       		.byte	0xbf
ARM GAS  C:\Users\ingan\AppData\Local\Temp\ccbznQ46.s 			page 10


 467 0256 17       		.uleb128 0x17
 468 0257 62010000 		.4byte	.LASF23
 469 025b 62010000 		.4byte	.LASF23
 470 025f 06       		.byte	0x6
 471 0260 1C       		.byte	0x1c
 472 0261 17       		.uleb128 0x17
 473 0262 85010000 		.4byte	.LASF24
 474 0266 85010000 		.4byte	.LASF24
 475 026a 07       		.byte	0x7
 476 026b 0F       		.byte	0xf
 477 026c 00       		.byte	0
 478              		.section	.debug_abbrev,"",%progbits
 479              	.Ldebug_abbrev0:
 480 0000 01       		.uleb128 0x1
 481 0001 11       		.uleb128 0x11
 482 0002 01       		.byte	0x1
 483 0003 25       		.uleb128 0x25
 484 0004 0E       		.uleb128 0xe
 485 0005 13       		.uleb128 0x13
 486 0006 0B       		.uleb128 0xb
 487 0007 03       		.uleb128 0x3
 488 0008 0E       		.uleb128 0xe
 489 0009 1B       		.uleb128 0x1b
 490 000a 0E       		.uleb128 0xe
 491 000b 55       		.uleb128 0x55
 492 000c 17       		.uleb128 0x17
 493 000d 11       		.uleb128 0x11
 494 000e 01       		.uleb128 0x1
 495 000f 10       		.uleb128 0x10
 496 0010 17       		.uleb128 0x17
 497 0011 00       		.byte	0
 498 0012 00       		.byte	0
 499 0013 02       		.uleb128 0x2
 500 0014 24       		.uleb128 0x24
 501 0015 00       		.byte	0
 502 0016 0B       		.uleb128 0xb
 503 0017 0B       		.uleb128 0xb
 504 0018 3E       		.uleb128 0x3e
 505 0019 0B       		.uleb128 0xb
 506 001a 03       		.uleb128 0x3
 507 001b 0E       		.uleb128 0xe
 508 001c 00       		.byte	0
 509 001d 00       		.byte	0
 510 001e 03       		.uleb128 0x3
 511 001f 16       		.uleb128 0x16
 512 0020 00       		.byte	0
 513 0021 03       		.uleb128 0x3
 514 0022 0E       		.uleb128 0xe
 515 0023 3A       		.uleb128 0x3a
 516 0024 0B       		.uleb128 0xb
 517 0025 3B       		.uleb128 0x3b
 518 0026 0B       		.uleb128 0xb
 519 0027 49       		.uleb128 0x49
 520 0028 13       		.uleb128 0x13
 521 0029 00       		.byte	0
 522 002a 00       		.byte	0
 523 002b 04       		.uleb128 0x4
ARM GAS  C:\Users\ingan\AppData\Local\Temp\ccbznQ46.s 			page 11


 524 002c 24       		.uleb128 0x24
 525 002d 00       		.byte	0
 526 002e 0B       		.uleb128 0xb
 527 002f 0B       		.uleb128 0xb
 528 0030 3E       		.uleb128 0x3e
 529 0031 0B       		.uleb128 0xb
 530 0032 03       		.uleb128 0x3
 531 0033 08       		.uleb128 0x8
 532 0034 00       		.byte	0
 533 0035 00       		.byte	0
 534 0036 05       		.uleb128 0x5
 535 0037 0F       		.uleb128 0xf
 536 0038 00       		.byte	0
 537 0039 0B       		.uleb128 0xb
 538 003a 0B       		.uleb128 0xb
 539 003b 49       		.uleb128 0x49
 540 003c 13       		.uleb128 0x13
 541 003d 00       		.byte	0
 542 003e 00       		.byte	0
 543 003f 06       		.uleb128 0x6
 544 0040 15       		.uleb128 0x15
 545 0041 00       		.byte	0
 546 0042 27       		.uleb128 0x27
 547 0043 19       		.uleb128 0x19
 548 0044 00       		.byte	0
 549 0045 00       		.byte	0
 550 0046 07       		.uleb128 0x7
 551 0047 13       		.uleb128 0x13
 552 0048 01       		.byte	0x1
 553 0049 03       		.uleb128 0x3
 554 004a 0E       		.uleb128 0xe
 555 004b 0B       		.uleb128 0xb
 556 004c 0B       		.uleb128 0xb
 557 004d 3A       		.uleb128 0x3a
 558 004e 0B       		.uleb128 0xb
 559 004f 3B       		.uleb128 0x3b
 560 0050 0B       		.uleb128 0xb
 561 0051 01       		.uleb128 0x1
 562 0052 13       		.uleb128 0x13
 563 0053 00       		.byte	0
 564 0054 00       		.byte	0
 565 0055 08       		.uleb128 0x8
 566 0056 0D       		.uleb128 0xd
 567 0057 00       		.byte	0
 568 0058 03       		.uleb128 0x3
 569 0059 0E       		.uleb128 0xe
 570 005a 3A       		.uleb128 0x3a
 571 005b 0B       		.uleb128 0xb
 572 005c 3B       		.uleb128 0x3b
 573 005d 0B       		.uleb128 0xb
 574 005e 49       		.uleb128 0x49
 575 005f 13       		.uleb128 0x13
 576 0060 38       		.uleb128 0x38
 577 0061 0B       		.uleb128 0xb
 578 0062 00       		.byte	0
 579 0063 00       		.byte	0
 580 0064 09       		.uleb128 0x9
ARM GAS  C:\Users\ingan\AppData\Local\Temp\ccbznQ46.s 			page 12


 581 0065 2E       		.uleb128 0x2e
 582 0066 01       		.byte	0x1
 583 0067 3F       		.uleb128 0x3f
 584 0068 19       		.uleb128 0x19
 585 0069 03       		.uleb128 0x3
 586 006a 0E       		.uleb128 0xe
 587 006b 3A       		.uleb128 0x3a
 588 006c 0B       		.uleb128 0xb
 589 006d 3B       		.uleb128 0x3b
 590 006e 0B       		.uleb128 0xb
 591 006f 27       		.uleb128 0x27
 592 0070 19       		.uleb128 0x19
 593 0071 49       		.uleb128 0x49
 594 0072 13       		.uleb128 0x13
 595 0073 11       		.uleb128 0x11
 596 0074 01       		.uleb128 0x1
 597 0075 12       		.uleb128 0x12
 598 0076 06       		.uleb128 0x6
 599 0077 40       		.uleb128 0x40
 600 0078 18       		.uleb128 0x18
 601 0079 9742     		.uleb128 0x2117
 602 007b 19       		.uleb128 0x19
 603 007c 01       		.uleb128 0x1
 604 007d 13       		.uleb128 0x13
 605 007e 00       		.byte	0
 606 007f 00       		.byte	0
 607 0080 0A       		.uleb128 0xa
 608 0081 05       		.uleb128 0x5
 609 0082 00       		.byte	0
 610 0083 03       		.uleb128 0x3
 611 0084 0E       		.uleb128 0xe
 612 0085 3A       		.uleb128 0x3a
 613 0086 0B       		.uleb128 0xb
 614 0087 3B       		.uleb128 0x3b
 615 0088 0B       		.uleb128 0xb
 616 0089 49       		.uleb128 0x49
 617 008a 13       		.uleb128 0x13
 618 008b 02       		.uleb128 0x2
 619 008c 17       		.uleb128 0x17
 620 008d 00       		.byte	0
 621 008e 00       		.byte	0
 622 008f 0B       		.uleb128 0xb
 623 0090 05       		.uleb128 0x5
 624 0091 00       		.byte	0
 625 0092 03       		.uleb128 0x3
 626 0093 08       		.uleb128 0x8
 627 0094 3A       		.uleb128 0x3a
 628 0095 0B       		.uleb128 0xb
 629 0096 3B       		.uleb128 0x3b
 630 0097 0B       		.uleb128 0xb
 631 0098 49       		.uleb128 0x49
 632 0099 13       		.uleb128 0x13
 633 009a 02       		.uleb128 0x2
 634 009b 17       		.uleb128 0x17
 635 009c 00       		.byte	0
 636 009d 00       		.byte	0
 637 009e 0C       		.uleb128 0xc
ARM GAS  C:\Users\ingan\AppData\Local\Temp\ccbznQ46.s 			page 13


 638 009f 34       		.uleb128 0x34
 639 00a0 00       		.byte	0
 640 00a1 03       		.uleb128 0x3
 641 00a2 08       		.uleb128 0x8
 642 00a3 3A       		.uleb128 0x3a
 643 00a4 0B       		.uleb128 0xb
 644 00a5 3B       		.uleb128 0x3b
 645 00a6 0B       		.uleb128 0xb
 646 00a7 49       		.uleb128 0x49
 647 00a8 13       		.uleb128 0x13
 648 00a9 02       		.uleb128 0x2
 649 00aa 17       		.uleb128 0x17
 650 00ab 00       		.byte	0
 651 00ac 00       		.byte	0
 652 00ad 0D       		.uleb128 0xd
 653 00ae 34       		.uleb128 0x34
 654 00af 00       		.byte	0
 655 00b0 03       		.uleb128 0x3
 656 00b1 08       		.uleb128 0x8
 657 00b2 3A       		.uleb128 0x3a
 658 00b3 0B       		.uleb128 0xb
 659 00b4 3B       		.uleb128 0x3b
 660 00b5 0B       		.uleb128 0xb
 661 00b6 49       		.uleb128 0x49
 662 00b7 13       		.uleb128 0x13
 663 00b8 02       		.uleb128 0x2
 664 00b9 18       		.uleb128 0x18
 665 00ba 00       		.byte	0
 666 00bb 00       		.byte	0
 667 00bc 0E       		.uleb128 0xe
 668 00bd 898201   		.uleb128 0x4109
 669 00c0 01       		.byte	0x1
 670 00c1 11       		.uleb128 0x11
 671 00c2 01       		.uleb128 0x1
 672 00c3 31       		.uleb128 0x31
 673 00c4 13       		.uleb128 0x13
 674 00c5 01       		.uleb128 0x1
 675 00c6 13       		.uleb128 0x13
 676 00c7 00       		.byte	0
 677 00c8 00       		.byte	0
 678 00c9 0F       		.uleb128 0xf
 679 00ca 8A8201   		.uleb128 0x410a
 680 00cd 00       		.byte	0
 681 00ce 02       		.uleb128 0x2
 682 00cf 18       		.uleb128 0x18
 683 00d0 9142     		.uleb128 0x2111
 684 00d2 18       		.uleb128 0x18
 685 00d3 00       		.byte	0
 686 00d4 00       		.byte	0
 687 00d5 10       		.uleb128 0x10
 688 00d6 898201   		.uleb128 0x4109
 689 00d9 01       		.byte	0x1
 690 00da 11       		.uleb128 0x11
 691 00db 01       		.uleb128 0x1
 692 00dc 31       		.uleb128 0x31
 693 00dd 13       		.uleb128 0x13
 694 00de 00       		.byte	0
ARM GAS  C:\Users\ingan\AppData\Local\Temp\ccbznQ46.s 			page 14


 695 00df 00       		.byte	0
 696 00e0 11       		.uleb128 0x11
 697 00e1 01       		.uleb128 0x1
 698 00e2 01       		.byte	0x1
 699 00e3 49       		.uleb128 0x49
 700 00e4 13       		.uleb128 0x13
 701 00e5 01       		.uleb128 0x1
 702 00e6 13       		.uleb128 0x13
 703 00e7 00       		.byte	0
 704 00e8 00       		.byte	0
 705 00e9 12       		.uleb128 0x12
 706 00ea 21       		.uleb128 0x21
 707 00eb 00       		.byte	0
 708 00ec 49       		.uleb128 0x49
 709 00ed 13       		.uleb128 0x13
 710 00ee 2F       		.uleb128 0x2f
 711 00ef 0B       		.uleb128 0xb
 712 00f0 00       		.byte	0
 713 00f1 00       		.byte	0
 714 00f2 13       		.uleb128 0x13
 715 00f3 2E       		.uleb128 0x2e
 716 00f4 01       		.byte	0x1
 717 00f5 3F       		.uleb128 0x3f
 718 00f6 19       		.uleb128 0x19
 719 00f7 03       		.uleb128 0x3
 720 00f8 0E       		.uleb128 0xe
 721 00f9 3A       		.uleb128 0x3a
 722 00fa 0B       		.uleb128 0xb
 723 00fb 3B       		.uleb128 0x3b
 724 00fc 0B       		.uleb128 0xb
 725 00fd 27       		.uleb128 0x27
 726 00fe 19       		.uleb128 0x19
 727 00ff 11       		.uleb128 0x11
 728 0100 01       		.uleb128 0x1
 729 0101 12       		.uleb128 0x12
 730 0102 06       		.uleb128 0x6
 731 0103 40       		.uleb128 0x40
 732 0104 18       		.uleb128 0x18
 733 0105 9742     		.uleb128 0x2117
 734 0107 19       		.uleb128 0x19
 735 0108 01       		.uleb128 0x1
 736 0109 13       		.uleb128 0x13
 737 010a 00       		.byte	0
 738 010b 00       		.byte	0
 739 010c 14       		.uleb128 0x14
 740 010d 898201   		.uleb128 0x4109
 741 0110 00       		.byte	0
 742 0111 11       		.uleb128 0x11
 743 0112 01       		.uleb128 0x1
 744 0113 31       		.uleb128 0x31
 745 0114 13       		.uleb128 0x13
 746 0115 00       		.byte	0
 747 0116 00       		.byte	0
 748 0117 15       		.uleb128 0x15
 749 0118 34       		.uleb128 0x34
 750 0119 00       		.byte	0
 751 011a 03       		.uleb128 0x3
ARM GAS  C:\Users\ingan\AppData\Local\Temp\ccbznQ46.s 			page 15


 752 011b 0E       		.uleb128 0xe
 753 011c 3A       		.uleb128 0x3a
 754 011d 0B       		.uleb128 0xb
 755 011e 3B       		.uleb128 0x3b
 756 011f 05       		.uleb128 0x5
 757 0120 49       		.uleb128 0x49
 758 0121 13       		.uleb128 0x13
 759 0122 3F       		.uleb128 0x3f
 760 0123 19       		.uleb128 0x19
 761 0124 3C       		.uleb128 0x3c
 762 0125 19       		.uleb128 0x19
 763 0126 00       		.byte	0
 764 0127 00       		.byte	0
 765 0128 16       		.uleb128 0x16
 766 0129 35       		.uleb128 0x35
 767 012a 00       		.byte	0
 768 012b 49       		.uleb128 0x49
 769 012c 13       		.uleb128 0x13
 770 012d 00       		.byte	0
 771 012e 00       		.byte	0
 772 012f 17       		.uleb128 0x17
 773 0130 2E       		.uleb128 0x2e
 774 0131 00       		.byte	0
 775 0132 3F       		.uleb128 0x3f
 776 0133 19       		.uleb128 0x19
 777 0134 3C       		.uleb128 0x3c
 778 0135 19       		.uleb128 0x19
 779 0136 6E       		.uleb128 0x6e
 780 0137 0E       		.uleb128 0xe
 781 0138 03       		.uleb128 0x3
 782 0139 0E       		.uleb128 0xe
 783 013a 3A       		.uleb128 0x3a
 784 013b 0B       		.uleb128 0xb
 785 013c 3B       		.uleb128 0x3b
 786 013d 0B       		.uleb128 0xb
 787 013e 00       		.byte	0
 788 013f 00       		.byte	0
 789 0140 00       		.byte	0
 790              		.section	.debug_loc,"",%progbits
 791              	.Ldebug_loc0:
 792              	.LLST0:
 793 0000 00000000 		.4byte	.LVL0
 794 0004 08000000 		.4byte	.LVL1
 795 0008 0100     		.2byte	0x1
 796 000a 50       		.byte	0x50
 797 000b 08000000 		.4byte	.LVL1
 798 000f 14000000 		.4byte	.LVL4
 799 0013 0100     		.2byte	0x1
 800 0015 54       		.byte	0x54
 801 0016 14000000 		.4byte	.LVL4
 802 001a 30000000 		.4byte	.LFE64
 803 001e 0400     		.2byte	0x4
 804 0020 F3       		.byte	0xf3
 805 0021 01       		.uleb128 0x1
 806 0022 50       		.byte	0x50
 807 0023 9F       		.byte	0x9f
 808 0024 00000000 		.4byte	0
ARM GAS  C:\Users\ingan\AppData\Local\Temp\ccbznQ46.s 			page 16


 809 0028 00000000 		.4byte	0
 810              	.LLST1:
 811 002c 00000000 		.4byte	.LVL0
 812 0030 0C000000 		.4byte	.LVL2
 813 0034 0100     		.2byte	0x1
 814 0036 51       		.byte	0x51
 815 0037 0C000000 		.4byte	.LVL2
 816 003b 0F000000 		.4byte	.LVL3-1
 817 003f 0100     		.2byte	0x1
 818 0041 50       		.byte	0x50
 819 0042 0F000000 		.4byte	.LVL3-1
 820 0046 30000000 		.4byte	.LFE64
 821 004a 0400     		.2byte	0x4
 822 004c F3       		.byte	0xf3
 823 004d 01       		.uleb128 0x1
 824 004e 51       		.byte	0x51
 825 004f 9F       		.byte	0x9f
 826 0050 00000000 		.4byte	0
 827 0054 00000000 		.4byte	0
 828              	.LLST2:
 829 0058 10000000 		.4byte	.LVL3
 830 005c 14000000 		.4byte	.LVL4
 831 0060 0200     		.2byte	0x2
 832 0062 30       		.byte	0x30
 833 0063 9F       		.byte	0x9f
 834 0064 00000000 		.4byte	0
 835 0068 00000000 		.4byte	0
 836              	.LLST3:
 837 006c 08000000 		.4byte	.LVL1
 838 0070 24000000 		.4byte	.LVL6
 839 0074 0200     		.2byte	0x2
 840 0076 30       		.byte	0x30
 841 0077 9F       		.byte	0x9f
 842 0078 24000000 		.4byte	.LVL6
 843 007c 2A000000 		.4byte	.LVL7
 844 0080 0200     		.2byte	0x2
 845 0082 74       		.byte	0x74
 846 0083 04       		.sleb128 4
 847 0084 2A000000 		.4byte	.LVL7
 848 0088 30000000 		.4byte	.LFE64
 849 008c 0100     		.2byte	0x1
 850 008e 50       		.byte	0x50
 851 008f 00000000 		.4byte	0
 852 0093 00000000 		.4byte	0
 853              	.LLST4:
 854 0097 00000000 		.4byte	.LVL8
 855 009b 06000000 		.4byte	.LVL9
 856 009f 0100     		.2byte	0x1
 857 00a1 50       		.byte	0x50
 858 00a2 06000000 		.4byte	.LVL9
 859 00a6 12000000 		.4byte	.LVL11
 860 00aa 0100     		.2byte	0x1
 861 00ac 54       		.byte	0x54
 862 00ad 12000000 		.4byte	.LVL11
 863 00b1 48000000 		.4byte	.LFE65
 864 00b5 0400     		.2byte	0x4
 865 00b7 F3       		.byte	0xf3
ARM GAS  C:\Users\ingan\AppData\Local\Temp\ccbznQ46.s 			page 17


 866 00b8 01       		.uleb128 0x1
 867 00b9 50       		.byte	0x50
 868 00ba 9F       		.byte	0x9f
 869 00bb 00000000 		.4byte	0
 870 00bf 00000000 		.4byte	0
 871              	.LLST5:
 872 00c3 0A000000 		.4byte	.LVL10
 873 00c7 12000000 		.4byte	.LVL11
 874 00cb 0200     		.2byte	0x2
 875 00cd 30       		.byte	0x30
 876 00ce 9F       		.byte	0x9f
 877 00cf 00000000 		.4byte	0
 878 00d3 00000000 		.4byte	0
 879              		.section	.debug_aranges,"",%progbits
 880 0000 24000000 		.4byte	0x24
 881 0004 0200     		.2byte	0x2
 882 0006 00000000 		.4byte	.Ldebug_info0
 883 000a 04       		.byte	0x4
 884 000b 00       		.byte	0
 885 000c 0000     		.2byte	0
 886 000e 0000     		.2byte	0
 887 0010 00000000 		.4byte	.LFB64
 888 0014 30000000 		.4byte	.LFE64-.LFB64
 889 0018 00000000 		.4byte	.LFB65
 890 001c 48000000 		.4byte	.LFE65-.LFB65
 891 0020 00000000 		.4byte	0
 892 0024 00000000 		.4byte	0
 893              		.section	.debug_ranges,"",%progbits
 894              	.Ldebug_ranges0:
 895 0000 00000000 		.4byte	.LFB64
 896 0004 30000000 		.4byte	.LFE64
 897 0008 00000000 		.4byte	.LFB65
 898 000c 48000000 		.4byte	.LFE65
 899 0010 00000000 		.4byte	0
 900 0014 00000000 		.4byte	0
 901              		.section	.debug_line,"",%progbits
 902              	.Ldebug_line0:
 903 0000 2A020000 		.section	.debug_str,"MS",%progbits,1
 903      0200E101 
 903      00000201 
 903      FB0E0D00 
 903      01010101 
 904              	.LASF22:
 905 0000 73736361 		.ascii	"sscanf\000"
 905      6E6600
 906              	.LASF25:
 907 0007 474E5520 		.ascii	"GNU C11 5.4.1 20160609 (release) [ARM/embedded-5-br"
 907      43313120 
 907      352E342E 
 907      31203230 
 907      31363036 
 908 003a 616E6368 		.ascii	"anch revision 237715] -mcpu=cortex-m3 -mthumb -g -O"
 908      20726576 
 908      6973696F 
 908      6E203233 
 908      37373135 
 909 006d 31202D66 		.ascii	"1 -ffunction-sections -ffat-lto-objects\000"
ARM GAS  C:\Users\ingan\AppData\Local\Temp\ccbznQ46.s 			page 18


 909      66756E63 
 909      74696F6E 
 909      2D736563 
 909      74696F6E 
 910              	.LASF9:
 911 0095 5F5F696E 		.ascii	"__int32_t\000"
 911      7433325F 
 911      7400
 912              	.LASF28:
 913 009f 5F665F6C 		.ascii	"_f_list_st_\000"
 913      6973745F 
 913      73745F00 
 914              	.LASF3:
 915 00ab 73686F72 		.ascii	"short unsigned int\000"
 915      7420756E 
 915      7369676E 
 915      65642069 
 915      6E7400
 916              	.LASF30:
 917 00be 73686F77 		.ascii	"show_help\000"
 917      5F68656C 
 917      7000
 918              	.LASF16:
 919 00c8 66756E63 		.ascii	"func_ptr\000"
 919      5F707472 
 919      00
 920              	.LASF10:
 921 00d1 696E7433 		.ascii	"int32_t\000"
 921      325F7400 
 922              	.LASF11:
 923 00d9 666C6F61 		.ascii	"float\000"
 923      7400
 924              	.LASF19:
 925 00df 64657363 		.ascii	"description\000"
 925      72697074 
 925      696F6E00 
 926              	.LASF1:
 927 00eb 756E7369 		.ascii	"unsigned char\000"
 927      676E6564 
 927      20636861 
 927      7200
 928              	.LASF26:
 929 00f9 66756E63 		.ascii	"func_list.c\000"
 929      5F6C6973 
 929      742E6300 
 930              	.LASF5:
 931 0105 6C6F6E67 		.ascii	"long unsigned int\000"
 931      20756E73 
 931      69676E65 
 931      6420696E 
 931      7400
 932              	.LASF21:
 933 0117 6C697374 		.ascii	"list\000"
 933      00
 934              	.LASF31:
 935 011c 49544D5F 		.ascii	"ITM_RxBuffer\000"
 935      52784275 
ARM GAS  C:\Users\ingan\AppData\Local\Temp\ccbznQ46.s 			page 19


 935      66666572 
 935      00
 936              	.LASF12:
 937 0129 646F7562 		.ascii	"double\000"
 937      6C6500
 938              	.LASF18:
 939 0130 66756E63 		.ascii	"func\000"
 939      00
 940              	.LASF29:
 941 0135 6765745F 		.ascii	"get_func\000"
 941      66756E63 
 941      00
 942              	.LASF8:
 943 013e 756E7369 		.ascii	"unsigned int\000"
 943      676E6564 
 943      20696E74 
 943      00
 944              	.LASF7:
 945 014b 6C6F6E67 		.ascii	"long long unsigned int\000"
 945      206C6F6E 
 945      6720756E 
 945      7369676E 
 945      65642069 
 946              	.LASF23:
 947 0162 73747263 		.ascii	"strcmp\000"
 947      6D7000
 948              	.LASF15:
 949 0169 73697A65 		.ascii	"sizetype\000"
 949      74797065 
 949      00
 950              	.LASF6:
 951 0172 6C6F6E67 		.ascii	"long long int\000"
 951      206C6F6E 
 951      6720696E 
 951      7400
 952              	.LASF13:
 953 0180 63686172 		.ascii	"char\000"
 953      00
 954              	.LASF24:
 955 0185 7072696E 		.ascii	"print\000"
 955      7400
 956              	.LASF2:
 957 018b 73686F72 		.ascii	"short int\000"
 957      7420696E 
 957      7400
 958              	.LASF27:
 959 0195 433A5C55 		.ascii	"C:\\Users\\ingan\\Documents\\PSoC Creator\\MegaDriv"
 959      73657273 
 959      5C696E67 
 959      616E5C44 
 959      6F63756D 
 960 01c3 655F706C 		.ascii	"e_player\\VGMPlayer_v0.7.cydsn\000"
 960      61796572 
 960      5C56474D 
 960      506C6179 
 960      65725F76 
 961              	.LASF4:
ARM GAS  C:\Users\ingan\AppData\Local\Temp\ccbznQ46.s 			page 20


 962 01e1 6C6F6E67 		.ascii	"long int\000"
 962      20696E74 
 962      00
 963              	.LASF14:
 964 01ea 6C6F6E67 		.ascii	"long double\000"
 964      20646F75 
 964      626C6500 
 965              	.LASF0:
 966 01f6 7369676E 		.ascii	"signed char\000"
 966      65642063 
 966      68617200 
 967              	.LASF17:
 968 0202 6E616D65 		.ascii	"name\000"
 968      00
 969              	.LASF20:
 970 0207 665F6C69 		.ascii	"f_list_type\000"
 970      73745F74 
 970      79706500 
 971              		.ident	"GCC: (GNU Tools for ARM Embedded Processors) 5.4.1 20160609 (release) [ARM/embedded-5-bran
