ARM GAS  C:\Users\ingan\AppData\Local\Temp\cctXUDki.s 			page 1


   1              		.syntax unified
   2              		.cpu cortex-m3
   3              		.fpu softvfp
   4              		.eabi_attribute 20, 1
   5              		.eabi_attribute 21, 1
   6              		.eabi_attribute 23, 3
   7              		.eabi_attribute 24, 1
   8              		.eabi_attribute 25, 1
   9              		.eabi_attribute 26, 1
  10              		.eabi_attribute 30, 1
  11              		.eabi_attribute 34, 1
  12              		.eabi_attribute 18, 4
  13              		.thumb
  14              		.syntax unified
  15              		.file	"isr_1.c"
  16              		.text
  17              	.Ltext0:
  18              		.cfi_sections	.debug_frame
  19              		.section	.text.isr_1_Interrupt,"ax",%progbits
  20              		.align	2
  21              		.global	isr_1_Interrupt
  22              		.thumb
  23              		.thumb_func
  24              		.type	isr_1_Interrupt, %function
  25              	isr_1_Interrupt:
  26              	.LFB3:
  27              		.file 1 "Generated_Source\\PSoC5\\isr_1.c"
   1:Generated_Source\PSoC5/isr_1.c **** /*******************************************************************************
   2:Generated_Source\PSoC5/isr_1.c **** * File Name: isr_1.c  
   3:Generated_Source\PSoC5/isr_1.c **** * Version 1.71
   4:Generated_Source\PSoC5/isr_1.c **** *
   5:Generated_Source\PSoC5/isr_1.c **** *  Description:
   6:Generated_Source\PSoC5/isr_1.c **** *   API for controlling the state of an interrupt.
   7:Generated_Source\PSoC5/isr_1.c **** *
   8:Generated_Source\PSoC5/isr_1.c **** *
   9:Generated_Source\PSoC5/isr_1.c **** *  Note:
  10:Generated_Source\PSoC5/isr_1.c **** *
  11:Generated_Source\PSoC5/isr_1.c **** ********************************************************************************
  12:Generated_Source\PSoC5/isr_1.c **** * Copyright 2008-2015, Cypress Semiconductor Corporation.  All rights reserved.
  13:Generated_Source\PSoC5/isr_1.c **** * You may use this file only in accordance with the license, terms, conditions, 
  14:Generated_Source\PSoC5/isr_1.c **** * disclaimers, and limitations in the end user license agreement accompanying 
  15:Generated_Source\PSoC5/isr_1.c **** * the software package with which this file was provided.
  16:Generated_Source\PSoC5/isr_1.c **** *******************************************************************************/
  17:Generated_Source\PSoC5/isr_1.c **** 
  18:Generated_Source\PSoC5/isr_1.c **** 
  19:Generated_Source\PSoC5/isr_1.c **** #include <cydevice_trm.h>
  20:Generated_Source\PSoC5/isr_1.c **** #include <CyLib.h>
  21:Generated_Source\PSoC5/isr_1.c **** #include <isr_1.h>
  22:Generated_Source\PSoC5/isr_1.c **** #include "cyapicallbacks.h"
  23:Generated_Source\PSoC5/isr_1.c **** 
  24:Generated_Source\PSoC5/isr_1.c **** #if !defined(isr_1__REMOVED) /* Check for removal by optimization */
  25:Generated_Source\PSoC5/isr_1.c **** 
  26:Generated_Source\PSoC5/isr_1.c **** /*******************************************************************************
  27:Generated_Source\PSoC5/isr_1.c **** *  Place your includes, defines and code here 
  28:Generated_Source\PSoC5/isr_1.c **** ********************************************************************************/
  29:Generated_Source\PSoC5/isr_1.c **** /* `#START isr_1_intc` */
  30:Generated_Source\PSoC5/isr_1.c **** 
ARM GAS  C:\Users\ingan\AppData\Local\Temp\cctXUDki.s 			page 2


  31:Generated_Source\PSoC5/isr_1.c **** /* `#END` */
  32:Generated_Source\PSoC5/isr_1.c **** 
  33:Generated_Source\PSoC5/isr_1.c **** #ifndef CYINT_IRQ_BASE
  34:Generated_Source\PSoC5/isr_1.c **** #define CYINT_IRQ_BASE      16
  35:Generated_Source\PSoC5/isr_1.c **** #endif /* CYINT_IRQ_BASE */
  36:Generated_Source\PSoC5/isr_1.c **** #ifndef CYINT_VECT_TABLE
  37:Generated_Source\PSoC5/isr_1.c **** #define CYINT_VECT_TABLE    ((cyisraddress **) CYREG_NVIC_VECT_OFFSET)
  38:Generated_Source\PSoC5/isr_1.c **** #endif /* CYINT_VECT_TABLE */
  39:Generated_Source\PSoC5/isr_1.c **** 
  40:Generated_Source\PSoC5/isr_1.c **** /* Declared in startup, used to set unused interrupts to. */
  41:Generated_Source\PSoC5/isr_1.c **** CY_ISR_PROTO(IntDefaultHandler);
  42:Generated_Source\PSoC5/isr_1.c **** 
  43:Generated_Source\PSoC5/isr_1.c **** 
  44:Generated_Source\PSoC5/isr_1.c **** /*******************************************************************************
  45:Generated_Source\PSoC5/isr_1.c **** * Function Name: isr_1_Start
  46:Generated_Source\PSoC5/isr_1.c **** ********************************************************************************
  47:Generated_Source\PSoC5/isr_1.c **** *
  48:Generated_Source\PSoC5/isr_1.c **** * Summary:
  49:Generated_Source\PSoC5/isr_1.c **** *  Set up the interrupt and enable it. This function disables the interrupt, 
  50:Generated_Source\PSoC5/isr_1.c **** *  sets the default interrupt vector, sets the priority from the value in the
  51:Generated_Source\PSoC5/isr_1.c **** *  Design Wide Resources Interrupt Editor, then enables the interrupt to the 
  52:Generated_Source\PSoC5/isr_1.c **** *  interrupt controller.
  53:Generated_Source\PSoC5/isr_1.c **** *
  54:Generated_Source\PSoC5/isr_1.c **** * Parameters:  
  55:Generated_Source\PSoC5/isr_1.c **** *   None
  56:Generated_Source\PSoC5/isr_1.c **** *
  57:Generated_Source\PSoC5/isr_1.c **** * Return:
  58:Generated_Source\PSoC5/isr_1.c **** *   None
  59:Generated_Source\PSoC5/isr_1.c **** *
  60:Generated_Source\PSoC5/isr_1.c **** *******************************************************************************/
  61:Generated_Source\PSoC5/isr_1.c **** void isr_1_Start(void)
  62:Generated_Source\PSoC5/isr_1.c **** {
  63:Generated_Source\PSoC5/isr_1.c ****     /* For all we know the interrupt is active. */
  64:Generated_Source\PSoC5/isr_1.c ****     isr_1_Disable();
  65:Generated_Source\PSoC5/isr_1.c **** 
  66:Generated_Source\PSoC5/isr_1.c ****     /* Set the ISR to point to the isr_1 Interrupt. */
  67:Generated_Source\PSoC5/isr_1.c ****     isr_1_SetVector(&isr_1_Interrupt);
  68:Generated_Source\PSoC5/isr_1.c **** 
  69:Generated_Source\PSoC5/isr_1.c ****     /* Set the priority. */
  70:Generated_Source\PSoC5/isr_1.c ****     isr_1_SetPriority((uint8)isr_1_INTC_PRIOR_NUMBER);
  71:Generated_Source\PSoC5/isr_1.c **** 
  72:Generated_Source\PSoC5/isr_1.c ****     /* Enable it. */
  73:Generated_Source\PSoC5/isr_1.c ****     isr_1_Enable();
  74:Generated_Source\PSoC5/isr_1.c **** }
  75:Generated_Source\PSoC5/isr_1.c **** 
  76:Generated_Source\PSoC5/isr_1.c **** 
  77:Generated_Source\PSoC5/isr_1.c **** /*******************************************************************************
  78:Generated_Source\PSoC5/isr_1.c **** * Function Name: isr_1_StartEx
  79:Generated_Source\PSoC5/isr_1.c **** ********************************************************************************
  80:Generated_Source\PSoC5/isr_1.c **** *
  81:Generated_Source\PSoC5/isr_1.c **** * Summary:
  82:Generated_Source\PSoC5/isr_1.c **** *  Sets up the interrupt and enables it. This function disables the interrupt,
  83:Generated_Source\PSoC5/isr_1.c **** *  sets the interrupt vector based on the address passed in, sets the priority 
  84:Generated_Source\PSoC5/isr_1.c **** *  from the value in the Design Wide Resources Interrupt Editor, then enables 
  85:Generated_Source\PSoC5/isr_1.c **** *  the interrupt to the interrupt controller.
  86:Generated_Source\PSoC5/isr_1.c **** *  
  87:Generated_Source\PSoC5/isr_1.c **** *  When defining ISR functions, the CY_ISR and CY_ISR_PROTO macros should be 
ARM GAS  C:\Users\ingan\AppData\Local\Temp\cctXUDki.s 			page 3


  88:Generated_Source\PSoC5/isr_1.c **** *  used to provide consistent definition across compilers:
  89:Generated_Source\PSoC5/isr_1.c **** *  
  90:Generated_Source\PSoC5/isr_1.c **** *  Function definition example:
  91:Generated_Source\PSoC5/isr_1.c **** *   CY_ISR(MyISR)
  92:Generated_Source\PSoC5/isr_1.c **** *   {
  93:Generated_Source\PSoC5/isr_1.c **** *   }
  94:Generated_Source\PSoC5/isr_1.c **** *   Function prototype example:
  95:Generated_Source\PSoC5/isr_1.c **** *   CY_ISR_PROTO(MyISR);
  96:Generated_Source\PSoC5/isr_1.c **** *
  97:Generated_Source\PSoC5/isr_1.c **** * Parameters:  
  98:Generated_Source\PSoC5/isr_1.c **** *   address: Address of the ISR to set in the interrupt vector table.
  99:Generated_Source\PSoC5/isr_1.c **** *
 100:Generated_Source\PSoC5/isr_1.c **** * Return:
 101:Generated_Source\PSoC5/isr_1.c **** *   None
 102:Generated_Source\PSoC5/isr_1.c **** *
 103:Generated_Source\PSoC5/isr_1.c **** *******************************************************************************/
 104:Generated_Source\PSoC5/isr_1.c **** void isr_1_StartEx(cyisraddress address)
 105:Generated_Source\PSoC5/isr_1.c **** {
 106:Generated_Source\PSoC5/isr_1.c ****     /* For all we know the interrupt is active. */
 107:Generated_Source\PSoC5/isr_1.c ****     isr_1_Disable();
 108:Generated_Source\PSoC5/isr_1.c **** 
 109:Generated_Source\PSoC5/isr_1.c ****     /* Set the ISR to point to the isr_1 Interrupt. */
 110:Generated_Source\PSoC5/isr_1.c ****     isr_1_SetVector(address);
 111:Generated_Source\PSoC5/isr_1.c **** 
 112:Generated_Source\PSoC5/isr_1.c ****     /* Set the priority. */
 113:Generated_Source\PSoC5/isr_1.c ****     isr_1_SetPriority((uint8)isr_1_INTC_PRIOR_NUMBER);
 114:Generated_Source\PSoC5/isr_1.c **** 
 115:Generated_Source\PSoC5/isr_1.c ****     /* Enable it. */
 116:Generated_Source\PSoC5/isr_1.c ****     isr_1_Enable();
 117:Generated_Source\PSoC5/isr_1.c **** }
 118:Generated_Source\PSoC5/isr_1.c **** 
 119:Generated_Source\PSoC5/isr_1.c **** 
 120:Generated_Source\PSoC5/isr_1.c **** /*******************************************************************************
 121:Generated_Source\PSoC5/isr_1.c **** * Function Name: isr_1_Stop
 122:Generated_Source\PSoC5/isr_1.c **** ********************************************************************************
 123:Generated_Source\PSoC5/isr_1.c **** *
 124:Generated_Source\PSoC5/isr_1.c **** * Summary:
 125:Generated_Source\PSoC5/isr_1.c **** *   Disables and removes the interrupt.
 126:Generated_Source\PSoC5/isr_1.c **** *
 127:Generated_Source\PSoC5/isr_1.c **** * Parameters:  
 128:Generated_Source\PSoC5/isr_1.c **** *   None
 129:Generated_Source\PSoC5/isr_1.c **** *
 130:Generated_Source\PSoC5/isr_1.c **** * Return:
 131:Generated_Source\PSoC5/isr_1.c **** *   None
 132:Generated_Source\PSoC5/isr_1.c **** *
 133:Generated_Source\PSoC5/isr_1.c **** *******************************************************************************/
 134:Generated_Source\PSoC5/isr_1.c **** void isr_1_Stop(void)
 135:Generated_Source\PSoC5/isr_1.c **** {
 136:Generated_Source\PSoC5/isr_1.c ****     /* Disable this interrupt. */
 137:Generated_Source\PSoC5/isr_1.c ****     isr_1_Disable();
 138:Generated_Source\PSoC5/isr_1.c **** 
 139:Generated_Source\PSoC5/isr_1.c ****     /* Set the ISR to point to the passive one. */
 140:Generated_Source\PSoC5/isr_1.c ****     isr_1_SetVector(&IntDefaultHandler);
 141:Generated_Source\PSoC5/isr_1.c **** }
 142:Generated_Source\PSoC5/isr_1.c **** 
 143:Generated_Source\PSoC5/isr_1.c **** 
 144:Generated_Source\PSoC5/isr_1.c **** /*******************************************************************************
ARM GAS  C:\Users\ingan\AppData\Local\Temp\cctXUDki.s 			page 4


 145:Generated_Source\PSoC5/isr_1.c **** * Function Name: isr_1_Interrupt
 146:Generated_Source\PSoC5/isr_1.c **** ********************************************************************************
 147:Generated_Source\PSoC5/isr_1.c **** *
 148:Generated_Source\PSoC5/isr_1.c **** * Summary:
 149:Generated_Source\PSoC5/isr_1.c **** *   The default Interrupt Service Routine for isr_1.
 150:Generated_Source\PSoC5/isr_1.c **** *
 151:Generated_Source\PSoC5/isr_1.c **** *   Add custom code between the coments to keep the next version of this file
 152:Generated_Source\PSoC5/isr_1.c **** *   from over writting your code.
 153:Generated_Source\PSoC5/isr_1.c **** *
 154:Generated_Source\PSoC5/isr_1.c **** * Parameters:  
 155:Generated_Source\PSoC5/isr_1.c **** *
 156:Generated_Source\PSoC5/isr_1.c **** * Return:
 157:Generated_Source\PSoC5/isr_1.c **** *   None
 158:Generated_Source\PSoC5/isr_1.c **** *
 159:Generated_Source\PSoC5/isr_1.c **** *******************************************************************************/
 160:Generated_Source\PSoC5/isr_1.c **** CY_ISR(isr_1_Interrupt)
 161:Generated_Source\PSoC5/isr_1.c **** {
  28              		.loc 1 161 0
  29              		.cfi_startproc
  30              		@ args = 0, pretend = 0, frame = 0
  31              		@ frame_needed = 0, uses_anonymous_args = 0
  32              		@ link register save eliminated.
  33 0000 7047     		bx	lr
  34              		.cfi_endproc
  35              	.LFE3:
  36              		.size	isr_1_Interrupt, .-isr_1_Interrupt
  37 0002 00BF     		.section	.text.isr_1_Start,"ax",%progbits
  38              		.align	2
  39              		.global	isr_1_Start
  40              		.thumb
  41              		.thumb_func
  42              		.type	isr_1_Start, %function
  43              	isr_1_Start:
  44              	.LFB0:
  62:Generated_Source\PSoC5/isr_1.c ****     /* For all we know the interrupt is active. */
  45              		.loc 1 62 0
  46              		.cfi_startproc
  47              		@ args = 0, pretend = 0, frame = 0
  48              		@ frame_needed = 0, uses_anonymous_args = 0
  49              		@ link register save eliminated.
  50              	.LBB10:
  51              	.LBB11:
 162:Generated_Source\PSoC5/isr_1.c ****     #ifdef isr_1_INTERRUPT_INTERRUPT_CALLBACK
 163:Generated_Source\PSoC5/isr_1.c ****         isr_1_Interrupt_InterruptCallback();
 164:Generated_Source\PSoC5/isr_1.c ****     #endif /* isr_1_INTERRUPT_INTERRUPT_CALLBACK */ 
 165:Generated_Source\PSoC5/isr_1.c **** 
 166:Generated_Source\PSoC5/isr_1.c ****     /*  Place your Interrupt code here. */
 167:Generated_Source\PSoC5/isr_1.c ****     /* `#START isr_1_Interrupt` */
 168:Generated_Source\PSoC5/isr_1.c **** 
 169:Generated_Source\PSoC5/isr_1.c ****     /* `#END` */
 170:Generated_Source\PSoC5/isr_1.c **** }
 171:Generated_Source\PSoC5/isr_1.c **** 
 172:Generated_Source\PSoC5/isr_1.c **** 
 173:Generated_Source\PSoC5/isr_1.c **** /*******************************************************************************
 174:Generated_Source\PSoC5/isr_1.c **** * Function Name: isr_1_SetVector
 175:Generated_Source\PSoC5/isr_1.c **** ********************************************************************************
 176:Generated_Source\PSoC5/isr_1.c **** *
ARM GAS  C:\Users\ingan\AppData\Local\Temp\cctXUDki.s 			page 5


 177:Generated_Source\PSoC5/isr_1.c **** * Summary:
 178:Generated_Source\PSoC5/isr_1.c **** *   Change the ISR vector for the Interrupt. Note calling isr_1_Start
 179:Generated_Source\PSoC5/isr_1.c **** *   will override any effect this method would have had. To set the vector 
 180:Generated_Source\PSoC5/isr_1.c **** *   before the component has been started use isr_1_StartEx instead.
 181:Generated_Source\PSoC5/isr_1.c **** * 
 182:Generated_Source\PSoC5/isr_1.c **** *   When defining ISR functions, the CY_ISR and CY_ISR_PROTO macros should be 
 183:Generated_Source\PSoC5/isr_1.c **** *   used to provide consistent definition across compilers:
 184:Generated_Source\PSoC5/isr_1.c **** *
 185:Generated_Source\PSoC5/isr_1.c **** *   Function definition example:
 186:Generated_Source\PSoC5/isr_1.c **** *   CY_ISR(MyISR)
 187:Generated_Source\PSoC5/isr_1.c **** *   {
 188:Generated_Source\PSoC5/isr_1.c **** *   }
 189:Generated_Source\PSoC5/isr_1.c **** *
 190:Generated_Source\PSoC5/isr_1.c **** *   Function prototype example:
 191:Generated_Source\PSoC5/isr_1.c **** *     CY_ISR_PROTO(MyISR);
 192:Generated_Source\PSoC5/isr_1.c **** *
 193:Generated_Source\PSoC5/isr_1.c **** * Parameters:
 194:Generated_Source\PSoC5/isr_1.c **** *   address: Address of the ISR to set in the interrupt vector table.
 195:Generated_Source\PSoC5/isr_1.c **** *
 196:Generated_Source\PSoC5/isr_1.c **** * Return:
 197:Generated_Source\PSoC5/isr_1.c **** *   None
 198:Generated_Source\PSoC5/isr_1.c **** *
 199:Generated_Source\PSoC5/isr_1.c **** *******************************************************************************/
 200:Generated_Source\PSoC5/isr_1.c **** void isr_1_SetVector(cyisraddress address)
 201:Generated_Source\PSoC5/isr_1.c **** {
 202:Generated_Source\PSoC5/isr_1.c ****     cyisraddress * ramVectorTable;
 203:Generated_Source\PSoC5/isr_1.c **** 
 204:Generated_Source\PSoC5/isr_1.c ****     ramVectorTable = (cyisraddress *) *CYINT_VECT_TABLE;
 205:Generated_Source\PSoC5/isr_1.c **** 
 206:Generated_Source\PSoC5/isr_1.c ****     ramVectorTable[CYINT_IRQ_BASE + (uint32)isr_1__INTC_NUMBER] = address;
 207:Generated_Source\PSoC5/isr_1.c **** }
 208:Generated_Source\PSoC5/isr_1.c **** 
 209:Generated_Source\PSoC5/isr_1.c **** 
 210:Generated_Source\PSoC5/isr_1.c **** /*******************************************************************************
 211:Generated_Source\PSoC5/isr_1.c **** * Function Name: isr_1_GetVector
 212:Generated_Source\PSoC5/isr_1.c **** ********************************************************************************
 213:Generated_Source\PSoC5/isr_1.c **** *
 214:Generated_Source\PSoC5/isr_1.c **** * Summary:
 215:Generated_Source\PSoC5/isr_1.c **** *   Gets the "address" of the current ISR vector for the Interrupt.
 216:Generated_Source\PSoC5/isr_1.c **** *
 217:Generated_Source\PSoC5/isr_1.c **** * Parameters:
 218:Generated_Source\PSoC5/isr_1.c **** *   None
 219:Generated_Source\PSoC5/isr_1.c **** *
 220:Generated_Source\PSoC5/isr_1.c **** * Return:
 221:Generated_Source\PSoC5/isr_1.c **** *   Address of the ISR in the interrupt vector table.
 222:Generated_Source\PSoC5/isr_1.c **** *
 223:Generated_Source\PSoC5/isr_1.c **** *******************************************************************************/
 224:Generated_Source\PSoC5/isr_1.c **** cyisraddress isr_1_GetVector(void)
 225:Generated_Source\PSoC5/isr_1.c **** {
 226:Generated_Source\PSoC5/isr_1.c ****     cyisraddress * ramVectorTable;
 227:Generated_Source\PSoC5/isr_1.c **** 
 228:Generated_Source\PSoC5/isr_1.c ****     ramVectorTable = (cyisraddress *) *CYINT_VECT_TABLE;
 229:Generated_Source\PSoC5/isr_1.c **** 
 230:Generated_Source\PSoC5/isr_1.c ****     return ramVectorTable[CYINT_IRQ_BASE + (uint32)isr_1__INTC_NUMBER];
 231:Generated_Source\PSoC5/isr_1.c **** }
 232:Generated_Source\PSoC5/isr_1.c **** 
 233:Generated_Source\PSoC5/isr_1.c **** 
ARM GAS  C:\Users\ingan\AppData\Local\Temp\cctXUDki.s 			page 6


 234:Generated_Source\PSoC5/isr_1.c **** /*******************************************************************************
 235:Generated_Source\PSoC5/isr_1.c **** * Function Name: isr_1_SetPriority
 236:Generated_Source\PSoC5/isr_1.c **** ********************************************************************************
 237:Generated_Source\PSoC5/isr_1.c **** *
 238:Generated_Source\PSoC5/isr_1.c **** * Summary:
 239:Generated_Source\PSoC5/isr_1.c **** *   Sets the Priority of the Interrupt. 
 240:Generated_Source\PSoC5/isr_1.c **** *
 241:Generated_Source\PSoC5/isr_1.c **** *   Note calling isr_1_Start or isr_1_StartEx will 
 242:Generated_Source\PSoC5/isr_1.c **** *   override any effect this API would have had. This API should only be called
 243:Generated_Source\PSoC5/isr_1.c **** *   after isr_1_Start or isr_1_StartEx has been called. 
 244:Generated_Source\PSoC5/isr_1.c **** *   To set the initial priority for the component, use the Design-Wide Resources
 245:Generated_Source\PSoC5/isr_1.c **** *   Interrupt Editor.
 246:Generated_Source\PSoC5/isr_1.c **** *
 247:Generated_Source\PSoC5/isr_1.c **** *   Note This API has no effect on Non-maskable interrupt NMI).
 248:Generated_Source\PSoC5/isr_1.c **** *
 249:Generated_Source\PSoC5/isr_1.c **** * Parameters:
 250:Generated_Source\PSoC5/isr_1.c **** *   priority: Priority of the interrupt, 0 being the highest priority
 251:Generated_Source\PSoC5/isr_1.c **** *             PSoC 3 and PSoC 5LP: Priority is from 0 to 7.
 252:Generated_Source\PSoC5/isr_1.c **** *             PSoC 4: Priority is from 0 to 3.
 253:Generated_Source\PSoC5/isr_1.c **** *
 254:Generated_Source\PSoC5/isr_1.c **** * Return:
 255:Generated_Source\PSoC5/isr_1.c **** *   None
 256:Generated_Source\PSoC5/isr_1.c **** *
 257:Generated_Source\PSoC5/isr_1.c **** *******************************************************************************/
 258:Generated_Source\PSoC5/isr_1.c **** void isr_1_SetPriority(uint8 priority)
 259:Generated_Source\PSoC5/isr_1.c **** {
 260:Generated_Source\PSoC5/isr_1.c ****     *isr_1_INTC_PRIOR = priority << 5;
 261:Generated_Source\PSoC5/isr_1.c **** }
 262:Generated_Source\PSoC5/isr_1.c **** 
 263:Generated_Source\PSoC5/isr_1.c **** 
 264:Generated_Source\PSoC5/isr_1.c **** /*******************************************************************************
 265:Generated_Source\PSoC5/isr_1.c **** * Function Name: isr_1_GetPriority
 266:Generated_Source\PSoC5/isr_1.c **** ********************************************************************************
 267:Generated_Source\PSoC5/isr_1.c **** *
 268:Generated_Source\PSoC5/isr_1.c **** * Summary:
 269:Generated_Source\PSoC5/isr_1.c **** *   Gets the Priority of the Interrupt.
 270:Generated_Source\PSoC5/isr_1.c **** *
 271:Generated_Source\PSoC5/isr_1.c **** * Parameters:
 272:Generated_Source\PSoC5/isr_1.c **** *   None
 273:Generated_Source\PSoC5/isr_1.c **** *
 274:Generated_Source\PSoC5/isr_1.c **** * Return:
 275:Generated_Source\PSoC5/isr_1.c **** *   Priority of the interrupt, 0 being the highest priority
 276:Generated_Source\PSoC5/isr_1.c **** *    PSoC 3 and PSoC 5LP: Priority is from 0 to 7.
 277:Generated_Source\PSoC5/isr_1.c **** *    PSoC 4: Priority is from 0 to 3.
 278:Generated_Source\PSoC5/isr_1.c **** *
 279:Generated_Source\PSoC5/isr_1.c **** *******************************************************************************/
 280:Generated_Source\PSoC5/isr_1.c **** uint8 isr_1_GetPriority(void)
 281:Generated_Source\PSoC5/isr_1.c **** {
 282:Generated_Source\PSoC5/isr_1.c ****     uint8 priority;
 283:Generated_Source\PSoC5/isr_1.c **** 
 284:Generated_Source\PSoC5/isr_1.c **** 
 285:Generated_Source\PSoC5/isr_1.c ****     priority = *isr_1_INTC_PRIOR >> 5;
 286:Generated_Source\PSoC5/isr_1.c **** 
 287:Generated_Source\PSoC5/isr_1.c ****     return priority;
 288:Generated_Source\PSoC5/isr_1.c **** }
 289:Generated_Source\PSoC5/isr_1.c **** 
 290:Generated_Source\PSoC5/isr_1.c **** 
ARM GAS  C:\Users\ingan\AppData\Local\Temp\cctXUDki.s 			page 7


 291:Generated_Source\PSoC5/isr_1.c **** /*******************************************************************************
 292:Generated_Source\PSoC5/isr_1.c **** * Function Name: isr_1_Enable
 293:Generated_Source\PSoC5/isr_1.c **** ********************************************************************************
 294:Generated_Source\PSoC5/isr_1.c **** *
 295:Generated_Source\PSoC5/isr_1.c **** * Summary:
 296:Generated_Source\PSoC5/isr_1.c **** *   Enables the interrupt to the interrupt controller. Do not call this function
 297:Generated_Source\PSoC5/isr_1.c **** *   unless ISR_Start() has been called or the functionality of the ISR_Start() 
 298:Generated_Source\PSoC5/isr_1.c **** *   function, which sets the vector and the priority, has been called.
 299:Generated_Source\PSoC5/isr_1.c **** *
 300:Generated_Source\PSoC5/isr_1.c **** * Parameters:
 301:Generated_Source\PSoC5/isr_1.c **** *   None
 302:Generated_Source\PSoC5/isr_1.c **** *
 303:Generated_Source\PSoC5/isr_1.c **** * Return:
 304:Generated_Source\PSoC5/isr_1.c **** *   None
 305:Generated_Source\PSoC5/isr_1.c **** *
 306:Generated_Source\PSoC5/isr_1.c **** *******************************************************************************/
 307:Generated_Source\PSoC5/isr_1.c **** void isr_1_Enable(void)
 308:Generated_Source\PSoC5/isr_1.c **** {
 309:Generated_Source\PSoC5/isr_1.c ****     /* Enable the general interrupt. */
 310:Generated_Source\PSoC5/isr_1.c ****     *isr_1_INTC_SET_EN = isr_1__INTC_MASK;
 311:Generated_Source\PSoC5/isr_1.c **** }
 312:Generated_Source\PSoC5/isr_1.c **** 
 313:Generated_Source\PSoC5/isr_1.c **** 
 314:Generated_Source\PSoC5/isr_1.c **** /*******************************************************************************
 315:Generated_Source\PSoC5/isr_1.c **** * Function Name: isr_1_GetState
 316:Generated_Source\PSoC5/isr_1.c **** ********************************************************************************
 317:Generated_Source\PSoC5/isr_1.c **** *
 318:Generated_Source\PSoC5/isr_1.c **** * Summary:
 319:Generated_Source\PSoC5/isr_1.c **** *   Gets the state (enabled, disabled) of the Interrupt.
 320:Generated_Source\PSoC5/isr_1.c **** *
 321:Generated_Source\PSoC5/isr_1.c **** * Parameters:
 322:Generated_Source\PSoC5/isr_1.c **** *   None
 323:Generated_Source\PSoC5/isr_1.c **** *
 324:Generated_Source\PSoC5/isr_1.c **** * Return:
 325:Generated_Source\PSoC5/isr_1.c **** *   1 if enabled, 0 if disabled.
 326:Generated_Source\PSoC5/isr_1.c **** *
 327:Generated_Source\PSoC5/isr_1.c **** *******************************************************************************/
 328:Generated_Source\PSoC5/isr_1.c **** uint8 isr_1_GetState(void)
 329:Generated_Source\PSoC5/isr_1.c **** {
 330:Generated_Source\PSoC5/isr_1.c ****     /* Get the state of the general interrupt. */
 331:Generated_Source\PSoC5/isr_1.c ****     return ((*isr_1_INTC_SET_EN & (uint32)isr_1__INTC_MASK) != 0u) ? 1u:0u;
 332:Generated_Source\PSoC5/isr_1.c **** }
 333:Generated_Source\PSoC5/isr_1.c **** 
 334:Generated_Source\PSoC5/isr_1.c **** 
 335:Generated_Source\PSoC5/isr_1.c **** /*******************************************************************************
 336:Generated_Source\PSoC5/isr_1.c **** * Function Name: isr_1_Disable
 337:Generated_Source\PSoC5/isr_1.c **** ********************************************************************************
 338:Generated_Source\PSoC5/isr_1.c **** *
 339:Generated_Source\PSoC5/isr_1.c **** * Summary:
 340:Generated_Source\PSoC5/isr_1.c **** *   Disables the Interrupt in the interrupt controller.
 341:Generated_Source\PSoC5/isr_1.c **** *
 342:Generated_Source\PSoC5/isr_1.c **** * Parameters:
 343:Generated_Source\PSoC5/isr_1.c **** *   None
 344:Generated_Source\PSoC5/isr_1.c **** *
 345:Generated_Source\PSoC5/isr_1.c **** * Return:
 346:Generated_Source\PSoC5/isr_1.c **** *   None
 347:Generated_Source\PSoC5/isr_1.c **** *
ARM GAS  C:\Users\ingan\AppData\Local\Temp\cctXUDki.s 			page 8


 348:Generated_Source\PSoC5/isr_1.c **** *******************************************************************************/
 349:Generated_Source\PSoC5/isr_1.c **** void isr_1_Disable(void)
 350:Generated_Source\PSoC5/isr_1.c **** {
 351:Generated_Source\PSoC5/isr_1.c ****     /* Disable the general interrupt. */
 352:Generated_Source\PSoC5/isr_1.c ****     *isr_1_INTC_CLR_EN = isr_1__INTC_MASK;
  52              		.loc 1 352 0
  53 0000 0823     		movs	r3, #8
  54 0002 074A     		ldr	r2, .L3
  55 0004 1360     		str	r3, [r2]
  56              	.LVL0:
  57              	.LBE11:
  58              	.LBE10:
  59              	.LBB12:
  60              	.LBB13:
 204:Generated_Source\PSoC5/isr_1.c **** 
  61              		.loc 1 204 0
  62 0006 02F68832 		addw	r2, r2, #2952
  63 000a 1268     		ldr	r2, [r2]
  64              	.LVL1:
 206:Generated_Source\PSoC5/isr_1.c **** }
  65              		.loc 1 206 0
  66 000c 0549     		ldr	r1, .L3+4
  67 000e D164     		str	r1, [r2, #76]
  68              	.LVL2:
  69              	.LBE13:
  70              	.LBE12:
  71              	.LBB14:
  72              	.LBB15:
 260:Generated_Source\PSoC5/isr_1.c **** }
  73              		.loc 1 260 0
  74 0010 0021     		movs	r1, #0
  75 0012 054A     		ldr	r2, .L3+8
  76 0014 1170     		strb	r1, [r2]
  77              	.LVL3:
  78              	.LBE15:
  79              	.LBE14:
  80              	.LBB16:
  81              	.LBB17:
 310:Generated_Source\PSoC5/isr_1.c **** }
  82              		.loc 1 310 0
  83 0016 A2F20332 		subw	r2, r2, #771
  84 001a 1360     		str	r3, [r2]
  85 001c 7047     		bx	lr
  86              	.L4:
  87 001e 00BF     		.align	2
  88              	.L3:
  89 0020 80E100E0 		.word	-536813184
  90 0024 00000000 		.word	isr_1_Interrupt
  91 0028 03E400E0 		.word	-536812541
  92              	.LBE17:
  93              	.LBE16:
  94              		.cfi_endproc
  95              	.LFE0:
  96              		.size	isr_1_Start, .-isr_1_Start
  97              		.section	.text.isr_1_StartEx,"ax",%progbits
  98              		.align	2
  99              		.global	isr_1_StartEx
ARM GAS  C:\Users\ingan\AppData\Local\Temp\cctXUDki.s 			page 9


 100              		.thumb
 101              		.thumb_func
 102              		.type	isr_1_StartEx, %function
 103              	isr_1_StartEx:
 104              	.LFB1:
 105:Generated_Source\PSoC5/isr_1.c ****     /* For all we know the interrupt is active. */
 105              		.loc 1 105 0
 106              		.cfi_startproc
 107              		@ args = 0, pretend = 0, frame = 0
 108              		@ frame_needed = 0, uses_anonymous_args = 0
 109              		@ link register save eliminated.
 110              	.LVL4:
 111              	.LBB26:
 112              	.LBB27:
 113              		.loc 1 352 0
 114 0000 0823     		movs	r3, #8
 115 0002 064A     		ldr	r2, .L6
 116 0004 1360     		str	r3, [r2]
 117              	.LVL5:
 118              	.LBE27:
 119              	.LBE26:
 120              	.LBB28:
 121              	.LBB29:
 204:Generated_Source\PSoC5/isr_1.c **** 
 122              		.loc 1 204 0
 123 0006 02F68832 		addw	r2, r2, #2952
 124 000a 1268     		ldr	r2, [r2]
 125              	.LVL6:
 206:Generated_Source\PSoC5/isr_1.c **** }
 126              		.loc 1 206 0
 127 000c D064     		str	r0, [r2, #76]
 128              	.LVL7:
 129              	.LBE29:
 130              	.LBE28:
 131              	.LBB30:
 132              	.LBB31:
 260:Generated_Source\PSoC5/isr_1.c **** }
 133              		.loc 1 260 0
 134 000e 0021     		movs	r1, #0
 135 0010 034A     		ldr	r2, .L6+4
 136 0012 1170     		strb	r1, [r2]
 137              	.LVL8:
 138              	.LBE31:
 139              	.LBE30:
 140              	.LBB32:
 141              	.LBB33:
 310:Generated_Source\PSoC5/isr_1.c **** }
 142              		.loc 1 310 0
 143 0014 A2F20332 		subw	r2, r2, #771
 144 0018 1360     		str	r3, [r2]
 145 001a 7047     		bx	lr
 146              	.L7:
 147              		.align	2
 148              	.L6:
 149 001c 80E100E0 		.word	-536813184
 150 0020 03E400E0 		.word	-536812541
 151              	.LBE33:
ARM GAS  C:\Users\ingan\AppData\Local\Temp\cctXUDki.s 			page 10


 152              	.LBE32:
 153              		.cfi_endproc
 154              	.LFE1:
 155              		.size	isr_1_StartEx, .-isr_1_StartEx
 156              		.section	.text.isr_1_Stop,"ax",%progbits
 157              		.align	2
 158              		.global	isr_1_Stop
 159              		.thumb
 160              		.thumb_func
 161              		.type	isr_1_Stop, %function
 162              	isr_1_Stop:
 163              	.LFB2:
 135:Generated_Source\PSoC5/isr_1.c ****     /* Disable this interrupt. */
 164              		.loc 1 135 0
 165              		.cfi_startproc
 166              		@ args = 0, pretend = 0, frame = 0
 167              		@ frame_needed = 0, uses_anonymous_args = 0
 168              		@ link register save eliminated.
 169              	.LBB38:
 170              	.LBB39:
 171              		.loc 1 352 0
 172 0000 0822     		movs	r2, #8
 173 0002 044B     		ldr	r3, .L9
 174 0004 1A60     		str	r2, [r3]
 175              	.LVL9:
 176              	.LBE39:
 177              	.LBE38:
 178              	.LBB40:
 179              	.LBB41:
 204:Generated_Source\PSoC5/isr_1.c **** 
 180              		.loc 1 204 0
 181 0006 03F68833 		addw	r3, r3, #2952
 182 000a 1B68     		ldr	r3, [r3]
 183              	.LVL10:
 206:Generated_Source\PSoC5/isr_1.c **** }
 184              		.loc 1 206 0
 185 000c 024A     		ldr	r2, .L9+4
 186 000e DA64     		str	r2, [r3, #76]
 187              	.LVL11:
 188 0010 7047     		bx	lr
 189              	.L10:
 190 0012 00BF     		.align	2
 191              	.L9:
 192 0014 80E100E0 		.word	-536813184
 193 0018 00000000 		.word	IntDefaultHandler
 194              	.LBE41:
 195              	.LBE40:
 196              		.cfi_endproc
 197              	.LFE2:
 198              		.size	isr_1_Stop, .-isr_1_Stop
 199              		.section	.text.isr_1_SetVector,"ax",%progbits
 200              		.align	2
 201              		.global	isr_1_SetVector
 202              		.thumb
 203              		.thumb_func
 204              		.type	isr_1_SetVector, %function
 205              	isr_1_SetVector:
ARM GAS  C:\Users\ingan\AppData\Local\Temp\cctXUDki.s 			page 11


 206              	.LFB4:
 201:Generated_Source\PSoC5/isr_1.c ****     cyisraddress * ramVectorTable;
 207              		.loc 1 201 0
 208              		.cfi_startproc
 209              		@ args = 0, pretend = 0, frame = 0
 210              		@ frame_needed = 0, uses_anonymous_args = 0
 211              		@ link register save eliminated.
 212              	.LVL12:
 204:Generated_Source\PSoC5/isr_1.c **** 
 213              		.loc 1 204 0
 214 0000 014B     		ldr	r3, .L12
 215 0002 1B68     		ldr	r3, [r3]
 216              	.LVL13:
 206:Generated_Source\PSoC5/isr_1.c **** }
 217              		.loc 1 206 0
 218 0004 D864     		str	r0, [r3, #76]
 219 0006 7047     		bx	lr
 220              	.L13:
 221              		.align	2
 222              	.L12:
 223 0008 08ED00E0 		.word	-536810232
 224              		.cfi_endproc
 225              	.LFE4:
 226              		.size	isr_1_SetVector, .-isr_1_SetVector
 227              		.section	.text.isr_1_GetVector,"ax",%progbits
 228              		.align	2
 229              		.global	isr_1_GetVector
 230              		.thumb
 231              		.thumb_func
 232              		.type	isr_1_GetVector, %function
 233              	isr_1_GetVector:
 234              	.LFB5:
 225:Generated_Source\PSoC5/isr_1.c ****     cyisraddress * ramVectorTable;
 235              		.loc 1 225 0
 236              		.cfi_startproc
 237              		@ args = 0, pretend = 0, frame = 0
 238              		@ frame_needed = 0, uses_anonymous_args = 0
 239              		@ link register save eliminated.
 240              	.LVL14:
 228:Generated_Source\PSoC5/isr_1.c **** 
 241              		.loc 1 228 0
 242 0000 014B     		ldr	r3, .L15
 243              	.LVL15:
 230:Generated_Source\PSoC5/isr_1.c **** }
 244              		.loc 1 230 0
 245 0002 1B68     		ldr	r3, [r3]
 246              	.LVL16:
 231:Generated_Source\PSoC5/isr_1.c **** 
 247              		.loc 1 231 0
 248 0004 D86C     		ldr	r0, [r3, #76]
 249 0006 7047     		bx	lr
 250              	.L16:
 251              		.align	2
 252              	.L15:
 253 0008 08ED00E0 		.word	-536810232
 254              		.cfi_endproc
 255              	.LFE5:
ARM GAS  C:\Users\ingan\AppData\Local\Temp\cctXUDki.s 			page 12


 256              		.size	isr_1_GetVector, .-isr_1_GetVector
 257              		.section	.text.isr_1_SetPriority,"ax",%progbits
 258              		.align	2
 259              		.global	isr_1_SetPriority
 260              		.thumb
 261              		.thumb_func
 262              		.type	isr_1_SetPriority, %function
 263              	isr_1_SetPriority:
 264              	.LFB6:
 259:Generated_Source\PSoC5/isr_1.c ****     *isr_1_INTC_PRIOR = priority << 5;
 265              		.loc 1 259 0
 266              		.cfi_startproc
 267              		@ args = 0, pretend = 0, frame = 0
 268              		@ frame_needed = 0, uses_anonymous_args = 0
 269              		@ link register save eliminated.
 270              	.LVL17:
 260:Generated_Source\PSoC5/isr_1.c **** }
 271              		.loc 1 260 0
 272 0000 4001     		lsls	r0, r0, #5
 273              	.LVL18:
 274 0002 C0B2     		uxtb	r0, r0
 275 0004 014B     		ldr	r3, .L18
 276 0006 1870     		strb	r0, [r3]
 277 0008 7047     		bx	lr
 278              	.L19:
 279 000a 00BF     		.align	2
 280              	.L18:
 281 000c 03E400E0 		.word	-536812541
 282              		.cfi_endproc
 283              	.LFE6:
 284              		.size	isr_1_SetPriority, .-isr_1_SetPriority
 285              		.section	.text.isr_1_GetPriority,"ax",%progbits
 286              		.align	2
 287              		.global	isr_1_GetPriority
 288              		.thumb
 289              		.thumb_func
 290              		.type	isr_1_GetPriority, %function
 291              	isr_1_GetPriority:
 292              	.LFB7:
 281:Generated_Source\PSoC5/isr_1.c ****     uint8 priority;
 293              		.loc 1 281 0
 294              		.cfi_startproc
 295              		@ args = 0, pretend = 0, frame = 0
 296              		@ frame_needed = 0, uses_anonymous_args = 0
 297              		@ link register save eliminated.
 285:Generated_Source\PSoC5/isr_1.c **** 
 298              		.loc 1 285 0
 299 0000 014B     		ldr	r3, .L21
 300 0002 1878     		ldrb	r0, [r3]	@ zero_extendqisi2
 301              	.LVL19:
 288:Generated_Source\PSoC5/isr_1.c **** 
 302              		.loc 1 288 0
 303 0004 4009     		lsrs	r0, r0, #5
 304              	.LVL20:
 305 0006 7047     		bx	lr
 306              	.L22:
 307              		.align	2
ARM GAS  C:\Users\ingan\AppData\Local\Temp\cctXUDki.s 			page 13


 308              	.L21:
 309 0008 03E400E0 		.word	-536812541
 310              		.cfi_endproc
 311              	.LFE7:
 312              		.size	isr_1_GetPriority, .-isr_1_GetPriority
 313              		.section	.text.isr_1_Enable,"ax",%progbits
 314              		.align	2
 315              		.global	isr_1_Enable
 316              		.thumb
 317              		.thumb_func
 318              		.type	isr_1_Enable, %function
 319              	isr_1_Enable:
 320              	.LFB8:
 308:Generated_Source\PSoC5/isr_1.c ****     /* Enable the general interrupt. */
 321              		.loc 1 308 0
 322              		.cfi_startproc
 323              		@ args = 0, pretend = 0, frame = 0
 324              		@ frame_needed = 0, uses_anonymous_args = 0
 325              		@ link register save eliminated.
 310:Generated_Source\PSoC5/isr_1.c **** }
 326              		.loc 1 310 0
 327 0000 0822     		movs	r2, #8
 328 0002 014B     		ldr	r3, .L24
 329 0004 1A60     		str	r2, [r3]
 330 0006 7047     		bx	lr
 331              	.L25:
 332              		.align	2
 333              	.L24:
 334 0008 00E100E0 		.word	-536813312
 335              		.cfi_endproc
 336              	.LFE8:
 337              		.size	isr_1_Enable, .-isr_1_Enable
 338              		.section	.text.isr_1_GetState,"ax",%progbits
 339              		.align	2
 340              		.global	isr_1_GetState
 341              		.thumb
 342              		.thumb_func
 343              		.type	isr_1_GetState, %function
 344              	isr_1_GetState:
 345              	.LFB9:
 329:Generated_Source\PSoC5/isr_1.c ****     /* Get the state of the general interrupt. */
 346              		.loc 1 329 0
 347              		.cfi_startproc
 348              		@ args = 0, pretend = 0, frame = 0
 349              		@ frame_needed = 0, uses_anonymous_args = 0
 350              		@ link register save eliminated.
 331:Generated_Source\PSoC5/isr_1.c **** }
 351              		.loc 1 331 0
 352 0000 024B     		ldr	r3, .L27
 353 0002 1868     		ldr	r0, [r3]
 332:Generated_Source\PSoC5/isr_1.c **** 
 354              		.loc 1 332 0
 355 0004 C0F3C000 		ubfx	r0, r0, #3, #1
 356 0008 7047     		bx	lr
 357              	.L28:
 358 000a 00BF     		.align	2
 359              	.L27:
ARM GAS  C:\Users\ingan\AppData\Local\Temp\cctXUDki.s 			page 14


 360 000c 00E100E0 		.word	-536813312
 361              		.cfi_endproc
 362              	.LFE9:
 363              		.size	isr_1_GetState, .-isr_1_GetState
 364              		.section	.text.isr_1_Disable,"ax",%progbits
 365              		.align	2
 366              		.global	isr_1_Disable
 367              		.thumb
 368              		.thumb_func
 369              		.type	isr_1_Disable, %function
 370              	isr_1_Disable:
 371              	.LFB10:
 350:Generated_Source\PSoC5/isr_1.c ****     /* Disable the general interrupt. */
 372              		.loc 1 350 0
 373              		.cfi_startproc
 374              		@ args = 0, pretend = 0, frame = 0
 375              		@ frame_needed = 0, uses_anonymous_args = 0
 376              		@ link register save eliminated.
 377              		.loc 1 352 0
 378 0000 0822     		movs	r2, #8
 379 0002 014B     		ldr	r3, .L30
 380 0004 1A60     		str	r2, [r3]
 381 0006 7047     		bx	lr
 382              	.L31:
 383              		.align	2
 384              	.L30:
 385 0008 80E100E0 		.word	-536813184
 386              		.cfi_endproc
 387              	.LFE10:
 388              		.size	isr_1_Disable, .-isr_1_Disable
 389              		.section	.text.isr_1_SetPending,"ax",%progbits
 390              		.align	2
 391              		.global	isr_1_SetPending
 392              		.thumb
 393              		.thumb_func
 394              		.type	isr_1_SetPending, %function
 395              	isr_1_SetPending:
 396              	.LFB11:
 353:Generated_Source\PSoC5/isr_1.c **** }
 354:Generated_Source\PSoC5/isr_1.c **** 
 355:Generated_Source\PSoC5/isr_1.c **** 
 356:Generated_Source\PSoC5/isr_1.c **** /*******************************************************************************
 357:Generated_Source\PSoC5/isr_1.c **** * Function Name: isr_1_SetPending
 358:Generated_Source\PSoC5/isr_1.c **** ********************************************************************************
 359:Generated_Source\PSoC5/isr_1.c **** *
 360:Generated_Source\PSoC5/isr_1.c **** * Summary:
 361:Generated_Source\PSoC5/isr_1.c **** *   Causes the Interrupt to enter the pending state, a software method of
 362:Generated_Source\PSoC5/isr_1.c **** *   generating the interrupt.
 363:Generated_Source\PSoC5/isr_1.c **** *
 364:Generated_Source\PSoC5/isr_1.c **** * Parameters:
 365:Generated_Source\PSoC5/isr_1.c **** *   None
 366:Generated_Source\PSoC5/isr_1.c **** *
 367:Generated_Source\PSoC5/isr_1.c **** * Return:
 368:Generated_Source\PSoC5/isr_1.c **** *   None
 369:Generated_Source\PSoC5/isr_1.c **** *
 370:Generated_Source\PSoC5/isr_1.c **** * Side Effects:
 371:Generated_Source\PSoC5/isr_1.c **** *   If interrupts are enabled and the interrupt is set up properly, the ISR is
ARM GAS  C:\Users\ingan\AppData\Local\Temp\cctXUDki.s 			page 15


 372:Generated_Source\PSoC5/isr_1.c **** *   entered (depending on the priority of this interrupt and other pending 
 373:Generated_Source\PSoC5/isr_1.c **** *   interrupts).
 374:Generated_Source\PSoC5/isr_1.c **** *
 375:Generated_Source\PSoC5/isr_1.c **** *******************************************************************************/
 376:Generated_Source\PSoC5/isr_1.c **** void isr_1_SetPending(void)
 377:Generated_Source\PSoC5/isr_1.c **** {
 397              		.loc 1 377 0
 398              		.cfi_startproc
 399              		@ args = 0, pretend = 0, frame = 0
 400              		@ frame_needed = 0, uses_anonymous_args = 0
 401              		@ link register save eliminated.
 378:Generated_Source\PSoC5/isr_1.c ****     *isr_1_INTC_SET_PD = isr_1__INTC_MASK;
 402              		.loc 1 378 0
 403 0000 0822     		movs	r2, #8
 404 0002 014B     		ldr	r3, .L33
 405 0004 1A60     		str	r2, [r3]
 406 0006 7047     		bx	lr
 407              	.L34:
 408              		.align	2
 409              	.L33:
 410 0008 00E200E0 		.word	-536813056
 411              		.cfi_endproc
 412              	.LFE11:
 413              		.size	isr_1_SetPending, .-isr_1_SetPending
 414              		.section	.text.isr_1_ClearPending,"ax",%progbits
 415              		.align	2
 416              		.global	isr_1_ClearPending
 417              		.thumb
 418              		.thumb_func
 419              		.type	isr_1_ClearPending, %function
 420              	isr_1_ClearPending:
 421              	.LFB12:
 379:Generated_Source\PSoC5/isr_1.c **** }
 380:Generated_Source\PSoC5/isr_1.c **** 
 381:Generated_Source\PSoC5/isr_1.c **** 
 382:Generated_Source\PSoC5/isr_1.c **** /*******************************************************************************
 383:Generated_Source\PSoC5/isr_1.c **** * Function Name: isr_1_ClearPending
 384:Generated_Source\PSoC5/isr_1.c **** ********************************************************************************
 385:Generated_Source\PSoC5/isr_1.c **** *
 386:Generated_Source\PSoC5/isr_1.c **** * Summary:
 387:Generated_Source\PSoC5/isr_1.c **** *   Clears a pending interrupt in the interrupt controller.
 388:Generated_Source\PSoC5/isr_1.c **** *
 389:Generated_Source\PSoC5/isr_1.c **** *   Note Some interrupt sources are clear-on-read and require the block 
 390:Generated_Source\PSoC5/isr_1.c **** *   interrupt/status register to be read/cleared with the appropriate block API 
 391:Generated_Source\PSoC5/isr_1.c **** *   (GPIO, UART, and so on). Otherwise the ISR will continue to remain in 
 392:Generated_Source\PSoC5/isr_1.c **** *   pending state even though the interrupt itself is cleared using this API.
 393:Generated_Source\PSoC5/isr_1.c **** *
 394:Generated_Source\PSoC5/isr_1.c **** * Parameters:
 395:Generated_Source\PSoC5/isr_1.c **** *   None
 396:Generated_Source\PSoC5/isr_1.c **** *
 397:Generated_Source\PSoC5/isr_1.c **** * Return:
 398:Generated_Source\PSoC5/isr_1.c **** *   None
 399:Generated_Source\PSoC5/isr_1.c **** *
 400:Generated_Source\PSoC5/isr_1.c **** *******************************************************************************/
 401:Generated_Source\PSoC5/isr_1.c **** void isr_1_ClearPending(void)
 402:Generated_Source\PSoC5/isr_1.c **** {
 422              		.loc 1 402 0
ARM GAS  C:\Users\ingan\AppData\Local\Temp\cctXUDki.s 			page 16


 423              		.cfi_startproc
 424              		@ args = 0, pretend = 0, frame = 0
 425              		@ frame_needed = 0, uses_anonymous_args = 0
 426              		@ link register save eliminated.
 403:Generated_Source\PSoC5/isr_1.c ****     *isr_1_INTC_CLR_PD = isr_1__INTC_MASK;
 427              		.loc 1 403 0
 428 0000 0822     		movs	r2, #8
 429 0002 014B     		ldr	r3, .L36
 430 0004 1A60     		str	r2, [r3]
 431 0006 7047     		bx	lr
 432              	.L37:
 433              		.align	2
 434              	.L36:
 435 0008 80E200E0 		.word	-536812928
 436              		.cfi_endproc
 437              	.LFE12:
 438              		.size	isr_1_ClearPending, .-isr_1_ClearPending
 439              		.text
 440              	.Letext0:
 441              		.file 2 "Generated_Source\\PSoC5/cytypes.h"
 442              		.section	.debug_info,"",%progbits
 443              	.Ldebug_info0:
 444 0000 85030000 		.4byte	0x385
 445 0004 0400     		.2byte	0x4
 446 0006 00000000 		.4byte	.Ldebug_abbrev0
 447 000a 04       		.byte	0x4
 448 000b 01       		.uleb128 0x1
 449 000c 47000000 		.4byte	.LASF34
 450 0010 0C       		.byte	0xc
 451 0011 64010000 		.4byte	.LASF35
 452 0015 15020000 		.4byte	.LASF36
 453 0019 00000000 		.4byte	.Ldebug_ranges0+0
 454 001d 00000000 		.4byte	0
 455 0021 00000000 		.4byte	.Ldebug_line0
 456 0025 02       		.uleb128 0x2
 457 0026 04       		.byte	0x4
 458 0027 05       		.byte	0x5
 459 0028 696E7400 		.ascii	"int\000"
 460 002c 03       		.uleb128 0x3
 461 002d 04       		.byte	0x4
 462 002e 07       		.byte	0x7
 463 002f 8A010000 		.4byte	.LASF0
 464 0033 03       		.uleb128 0x3
 465 0034 08       		.byte	0x8
 466 0035 05       		.byte	0x5
 467 0036 CC010000 		.4byte	.LASF1
 468 003a 03       		.uleb128 0x3
 469 003b 08       		.byte	0x8
 470 003c 04       		.byte	0x4
 471 003d 7A020000 		.4byte	.LASF2
 472 0041 03       		.uleb128 0x3
 473 0042 01       		.byte	0x1
 474 0043 06       		.byte	0x6
 475 0044 86020000 		.4byte	.LASF3
 476 0048 03       		.uleb128 0x3
 477 0049 01       		.byte	0x1
 478 004a 08       		.byte	0x8
ARM GAS  C:\Users\ingan\AppData\Local\Temp\cctXUDki.s 			page 17


 479 004b 17010000 		.4byte	.LASF4
 480 004f 03       		.uleb128 0x3
 481 0050 02       		.byte	0x2
 482 0051 05       		.byte	0x5
 483 0052 FB010000 		.4byte	.LASF5
 484 0056 03       		.uleb128 0x3
 485 0057 02       		.byte	0x2
 486 0058 07       		.byte	0x7
 487 0059 EC000000 		.4byte	.LASF6
 488 005d 03       		.uleb128 0x3
 489 005e 04       		.byte	0x4
 490 005f 05       		.byte	0x5
 491 0060 71020000 		.4byte	.LASF7
 492 0064 03       		.uleb128 0x3
 493 0065 04       		.byte	0x4
 494 0066 07       		.byte	0x7
 495 0067 2A010000 		.4byte	.LASF8
 496 006b 03       		.uleb128 0x3
 497 006c 08       		.byte	0x8
 498 006d 07       		.byte	0x7
 499 006e 9F010000 		.4byte	.LASF9
 500 0072 03       		.uleb128 0x3
 501 0073 04       		.byte	0x4
 502 0074 07       		.byte	0x7
 503 0075 C3010000 		.4byte	.LASF10
 504 0079 03       		.uleb128 0x3
 505 007a 01       		.byte	0x1
 506 007b 08       		.byte	0x8
 507 007c E7010000 		.4byte	.LASF11
 508 0080 04       		.uleb128 0x4
 509 0081 04       		.byte	0x4
 510 0082 86000000 		.4byte	0x86
 511 0086 05       		.uleb128 0x5
 512 0087 06       		.uleb128 0x6
 513 0088 3C010000 		.4byte	.LASF12
 514 008c 02       		.byte	0x2
 515 008d E401     		.2byte	0x1e4
 516 008f 48000000 		.4byte	0x48
 517 0093 06       		.uleb128 0x6
 518 0094 83010000 		.4byte	.LASF13
 519 0098 02       		.byte	0x2
 520 0099 E601     		.2byte	0x1e6
 521 009b 64000000 		.4byte	0x64
 522 009f 03       		.uleb128 0x3
 523 00a0 04       		.byte	0x4
 524 00a1 04       		.byte	0x4
 525 00a2 11010000 		.4byte	.LASF14
 526 00a6 03       		.uleb128 0x3
 527 00a7 08       		.byte	0x8
 528 00a8 04       		.byte	0x4
 529 00a9 4B010000 		.4byte	.LASF15
 530 00ad 06       		.uleb128 0x6
 531 00ae 25010000 		.4byte	.LASF16
 532 00b2 02       		.byte	0x2
 533 00b3 8E02     		.2byte	0x28e
 534 00b5 B9000000 		.4byte	0xb9
 535 00b9 07       		.uleb128 0x7
ARM GAS  C:\Users\ingan\AppData\Local\Temp\cctXUDki.s 			page 18


 536 00ba 87000000 		.4byte	0x87
 537 00be 06       		.uleb128 0x6
 538 00bf 13000000 		.4byte	.LASF17
 539 00c3 02       		.byte	0x2
 540 00c4 9002     		.2byte	0x290
 541 00c6 CA000000 		.4byte	0xca
 542 00ca 07       		.uleb128 0x7
 543 00cb 93000000 		.4byte	0x93
 544 00cf 06       		.uleb128 0x6
 545 00d0 B6010000 		.4byte	.LASF18
 546 00d4 02       		.byte	0x2
 547 00d5 A002     		.2byte	0x2a0
 548 00d7 80000000 		.4byte	0x80
 549 00db 08       		.uleb128 0x8
 550 00dc 61020000 		.4byte	.LASF31
 551 00e0 01       		.byte	0x1
 552 00e1 A0       		.byte	0xa0
 553 00e2 00000000 		.4byte	.LFB3
 554 00e6 02000000 		.4byte	.LFE3-.LFB3
 555 00ea 01       		.uleb128 0x1
 556 00eb 9C       		.byte	0x9c
 557 00ec 09       		.uleb128 0x9
 558 00ed DA010000 		.4byte	.LASF23
 559 00f1 01       		.byte	0x1
 560 00f2 3301     		.2byte	0x133
 561 00f4 01       		.byte	0x1
 562 00f5 0A       		.uleb128 0xa
 563 00f6 52010000 		.4byte	.LASF19
 564 00fa 01       		.byte	0x1
 565 00fb 0201     		.2byte	0x102
 566 00fd 01       		.byte	0x1
 567 00fe 0F010000 		.4byte	0x10f
 568 0102 0B       		.uleb128 0xb
 569 0103 42010000 		.4byte	.LASF21
 570 0107 01       		.byte	0x1
 571 0108 0201     		.2byte	0x102
 572 010a 87000000 		.4byte	0x87
 573 010e 00       		.byte	0
 574 010f 0C       		.uleb128 0xc
 575 0110 A0020000 		.4byte	.LASF20
 576 0114 01       		.byte	0x1
 577 0115 C8       		.byte	0xc8
 578 0116 01       		.byte	0x1
 579 0117 32010000 		.4byte	0x132
 580 011b 0D       		.uleb128 0xd
 581 011c 97010000 		.4byte	.LASF22
 582 0120 01       		.byte	0x1
 583 0121 C8       		.byte	0xc8
 584 0122 CF000000 		.4byte	0xcf
 585 0126 0E       		.uleb128 0xe
 586 0127 EC010000 		.4byte	.LASF30
 587 012b 01       		.byte	0x1
 588 012c CA       		.byte	0xca
 589 012d 32010000 		.4byte	0x132
 590 0131 00       		.byte	0
 591 0132 04       		.uleb128 0x4
 592 0133 04       		.byte	0x4
ARM GAS  C:\Users\ingan\AppData\Local\Temp\cctXUDki.s 			page 19


 593 0134 CF000000 		.4byte	0xcf
 594 0138 09       		.uleb128 0x9
 595 0139 39000000 		.4byte	.LASF24
 596 013d 01       		.byte	0x1
 597 013e 5D01     		.2byte	0x15d
 598 0140 01       		.byte	0x1
 599 0141 0F       		.uleb128 0xf
 600 0142 E0000000 		.4byte	.LASF25
 601 0146 01       		.byte	0x1
 602 0147 3D       		.byte	0x3d
 603 0148 00000000 		.4byte	.LFB0
 604 014c 2C000000 		.4byte	.LFE0-.LFB0
 605 0150 01       		.uleb128 0x1
 606 0151 9C       		.byte	0x9c
 607 0152 C2010000 		.4byte	0x1c2
 608 0156 10       		.uleb128 0x10
 609 0157 38010000 		.4byte	0x138
 610 015b 00000000 		.4byte	.LBB10
 611 015f 06000000 		.4byte	.LBE10-.LBB10
 612 0163 01       		.byte	0x1
 613 0164 40       		.byte	0x40
 614 0165 11       		.uleb128 0x11
 615 0166 0F010000 		.4byte	0x10f
 616 016a 06000000 		.4byte	.LBB12
 617 016e 0A000000 		.4byte	.LBE12-.LBB12
 618 0172 01       		.byte	0x1
 619 0173 43       		.byte	0x43
 620 0174 95010000 		.4byte	0x195
 621 0178 12       		.uleb128 0x12
 622 0179 1B010000 		.4byte	0x11b
 623 017d 00000000 		.4byte	.LLST0
 624 0181 13       		.uleb128 0x13
 625 0182 06000000 		.4byte	.LBB13
 626 0186 0A000000 		.4byte	.LBE13-.LBB13
 627 018a 14       		.uleb128 0x14
 628 018b 26010000 		.4byte	0x126
 629 018f 18000000 		.4byte	.LLST1
 630 0193 00       		.byte	0
 631 0194 00       		.byte	0
 632 0195 11       		.uleb128 0x11
 633 0196 F5000000 		.4byte	0xf5
 634 019a 10000000 		.4byte	.LBB14
 635 019e 06000000 		.4byte	.LBE14-.LBB14
 636 01a2 01       		.byte	0x1
 637 01a3 46       		.byte	0x46
 638 01a4 B2010000 		.4byte	0x1b2
 639 01a8 12       		.uleb128 0x12
 640 01a9 02010000 		.4byte	0x102
 641 01ad 2B000000 		.4byte	.LLST2
 642 01b1 00       		.byte	0
 643 01b2 10       		.uleb128 0x10
 644 01b3 EC000000 		.4byte	0xec
 645 01b7 16000000 		.4byte	.LBB16
 646 01bb 16000000 		.4byte	.LBE16-.LBB16
 647 01bf 01       		.byte	0x1
 648 01c0 49       		.byte	0x49
 649 01c1 00       		.byte	0
ARM GAS  C:\Users\ingan\AppData\Local\Temp\cctXUDki.s 			page 20


 650 01c2 0F       		.uleb128 0xf
 651 01c3 92020000 		.4byte	.LASF26
 652 01c7 01       		.byte	0x1
 653 01c8 68       		.byte	0x68
 654 01c9 00000000 		.4byte	.LFB1
 655 01cd 24000000 		.4byte	.LFE1-.LFB1
 656 01d1 01       		.uleb128 0x1
 657 01d2 9C       		.byte	0x9c
 658 01d3 50020000 		.4byte	0x250
 659 01d7 15       		.uleb128 0x15
 660 01d8 97010000 		.4byte	.LASF22
 661 01dc 01       		.byte	0x1
 662 01dd 68       		.byte	0x68
 663 01de CF000000 		.4byte	0xcf
 664 01e2 01       		.uleb128 0x1
 665 01e3 50       		.byte	0x50
 666 01e4 10       		.uleb128 0x10
 667 01e5 38010000 		.4byte	0x138
 668 01e9 00000000 		.4byte	.LBB26
 669 01ed 06000000 		.4byte	.LBE26-.LBB26
 670 01f1 01       		.byte	0x1
 671 01f2 6B       		.byte	0x6b
 672 01f3 11       		.uleb128 0x11
 673 01f4 0F010000 		.4byte	0x10f
 674 01f8 06000000 		.4byte	.LBB28
 675 01fc 08000000 		.4byte	.LBE28-.LBB28
 676 0200 01       		.byte	0x1
 677 0201 6E       		.byte	0x6e
 678 0202 23020000 		.4byte	0x223
 679 0206 12       		.uleb128 0x12
 680 0207 1B010000 		.4byte	0x11b
 681 020b 3F000000 		.4byte	.LLST3
 682 020f 13       		.uleb128 0x13
 683 0210 06000000 		.4byte	.LBB29
 684 0214 08000000 		.4byte	.LBE29-.LBB29
 685 0218 14       		.uleb128 0x14
 686 0219 26010000 		.4byte	0x126
 687 021d 52000000 		.4byte	.LLST4
 688 0221 00       		.byte	0
 689 0222 00       		.byte	0
 690 0223 11       		.uleb128 0x11
 691 0224 F5000000 		.4byte	0xf5
 692 0228 0E000000 		.4byte	.LBB30
 693 022c 06000000 		.4byte	.LBE30-.LBB30
 694 0230 01       		.byte	0x1
 695 0231 71       		.byte	0x71
 696 0232 40020000 		.4byte	0x240
 697 0236 12       		.uleb128 0x12
 698 0237 02010000 		.4byte	0x102
 699 023b 65000000 		.4byte	.LLST5
 700 023f 00       		.byte	0
 701 0240 10       		.uleb128 0x10
 702 0241 EC000000 		.4byte	0xec
 703 0245 14000000 		.4byte	.LBB32
 704 0249 10000000 		.4byte	.LBE32-.LBB32
 705 024d 01       		.byte	0x1
 706 024e 74       		.byte	0x74
ARM GAS  C:\Users\ingan\AppData\Local\Temp\cctXUDki.s 			page 21


 707 024f 00       		.byte	0
 708 0250 0F       		.uleb128 0xf
 709 0251 D5000000 		.4byte	.LASF27
 710 0255 01       		.byte	0x1
 711 0256 86       		.byte	0x86
 712 0257 00000000 		.4byte	.LFB2
 713 025b 1C000000 		.4byte	.LFE2-.LFB2
 714 025f 01       		.uleb128 0x1
 715 0260 9C       		.byte	0x9c
 716 0261 9D020000 		.4byte	0x29d
 717 0265 10       		.uleb128 0x10
 718 0266 38010000 		.4byte	0x138
 719 026a 00000000 		.4byte	.LBB38
 720 026e 06000000 		.4byte	.LBE38-.LBB38
 721 0272 01       		.byte	0x1
 722 0273 89       		.byte	0x89
 723 0274 16       		.uleb128 0x16
 724 0275 0F010000 		.4byte	0x10f
 725 0279 06000000 		.4byte	.LBB40
 726 027d 16000000 		.4byte	.LBE40-.LBB40
 727 0281 01       		.byte	0x1
 728 0282 8C       		.byte	0x8c
 729 0283 17       		.uleb128 0x17
 730 0284 1B010000 		.4byte	0x11b
 731 0288 13       		.uleb128 0x13
 732 0289 06000000 		.4byte	.LBB41
 733 028d 16000000 		.4byte	.LBE41-.LBB41
 734 0291 14       		.uleb128 0x14
 735 0292 26010000 		.4byte	0x126
 736 0296 79000000 		.4byte	.LLST6
 737 029a 00       		.byte	0
 738 029b 00       		.byte	0
 739 029c 00       		.byte	0
 740 029d 18       		.uleb128 0x18
 741 029e 0F010000 		.4byte	0x10f
 742 02a2 00000000 		.4byte	.LFB4
 743 02a6 0C000000 		.4byte	.LFE4-.LFB4
 744 02aa 01       		.uleb128 0x1
 745 02ab 9C       		.byte	0x9c
 746 02ac BF020000 		.4byte	0x2bf
 747 02b0 19       		.uleb128 0x19
 748 02b1 1B010000 		.4byte	0x11b
 749 02b5 01       		.uleb128 0x1
 750 02b6 50       		.byte	0x50
 751 02b7 1A       		.uleb128 0x1a
 752 02b8 26010000 		.4byte	0x126
 753 02bc 01       		.uleb128 0x1
 754 02bd 53       		.byte	0x53
 755 02be 00       		.byte	0
 756 02bf 1B       		.uleb128 0x1b
 757 02c0 05020000 		.4byte	.LASF28
 758 02c4 01       		.byte	0x1
 759 02c5 E0       		.byte	0xe0
 760 02c6 CF000000 		.4byte	0xcf
 761 02ca 00000000 		.4byte	.LFB5
 762 02ce 0C000000 		.4byte	.LFE5-.LFB5
 763 02d2 01       		.uleb128 0x1
ARM GAS  C:\Users\ingan\AppData\Local\Temp\cctXUDki.s 			page 22


 764 02d3 9C       		.byte	0x9c
 765 02d4 E8020000 		.4byte	0x2e8
 766 02d8 1C       		.uleb128 0x1c
 767 02d9 EC010000 		.4byte	.LASF30
 768 02dd 01       		.byte	0x1
 769 02de E2       		.byte	0xe2
 770 02df 32010000 		.4byte	0x132
 771 02e3 8C000000 		.4byte	.LLST7
 772 02e7 00       		.byte	0
 773 02e8 18       		.uleb128 0x18
 774 02e9 F5000000 		.4byte	0xf5
 775 02ed 00000000 		.4byte	.LFB6
 776 02f1 10000000 		.4byte	.LFE6-.LFB6
 777 02f5 01       		.uleb128 0x1
 778 02f6 9C       		.byte	0x9c
 779 02f7 05030000 		.4byte	0x305
 780 02fb 12       		.uleb128 0x12
 781 02fc 02010000 		.4byte	0x102
 782 0300 BB000000 		.4byte	.LLST8
 783 0304 00       		.byte	0
 784 0305 1D       		.uleb128 0x1d
 785 0306 FF000000 		.4byte	.LASF29
 786 030a 01       		.byte	0x1
 787 030b 1801     		.2byte	0x118
 788 030d 87000000 		.4byte	0x87
 789 0311 00000000 		.4byte	.LFB7
 790 0315 0C000000 		.4byte	.LFE7-.LFB7
 791 0319 01       		.uleb128 0x1
 792 031a 9C       		.byte	0x9c
 793 031b 30030000 		.4byte	0x330
 794 031f 1E       		.uleb128 0x1e
 795 0320 42010000 		.4byte	.LASF21
 796 0324 01       		.byte	0x1
 797 0325 1A01     		.2byte	0x11a
 798 0327 87000000 		.4byte	0x87
 799 032b DC000000 		.4byte	.LLST9
 800 032f 00       		.byte	0
 801 0330 1F       		.uleb128 0x1f
 802 0331 EC000000 		.4byte	0xec
 803 0335 00000000 		.4byte	.LFB8
 804 0339 0C000000 		.4byte	.LFE8-.LFB8
 805 033d 01       		.uleb128 0x1
 806 033e 9C       		.byte	0x9c
 807 033f 20       		.uleb128 0x20
 808 0340 2A000000 		.4byte	.LASF37
 809 0344 01       		.byte	0x1
 810 0345 4801     		.2byte	0x148
 811 0347 87000000 		.4byte	0x87
 812 034b 00000000 		.4byte	.LFB9
 813 034f 10000000 		.4byte	.LFE9-.LFB9
 814 0353 01       		.uleb128 0x1
 815 0354 9C       		.byte	0x9c
 816 0355 1F       		.uleb128 0x1f
 817 0356 38010000 		.4byte	0x138
 818 035a 00000000 		.4byte	.LFB10
 819 035e 0C000000 		.4byte	.LFE10-.LFB10
 820 0362 01       		.uleb128 0x1
ARM GAS  C:\Users\ingan\AppData\Local\Temp\cctXUDki.s 			page 23


 821 0363 9C       		.byte	0x9c
 822 0364 21       		.uleb128 0x21
 823 0365 19000000 		.4byte	.LASF32
 824 0369 01       		.byte	0x1
 825 036a 7801     		.2byte	0x178
 826 036c 00000000 		.4byte	.LFB11
 827 0370 0C000000 		.4byte	.LFE11-.LFB11
 828 0374 01       		.uleb128 0x1
 829 0375 9C       		.byte	0x9c
 830 0376 21       		.uleb128 0x21
 831 0377 00000000 		.4byte	.LASF33
 832 037b 01       		.byte	0x1
 833 037c 9101     		.2byte	0x191
 834 037e 00000000 		.4byte	.LFB12
 835 0382 0C000000 		.4byte	.LFE12-.LFB12
 836 0386 01       		.uleb128 0x1
 837 0387 9C       		.byte	0x9c
 838 0388 00       		.byte	0
 839              		.section	.debug_abbrev,"",%progbits
 840              	.Ldebug_abbrev0:
 841 0000 01       		.uleb128 0x1
 842 0001 11       		.uleb128 0x11
 843 0002 01       		.byte	0x1
 844 0003 25       		.uleb128 0x25
 845 0004 0E       		.uleb128 0xe
 846 0005 13       		.uleb128 0x13
 847 0006 0B       		.uleb128 0xb
 848 0007 03       		.uleb128 0x3
 849 0008 0E       		.uleb128 0xe
 850 0009 1B       		.uleb128 0x1b
 851 000a 0E       		.uleb128 0xe
 852 000b 55       		.uleb128 0x55
 853 000c 17       		.uleb128 0x17
 854 000d 11       		.uleb128 0x11
 855 000e 01       		.uleb128 0x1
 856 000f 10       		.uleb128 0x10
 857 0010 17       		.uleb128 0x17
 858 0011 00       		.byte	0
 859 0012 00       		.byte	0
 860 0013 02       		.uleb128 0x2
 861 0014 24       		.uleb128 0x24
 862 0015 00       		.byte	0
 863 0016 0B       		.uleb128 0xb
 864 0017 0B       		.uleb128 0xb
 865 0018 3E       		.uleb128 0x3e
 866 0019 0B       		.uleb128 0xb
 867 001a 03       		.uleb128 0x3
 868 001b 08       		.uleb128 0x8
 869 001c 00       		.byte	0
 870 001d 00       		.byte	0
 871 001e 03       		.uleb128 0x3
 872 001f 24       		.uleb128 0x24
 873 0020 00       		.byte	0
 874 0021 0B       		.uleb128 0xb
 875 0022 0B       		.uleb128 0xb
 876 0023 3E       		.uleb128 0x3e
 877 0024 0B       		.uleb128 0xb
ARM GAS  C:\Users\ingan\AppData\Local\Temp\cctXUDki.s 			page 24


 878 0025 03       		.uleb128 0x3
 879 0026 0E       		.uleb128 0xe
 880 0027 00       		.byte	0
 881 0028 00       		.byte	0
 882 0029 04       		.uleb128 0x4
 883 002a 0F       		.uleb128 0xf
 884 002b 00       		.byte	0
 885 002c 0B       		.uleb128 0xb
 886 002d 0B       		.uleb128 0xb
 887 002e 49       		.uleb128 0x49
 888 002f 13       		.uleb128 0x13
 889 0030 00       		.byte	0
 890 0031 00       		.byte	0
 891 0032 05       		.uleb128 0x5
 892 0033 15       		.uleb128 0x15
 893 0034 00       		.byte	0
 894 0035 27       		.uleb128 0x27
 895 0036 19       		.uleb128 0x19
 896 0037 00       		.byte	0
 897 0038 00       		.byte	0
 898 0039 06       		.uleb128 0x6
 899 003a 16       		.uleb128 0x16
 900 003b 00       		.byte	0
 901 003c 03       		.uleb128 0x3
 902 003d 0E       		.uleb128 0xe
 903 003e 3A       		.uleb128 0x3a
 904 003f 0B       		.uleb128 0xb
 905 0040 3B       		.uleb128 0x3b
 906 0041 05       		.uleb128 0x5
 907 0042 49       		.uleb128 0x49
 908 0043 13       		.uleb128 0x13
 909 0044 00       		.byte	0
 910 0045 00       		.byte	0
 911 0046 07       		.uleb128 0x7
 912 0047 35       		.uleb128 0x35
 913 0048 00       		.byte	0
 914 0049 49       		.uleb128 0x49
 915 004a 13       		.uleb128 0x13
 916 004b 00       		.byte	0
 917 004c 00       		.byte	0
 918 004d 08       		.uleb128 0x8
 919 004e 2E       		.uleb128 0x2e
 920 004f 00       		.byte	0
 921 0050 3F       		.uleb128 0x3f
 922 0051 19       		.uleb128 0x19
 923 0052 03       		.uleb128 0x3
 924 0053 0E       		.uleb128 0xe
 925 0054 3A       		.uleb128 0x3a
 926 0055 0B       		.uleb128 0xb
 927 0056 3B       		.uleb128 0x3b
 928 0057 0B       		.uleb128 0xb
 929 0058 27       		.uleb128 0x27
 930 0059 19       		.uleb128 0x19
 931 005a 11       		.uleb128 0x11
 932 005b 01       		.uleb128 0x1
 933 005c 12       		.uleb128 0x12
 934 005d 06       		.uleb128 0x6
ARM GAS  C:\Users\ingan\AppData\Local\Temp\cctXUDki.s 			page 25


 935 005e 40       		.uleb128 0x40
 936 005f 18       		.uleb128 0x18
 937 0060 9742     		.uleb128 0x2117
 938 0062 19       		.uleb128 0x19
 939 0063 00       		.byte	0
 940 0064 00       		.byte	0
 941 0065 09       		.uleb128 0x9
 942 0066 2E       		.uleb128 0x2e
 943 0067 00       		.byte	0
 944 0068 3F       		.uleb128 0x3f
 945 0069 19       		.uleb128 0x19
 946 006a 03       		.uleb128 0x3
 947 006b 0E       		.uleb128 0xe
 948 006c 3A       		.uleb128 0x3a
 949 006d 0B       		.uleb128 0xb
 950 006e 3B       		.uleb128 0x3b
 951 006f 05       		.uleb128 0x5
 952 0070 27       		.uleb128 0x27
 953 0071 19       		.uleb128 0x19
 954 0072 20       		.uleb128 0x20
 955 0073 0B       		.uleb128 0xb
 956 0074 00       		.byte	0
 957 0075 00       		.byte	0
 958 0076 0A       		.uleb128 0xa
 959 0077 2E       		.uleb128 0x2e
 960 0078 01       		.byte	0x1
 961 0079 3F       		.uleb128 0x3f
 962 007a 19       		.uleb128 0x19
 963 007b 03       		.uleb128 0x3
 964 007c 0E       		.uleb128 0xe
 965 007d 3A       		.uleb128 0x3a
 966 007e 0B       		.uleb128 0xb
 967 007f 3B       		.uleb128 0x3b
 968 0080 05       		.uleb128 0x5
 969 0081 27       		.uleb128 0x27
 970 0082 19       		.uleb128 0x19
 971 0083 20       		.uleb128 0x20
 972 0084 0B       		.uleb128 0xb
 973 0085 01       		.uleb128 0x1
 974 0086 13       		.uleb128 0x13
 975 0087 00       		.byte	0
 976 0088 00       		.byte	0
 977 0089 0B       		.uleb128 0xb
 978 008a 05       		.uleb128 0x5
 979 008b 00       		.byte	0
 980 008c 03       		.uleb128 0x3
 981 008d 0E       		.uleb128 0xe
 982 008e 3A       		.uleb128 0x3a
 983 008f 0B       		.uleb128 0xb
 984 0090 3B       		.uleb128 0x3b
 985 0091 05       		.uleb128 0x5
 986 0092 49       		.uleb128 0x49
 987 0093 13       		.uleb128 0x13
 988 0094 00       		.byte	0
 989 0095 00       		.byte	0
 990 0096 0C       		.uleb128 0xc
 991 0097 2E       		.uleb128 0x2e
ARM GAS  C:\Users\ingan\AppData\Local\Temp\cctXUDki.s 			page 26


 992 0098 01       		.byte	0x1
 993 0099 3F       		.uleb128 0x3f
 994 009a 19       		.uleb128 0x19
 995 009b 03       		.uleb128 0x3
 996 009c 0E       		.uleb128 0xe
 997 009d 3A       		.uleb128 0x3a
 998 009e 0B       		.uleb128 0xb
 999 009f 3B       		.uleb128 0x3b
 1000 00a0 0B       		.uleb128 0xb
 1001 00a1 27       		.uleb128 0x27
 1002 00a2 19       		.uleb128 0x19
 1003 00a3 20       		.uleb128 0x20
 1004 00a4 0B       		.uleb128 0xb
 1005 00a5 01       		.uleb128 0x1
 1006 00a6 13       		.uleb128 0x13
 1007 00a7 00       		.byte	0
 1008 00a8 00       		.byte	0
 1009 00a9 0D       		.uleb128 0xd
 1010 00aa 05       		.uleb128 0x5
 1011 00ab 00       		.byte	0
 1012 00ac 03       		.uleb128 0x3
 1013 00ad 0E       		.uleb128 0xe
 1014 00ae 3A       		.uleb128 0x3a
 1015 00af 0B       		.uleb128 0xb
 1016 00b0 3B       		.uleb128 0x3b
 1017 00b1 0B       		.uleb128 0xb
 1018 00b2 49       		.uleb128 0x49
 1019 00b3 13       		.uleb128 0x13
 1020 00b4 00       		.byte	0
 1021 00b5 00       		.byte	0
 1022 00b6 0E       		.uleb128 0xe
 1023 00b7 34       		.uleb128 0x34
 1024 00b8 00       		.byte	0
 1025 00b9 03       		.uleb128 0x3
 1026 00ba 0E       		.uleb128 0xe
 1027 00bb 3A       		.uleb128 0x3a
 1028 00bc 0B       		.uleb128 0xb
 1029 00bd 3B       		.uleb128 0x3b
 1030 00be 0B       		.uleb128 0xb
 1031 00bf 49       		.uleb128 0x49
 1032 00c0 13       		.uleb128 0x13
 1033 00c1 00       		.byte	0
 1034 00c2 00       		.byte	0
 1035 00c3 0F       		.uleb128 0xf
 1036 00c4 2E       		.uleb128 0x2e
 1037 00c5 01       		.byte	0x1
 1038 00c6 3F       		.uleb128 0x3f
 1039 00c7 19       		.uleb128 0x19
 1040 00c8 03       		.uleb128 0x3
 1041 00c9 0E       		.uleb128 0xe
 1042 00ca 3A       		.uleb128 0x3a
 1043 00cb 0B       		.uleb128 0xb
 1044 00cc 3B       		.uleb128 0x3b
 1045 00cd 0B       		.uleb128 0xb
 1046 00ce 27       		.uleb128 0x27
 1047 00cf 19       		.uleb128 0x19
 1048 00d0 11       		.uleb128 0x11
ARM GAS  C:\Users\ingan\AppData\Local\Temp\cctXUDki.s 			page 27


 1049 00d1 01       		.uleb128 0x1
 1050 00d2 12       		.uleb128 0x12
 1051 00d3 06       		.uleb128 0x6
 1052 00d4 40       		.uleb128 0x40
 1053 00d5 18       		.uleb128 0x18
 1054 00d6 9742     		.uleb128 0x2117
 1055 00d8 19       		.uleb128 0x19
 1056 00d9 01       		.uleb128 0x1
 1057 00da 13       		.uleb128 0x13
 1058 00db 00       		.byte	0
 1059 00dc 00       		.byte	0
 1060 00dd 10       		.uleb128 0x10
 1061 00de 1D       		.uleb128 0x1d
 1062 00df 00       		.byte	0
 1063 00e0 31       		.uleb128 0x31
 1064 00e1 13       		.uleb128 0x13
 1065 00e2 11       		.uleb128 0x11
 1066 00e3 01       		.uleb128 0x1
 1067 00e4 12       		.uleb128 0x12
 1068 00e5 06       		.uleb128 0x6
 1069 00e6 58       		.uleb128 0x58
 1070 00e7 0B       		.uleb128 0xb
 1071 00e8 59       		.uleb128 0x59
 1072 00e9 0B       		.uleb128 0xb
 1073 00ea 00       		.byte	0
 1074 00eb 00       		.byte	0
 1075 00ec 11       		.uleb128 0x11
 1076 00ed 1D       		.uleb128 0x1d
 1077 00ee 01       		.byte	0x1
 1078 00ef 31       		.uleb128 0x31
 1079 00f0 13       		.uleb128 0x13
 1080 00f1 11       		.uleb128 0x11
 1081 00f2 01       		.uleb128 0x1
 1082 00f3 12       		.uleb128 0x12
 1083 00f4 06       		.uleb128 0x6
 1084 00f5 58       		.uleb128 0x58
 1085 00f6 0B       		.uleb128 0xb
 1086 00f7 59       		.uleb128 0x59
 1087 00f8 0B       		.uleb128 0xb
 1088 00f9 01       		.uleb128 0x1
 1089 00fa 13       		.uleb128 0x13
 1090 00fb 00       		.byte	0
 1091 00fc 00       		.byte	0
 1092 00fd 12       		.uleb128 0x12
 1093 00fe 05       		.uleb128 0x5
 1094 00ff 00       		.byte	0
 1095 0100 31       		.uleb128 0x31
 1096 0101 13       		.uleb128 0x13
 1097 0102 02       		.uleb128 0x2
 1098 0103 17       		.uleb128 0x17
 1099 0104 00       		.byte	0
 1100 0105 00       		.byte	0
 1101 0106 13       		.uleb128 0x13
 1102 0107 0B       		.uleb128 0xb
 1103 0108 01       		.byte	0x1
 1104 0109 11       		.uleb128 0x11
 1105 010a 01       		.uleb128 0x1
ARM GAS  C:\Users\ingan\AppData\Local\Temp\cctXUDki.s 			page 28


 1106 010b 12       		.uleb128 0x12
 1107 010c 06       		.uleb128 0x6
 1108 010d 00       		.byte	0
 1109 010e 00       		.byte	0
 1110 010f 14       		.uleb128 0x14
 1111 0110 34       		.uleb128 0x34
 1112 0111 00       		.byte	0
 1113 0112 31       		.uleb128 0x31
 1114 0113 13       		.uleb128 0x13
 1115 0114 02       		.uleb128 0x2
 1116 0115 17       		.uleb128 0x17
 1117 0116 00       		.byte	0
 1118 0117 00       		.byte	0
 1119 0118 15       		.uleb128 0x15
 1120 0119 05       		.uleb128 0x5
 1121 011a 00       		.byte	0
 1122 011b 03       		.uleb128 0x3
 1123 011c 0E       		.uleb128 0xe
 1124 011d 3A       		.uleb128 0x3a
 1125 011e 0B       		.uleb128 0xb
 1126 011f 3B       		.uleb128 0x3b
 1127 0120 0B       		.uleb128 0xb
 1128 0121 49       		.uleb128 0x49
 1129 0122 13       		.uleb128 0x13
 1130 0123 02       		.uleb128 0x2
 1131 0124 18       		.uleb128 0x18
 1132 0125 00       		.byte	0
 1133 0126 00       		.byte	0
 1134 0127 16       		.uleb128 0x16
 1135 0128 1D       		.uleb128 0x1d
 1136 0129 01       		.byte	0x1
 1137 012a 31       		.uleb128 0x31
 1138 012b 13       		.uleb128 0x13
 1139 012c 11       		.uleb128 0x11
 1140 012d 01       		.uleb128 0x1
 1141 012e 12       		.uleb128 0x12
 1142 012f 06       		.uleb128 0x6
 1143 0130 58       		.uleb128 0x58
 1144 0131 0B       		.uleb128 0xb
 1145 0132 59       		.uleb128 0x59
 1146 0133 0B       		.uleb128 0xb
 1147 0134 00       		.byte	0
 1148 0135 00       		.byte	0
 1149 0136 17       		.uleb128 0x17
 1150 0137 05       		.uleb128 0x5
 1151 0138 00       		.byte	0
 1152 0139 31       		.uleb128 0x31
 1153 013a 13       		.uleb128 0x13
 1154 013b 00       		.byte	0
 1155 013c 00       		.byte	0
 1156 013d 18       		.uleb128 0x18
 1157 013e 2E       		.uleb128 0x2e
 1158 013f 01       		.byte	0x1
 1159 0140 31       		.uleb128 0x31
 1160 0141 13       		.uleb128 0x13
 1161 0142 11       		.uleb128 0x11
 1162 0143 01       		.uleb128 0x1
ARM GAS  C:\Users\ingan\AppData\Local\Temp\cctXUDki.s 			page 29


 1163 0144 12       		.uleb128 0x12
 1164 0145 06       		.uleb128 0x6
 1165 0146 40       		.uleb128 0x40
 1166 0147 18       		.uleb128 0x18
 1167 0148 9742     		.uleb128 0x2117
 1168 014a 19       		.uleb128 0x19
 1169 014b 01       		.uleb128 0x1
 1170 014c 13       		.uleb128 0x13
 1171 014d 00       		.byte	0
 1172 014e 00       		.byte	0
 1173 014f 19       		.uleb128 0x19
 1174 0150 05       		.uleb128 0x5
 1175 0151 00       		.byte	0
 1176 0152 31       		.uleb128 0x31
 1177 0153 13       		.uleb128 0x13
 1178 0154 02       		.uleb128 0x2
 1179 0155 18       		.uleb128 0x18
 1180 0156 00       		.byte	0
 1181 0157 00       		.byte	0
 1182 0158 1A       		.uleb128 0x1a
 1183 0159 34       		.uleb128 0x34
 1184 015a 00       		.byte	0
 1185 015b 31       		.uleb128 0x31
 1186 015c 13       		.uleb128 0x13
 1187 015d 02       		.uleb128 0x2
 1188 015e 18       		.uleb128 0x18
 1189 015f 00       		.byte	0
 1190 0160 00       		.byte	0
 1191 0161 1B       		.uleb128 0x1b
 1192 0162 2E       		.uleb128 0x2e
 1193 0163 01       		.byte	0x1
 1194 0164 3F       		.uleb128 0x3f
 1195 0165 19       		.uleb128 0x19
 1196 0166 03       		.uleb128 0x3
 1197 0167 0E       		.uleb128 0xe
 1198 0168 3A       		.uleb128 0x3a
 1199 0169 0B       		.uleb128 0xb
 1200 016a 3B       		.uleb128 0x3b
 1201 016b 0B       		.uleb128 0xb
 1202 016c 27       		.uleb128 0x27
 1203 016d 19       		.uleb128 0x19
 1204 016e 49       		.uleb128 0x49
 1205 016f 13       		.uleb128 0x13
 1206 0170 11       		.uleb128 0x11
 1207 0171 01       		.uleb128 0x1
 1208 0172 12       		.uleb128 0x12
 1209 0173 06       		.uleb128 0x6
 1210 0174 40       		.uleb128 0x40
 1211 0175 18       		.uleb128 0x18
 1212 0176 9742     		.uleb128 0x2117
 1213 0178 19       		.uleb128 0x19
 1214 0179 01       		.uleb128 0x1
 1215 017a 13       		.uleb128 0x13
 1216 017b 00       		.byte	0
 1217 017c 00       		.byte	0
 1218 017d 1C       		.uleb128 0x1c
 1219 017e 34       		.uleb128 0x34
ARM GAS  C:\Users\ingan\AppData\Local\Temp\cctXUDki.s 			page 30


 1220 017f 00       		.byte	0
 1221 0180 03       		.uleb128 0x3
 1222 0181 0E       		.uleb128 0xe
 1223 0182 3A       		.uleb128 0x3a
 1224 0183 0B       		.uleb128 0xb
 1225 0184 3B       		.uleb128 0x3b
 1226 0185 0B       		.uleb128 0xb
 1227 0186 49       		.uleb128 0x49
 1228 0187 13       		.uleb128 0x13
 1229 0188 02       		.uleb128 0x2
 1230 0189 17       		.uleb128 0x17
 1231 018a 00       		.byte	0
 1232 018b 00       		.byte	0
 1233 018c 1D       		.uleb128 0x1d
 1234 018d 2E       		.uleb128 0x2e
 1235 018e 01       		.byte	0x1
 1236 018f 3F       		.uleb128 0x3f
 1237 0190 19       		.uleb128 0x19
 1238 0191 03       		.uleb128 0x3
 1239 0192 0E       		.uleb128 0xe
 1240 0193 3A       		.uleb128 0x3a
 1241 0194 0B       		.uleb128 0xb
 1242 0195 3B       		.uleb128 0x3b
 1243 0196 05       		.uleb128 0x5
 1244 0197 27       		.uleb128 0x27
 1245 0198 19       		.uleb128 0x19
 1246 0199 49       		.uleb128 0x49
 1247 019a 13       		.uleb128 0x13
 1248 019b 11       		.uleb128 0x11
 1249 019c 01       		.uleb128 0x1
 1250 019d 12       		.uleb128 0x12
 1251 019e 06       		.uleb128 0x6
 1252 019f 40       		.uleb128 0x40
 1253 01a0 18       		.uleb128 0x18
 1254 01a1 9742     		.uleb128 0x2117
 1255 01a3 19       		.uleb128 0x19
 1256 01a4 01       		.uleb128 0x1
 1257 01a5 13       		.uleb128 0x13
 1258 01a6 00       		.byte	0
 1259 01a7 00       		.byte	0
 1260 01a8 1E       		.uleb128 0x1e
 1261 01a9 34       		.uleb128 0x34
 1262 01aa 00       		.byte	0
 1263 01ab 03       		.uleb128 0x3
 1264 01ac 0E       		.uleb128 0xe
 1265 01ad 3A       		.uleb128 0x3a
 1266 01ae 0B       		.uleb128 0xb
 1267 01af 3B       		.uleb128 0x3b
 1268 01b0 05       		.uleb128 0x5
 1269 01b1 49       		.uleb128 0x49
 1270 01b2 13       		.uleb128 0x13
 1271 01b3 02       		.uleb128 0x2
 1272 01b4 17       		.uleb128 0x17
 1273 01b5 00       		.byte	0
 1274 01b6 00       		.byte	0
 1275 01b7 1F       		.uleb128 0x1f
 1276 01b8 2E       		.uleb128 0x2e
ARM GAS  C:\Users\ingan\AppData\Local\Temp\cctXUDki.s 			page 31


 1277 01b9 00       		.byte	0
 1278 01ba 31       		.uleb128 0x31
 1279 01bb 13       		.uleb128 0x13
 1280 01bc 11       		.uleb128 0x11
 1281 01bd 01       		.uleb128 0x1
 1282 01be 12       		.uleb128 0x12
 1283 01bf 06       		.uleb128 0x6
 1284 01c0 40       		.uleb128 0x40
 1285 01c1 18       		.uleb128 0x18
 1286 01c2 9742     		.uleb128 0x2117
 1287 01c4 19       		.uleb128 0x19
 1288 01c5 00       		.byte	0
 1289 01c6 00       		.byte	0
 1290 01c7 20       		.uleb128 0x20
 1291 01c8 2E       		.uleb128 0x2e
 1292 01c9 00       		.byte	0
 1293 01ca 3F       		.uleb128 0x3f
 1294 01cb 19       		.uleb128 0x19
 1295 01cc 03       		.uleb128 0x3
 1296 01cd 0E       		.uleb128 0xe
 1297 01ce 3A       		.uleb128 0x3a
 1298 01cf 0B       		.uleb128 0xb
 1299 01d0 3B       		.uleb128 0x3b
 1300 01d1 05       		.uleb128 0x5
 1301 01d2 27       		.uleb128 0x27
 1302 01d3 19       		.uleb128 0x19
 1303 01d4 49       		.uleb128 0x49
 1304 01d5 13       		.uleb128 0x13
 1305 01d6 11       		.uleb128 0x11
 1306 01d7 01       		.uleb128 0x1
 1307 01d8 12       		.uleb128 0x12
 1308 01d9 06       		.uleb128 0x6
 1309 01da 40       		.uleb128 0x40
 1310 01db 18       		.uleb128 0x18
 1311 01dc 9742     		.uleb128 0x2117
 1312 01de 19       		.uleb128 0x19
 1313 01df 00       		.byte	0
 1314 01e0 00       		.byte	0
 1315 01e1 21       		.uleb128 0x21
 1316 01e2 2E       		.uleb128 0x2e
 1317 01e3 00       		.byte	0
 1318 01e4 3F       		.uleb128 0x3f
 1319 01e5 19       		.uleb128 0x19
 1320 01e6 03       		.uleb128 0x3
 1321 01e7 0E       		.uleb128 0xe
 1322 01e8 3A       		.uleb128 0x3a
 1323 01e9 0B       		.uleb128 0xb
 1324 01ea 3B       		.uleb128 0x3b
 1325 01eb 05       		.uleb128 0x5
 1326 01ec 27       		.uleb128 0x27
 1327 01ed 19       		.uleb128 0x19
 1328 01ee 11       		.uleb128 0x11
 1329 01ef 01       		.uleb128 0x1
 1330 01f0 12       		.uleb128 0x12
 1331 01f1 06       		.uleb128 0x6
 1332 01f2 40       		.uleb128 0x40
 1333 01f3 18       		.uleb128 0x18
ARM GAS  C:\Users\ingan\AppData\Local\Temp\cctXUDki.s 			page 32


 1334 01f4 9742     		.uleb128 0x2117
 1335 01f6 19       		.uleb128 0x19
 1336 01f7 00       		.byte	0
 1337 01f8 00       		.byte	0
 1338 01f9 00       		.byte	0
 1339              		.section	.debug_loc,"",%progbits
 1340              	.Ldebug_loc0:
 1341              	.LLST0:
 1342 0000 06000000 		.4byte	.LVL0
 1343 0004 10000000 		.4byte	.LVL2
 1344 0008 0600     		.2byte	0x6
 1345 000a 03       		.byte	0x3
 1346 000b 00000000 		.4byte	isr_1_Interrupt
 1347 000f 9F       		.byte	0x9f
 1348 0010 00000000 		.4byte	0
 1349 0014 00000000 		.4byte	0
 1350              	.LLST1:
 1351 0018 0C000000 		.4byte	.LVL1
 1352 001c 10000000 		.4byte	.LVL2
 1353 0020 0100     		.2byte	0x1
 1354 0022 52       		.byte	0x52
 1355 0023 00000000 		.4byte	0
 1356 0027 00000000 		.4byte	0
 1357              	.LLST2:
 1358 002b 10000000 		.4byte	.LVL2
 1359 002f 16000000 		.4byte	.LVL3
 1360 0033 0200     		.2byte	0x2
 1361 0035 30       		.byte	0x30
 1362 0036 9F       		.byte	0x9f
 1363 0037 00000000 		.4byte	0
 1364 003b 00000000 		.4byte	0
 1365              	.LLST3:
 1366 003f 06000000 		.4byte	.LVL5
 1367 0043 0E000000 		.4byte	.LVL7
 1368 0047 0100     		.2byte	0x1
 1369 0049 50       		.byte	0x50
 1370 004a 00000000 		.4byte	0
 1371 004e 00000000 		.4byte	0
 1372              	.LLST4:
 1373 0052 0C000000 		.4byte	.LVL6
 1374 0056 0E000000 		.4byte	.LVL7
 1375 005a 0100     		.2byte	0x1
 1376 005c 52       		.byte	0x52
 1377 005d 00000000 		.4byte	0
 1378 0061 00000000 		.4byte	0
 1379              	.LLST5:
 1380 0065 0E000000 		.4byte	.LVL7
 1381 0069 14000000 		.4byte	.LVL8
 1382 006d 0200     		.2byte	0x2
 1383 006f 30       		.byte	0x30
 1384 0070 9F       		.byte	0x9f
 1385 0071 00000000 		.4byte	0
 1386 0075 00000000 		.4byte	0
 1387              	.LLST6:
 1388 0079 0C000000 		.4byte	.LVL10
 1389 007d 10000000 		.4byte	.LVL11
 1390 0081 0100     		.2byte	0x1
ARM GAS  C:\Users\ingan\AppData\Local\Temp\cctXUDki.s 			page 33


 1391 0083 53       		.byte	0x53
 1392 0084 00000000 		.4byte	0
 1393 0088 00000000 		.4byte	0
 1394              	.LLST7:
 1395 008c 00000000 		.4byte	.LVL14
 1396 0090 02000000 		.4byte	.LVL15
 1397 0094 0600     		.2byte	0x6
 1398 0096 11       		.byte	0x11
 1399 0097 88DA8380 		.sleb128 -536810232
 1399      7E
 1400 009c 02000000 		.4byte	.LVL15
 1401 00a0 04000000 		.4byte	.LVL16
 1402 00a4 0200     		.2byte	0x2
 1403 00a6 73       		.byte	0x73
 1404 00a7 00       		.sleb128 0
 1405 00a8 04000000 		.4byte	.LVL16
 1406 00ac 0C000000 		.4byte	.LFE5
 1407 00b0 0100     		.2byte	0x1
 1408 00b2 53       		.byte	0x53
 1409 00b3 00000000 		.4byte	0
 1410 00b7 00000000 		.4byte	0
 1411              	.LLST8:
 1412 00bb 00000000 		.4byte	.LVL17
 1413 00bf 02000000 		.4byte	.LVL18
 1414 00c3 0100     		.2byte	0x1
 1415 00c5 50       		.byte	0x50
 1416 00c6 02000000 		.4byte	.LVL18
 1417 00ca 10000000 		.4byte	.LFE6
 1418 00ce 0400     		.2byte	0x4
 1419 00d0 F3       		.byte	0xf3
 1420 00d1 01       		.uleb128 0x1
 1421 00d2 50       		.byte	0x50
 1422 00d3 9F       		.byte	0x9f
 1423 00d4 00000000 		.4byte	0
 1424 00d8 00000000 		.4byte	0
 1425              	.LLST9:
 1426 00dc 04000000 		.4byte	.LVL19
 1427 00e0 06000000 		.4byte	.LVL20
 1428 00e4 0500     		.2byte	0x5
 1429 00e6 70       		.byte	0x70
 1430 00e7 00       		.sleb128 0
 1431 00e8 35       		.byte	0x35
 1432 00e9 25       		.byte	0x25
 1433 00ea 9F       		.byte	0x9f
 1434 00eb 00000000 		.4byte	0
 1435 00ef 00000000 		.4byte	0
 1436              		.section	.debug_aranges,"",%progbits
 1437 0000 7C000000 		.4byte	0x7c
 1438 0004 0200     		.2byte	0x2
 1439 0006 00000000 		.4byte	.Ldebug_info0
 1440 000a 04       		.byte	0x4
 1441 000b 00       		.byte	0
 1442 000c 0000     		.2byte	0
 1443 000e 0000     		.2byte	0
 1444 0010 00000000 		.4byte	.LFB3
 1445 0014 02000000 		.4byte	.LFE3-.LFB3
 1446 0018 00000000 		.4byte	.LFB0
ARM GAS  C:\Users\ingan\AppData\Local\Temp\cctXUDki.s 			page 34


 1447 001c 2C000000 		.4byte	.LFE0-.LFB0
 1448 0020 00000000 		.4byte	.LFB1
 1449 0024 24000000 		.4byte	.LFE1-.LFB1
 1450 0028 00000000 		.4byte	.LFB2
 1451 002c 1C000000 		.4byte	.LFE2-.LFB2
 1452 0030 00000000 		.4byte	.LFB4
 1453 0034 0C000000 		.4byte	.LFE4-.LFB4
 1454 0038 00000000 		.4byte	.LFB5
 1455 003c 0C000000 		.4byte	.LFE5-.LFB5
 1456 0040 00000000 		.4byte	.LFB6
 1457 0044 10000000 		.4byte	.LFE6-.LFB6
 1458 0048 00000000 		.4byte	.LFB7
 1459 004c 0C000000 		.4byte	.LFE7-.LFB7
 1460 0050 00000000 		.4byte	.LFB8
 1461 0054 0C000000 		.4byte	.LFE8-.LFB8
 1462 0058 00000000 		.4byte	.LFB9
 1463 005c 10000000 		.4byte	.LFE9-.LFB9
 1464 0060 00000000 		.4byte	.LFB10
 1465 0064 0C000000 		.4byte	.LFE10-.LFB10
 1466 0068 00000000 		.4byte	.LFB11
 1467 006c 0C000000 		.4byte	.LFE11-.LFB11
 1468 0070 00000000 		.4byte	.LFB12
 1469 0074 0C000000 		.4byte	.LFE12-.LFB12
 1470 0078 00000000 		.4byte	0
 1471 007c 00000000 		.4byte	0
 1472              		.section	.debug_ranges,"",%progbits
 1473              	.Ldebug_ranges0:
 1474 0000 00000000 		.4byte	.LFB3
 1475 0004 02000000 		.4byte	.LFE3
 1476 0008 00000000 		.4byte	.LFB0
 1477 000c 2C000000 		.4byte	.LFE0
 1478 0010 00000000 		.4byte	.LFB1
 1479 0014 24000000 		.4byte	.LFE1
 1480 0018 00000000 		.4byte	.LFB2
 1481 001c 1C000000 		.4byte	.LFE2
 1482 0020 00000000 		.4byte	.LFB4
 1483 0024 0C000000 		.4byte	.LFE4
 1484 0028 00000000 		.4byte	.LFB5
 1485 002c 0C000000 		.4byte	.LFE5
 1486 0030 00000000 		.4byte	.LFB6
 1487 0034 10000000 		.4byte	.LFE6
 1488 0038 00000000 		.4byte	.LFB7
 1489 003c 0C000000 		.4byte	.LFE7
 1490 0040 00000000 		.4byte	.LFB8
 1491 0044 0C000000 		.4byte	.LFE8
 1492 0048 00000000 		.4byte	.LFB9
 1493 004c 10000000 		.4byte	.LFE9
 1494 0050 00000000 		.4byte	.LFB10
 1495 0054 0C000000 		.4byte	.LFE10
 1496 0058 00000000 		.4byte	.LFB11
 1497 005c 0C000000 		.4byte	.LFE11
 1498 0060 00000000 		.4byte	.LFB12
 1499 0064 0C000000 		.4byte	.LFE12
 1500 0068 00000000 		.4byte	0
 1501 006c 00000000 		.4byte	0
 1502              		.section	.debug_line,"",%progbits
 1503              	.Ldebug_line0:
ARM GAS  C:\Users\ingan\AppData\Local\Temp\cctXUDki.s 			page 35


 1504 0000 4C010000 		.section	.debug_str,"MS",%progbits,1
 1504      02004200 
 1504      00000201 
 1504      FB0E0D00 
 1504      01010101 
 1505              	.LASF33:
 1506 0000 6973725F 		.ascii	"isr_1_ClearPending\000"
 1506      315F436C 
 1506      65617250 
 1506      656E6469 
 1506      6E6700
 1507              	.LASF17:
 1508 0013 72656733 		.ascii	"reg32\000"
 1508      3200
 1509              	.LASF32:
 1510 0019 6973725F 		.ascii	"isr_1_SetPending\000"
 1510      315F5365 
 1510      7450656E 
 1510      64696E67 
 1510      00
 1511              	.LASF37:
 1512 002a 6973725F 		.ascii	"isr_1_GetState\000"
 1512      315F4765 
 1512      74537461 
 1512      746500
 1513              	.LASF24:
 1514 0039 6973725F 		.ascii	"isr_1_Disable\000"
 1514      315F4469 
 1514      7361626C 
 1514      6500
 1515              	.LASF34:
 1516 0047 474E5520 		.ascii	"GNU C11 5.4.1 20160609 (release) [ARM/embedded-5-br"
 1516      43313120 
 1516      352E342E 
 1516      31203230 
 1516      31363036 
 1517 007a 616E6368 		.ascii	"anch revision 237715] -mcpu=cortex-m3 -mthumb -g -O"
 1517      20726576 
 1517      6973696F 
 1517      6E203233 
 1517      37373135 
 1518 00ad 31202D66 		.ascii	"1 -ffunction-sections -ffat-lto-objects\000"
 1518      66756E63 
 1518      74696F6E 
 1518      2D736563 
 1518      74696F6E 
 1519              	.LASF27:
 1520 00d5 6973725F 		.ascii	"isr_1_Stop\000"
 1520      315F5374 
 1520      6F7000
 1521              	.LASF25:
 1522 00e0 6973725F 		.ascii	"isr_1_Start\000"
 1522      315F5374 
 1522      61727400 
 1523              	.LASF6:
 1524 00ec 73686F72 		.ascii	"short unsigned int\000"
 1524      7420756E 
ARM GAS  C:\Users\ingan\AppData\Local\Temp\cctXUDki.s 			page 36


 1524      7369676E 
 1524      65642069 
 1524      6E7400
 1525              	.LASF29:
 1526 00ff 6973725F 		.ascii	"isr_1_GetPriority\000"
 1526      315F4765 
 1526      74507269 
 1526      6F726974 
 1526      7900
 1527              	.LASF14:
 1528 0111 666C6F61 		.ascii	"float\000"
 1528      7400
 1529              	.LASF4:
 1530 0117 756E7369 		.ascii	"unsigned char\000"
 1530      676E6564 
 1530      20636861 
 1530      7200
 1531              	.LASF16:
 1532 0125 72656738 		.ascii	"reg8\000"
 1532      00
 1533              	.LASF8:
 1534 012a 6C6F6E67 		.ascii	"long unsigned int\000"
 1534      20756E73 
 1534      69676E65 
 1534      6420696E 
 1534      7400
 1535              	.LASF12:
 1536 013c 75696E74 		.ascii	"uint8\000"
 1536      3800
 1537              	.LASF21:
 1538 0142 7072696F 		.ascii	"priority\000"
 1538      72697479 
 1538      00
 1539              	.LASF15:
 1540 014b 646F7562 		.ascii	"double\000"
 1540      6C6500
 1541              	.LASF19:
 1542 0152 6973725F 		.ascii	"isr_1_SetPriority\000"
 1542      315F5365 
 1542      74507269 
 1542      6F726974 
 1542      7900
 1543              	.LASF35:
 1544 0164 47656E65 		.ascii	"Generated_Source\\PSoC5\\isr_1.c\000"
 1544      72617465 
 1544      645F536F 
 1544      75726365 
 1544      5C50536F 
 1545              	.LASF13:
 1546 0183 75696E74 		.ascii	"uint32\000"
 1546      333200
 1547              	.LASF0:
 1548 018a 756E7369 		.ascii	"unsigned int\000"
 1548      676E6564 
 1548      20696E74 
 1548      00
 1549              	.LASF22:
ARM GAS  C:\Users\ingan\AppData\Local\Temp\cctXUDki.s 			page 37


 1550 0197 61646472 		.ascii	"address\000"
 1550      65737300 
 1551              	.LASF9:
 1552 019f 6C6F6E67 		.ascii	"long long unsigned int\000"
 1552      206C6F6E 
 1552      6720756E 
 1552      7369676E 
 1552      65642069 
 1553              	.LASF18:
 1554 01b6 63796973 		.ascii	"cyisraddress\000"
 1554      72616464 
 1554      72657373 
 1554      00
 1555              	.LASF10:
 1556 01c3 73697A65 		.ascii	"sizetype\000"
 1556      74797065 
 1556      00
 1557              	.LASF1:
 1558 01cc 6C6F6E67 		.ascii	"long long int\000"
 1558      206C6F6E 
 1558      6720696E 
 1558      7400
 1559              	.LASF23:
 1560 01da 6973725F 		.ascii	"isr_1_Enable\000"
 1560      315F456E 
 1560      61626C65 
 1560      00
 1561              	.LASF11:
 1562 01e7 63686172 		.ascii	"char\000"
 1562      00
 1563              	.LASF30:
 1564 01ec 72616D56 		.ascii	"ramVectorTable\000"
 1564      6563746F 
 1564      72546162 
 1564      6C6500
 1565              	.LASF5:
 1566 01fb 73686F72 		.ascii	"short int\000"
 1566      7420696E 
 1566      7400
 1567              	.LASF28:
 1568 0205 6973725F 		.ascii	"isr_1_GetVector\000"
 1568      315F4765 
 1568      74566563 
 1568      746F7200 
 1569              	.LASF36:
 1570 0215 433A5C55 		.ascii	"C:\\Users\\ingan\\Documents\\PSoC Creator\\MegaDriv"
 1570      73657273 
 1570      5C696E67 
 1570      616E5C44 
 1570      6F63756D 
 1571 0243 655F706C 		.ascii	"e_player\\VGMPlayer_v0.7.cydsn\000"
 1571      61796572 
 1571      5C56474D 
 1571      506C6179 
 1571      65725F76 
 1572              	.LASF31:
 1573 0261 6973725F 		.ascii	"isr_1_Interrupt\000"
ARM GAS  C:\Users\ingan\AppData\Local\Temp\cctXUDki.s 			page 38


 1573      315F496E 
 1573      74657272 
 1573      75707400 
 1574              	.LASF7:
 1575 0271 6C6F6E67 		.ascii	"long int\000"
 1575      20696E74 
 1575      00
 1576              	.LASF2:
 1577 027a 6C6F6E67 		.ascii	"long double\000"
 1577      20646F75 
 1577      626C6500 
 1578              	.LASF3:
 1579 0286 7369676E 		.ascii	"signed char\000"
 1579      65642063 
 1579      68617200 
 1580              	.LASF26:
 1581 0292 6973725F 		.ascii	"isr_1_StartEx\000"
 1581      315F5374 
 1581      61727445 
 1581      7800
 1582              	.LASF20:
 1583 02a0 6973725F 		.ascii	"isr_1_SetVector\000"
 1583      315F5365 
 1583      74566563 
 1583      746F7200 
 1584              		.ident	"GCC: (GNU Tools for ARM Embedded Processors) 5.4.1 20160609 (release) [ARM/embedded-5-bran
