ARM GAS  C:\Users\ingan\AppData\Local\Temp\ccNVaZ4J.s 			page 1


   1              		.syntax unified
   2              		.cpu cortex-m3
   3              		.fpu softvfp
   4              		.eabi_attribute 20, 1
   5              		.eabi_attribute 21, 1
   6              		.eabi_attribute 23, 3
   7              		.eabi_attribute 24, 1
   8              		.eabi_attribute 25, 1
   9              		.eabi_attribute 26, 1
  10              		.eabi_attribute 30, 1
  11              		.eabi_attribute 34, 1
  12              		.eabi_attribute 18, 4
  13              		.thumb
  14              		.syntax unified
  15              		.file	"USBUART_pm.c"
  16              		.text
  17              	.Ltext0:
  18              		.cfi_sections	.debug_frame
  19              		.section	.text.USBUART_DP_ISR,"ax",%progbits
  20              		.align	2
  21              		.global	USBUART_DP_ISR
  22              		.thumb
  23              		.thumb_func
  24              		.type	USBUART_DP_ISR, %function
  25              	USBUART_DP_ISR:
  26              	.LFB0:
  27              		.file 1 "Generated_Source\\PSoC5\\USBUART_pm.c"
   1:Generated_Source\PSoC5/USBUART_pm.c **** /***************************************************************************//**
   2:Generated_Source\PSoC5/USBUART_pm.c **** * \file USBUART_pm.c
   3:Generated_Source\PSoC5/USBUART_pm.c **** * \version 3.20
   4:Generated_Source\PSoC5/USBUART_pm.c **** *
   5:Generated_Source\PSoC5/USBUART_pm.c **** * \brief
   6:Generated_Source\PSoC5/USBUART_pm.c **** *  This file provides Suspend/Resume APIs implementation.
   7:Generated_Source\PSoC5/USBUART_pm.c **** *
   8:Generated_Source\PSoC5/USBUART_pm.c **** ********************************************************************************
   9:Generated_Source\PSoC5/USBUART_pm.c **** * \copyright
  10:Generated_Source\PSoC5/USBUART_pm.c **** * Copyright 2008-2016, Cypress Semiconductor Corporation.  All rights reserved.
  11:Generated_Source\PSoC5/USBUART_pm.c **** * You may use this file only in accordance with the license, terms, conditions,
  12:Generated_Source\PSoC5/USBUART_pm.c **** * disclaimers, and limitations in the end user license agreement accompanying
  13:Generated_Source\PSoC5/USBUART_pm.c **** * the software package with which this file was provided.
  14:Generated_Source\PSoC5/USBUART_pm.c **** *******************************************************************************/
  15:Generated_Source\PSoC5/USBUART_pm.c **** 
  16:Generated_Source\PSoC5/USBUART_pm.c **** #include "USBUART_pvt.h"
  17:Generated_Source\PSoC5/USBUART_pm.c **** #include "USBUART_Dp.h"
  18:Generated_Source\PSoC5/USBUART_pm.c **** #include "cyapicallbacks.h"
  19:Generated_Source\PSoC5/USBUART_pm.c **** 
  20:Generated_Source\PSoC5/USBUART_pm.c **** /***************************************
  21:Generated_Source\PSoC5/USBUART_pm.c **** * Custom Declarations
  22:Generated_Source\PSoC5/USBUART_pm.c **** ***************************************/
  23:Generated_Source\PSoC5/USBUART_pm.c **** /* `#START PM_CUSTOM_DECLARATIONS` Place your declaration here */
  24:Generated_Source\PSoC5/USBUART_pm.c **** 
  25:Generated_Source\PSoC5/USBUART_pm.c **** /* `#END` */
  26:Generated_Source\PSoC5/USBUART_pm.c **** 
  27:Generated_Source\PSoC5/USBUART_pm.c **** 
  28:Generated_Source\PSoC5/USBUART_pm.c **** /***************************************
  29:Generated_Source\PSoC5/USBUART_pm.c **** * Local data allocation
  30:Generated_Source\PSoC5/USBUART_pm.c **** ***************************************/
ARM GAS  C:\Users\ingan\AppData\Local\Temp\ccNVaZ4J.s 			page 2


  31:Generated_Source\PSoC5/USBUART_pm.c **** 
  32:Generated_Source\PSoC5/USBUART_pm.c **** static USBUART_BACKUP_STRUCT  USBUART_backup;
  33:Generated_Source\PSoC5/USBUART_pm.c **** 
  34:Generated_Source\PSoC5/USBUART_pm.c **** #if (USBUART_DP_ISR_ACTIVE)
  35:Generated_Source\PSoC5/USBUART_pm.c ****     /*******************************************************************************
  36:Generated_Source\PSoC5/USBUART_pm.c ****     * Function Name: USBUART_DP_ISR
  37:Generated_Source\PSoC5/USBUART_pm.c ****     ****************************************************************************//**
  38:Generated_Source\PSoC5/USBUART_pm.c ****     *
  39:Generated_Source\PSoC5/USBUART_pm.c ****     *  This Interrupt Service Routine handles DP pin changes for wake-up from
  40:Generated_Source\PSoC5/USBUART_pm.c ****     *  the sleep mode.
  41:Generated_Source\PSoC5/USBUART_pm.c ****     *
  42:Generated_Source\PSoC5/USBUART_pm.c ****     *******************************************************************************/
  43:Generated_Source\PSoC5/USBUART_pm.c ****     CY_ISR(USBUART_DP_ISR)
  44:Generated_Source\PSoC5/USBUART_pm.c ****     {
  28              		.loc 1 44 0
  29              		.cfi_startproc
  30              		@ args = 0, pretend = 0, frame = 0
  31              		@ frame_needed = 0, uses_anonymous_args = 0
  32 0000 08B5     		push	{r3, lr}
  33              		.cfi_def_cfa_offset 8
  34              		.cfi_offset 3, -8
  35              		.cfi_offset 14, -4
  45:Generated_Source\PSoC5/USBUART_pm.c ****     #ifdef USBUART_DP_ISR_ENTRY_CALLBACK
  46:Generated_Source\PSoC5/USBUART_pm.c ****         USBUART_DP_ISR_EntryCallback();
  47:Generated_Source\PSoC5/USBUART_pm.c ****     #endif /* (USBUART_DP_ISR_ENTRY_CALLBACK) */
  48:Generated_Source\PSoC5/USBUART_pm.c **** 
  49:Generated_Source\PSoC5/USBUART_pm.c ****         /* `#START DP_USER_CODE` Place your code here */
  50:Generated_Source\PSoC5/USBUART_pm.c **** 
  51:Generated_Source\PSoC5/USBUART_pm.c ****         /* `#END` */
  52:Generated_Source\PSoC5/USBUART_pm.c **** 
  53:Generated_Source\PSoC5/USBUART_pm.c ****         (void) USBUART_Dp_ClearInterrupt();
  36              		.loc 1 53 0
  37 0002 FFF7FEFF 		bl	USBUART_Dp_ClearInterrupt
  38              	.LVL0:
  39 0006 08BD     		pop	{r3, pc}
  40              		.cfi_endproc
  41              	.LFE0:
  42              		.size	USBUART_DP_ISR, .-USBUART_DP_ISR
  43              		.section	.text.USBUART_SaveConfig,"ax",%progbits
  44              		.align	2
  45              		.global	USBUART_SaveConfig
  46              		.thumb
  47              		.thumb_func
  48              		.type	USBUART_SaveConfig, %function
  49              	USBUART_SaveConfig:
  50              	.LFB1:
  54:Generated_Source\PSoC5/USBUART_pm.c **** 		
  55:Generated_Source\PSoC5/USBUART_pm.c **** 	#ifdef USBUART_DP_ISR_EXIT_CALLBACK
  56:Generated_Source\PSoC5/USBUART_pm.c ****         USBUART_DP_ISR_ExitCallback();
  57:Generated_Source\PSoC5/USBUART_pm.c ****     #endif /* (USBUART_DP_ISR_EXIT_CALLBACK) */
  58:Generated_Source\PSoC5/USBUART_pm.c ****     }
  59:Generated_Source\PSoC5/USBUART_pm.c **** #endif /* (USBUART_DP_ISR_ACTIVE) */
  60:Generated_Source\PSoC5/USBUART_pm.c **** 
  61:Generated_Source\PSoC5/USBUART_pm.c **** 
  62:Generated_Source\PSoC5/USBUART_pm.c **** /*******************************************************************************
  63:Generated_Source\PSoC5/USBUART_pm.c **** * Function Name: USBUART_SaveConfig
  64:Generated_Source\PSoC5/USBUART_pm.c **** ****************************************************************************//**
ARM GAS  C:\Users\ingan\AppData\Local\Temp\ccNVaZ4J.s 			page 3


  65:Generated_Source\PSoC5/USBUART_pm.c **** *
  66:Generated_Source\PSoC5/USBUART_pm.c **** *  Saves the current user configuration.
  67:Generated_Source\PSoC5/USBUART_pm.c **** *
  68:Generated_Source\PSoC5/USBUART_pm.c **** * \reentrant
  69:Generated_Source\PSoC5/USBUART_pm.c **** *  No.
  70:Generated_Source\PSoC5/USBUART_pm.c **** *
  71:Generated_Source\PSoC5/USBUART_pm.c **** *******************************************************************************/
  72:Generated_Source\PSoC5/USBUART_pm.c **** void USBUART_SaveConfig(void) 
  73:Generated_Source\PSoC5/USBUART_pm.c **** {
  51              		.loc 1 73 0
  52              		.cfi_startproc
  53              		@ args = 0, pretend = 0, frame = 0
  54              		@ frame_needed = 0, uses_anonymous_args = 0
  55              		@ link register save eliminated.
  56 0000 7047     		bx	lr
  57              		.cfi_endproc
  58              	.LFE1:
  59              		.size	USBUART_SaveConfig, .-USBUART_SaveConfig
  60 0002 00BF     		.section	.text.USBUART_RestoreConfig,"ax",%progbits
  61              		.align	2
  62              		.global	USBUART_RestoreConfig
  63              		.thumb
  64              		.thumb_func
  65              		.type	USBUART_RestoreConfig, %function
  66              	USBUART_RestoreConfig:
  67              	.LFB2:
  74:Generated_Source\PSoC5/USBUART_pm.c ****     /* Empty function added for the compatibility purpose. */
  75:Generated_Source\PSoC5/USBUART_pm.c **** }
  76:Generated_Source\PSoC5/USBUART_pm.c **** 
  77:Generated_Source\PSoC5/USBUART_pm.c **** 
  78:Generated_Source\PSoC5/USBUART_pm.c **** /*******************************************************************************
  79:Generated_Source\PSoC5/USBUART_pm.c **** * Function Name: USBUART_RestoreConfig
  80:Generated_Source\PSoC5/USBUART_pm.c **** ****************************************************************************//**
  81:Generated_Source\PSoC5/USBUART_pm.c **** *
  82:Generated_Source\PSoC5/USBUART_pm.c **** *  Restores the current user configuration.
  83:Generated_Source\PSoC5/USBUART_pm.c **** *
  84:Generated_Source\PSoC5/USBUART_pm.c **** * \reentrant
  85:Generated_Source\PSoC5/USBUART_pm.c **** *  No.
  86:Generated_Source\PSoC5/USBUART_pm.c **** *
  87:Generated_Source\PSoC5/USBUART_pm.c **** *******************************************************************************/
  88:Generated_Source\PSoC5/USBUART_pm.c **** void USBUART_RestoreConfig(void) 
  89:Generated_Source\PSoC5/USBUART_pm.c **** {
  68              		.loc 1 89 0
  69              		.cfi_startproc
  70              		@ args = 0, pretend = 0, frame = 0
  71              		@ frame_needed = 0, uses_anonymous_args = 0
  72              		.loc 1 89 0
  73 0000 08B5     		push	{r3, lr}
  74              		.cfi_def_cfa_offset 8
  75              		.cfi_offset 3, -8
  76              		.cfi_offset 14, -4
  90:Generated_Source\PSoC5/USBUART_pm.c ****     if (USBUART_configuration != 0u)
  77              		.loc 1 90 0
  78 0002 054B     		ldr	r3, .L7
  79 0004 1B78     		ldrb	r3, [r3]	@ zero_extendqisi2
  80 0006 13F0FF0F 		tst	r3, #255
  81 000a 03D0     		beq	.L4
ARM GAS  C:\Users\ingan\AppData\Local\Temp\ccNVaZ4J.s 			page 4


  91:Generated_Source\PSoC5/USBUART_pm.c ****     {
  92:Generated_Source\PSoC5/USBUART_pm.c ****         USBUART_ConfigReg();
  82              		.loc 1 92 0
  83 000c FFF7FEFF 		bl	USBUART_ConfigReg
  84              	.LVL1:
  93:Generated_Source\PSoC5/USBUART_pm.c ****         USBUART_EpStateInit();
  85              		.loc 1 93 0
  86 0010 FFF7FEFF 		bl	USBUART_EpStateInit
  87              	.LVL2:
  88              	.L4:
  89 0014 08BD     		pop	{r3, pc}
  90              	.L8:
  91 0016 00BF     		.align	2
  92              	.L7:
  93 0018 00000000 		.word	USBUART_configuration
  94              		.cfi_endproc
  95              	.LFE2:
  96              		.size	USBUART_RestoreConfig, .-USBUART_RestoreConfig
  97              		.section	.text.USBUART_Suspend,"ax",%progbits
  98              		.align	2
  99              		.global	USBUART_Suspend
 100              		.thumb
 101              		.thumb_func
 102              		.type	USBUART_Suspend, %function
 103              	USBUART_Suspend:
 104              	.LFB3:
  94:Generated_Source\PSoC5/USBUART_pm.c ****     }
  95:Generated_Source\PSoC5/USBUART_pm.c **** }
  96:Generated_Source\PSoC5/USBUART_pm.c **** 
  97:Generated_Source\PSoC5/USBUART_pm.c **** 
  98:Generated_Source\PSoC5/USBUART_pm.c **** /*******************************************************************************
  99:Generated_Source\PSoC5/USBUART_pm.c **** * Function Name: USBUART_Suspend
 100:Generated_Source\PSoC5/USBUART_pm.c **** ****************************************************************************//**
 101:Generated_Source\PSoC5/USBUART_pm.c **** *
 102:Generated_Source\PSoC5/USBUART_pm.c **** *  This function prepares the USBFS component to enter low power mode. The 
 103:Generated_Source\PSoC5/USBUART_pm.c **** *  interrupt on falling edge on Dp pin is configured to wakeup device when the 
 104:Generated_Source\PSoC5/USBUART_pm.c **** *  host drives resume condition. The pull-up is enabled on the Dp line while 
 105:Generated_Source\PSoC5/USBUART_pm.c **** *  device is in low power mode. The supported low power modes are Deep Sleep 
 106:Generated_Source\PSoC5/USBUART_pm.c **** *  (PSoC 4200L) and Sleep (PSoC 3/ PSoC 5LP).
 107:Generated_Source\PSoC5/USBUART_pm.c **** *  
 108:Generated_Source\PSoC5/USBUART_pm.c **** *  *Note* For PSoC 4200L devices, this function should not be called before 
 109:Generated_Source\PSoC5/USBUART_pm.c **** *  entering Sleep.
 110:Generated_Source\PSoC5/USBUART_pm.c **** *  
 111:Generated_Source\PSoC5/USBUART_pm.c **** *  *Note* After enter low power mode, the data which is left in the IN or OUT 
 112:Generated_Source\PSoC5/USBUART_pm.c **** *  endpoint buffers is not restored after wakeup and lost. Therefore it should 
 113:Generated_Source\PSoC5/USBUART_pm.c **** *  be stored in the SRAM for OUT endpoint or read by the host for IN endpoint 
 114:Generated_Source\PSoC5/USBUART_pm.c **** *  before enter low power mode.
 115:Generated_Source\PSoC5/USBUART_pm.c **** *
 116:Generated_Source\PSoC5/USBUART_pm.c **** * \globalvars
 117:Generated_Source\PSoC5/USBUART_pm.c **** *  USBUART_backup.enable:  modified.
 118:Generated_Source\PSoC5/USBUART_pm.c **** *
 119:Generated_Source\PSoC5/USBUART_pm.c **** * \reentrant
 120:Generated_Source\PSoC5/USBUART_pm.c **** *  No.
 121:Generated_Source\PSoC5/USBUART_pm.c **** *
 122:Generated_Source\PSoC5/USBUART_pm.c **** *******************************************************************************/
 123:Generated_Source\PSoC5/USBUART_pm.c **** void USBUART_Suspend(void) 
 124:Generated_Source\PSoC5/USBUART_pm.c **** {
ARM GAS  C:\Users\ingan\AppData\Local\Temp\ccNVaZ4J.s 			page 5


 105              		.loc 1 124 0
 106              		.cfi_startproc
 107              		@ args = 0, pretend = 0, frame = 0
 108              		@ frame_needed = 0, uses_anonymous_args = 0
 109 0000 F8B5     		push	{r3, r4, r5, r6, r7, lr}
 110              		.cfi_def_cfa_offset 24
 111              		.cfi_offset 3, -24
 112              		.cfi_offset 4, -20
 113              		.cfi_offset 5, -16
 114              		.cfi_offset 6, -12
 115              		.cfi_offset 7, -8
 116              		.cfi_offset 14, -4
 125:Generated_Source\PSoC5/USBUART_pm.c ****     uint8 enableInterrupts;
 126:Generated_Source\PSoC5/USBUART_pm.c **** 
 127:Generated_Source\PSoC5/USBUART_pm.c ****     enableInterrupts = CyEnterCriticalSection();
 117              		.loc 1 127 0
 118 0002 FFF7FEFF 		bl	CyEnterCriticalSection
 119              	.LVL3:
 120 0006 0446     		mov	r4, r0
 121              	.LVL4:
 128:Generated_Source\PSoC5/USBUART_pm.c **** 
 129:Generated_Source\PSoC5/USBUART_pm.c ****     if (0u != (USBUART_CR0_REG & USBUART_CR0_ENABLE))
 122              		.loc 1 129 0
 123 0008 294B     		ldr	r3, .L13
 124 000a 1B78     		ldrb	r3, [r3]	@ zero_extendqisi2
 125 000c 13F0800F 		tst	r3, #128
 126 0010 3ED0     		beq	.L10
 130:Generated_Source\PSoC5/USBUART_pm.c ****     {
 131:Generated_Source\PSoC5/USBUART_pm.c ****         /* USB block is enabled. */
 132:Generated_Source\PSoC5/USBUART_pm.c ****         USBUART_backup.enableState = 1u;
 127              		.loc 1 132 0
 128 0012 284F     		ldr	r7, .L13+4
 129 0014 0126     		movs	r6, #1
 130 0016 3E70     		strb	r6, [r7]
 133:Generated_Source\PSoC5/USBUART_pm.c **** 
 134:Generated_Source\PSoC5/USBUART_pm.c ****     #if (USBUART_EP_MANAGEMENT_DMA)
 135:Generated_Source\PSoC5/USBUART_pm.c ****         USBUART_Stop_DMA(USBUART_MAX_EP);
 131              		.loc 1 135 0
 132 0018 0920     		movs	r0, #9
 133 001a FFF7FEFF 		bl	USBUART_Stop_DMA
 134              	.LVL5:
 136:Generated_Source\PSoC5/USBUART_pm.c ****     #endif /* (USBUART_EP_MANAGEMENT_DMA) */
 137:Generated_Source\PSoC5/USBUART_pm.c **** 
 138:Generated_Source\PSoC5/USBUART_pm.c ****     #if (CY_PSOC4)
 139:Generated_Source\PSoC5/USBUART_pm.c ****         /* Suspend enter sequence. */
 140:Generated_Source\PSoC5/USBUART_pm.c ****         USBUART_POWER_CTRL_REG |= (USBUART_POWER_CTRL_SUSPEND |
 141:Generated_Source\PSoC5/USBUART_pm.c ****                                             USBUART_POWER_CTRL_SUSPEND_DEL);
 142:Generated_Source\PSoC5/USBUART_pm.c **** 
 143:Generated_Source\PSoC5/USBUART_pm.c ****         /* Store state of USB regulator and disable it. */
 144:Generated_Source\PSoC5/USBUART_pm.c ****         USBUART_backup.mode = (uint8)  (USBUART_CR1_REG & USBUART_CR1_REG_ENABLE);
 145:Generated_Source\PSoC5/USBUART_pm.c ****         USBUART_CR1_REG    &= (uint32) ~USBUART_CR1_REG_ENABLE;
 146:Generated_Source\PSoC5/USBUART_pm.c ****         
 147:Generated_Source\PSoC5/USBUART_pm.c ****         /* Store SIE interrupt sources. Valid bits are 0 - 4. */
 148:Generated_Source\PSoC5/USBUART_pm.c ****         USBUART_backup.intrSeiMask = (uint8) USBUART_INTR_SIE_MASK_REG;
 149:Generated_Source\PSoC5/USBUART_pm.c **** 
 150:Generated_Source\PSoC5/USBUART_pm.c ****     #else
 151:Generated_Source\PSoC5/USBUART_pm.c ****         /* Ensure USB transmit enable is low (USB_USBIO_CR0.ten). - Manual Transmission - Disabled.
ARM GAS  C:\Users\ingan\AppData\Local\Temp\ccNVaZ4J.s 			page 6


 152:Generated_Source\PSoC5/USBUART_pm.c ****         USBUART_USBIO_CR0_REG &= (uint8) ~USBUART_USBIO_CR0_TEN;
 135              		.loc 1 152 0
 136 001e 264A     		ldr	r2, .L13+8
 137 0020 1378     		ldrb	r3, [r2]	@ zero_extendqisi2
 138 0022 03F07F03 		and	r3, r3, #127
 139 0026 1370     		strb	r3, [r2]
 153:Generated_Source\PSoC5/USBUART_pm.c ****         CyDelayUs(USBUART_WAIT_REG_STABILITY_50NS);  /*~50ns delay. */
 140              		.loc 1 153 0
 141 0028 0020     		movs	r0, #0
 142 002a FFF7FEFF 		bl	CyDelayUs
 143              	.LVL6:
 154:Generated_Source\PSoC5/USBUART_pm.c **** 
 155:Generated_Source\PSoC5/USBUART_pm.c ****         /* Disable the USBIO by asserting PM.USB_CR0.fsusbio_pd_n(Inverted) and pd_pullup_hv(Invert
 156:Generated_Source\PSoC5/USBUART_pm.c ****         USBUART_PM_USB_CR0_REG &= (uint8) ~(USBUART_PM_USB_CR0_PD_N |
 144              		.loc 1 156 0
 145 002e 234D     		ldr	r5, .L13+12
 146 0030 2B78     		ldrb	r3, [r5]	@ zero_extendqisi2
 147 0032 03F0F903 		and	r3, r3, #249
 148 0036 2B70     		strb	r3, [r5]
 157:Generated_Source\PSoC5/USBUART_pm.c ****                                                      USBUART_PM_USB_CR0_PD_PULLUP_N);
 158:Generated_Source\PSoC5/USBUART_pm.c **** 
 159:Generated_Source\PSoC5/USBUART_pm.c ****         /* Disable the SIE. */
 160:Generated_Source\PSoC5/USBUART_pm.c ****         USBUART_CR0_REG &= (uint8) ~USBUART_CR0_ENABLE;
 149              		.loc 1 160 0
 150 0038 1D4A     		ldr	r2, .L13
 151 003a 1378     		ldrb	r3, [r2]	@ zero_extendqisi2
 152 003c 03F07F03 		and	r3, r3, #127
 153 0040 1370     		strb	r3, [r2]
 161:Generated_Source\PSoC5/USBUART_pm.c **** 
 162:Generated_Source\PSoC5/USBUART_pm.c ****         CyDelayUs(USBUART_WAIT_REG_STABILITY_50NS);  /* ~50ns delay. */
 154              		.loc 1 162 0
 155 0042 0020     		movs	r0, #0
 156 0044 FFF7FEFF 		bl	CyDelayUs
 157              	.LVL7:
 163:Generated_Source\PSoC5/USBUART_pm.c ****         /* Store mode and disable VRegulator. */
 164:Generated_Source\PSoC5/USBUART_pm.c ****         USBUART_backup.mode = (uint8) (USBUART_CR1_REG & USBUART_CR1_REG_ENABLE);
 158              		.loc 1 164 0
 159 0048 1D4B     		ldr	r3, .L13+16
 160 004a 1A78     		ldrb	r2, [r3]	@ zero_extendqisi2
 161 004c 3240     		ands	r2, r2, r6
 162 004e 7A70     		strb	r2, [r7, #1]
 165:Generated_Source\PSoC5/USBUART_pm.c ****         USBUART_CR1_REG    &= (uint8) ~USBUART_CR1_REG_ENABLE;
 163              		.loc 1 165 0
 164 0050 1A78     		ldrb	r2, [r3]	@ zero_extendqisi2
 165 0052 02F0FE02 		and	r2, r2, #254
 166 0056 1A70     		strb	r2, [r3]
 166:Generated_Source\PSoC5/USBUART_pm.c **** 
 167:Generated_Source\PSoC5/USBUART_pm.c ****         CyDelayUs(USBUART_WAIT_REG_STABILITY_1US); /* min 0.5us delay required. */
 167              		.loc 1 167 0
 168 0058 3046     		mov	r0, r6
 169 005a FFF7FEFF 		bl	CyDelayUs
 170              	.LVL8:
 168:Generated_Source\PSoC5/USBUART_pm.c **** 
 169:Generated_Source\PSoC5/USBUART_pm.c ****         /* Disable the USBIO reference by setting PM.USB_CR0.fsusbio_ref_en.*/
 170:Generated_Source\PSoC5/USBUART_pm.c ****         USBUART_PM_USB_CR0_REG &= (uint8) ~USBUART_PM_USB_CR0_REF_EN;
 171              		.loc 1 170 0
 172 005e 2B78     		ldrb	r3, [r5]	@ zero_extendqisi2
ARM GAS  C:\Users\ingan\AppData\Local\Temp\ccNVaZ4J.s 			page 7


 173 0060 03F0FE03 		and	r3, r3, #254
 174 0064 2B70     		strb	r3, [r5]
 171:Generated_Source\PSoC5/USBUART_pm.c **** 
 172:Generated_Source\PSoC5/USBUART_pm.c ****         /* Switch DP and DM terminals to GPIO mode and disconnect 1.5k pull-up. */
 173:Generated_Source\PSoC5/USBUART_pm.c ****         USBUART_USBIO_CR1_REG |= USBUART_USBIO_CR1_IOMODE;
 175              		.loc 1 173 0
 176 0066 174A     		ldr	r2, .L13+20
 177 0068 1378     		ldrb	r3, [r2]	@ zero_extendqisi2
 178 006a 43F02003 		orr	r3, r3, #32
 179 006e 1370     		strb	r3, [r2]
 174:Generated_Source\PSoC5/USBUART_pm.c **** 
 175:Generated_Source\PSoC5/USBUART_pm.c ****         /* Disable USBFS block. */
 176:Generated_Source\PSoC5/USBUART_pm.c ****         /* Clear power active and standby mode templates: disable USB block. */
 177:Generated_Source\PSoC5/USBUART_pm.c ****         USBUART_PM_ACT_CFG_REG  &= (uint8) ~USBUART_PM_ACT_EN_FSUSB;
 180              		.loc 1 177 0
 181 0070 A2F5E352 		sub	r2, r2, #7264
 182 0074 0D3A     		subs	r2, r2, #13
 183 0076 1378     		ldrb	r3, [r2]	@ zero_extendqisi2
 184 0078 03F0FE03 		and	r3, r3, #254
 185 007c 1370     		strb	r3, [r2]
 178:Generated_Source\PSoC5/USBUART_pm.c ****         USBUART_PM_STBY_CFG_REG &= (uint8) ~USBUART_PM_STBY_EN_FSUSB;
 186              		.loc 1 178 0
 187 007e 1032     		adds	r2, r2, #16
 188 0080 1378     		ldrb	r3, [r2]	@ zero_extendqisi2
 189 0082 03F0FE03 		and	r3, r3, #254
 190 0086 1370     		strb	r3, [r2]
 179:Generated_Source\PSoC5/USBUART_pm.c **** 
 180:Generated_Source\PSoC5/USBUART_pm.c ****         CyDelayUs(USBUART_WAIT_REG_STABILITY_1US); /* min 0.5us delay required. */
 191              		.loc 1 180 0
 192 0088 3046     		mov	r0, r6
 193 008a FFF7FEFF 		bl	CyDelayUs
 194              	.LVL9:
 195 008e 02E0     		b	.L11
 196              	.L10:
 181:Generated_Source\PSoC5/USBUART_pm.c ****     #endif /* (CY_PSOC4) */
 182:Generated_Source\PSoC5/USBUART_pm.c ****     }
 183:Generated_Source\PSoC5/USBUART_pm.c ****     else
 184:Generated_Source\PSoC5/USBUART_pm.c ****     {
 185:Generated_Source\PSoC5/USBUART_pm.c ****         USBUART_backup.enableState = 0u;
 197              		.loc 1 185 0
 198 0090 0022     		movs	r2, #0
 199 0092 084B     		ldr	r3, .L13+4
 200 0094 1A70     		strb	r2, [r3]
 201              	.L11:
 186:Generated_Source\PSoC5/USBUART_pm.c ****     }
 187:Generated_Source\PSoC5/USBUART_pm.c **** 
 188:Generated_Source\PSoC5/USBUART_pm.c ****     CyExitCriticalSection(enableInterrupts);
 202              		.loc 1 188 0
 203 0096 2046     		mov	r0, r4
 204 0098 FFF7FEFF 		bl	CyExitCriticalSection
 205              	.LVL10:
 189:Generated_Source\PSoC5/USBUART_pm.c **** 
 190:Generated_Source\PSoC5/USBUART_pm.c **** #if (USBUART_DP_ISR_ACTIVE)
 191:Generated_Source\PSoC5/USBUART_pm.c ****     /* Clear active mode Dp interrupt source history. */
 192:Generated_Source\PSoC5/USBUART_pm.c ****     (void) USBUART_Dp_ClearInterrupt();
 206              		.loc 1 192 0
 207 009c FFF7FEFF 		bl	USBUART_Dp_ClearInterrupt
ARM GAS  C:\Users\ingan\AppData\Local\Temp\ccNVaZ4J.s 			page 8


 208              	.LVL11:
 193:Generated_Source\PSoC5/USBUART_pm.c ****     CyIntClearPending(USBUART_DP_INTC_VECT_NUM);
 209              		.loc 1 193 0
 210 00a0 4FF48053 		mov	r3, #4096
 211 00a4 084A     		ldr	r2, .L13+24
 212 00a6 1360     		str	r3, [r2]
 194:Generated_Source\PSoC5/USBUART_pm.c **** 
 195:Generated_Source\PSoC5/USBUART_pm.c ****     CyIntEnable      (USBUART_DP_INTC_VECT_NUM);
 213              		.loc 1 195 0
 214 00a8 A2F5C072 		sub	r2, r2, #384
 215 00ac 1360     		str	r3, [r2]
 216 00ae F8BD     		pop	{r3, r4, r5, r6, r7, pc}
 217              	.LVL12:
 218              	.L14:
 219              		.align	2
 220              	.L13:
 221 00b0 08600040 		.word	1073766408
 222 00b4 00000000 		.word	.LANCHOR0
 223 00b8 10600040 		.word	1073766416
 224 00bc 94430040 		.word	1073759124
 225 00c0 09600040 		.word	1073766409
 226 00c4 12600040 		.word	1073766418
 227 00c8 80E200E0 		.word	-536812928
 228              		.cfi_endproc
 229              	.LFE3:
 230              		.size	USBUART_Suspend, .-USBUART_Suspend
 231              		.section	.text.USBUART_Resume,"ax",%progbits
 232              		.align	2
 233              		.global	USBUART_Resume
 234              		.thumb
 235              		.thumb_func
 236              		.type	USBUART_Resume, %function
 237              	USBUART_Resume:
 238              	.LFB4:
 196:Generated_Source\PSoC5/USBUART_pm.c **** #endif /* (USBUART_DP_ISR_ACTIVE). */
 197:Generated_Source\PSoC5/USBUART_pm.c **** }
 198:Generated_Source\PSoC5/USBUART_pm.c **** 
 199:Generated_Source\PSoC5/USBUART_pm.c **** 
 200:Generated_Source\PSoC5/USBUART_pm.c **** /*******************************************************************************
 201:Generated_Source\PSoC5/USBUART_pm.c **** * Function Name: USBUART_Resume
 202:Generated_Source\PSoC5/USBUART_pm.c **** ****************************************************************************//**
 203:Generated_Source\PSoC5/USBUART_pm.c **** *
 204:Generated_Source\PSoC5/USBUART_pm.c **** *  This function prepares the USBFS component for active mode operation after 
 205:Generated_Source\PSoC5/USBUART_pm.c **** *  exit low power mode. It restores the component active mode configuration such 
 206:Generated_Source\PSoC5/USBUART_pm.c **** *  as device address assigned previously by the host, endpoints buffer and disables 
 207:Generated_Source\PSoC5/USBUART_pm.c **** *  interrupt on Dp pin.
 208:Generated_Source\PSoC5/USBUART_pm.c **** *  The supported low power modes are Deep Sleep (PSoC 4200L) and Sleep 
 209:Generated_Source\PSoC5/USBUART_pm.c **** *  (PSoC 3/ PSoC 5LP).
 210:Generated_Source\PSoC5/USBUART_pm.c **** *  
 211:Generated_Source\PSoC5/USBUART_pm.c **** *  *Note* For PSoC 4200L devices, this function should not be called after 
 212:Generated_Source\PSoC5/USBUART_pm.c **** *  exiting Sleep.
 213:Generated_Source\PSoC5/USBUART_pm.c **** *  
 214:Generated_Source\PSoC5/USBUART_pm.c **** *  *Note* To resume communication with the host, the data endpoints must be 
 215:Generated_Source\PSoC5/USBUART_pm.c **** *  managed: the OUT endpoints must be enabled and IN endpoints must be loaded 
 216:Generated_Source\PSoC5/USBUART_pm.c **** *  with data. For DMA with Automatic Buffer Management, all endpoints buffers 
 217:Generated_Source\PSoC5/USBUART_pm.c **** *  must be initialized again before making them available to the host.
 218:Generated_Source\PSoC5/USBUART_pm.c **** *
ARM GAS  C:\Users\ingan\AppData\Local\Temp\ccNVaZ4J.s 			page 9


 219:Generated_Source\PSoC5/USBUART_pm.c **** *
 220:Generated_Source\PSoC5/USBUART_pm.c **** * \globalvars
 221:Generated_Source\PSoC5/USBUART_pm.c **** *  USBUART_backup - checked.
 222:Generated_Source\PSoC5/USBUART_pm.c **** *
 223:Generated_Source\PSoC5/USBUART_pm.c **** * \reentrant
 224:Generated_Source\PSoC5/USBUART_pm.c **** *  No.
 225:Generated_Source\PSoC5/USBUART_pm.c **** *
 226:Generated_Source\PSoC5/USBUART_pm.c **** *******************************************************************************/
 227:Generated_Source\PSoC5/USBUART_pm.c **** void USBUART_Resume(void) 
 228:Generated_Source\PSoC5/USBUART_pm.c **** {
 239              		.loc 1 228 0
 240              		.cfi_startproc
 241              		@ args = 0, pretend = 0, frame = 0
 242              		@ frame_needed = 0, uses_anonymous_args = 0
 243 0000 38B5     		push	{r3, r4, r5, lr}
 244              		.cfi_def_cfa_offset 16
 245              		.cfi_offset 3, -16
 246              		.cfi_offset 4, -12
 247              		.cfi_offset 5, -8
 248              		.cfi_offset 14, -4
 229:Generated_Source\PSoC5/USBUART_pm.c ****     uint8 enableInterrupts;
 230:Generated_Source\PSoC5/USBUART_pm.c **** 
 231:Generated_Source\PSoC5/USBUART_pm.c ****     enableInterrupts = CyEnterCriticalSection();
 249              		.loc 1 231 0
 250 0002 FFF7FEFF 		bl	CyEnterCriticalSection
 251              	.LVL13:
 252 0006 0546     		mov	r5, r0
 253              	.LVL14:
 232:Generated_Source\PSoC5/USBUART_pm.c **** 
 233:Generated_Source\PSoC5/USBUART_pm.c ****     if (0u != USBUART_backup.enableState)
 254              		.loc 1 233 0
 255 0008 274B     		ldr	r3, .L18
 256 000a 1B78     		ldrb	r3, [r3]	@ zero_extendqisi2
 257 000c 002B     		cmp	r3, #0
 258 000e 46D0     		beq	.L16
 234:Generated_Source\PSoC5/USBUART_pm.c ****     {
 235:Generated_Source\PSoC5/USBUART_pm.c ****     #if (USBUART_DP_ISR_ACTIVE)
 236:Generated_Source\PSoC5/USBUART_pm.c ****         CyIntDisable(USBUART_DP_INTC_VECT_NUM);
 259              		.loc 1 236 0
 260 0010 4FF48052 		mov	r2, #4096
 261 0014 254B     		ldr	r3, .L18+4
 262 0016 1A60     		str	r2, [r3]
 237:Generated_Source\PSoC5/USBUART_pm.c ****     #endif /* (USBUART_DP_ISR_ACTIVE) */
 238:Generated_Source\PSoC5/USBUART_pm.c **** 
 239:Generated_Source\PSoC5/USBUART_pm.c ****     #if (CY_PSOC4)
 240:Generated_Source\PSoC5/USBUART_pm.c ****         /* Enable clock to USB IP. */
 241:Generated_Source\PSoC5/USBUART_pm.c ****         USBUART_USB_CLK_EN_REG |= USBUART_USB_CLK_CSR_CLK_EN;
 242:Generated_Source\PSoC5/USBUART_pm.c **** 
 243:Generated_Source\PSoC5/USBUART_pm.c ****         /* Restore arbiter configuration for DMA transfers. */
 244:Generated_Source\PSoC5/USBUART_pm.c ****         #if (USBUART_EP_MANAGEMENT_DMA)
 245:Generated_Source\PSoC5/USBUART_pm.c ****             #if (USBUART_ARB_ISR_ACTIVE)
 246:Generated_Source\PSoC5/USBUART_pm.c ****                 /* Enable ARB EP interrupt sources. */
 247:Generated_Source\PSoC5/USBUART_pm.c ****                 USBUART_ARB_INT_EN_REG = USBUART_DEFAULT_ARB_INT_EN;
 248:Generated_Source\PSoC5/USBUART_pm.c ****             #endif /* (USBUART_EP_MANAGEMENT_DMA) */
 249:Generated_Source\PSoC5/USBUART_pm.c **** 
 250:Generated_Source\PSoC5/USBUART_pm.c ****             /* Configure arbiter for Manual or Auto DMA operation and clear 
 251:Generated_Source\PSoC5/USBUART_pm.c ****             * configuration completion. 
ARM GAS  C:\Users\ingan\AppData\Local\Temp\ccNVaZ4J.s 			page 10


 252:Generated_Source\PSoC5/USBUART_pm.c ****             */
 253:Generated_Source\PSoC5/USBUART_pm.c ****             USBUART_ARB_CFG_REG = USBUART_DEFAULT_ARB_CFG;
 254:Generated_Source\PSoC5/USBUART_pm.c ****         #endif /* (USBUART_EP_MANAGEMENT_DMA) */
 255:Generated_Source\PSoC5/USBUART_pm.c **** 
 256:Generated_Source\PSoC5/USBUART_pm.c ****         /* Restore level (hi, lo, med) for each interrupt source. */
 257:Generated_Source\PSoC5/USBUART_pm.c ****         USBUART_INTR_LVL_SEL_REG = USBUART_DEFAULT_INTR_LVL_SEL;
 258:Generated_Source\PSoC5/USBUART_pm.c ****         
 259:Generated_Source\PSoC5/USBUART_pm.c ****         /* Store SIE interrupt sources. */
 260:Generated_Source\PSoC5/USBUART_pm.c ****         USBUART_INTR_SIE_MASK_REG = (uint32) USBUART_backup.intrSeiMask;
 261:Generated_Source\PSoC5/USBUART_pm.c **** 
 262:Generated_Source\PSoC5/USBUART_pm.c ****         /* Set EP0.CR: ACK Setup, NAK IN/OUT. */
 263:Generated_Source\PSoC5/USBUART_pm.c ****         USBUART_EP0_CR_REG = USBUART_MODE_NAK_IN_OUT;
 264:Generated_Source\PSoC5/USBUART_pm.c **** 
 265:Generated_Source\PSoC5/USBUART_pm.c ****         /* Restore data EP1-8 configuration. */
 266:Generated_Source\PSoC5/USBUART_pm.c ****         USBUART_RestoreConfig();
 267:Generated_Source\PSoC5/USBUART_pm.c **** 
 268:Generated_Source\PSoC5/USBUART_pm.c ****         /* Restore state of USB regulator and wait until it supples stable power. */
 269:Generated_Source\PSoC5/USBUART_pm.c ****         USBUART_CR1_REG |= USBUART_backup.mode;
 270:Generated_Source\PSoC5/USBUART_pm.c ****         CyDelayUs(USBUART_WAIT_VREF_STABILITY);
 271:Generated_Source\PSoC5/USBUART_pm.c **** 
 272:Generated_Source\PSoC5/USBUART_pm.c ****         /* Suspend exit sequence. */
 273:Generated_Source\PSoC5/USBUART_pm.c ****         USBUART_POWER_CTRL_REG &= (uint32) ~USBUART_POWER_CTRL_SUSPEND;
 274:Generated_Source\PSoC5/USBUART_pm.c ****         CyDelayUs(USBUART_WAIT_SUSPEND_DEL_DISABLE);
 275:Generated_Source\PSoC5/USBUART_pm.c ****         USBUART_POWER_CTRL_REG &= (uint32) ~USBUART_POWER_CTRL_SUSPEND_DEL;
 276:Generated_Source\PSoC5/USBUART_pm.c **** 
 277:Generated_Source\PSoC5/USBUART_pm.c ****     #else
 278:Generated_Source\PSoC5/USBUART_pm.c ****         /* Set power active and standby mode templates: enable USB block. */
 279:Generated_Source\PSoC5/USBUART_pm.c ****         USBUART_PM_ACT_CFG_REG  |= USBUART_PM_ACT_EN_FSUSB;
 263              		.loc 1 279 0
 264 0018 254A     		ldr	r2, .L18+8
 265 001a 1378     		ldrb	r3, [r2]	@ zero_extendqisi2
 266 001c 43F00103 		orr	r3, r3, #1
 267 0020 1370     		strb	r3, [r2]
 280:Generated_Source\PSoC5/USBUART_pm.c ****         USBUART_PM_STBY_CFG_REG |= USBUART_PM_STBY_EN_FSUSB;
 268              		.loc 1 280 0
 269 0022 1032     		adds	r2, r2, #16
 270 0024 1378     		ldrb	r3, [r2]	@ zero_extendqisi2
 271 0026 43F00103 		orr	r3, r3, #1
 272 002a 1370     		strb	r3, [r2]
 281:Generated_Source\PSoC5/USBUART_pm.c **** 
 282:Generated_Source\PSoC5/USBUART_pm.c ****         /* Enable core clock. */
 283:Generated_Source\PSoC5/USBUART_pm.c ****         USBUART_USB_CLK_EN_REG |= USBUART_USB_CLK_ENABLE;
 273              		.loc 1 283 0
 274 002c 02F5E752 		add	r2, r2, #7392
 275 0030 0832     		adds	r2, r2, #8
 276 0032 1378     		ldrb	r3, [r2]	@ zero_extendqisi2
 277 0034 43F00103 		orr	r3, r3, #1
 278 0038 1370     		strb	r3, [r2]
 284:Generated_Source\PSoC5/USBUART_pm.c **** 
 285:Generated_Source\PSoC5/USBUART_pm.c ****         /* Enable the USBIO reference by setting PM.USB_CR0.fsusbio_ref_en.*/
 286:Generated_Source\PSoC5/USBUART_pm.c ****         USBUART_PM_USB_CR0_REG |= USBUART_PM_USB_CR0_REF_EN;
 279              		.loc 1 286 0
 280 003a 1E4C     		ldr	r4, .L18+12
 281 003c 2378     		ldrb	r3, [r4]	@ zero_extendqisi2
 282 003e 43F00103 		orr	r3, r3, #1
 283 0042 2370     		strb	r3, [r4]
 287:Generated_Source\PSoC5/USBUART_pm.c **** 
ARM GAS  C:\Users\ingan\AppData\Local\Temp\ccNVaZ4J.s 			page 11


 288:Generated_Source\PSoC5/USBUART_pm.c ****         /* The reference is available ~40us after power restored. */
 289:Generated_Source\PSoC5/USBUART_pm.c ****         CyDelayUs(USBUART_WAIT_VREF_RESTORE);
 284              		.loc 1 289 0
 285 0044 2820     		movs	r0, #40
 286 0046 FFF7FEFF 		bl	CyDelayUs
 287              	.LVL15:
 290:Generated_Source\PSoC5/USBUART_pm.c ****         /* Restore state of USB regulator and wait until it supples stable power. */
 291:Generated_Source\PSoC5/USBUART_pm.c ****         USBUART_CR1_REG |= USBUART_backup.mode;
 288              		.loc 1 291 0
 289 004a 1B4A     		ldr	r2, .L18+16
 290 004c 1178     		ldrb	r1, [r2]	@ zero_extendqisi2
 291 004e 164B     		ldr	r3, .L18
 292 0050 5B78     		ldrb	r3, [r3, #1]	@ zero_extendqisi2
 293 0052 0B43     		orrs	r3, r3, r1
 294 0054 1370     		strb	r3, [r2]
 292:Generated_Source\PSoC5/USBUART_pm.c ****         CyDelayUs(USBUART_WAIT_VREF_STABILITY);   /*~50ns delay. */
 295              		.loc 1 292 0
 296 0056 0020     		movs	r0, #0
 297 0058 FFF7FEFF 		bl	CyDelayUs
 298              	.LVL16:
 293:Generated_Source\PSoC5/USBUART_pm.c **** 
 294:Generated_Source\PSoC5/USBUART_pm.c ****         /* Enable USBIO. */
 295:Generated_Source\PSoC5/USBUART_pm.c ****         USBUART_PM_USB_CR0_REG |= USBUART_PM_USB_CR0_PD_N;
 299              		.loc 1 295 0
 300 005c 2378     		ldrb	r3, [r4]	@ zero_extendqisi2
 301 005e 43F00203 		orr	r3, r3, #2
 302 0062 2370     		strb	r3, [r4]
 296:Generated_Source\PSoC5/USBUART_pm.c ****         CyDelayUs(USBUART_WAIT_PD_PULLUP_N_ENABLE);
 303              		.loc 1 296 0
 304 0064 0220     		movs	r0, #2
 305 0066 FFF7FEFF 		bl	CyDelayUs
 306              	.LVL17:
 297:Generated_Source\PSoC5/USBUART_pm.c ****         /* Set the USBIO pull-up enable. */
 298:Generated_Source\PSoC5/USBUART_pm.c ****         USBUART_PM_USB_CR0_REG |= USBUART_PM_USB_CR0_PD_PULLUP_N;
 307              		.loc 1 298 0
 308 006a 2378     		ldrb	r3, [r4]	@ zero_extendqisi2
 309 006c 43F00403 		orr	r3, r3, #4
 310 0070 2370     		strb	r3, [r4]
 299:Generated_Source\PSoC5/USBUART_pm.c **** 
 300:Generated_Source\PSoC5/USBUART_pm.c ****         /* Restore arbiter configuration for DMA transfers. */
 301:Generated_Source\PSoC5/USBUART_pm.c ****         #if (USBUART_EP_MANAGEMENT_DMA)
 302:Generated_Source\PSoC5/USBUART_pm.c ****             #if (USBUART_ARB_ISR_ACTIVE)
 303:Generated_Source\PSoC5/USBUART_pm.c ****                 /* Enable ARB EP interrupt sources. */
 304:Generated_Source\PSoC5/USBUART_pm.c ****                 USBUART_ARB_INT_EN_REG = USBUART_DEFAULT_ARB_INT_EN;
 311              		.loc 1 304 0
 312 0072 0722     		movs	r2, #7
 313 0074 114B     		ldr	r3, .L18+20
 314 0076 1A70     		strb	r2, [r3]
 305:Generated_Source\PSoC5/USBUART_pm.c ****             #endif /* (USBUART_EP_MANAGEMENT_DMA) */
 306:Generated_Source\PSoC5/USBUART_pm.c **** 
 307:Generated_Source\PSoC5/USBUART_pm.c ****             /* Configure arbiter for Manual or Auto DMA operation and clear 
 308:Generated_Source\PSoC5/USBUART_pm.c ****             * configuration completion. 
 309:Generated_Source\PSoC5/USBUART_pm.c ****             */
 310:Generated_Source\PSoC5/USBUART_pm.c ****             USBUART_ARB_CFG_REG = USBUART_DEFAULT_ARB_CFG;
 315              		.loc 1 310 0
 316 0078 2022     		movs	r2, #32
 317 007a 023B     		subs	r3, r3, #2
ARM GAS  C:\Users\ingan\AppData\Local\Temp\ccNVaZ4J.s 			page 12


 318 007c 1A70     		strb	r2, [r3]
 311:Generated_Source\PSoC5/USBUART_pm.c ****         #endif /* (USBUART_EP_MANAGEMENT_DMA) */
 312:Generated_Source\PSoC5/USBUART_pm.c **** 
 313:Generated_Source\PSoC5/USBUART_pm.c ****         /* Set EP0.CR: ACK Setup, STALL IN/OUT. */
 314:Generated_Source\PSoC5/USBUART_pm.c ****         USBUART_EP0_CR_REG = USBUART_MODE_STALL_IN_OUT;
 319              		.loc 1 314 0
 320 007e 0322     		movs	r2, #3
 321 0080 743B     		subs	r3, r3, #116
 322 0082 1A70     		strb	r2, [r3]
 315:Generated_Source\PSoC5/USBUART_pm.c **** 
 316:Generated_Source\PSoC5/USBUART_pm.c ****         /* Enable the USB IP to respond to USB traffic with the last address. */
 317:Generated_Source\PSoC5/USBUART_pm.c ****         USBUART_CR0_REG |= USBUART_CR0_ENABLE;
 323              		.loc 1 317 0
 324 0084 0E4A     		ldr	r2, .L18+24
 325 0086 1378     		ldrb	r3, [r2]	@ zero_extendqisi2
 326 0088 43F08003 		orr	r3, r3, #128
 327 008c 1370     		strb	r3, [r2]
 318:Generated_Source\PSoC5/USBUART_pm.c ****         CyDelayCycles(USBUART_WAIT_CR0_REG_STABILITY);
 328              		.loc 1 318 0
 329 008e 0120     		movs	r0, #1
 330 0090 FFF7FEFF 		bl	CyDelayCycles
 331              	.LVL18:
 319:Generated_Source\PSoC5/USBUART_pm.c **** 
 320:Generated_Source\PSoC5/USBUART_pm.c ****         /* Enable D+ pull-up and keep USB control on IO. */
 321:Generated_Source\PSoC5/USBUART_pm.c ****         USBUART_USBIO_CR1_REG = USBUART_USBIO_CR1_USBPUEN;
 332              		.loc 1 321 0
 333 0094 0422     		movs	r2, #4
 334 0096 0B4B     		ldr	r3, .L18+28
 335 0098 1A70     		strb	r2, [r3]
 322:Generated_Source\PSoC5/USBUART_pm.c **** 
 323:Generated_Source\PSoC5/USBUART_pm.c ****         /* Restore data EP1-8 configuration. */
 324:Generated_Source\PSoC5/USBUART_pm.c ****         USBUART_RestoreConfig();
 336              		.loc 1 324 0
 337 009a FFF7FEFF 		bl	USBUART_RestoreConfig
 338              	.LVL19:
 339              	.L16:
 325:Generated_Source\PSoC5/USBUART_pm.c ****     #endif /* (CY_PSOC4) */
 326:Generated_Source\PSoC5/USBUART_pm.c ****     }
 327:Generated_Source\PSoC5/USBUART_pm.c **** 
 328:Generated_Source\PSoC5/USBUART_pm.c ****     CyExitCriticalSection(enableInterrupts);
 340              		.loc 1 328 0
 341 009e 2846     		mov	r0, r5
 342 00a0 FFF7FEFF 		bl	CyExitCriticalSection
 343              	.LVL20:
 344 00a4 38BD     		pop	{r3, r4, r5, pc}
 345              	.LVL21:
 346              	.L19:
 347 00a6 00BF     		.align	2
 348              	.L18:
 349 00a8 00000000 		.word	.LANCHOR0
 350 00ac 80E100E0 		.word	-536813184
 351 00b0 A5430040 		.word	1073759141
 352 00b4 94430040 		.word	1073759124
 353 00b8 09600040 		.word	1073766409
 354 00bc 9E600040 		.word	1073766558
 355 00c0 08600040 		.word	1073766408
 356 00c4 12600040 		.word	1073766418
ARM GAS  C:\Users\ingan\AppData\Local\Temp\ccNVaZ4J.s 			page 13


 357              		.cfi_endproc
 358              	.LFE4:
 359              		.size	USBUART_Resume, .-USBUART_Resume
 360              		.bss
 361              		.align	2
 362              		.set	.LANCHOR0,. + 0
 363              		.type	USBUART_backup, %object
 364              		.size	USBUART_backup, 2
 365              	USBUART_backup:
 366 0000 0000     		.space	2
 367              		.text
 368              	.Letext0:
 369              		.file 2 "Generated_Source\\PSoC5\\cytypes.h"
 370              		.file 3 "Generated_Source\\PSoC5\\USBUART.h"
 371              		.file 4 "Generated_Source\\PSoC5\\USBUART_Dp.h"
 372              		.file 5 "Generated_Source\\PSoC5\\USBUART_pvt.h"
 373              		.file 6 "Generated_Source\\PSoC5\\CyLib.h"
 374              		.section	.debug_info,"",%progbits
 375              	.Ldebug_info0:
 376 0000 FF020000 		.4byte	0x2ff
 377 0004 0400     		.2byte	0x4
 378 0006 00000000 		.4byte	.Ldebug_abbrev0
 379 000a 04       		.byte	0x4
 380 000b 01       		.uleb128 0x1
 381 000c 6F000000 		.4byte	.LASF35
 382 0010 0C       		.byte	0xc
 383 0011 87020000 		.4byte	.LASF36
 384 0015 23000000 		.4byte	.LASF37
 385 0019 00000000 		.4byte	.Ldebug_ranges0+0
 386 001d 00000000 		.4byte	0
 387 0021 00000000 		.4byte	.Ldebug_line0
 388 0025 02       		.uleb128 0x2
 389 0026 01       		.byte	0x1
 390 0027 06       		.byte	0x6
 391 0028 DC020000 		.4byte	.LASF0
 392 002c 02       		.uleb128 0x2
 393 002d 01       		.byte	0x1
 394 002e 08       		.byte	0x8
 395 002f 56010000 		.4byte	.LASF1
 396 0033 02       		.uleb128 0x2
 397 0034 02       		.byte	0x2
 398 0035 05       		.byte	0x5
 399 0036 7D020000 		.4byte	.LASF2
 400 003a 02       		.uleb128 0x2
 401 003b 02       		.byte	0x2
 402 003c 07       		.byte	0x7
 403 003d FD000000 		.4byte	.LASF3
 404 0041 02       		.uleb128 0x2
 405 0042 04       		.byte	0x4
 406 0043 05       		.byte	0x5
 407 0044 BB020000 		.4byte	.LASF4
 408 0048 02       		.uleb128 0x2
 409 0049 04       		.byte	0x4
 410 004a 07       		.byte	0x7
 411 004b 7F010000 		.4byte	.LASF5
 412 004f 02       		.uleb128 0x2
 413 0050 08       		.byte	0x8
ARM GAS  C:\Users\ingan\AppData\Local\Temp\ccNVaZ4J.s 			page 14


 414 0051 05       		.byte	0x5
 415 0052 54020000 		.4byte	.LASF6
 416 0056 02       		.uleb128 0x2
 417 0057 08       		.byte	0x8
 418 0058 07       		.byte	0x7
 419 0059 3F010000 		.4byte	.LASF7
 420 005d 03       		.uleb128 0x3
 421 005e 04       		.byte	0x4
 422 005f 05       		.byte	0x5
 423 0060 696E7400 		.ascii	"int\000"
 424 0064 02       		.uleb128 0x2
 425 0065 04       		.byte	0x4
 426 0066 07       		.byte	0x7
 427 0067 E6010000 		.4byte	.LASF8
 428 006b 04       		.uleb128 0x4
 429 006c 91010000 		.4byte	.LASF9
 430 0070 02       		.byte	0x2
 431 0071 E401     		.2byte	0x1e4
 432 0073 2C000000 		.4byte	0x2c
 433 0077 04       		.uleb128 0x4
 434 0078 C8010000 		.4byte	.LASF10
 435 007c 02       		.byte	0x2
 436 007d E601     		.2byte	0x1e6
 437 007f 48000000 		.4byte	0x48
 438 0083 02       		.uleb128 0x2
 439 0084 04       		.byte	0x4
 440 0085 04       		.byte	0x4
 441 0086 39010000 		.4byte	.LASF11
 442 008a 02       		.uleb128 0x2
 443 008b 08       		.byte	0x8
 444 008c 04       		.byte	0x4
 445 008d B7010000 		.4byte	.LASF12
 446 0091 02       		.uleb128 0x2
 447 0092 01       		.byte	0x1
 448 0093 08       		.byte	0x8
 449 0094 62020000 		.4byte	.LASF13
 450 0098 04       		.uleb128 0x4
 451 0099 64010000 		.4byte	.LASF14
 452 009d 02       		.byte	0x2
 453 009e 8E02     		.2byte	0x28e
 454 00a0 A4000000 		.4byte	0xa4
 455 00a4 05       		.uleb128 0x5
 456 00a5 6B000000 		.4byte	0x6b
 457 00a9 04       		.uleb128 0x4
 458 00aa 1D000000 		.4byte	.LASF15
 459 00ae 02       		.byte	0x2
 460 00af 9002     		.2byte	0x290
 461 00b1 B5000000 		.4byte	0xb5
 462 00b5 05       		.uleb128 0x5
 463 00b6 77000000 		.4byte	0x77
 464 00ba 02       		.uleb128 0x2
 465 00bb 08       		.byte	0x8
 466 00bc 04       		.byte	0x4
 467 00bd D0020000 		.4byte	.LASF16
 468 00c1 02       		.uleb128 0x2
 469 00c2 04       		.byte	0x4
 470 00c3 07       		.byte	0x7
ARM GAS  C:\Users\ingan\AppData\Local\Temp\ccNVaZ4J.s 			page 15


 471 00c4 31020000 		.4byte	.LASF17
 472 00c8 06       		.uleb128 0x6
 473 00c9 02       		.byte	0x2
 474 00ca 03       		.byte	0x3
 475 00cb B8       		.byte	0xb8
 476 00cc E9000000 		.4byte	0xe9
 477 00d0 07       		.uleb128 0x7
 478 00d1 C4020000 		.4byte	.LASF18
 479 00d5 03       		.byte	0x3
 480 00d6 BA       		.byte	0xba
 481 00d7 6B000000 		.4byte	0x6b
 482 00db 00       		.byte	0
 483 00dc 07       		.uleb128 0x7
 484 00dd 09020000 		.4byte	.LASF19
 485 00e1 03       		.byte	0x3
 486 00e2 BB       		.byte	0xbb
 487 00e3 6B000000 		.4byte	0x6b
 488 00e7 01       		.byte	0x1
 489 00e8 00       		.byte	0
 490 00e9 08       		.uleb128 0x8
 491 00ea 10010000 		.4byte	.LASF20
 492 00ee 03       		.byte	0x3
 493 00ef BF       		.byte	0xbf
 494 00f0 C8000000 		.4byte	0xc8
 495 00f4 09       		.uleb128 0x9
 496 00f5 00000000 		.4byte	.LASF21
 497 00f9 01       		.byte	0x1
 498 00fa 2B       		.byte	0x2b
 499 00fb 00000000 		.4byte	.LFB0
 500 00ff 08000000 		.4byte	.LFE0-.LFB0
 501 0103 01       		.uleb128 0x1
 502 0104 9C       		.byte	0x9c
 503 0105 13010000 		.4byte	0x113
 504 0109 0A       		.uleb128 0xa
 505 010a 06000000 		.4byte	.LVL0
 506 010e A9020000 		.4byte	0x2a9
 507 0112 00       		.byte	0
 508 0113 0B       		.uleb128 0xb
 509 0114 26010000 		.4byte	.LASF38
 510 0118 01       		.byte	0x1
 511 0119 48       		.byte	0x48
 512 011a 00000000 		.4byte	.LFB1
 513 011e 02000000 		.4byte	.LFE1-.LFB1
 514 0122 01       		.uleb128 0x1
 515 0123 9C       		.byte	0x9c
 516 0124 09       		.uleb128 0x9
 517 0125 69010000 		.4byte	.LASF22
 518 0129 01       		.byte	0x1
 519 012a 58       		.byte	0x58
 520 012b 00000000 		.4byte	.LFB2
 521 012f 1C000000 		.4byte	.LFE2-.LFB2
 522 0133 01       		.uleb128 0x1
 523 0134 9C       		.byte	0x9c
 524 0135 4C010000 		.4byte	0x14c
 525 0139 0A       		.uleb128 0xa
 526 013a 10000000 		.4byte	.LVL1
 527 013e B4020000 		.4byte	0x2b4
ARM GAS  C:\Users\ingan\AppData\Local\Temp\ccNVaZ4J.s 			page 16


 528 0142 0A       		.uleb128 0xa
 529 0143 14000000 		.4byte	.LVL2
 530 0147 BF020000 		.4byte	0x2bf
 531 014b 00       		.byte	0
 532 014c 09       		.uleb128 0x9
 533 014d AB020000 		.4byte	.LASF23
 534 0151 01       		.byte	0x1
 535 0152 7B       		.byte	0x7b
 536 0153 00000000 		.4byte	.LFB3
 537 0157 CC000000 		.4byte	.LFE3-.LFB3
 538 015b 01       		.uleb128 0x1
 539 015c 9C       		.byte	0x9c
 540 015d F8010000 		.4byte	0x1f8
 541 0161 0C       		.uleb128 0xc
 542 0162 97010000 		.4byte	.LASF25
 543 0166 01       		.byte	0x1
 544 0167 7D       		.byte	0x7d
 545 0168 6B000000 		.4byte	0x6b
 546 016c 00000000 		.4byte	.LLST0
 547 0170 0A       		.uleb128 0xa
 548 0171 06000000 		.4byte	.LVL3
 549 0175 CA020000 		.4byte	0x2ca
 550 0179 0D       		.uleb128 0xd
 551 017a 1E000000 		.4byte	.LVL5
 552 017e D5020000 		.4byte	0x2d5
 553 0182 8C010000 		.4byte	0x18c
 554 0186 0E       		.uleb128 0xe
 555 0187 01       		.uleb128 0x1
 556 0188 50       		.byte	0x50
 557 0189 01       		.uleb128 0x1
 558 018a 39       		.byte	0x39
 559 018b 00       		.byte	0
 560 018c 0D       		.uleb128 0xd
 561 018d 2E000000 		.4byte	.LVL6
 562 0191 E1020000 		.4byte	0x2e1
 563 0195 9F010000 		.4byte	0x19f
 564 0199 0E       		.uleb128 0xe
 565 019a 01       		.uleb128 0x1
 566 019b 50       		.byte	0x50
 567 019c 01       		.uleb128 0x1
 568 019d 30       		.byte	0x30
 569 019e 00       		.byte	0
 570 019f 0D       		.uleb128 0xd
 571 01a0 48000000 		.4byte	.LVL7
 572 01a4 E1020000 		.4byte	0x2e1
 573 01a8 B2010000 		.4byte	0x1b2
 574 01ac 0E       		.uleb128 0xe
 575 01ad 01       		.uleb128 0x1
 576 01ae 50       		.byte	0x50
 577 01af 01       		.uleb128 0x1
 578 01b0 30       		.byte	0x30
 579 01b1 00       		.byte	0
 580 01b2 0D       		.uleb128 0xd
 581 01b3 5E000000 		.4byte	.LVL8
 582 01b7 E1020000 		.4byte	0x2e1
 583 01bb C6010000 		.4byte	0x1c6
 584 01bf 0E       		.uleb128 0xe
ARM GAS  C:\Users\ingan\AppData\Local\Temp\ccNVaZ4J.s 			page 17


 585 01c0 01       		.uleb128 0x1
 586 01c1 50       		.byte	0x50
 587 01c2 02       		.uleb128 0x2
 588 01c3 76       		.byte	0x76
 589 01c4 00       		.sleb128 0
 590 01c5 00       		.byte	0
 591 01c6 0D       		.uleb128 0xd
 592 01c7 8E000000 		.4byte	.LVL9
 593 01cb E1020000 		.4byte	0x2e1
 594 01cf DA010000 		.4byte	0x1da
 595 01d3 0E       		.uleb128 0xe
 596 01d4 01       		.uleb128 0x1
 597 01d5 50       		.byte	0x50
 598 01d6 02       		.uleb128 0x2
 599 01d7 76       		.byte	0x76
 600 01d8 00       		.sleb128 0
 601 01d9 00       		.byte	0
 602 01da 0D       		.uleb128 0xd
 603 01db 9C000000 		.4byte	.LVL10
 604 01df EC020000 		.4byte	0x2ec
 605 01e3 EE010000 		.4byte	0x1ee
 606 01e7 0E       		.uleb128 0xe
 607 01e8 01       		.uleb128 0x1
 608 01e9 50       		.byte	0x50
 609 01ea 02       		.uleb128 0x2
 610 01eb 74       		.byte	0x74
 611 01ec 00       		.sleb128 0
 612 01ed 00       		.byte	0
 613 01ee 0A       		.uleb128 0xa
 614 01ef A0000000 		.4byte	.LVL11
 615 01f3 A9020000 		.4byte	0x2a9
 616 01f7 00       		.byte	0
 617 01f8 09       		.uleb128 0x9
 618 01f9 E8020000 		.4byte	.LASF24
 619 01fd 01       		.byte	0x1
 620 01fe E3       		.byte	0xe3
 621 01ff 00000000 		.4byte	.LFB4
 622 0203 C8000000 		.4byte	.LFE4-.LFB4
 623 0207 01       		.uleb128 0x1
 624 0208 9C       		.byte	0x9c
 625 0209 8C020000 		.4byte	0x28c
 626 020d 0C       		.uleb128 0xc
 627 020e 97010000 		.4byte	.LASF25
 628 0212 01       		.byte	0x1
 629 0213 E5       		.byte	0xe5
 630 0214 6B000000 		.4byte	0x6b
 631 0218 13000000 		.4byte	.LLST1
 632 021c 0A       		.uleb128 0xa
 633 021d 06000000 		.4byte	.LVL13
 634 0221 CA020000 		.4byte	0x2ca
 635 0225 0D       		.uleb128 0xd
 636 0226 4A000000 		.4byte	.LVL15
 637 022a E1020000 		.4byte	0x2e1
 638 022e 39020000 		.4byte	0x239
 639 0232 0E       		.uleb128 0xe
 640 0233 01       		.uleb128 0x1
 641 0234 50       		.byte	0x50
ARM GAS  C:\Users\ingan\AppData\Local\Temp\ccNVaZ4J.s 			page 18


 642 0235 02       		.uleb128 0x2
 643 0236 08       		.byte	0x8
 644 0237 28       		.byte	0x28
 645 0238 00       		.byte	0
 646 0239 0D       		.uleb128 0xd
 647 023a 5C000000 		.4byte	.LVL16
 648 023e E1020000 		.4byte	0x2e1
 649 0242 4C020000 		.4byte	0x24c
 650 0246 0E       		.uleb128 0xe
 651 0247 01       		.uleb128 0x1
 652 0248 50       		.byte	0x50
 653 0249 01       		.uleb128 0x1
 654 024a 30       		.byte	0x30
 655 024b 00       		.byte	0
 656 024c 0D       		.uleb128 0xd
 657 024d 6A000000 		.4byte	.LVL17
 658 0251 E1020000 		.4byte	0x2e1
 659 0255 5F020000 		.4byte	0x25f
 660 0259 0E       		.uleb128 0xe
 661 025a 01       		.uleb128 0x1
 662 025b 50       		.byte	0x50
 663 025c 01       		.uleb128 0x1
 664 025d 32       		.byte	0x32
 665 025e 00       		.byte	0
 666 025f 0D       		.uleb128 0xd
 667 0260 94000000 		.4byte	.LVL18
 668 0264 F7020000 		.4byte	0x2f7
 669 0268 72020000 		.4byte	0x272
 670 026c 0E       		.uleb128 0xe
 671 026d 01       		.uleb128 0x1
 672 026e 50       		.byte	0x50
 673 026f 01       		.uleb128 0x1
 674 0270 31       		.byte	0x31
 675 0271 00       		.byte	0
 676 0272 0A       		.uleb128 0xa
 677 0273 9E000000 		.4byte	.LVL19
 678 0277 24010000 		.4byte	0x124
 679 027b 0F       		.uleb128 0xf
 680 027c A4000000 		.4byte	.LVL20
 681 0280 EC020000 		.4byte	0x2ec
 682 0284 0E       		.uleb128 0xe
 683 0285 01       		.uleb128 0x1
 684 0286 50       		.byte	0x50
 685 0287 02       		.uleb128 0x2
 686 0288 75       		.byte	0x75
 687 0289 00       		.sleb128 0
 688 028a 00       		.byte	0
 689 028b 00       		.byte	0
 690 028c 10       		.uleb128 0x10
 691 028d A8010000 		.4byte	.LASF26
 692 0291 01       		.byte	0x1
 693 0292 20       		.byte	0x20
 694 0293 E9000000 		.4byte	0xe9
 695 0297 05       		.uleb128 0x5
 696 0298 03       		.byte	0x3
 697 0299 00000000 		.4byte	USBUART_backup
 698 029d 11       		.uleb128 0x11
ARM GAS  C:\Users\ingan\AppData\Local\Temp\ccNVaZ4J.s 			page 19


 699 029e 67020000 		.4byte	.LASF39
 700 02a2 03       		.byte	0x3
 701 02a3 D402     		.2byte	0x2d4
 702 02a5 A4000000 		.4byte	0xa4
 703 02a9 12       		.uleb128 0x12
 704 02aa 3A020000 		.4byte	.LASF27
 705 02ae 3A020000 		.4byte	.LASF27
 706 02b2 04       		.byte	0x4
 707 02b3 2B       		.byte	0x2b
 708 02b4 12       		.uleb128 0x12
 709 02b5 1F020000 		.4byte	.LASF28
 710 02b9 1F020000 		.4byte	.LASF28
 711 02bd 05       		.byte	0x5
 712 02be BB       		.byte	0xbb
 713 02bf 12       		.uleb128 0x12
 714 02c0 F7020000 		.4byte	.LASF29
 715 02c4 F7020000 		.4byte	.LASF29
 716 02c8 05       		.byte	0x5
 717 02c9 BC       		.byte	0xbc
 718 02ca 12       		.uleb128 0x12
 719 02cb CF010000 		.4byte	.LASF30
 720 02cf CF010000 		.4byte	.LASF30
 721 02d3 06       		.byte	0x6
 722 02d4 7D       		.byte	0x7d
 723 02d5 13       		.uleb128 0x13
 724 02d6 0E020000 		.4byte	.LASF31
 725 02da 0E020000 		.4byte	.LASF31
 726 02de 03       		.byte	0x3
 727 02df 5701     		.2byte	0x157
 728 02e1 12       		.uleb128 0x12
 729 02e2 BE010000 		.4byte	.LASF32
 730 02e6 BE010000 		.4byte	.LASF32
 731 02ea 06       		.byte	0x6
 732 02eb 77       		.byte	0x77
 733 02ec 12       		.uleb128 0x12
 734 02ed F3010000 		.4byte	.LASF33
 735 02f1 F3010000 		.4byte	.LASF33
 736 02f5 06       		.byte	0x6
 737 02f6 7E       		.byte	0x7e
 738 02f7 12       		.uleb128 0x12
 739 02f8 0F000000 		.4byte	.LASF34
 740 02fc 0F000000 		.4byte	.LASF34
 741 0300 06       		.byte	0x6
 742 0301 79       		.byte	0x79
 743 0302 00       		.byte	0
 744              		.section	.debug_abbrev,"",%progbits
 745              	.Ldebug_abbrev0:
 746 0000 01       		.uleb128 0x1
 747 0001 11       		.uleb128 0x11
 748 0002 01       		.byte	0x1
 749 0003 25       		.uleb128 0x25
 750 0004 0E       		.uleb128 0xe
 751 0005 13       		.uleb128 0x13
 752 0006 0B       		.uleb128 0xb
 753 0007 03       		.uleb128 0x3
 754 0008 0E       		.uleb128 0xe
 755 0009 1B       		.uleb128 0x1b
ARM GAS  C:\Users\ingan\AppData\Local\Temp\ccNVaZ4J.s 			page 20


 756 000a 0E       		.uleb128 0xe
 757 000b 55       		.uleb128 0x55
 758 000c 17       		.uleb128 0x17
 759 000d 11       		.uleb128 0x11
 760 000e 01       		.uleb128 0x1
 761 000f 10       		.uleb128 0x10
 762 0010 17       		.uleb128 0x17
 763 0011 00       		.byte	0
 764 0012 00       		.byte	0
 765 0013 02       		.uleb128 0x2
 766 0014 24       		.uleb128 0x24
 767 0015 00       		.byte	0
 768 0016 0B       		.uleb128 0xb
 769 0017 0B       		.uleb128 0xb
 770 0018 3E       		.uleb128 0x3e
 771 0019 0B       		.uleb128 0xb
 772 001a 03       		.uleb128 0x3
 773 001b 0E       		.uleb128 0xe
 774 001c 00       		.byte	0
 775 001d 00       		.byte	0
 776 001e 03       		.uleb128 0x3
 777 001f 24       		.uleb128 0x24
 778 0020 00       		.byte	0
 779 0021 0B       		.uleb128 0xb
 780 0022 0B       		.uleb128 0xb
 781 0023 3E       		.uleb128 0x3e
 782 0024 0B       		.uleb128 0xb
 783 0025 03       		.uleb128 0x3
 784 0026 08       		.uleb128 0x8
 785 0027 00       		.byte	0
 786 0028 00       		.byte	0
 787 0029 04       		.uleb128 0x4
 788 002a 16       		.uleb128 0x16
 789 002b 00       		.byte	0
 790 002c 03       		.uleb128 0x3
 791 002d 0E       		.uleb128 0xe
 792 002e 3A       		.uleb128 0x3a
 793 002f 0B       		.uleb128 0xb
 794 0030 3B       		.uleb128 0x3b
 795 0031 05       		.uleb128 0x5
 796 0032 49       		.uleb128 0x49
 797 0033 13       		.uleb128 0x13
 798 0034 00       		.byte	0
 799 0035 00       		.byte	0
 800 0036 05       		.uleb128 0x5
 801 0037 35       		.uleb128 0x35
 802 0038 00       		.byte	0
 803 0039 49       		.uleb128 0x49
 804 003a 13       		.uleb128 0x13
 805 003b 00       		.byte	0
 806 003c 00       		.byte	0
 807 003d 06       		.uleb128 0x6
 808 003e 13       		.uleb128 0x13
 809 003f 01       		.byte	0x1
 810 0040 0B       		.uleb128 0xb
 811 0041 0B       		.uleb128 0xb
 812 0042 3A       		.uleb128 0x3a
ARM GAS  C:\Users\ingan\AppData\Local\Temp\ccNVaZ4J.s 			page 21


 813 0043 0B       		.uleb128 0xb
 814 0044 3B       		.uleb128 0x3b
 815 0045 0B       		.uleb128 0xb
 816 0046 01       		.uleb128 0x1
 817 0047 13       		.uleb128 0x13
 818 0048 00       		.byte	0
 819 0049 00       		.byte	0
 820 004a 07       		.uleb128 0x7
 821 004b 0D       		.uleb128 0xd
 822 004c 00       		.byte	0
 823 004d 03       		.uleb128 0x3
 824 004e 0E       		.uleb128 0xe
 825 004f 3A       		.uleb128 0x3a
 826 0050 0B       		.uleb128 0xb
 827 0051 3B       		.uleb128 0x3b
 828 0052 0B       		.uleb128 0xb
 829 0053 49       		.uleb128 0x49
 830 0054 13       		.uleb128 0x13
 831 0055 38       		.uleb128 0x38
 832 0056 0B       		.uleb128 0xb
 833 0057 00       		.byte	0
 834 0058 00       		.byte	0
 835 0059 08       		.uleb128 0x8
 836 005a 16       		.uleb128 0x16
 837 005b 00       		.byte	0
 838 005c 03       		.uleb128 0x3
 839 005d 0E       		.uleb128 0xe
 840 005e 3A       		.uleb128 0x3a
 841 005f 0B       		.uleb128 0xb
 842 0060 3B       		.uleb128 0x3b
 843 0061 0B       		.uleb128 0xb
 844 0062 49       		.uleb128 0x49
 845 0063 13       		.uleb128 0x13
 846 0064 00       		.byte	0
 847 0065 00       		.byte	0
 848 0066 09       		.uleb128 0x9
 849 0067 2E       		.uleb128 0x2e
 850 0068 01       		.byte	0x1
 851 0069 3F       		.uleb128 0x3f
 852 006a 19       		.uleb128 0x19
 853 006b 03       		.uleb128 0x3
 854 006c 0E       		.uleb128 0xe
 855 006d 3A       		.uleb128 0x3a
 856 006e 0B       		.uleb128 0xb
 857 006f 3B       		.uleb128 0x3b
 858 0070 0B       		.uleb128 0xb
 859 0071 27       		.uleb128 0x27
 860 0072 19       		.uleb128 0x19
 861 0073 11       		.uleb128 0x11
 862 0074 01       		.uleb128 0x1
 863 0075 12       		.uleb128 0x12
 864 0076 06       		.uleb128 0x6
 865 0077 40       		.uleb128 0x40
 866 0078 18       		.uleb128 0x18
 867 0079 9742     		.uleb128 0x2117
 868 007b 19       		.uleb128 0x19
 869 007c 01       		.uleb128 0x1
ARM GAS  C:\Users\ingan\AppData\Local\Temp\ccNVaZ4J.s 			page 22


 870 007d 13       		.uleb128 0x13
 871 007e 00       		.byte	0
 872 007f 00       		.byte	0
 873 0080 0A       		.uleb128 0xa
 874 0081 898201   		.uleb128 0x4109
 875 0084 00       		.byte	0
 876 0085 11       		.uleb128 0x11
 877 0086 01       		.uleb128 0x1
 878 0087 31       		.uleb128 0x31
 879 0088 13       		.uleb128 0x13
 880 0089 00       		.byte	0
 881 008a 00       		.byte	0
 882 008b 0B       		.uleb128 0xb
 883 008c 2E       		.uleb128 0x2e
 884 008d 00       		.byte	0
 885 008e 3F       		.uleb128 0x3f
 886 008f 19       		.uleb128 0x19
 887 0090 03       		.uleb128 0x3
 888 0091 0E       		.uleb128 0xe
 889 0092 3A       		.uleb128 0x3a
 890 0093 0B       		.uleb128 0xb
 891 0094 3B       		.uleb128 0x3b
 892 0095 0B       		.uleb128 0xb
 893 0096 27       		.uleb128 0x27
 894 0097 19       		.uleb128 0x19
 895 0098 11       		.uleb128 0x11
 896 0099 01       		.uleb128 0x1
 897 009a 12       		.uleb128 0x12
 898 009b 06       		.uleb128 0x6
 899 009c 40       		.uleb128 0x40
 900 009d 18       		.uleb128 0x18
 901 009e 9742     		.uleb128 0x2117
 902 00a0 19       		.uleb128 0x19
 903 00a1 00       		.byte	0
 904 00a2 00       		.byte	0
 905 00a3 0C       		.uleb128 0xc
 906 00a4 34       		.uleb128 0x34
 907 00a5 00       		.byte	0
 908 00a6 03       		.uleb128 0x3
 909 00a7 0E       		.uleb128 0xe
 910 00a8 3A       		.uleb128 0x3a
 911 00a9 0B       		.uleb128 0xb
 912 00aa 3B       		.uleb128 0x3b
 913 00ab 0B       		.uleb128 0xb
 914 00ac 49       		.uleb128 0x49
 915 00ad 13       		.uleb128 0x13
 916 00ae 02       		.uleb128 0x2
 917 00af 17       		.uleb128 0x17
 918 00b0 00       		.byte	0
 919 00b1 00       		.byte	0
 920 00b2 0D       		.uleb128 0xd
 921 00b3 898201   		.uleb128 0x4109
 922 00b6 01       		.byte	0x1
 923 00b7 11       		.uleb128 0x11
 924 00b8 01       		.uleb128 0x1
 925 00b9 31       		.uleb128 0x31
 926 00ba 13       		.uleb128 0x13
ARM GAS  C:\Users\ingan\AppData\Local\Temp\ccNVaZ4J.s 			page 23


 927 00bb 01       		.uleb128 0x1
 928 00bc 13       		.uleb128 0x13
 929 00bd 00       		.byte	0
 930 00be 00       		.byte	0
 931 00bf 0E       		.uleb128 0xe
 932 00c0 8A8201   		.uleb128 0x410a
 933 00c3 00       		.byte	0
 934 00c4 02       		.uleb128 0x2
 935 00c5 18       		.uleb128 0x18
 936 00c6 9142     		.uleb128 0x2111
 937 00c8 18       		.uleb128 0x18
 938 00c9 00       		.byte	0
 939 00ca 00       		.byte	0
 940 00cb 0F       		.uleb128 0xf
 941 00cc 898201   		.uleb128 0x4109
 942 00cf 01       		.byte	0x1
 943 00d0 11       		.uleb128 0x11
 944 00d1 01       		.uleb128 0x1
 945 00d2 31       		.uleb128 0x31
 946 00d3 13       		.uleb128 0x13
 947 00d4 00       		.byte	0
 948 00d5 00       		.byte	0
 949 00d6 10       		.uleb128 0x10
 950 00d7 34       		.uleb128 0x34
 951 00d8 00       		.byte	0
 952 00d9 03       		.uleb128 0x3
 953 00da 0E       		.uleb128 0xe
 954 00db 3A       		.uleb128 0x3a
 955 00dc 0B       		.uleb128 0xb
 956 00dd 3B       		.uleb128 0x3b
 957 00de 0B       		.uleb128 0xb
 958 00df 49       		.uleb128 0x49
 959 00e0 13       		.uleb128 0x13
 960 00e1 02       		.uleb128 0x2
 961 00e2 18       		.uleb128 0x18
 962 00e3 00       		.byte	0
 963 00e4 00       		.byte	0
 964 00e5 11       		.uleb128 0x11
 965 00e6 34       		.uleb128 0x34
 966 00e7 00       		.byte	0
 967 00e8 03       		.uleb128 0x3
 968 00e9 0E       		.uleb128 0xe
 969 00ea 3A       		.uleb128 0x3a
 970 00eb 0B       		.uleb128 0xb
 971 00ec 3B       		.uleb128 0x3b
 972 00ed 05       		.uleb128 0x5
 973 00ee 49       		.uleb128 0x49
 974 00ef 13       		.uleb128 0x13
 975 00f0 3F       		.uleb128 0x3f
 976 00f1 19       		.uleb128 0x19
 977 00f2 3C       		.uleb128 0x3c
 978 00f3 19       		.uleb128 0x19
 979 00f4 00       		.byte	0
 980 00f5 00       		.byte	0
 981 00f6 12       		.uleb128 0x12
 982 00f7 2E       		.uleb128 0x2e
 983 00f8 00       		.byte	0
ARM GAS  C:\Users\ingan\AppData\Local\Temp\ccNVaZ4J.s 			page 24


 984 00f9 3F       		.uleb128 0x3f
 985 00fa 19       		.uleb128 0x19
 986 00fb 3C       		.uleb128 0x3c
 987 00fc 19       		.uleb128 0x19
 988 00fd 6E       		.uleb128 0x6e
 989 00fe 0E       		.uleb128 0xe
 990 00ff 03       		.uleb128 0x3
 991 0100 0E       		.uleb128 0xe
 992 0101 3A       		.uleb128 0x3a
 993 0102 0B       		.uleb128 0xb
 994 0103 3B       		.uleb128 0x3b
 995 0104 0B       		.uleb128 0xb
 996 0105 00       		.byte	0
 997 0106 00       		.byte	0
 998 0107 13       		.uleb128 0x13
 999 0108 2E       		.uleb128 0x2e
 1000 0109 00       		.byte	0
 1001 010a 3F       		.uleb128 0x3f
 1002 010b 19       		.uleb128 0x19
 1003 010c 3C       		.uleb128 0x3c
 1004 010d 19       		.uleb128 0x19
 1005 010e 6E       		.uleb128 0x6e
 1006 010f 0E       		.uleb128 0xe
 1007 0110 03       		.uleb128 0x3
 1008 0111 0E       		.uleb128 0xe
 1009 0112 3A       		.uleb128 0x3a
 1010 0113 0B       		.uleb128 0xb
 1011 0114 3B       		.uleb128 0x3b
 1012 0115 05       		.uleb128 0x5
 1013 0116 00       		.byte	0
 1014 0117 00       		.byte	0
 1015 0118 00       		.byte	0
 1016              		.section	.debug_loc,"",%progbits
 1017              	.Ldebug_loc0:
 1018              	.LLST0:
 1019 0000 08000000 		.4byte	.LVL4
 1020 0004 B0000000 		.4byte	.LVL12
 1021 0008 0100     		.2byte	0x1
 1022 000a 54       		.byte	0x54
 1023 000b 00000000 		.4byte	0
 1024 000f 00000000 		.4byte	0
 1025              	.LLST1:
 1026 0013 08000000 		.4byte	.LVL14
 1027 0017 A6000000 		.4byte	.LVL21
 1028 001b 0100     		.2byte	0x1
 1029 001d 55       		.byte	0x55
 1030 001e 00000000 		.4byte	0
 1031 0022 00000000 		.4byte	0
 1032              		.section	.debug_aranges,"",%progbits
 1033 0000 3C000000 		.4byte	0x3c
 1034 0004 0200     		.2byte	0x2
 1035 0006 00000000 		.4byte	.Ldebug_info0
 1036 000a 04       		.byte	0x4
 1037 000b 00       		.byte	0
 1038 000c 0000     		.2byte	0
 1039 000e 0000     		.2byte	0
 1040 0010 00000000 		.4byte	.LFB0
ARM GAS  C:\Users\ingan\AppData\Local\Temp\ccNVaZ4J.s 			page 25


 1041 0014 08000000 		.4byte	.LFE0-.LFB0
 1042 0018 00000000 		.4byte	.LFB1
 1043 001c 02000000 		.4byte	.LFE1-.LFB1
 1044 0020 00000000 		.4byte	.LFB2
 1045 0024 1C000000 		.4byte	.LFE2-.LFB2
 1046 0028 00000000 		.4byte	.LFB3
 1047 002c CC000000 		.4byte	.LFE3-.LFB3
 1048 0030 00000000 		.4byte	.LFB4
 1049 0034 C8000000 		.4byte	.LFE4-.LFB4
 1050 0038 00000000 		.4byte	0
 1051 003c 00000000 		.4byte	0
 1052              		.section	.debug_ranges,"",%progbits
 1053              	.Ldebug_ranges0:
 1054 0000 00000000 		.4byte	.LFB0
 1055 0004 08000000 		.4byte	.LFE0
 1056 0008 00000000 		.4byte	.LFB1
 1057 000c 02000000 		.4byte	.LFE1
 1058 0010 00000000 		.4byte	.LFB2
 1059 0014 1C000000 		.4byte	.LFE2
 1060 0018 00000000 		.4byte	.LFB3
 1061 001c CC000000 		.4byte	.LFE3
 1062 0020 00000000 		.4byte	.LFB4
 1063 0024 C8000000 		.4byte	.LFE4
 1064 0028 00000000 		.4byte	0
 1065 002c 00000000 		.4byte	0
 1066              		.section	.debug_line,"",%progbits
 1067              	.Ldebug_line0:
 1068 0000 0B010000 		.section	.debug_str,"MS",%progbits,1
 1068      02008000 
 1068      00000201 
 1068      FB0E0D00 
 1068      01010101 
 1069              	.LASF21:
 1070 0000 55534255 		.ascii	"USBUART_DP_ISR\000"
 1070      4152545F 
 1070      44505F49 
 1070      535200
 1071              	.LASF34:
 1072 000f 43794465 		.ascii	"CyDelayCycles\000"
 1072      6C617943 
 1072      79636C65 
 1072      7300
 1073              	.LASF15:
 1074 001d 72656733 		.ascii	"reg32\000"
 1074      3200
 1075              	.LASF37:
 1076 0023 433A5C55 		.ascii	"C:\\Users\\ingan\\Documents\\PSoC Creator\\MegaDriv"
 1076      73657273 
 1076      5C696E67 
 1076      616E5C44 
 1076      6F63756D 
 1077 0051 655F706C 		.ascii	"e_player\\VGMPlayer_v0.7.cydsn\000"
 1077      61796572 
 1077      5C56474D 
 1077      506C6179 
 1077      65725F76 
 1078              	.LASF35:
ARM GAS  C:\Users\ingan\AppData\Local\Temp\ccNVaZ4J.s 			page 26


 1079 006f 474E5520 		.ascii	"GNU C11 5.4.1 20160609 (release) [ARM/embedded-5-br"
 1079      43313120 
 1079      352E342E 
 1079      31203230 
 1079      31363036 
 1080 00a2 616E6368 		.ascii	"anch revision 237715] -mcpu=cortex-m3 -mthumb -g -O"
 1080      20726576 
 1080      6973696F 
 1080      6E203233 
 1080      37373135 
 1081 00d5 31202D66 		.ascii	"1 -ffunction-sections -ffat-lto-objects\000"
 1081      66756E63 
 1081      74696F6E 
 1081      2D736563 
 1081      74696F6E 
 1082              	.LASF3:
 1083 00fd 73686F72 		.ascii	"short unsigned int\000"
 1083      7420756E 
 1083      7369676E 
 1083      65642069 
 1083      6E7400
 1084              	.LASF20:
 1085 0110 55534255 		.ascii	"USBUART_BACKUP_STRUCT\000"
 1085      4152545F 
 1085      4241434B 
 1085      55505F53 
 1085      54525543 
 1086              	.LASF38:
 1087 0126 55534255 		.ascii	"USBUART_SaveConfig\000"
 1087      4152545F 
 1087      53617665 
 1087      436F6E66 
 1087      696700
 1088              	.LASF11:
 1089 0139 666C6F61 		.ascii	"float\000"
 1089      7400
 1090              	.LASF7:
 1091 013f 6C6F6E67 		.ascii	"long long unsigned int\000"
 1091      206C6F6E 
 1091      6720756E 
 1091      7369676E 
 1091      65642069 
 1092              	.LASF1:
 1093 0156 756E7369 		.ascii	"unsigned char\000"
 1093      676E6564 
 1093      20636861 
 1093      7200
 1094              	.LASF14:
 1095 0164 72656738 		.ascii	"reg8\000"
 1095      00
 1096              	.LASF22:
 1097 0169 55534255 		.ascii	"USBUART_RestoreConfig\000"
 1097      4152545F 
 1097      52657374 
 1097      6F726543 
 1097      6F6E6669 
 1098              	.LASF5:
ARM GAS  C:\Users\ingan\AppData\Local\Temp\ccNVaZ4J.s 			page 27


 1099 017f 6C6F6E67 		.ascii	"long unsigned int\000"
 1099      20756E73 
 1099      69676E65 
 1099      6420696E 
 1099      7400
 1100              	.LASF9:
 1101 0191 75696E74 		.ascii	"uint8\000"
 1101      3800
 1102              	.LASF25:
 1103 0197 656E6162 		.ascii	"enableInterrupts\000"
 1103      6C65496E 
 1103      74657272 
 1103      75707473 
 1103      00
 1104              	.LASF26:
 1105 01a8 55534255 		.ascii	"USBUART_backup\000"
 1105      4152545F 
 1105      6261636B 
 1105      757000
 1106              	.LASF12:
 1107 01b7 646F7562 		.ascii	"double\000"
 1107      6C6500
 1108              	.LASF32:
 1109 01be 43794465 		.ascii	"CyDelayUs\000"
 1109      6C617955 
 1109      7300
 1110              	.LASF10:
 1111 01c8 75696E74 		.ascii	"uint32\000"
 1111      333200
 1112              	.LASF30:
 1113 01cf 4379456E 		.ascii	"CyEnterCriticalSection\000"
 1113      74657243 
 1113      72697469 
 1113      63616C53 
 1113      65637469 
 1114              	.LASF8:
 1115 01e6 756E7369 		.ascii	"unsigned int\000"
 1115      676E6564 
 1115      20696E74 
 1115      00
 1116              	.LASF33:
 1117 01f3 43794578 		.ascii	"CyExitCriticalSection\000"
 1117      69744372 
 1117      69746963 
 1117      616C5365 
 1117      6374696F 
 1118              	.LASF19:
 1119 0209 6D6F6465 		.ascii	"mode\000"
 1119      00
 1120              	.LASF31:
 1121 020e 55534255 		.ascii	"USBUART_Stop_DMA\000"
 1121      4152545F 
 1121      53746F70 
 1121      5F444D41 
 1121      00
 1122              	.LASF28:
 1123 021f 55534255 		.ascii	"USBUART_ConfigReg\000"
ARM GAS  C:\Users\ingan\AppData\Local\Temp\ccNVaZ4J.s 			page 28


 1123      4152545F 
 1123      436F6E66 
 1123      69675265 
 1123      6700
 1124              	.LASF17:
 1125 0231 73697A65 		.ascii	"sizetype\000"
 1125      74797065 
 1125      00
 1126              	.LASF27:
 1127 023a 55534255 		.ascii	"USBUART_Dp_ClearInterrupt\000"
 1127      4152545F 
 1127      44705F43 
 1127      6C656172 
 1127      496E7465 
 1128              	.LASF6:
 1129 0254 6C6F6E67 		.ascii	"long long int\000"
 1129      206C6F6E 
 1129      6720696E 
 1129      7400
 1130              	.LASF13:
 1131 0262 63686172 		.ascii	"char\000"
 1131      00
 1132              	.LASF39:
 1133 0267 55534255 		.ascii	"USBUART_configuration\000"
 1133      4152545F 
 1133      636F6E66 
 1133      69677572 
 1133      6174696F 
 1134              	.LASF2:
 1135 027d 73686F72 		.ascii	"short int\000"
 1135      7420696E 
 1135      7400
 1136              	.LASF36:
 1137 0287 47656E65 		.ascii	"Generated_Source\\PSoC5\\USBUART_pm.c\000"
 1137      72617465 
 1137      645F536F 
 1137      75726365 
 1137      5C50536F 
 1138              	.LASF23:
 1139 02ab 55534255 		.ascii	"USBUART_Suspend\000"
 1139      4152545F 
 1139      53757370 
 1139      656E6400 
 1140              	.LASF4:
 1141 02bb 6C6F6E67 		.ascii	"long int\000"
 1141      20696E74 
 1141      00
 1142              	.LASF18:
 1143 02c4 656E6162 		.ascii	"enableState\000"
 1143      6C655374 
 1143      61746500 
 1144              	.LASF16:
 1145 02d0 6C6F6E67 		.ascii	"long double\000"
 1145      20646F75 
 1145      626C6500 
 1146              	.LASF0:
 1147 02dc 7369676E 		.ascii	"signed char\000"
ARM GAS  C:\Users\ingan\AppData\Local\Temp\ccNVaZ4J.s 			page 29


 1147      65642063 
 1147      68617200 
 1148              	.LASF24:
 1149 02e8 55534255 		.ascii	"USBUART_Resume\000"
 1149      4152545F 
 1149      52657375 
 1149      6D6500
 1150              	.LASF29:
 1151 02f7 55534255 		.ascii	"USBUART_EpStateInit\000"
 1151      4152545F 
 1151      45705374 
 1151      61746549 
 1151      6E697400 
 1152              		.ident	"GCC: (GNU Tools for ARM Embedded Processors) 5.4.1 20160609 (release) [ARM/embedded-5-bran
