ARM GAS  C:\Users\ingan\AppData\Local\Temp\ccCMzTjd.s 			page 1


   1              		.syntax unified
   2              		.cpu cortex-m3
   3              		.fpu softvfp
   4              		.eabi_attribute 20, 1
   5              		.eabi_attribute 21, 1
   6              		.eabi_attribute 23, 3
   7              		.eabi_attribute 24, 1
   8              		.eabi_attribute 25, 1
   9              		.eabi_attribute 26, 1
  10              		.eabi_attribute 30, 1
  11              		.eabi_attribute 34, 1
  12              		.eabi_attribute 18, 4
  13              		.thumb
  14              		.syntax unified
  15              		.file	"USBUART_cls.c"
  16              		.text
  17              	.Ltext0:
  18              		.cfi_sections	.debug_frame
  19              		.section	.text.USBUART_DispatchClassRqst,"ax",%progbits
  20              		.align	2
  21              		.global	USBUART_DispatchClassRqst
  22              		.thumb
  23              		.thumb_func
  24              		.type	USBUART_DispatchClassRqst, %function
  25              	USBUART_DispatchClassRqst:
  26              	.LFB0:
  27              		.file 1 "Generated_Source\\PSoC5\\USBUART_cls.c"
   1:Generated_Source\PSoC5/USBUART_cls.c **** /***************************************************************************//**
   2:Generated_Source\PSoC5/USBUART_cls.c **** * \file USBUART_cls.c
   3:Generated_Source\PSoC5/USBUART_cls.c **** * \version 3.20
   4:Generated_Source\PSoC5/USBUART_cls.c **** *
   5:Generated_Source\PSoC5/USBUART_cls.c **** * \brief
   6:Generated_Source\PSoC5/USBUART_cls.c **** *  This file contains the USB Class request handler.
   7:Generated_Source\PSoC5/USBUART_cls.c **** *
   8:Generated_Source\PSoC5/USBUART_cls.c **** ********************************************************************************
   9:Generated_Source\PSoC5/USBUART_cls.c **** * \copyright
  10:Generated_Source\PSoC5/USBUART_cls.c **** * Copyright 2008-2016, Cypress Semiconductor Corporation.  All rights reserved.
  11:Generated_Source\PSoC5/USBUART_cls.c **** * You may use this file only in accordance with the license, terms, conditions,
  12:Generated_Source\PSoC5/USBUART_cls.c **** * disclaimers, and limitations in the end user license agreement accompanying
  13:Generated_Source\PSoC5/USBUART_cls.c **** * the software package with which this file was provided.
  14:Generated_Source\PSoC5/USBUART_cls.c **** *******************************************************************************/
  15:Generated_Source\PSoC5/USBUART_cls.c **** 
  16:Generated_Source\PSoC5/USBUART_cls.c **** #include "USBUART_pvt.h"
  17:Generated_Source\PSoC5/USBUART_cls.c **** #include "cyapicallbacks.h"
  18:Generated_Source\PSoC5/USBUART_cls.c **** 
  19:Generated_Source\PSoC5/USBUART_cls.c **** #if(USBUART_EXTERN_CLS == USBUART_FALSE)
  20:Generated_Source\PSoC5/USBUART_cls.c **** 
  21:Generated_Source\PSoC5/USBUART_cls.c **** /***************************************
  22:Generated_Source\PSoC5/USBUART_cls.c **** * User Implemented Class Driver Declarations.
  23:Generated_Source\PSoC5/USBUART_cls.c **** ***************************************/
  24:Generated_Source\PSoC5/USBUART_cls.c **** /* `#START USER_DEFINED_CLASS_DECLARATIONS` Place your declaration here */
  25:Generated_Source\PSoC5/USBUART_cls.c **** 
  26:Generated_Source\PSoC5/USBUART_cls.c **** /* `#END` */
  27:Generated_Source\PSoC5/USBUART_cls.c **** 
  28:Generated_Source\PSoC5/USBUART_cls.c **** 
  29:Generated_Source\PSoC5/USBUART_cls.c **** /*******************************************************************************
  30:Generated_Source\PSoC5/USBUART_cls.c **** * Function Name: USBUART_DispatchClassRqst
ARM GAS  C:\Users\ingan\AppData\Local\Temp\ccCMzTjd.s 			page 2


  31:Generated_Source\PSoC5/USBUART_cls.c **** ****************************************************************************//**
  32:Generated_Source\PSoC5/USBUART_cls.c **** *  This routine dispatches class specific requests depend on interface class.
  33:Generated_Source\PSoC5/USBUART_cls.c **** *
  34:Generated_Source\PSoC5/USBUART_cls.c **** * \return
  35:Generated_Source\PSoC5/USBUART_cls.c **** *  requestHandled.
  36:Generated_Source\PSoC5/USBUART_cls.c **** *
  37:Generated_Source\PSoC5/USBUART_cls.c **** * \reentrant
  38:Generated_Source\PSoC5/USBUART_cls.c **** *  No.
  39:Generated_Source\PSoC5/USBUART_cls.c **** *
  40:Generated_Source\PSoC5/USBUART_cls.c **** *******************************************************************************/
  41:Generated_Source\PSoC5/USBUART_cls.c **** uint8 USBUART_DispatchClassRqst(void) 
  42:Generated_Source\PSoC5/USBUART_cls.c **** {
  28              		.loc 1 42 0
  29              		.cfi_startproc
  30              		@ args = 0, pretend = 0, frame = 0
  31              		@ frame_needed = 0, uses_anonymous_args = 0
  32 0000 08B5     		push	{r3, lr}
  33              		.cfi_def_cfa_offset 8
  34              		.cfi_offset 3, -8
  35              		.cfi_offset 14, -4
  36              	.LVL0:
  43:Generated_Source\PSoC5/USBUART_cls.c ****     uint8 interfaceNumber;
  44:Generated_Source\PSoC5/USBUART_cls.c ****     uint8 requestHandled = USBUART_FALSE;
  45:Generated_Source\PSoC5/USBUART_cls.c **** 
  46:Generated_Source\PSoC5/USBUART_cls.c ****     /* Get interface to which request is intended. */
  47:Generated_Source\PSoC5/USBUART_cls.c ****     switch (USBUART_bmRequestTypeReg & USBUART_RQST_RCPT_MASK)
  37              		.loc 1 47 0
  38 0002 144B     		ldr	r3, .L13
  39 0004 1B78     		ldrb	r3, [r3]	@ zero_extendqisi2
  40 0006 03F00303 		and	r3, r3, #3
  41 000a 012B     		cmp	r3, #1
  42 000c 02D0     		beq	.L3
  43 000e 022B     		cmp	r3, #2
  44 0010 04D0     		beq	.L4
  45 0012 0FE0     		b	.L10
  46              	.L3:
  48:Generated_Source\PSoC5/USBUART_cls.c ****     {
  49:Generated_Source\PSoC5/USBUART_cls.c ****         case USBUART_RQST_RCPT_IFC:
  50:Generated_Source\PSoC5/USBUART_cls.c ****             /* Class-specific request directed to interface: wIndexLoReg 
  51:Generated_Source\PSoC5/USBUART_cls.c ****             * contains interface number.
  52:Generated_Source\PSoC5/USBUART_cls.c ****             */
  53:Generated_Source\PSoC5/USBUART_cls.c ****             interfaceNumber = (uint8) USBUART_wIndexLoReg;
  47              		.loc 1 53 0
  48 0014 0F4B     		ldr	r3, .L13
  49 0016 1B79     		ldrb	r3, [r3, #4]	@ zero_extendqisi2
  50 0018 DBB2     		uxtb	r3, r3
  51              	.LVL1:
  54:Generated_Source\PSoC5/USBUART_cls.c ****             break;
  52              		.loc 1 54 0
  53 001a 0CE0     		b	.L2
  54              	.LVL2:
  55              	.L4:
  55:Generated_Source\PSoC5/USBUART_cls.c ****         
  56:Generated_Source\PSoC5/USBUART_cls.c ****         case USBUART_RQST_RCPT_EP:
  57:Generated_Source\PSoC5/USBUART_cls.c ****             /* Class-specific request directed to endpoint: wIndexLoReg contains 
  58:Generated_Source\PSoC5/USBUART_cls.c ****             * endpoint number. Find interface related to endpoint. 
  59:Generated_Source\PSoC5/USBUART_cls.c ****             */
ARM GAS  C:\Users\ingan\AppData\Local\Temp\ccCMzTjd.s 			page 3


  60:Generated_Source\PSoC5/USBUART_cls.c ****             interfaceNumber = USBUART_EP[USBUART_wIndexLoReg & USBUART_DIR_UNUSED].interface;
  56              		.loc 1 60 0
  57 001c 0D4B     		ldr	r3, .L13
  58 001e 1B79     		ldrb	r3, [r3, #4]	@ zero_extendqisi2
  59 0020 03F07F03 		and	r3, r3, #127
  60 0024 03EB4303 		add	r3, r3, r3, lsl #1
  61 0028 0B4A     		ldr	r2, .L13+4
  62 002a 02EB8303 		add	r3, r2, r3, lsl #2
  63 002e 9B7A     		ldrb	r3, [r3, #10]	@ zero_extendqisi2
  64 0030 DBB2     		uxtb	r3, r3
  65              	.LVL3:
  61:Generated_Source\PSoC5/USBUART_cls.c ****             break;
  66              		.loc 1 61 0
  67 0032 00E0     		b	.L2
  68              	.LVL4:
  69              	.L10:
  62:Generated_Source\PSoC5/USBUART_cls.c ****             
  63:Generated_Source\PSoC5/USBUART_cls.c ****         default:
  64:Generated_Source\PSoC5/USBUART_cls.c ****             /* Default interface is zero. */
  65:Generated_Source\PSoC5/USBUART_cls.c ****             interfaceNumber = 0u;
  70              		.loc 1 65 0
  71 0034 0023     		movs	r3, #0
  72              	.L2:
  73              	.LVL5:
  66:Generated_Source\PSoC5/USBUART_cls.c ****             break;
  67:Generated_Source\PSoC5/USBUART_cls.c ****     }
  68:Generated_Source\PSoC5/USBUART_cls.c ****     
  69:Generated_Source\PSoC5/USBUART_cls.c ****     /* Check that interface is within acceptable range */
  70:Generated_Source\PSoC5/USBUART_cls.c ****     if (interfaceNumber <= USBUART_MAX_INTERFACES_NUMBER)
  74              		.loc 1 70 0
  75 0036 022B     		cmp	r3, #2
  76 0038 07D8     		bhi	.L8
  71:Generated_Source\PSoC5/USBUART_cls.c ****     {
  72:Generated_Source\PSoC5/USBUART_cls.c ****     #if (defined(USBUART_ENABLE_HID_CLASS)   || \
  73:Generated_Source\PSoC5/USBUART_cls.c ****          defined(USBUART_ENABLE_AUDIO_CLASS) || \
  74:Generated_Source\PSoC5/USBUART_cls.c ****          defined(USBUART_ENABLE_CDC_CLASS)   || \
  75:Generated_Source\PSoC5/USBUART_cls.c ****          USBUART_ENABLE_MSC_CLASS)
  76:Generated_Source\PSoC5/USBUART_cls.c **** 
  77:Generated_Source\PSoC5/USBUART_cls.c ****         /* Handle class request depends on interface type. */
  78:Generated_Source\PSoC5/USBUART_cls.c ****         switch (USBUART_interfaceClass[interfaceNumber])
  77              		.loc 1 78 0
  78 003a 084A     		ldr	r2, .L13+8
  79 003c 1268     		ldr	r2, [r2]
  80 003e D35C     		ldrb	r3, [r2, r3]	@ zero_extendqisi2
  81              	.LVL6:
  82 0040 022B     		cmp	r3, #2
  83 0042 04D1     		bne	.L11
  79:Generated_Source\PSoC5/USBUART_cls.c ****         {
  80:Generated_Source\PSoC5/USBUART_cls.c ****         #if defined(USBUART_ENABLE_HID_CLASS)
  81:Generated_Source\PSoC5/USBUART_cls.c ****             case USBUART_CLASS_HID:
  82:Generated_Source\PSoC5/USBUART_cls.c ****                 requestHandled = USBUART_DispatchHIDClassRqst();
  83:Generated_Source\PSoC5/USBUART_cls.c ****                 break;
  84:Generated_Source\PSoC5/USBUART_cls.c ****         #endif /* (USBUART_ENABLE_HID_CLASS) */
  85:Generated_Source\PSoC5/USBUART_cls.c ****                 
  86:Generated_Source\PSoC5/USBUART_cls.c ****         #if defined(USBUART_ENABLE_AUDIO_CLASS)
  87:Generated_Source\PSoC5/USBUART_cls.c ****             case USBUART_CLASS_AUDIO:
  88:Generated_Source\PSoC5/USBUART_cls.c ****                 requestHandled = USBUART_DispatchAUDIOClassRqst();
ARM GAS  C:\Users\ingan\AppData\Local\Temp\ccCMzTjd.s 			page 4


  89:Generated_Source\PSoC5/USBUART_cls.c ****                 break;
  90:Generated_Source\PSoC5/USBUART_cls.c ****         #endif /* (USBUART_CLASS_AUDIO) */
  91:Generated_Source\PSoC5/USBUART_cls.c ****                 
  92:Generated_Source\PSoC5/USBUART_cls.c ****         #if defined(USBUART_ENABLE_CDC_CLASS)
  93:Generated_Source\PSoC5/USBUART_cls.c ****             case USBUART_CLASS_CDC:
  94:Generated_Source\PSoC5/USBUART_cls.c ****                 requestHandled = USBUART_DispatchCDCClassRqst();
  84              		.loc 1 94 0
  85 0044 FFF7FEFF 		bl	USBUART_DispatchCDCClassRqst
  86              	.LVL7:
  95:Generated_Source\PSoC5/USBUART_cls.c ****                 break;
  87              		.loc 1 95 0
  88 0048 08BD     		pop	{r3, pc}
  89              	.LVL8:
  90              	.L8:
  44:Generated_Source\PSoC5/USBUART_cls.c **** 
  91              		.loc 1 44 0
  92 004a 0020     		movs	r0, #0
  93 004c 08BD     		pop	{r3, pc}
  94              	.LVL9:
  95              	.L11:
  96:Generated_Source\PSoC5/USBUART_cls.c ****         #endif /* (USBUART_ENABLE_CDC_CLASS) */
  97:Generated_Source\PSoC5/USBUART_cls.c ****             
  98:Generated_Source\PSoC5/USBUART_cls.c ****         #if (USBUART_ENABLE_MSC_CLASS)
  99:Generated_Source\PSoC5/USBUART_cls.c ****             case USBUART_CLASS_MSD:
 100:Generated_Source\PSoC5/USBUART_cls.c ****             #if (USBUART_HANDLE_MSC_REQUESTS)
 101:Generated_Source\PSoC5/USBUART_cls.c ****                 /* MSC requests are handled by the component. */
 102:Generated_Source\PSoC5/USBUART_cls.c ****                 requestHandled = USBUART_DispatchMSCClassRqst();
 103:Generated_Source\PSoC5/USBUART_cls.c ****             #elif defined(USBUART_DISPATCH_MSC_CLASS_RQST_CALLBACK)
 104:Generated_Source\PSoC5/USBUART_cls.c ****                 /* MSC requests are handled by user defined callbcak. */
 105:Generated_Source\PSoC5/USBUART_cls.c ****                 requestHandled = USBUART_DispatchMSCClassRqst_Callback();
 106:Generated_Source\PSoC5/USBUART_cls.c ****             #else
 107:Generated_Source\PSoC5/USBUART_cls.c ****                 /* MSC requests are not handled. */
 108:Generated_Source\PSoC5/USBUART_cls.c ****                 requestHandled = USBUART_FALSE;
 109:Generated_Source\PSoC5/USBUART_cls.c ****             #endif /* (USBUART_HANDLE_MSC_REQUESTS) */
 110:Generated_Source\PSoC5/USBUART_cls.c ****                 break;
 111:Generated_Source\PSoC5/USBUART_cls.c ****         #endif /* (USBUART_ENABLE_MSC_CLASS) */
 112:Generated_Source\PSoC5/USBUART_cls.c ****             
 113:Generated_Source\PSoC5/USBUART_cls.c ****             default:
 114:Generated_Source\PSoC5/USBUART_cls.c ****                 /* Request is not handled: unknown class request type. */
 115:Generated_Source\PSoC5/USBUART_cls.c ****                 requestHandled = USBUART_FALSE;
  96              		.loc 1 115 0
  97 004e 0020     		movs	r0, #0
  98              	.LVL10:
 116:Generated_Source\PSoC5/USBUART_cls.c ****                 break;
 117:Generated_Source\PSoC5/USBUART_cls.c ****         }
 118:Generated_Source\PSoC5/USBUART_cls.c ****     #endif /* Class support is enabled */
 119:Generated_Source\PSoC5/USBUART_cls.c ****     }
 120:Generated_Source\PSoC5/USBUART_cls.c ****     
 121:Generated_Source\PSoC5/USBUART_cls.c ****     /* `#START USER_DEFINED_CLASS_CODE` Place your Class request here */
 122:Generated_Source\PSoC5/USBUART_cls.c **** 
 123:Generated_Source\PSoC5/USBUART_cls.c ****     /* `#END` */
 124:Generated_Source\PSoC5/USBUART_cls.c **** 
 125:Generated_Source\PSoC5/USBUART_cls.c **** #ifdef USBUART_DISPATCH_CLASS_RQST_CALLBACK
 126:Generated_Source\PSoC5/USBUART_cls.c ****     if (USBUART_FALSE == requestHandled)
 127:Generated_Source\PSoC5/USBUART_cls.c ****     {
 128:Generated_Source\PSoC5/USBUART_cls.c ****         requestHandled = USBUART_DispatchClassRqst_Callback(interfaceNumber);
 129:Generated_Source\PSoC5/USBUART_cls.c ****     }
ARM GAS  C:\Users\ingan\AppData\Local\Temp\ccCMzTjd.s 			page 5


 130:Generated_Source\PSoC5/USBUART_cls.c **** #endif /* (USBUART_DISPATCH_CLASS_RQST_CALLBACK) */
 131:Generated_Source\PSoC5/USBUART_cls.c **** 
 132:Generated_Source\PSoC5/USBUART_cls.c ****     return (requestHandled);
 133:Generated_Source\PSoC5/USBUART_cls.c **** }
  99              		.loc 1 133 0
 100 0050 08BD     		pop	{r3, pc}
 101              	.L14:
 102 0052 00BF     		.align	2
 103              	.L13:
 104 0054 00600040 		.word	1073766400
 105 0058 00000000 		.word	USBUART_EP
 106 005c 00000000 		.word	USBUART_interfaceClass
 107              		.cfi_endproc
 108              	.LFE0:
 109              		.size	USBUART_DispatchClassRqst, .-USBUART_DispatchClassRqst
 110              		.text
 111              	.Letext0:
 112              		.file 2 "Generated_Source\\PSoC5\\cytypes.h"
 113              		.file 3 "Generated_Source\\PSoC5\\USBUART.h"
 114              		.file 4 "Generated_Source\\PSoC5\\USBUART_pvt.h"
 115              		.section	.debug_info,"",%progbits
 116              	.Ldebug_info0:
 117 0000 DA010000 		.4byte	0x1da
 118 0004 0400     		.2byte	0x4
 119 0006 00000000 		.4byte	.Ldebug_abbrev0
 120 000a 04       		.byte	0x4
 121 000b 01       		.uleb128 0x1
 122 000c 00000000 		.4byte	.LASF32
 123 0010 0C       		.byte	0xc
 124 0011 F3010000 		.4byte	.LASF33
 125 0015 28020000 		.4byte	.LASF34
 126 0019 00000000 		.4byte	.Ldebug_ranges0+0
 127 001d 00000000 		.4byte	0
 128 0021 00000000 		.4byte	.Ldebug_line0
 129 0025 02       		.uleb128 0x2
 130 0026 01       		.byte	0x1
 131 0027 06       		.byte	0x6
 132 0028 AA020000 		.4byte	.LASF0
 133 002c 02       		.uleb128 0x2
 134 002d 01       		.byte	0x1
 135 002e 08       		.byte	0x8
 136 002f 0F010000 		.4byte	.LASF1
 137 0033 02       		.uleb128 0x2
 138 0034 02       		.byte	0x2
 139 0035 05       		.byte	0x5
 140 0036 18020000 		.4byte	.LASF2
 141 003a 02       		.uleb128 0x2
 142 003b 02       		.byte	0x2
 143 003c 07       		.byte	0x7
 144 003d 8E000000 		.4byte	.LASF3
 145 0041 02       		.uleb128 0x2
 146 0042 04       		.byte	0x4
 147 0043 05       		.byte	0x5
 148 0044 7E020000 		.4byte	.LASF4
 149 0048 02       		.uleb128 0x2
 150 0049 04       		.byte	0x4
 151 004a 07       		.byte	0x7
ARM GAS  C:\Users\ingan\AppData\Local\Temp\ccCMzTjd.s 			page 6


 152 004b E8000000 		.4byte	.LASF5
 153 004f 02       		.uleb128 0x2
 154 0050 08       		.byte	0x8
 155 0051 05       		.byte	0x5
 156 0052 D5010000 		.4byte	.LASF6
 157 0056 02       		.uleb128 0x2
 158 0057 08       		.byte	0x8
 159 0058 07       		.byte	0x7
 160 0059 72010000 		.4byte	.LASF7
 161 005d 03       		.uleb128 0x3
 162 005e 04       		.byte	0x4
 163 005f 05       		.byte	0x5
 164 0060 696E7400 		.ascii	"int\000"
 165 0064 02       		.uleb128 0x2
 166 0065 04       		.byte	0x4
 167 0066 07       		.byte	0x7
 168 0067 65010000 		.4byte	.LASF8
 169 006b 04       		.uleb128 0x4
 170 006c 22020000 		.4byte	.LASF9
 171 0070 02       		.byte	0x2
 172 0071 E401     		.2byte	0x1e4
 173 0073 2C000000 		.4byte	0x2c
 174 0077 04       		.uleb128 0x4
 175 0078 36010000 		.4byte	.LASF10
 176 007c 02       		.byte	0x2
 177 007d E501     		.2byte	0x1e5
 178 007f 3A000000 		.4byte	0x3a
 179 0083 02       		.uleb128 0x2
 180 0084 04       		.byte	0x4
 181 0085 04       		.byte	0x4
 182 0086 CE000000 		.4byte	.LASF11
 183 008a 02       		.uleb128 0x2
 184 008b 08       		.byte	0x8
 185 008c 04       		.byte	0x4
 186 008d 1D010000 		.4byte	.LASF12
 187 0091 02       		.uleb128 0x2
 188 0092 01       		.byte	0x1
 189 0093 08       		.byte	0x8
 190 0094 E3010000 		.4byte	.LASF13
 191 0098 02       		.uleb128 0x2
 192 0099 08       		.byte	0x8
 193 009a 04       		.byte	0x4
 194 009b 9E020000 		.4byte	.LASF14
 195 009f 02       		.uleb128 0x2
 196 00a0 04       		.byte	0x4
 197 00a1 07       		.byte	0x7
 198 00a2 C5010000 		.4byte	.LASF15
 199 00a6 05       		.uleb128 0x5
 200 00a7 0C       		.byte	0xc
 201 00a8 03       		.byte	0x3
 202 00a9 8D       		.byte	0x8d
 203 00aa 1B010000 		.4byte	0x11b
 204 00ae 06       		.uleb128 0x6
 205 00af 24010000 		.4byte	.LASF16
 206 00b3 03       		.byte	0x3
 207 00b4 8F       		.byte	0x8f
 208 00b5 6B000000 		.4byte	0x6b
ARM GAS  C:\Users\ingan\AppData\Local\Temp\ccCMzTjd.s 			page 7


 209 00b9 00       		.byte	0
 210 00ba 06       		.uleb128 0x6
 211 00bb 3D010000 		.4byte	.LASF17
 212 00bf 03       		.byte	0x3
 213 00c0 90       		.byte	0x90
 214 00c1 6B000000 		.4byte	0x6b
 215 00c5 01       		.byte	0x1
 216 00c6 06       		.uleb128 0x6
 217 00c7 89010000 		.4byte	.LASF18
 218 00cb 03       		.byte	0x3
 219 00cc 91       		.byte	0x91
 220 00cd 6B000000 		.4byte	0x6b
 221 00d1 02       		.byte	0x2
 222 00d2 06       		.uleb128 0x6
 223 00d3 D4000000 		.4byte	.LASF19
 224 00d7 03       		.byte	0x3
 225 00d8 92       		.byte	0x92
 226 00d9 6B000000 		.4byte	0x6b
 227 00dd 03       		.byte	0x3
 228 00de 06       		.uleb128 0x6
 229 00df FA000000 		.4byte	.LASF20
 230 00e3 03       		.byte	0x3
 231 00e4 93       		.byte	0x93
 232 00e5 6B000000 		.4byte	0x6b
 233 00e9 04       		.byte	0x4
 234 00ea 06       		.uleb128 0x6
 235 00eb CE010000 		.4byte	.LASF21
 236 00ef 03       		.byte	0x3
 237 00f0 94       		.byte	0x94
 238 00f1 6B000000 		.4byte	0x6b
 239 00f5 05       		.byte	0x5
 240 00f6 06       		.uleb128 0x6
 241 00f7 2B010000 		.4byte	.LASF22
 242 00fb 03       		.byte	0x3
 243 00fc 95       		.byte	0x95
 244 00fd 77000000 		.4byte	0x77
 245 0101 06       		.byte	0x6
 246 0102 06       		.uleb128 0x6
 247 0103 E8010000 		.4byte	.LASF23
 248 0107 03       		.byte	0x3
 249 0108 96       		.byte	0x96
 250 0109 77000000 		.4byte	0x77
 251 010d 08       		.byte	0x8
 252 010e 06       		.uleb128 0x6
 253 010f 74020000 		.4byte	.LASF24
 254 0113 03       		.byte	0x3
 255 0114 97       		.byte	0x97
 256 0115 6B000000 		.4byte	0x6b
 257 0119 0A       		.byte	0xa
 258 011a 00       		.byte	0
 259 011b 07       		.uleb128 0x7
 260 011c 87020000 		.4byte	.LASF25
 261 0120 03       		.byte	0x3
 262 0121 98       		.byte	0x98
 263 0122 A6000000 		.4byte	0xa6
 264 0126 05       		.uleb128 0x5
 265 0127 08       		.byte	0x8
ARM GAS  C:\Users\ingan\AppData\Local\Temp\ccCMzTjd.s 			page 8


 266 0128 03       		.byte	0x3
 267 0129 C5       		.byte	0xc5
 268 012a 3B010000 		.4byte	0x13b
 269 012e 06       		.uleb128 0x6
 270 012f B8000000 		.4byte	.LASF26
 271 0133 03       		.byte	0x3
 272 0134 C7       		.byte	0xc7
 273 0135 3B010000 		.4byte	0x13b
 274 0139 00       		.byte	0
 275 013a 00       		.byte	0
 276 013b 08       		.uleb128 0x8
 277 013c 6B000000 		.4byte	0x6b
 278 0140 4B010000 		.4byte	0x14b
 279 0144 09       		.uleb128 0x9
 280 0145 9F000000 		.4byte	0x9f
 281 0149 07       		.byte	0x7
 282 014a 00       		.byte	0
 283 014b 07       		.uleb128 0x7
 284 014c AD010000 		.4byte	.LASF27
 285 0150 03       		.byte	0x3
 286 0151 C8       		.byte	0xc8
 287 0152 26010000 		.4byte	0x126
 288 0156 0A       		.uleb128 0xa
 289 0157 93010000 		.4byte	.LASF35
 290 015b 01       		.byte	0x1
 291 015c 29       		.byte	0x29
 292 015d 6B000000 		.4byte	0x6b
 293 0161 00000000 		.4byte	.LFB0
 294 0165 60000000 		.4byte	.LFE0-.LFB0
 295 0169 01       		.uleb128 0x1
 296 016a 9C       		.byte	0x9c
 297 016b 97010000 		.4byte	0x197
 298 016f 0B       		.uleb128 0xb
 299 0170 FF000000 		.4byte	.LASF28
 300 0174 01       		.byte	0x1
 301 0175 2B       		.byte	0x2b
 302 0176 6B000000 		.4byte	0x6b
 303 017a 00000000 		.4byte	.LLST0
 304 017e 0B       		.uleb128 0xb
 305 017f BF000000 		.4byte	.LASF29
 306 0183 01       		.byte	0x1
 307 0184 2C       		.byte	0x2c
 308 0185 6B000000 		.4byte	0x6b
 309 0189 34000000 		.4byte	.LLST1
 310 018d 0C       		.uleb128 0xc
 311 018e 48000000 		.4byte	.LVL7
 312 0192 D2010000 		.4byte	0x1d2
 313 0196 00       		.byte	0
 314 0197 0D       		.uleb128 0xd
 315 0198 A1000000 		.4byte	.LASF30
 316 019c 04       		.byte	0x4
 317 019d 77       		.byte	0x77
 318 019e A2010000 		.4byte	0x1a2
 319 01a2 0E       		.uleb128 0xe
 320 01a3 04       		.byte	0x4
 321 01a4 A8010000 		.4byte	0x1a8
 322 01a8 0F       		.uleb128 0xf
ARM GAS  C:\Users\ingan\AppData\Local\Temp\ccCMzTjd.s 			page 9


 323 01a9 6B000000 		.4byte	0x6b
 324 01ad 08       		.uleb128 0x8
 325 01ae BD010000 		.4byte	0x1bd
 326 01b2 BD010000 		.4byte	0x1bd
 327 01b6 09       		.uleb128 0x9
 328 01b7 9F000000 		.4byte	0x9f
 329 01bb 08       		.byte	0x8
 330 01bc 00       		.byte	0
 331 01bd 10       		.uleb128 0x10
 332 01be 1B010000 		.4byte	0x11b
 333 01c2 0D       		.uleb128 0xd
 334 01c3 DD000000 		.4byte	.LASF31
 335 01c7 04       		.byte	0x4
 336 01c8 79       		.byte	0x79
 337 01c9 CD010000 		.4byte	0x1cd
 338 01cd 10       		.uleb128 0x10
 339 01ce AD010000 		.4byte	0x1ad
 340 01d2 11       		.uleb128 0x11
 341 01d3 48010000 		.4byte	.LASF36
 342 01d7 48010000 		.4byte	.LASF36
 343 01db 04       		.byte	0x4
 344 01dc DF       		.byte	0xdf
 345 01dd 00       		.byte	0
 346              		.section	.debug_abbrev,"",%progbits
 347              	.Ldebug_abbrev0:
 348 0000 01       		.uleb128 0x1
 349 0001 11       		.uleb128 0x11
 350 0002 01       		.byte	0x1
 351 0003 25       		.uleb128 0x25
 352 0004 0E       		.uleb128 0xe
 353 0005 13       		.uleb128 0x13
 354 0006 0B       		.uleb128 0xb
 355 0007 03       		.uleb128 0x3
 356 0008 0E       		.uleb128 0xe
 357 0009 1B       		.uleb128 0x1b
 358 000a 0E       		.uleb128 0xe
 359 000b 55       		.uleb128 0x55
 360 000c 17       		.uleb128 0x17
 361 000d 11       		.uleb128 0x11
 362 000e 01       		.uleb128 0x1
 363 000f 10       		.uleb128 0x10
 364 0010 17       		.uleb128 0x17
 365 0011 00       		.byte	0
 366 0012 00       		.byte	0
 367 0013 02       		.uleb128 0x2
 368 0014 24       		.uleb128 0x24
 369 0015 00       		.byte	0
 370 0016 0B       		.uleb128 0xb
 371 0017 0B       		.uleb128 0xb
 372 0018 3E       		.uleb128 0x3e
 373 0019 0B       		.uleb128 0xb
 374 001a 03       		.uleb128 0x3
 375 001b 0E       		.uleb128 0xe
 376 001c 00       		.byte	0
 377 001d 00       		.byte	0
 378 001e 03       		.uleb128 0x3
 379 001f 24       		.uleb128 0x24
ARM GAS  C:\Users\ingan\AppData\Local\Temp\ccCMzTjd.s 			page 10


 380 0020 00       		.byte	0
 381 0021 0B       		.uleb128 0xb
 382 0022 0B       		.uleb128 0xb
 383 0023 3E       		.uleb128 0x3e
 384 0024 0B       		.uleb128 0xb
 385 0025 03       		.uleb128 0x3
 386 0026 08       		.uleb128 0x8
 387 0027 00       		.byte	0
 388 0028 00       		.byte	0
 389 0029 04       		.uleb128 0x4
 390 002a 16       		.uleb128 0x16
 391 002b 00       		.byte	0
 392 002c 03       		.uleb128 0x3
 393 002d 0E       		.uleb128 0xe
 394 002e 3A       		.uleb128 0x3a
 395 002f 0B       		.uleb128 0xb
 396 0030 3B       		.uleb128 0x3b
 397 0031 05       		.uleb128 0x5
 398 0032 49       		.uleb128 0x49
 399 0033 13       		.uleb128 0x13
 400 0034 00       		.byte	0
 401 0035 00       		.byte	0
 402 0036 05       		.uleb128 0x5
 403 0037 13       		.uleb128 0x13
 404 0038 01       		.byte	0x1
 405 0039 0B       		.uleb128 0xb
 406 003a 0B       		.uleb128 0xb
 407 003b 3A       		.uleb128 0x3a
 408 003c 0B       		.uleb128 0xb
 409 003d 3B       		.uleb128 0x3b
 410 003e 0B       		.uleb128 0xb
 411 003f 01       		.uleb128 0x1
 412 0040 13       		.uleb128 0x13
 413 0041 00       		.byte	0
 414 0042 00       		.byte	0
 415 0043 06       		.uleb128 0x6
 416 0044 0D       		.uleb128 0xd
 417 0045 00       		.byte	0
 418 0046 03       		.uleb128 0x3
 419 0047 0E       		.uleb128 0xe
 420 0048 3A       		.uleb128 0x3a
 421 0049 0B       		.uleb128 0xb
 422 004a 3B       		.uleb128 0x3b
 423 004b 0B       		.uleb128 0xb
 424 004c 49       		.uleb128 0x49
 425 004d 13       		.uleb128 0x13
 426 004e 38       		.uleb128 0x38
 427 004f 0B       		.uleb128 0xb
 428 0050 00       		.byte	0
 429 0051 00       		.byte	0
 430 0052 07       		.uleb128 0x7
 431 0053 16       		.uleb128 0x16
 432 0054 00       		.byte	0
 433 0055 03       		.uleb128 0x3
 434 0056 0E       		.uleb128 0xe
 435 0057 3A       		.uleb128 0x3a
 436 0058 0B       		.uleb128 0xb
ARM GAS  C:\Users\ingan\AppData\Local\Temp\ccCMzTjd.s 			page 11


 437 0059 3B       		.uleb128 0x3b
 438 005a 0B       		.uleb128 0xb
 439 005b 49       		.uleb128 0x49
 440 005c 13       		.uleb128 0x13
 441 005d 00       		.byte	0
 442 005e 00       		.byte	0
 443 005f 08       		.uleb128 0x8
 444 0060 01       		.uleb128 0x1
 445 0061 01       		.byte	0x1
 446 0062 49       		.uleb128 0x49
 447 0063 13       		.uleb128 0x13
 448 0064 01       		.uleb128 0x1
 449 0065 13       		.uleb128 0x13
 450 0066 00       		.byte	0
 451 0067 00       		.byte	0
 452 0068 09       		.uleb128 0x9
 453 0069 21       		.uleb128 0x21
 454 006a 00       		.byte	0
 455 006b 49       		.uleb128 0x49
 456 006c 13       		.uleb128 0x13
 457 006d 2F       		.uleb128 0x2f
 458 006e 0B       		.uleb128 0xb
 459 006f 00       		.byte	0
 460 0070 00       		.byte	0
 461 0071 0A       		.uleb128 0xa
 462 0072 2E       		.uleb128 0x2e
 463 0073 01       		.byte	0x1
 464 0074 3F       		.uleb128 0x3f
 465 0075 19       		.uleb128 0x19
 466 0076 03       		.uleb128 0x3
 467 0077 0E       		.uleb128 0xe
 468 0078 3A       		.uleb128 0x3a
 469 0079 0B       		.uleb128 0xb
 470 007a 3B       		.uleb128 0x3b
 471 007b 0B       		.uleb128 0xb
 472 007c 27       		.uleb128 0x27
 473 007d 19       		.uleb128 0x19
 474 007e 49       		.uleb128 0x49
 475 007f 13       		.uleb128 0x13
 476 0080 11       		.uleb128 0x11
 477 0081 01       		.uleb128 0x1
 478 0082 12       		.uleb128 0x12
 479 0083 06       		.uleb128 0x6
 480 0084 40       		.uleb128 0x40
 481 0085 18       		.uleb128 0x18
 482 0086 9742     		.uleb128 0x2117
 483 0088 19       		.uleb128 0x19
 484 0089 01       		.uleb128 0x1
 485 008a 13       		.uleb128 0x13
 486 008b 00       		.byte	0
 487 008c 00       		.byte	0
 488 008d 0B       		.uleb128 0xb
 489 008e 34       		.uleb128 0x34
 490 008f 00       		.byte	0
 491 0090 03       		.uleb128 0x3
 492 0091 0E       		.uleb128 0xe
 493 0092 3A       		.uleb128 0x3a
ARM GAS  C:\Users\ingan\AppData\Local\Temp\ccCMzTjd.s 			page 12


 494 0093 0B       		.uleb128 0xb
 495 0094 3B       		.uleb128 0x3b
 496 0095 0B       		.uleb128 0xb
 497 0096 49       		.uleb128 0x49
 498 0097 13       		.uleb128 0x13
 499 0098 02       		.uleb128 0x2
 500 0099 17       		.uleb128 0x17
 501 009a 00       		.byte	0
 502 009b 00       		.byte	0
 503 009c 0C       		.uleb128 0xc
 504 009d 898201   		.uleb128 0x4109
 505 00a0 00       		.byte	0
 506 00a1 11       		.uleb128 0x11
 507 00a2 01       		.uleb128 0x1
 508 00a3 31       		.uleb128 0x31
 509 00a4 13       		.uleb128 0x13
 510 00a5 00       		.byte	0
 511 00a6 00       		.byte	0
 512 00a7 0D       		.uleb128 0xd
 513 00a8 34       		.uleb128 0x34
 514 00a9 00       		.byte	0
 515 00aa 03       		.uleb128 0x3
 516 00ab 0E       		.uleb128 0xe
 517 00ac 3A       		.uleb128 0x3a
 518 00ad 0B       		.uleb128 0xb
 519 00ae 3B       		.uleb128 0x3b
 520 00af 0B       		.uleb128 0xb
 521 00b0 49       		.uleb128 0x49
 522 00b1 13       		.uleb128 0x13
 523 00b2 3F       		.uleb128 0x3f
 524 00b3 19       		.uleb128 0x19
 525 00b4 3C       		.uleb128 0x3c
 526 00b5 19       		.uleb128 0x19
 527 00b6 00       		.byte	0
 528 00b7 00       		.byte	0
 529 00b8 0E       		.uleb128 0xe
 530 00b9 0F       		.uleb128 0xf
 531 00ba 00       		.byte	0
 532 00bb 0B       		.uleb128 0xb
 533 00bc 0B       		.uleb128 0xb
 534 00bd 49       		.uleb128 0x49
 535 00be 13       		.uleb128 0x13
 536 00bf 00       		.byte	0
 537 00c0 00       		.byte	0
 538 00c1 0F       		.uleb128 0xf
 539 00c2 26       		.uleb128 0x26
 540 00c3 00       		.byte	0
 541 00c4 49       		.uleb128 0x49
 542 00c5 13       		.uleb128 0x13
 543 00c6 00       		.byte	0
 544 00c7 00       		.byte	0
 545 00c8 10       		.uleb128 0x10
 546 00c9 35       		.uleb128 0x35
 547 00ca 00       		.byte	0
 548 00cb 49       		.uleb128 0x49
 549 00cc 13       		.uleb128 0x13
 550 00cd 00       		.byte	0
ARM GAS  C:\Users\ingan\AppData\Local\Temp\ccCMzTjd.s 			page 13


 551 00ce 00       		.byte	0
 552 00cf 11       		.uleb128 0x11
 553 00d0 2E       		.uleb128 0x2e
 554 00d1 00       		.byte	0
 555 00d2 3F       		.uleb128 0x3f
 556 00d3 19       		.uleb128 0x19
 557 00d4 3C       		.uleb128 0x3c
 558 00d5 19       		.uleb128 0x19
 559 00d6 6E       		.uleb128 0x6e
 560 00d7 0E       		.uleb128 0xe
 561 00d8 03       		.uleb128 0x3
 562 00d9 0E       		.uleb128 0xe
 563 00da 3A       		.uleb128 0x3a
 564 00db 0B       		.uleb128 0xb
 565 00dc 3B       		.uleb128 0x3b
 566 00dd 0B       		.uleb128 0xb
 567 00de 00       		.byte	0
 568 00df 00       		.byte	0
 569 00e0 00       		.byte	0
 570              		.section	.debug_loc,"",%progbits
 571              	.Ldebug_loc0:
 572              	.LLST0:
 573 0000 1A000000 		.4byte	.LVL1
 574 0004 1C000000 		.4byte	.LVL2
 575 0008 0100     		.2byte	0x1
 576 000a 53       		.byte	0x53
 577 000b 32000000 		.4byte	.LVL3
 578 000f 34000000 		.4byte	.LVL4
 579 0013 0100     		.2byte	0x1
 580 0015 53       		.byte	0x53
 581 0016 36000000 		.4byte	.LVL5
 582 001a 40000000 		.4byte	.LVL6
 583 001e 0100     		.2byte	0x1
 584 0020 53       		.byte	0x53
 585 0021 4A000000 		.4byte	.LVL8
 586 0025 4E000000 		.4byte	.LVL9
 587 0029 0100     		.2byte	0x1
 588 002b 53       		.byte	0x53
 589 002c 00000000 		.4byte	0
 590 0030 00000000 		.4byte	0
 591              	.LLST1:
 592 0034 02000000 		.4byte	.LVL0
 593 0038 48000000 		.4byte	.LVL7
 594 003c 0200     		.2byte	0x2
 595 003e 30       		.byte	0x30
 596 003f 9F       		.byte	0x9f
 597 0040 48000000 		.4byte	.LVL7
 598 0044 4A000000 		.4byte	.LVL8
 599 0048 0100     		.2byte	0x1
 600 004a 50       		.byte	0x50
 601 004b 4A000000 		.4byte	.LVL8
 602 004f 50000000 		.4byte	.LVL10
 603 0053 0200     		.2byte	0x2
 604 0055 30       		.byte	0x30
 605 0056 9F       		.byte	0x9f
 606 0057 50000000 		.4byte	.LVL10
 607 005b 60000000 		.4byte	.LFE0
ARM GAS  C:\Users\ingan\AppData\Local\Temp\ccCMzTjd.s 			page 14


 608 005f 0100     		.2byte	0x1
 609 0061 50       		.byte	0x50
 610 0062 00000000 		.4byte	0
 611 0066 00000000 		.4byte	0
 612              		.section	.debug_aranges,"",%progbits
 613 0000 1C000000 		.4byte	0x1c
 614 0004 0200     		.2byte	0x2
 615 0006 00000000 		.4byte	.Ldebug_info0
 616 000a 04       		.byte	0x4
 617 000b 00       		.byte	0
 618 000c 0000     		.2byte	0
 619 000e 0000     		.2byte	0
 620 0010 00000000 		.4byte	.LFB0
 621 0014 60000000 		.4byte	.LFE0-.LFB0
 622 0018 00000000 		.4byte	0
 623 001c 00000000 		.4byte	0
 624              		.section	.debug_ranges,"",%progbits
 625              	.Ldebug_ranges0:
 626 0000 00000000 		.4byte	.LFB0
 627 0004 60000000 		.4byte	.LFE0
 628 0008 00000000 		.4byte	0
 629 000c 00000000 		.4byte	0
 630              		.section	.debug_line,"",%progbits
 631              	.Ldebug_line0:
 632 0000 91000000 		.section	.debug_str,"MS",%progbits,1
 632      02006600 
 632      00000201 
 632      FB0E0D00 
 632      01010101 
 633              	.LASF32:
 634 0000 474E5520 		.ascii	"GNU C11 5.4.1 20160609 (release) [ARM/embedded-5-br"
 634      43313120 
 634      352E342E 
 634      31203230 
 634      31363036 
 635 0033 616E6368 		.ascii	"anch revision 237715] -mcpu=cortex-m3 -mthumb -g -O"
 635      20726576 
 635      6973696F 
 635      6E203233 
 635      37373135 
 636 0066 31202D66 		.ascii	"1 -ffunction-sections -ffat-lto-objects\000"
 636      66756E63 
 636      74696F6E 
 636      2D736563 
 636      74696F6E 
 637              	.LASF3:
 638 008e 73686F72 		.ascii	"short unsigned int\000"
 638      7420756E 
 638      7369676E 
 638      65642069 
 638      6E7400
 639              	.LASF30:
 640 00a1 55534255 		.ascii	"USBUART_interfaceClass\000"
 640      4152545F 
 640      696E7465 
 640      72666163 
 640      65436C61 
ARM GAS  C:\Users\ingan\AppData\Local\Temp\ccCMzTjd.s 			page 15


 641              	.LASF26:
 642 00b8 65704461 		.ascii	"epData\000"
 642      746100
 643              	.LASF29:
 644 00bf 72657175 		.ascii	"requestHandled\000"
 644      65737448 
 644      616E646C 
 644      656400
 645              	.LASF11:
 646 00ce 666C6F61 		.ascii	"float\000"
 646      7400
 647              	.LASF19:
 648 00d4 6570546F 		.ascii	"epToggle\000"
 648      67676C65 
 648      00
 649              	.LASF31:
 650 00dd 55534255 		.ascii	"USBUART_EP\000"
 650      4152545F 
 650      455000
 651              	.LASF5:
 652 00e8 6C6F6E67 		.ascii	"long unsigned int\000"
 652      20756E73 
 652      69676E65 
 652      6420696E 
 652      7400
 653              	.LASF20:
 654 00fa 61646472 		.ascii	"addr\000"
 654      00
 655              	.LASF28:
 656 00ff 696E7465 		.ascii	"interfaceNumber\000"
 656      72666163 
 656      654E756D 
 656      62657200 
 657              	.LASF1:
 658 010f 756E7369 		.ascii	"unsigned char\000"
 658      676E6564 
 658      20636861 
 658      7200
 659              	.LASF12:
 660 011d 646F7562 		.ascii	"double\000"
 660      6C6500
 661              	.LASF16:
 662 0124 61747472 		.ascii	"attrib\000"
 662      696200
 663              	.LASF22:
 664 012b 62756666 		.ascii	"buffOffset\000"
 664      4F666673 
 664      657400
 665              	.LASF10:
 666 0136 75696E74 		.ascii	"uint16\000"
 666      313600
 667              	.LASF17:
 668 013d 61706945 		.ascii	"apiEpState\000"
 668      70537461 
 668      746500
 669              	.LASF36:
 670 0148 55534255 		.ascii	"USBUART_DispatchCDCClassRqst\000"
ARM GAS  C:\Users\ingan\AppData\Local\Temp\ccCMzTjd.s 			page 16


 670      4152545F 
 670      44697370 
 670      61746368 
 670      43444343 
 671              	.LASF8:
 672 0165 756E7369 		.ascii	"unsigned int\000"
 672      676E6564 
 672      20696E74 
 672      00
 673              	.LASF7:
 674 0172 6C6F6E67 		.ascii	"long long unsigned int\000"
 674      206C6F6E 
 674      6720756E 
 674      7369676E 
 674      65642069 
 675              	.LASF18:
 676 0189 68774570 		.ascii	"hwEpState\000"
 676      53746174 
 676      6500
 677              	.LASF35:
 678 0193 55534255 		.ascii	"USBUART_DispatchClassRqst\000"
 678      4152545F 
 678      44697370 
 678      61746368 
 678      436C6173 
 679              	.LASF27:
 680 01ad 55534255 		.ascii	"USBUART_ep0_data_struct\000"
 680      4152545F 
 680      6570305F 
 680      64617461 
 680      5F737472 
 681              	.LASF15:
 682 01c5 73697A65 		.ascii	"sizetype\000"
 682      74797065 
 682      00
 683              	.LASF21:
 684 01ce 65704D6F 		.ascii	"epMode\000"
 684      646500
 685              	.LASF6:
 686 01d5 6C6F6E67 		.ascii	"long long int\000"
 686      206C6F6E 
 686      6720696E 
 686      7400
 687              	.LASF13:
 688 01e3 63686172 		.ascii	"char\000"
 688      00
 689              	.LASF23:
 690 01e8 62756666 		.ascii	"bufferSize\000"
 690      65725369 
 690      7A6500
 691              	.LASF33:
 692 01f3 47656E65 		.ascii	"Generated_Source\\PSoC5\\USBUART_cls.c\000"
 692      72617465 
 692      645F536F 
 692      75726365 
 692      5C50536F 
 693              	.LASF2:
ARM GAS  C:\Users\ingan\AppData\Local\Temp\ccCMzTjd.s 			page 17


 694 0218 73686F72 		.ascii	"short int\000"
 694      7420696E 
 694      7400
 695              	.LASF9:
 696 0222 75696E74 		.ascii	"uint8\000"
 696      3800
 697              	.LASF34:
 698 0228 433A5C55 		.ascii	"C:\\Users\\ingan\\Documents\\PSoC Creator\\MegaDriv"
 698      73657273 
 698      5C696E67 
 698      616E5C44 
 698      6F63756D 
 699 0256 655F706C 		.ascii	"e_player\\VGMPlayer_v0.7.cydsn\000"
 699      61796572 
 699      5C56474D 
 699      506C6179 
 699      65725F76 
 700              	.LASF24:
 701 0274 696E7465 		.ascii	"interface\000"
 701      72666163 
 701      6500
 702              	.LASF4:
 703 027e 6C6F6E67 		.ascii	"long int\000"
 703      20696E74 
 703      00
 704              	.LASF25:
 705 0287 545F5553 		.ascii	"T_USBUART_EP_CTL_BLOCK\000"
 705      42554152 
 705      545F4550 
 705      5F43544C 
 705      5F424C4F 
 706              	.LASF14:
 707 029e 6C6F6E67 		.ascii	"long double\000"
 707      20646F75 
 707      626C6500 
 708              	.LASF0:
 709 02aa 7369676E 		.ascii	"signed char\000"
 709      65642063 
 709      68617200 
 710              		.ident	"GCC: (GNU Tools for ARM Embedded Processors) 5.4.1 20160609 (release) [ARM/embedded-5-bran
